[2025-03-30T23:20:34.119+0000] {processor.py:186} INFO - Started process (PID=70) to work on /home/airflow/.local/lib/python3.12/site-packages/airflow/example_dags/example_branch_labels.py
[2025-03-30T23:20:34.123+0000] {processor.py:914} INFO - Processing file /home/airflow/.local/lib/python3.12/site-packages/airflow/example_dags/example_branch_labels.py for tasks to queue
[2025-03-30T23:20:34.131+0000] {logging_mixin.py:190} INFO - [2025-03-30T23:20:34.130+0000] {dagbag.py:588} INFO - Filling up the DagBag from /home/airflow/.local/lib/python3.12/site-packages/airflow/example_dags/example_branch_labels.py
[2025-03-30T23:20:34.161+0000] {processor.py:925} INFO - DAG(s) 'example_branch_labels' retrieved from /home/airflow/.local/lib/python3.12/site-packages/airflow/example_dags/example_branch_labels.py
[2025-03-30T23:20:34.217+0000] {logging_mixin.py:190} INFO - [2025-03-30T23:20:34.216+0000] {dag.py:3239} INFO - Sync 1 DAGs
[2025-03-30T23:20:34.273+0000] {logging_mixin.py:190} INFO - [2025-03-30T23:20:34.273+0000] {dag.py:4180} INFO - Setting next_dagrun for example_branch_labels to 2025-03-29 00:00:00+00:00, run_after=2025-03-30 00:00:00+00:00
[2025-03-30T23:20:34.311+0000] {processor.py:208} INFO - Processing /home/airflow/.local/lib/python3.12/site-packages/airflow/example_dags/example_branch_labels.py took 0.208 seconds
[2025-03-30T23:21:04.863+0000] {processor.py:186} INFO - Started process (PID=134) to work on /home/airflow/.local/lib/python3.12/site-packages/airflow/example_dags/example_branch_labels.py
[2025-03-30T23:21:04.865+0000] {processor.py:914} INFO - Processing file /home/airflow/.local/lib/python3.12/site-packages/airflow/example_dags/example_branch_labels.py for tasks to queue
[2025-03-30T23:21:04.872+0000] {logging_mixin.py:190} INFO - [2025-03-30T23:21:04.871+0000] {dagbag.py:588} INFO - Filling up the DagBag from /home/airflow/.local/lib/python3.12/site-packages/airflow/example_dags/example_branch_labels.py
[2025-03-30T23:21:04.890+0000] {processor.py:925} INFO - DAG(s) 'example_branch_labels' retrieved from /home/airflow/.local/lib/python3.12/site-packages/airflow/example_dags/example_branch_labels.py
[2025-03-30T23:21:04.943+0000] {logging_mixin.py:190} INFO - [2025-03-30T23:21:04.943+0000] {dag.py:3239} INFO - Sync 1 DAGs
[2025-03-30T23:21:05.001+0000] {logging_mixin.py:190} INFO - [2025-03-30T23:21:05.001+0000] {dag.py:4180} INFO - Setting next_dagrun for example_branch_labels to 2025-03-29 00:00:00+00:00, run_after=2025-03-30 00:00:00+00:00
[2025-03-30T23:21:05.047+0000] {processor.py:208} INFO - Processing /home/airflow/.local/lib/python3.12/site-packages/airflow/example_dags/example_branch_labels.py took 0.195 seconds
[2025-03-30T23:21:54.479+0000] {processor.py:186} INFO - Started process (PID=71) to work on /home/airflow/.local/lib/python3.12/site-packages/airflow/example_dags/example_branch_labels.py
[2025-03-30T23:21:54.482+0000] {processor.py:914} INFO - Processing file /home/airflow/.local/lib/python3.12/site-packages/airflow/example_dags/example_branch_labels.py for tasks to queue
[2025-03-30T23:21:54.488+0000] {logging_mixin.py:190} INFO - [2025-03-30T23:21:54.488+0000] {dagbag.py:588} INFO - Filling up the DagBag from /home/airflow/.local/lib/python3.12/site-packages/airflow/example_dags/example_branch_labels.py
[2025-03-30T23:21:54.509+0000] {processor.py:925} INFO - DAG(s) 'example_branch_labels' retrieved from /home/airflow/.local/lib/python3.12/site-packages/airflow/example_dags/example_branch_labels.py
[2025-03-30T23:21:54.549+0000] {logging_mixin.py:190} INFO - [2025-03-30T23:21:54.548+0000] {dag.py:3239} INFO - Sync 1 DAGs
[2025-03-30T23:21:54.604+0000] {logging_mixin.py:190} INFO - [2025-03-30T23:21:54.603+0000] {dag.py:4180} INFO - Setting next_dagrun for example_branch_labels to 2025-03-29 00:00:00+00:00, run_after=2025-03-30 00:00:00+00:00
[2025-03-30T23:21:54.652+0000] {processor.py:208} INFO - Processing /home/airflow/.local/lib/python3.12/site-packages/airflow/example_dags/example_branch_labels.py took 0.184 seconds
[2025-03-30T23:22:25.724+0000] {processor.py:186} INFO - Started process (PID=135) to work on /home/airflow/.local/lib/python3.12/site-packages/airflow/example_dags/example_branch_labels.py
[2025-03-30T23:22:25.729+0000] {processor.py:914} INFO - Processing file /home/airflow/.local/lib/python3.12/site-packages/airflow/example_dags/example_branch_labels.py for tasks to queue
[2025-03-30T23:22:25.737+0000] {logging_mixin.py:190} INFO - [2025-03-30T23:22:25.736+0000] {dagbag.py:588} INFO - Filling up the DagBag from /home/airflow/.local/lib/python3.12/site-packages/airflow/example_dags/example_branch_labels.py
[2025-03-30T23:22:25.755+0000] {processor.py:925} INFO - DAG(s) 'example_branch_labels' retrieved from /home/airflow/.local/lib/python3.12/site-packages/airflow/example_dags/example_branch_labels.py
[2025-03-30T23:22:25.807+0000] {logging_mixin.py:190} INFO - [2025-03-30T23:22:25.807+0000] {dag.py:3239} INFO - Sync 1 DAGs
[2025-03-30T23:22:25.878+0000] {logging_mixin.py:190} INFO - [2025-03-30T23:22:25.877+0000] {dag.py:4180} INFO - Setting next_dagrun for example_branch_labels to 2025-03-29 00:00:00+00:00, run_after=2025-03-30 00:00:00+00:00
[2025-03-30T23:22:25.923+0000] {processor.py:208} INFO - Processing /home/airflow/.local/lib/python3.12/site-packages/airflow/example_dags/example_branch_labels.py took 0.215 seconds
[2025-03-30T23:22:56.783+0000] {processor.py:186} INFO - Started process (PID=199) to work on /home/airflow/.local/lib/python3.12/site-packages/airflow/example_dags/example_branch_labels.py
[2025-03-30T23:22:56.787+0000] {processor.py:914} INFO - Processing file /home/airflow/.local/lib/python3.12/site-packages/airflow/example_dags/example_branch_labels.py for tasks to queue
[2025-03-30T23:22:56.796+0000] {logging_mixin.py:190} INFO - [2025-03-30T23:22:56.795+0000] {dagbag.py:588} INFO - Filling up the DagBag from /home/airflow/.local/lib/python3.12/site-packages/airflow/example_dags/example_branch_labels.py
[2025-03-30T23:22:56.823+0000] {processor.py:925} INFO - DAG(s) 'example_branch_labels' retrieved from /home/airflow/.local/lib/python3.12/site-packages/airflow/example_dags/example_branch_labels.py
[2025-03-30T23:22:56.888+0000] {logging_mixin.py:190} INFO - [2025-03-30T23:22:56.888+0000] {dag.py:3239} INFO - Sync 1 DAGs
[2025-03-30T23:22:56.943+0000] {logging_mixin.py:190} INFO - [2025-03-30T23:22:56.942+0000] {dag.py:4180} INFO - Setting next_dagrun for example_branch_labels to 2025-03-29 00:00:00+00:00, run_after=2025-03-30 00:00:00+00:00
[2025-03-30T23:22:56.994+0000] {processor.py:208} INFO - Processing /home/airflow/.local/lib/python3.12/site-packages/airflow/example_dags/example_branch_labels.py took 0.223 seconds
[2025-03-30T23:23:27.920+0000] {processor.py:186} INFO - Started process (PID=266) to work on /home/airflow/.local/lib/python3.12/site-packages/airflow/example_dags/example_branch_labels.py
[2025-03-30T23:23:27.924+0000] {processor.py:914} INFO - Processing file /home/airflow/.local/lib/python3.12/site-packages/airflow/example_dags/example_branch_labels.py for tasks to queue
[2025-03-30T23:23:27.930+0000] {logging_mixin.py:190} INFO - [2025-03-30T23:23:27.929+0000] {dagbag.py:588} INFO - Filling up the DagBag from /home/airflow/.local/lib/python3.12/site-packages/airflow/example_dags/example_branch_labels.py
[2025-03-30T23:23:27.950+0000] {processor.py:925} INFO - DAG(s) 'example_branch_labels' retrieved from /home/airflow/.local/lib/python3.12/site-packages/airflow/example_dags/example_branch_labels.py
[2025-03-30T23:23:27.988+0000] {logging_mixin.py:190} INFO - [2025-03-30T23:23:27.988+0000] {dag.py:3239} INFO - Sync 1 DAGs
[2025-03-30T23:23:28.032+0000] {logging_mixin.py:190} INFO - [2025-03-30T23:23:28.032+0000] {dag.py:4180} INFO - Setting next_dagrun for example_branch_labels to 2025-03-29 00:00:00+00:00, run_after=2025-03-30 00:00:00+00:00
[2025-03-30T23:23:28.076+0000] {processor.py:208} INFO - Processing /home/airflow/.local/lib/python3.12/site-packages/airflow/example_dags/example_branch_labels.py took 0.167 seconds
[2025-03-30T23:23:59.557+0000] {processor.py:186} INFO - Started process (PID=330) to work on /home/airflow/.local/lib/python3.12/site-packages/airflow/example_dags/example_branch_labels.py
[2025-03-30T23:23:59.563+0000] {processor.py:914} INFO - Processing file /home/airflow/.local/lib/python3.12/site-packages/airflow/example_dags/example_branch_labels.py for tasks to queue
[2025-03-30T23:23:59.570+0000] {logging_mixin.py:190} INFO - [2025-03-30T23:23:59.569+0000] {dagbag.py:588} INFO - Filling up the DagBag from /home/airflow/.local/lib/python3.12/site-packages/airflow/example_dags/example_branch_labels.py
[2025-03-30T23:23:59.592+0000] {processor.py:925} INFO - DAG(s) 'example_branch_labels' retrieved from /home/airflow/.local/lib/python3.12/site-packages/airflow/example_dags/example_branch_labels.py
[2025-03-30T23:23:59.639+0000] {logging_mixin.py:190} INFO - [2025-03-30T23:23:59.638+0000] {dag.py:3239} INFO - Sync 1 DAGs
[2025-03-30T23:23:59.685+0000] {logging_mixin.py:190} INFO - [2025-03-30T23:23:59.684+0000] {dag.py:4180} INFO - Setting next_dagrun for example_branch_labels to 2025-03-29 00:00:00+00:00, run_after=2025-03-30 00:00:00+00:00
[2025-03-30T23:23:59.736+0000] {processor.py:208} INFO - Processing /home/airflow/.local/lib/python3.12/site-packages/airflow/example_dags/example_branch_labels.py took 0.190 seconds
[2025-03-30T23:24:30.842+0000] {processor.py:186} INFO - Started process (PID=394) to work on /home/airflow/.local/lib/python3.12/site-packages/airflow/example_dags/example_branch_labels.py
[2025-03-30T23:24:30.846+0000] {processor.py:914} INFO - Processing file /home/airflow/.local/lib/python3.12/site-packages/airflow/example_dags/example_branch_labels.py for tasks to queue
[2025-03-30T23:24:30.854+0000] {logging_mixin.py:190} INFO - [2025-03-30T23:24:30.853+0000] {dagbag.py:588} INFO - Filling up the DagBag from /home/airflow/.local/lib/python3.12/site-packages/airflow/example_dags/example_branch_labels.py
[2025-03-30T23:24:30.872+0000] {processor.py:925} INFO - DAG(s) 'example_branch_labels' retrieved from /home/airflow/.local/lib/python3.12/site-packages/airflow/example_dags/example_branch_labels.py
[2025-03-30T23:24:30.919+0000] {logging_mixin.py:190} INFO - [2025-03-30T23:24:30.919+0000] {dag.py:3239} INFO - Sync 1 DAGs
[2025-03-30T23:24:30.968+0000] {logging_mixin.py:190} INFO - [2025-03-30T23:24:30.968+0000] {dag.py:4180} INFO - Setting next_dagrun for example_branch_labels to 2025-03-29 00:00:00+00:00, run_after=2025-03-30 00:00:00+00:00
[2025-03-30T23:24:31.014+0000] {processor.py:208} INFO - Processing /home/airflow/.local/lib/python3.12/site-packages/airflow/example_dags/example_branch_labels.py took 0.184 seconds
[2025-03-30T23:25:02.275+0000] {processor.py:186} INFO - Started process (PID=458) to work on /home/airflow/.local/lib/python3.12/site-packages/airflow/example_dags/example_branch_labels.py
[2025-03-30T23:25:02.278+0000] {processor.py:914} INFO - Processing file /home/airflow/.local/lib/python3.12/site-packages/airflow/example_dags/example_branch_labels.py for tasks to queue
[2025-03-30T23:25:02.284+0000] {logging_mixin.py:190} INFO - [2025-03-30T23:25:02.283+0000] {dagbag.py:588} INFO - Filling up the DagBag from /home/airflow/.local/lib/python3.12/site-packages/airflow/example_dags/example_branch_labels.py
[2025-03-30T23:25:02.305+0000] {processor.py:925} INFO - DAG(s) 'example_branch_labels' retrieved from /home/airflow/.local/lib/python3.12/site-packages/airflow/example_dags/example_branch_labels.py
[2025-03-30T23:25:02.342+0000] {logging_mixin.py:190} INFO - [2025-03-30T23:25:02.342+0000] {dag.py:3239} INFO - Sync 1 DAGs
[2025-03-30T23:25:02.386+0000] {logging_mixin.py:190} INFO - [2025-03-30T23:25:02.386+0000] {dag.py:4180} INFO - Setting next_dagrun for example_branch_labels to 2025-03-29 00:00:00+00:00, run_after=2025-03-30 00:00:00+00:00
[2025-03-30T23:25:02.437+0000] {processor.py:208} INFO - Processing /home/airflow/.local/lib/python3.12/site-packages/airflow/example_dags/example_branch_labels.py took 0.174 seconds
[2025-03-30T23:25:33.873+0000] {processor.py:186} INFO - Started process (PID=522) to work on /home/airflow/.local/lib/python3.12/site-packages/airflow/example_dags/example_branch_labels.py
[2025-03-30T23:25:33.879+0000] {processor.py:914} INFO - Processing file /home/airflow/.local/lib/python3.12/site-packages/airflow/example_dags/example_branch_labels.py for tasks to queue
[2025-03-30T23:25:33.886+0000] {logging_mixin.py:190} INFO - [2025-03-30T23:25:33.885+0000] {dagbag.py:588} INFO - Filling up the DagBag from /home/airflow/.local/lib/python3.12/site-packages/airflow/example_dags/example_branch_labels.py
[2025-03-30T23:25:33.907+0000] {processor.py:925} INFO - DAG(s) 'example_branch_labels' retrieved from /home/airflow/.local/lib/python3.12/site-packages/airflow/example_dags/example_branch_labels.py
[2025-03-30T23:25:33.953+0000] {logging_mixin.py:190} INFO - [2025-03-30T23:25:33.952+0000] {dag.py:3239} INFO - Sync 1 DAGs
[2025-03-30T23:25:33.997+0000] {logging_mixin.py:190} INFO - [2025-03-30T23:25:33.997+0000] {dag.py:4180} INFO - Setting next_dagrun for example_branch_labels to 2025-03-29 00:00:00+00:00, run_after=2025-03-30 00:00:00+00:00
[2025-03-30T23:25:34.032+0000] {processor.py:208} INFO - Processing /home/airflow/.local/lib/python3.12/site-packages/airflow/example_dags/example_branch_labels.py took 0.173 seconds
[2025-03-30T23:26:05.398+0000] {processor.py:186} INFO - Started process (PID=586) to work on /home/airflow/.local/lib/python3.12/site-packages/airflow/example_dags/example_branch_labels.py
[2025-03-30T23:26:05.401+0000] {processor.py:914} INFO - Processing file /home/airflow/.local/lib/python3.12/site-packages/airflow/example_dags/example_branch_labels.py for tasks to queue
[2025-03-30T23:26:05.406+0000] {logging_mixin.py:190} INFO - [2025-03-30T23:26:05.405+0000] {dagbag.py:588} INFO - Filling up the DagBag from /home/airflow/.local/lib/python3.12/site-packages/airflow/example_dags/example_branch_labels.py
[2025-03-30T23:26:05.423+0000] {processor.py:925} INFO - DAG(s) 'example_branch_labels' retrieved from /home/airflow/.local/lib/python3.12/site-packages/airflow/example_dags/example_branch_labels.py
[2025-03-30T23:26:05.459+0000] {logging_mixin.py:190} INFO - [2025-03-30T23:26:05.459+0000] {dag.py:3239} INFO - Sync 1 DAGs
[2025-03-30T23:26:05.506+0000] {logging_mixin.py:190} INFO - [2025-03-30T23:26:05.506+0000] {dag.py:4180} INFO - Setting next_dagrun for example_branch_labels to 2025-03-29 00:00:00+00:00, run_after=2025-03-30 00:00:00+00:00
[2025-03-30T23:26:05.553+0000] {processor.py:208} INFO - Processing /home/airflow/.local/lib/python3.12/site-packages/airflow/example_dags/example_branch_labels.py took 0.164 seconds
[2025-03-30T23:26:37.880+0000] {processor.py:186} INFO - Started process (PID=651) to work on /home/airflow/.local/lib/python3.12/site-packages/airflow/example_dags/example_branch_labels.py
[2025-03-30T23:26:37.883+0000] {processor.py:914} INFO - Processing file /home/airflow/.local/lib/python3.12/site-packages/airflow/example_dags/example_branch_labels.py for tasks to queue
[2025-03-30T23:26:37.890+0000] {logging_mixin.py:190} INFO - [2025-03-30T23:26:37.889+0000] {dagbag.py:588} INFO - Filling up the DagBag from /home/airflow/.local/lib/python3.12/site-packages/airflow/example_dags/example_branch_labels.py
[2025-03-30T23:26:37.909+0000] {processor.py:925} INFO - DAG(s) 'example_branch_labels' retrieved from /home/airflow/.local/lib/python3.12/site-packages/airflow/example_dags/example_branch_labels.py
[2025-03-30T23:26:37.952+0000] {logging_mixin.py:190} INFO - [2025-03-30T23:26:37.952+0000] {dag.py:3239} INFO - Sync 1 DAGs
[2025-03-30T23:26:37.995+0000] {logging_mixin.py:190} INFO - [2025-03-30T23:26:37.995+0000] {dag.py:4180} INFO - Setting next_dagrun for example_branch_labels to 2025-03-29 00:00:00+00:00, run_after=2025-03-30 00:00:00+00:00
[2025-03-30T23:26:38.043+0000] {processor.py:208} INFO - Processing /home/airflow/.local/lib/python3.12/site-packages/airflow/example_dags/example_branch_labels.py took 0.174 seconds
[2025-03-30T23:27:10.425+0000] {processor.py:186} INFO - Started process (PID=715) to work on /home/airflow/.local/lib/python3.12/site-packages/airflow/example_dags/example_branch_labels.py
[2025-03-30T23:27:10.428+0000] {processor.py:914} INFO - Processing file /home/airflow/.local/lib/python3.12/site-packages/airflow/example_dags/example_branch_labels.py for tasks to queue
[2025-03-30T23:27:10.435+0000] {logging_mixin.py:190} INFO - [2025-03-30T23:27:10.434+0000] {dagbag.py:588} INFO - Filling up the DagBag from /home/airflow/.local/lib/python3.12/site-packages/airflow/example_dags/example_branch_labels.py
[2025-03-30T23:27:10.455+0000] {processor.py:925} INFO - DAG(s) 'example_branch_labels' retrieved from /home/airflow/.local/lib/python3.12/site-packages/airflow/example_dags/example_branch_labels.py
[2025-03-30T23:27:10.496+0000] {logging_mixin.py:190} INFO - [2025-03-30T23:27:10.496+0000] {dag.py:3239} INFO - Sync 1 DAGs
[2025-03-30T23:27:10.543+0000] {logging_mixin.py:190} INFO - [2025-03-30T23:27:10.543+0000] {dag.py:4180} INFO - Setting next_dagrun for example_branch_labels to 2025-03-29 00:00:00+00:00, run_after=2025-03-30 00:00:00+00:00
[2025-03-30T23:27:10.581+0000] {processor.py:208} INFO - Processing /home/airflow/.local/lib/python3.12/site-packages/airflow/example_dags/example_branch_labels.py took 0.167 seconds
[2025-03-30T23:27:41.866+0000] {processor.py:186} INFO - Started process (PID=779) to work on /home/airflow/.local/lib/python3.12/site-packages/airflow/example_dags/example_branch_labels.py
[2025-03-30T23:27:41.869+0000] {processor.py:914} INFO - Processing file /home/airflow/.local/lib/python3.12/site-packages/airflow/example_dags/example_branch_labels.py for tasks to queue
[2025-03-30T23:27:41.876+0000] {logging_mixin.py:190} INFO - [2025-03-30T23:27:41.875+0000] {dagbag.py:588} INFO - Filling up the DagBag from /home/airflow/.local/lib/python3.12/site-packages/airflow/example_dags/example_branch_labels.py
[2025-03-30T23:27:41.905+0000] {processor.py:925} INFO - DAG(s) 'example_branch_labels' retrieved from /home/airflow/.local/lib/python3.12/site-packages/airflow/example_dags/example_branch_labels.py
[2025-03-30T23:27:41.955+0000] {logging_mixin.py:190} INFO - [2025-03-30T23:27:41.954+0000] {dag.py:3239} INFO - Sync 1 DAGs
[2025-03-30T23:27:42.014+0000] {logging_mixin.py:190} INFO - [2025-03-30T23:27:42.014+0000] {dag.py:4180} INFO - Setting next_dagrun for example_branch_labels to 2025-03-29 00:00:00+00:00, run_after=2025-03-30 00:00:00+00:00
[2025-03-30T23:27:42.063+0000] {processor.py:208} INFO - Processing /home/airflow/.local/lib/python3.12/site-packages/airflow/example_dags/example_branch_labels.py took 0.209 seconds
[2025-03-30T23:28:13.138+0000] {processor.py:186} INFO - Started process (PID=842) to work on /home/airflow/.local/lib/python3.12/site-packages/airflow/example_dags/example_branch_labels.py
[2025-03-30T23:28:13.141+0000] {processor.py:914} INFO - Processing file /home/airflow/.local/lib/python3.12/site-packages/airflow/example_dags/example_branch_labels.py for tasks to queue
[2025-03-30T23:28:13.150+0000] {logging_mixin.py:190} INFO - [2025-03-30T23:28:13.149+0000] {dagbag.py:588} INFO - Filling up the DagBag from /home/airflow/.local/lib/python3.12/site-packages/airflow/example_dags/example_branch_labels.py
[2025-03-30T23:28:13.168+0000] {processor.py:925} INFO - DAG(s) 'example_branch_labels' retrieved from /home/airflow/.local/lib/python3.12/site-packages/airflow/example_dags/example_branch_labels.py
[2025-03-30T23:28:13.214+0000] {logging_mixin.py:190} INFO - [2025-03-30T23:28:13.213+0000] {dag.py:3239} INFO - Sync 1 DAGs
[2025-03-30T23:28:13.276+0000] {logging_mixin.py:190} INFO - [2025-03-30T23:28:13.275+0000] {dag.py:4180} INFO - Setting next_dagrun for example_branch_labels to 2025-03-29 00:00:00+00:00, run_after=2025-03-30 00:00:00+00:00
[2025-03-30T23:28:13.324+0000] {processor.py:208} INFO - Processing /home/airflow/.local/lib/python3.12/site-packages/airflow/example_dags/example_branch_labels.py took 0.197 seconds
[2025-03-30T23:28:44.675+0000] {processor.py:186} INFO - Started process (PID=906) to work on /home/airflow/.local/lib/python3.12/site-packages/airflow/example_dags/example_branch_labels.py
[2025-03-30T23:28:44.679+0000] {processor.py:914} INFO - Processing file /home/airflow/.local/lib/python3.12/site-packages/airflow/example_dags/example_branch_labels.py for tasks to queue
[2025-03-30T23:28:44.691+0000] {logging_mixin.py:190} INFO - [2025-03-30T23:28:44.689+0000] {dagbag.py:588} INFO - Filling up the DagBag from /home/airflow/.local/lib/python3.12/site-packages/airflow/example_dags/example_branch_labels.py
[2025-03-30T23:28:44.721+0000] {processor.py:925} INFO - DAG(s) 'example_branch_labels' retrieved from /home/airflow/.local/lib/python3.12/site-packages/airflow/example_dags/example_branch_labels.py
[2025-03-30T23:28:44.774+0000] {logging_mixin.py:190} INFO - [2025-03-30T23:28:44.773+0000] {dag.py:3239} INFO - Sync 1 DAGs
[2025-03-30T23:28:44.821+0000] {logging_mixin.py:190} INFO - [2025-03-30T23:28:44.820+0000] {dag.py:4180} INFO - Setting next_dagrun for example_branch_labels to 2025-03-29 00:00:00+00:00, run_after=2025-03-30 00:00:00+00:00
[2025-03-30T23:28:44.872+0000] {processor.py:208} INFO - Processing /home/airflow/.local/lib/python3.12/site-packages/airflow/example_dags/example_branch_labels.py took 0.214 seconds
[2025-03-30T23:29:15.765+0000] {processor.py:186} INFO - Started process (PID=976) to work on /home/airflow/.local/lib/python3.12/site-packages/airflow/example_dags/example_branch_labels.py
[2025-03-30T23:29:15.768+0000] {processor.py:914} INFO - Processing file /home/airflow/.local/lib/python3.12/site-packages/airflow/example_dags/example_branch_labels.py for tasks to queue
[2025-03-30T23:29:15.776+0000] {logging_mixin.py:190} INFO - [2025-03-30T23:29:15.775+0000] {dagbag.py:588} INFO - Filling up the DagBag from /home/airflow/.local/lib/python3.12/site-packages/airflow/example_dags/example_branch_labels.py
[2025-03-30T23:29:15.798+0000] {processor.py:925} INFO - DAG(s) 'example_branch_labels' retrieved from /home/airflow/.local/lib/python3.12/site-packages/airflow/example_dags/example_branch_labels.py
[2025-03-30T23:29:15.847+0000] {logging_mixin.py:190} INFO - [2025-03-30T23:29:15.847+0000] {dag.py:3239} INFO - Sync 1 DAGs
[2025-03-30T23:29:15.899+0000] {logging_mixin.py:190} INFO - [2025-03-30T23:29:15.898+0000] {dag.py:4180} INFO - Setting next_dagrun for example_branch_labels to 2025-03-29 00:00:00+00:00, run_after=2025-03-30 00:00:00+00:00
[2025-03-30T23:29:15.946+0000] {processor.py:208} INFO - Processing /home/airflow/.local/lib/python3.12/site-packages/airflow/example_dags/example_branch_labels.py took 0.195 seconds
[2025-03-30T23:29:47.655+0000] {processor.py:186} INFO - Started process (PID=1040) to work on /home/airflow/.local/lib/python3.12/site-packages/airflow/example_dags/example_branch_labels.py
[2025-03-30T23:29:47.659+0000] {processor.py:914} INFO - Processing file /home/airflow/.local/lib/python3.12/site-packages/airflow/example_dags/example_branch_labels.py for tasks to queue
[2025-03-30T23:29:47.669+0000] {logging_mixin.py:190} INFO - [2025-03-30T23:29:47.668+0000] {dagbag.py:588} INFO - Filling up the DagBag from /home/airflow/.local/lib/python3.12/site-packages/airflow/example_dags/example_branch_labels.py
[2025-03-30T23:29:47.691+0000] {processor.py:925} INFO - DAG(s) 'example_branch_labels' retrieved from /home/airflow/.local/lib/python3.12/site-packages/airflow/example_dags/example_branch_labels.py
[2025-03-30T23:29:47.740+0000] {logging_mixin.py:190} INFO - [2025-03-30T23:29:47.740+0000] {dag.py:3239} INFO - Sync 1 DAGs
[2025-03-30T23:29:47.797+0000] {logging_mixin.py:190} INFO - [2025-03-30T23:29:47.797+0000] {dag.py:4180} INFO - Setting next_dagrun for example_branch_labels to 2025-03-29 00:00:00+00:00, run_after=2025-03-30 00:00:00+00:00
[2025-03-30T23:29:47.845+0000] {processor.py:208} INFO - Processing /home/airflow/.local/lib/python3.12/site-packages/airflow/example_dags/example_branch_labels.py took 0.202 seconds
[2025-03-30T23:30:19.071+0000] {processor.py:186} INFO - Started process (PID=1104) to work on /home/airflow/.local/lib/python3.12/site-packages/airflow/example_dags/example_branch_labels.py
[2025-03-30T23:30:19.074+0000] {processor.py:914} INFO - Processing file /home/airflow/.local/lib/python3.12/site-packages/airflow/example_dags/example_branch_labels.py for tasks to queue
[2025-03-30T23:30:19.083+0000] {logging_mixin.py:190} INFO - [2025-03-30T23:30:19.082+0000] {dagbag.py:588} INFO - Filling up the DagBag from /home/airflow/.local/lib/python3.12/site-packages/airflow/example_dags/example_branch_labels.py
[2025-03-30T23:30:19.103+0000] {processor.py:925} INFO - DAG(s) 'example_branch_labels' retrieved from /home/airflow/.local/lib/python3.12/site-packages/airflow/example_dags/example_branch_labels.py
[2025-03-30T23:30:19.152+0000] {logging_mixin.py:190} INFO - [2025-03-30T23:30:19.151+0000] {dag.py:3239} INFO - Sync 1 DAGs
[2025-03-30T23:30:19.201+0000] {logging_mixin.py:190} INFO - [2025-03-30T23:30:19.200+0000] {dag.py:4180} INFO - Setting next_dagrun for example_branch_labels to 2025-03-29 00:00:00+00:00, run_after=2025-03-30 00:00:00+00:00
[2025-03-30T23:30:19.239+0000] {processor.py:208} INFO - Processing /home/airflow/.local/lib/python3.12/site-packages/airflow/example_dags/example_branch_labels.py took 0.179 seconds
[2025-03-30T23:30:50.418+0000] {processor.py:186} INFO - Started process (PID=1168) to work on /home/airflow/.local/lib/python3.12/site-packages/airflow/example_dags/example_branch_labels.py
[2025-03-30T23:30:50.421+0000] {processor.py:914} INFO - Processing file /home/airflow/.local/lib/python3.12/site-packages/airflow/example_dags/example_branch_labels.py for tasks to queue
[2025-03-30T23:30:50.427+0000] {logging_mixin.py:190} INFO - [2025-03-30T23:30:50.426+0000] {dagbag.py:588} INFO - Filling up the DagBag from /home/airflow/.local/lib/python3.12/site-packages/airflow/example_dags/example_branch_labels.py
[2025-03-30T23:30:50.447+0000] {processor.py:925} INFO - DAG(s) 'example_branch_labels' retrieved from /home/airflow/.local/lib/python3.12/site-packages/airflow/example_dags/example_branch_labels.py
[2025-03-30T23:30:50.484+0000] {logging_mixin.py:190} INFO - [2025-03-30T23:30:50.483+0000] {dag.py:3239} INFO - Sync 1 DAGs
[2025-03-30T23:30:50.530+0000] {logging_mixin.py:190} INFO - [2025-03-30T23:30:50.529+0000] {dag.py:4180} INFO - Setting next_dagrun for example_branch_labels to 2025-03-29 00:00:00+00:00, run_after=2025-03-30 00:00:00+00:00
[2025-03-30T23:30:50.580+0000] {processor.py:208} INFO - Processing /home/airflow/.local/lib/python3.12/site-packages/airflow/example_dags/example_branch_labels.py took 0.174 seconds
[2025-03-30T23:31:22.177+0000] {processor.py:186} INFO - Started process (PID=1232) to work on /home/airflow/.local/lib/python3.12/site-packages/airflow/example_dags/example_branch_labels.py
[2025-03-30T23:31:22.180+0000] {processor.py:914} INFO - Processing file /home/airflow/.local/lib/python3.12/site-packages/airflow/example_dags/example_branch_labels.py for tasks to queue
[2025-03-30T23:31:22.186+0000] {logging_mixin.py:190} INFO - [2025-03-30T23:31:22.186+0000] {dagbag.py:588} INFO - Filling up the DagBag from /home/airflow/.local/lib/python3.12/site-packages/airflow/example_dags/example_branch_labels.py
[2025-03-30T23:31:22.209+0000] {processor.py:925} INFO - DAG(s) 'example_branch_labels' retrieved from /home/airflow/.local/lib/python3.12/site-packages/airflow/example_dags/example_branch_labels.py
[2025-03-30T23:31:22.252+0000] {logging_mixin.py:190} INFO - [2025-03-30T23:31:22.251+0000] {dag.py:3239} INFO - Sync 1 DAGs
[2025-03-30T23:31:22.299+0000] {logging_mixin.py:190} INFO - [2025-03-30T23:31:22.298+0000] {dag.py:4180} INFO - Setting next_dagrun for example_branch_labels to 2025-03-29 00:00:00+00:00, run_after=2025-03-30 00:00:00+00:00
[2025-03-30T23:31:22.349+0000] {processor.py:208} INFO - Processing /home/airflow/.local/lib/python3.12/site-packages/airflow/example_dags/example_branch_labels.py took 0.182 seconds
[2025-03-30T23:31:53.677+0000] {processor.py:186} INFO - Started process (PID=1296) to work on /home/airflow/.local/lib/python3.12/site-packages/airflow/example_dags/example_branch_labels.py
[2025-03-30T23:31:53.681+0000] {processor.py:914} INFO - Processing file /home/airflow/.local/lib/python3.12/site-packages/airflow/example_dags/example_branch_labels.py for tasks to queue
[2025-03-30T23:31:53.688+0000] {logging_mixin.py:190} INFO - [2025-03-30T23:31:53.687+0000] {dagbag.py:588} INFO - Filling up the DagBag from /home/airflow/.local/lib/python3.12/site-packages/airflow/example_dags/example_branch_labels.py
[2025-03-30T23:31:53.707+0000] {processor.py:925} INFO - DAG(s) 'example_branch_labels' retrieved from /home/airflow/.local/lib/python3.12/site-packages/airflow/example_dags/example_branch_labels.py
[2025-03-30T23:31:53.749+0000] {logging_mixin.py:190} INFO - [2025-03-30T23:31:53.749+0000] {dag.py:3239} INFO - Sync 1 DAGs
[2025-03-30T23:31:53.790+0000] {logging_mixin.py:190} INFO - [2025-03-30T23:31:53.789+0000] {dag.py:4180} INFO - Setting next_dagrun for example_branch_labels to 2025-03-29 00:00:00+00:00, run_after=2025-03-30 00:00:00+00:00
[2025-03-30T23:31:53.832+0000] {processor.py:208} INFO - Processing /home/airflow/.local/lib/python3.12/site-packages/airflow/example_dags/example_branch_labels.py took 0.166 seconds
[2025-03-30T23:32:25.536+0000] {processor.py:186} INFO - Started process (PID=1360) to work on /home/airflow/.local/lib/python3.12/site-packages/airflow/example_dags/example_branch_labels.py
[2025-03-30T23:32:25.539+0000] {processor.py:914} INFO - Processing file /home/airflow/.local/lib/python3.12/site-packages/airflow/example_dags/example_branch_labels.py for tasks to queue
[2025-03-30T23:32:25.547+0000] {logging_mixin.py:190} INFO - [2025-03-30T23:32:25.546+0000] {dagbag.py:588} INFO - Filling up the DagBag from /home/airflow/.local/lib/python3.12/site-packages/airflow/example_dags/example_branch_labels.py
[2025-03-30T23:32:25.570+0000] {processor.py:925} INFO - DAG(s) 'example_branch_labels' retrieved from /home/airflow/.local/lib/python3.12/site-packages/airflow/example_dags/example_branch_labels.py
[2025-03-30T23:32:25.616+0000] {logging_mixin.py:190} INFO - [2025-03-30T23:32:25.615+0000] {dag.py:3239} INFO - Sync 1 DAGs
[2025-03-30T23:32:25.667+0000] {logging_mixin.py:190} INFO - [2025-03-30T23:32:25.667+0000] {dag.py:4180} INFO - Setting next_dagrun for example_branch_labels to 2025-03-29 00:00:00+00:00, run_after=2025-03-30 00:00:00+00:00
[2025-03-30T23:32:25.709+0000] {processor.py:208} INFO - Processing /home/airflow/.local/lib/python3.12/site-packages/airflow/example_dags/example_branch_labels.py took 0.185 seconds
[2025-03-30T23:32:57.473+0000] {processor.py:186} INFO - Started process (PID=1424) to work on /home/airflow/.local/lib/python3.12/site-packages/airflow/example_dags/example_branch_labels.py
[2025-03-30T23:32:57.477+0000] {processor.py:914} INFO - Processing file /home/airflow/.local/lib/python3.12/site-packages/airflow/example_dags/example_branch_labels.py for tasks to queue
[2025-03-30T23:32:57.484+0000] {logging_mixin.py:190} INFO - [2025-03-30T23:32:57.483+0000] {dagbag.py:588} INFO - Filling up the DagBag from /home/airflow/.local/lib/python3.12/site-packages/airflow/example_dags/example_branch_labels.py
[2025-03-30T23:32:57.506+0000] {processor.py:925} INFO - DAG(s) 'example_branch_labels' retrieved from /home/airflow/.local/lib/python3.12/site-packages/airflow/example_dags/example_branch_labels.py
[2025-03-30T23:32:57.556+0000] {logging_mixin.py:190} INFO - [2025-03-30T23:32:57.555+0000] {dag.py:3239} INFO - Sync 1 DAGs
[2025-03-30T23:32:57.608+0000] {logging_mixin.py:190} INFO - [2025-03-30T23:32:57.608+0000] {dag.py:4180} INFO - Setting next_dagrun for example_branch_labels to 2025-03-29 00:00:00+00:00, run_after=2025-03-30 00:00:00+00:00
[2025-03-30T23:32:57.647+0000] {processor.py:208} INFO - Processing /home/airflow/.local/lib/python3.12/site-packages/airflow/example_dags/example_branch_labels.py took 0.186 seconds
[2025-03-30T23:33:28.968+0000] {processor.py:186} INFO - Started process (PID=1488) to work on /home/airflow/.local/lib/python3.12/site-packages/airflow/example_dags/example_branch_labels.py
[2025-03-30T23:33:28.972+0000] {processor.py:914} INFO - Processing file /home/airflow/.local/lib/python3.12/site-packages/airflow/example_dags/example_branch_labels.py for tasks to queue
[2025-03-30T23:33:28.978+0000] {logging_mixin.py:190} INFO - [2025-03-30T23:33:28.977+0000] {dagbag.py:588} INFO - Filling up the DagBag from /home/airflow/.local/lib/python3.12/site-packages/airflow/example_dags/example_branch_labels.py
[2025-03-30T23:33:29.002+0000] {processor.py:925} INFO - DAG(s) 'example_branch_labels' retrieved from /home/airflow/.local/lib/python3.12/site-packages/airflow/example_dags/example_branch_labels.py
[2025-03-30T23:33:29.049+0000] {logging_mixin.py:190} INFO - [2025-03-30T23:33:29.048+0000] {dag.py:3239} INFO - Sync 1 DAGs
[2025-03-30T23:33:29.097+0000] {logging_mixin.py:190} INFO - [2025-03-30T23:33:29.096+0000] {dag.py:4180} INFO - Setting next_dagrun for example_branch_labels to 2025-03-29 00:00:00+00:00, run_after=2025-03-30 00:00:00+00:00
[2025-03-30T23:33:29.142+0000] {processor.py:208} INFO - Processing /home/airflow/.local/lib/python3.12/site-packages/airflow/example_dags/example_branch_labels.py took 0.185 seconds
[2025-03-30T23:53:00.666+0000] {processor.py:186} INFO - Started process (PID=1580) to work on /home/airflow/.local/lib/python3.12/site-packages/airflow/example_dags/example_branch_labels.py
[2025-03-30T23:53:00.667+0000] {processor.py:914} INFO - Processing file /home/airflow/.local/lib/python3.12/site-packages/airflow/example_dags/example_branch_labels.py for tasks to queue
[2025-03-30T23:53:00.671+0000] {logging_mixin.py:190} INFO - [2025-03-30T23:53:00.671+0000] {dagbag.py:588} INFO - Filling up the DagBag from /home/airflow/.local/lib/python3.12/site-packages/airflow/example_dags/example_branch_labels.py
[2025-03-30T23:53:00.681+0000] {processor.py:925} INFO - DAG(s) 'example_branch_labels' retrieved from /home/airflow/.local/lib/python3.12/site-packages/airflow/example_dags/example_branch_labels.py
[2025-03-30T23:53:00.702+0000] {logging_mixin.py:190} INFO - [2025-03-30T23:53:00.702+0000] {dag.py:3239} INFO - Sync 1 DAGs
[2025-03-30T23:53:00.722+0000] {logging_mixin.py:190} INFO - [2025-03-30T23:53:00.721+0000] {dag.py:4180} INFO - Setting next_dagrun for example_branch_labels to 2025-03-29 00:00:00+00:00, run_after=2025-03-30 00:00:00+00:00
[2025-03-30T23:53:00.740+0000] {processor.py:208} INFO - Processing /home/airflow/.local/lib/python3.12/site-packages/airflow/example_dags/example_branch_labels.py took 0.081 seconds
