[2025-03-30T23:20:37.250+0000] {processor.py:186} INFO - Started process (PID=80) to work on /home/airflow/.local/lib/python3.12/site-packages/airflow/example_dags/example_latest_only_with_trigger.py
[2025-03-30T23:20:37.254+0000] {processor.py:914} INFO - Processing file /home/airflow/.local/lib/python3.12/site-packages/airflow/example_dags/example_latest_only_with_trigger.py for tasks to queue
[2025-03-30T23:20:37.262+0000] {logging_mixin.py:190} INFO - [2025-03-30T23:20:37.261+0000] {dagbag.py:588} INFO - Filling up the DagBag from /home/airflow/.local/lib/python3.12/site-packages/airflow/example_dags/example_latest_only_with_trigger.py
[2025-03-30T23:20:37.290+0000] {processor.py:925} INFO - DAG(s) 'latest_only_with_trigger' retrieved from /home/airflow/.local/lib/python3.12/site-packages/airflow/example_dags/example_latest_only_with_trigger.py
[2025-03-30T23:20:37.354+0000] {logging_mixin.py:190} INFO - [2025-03-30T23:20:37.354+0000] {dag.py:3239} INFO - Sync 1 DAGs
[2025-03-30T23:20:37.410+0000] {logging_mixin.py:190} INFO - [2025-03-30T23:20:37.409+0000] {dag.py:4180} INFO - Setting next_dagrun for latest_only_with_trigger to 2025-03-30 16:00:00+00:00, run_after=2025-03-30 20:00:00+00:00
[2025-03-30T23:20:37.461+0000] {processor.py:208} INFO - Processing /home/airflow/.local/lib/python3.12/site-packages/airflow/example_dags/example_latest_only_with_trigger.py took 0.224 seconds
[2025-03-30T23:21:08.144+0000] {processor.py:186} INFO - Started process (PID=144) to work on /home/airflow/.local/lib/python3.12/site-packages/airflow/example_dags/example_latest_only_with_trigger.py
[2025-03-30T23:21:08.147+0000] {processor.py:914} INFO - Processing file /home/airflow/.local/lib/python3.12/site-packages/airflow/example_dags/example_latest_only_with_trigger.py for tasks to queue
[2025-03-30T23:21:08.154+0000] {logging_mixin.py:190} INFO - [2025-03-30T23:21:08.153+0000] {dagbag.py:588} INFO - Filling up the DagBag from /home/airflow/.local/lib/python3.12/site-packages/airflow/example_dags/example_latest_only_with_trigger.py
[2025-03-30T23:21:08.170+0000] {processor.py:925} INFO - DAG(s) 'latest_only_with_trigger' retrieved from /home/airflow/.local/lib/python3.12/site-packages/airflow/example_dags/example_latest_only_with_trigger.py
[2025-03-30T23:21:08.227+0000] {logging_mixin.py:190} INFO - [2025-03-30T23:21:08.227+0000] {dag.py:3239} INFO - Sync 1 DAGs
[2025-03-30T23:21:08.275+0000] {logging_mixin.py:190} INFO - [2025-03-30T23:21:08.275+0000] {dag.py:4180} INFO - Setting next_dagrun for latest_only_with_trigger to 2025-03-30 16:00:00+00:00, run_after=2025-03-30 20:00:00+00:00
[2025-03-30T23:21:08.315+0000] {processor.py:208} INFO - Processing /home/airflow/.local/lib/python3.12/site-packages/airflow/example_dags/example_latest_only_with_trigger.py took 0.182 seconds
[2025-03-30T23:21:57.240+0000] {processor.py:186} INFO - Started process (PID=81) to work on /home/airflow/.local/lib/python3.12/site-packages/airflow/example_dags/example_latest_only_with_trigger.py
[2025-03-30T23:21:57.244+0000] {processor.py:914} INFO - Processing file /home/airflow/.local/lib/python3.12/site-packages/airflow/example_dags/example_latest_only_with_trigger.py for tasks to queue
[2025-03-30T23:21:57.251+0000] {logging_mixin.py:190} INFO - [2025-03-30T23:21:57.250+0000] {dagbag.py:588} INFO - Filling up the DagBag from /home/airflow/.local/lib/python3.12/site-packages/airflow/example_dags/example_latest_only_with_trigger.py
[2025-03-30T23:21:57.267+0000] {processor.py:925} INFO - DAG(s) 'latest_only_with_trigger' retrieved from /home/airflow/.local/lib/python3.12/site-packages/airflow/example_dags/example_latest_only_with_trigger.py
[2025-03-30T23:21:57.317+0000] {logging_mixin.py:190} INFO - [2025-03-30T23:21:57.317+0000] {dag.py:3239} INFO - Sync 1 DAGs
[2025-03-30T23:21:57.369+0000] {logging_mixin.py:190} INFO - [2025-03-30T23:21:57.368+0000] {dag.py:4180} INFO - Setting next_dagrun for latest_only_with_trigger to 2025-03-30 16:00:00+00:00, run_after=2025-03-30 20:00:00+00:00
[2025-03-30T23:21:57.423+0000] {processor.py:208} INFO - Processing /home/airflow/.local/lib/python3.12/site-packages/airflow/example_dags/example_latest_only_with_trigger.py took 0.194 seconds
[2025-03-30T23:22:27.986+0000] {processor.py:186} INFO - Started process (PID=145) to work on /home/airflow/.local/lib/python3.12/site-packages/airflow/example_dags/example_latest_only_with_trigger.py
[2025-03-30T23:22:27.990+0000] {processor.py:914} INFO - Processing file /home/airflow/.local/lib/python3.12/site-packages/airflow/example_dags/example_latest_only_with_trigger.py for tasks to queue
[2025-03-30T23:22:27.997+0000] {logging_mixin.py:190} INFO - [2025-03-30T23:22:27.996+0000] {dagbag.py:588} INFO - Filling up the DagBag from /home/airflow/.local/lib/python3.12/site-packages/airflow/example_dags/example_latest_only_with_trigger.py
[2025-03-30T23:22:28.018+0000] {processor.py:925} INFO - DAG(s) 'latest_only_with_trigger' retrieved from /home/airflow/.local/lib/python3.12/site-packages/airflow/example_dags/example_latest_only_with_trigger.py
[2025-03-30T23:22:28.066+0000] {logging_mixin.py:190} INFO - [2025-03-30T23:22:28.066+0000] {dag.py:3239} INFO - Sync 1 DAGs
[2025-03-30T23:22:28.117+0000] {logging_mixin.py:190} INFO - [2025-03-30T23:22:28.116+0000] {dag.py:4180} INFO - Setting next_dagrun for latest_only_with_trigger to 2025-03-30 16:00:00+00:00, run_after=2025-03-30 20:00:00+00:00
[2025-03-30T23:22:28.172+0000] {processor.py:208} INFO - Processing /home/airflow/.local/lib/python3.12/site-packages/airflow/example_dags/example_latest_only_with_trigger.py took 0.202 seconds
[2025-03-30T23:22:58.489+0000] {processor.py:186} INFO - Started process (PID=208) to work on /home/airflow/.local/lib/python3.12/site-packages/airflow/example_dags/example_latest_only_with_trigger.py
[2025-03-30T23:22:58.493+0000] {processor.py:914} INFO - Processing file /home/airflow/.local/lib/python3.12/site-packages/airflow/example_dags/example_latest_only_with_trigger.py for tasks to queue
[2025-03-30T23:22:58.499+0000] {logging_mixin.py:190} INFO - [2025-03-30T23:22:58.498+0000] {dagbag.py:588} INFO - Filling up the DagBag from /home/airflow/.local/lib/python3.12/site-packages/airflow/example_dags/example_latest_only_with_trigger.py
[2025-03-30T23:22:58.516+0000] {processor.py:925} INFO - DAG(s) 'latest_only_with_trigger' retrieved from /home/airflow/.local/lib/python3.12/site-packages/airflow/example_dags/example_latest_only_with_trigger.py
[2025-03-30T23:22:58.563+0000] {logging_mixin.py:190} INFO - [2025-03-30T23:22:58.562+0000] {dag.py:3239} INFO - Sync 1 DAGs
[2025-03-30T23:22:58.613+0000] {logging_mixin.py:190} INFO - [2025-03-30T23:22:58.613+0000] {dag.py:4180} INFO - Setting next_dagrun for latest_only_with_trigger to 2025-03-30 16:00:00+00:00, run_after=2025-03-30 20:00:00+00:00
[2025-03-30T23:22:58.652+0000] {processor.py:208} INFO - Processing /home/airflow/.local/lib/python3.12/site-packages/airflow/example_dags/example_latest_only_with_trigger.py took 0.173 seconds
[2025-03-30T23:23:30.065+0000] {processor.py:186} INFO - Started process (PID=276) to work on /home/airflow/.local/lib/python3.12/site-packages/airflow/example_dags/example_latest_only_with_trigger.py
[2025-03-30T23:23:30.069+0000] {processor.py:914} INFO - Processing file /home/airflow/.local/lib/python3.12/site-packages/airflow/example_dags/example_latest_only_with_trigger.py for tasks to queue
[2025-03-30T23:23:30.078+0000] {logging_mixin.py:190} INFO - [2025-03-30T23:23:30.077+0000] {dagbag.py:588} INFO - Filling up the DagBag from /home/airflow/.local/lib/python3.12/site-packages/airflow/example_dags/example_latest_only_with_trigger.py
[2025-03-30T23:23:30.094+0000] {processor.py:925} INFO - DAG(s) 'latest_only_with_trigger' retrieved from /home/airflow/.local/lib/python3.12/site-packages/airflow/example_dags/example_latest_only_with_trigger.py
[2025-03-30T23:23:30.157+0000] {logging_mixin.py:190} INFO - [2025-03-30T23:23:30.156+0000] {dag.py:3239} INFO - Sync 1 DAGs
[2025-03-30T23:23:30.205+0000] {logging_mixin.py:190} INFO - [2025-03-30T23:23:30.204+0000] {dag.py:4180} INFO - Setting next_dagrun for latest_only_with_trigger to 2025-03-30 16:00:00+00:00, run_after=2025-03-30 20:00:00+00:00
[2025-03-30T23:23:30.262+0000] {processor.py:208} INFO - Processing /home/airflow/.local/lib/python3.12/site-packages/airflow/example_dags/example_latest_only_with_trigger.py took 0.209 seconds
[2025-03-30T23:24:01.464+0000] {processor.py:186} INFO - Started process (PID=340) to work on /home/airflow/.local/lib/python3.12/site-packages/airflow/example_dags/example_latest_only_with_trigger.py
[2025-03-30T23:24:01.467+0000] {processor.py:914} INFO - Processing file /home/airflow/.local/lib/python3.12/site-packages/airflow/example_dags/example_latest_only_with_trigger.py for tasks to queue
[2025-03-30T23:24:01.474+0000] {logging_mixin.py:190} INFO - [2025-03-30T23:24:01.473+0000] {dagbag.py:588} INFO - Filling up the DagBag from /home/airflow/.local/lib/python3.12/site-packages/airflow/example_dags/example_latest_only_with_trigger.py
[2025-03-30T23:24:01.491+0000] {processor.py:925} INFO - DAG(s) 'latest_only_with_trigger' retrieved from /home/airflow/.local/lib/python3.12/site-packages/airflow/example_dags/example_latest_only_with_trigger.py
[2025-03-30T23:24:01.540+0000] {logging_mixin.py:190} INFO - [2025-03-30T23:24:01.539+0000] {dag.py:3239} INFO - Sync 1 DAGs
[2025-03-30T23:24:01.586+0000] {logging_mixin.py:190} INFO - [2025-03-30T23:24:01.586+0000] {dag.py:4180} INFO - Setting next_dagrun for latest_only_with_trigger to 2025-03-30 16:00:00+00:00, run_after=2025-03-30 20:00:00+00:00
[2025-03-30T23:24:01.631+0000] {processor.py:208} INFO - Processing /home/airflow/.local/lib/python3.12/site-packages/airflow/example_dags/example_latest_only_with_trigger.py took 0.178 seconds
[2025-03-30T23:24:32.670+0000] {processor.py:186} INFO - Started process (PID=403) to work on /home/airflow/.local/lib/python3.12/site-packages/airflow/example_dags/example_latest_only_with_trigger.py
[2025-03-30T23:24:32.674+0000] {processor.py:914} INFO - Processing file /home/airflow/.local/lib/python3.12/site-packages/airflow/example_dags/example_latest_only_with_trigger.py for tasks to queue
[2025-03-30T23:24:32.681+0000] {logging_mixin.py:190} INFO - [2025-03-30T23:24:32.680+0000] {dagbag.py:588} INFO - Filling up the DagBag from /home/airflow/.local/lib/python3.12/site-packages/airflow/example_dags/example_latest_only_with_trigger.py
[2025-03-30T23:24:32.698+0000] {processor.py:925} INFO - DAG(s) 'latest_only_with_trigger' retrieved from /home/airflow/.local/lib/python3.12/site-packages/airflow/example_dags/example_latest_only_with_trigger.py
[2025-03-30T23:24:32.747+0000] {logging_mixin.py:190} INFO - [2025-03-30T23:24:32.747+0000] {dag.py:3239} INFO - Sync 1 DAGs
[2025-03-30T23:24:32.811+0000] {logging_mixin.py:190} INFO - [2025-03-30T23:24:32.811+0000] {dag.py:4180} INFO - Setting next_dagrun for latest_only_with_trigger to 2025-03-30 16:00:00+00:00, run_after=2025-03-30 20:00:00+00:00
[2025-03-30T23:24:32.866+0000] {processor.py:208} INFO - Processing /home/airflow/.local/lib/python3.12/site-packages/airflow/example_dags/example_latest_only_with_trigger.py took 0.207 seconds
[2025-03-30T23:25:03.748+0000] {processor.py:186} INFO - Started process (PID=467) to work on /home/airflow/.local/lib/python3.12/site-packages/airflow/example_dags/example_latest_only_with_trigger.py
[2025-03-30T23:25:03.751+0000] {processor.py:914} INFO - Processing file /home/airflow/.local/lib/python3.12/site-packages/airflow/example_dags/example_latest_only_with_trigger.py for tasks to queue
[2025-03-30T23:25:03.758+0000] {logging_mixin.py:190} INFO - [2025-03-30T23:25:03.757+0000] {dagbag.py:588} INFO - Filling up the DagBag from /home/airflow/.local/lib/python3.12/site-packages/airflow/example_dags/example_latest_only_with_trigger.py
[2025-03-30T23:25:03.780+0000] {processor.py:925} INFO - DAG(s) 'latest_only_with_trigger' retrieved from /home/airflow/.local/lib/python3.12/site-packages/airflow/example_dags/example_latest_only_with_trigger.py
[2025-03-30T23:25:03.829+0000] {logging_mixin.py:190} INFO - [2025-03-30T23:25:03.828+0000] {dag.py:3239} INFO - Sync 1 DAGs
[2025-03-30T23:25:03.884+0000] {logging_mixin.py:190} INFO - [2025-03-30T23:25:03.883+0000] {dag.py:4180} INFO - Setting next_dagrun for latest_only_with_trigger to 2025-03-30 16:00:00+00:00, run_after=2025-03-30 20:00:00+00:00
[2025-03-30T23:25:03.943+0000] {processor.py:208} INFO - Processing /home/airflow/.local/lib/python3.12/site-packages/airflow/example_dags/example_latest_only_with_trigger.py took 0.205 seconds
[2025-03-30T23:25:35.885+0000] {processor.py:186} INFO - Started process (PID=531) to work on /home/airflow/.local/lib/python3.12/site-packages/airflow/example_dags/example_latest_only_with_trigger.py
[2025-03-30T23:25:35.888+0000] {processor.py:914} INFO - Processing file /home/airflow/.local/lib/python3.12/site-packages/airflow/example_dags/example_latest_only_with_trigger.py for tasks to queue
[2025-03-30T23:25:35.894+0000] {logging_mixin.py:190} INFO - [2025-03-30T23:25:35.893+0000] {dagbag.py:588} INFO - Filling up the DagBag from /home/airflow/.local/lib/python3.12/site-packages/airflow/example_dags/example_latest_only_with_trigger.py
[2025-03-30T23:25:35.911+0000] {processor.py:925} INFO - DAG(s) 'latest_only_with_trigger' retrieved from /home/airflow/.local/lib/python3.12/site-packages/airflow/example_dags/example_latest_only_with_trigger.py
[2025-03-30T23:25:35.952+0000] {logging_mixin.py:190} INFO - [2025-03-30T23:25:35.952+0000] {dag.py:3239} INFO - Sync 1 DAGs
[2025-03-30T23:25:35.995+0000] {logging_mixin.py:190} INFO - [2025-03-30T23:25:35.995+0000] {dag.py:4180} INFO - Setting next_dagrun for latest_only_with_trigger to 2025-03-30 16:00:00+00:00, run_after=2025-03-30 20:00:00+00:00
[2025-03-30T23:25:36.038+0000] {processor.py:208} INFO - Processing /home/airflow/.local/lib/python3.12/site-packages/airflow/example_dags/example_latest_only_with_trigger.py took 0.163 seconds
[2025-03-30T23:26:06.744+0000] {processor.py:186} INFO - Started process (PID=595) to work on /home/airflow/.local/lib/python3.12/site-packages/airflow/example_dags/example_latest_only_with_trigger.py
[2025-03-30T23:26:06.747+0000] {processor.py:914} INFO - Processing file /home/airflow/.local/lib/python3.12/site-packages/airflow/example_dags/example_latest_only_with_trigger.py for tasks to queue
[2025-03-30T23:26:06.752+0000] {logging_mixin.py:190} INFO - [2025-03-30T23:26:06.752+0000] {dagbag.py:588} INFO - Filling up the DagBag from /home/airflow/.local/lib/python3.12/site-packages/airflow/example_dags/example_latest_only_with_trigger.py
[2025-03-30T23:26:06.767+0000] {processor.py:925} INFO - DAG(s) 'latest_only_with_trigger' retrieved from /home/airflow/.local/lib/python3.12/site-packages/airflow/example_dags/example_latest_only_with_trigger.py
[2025-03-30T23:26:06.805+0000] {logging_mixin.py:190} INFO - [2025-03-30T23:26:06.804+0000] {dag.py:3239} INFO - Sync 1 DAGs
[2025-03-30T23:26:06.845+0000] {logging_mixin.py:190} INFO - [2025-03-30T23:26:06.845+0000] {dag.py:4180} INFO - Setting next_dagrun for latest_only_with_trigger to 2025-03-30 16:00:00+00:00, run_after=2025-03-30 20:00:00+00:00
[2025-03-30T23:26:06.884+0000] {processor.py:208} INFO - Processing /home/airflow/.local/lib/python3.12/site-packages/airflow/example_dags/example_latest_only_with_trigger.py took 0.150 seconds
[2025-03-30T23:26:39.269+0000] {processor.py:186} INFO - Started process (PID=659) to work on /home/airflow/.local/lib/python3.12/site-packages/airflow/example_dags/example_latest_only_with_trigger.py
[2025-03-30T23:26:39.272+0000] {processor.py:914} INFO - Processing file /home/airflow/.local/lib/python3.12/site-packages/airflow/example_dags/example_latest_only_with_trigger.py for tasks to queue
[2025-03-30T23:26:39.279+0000] {logging_mixin.py:190} INFO - [2025-03-30T23:26:39.278+0000] {dagbag.py:588} INFO - Filling up the DagBag from /home/airflow/.local/lib/python3.12/site-packages/airflow/example_dags/example_latest_only_with_trigger.py
[2025-03-30T23:26:39.298+0000] {processor.py:925} INFO - DAG(s) 'latest_only_with_trigger' retrieved from /home/airflow/.local/lib/python3.12/site-packages/airflow/example_dags/example_latest_only_with_trigger.py
[2025-03-30T23:26:39.338+0000] {logging_mixin.py:190} INFO - [2025-03-30T23:26:39.338+0000] {dag.py:3239} INFO - Sync 1 DAGs
[2025-03-30T23:26:39.384+0000] {logging_mixin.py:190} INFO - [2025-03-30T23:26:39.383+0000] {dag.py:4180} INFO - Setting next_dagrun for latest_only_with_trigger to 2025-03-30 16:00:00+00:00, run_after=2025-03-30 20:00:00+00:00
[2025-03-30T23:26:39.417+0000] {processor.py:208} INFO - Processing /home/airflow/.local/lib/python3.12/site-packages/airflow/example_dags/example_latest_only_with_trigger.py took 0.159 seconds
[2025-03-30T23:27:11.595+0000] {processor.py:186} INFO - Started process (PID=724) to work on /home/airflow/.local/lib/python3.12/site-packages/airflow/example_dags/example_latest_only_with_trigger.py
[2025-03-30T23:27:11.599+0000] {processor.py:914} INFO - Processing file /home/airflow/.local/lib/python3.12/site-packages/airflow/example_dags/example_latest_only_with_trigger.py for tasks to queue
[2025-03-30T23:27:11.604+0000] {logging_mixin.py:190} INFO - [2025-03-30T23:27:11.604+0000] {dagbag.py:588} INFO - Filling up the DagBag from /home/airflow/.local/lib/python3.12/site-packages/airflow/example_dags/example_latest_only_with_trigger.py
[2025-03-30T23:27:11.622+0000] {processor.py:925} INFO - DAG(s) 'latest_only_with_trigger' retrieved from /home/airflow/.local/lib/python3.12/site-packages/airflow/example_dags/example_latest_only_with_trigger.py
[2025-03-30T23:27:11.662+0000] {logging_mixin.py:190} INFO - [2025-03-30T23:27:11.661+0000] {dag.py:3239} INFO - Sync 1 DAGs
[2025-03-30T23:27:11.701+0000] {logging_mixin.py:190} INFO - [2025-03-30T23:27:11.701+0000] {dag.py:4180} INFO - Setting next_dagrun for latest_only_with_trigger to 2025-03-30 16:00:00+00:00, run_after=2025-03-30 20:00:00+00:00
[2025-03-30T23:27:11.743+0000] {processor.py:208} INFO - Processing /home/airflow/.local/lib/python3.12/site-packages/airflow/example_dags/example_latest_only_with_trigger.py took 0.159 seconds
[2025-03-30T23:27:43.068+0000] {processor.py:186} INFO - Started process (PID=787) to work on /home/airflow/.local/lib/python3.12/site-packages/airflow/example_dags/example_latest_only_with_trigger.py
[2025-03-30T23:27:43.071+0000] {processor.py:914} INFO - Processing file /home/airflow/.local/lib/python3.12/site-packages/airflow/example_dags/example_latest_only_with_trigger.py for tasks to queue
[2025-03-30T23:27:43.079+0000] {logging_mixin.py:190} INFO - [2025-03-30T23:27:43.078+0000] {dagbag.py:588} INFO - Filling up the DagBag from /home/airflow/.local/lib/python3.12/site-packages/airflow/example_dags/example_latest_only_with_trigger.py
[2025-03-30T23:27:43.096+0000] {processor.py:925} INFO - DAG(s) 'latest_only_with_trigger' retrieved from /home/airflow/.local/lib/python3.12/site-packages/airflow/example_dags/example_latest_only_with_trigger.py
[2025-03-30T23:27:43.149+0000] {logging_mixin.py:190} INFO - [2025-03-30T23:27:43.148+0000] {dag.py:3239} INFO - Sync 1 DAGs
[2025-03-30T23:27:43.195+0000] {logging_mixin.py:190} INFO - [2025-03-30T23:27:43.195+0000] {dag.py:4180} INFO - Setting next_dagrun for latest_only_with_trigger to 2025-03-30 16:00:00+00:00, run_after=2025-03-30 20:00:00+00:00
[2025-03-30T23:27:43.240+0000] {processor.py:208} INFO - Processing /home/airflow/.local/lib/python3.12/site-packages/airflow/example_dags/example_latest_only_with_trigger.py took 0.184 seconds
[2025-03-30T23:28:14.667+0000] {processor.py:186} INFO - Started process (PID=851) to work on /home/airflow/.local/lib/python3.12/site-packages/airflow/example_dags/example_latest_only_with_trigger.py
[2025-03-30T23:28:14.671+0000] {processor.py:914} INFO - Processing file /home/airflow/.local/lib/python3.12/site-packages/airflow/example_dags/example_latest_only_with_trigger.py for tasks to queue
[2025-03-30T23:28:14.679+0000] {logging_mixin.py:190} INFO - [2025-03-30T23:28:14.678+0000] {dagbag.py:588} INFO - Filling up the DagBag from /home/airflow/.local/lib/python3.12/site-packages/airflow/example_dags/example_latest_only_with_trigger.py
[2025-03-30T23:28:14.700+0000] {processor.py:925} INFO - DAG(s) 'latest_only_with_trigger' retrieved from /home/airflow/.local/lib/python3.12/site-packages/airflow/example_dags/example_latest_only_with_trigger.py
[2025-03-30T23:28:14.757+0000] {logging_mixin.py:190} INFO - [2025-03-30T23:28:14.756+0000] {dag.py:3239} INFO - Sync 1 DAGs
[2025-03-30T23:28:14.812+0000] {logging_mixin.py:190} INFO - [2025-03-30T23:28:14.812+0000] {dag.py:4180} INFO - Setting next_dagrun for latest_only_with_trigger to 2025-03-30 16:00:00+00:00, run_after=2025-03-30 20:00:00+00:00
[2025-03-30T23:28:14.861+0000] {processor.py:208} INFO - Processing /home/airflow/.local/lib/python3.12/site-packages/airflow/example_dags/example_latest_only_with_trigger.py took 0.206 seconds
[2025-03-30T23:28:46.695+0000] {processor.py:186} INFO - Started process (PID=921) to work on /home/airflow/.local/lib/python3.12/site-packages/airflow/example_dags/example_latest_only_with_trigger.py
[2025-03-30T23:28:46.699+0000] {processor.py:914} INFO - Processing file /home/airflow/.local/lib/python3.12/site-packages/airflow/example_dags/example_latest_only_with_trigger.py for tasks to queue
[2025-03-30T23:28:46.704+0000] {logging_mixin.py:190} INFO - [2025-03-30T23:28:46.703+0000] {dagbag.py:588} INFO - Filling up the DagBag from /home/airflow/.local/lib/python3.12/site-packages/airflow/example_dags/example_latest_only_with_trigger.py
[2025-03-30T23:28:46.718+0000] {processor.py:925} INFO - DAG(s) 'latest_only_with_trigger' retrieved from /home/airflow/.local/lib/python3.12/site-packages/airflow/example_dags/example_latest_only_with_trigger.py
[2025-03-30T23:28:46.758+0000] {logging_mixin.py:190} INFO - [2025-03-30T23:28:46.758+0000] {dag.py:3239} INFO - Sync 1 DAGs
[2025-03-30T23:28:46.798+0000] {logging_mixin.py:190} INFO - [2025-03-30T23:28:46.797+0000] {dag.py:4180} INFO - Setting next_dagrun for latest_only_with_trigger to 2025-03-30 16:00:00+00:00, run_after=2025-03-30 20:00:00+00:00
[2025-03-30T23:28:46.848+0000] {processor.py:208} INFO - Processing /home/airflow/.local/lib/python3.12/site-packages/airflow/example_dags/example_latest_only_with_trigger.py took 0.164 seconds
[2025-03-30T23:29:17.260+0000] {processor.py:186} INFO - Started process (PID=985) to work on /home/airflow/.local/lib/python3.12/site-packages/airflow/example_dags/example_latest_only_with_trigger.py
[2025-03-30T23:29:17.264+0000] {processor.py:914} INFO - Processing file /home/airflow/.local/lib/python3.12/site-packages/airflow/example_dags/example_latest_only_with_trigger.py for tasks to queue
[2025-03-30T23:29:17.271+0000] {logging_mixin.py:190} INFO - [2025-03-30T23:29:17.270+0000] {dagbag.py:588} INFO - Filling up the DagBag from /home/airflow/.local/lib/python3.12/site-packages/airflow/example_dags/example_latest_only_with_trigger.py
[2025-03-30T23:29:17.284+0000] {processor.py:925} INFO - DAG(s) 'latest_only_with_trigger' retrieved from /home/airflow/.local/lib/python3.12/site-packages/airflow/example_dags/example_latest_only_with_trigger.py
[2025-03-30T23:29:17.328+0000] {logging_mixin.py:190} INFO - [2025-03-30T23:29:17.327+0000] {dag.py:3239} INFO - Sync 1 DAGs
[2025-03-30T23:29:17.383+0000] {logging_mixin.py:190} INFO - [2025-03-30T23:29:17.382+0000] {dag.py:4180} INFO - Setting next_dagrun for latest_only_with_trigger to 2025-03-30 16:00:00+00:00, run_after=2025-03-30 20:00:00+00:00
[2025-03-30T23:29:17.435+0000] {processor.py:208} INFO - Processing /home/airflow/.local/lib/python3.12/site-packages/airflow/example_dags/example_latest_only_with_trigger.py took 0.189 seconds
[2025-03-30T23:29:49.112+0000] {processor.py:186} INFO - Started process (PID=1049) to work on /home/airflow/.local/lib/python3.12/site-packages/airflow/example_dags/example_latest_only_with_trigger.py
[2025-03-30T23:29:49.116+0000] {processor.py:914} INFO - Processing file /home/airflow/.local/lib/python3.12/site-packages/airflow/example_dags/example_latest_only_with_trigger.py for tasks to queue
[2025-03-30T23:29:49.121+0000] {logging_mixin.py:190} INFO - [2025-03-30T23:29:49.121+0000] {dagbag.py:588} INFO - Filling up the DagBag from /home/airflow/.local/lib/python3.12/site-packages/airflow/example_dags/example_latest_only_with_trigger.py
[2025-03-30T23:29:49.141+0000] {processor.py:925} INFO - DAG(s) 'latest_only_with_trigger' retrieved from /home/airflow/.local/lib/python3.12/site-packages/airflow/example_dags/example_latest_only_with_trigger.py
[2025-03-30T23:29:49.187+0000] {logging_mixin.py:190} INFO - [2025-03-30T23:29:49.187+0000] {dag.py:3239} INFO - Sync 1 DAGs
[2025-03-30T23:29:49.231+0000] {logging_mixin.py:190} INFO - [2025-03-30T23:29:49.231+0000] {dag.py:4180} INFO - Setting next_dagrun for latest_only_with_trigger to 2025-03-30 16:00:00+00:00, run_after=2025-03-30 20:00:00+00:00
[2025-03-30T23:29:49.285+0000] {processor.py:208} INFO - Processing /home/airflow/.local/lib/python3.12/site-packages/airflow/example_dags/example_latest_only_with_trigger.py took 0.184 seconds
[2025-03-30T23:30:20.515+0000] {processor.py:186} INFO - Started process (PID=1113) to work on /home/airflow/.local/lib/python3.12/site-packages/airflow/example_dags/example_latest_only_with_trigger.py
[2025-03-30T23:30:20.519+0000] {processor.py:914} INFO - Processing file /home/airflow/.local/lib/python3.12/site-packages/airflow/example_dags/example_latest_only_with_trigger.py for tasks to queue
[2025-03-30T23:30:20.526+0000] {logging_mixin.py:190} INFO - [2025-03-30T23:30:20.525+0000] {dagbag.py:588} INFO - Filling up the DagBag from /home/airflow/.local/lib/python3.12/site-packages/airflow/example_dags/example_latest_only_with_trigger.py
[2025-03-30T23:30:20.542+0000] {processor.py:925} INFO - DAG(s) 'latest_only_with_trigger' retrieved from /home/airflow/.local/lib/python3.12/site-packages/airflow/example_dags/example_latest_only_with_trigger.py
[2025-03-30T23:30:20.589+0000] {logging_mixin.py:190} INFO - [2025-03-30T23:30:20.588+0000] {dag.py:3239} INFO - Sync 1 DAGs
[2025-03-30T23:30:20.630+0000] {logging_mixin.py:190} INFO - [2025-03-30T23:30:20.629+0000] {dag.py:4180} INFO - Setting next_dagrun for latest_only_with_trigger to 2025-03-30 16:00:00+00:00, run_after=2025-03-30 20:00:00+00:00
[2025-03-30T23:30:20.706+0000] {processor.py:208} INFO - Processing /home/airflow/.local/lib/python3.12/site-packages/airflow/example_dags/example_latest_only_with_trigger.py took 0.202 seconds
[2025-03-30T23:30:52.423+0000] {processor.py:186} INFO - Started process (PID=1177) to work on /home/airflow/.local/lib/python3.12/site-packages/airflow/example_dags/example_latest_only_with_trigger.py
[2025-03-30T23:30:52.426+0000] {processor.py:914} INFO - Processing file /home/airflow/.local/lib/python3.12/site-packages/airflow/example_dags/example_latest_only_with_trigger.py for tasks to queue
[2025-03-30T23:30:52.433+0000] {logging_mixin.py:190} INFO - [2025-03-30T23:30:52.432+0000] {dagbag.py:588} INFO - Filling up the DagBag from /home/airflow/.local/lib/python3.12/site-packages/airflow/example_dags/example_latest_only_with_trigger.py
[2025-03-30T23:30:52.450+0000] {processor.py:925} INFO - DAG(s) 'latest_only_with_trigger' retrieved from /home/airflow/.local/lib/python3.12/site-packages/airflow/example_dags/example_latest_only_with_trigger.py
[2025-03-30T23:30:52.492+0000] {logging_mixin.py:190} INFO - [2025-03-30T23:30:52.492+0000] {dag.py:3239} INFO - Sync 1 DAGs
[2025-03-30T23:30:52.534+0000] {logging_mixin.py:190} INFO - [2025-03-30T23:30:52.533+0000] {dag.py:4180} INFO - Setting next_dagrun for latest_only_with_trigger to 2025-03-30 16:00:00+00:00, run_after=2025-03-30 20:00:00+00:00
[2025-03-30T23:30:52.580+0000] {processor.py:208} INFO - Processing /home/airflow/.local/lib/python3.12/site-packages/airflow/example_dags/example_latest_only_with_trigger.py took 0.168 seconds
[2025-03-30T23:31:23.233+0000] {processor.py:186} INFO - Started process (PID=1241) to work on /home/airflow/.local/lib/python3.12/site-packages/airflow/example_dags/example_latest_only_with_trigger.py
[2025-03-30T23:31:23.237+0000] {processor.py:914} INFO - Processing file /home/airflow/.local/lib/python3.12/site-packages/airflow/example_dags/example_latest_only_with_trigger.py for tasks to queue
[2025-03-30T23:31:23.242+0000] {logging_mixin.py:190} INFO - [2025-03-30T23:31:23.241+0000] {dagbag.py:588} INFO - Filling up the DagBag from /home/airflow/.local/lib/python3.12/site-packages/airflow/example_dags/example_latest_only_with_trigger.py
[2025-03-30T23:31:23.260+0000] {processor.py:925} INFO - DAG(s) 'latest_only_with_trigger' retrieved from /home/airflow/.local/lib/python3.12/site-packages/airflow/example_dags/example_latest_only_with_trigger.py
[2025-03-30T23:31:23.305+0000] {logging_mixin.py:190} INFO - [2025-03-30T23:31:23.305+0000] {dag.py:3239} INFO - Sync 1 DAGs
[2025-03-30T23:31:23.349+0000] {logging_mixin.py:190} INFO - [2025-03-30T23:31:23.348+0000] {dag.py:4180} INFO - Setting next_dagrun for latest_only_with_trigger to 2025-03-30 16:00:00+00:00, run_after=2025-03-30 20:00:00+00:00
[2025-03-30T23:31:23.399+0000] {processor.py:208} INFO - Processing /home/airflow/.local/lib/python3.12/site-packages/airflow/example_dags/example_latest_only_with_trigger.py took 0.177 seconds
[2025-03-30T23:31:54.794+0000] {processor.py:186} INFO - Started process (PID=1304) to work on /home/airflow/.local/lib/python3.12/site-packages/airflow/example_dags/example_latest_only_with_trigger.py
[2025-03-30T23:31:54.797+0000] {processor.py:914} INFO - Processing file /home/airflow/.local/lib/python3.12/site-packages/airflow/example_dags/example_latest_only_with_trigger.py for tasks to queue
[2025-03-30T23:31:54.802+0000] {logging_mixin.py:190} INFO - [2025-03-30T23:31:54.801+0000] {dagbag.py:588} INFO - Filling up the DagBag from /home/airflow/.local/lib/python3.12/site-packages/airflow/example_dags/example_latest_only_with_trigger.py
[2025-03-30T23:31:54.817+0000] {processor.py:925} INFO - DAG(s) 'latest_only_with_trigger' retrieved from /home/airflow/.local/lib/python3.12/site-packages/airflow/example_dags/example_latest_only_with_trigger.py
[2025-03-30T23:31:54.855+0000] {logging_mixin.py:190} INFO - [2025-03-30T23:31:54.855+0000] {dag.py:3239} INFO - Sync 1 DAGs
[2025-03-30T23:31:54.900+0000] {logging_mixin.py:190} INFO - [2025-03-30T23:31:54.899+0000] {dag.py:4180} INFO - Setting next_dagrun for latest_only_with_trigger to 2025-03-30 16:00:00+00:00, run_after=2025-03-30 20:00:00+00:00
[2025-03-30T23:31:54.950+0000] {processor.py:208} INFO - Processing /home/airflow/.local/lib/python3.12/site-packages/airflow/example_dags/example_latest_only_with_trigger.py took 0.166 seconds
[2025-03-30T23:32:26.515+0000] {processor.py:186} INFO - Started process (PID=1368) to work on /home/airflow/.local/lib/python3.12/site-packages/airflow/example_dags/example_latest_only_with_trigger.py
[2025-03-30T23:32:26.519+0000] {processor.py:914} INFO - Processing file /home/airflow/.local/lib/python3.12/site-packages/airflow/example_dags/example_latest_only_with_trigger.py for tasks to queue
[2025-03-30T23:32:26.525+0000] {logging_mixin.py:190} INFO - [2025-03-30T23:32:26.524+0000] {dagbag.py:588} INFO - Filling up the DagBag from /home/airflow/.local/lib/python3.12/site-packages/airflow/example_dags/example_latest_only_with_trigger.py
[2025-03-30T23:32:26.542+0000] {processor.py:925} INFO - DAG(s) 'latest_only_with_trigger' retrieved from /home/airflow/.local/lib/python3.12/site-packages/airflow/example_dags/example_latest_only_with_trigger.py
[2025-03-30T23:32:26.589+0000] {logging_mixin.py:190} INFO - [2025-03-30T23:32:26.588+0000] {dag.py:3239} INFO - Sync 1 DAGs
[2025-03-30T23:32:26.633+0000] {logging_mixin.py:190} INFO - [2025-03-30T23:32:26.633+0000] {dag.py:4180} INFO - Setting next_dagrun for latest_only_with_trigger to 2025-03-30 16:00:00+00:00, run_after=2025-03-30 20:00:00+00:00
[2025-03-30T23:32:26.677+0000] {processor.py:208} INFO - Processing /home/airflow/.local/lib/python3.12/site-packages/airflow/example_dags/example_latest_only_with_trigger.py took 0.175 seconds
[2025-03-30T23:32:58.431+0000] {processor.py:186} INFO - Started process (PID=1432) to work on /home/airflow/.local/lib/python3.12/site-packages/airflow/example_dags/example_latest_only_with_trigger.py
[2025-03-30T23:32:58.434+0000] {processor.py:914} INFO - Processing file /home/airflow/.local/lib/python3.12/site-packages/airflow/example_dags/example_latest_only_with_trigger.py for tasks to queue
[2025-03-30T23:32:58.442+0000] {logging_mixin.py:190} INFO - [2025-03-30T23:32:58.441+0000] {dagbag.py:588} INFO - Filling up the DagBag from /home/airflow/.local/lib/python3.12/site-packages/airflow/example_dags/example_latest_only_with_trigger.py
[2025-03-30T23:32:58.458+0000] {processor.py:925} INFO - DAG(s) 'latest_only_with_trigger' retrieved from /home/airflow/.local/lib/python3.12/site-packages/airflow/example_dags/example_latest_only_with_trigger.py
[2025-03-30T23:32:58.503+0000] {logging_mixin.py:190} INFO - [2025-03-30T23:32:58.502+0000] {dag.py:3239} INFO - Sync 1 DAGs
[2025-03-30T23:32:58.546+0000] {logging_mixin.py:190} INFO - [2025-03-30T23:32:58.545+0000] {dag.py:4180} INFO - Setting next_dagrun for latest_only_with_trigger to 2025-03-30 16:00:00+00:00, run_after=2025-03-30 20:00:00+00:00
[2025-03-30T23:32:58.585+0000] {processor.py:208} INFO - Processing /home/airflow/.local/lib/python3.12/site-packages/airflow/example_dags/example_latest_only_with_trigger.py took 0.167 seconds
[2025-03-30T23:33:29.919+0000] {processor.py:186} INFO - Started process (PID=1496) to work on /home/airflow/.local/lib/python3.12/site-packages/airflow/example_dags/example_latest_only_with_trigger.py
[2025-03-30T23:33:29.923+0000] {processor.py:914} INFO - Processing file /home/airflow/.local/lib/python3.12/site-packages/airflow/example_dags/example_latest_only_with_trigger.py for tasks to queue
[2025-03-30T23:33:29.931+0000] {logging_mixin.py:190} INFO - [2025-03-30T23:33:29.930+0000] {dagbag.py:588} INFO - Filling up the DagBag from /home/airflow/.local/lib/python3.12/site-packages/airflow/example_dags/example_latest_only_with_trigger.py
[2025-03-30T23:33:29.948+0000] {processor.py:925} INFO - DAG(s) 'latest_only_with_trigger' retrieved from /home/airflow/.local/lib/python3.12/site-packages/airflow/example_dags/example_latest_only_with_trigger.py
[2025-03-30T23:33:29.992+0000] {logging_mixin.py:190} INFO - [2025-03-30T23:33:29.992+0000] {dag.py:3239} INFO - Sync 1 DAGs
[2025-03-30T23:33:30.045+0000] {logging_mixin.py:190} INFO - [2025-03-30T23:33:30.045+0000] {dag.py:4180} INFO - Setting next_dagrun for latest_only_with_trigger to 2025-03-30 16:00:00+00:00, run_after=2025-03-30 20:00:00+00:00
[2025-03-30T23:33:30.086+0000] {processor.py:208} INFO - Processing /home/airflow/.local/lib/python3.12/site-packages/airflow/example_dags/example_latest_only_with_trigger.py took 0.178 seconds
[2025-03-30T23:53:01.759+0000] {processor.py:186} INFO - Started process (PID=1590) to work on /home/airflow/.local/lib/python3.12/site-packages/airflow/example_dags/example_latest_only_with_trigger.py
[2025-03-30T23:53:01.760+0000] {processor.py:914} INFO - Processing file /home/airflow/.local/lib/python3.12/site-packages/airflow/example_dags/example_latest_only_with_trigger.py for tasks to queue
[2025-03-30T23:53:01.763+0000] {logging_mixin.py:190} INFO - [2025-03-30T23:53:01.763+0000] {dagbag.py:588} INFO - Filling up the DagBag from /home/airflow/.local/lib/python3.12/site-packages/airflow/example_dags/example_latest_only_with_trigger.py
[2025-03-30T23:53:01.770+0000] {processor.py:925} INFO - DAG(s) 'latest_only_with_trigger' retrieved from /home/airflow/.local/lib/python3.12/site-packages/airflow/example_dags/example_latest_only_with_trigger.py
[2025-03-30T23:53:01.791+0000] {logging_mixin.py:190} INFO - [2025-03-30T23:53:01.791+0000] {dag.py:3239} INFO - Sync 1 DAGs
[2025-03-30T23:53:01.816+0000] {logging_mixin.py:190} INFO - [2025-03-30T23:53:01.816+0000] {dag.py:4180} INFO - Setting next_dagrun for latest_only_with_trigger to 2025-03-30 16:00:00+00:00, run_after=2025-03-30 20:00:00+00:00
[2025-03-30T23:53:01.843+0000] {processor.py:208} INFO - Processing /home/airflow/.local/lib/python3.12/site-packages/airflow/example_dags/example_latest_only_with_trigger.py took 0.088 seconds
