[2025-03-30T23:20:36.659+0000] {processor.py:186} INFO - Started process (PID=77) to work on /home/airflow/.local/lib/python3.12/site-packages/airflow/example_dags/example_task_group.py
[2025-03-30T23:20:36.662+0000] {processor.py:914} INFO - Processing file /home/airflow/.local/lib/python3.12/site-packages/airflow/example_dags/example_task_group.py for tasks to queue
[2025-03-30T23:20:36.668+0000] {logging_mixin.py:190} INFO - [2025-03-30T23:20:36.668+0000] {dagbag.py:588} INFO - Filling up the DagBag from /home/airflow/.local/lib/python3.12/site-packages/airflow/example_dags/example_task_group.py
[2025-03-30T23:20:36.696+0000] {processor.py:925} INFO - DAG(s) 'example_task_group' retrieved from /home/airflow/.local/lib/python3.12/site-packages/airflow/example_dags/example_task_group.py
[2025-03-30T23:20:36.749+0000] {logging_mixin.py:190} INFO - [2025-03-30T23:20:36.749+0000] {dag.py:3239} INFO - Sync 1 DAGs
[2025-03-30T23:20:36.794+0000] {logging_mixin.py:190} INFO - [2025-03-30T23:20:36.794+0000] {dag.py:4180} INFO - Setting next_dagrun for example_task_group to None, run_after=None
[2025-03-30T23:20:36.845+0000] {processor.py:208} INFO - Processing /home/airflow/.local/lib/python3.12/site-packages/airflow/example_dags/example_task_group.py took 0.202 seconds
[2025-03-30T23:21:07.147+0000] {processor.py:186} INFO - Started process (PID=140) to work on /home/airflow/.local/lib/python3.12/site-packages/airflow/example_dags/example_task_group.py
[2025-03-30T23:21:07.150+0000] {processor.py:914} INFO - Processing file /home/airflow/.local/lib/python3.12/site-packages/airflow/example_dags/example_task_group.py for tasks to queue
[2025-03-30T23:21:07.157+0000] {logging_mixin.py:190} INFO - [2025-03-30T23:21:07.156+0000] {dagbag.py:588} INFO - Filling up the DagBag from /home/airflow/.local/lib/python3.12/site-packages/airflow/example_dags/example_task_group.py
[2025-03-30T23:21:07.180+0000] {processor.py:925} INFO - DAG(s) 'example_task_group' retrieved from /home/airflow/.local/lib/python3.12/site-packages/airflow/example_dags/example_task_group.py
[2025-03-30T23:21:07.234+0000] {logging_mixin.py:190} INFO - [2025-03-30T23:21:07.234+0000] {dag.py:3239} INFO - Sync 1 DAGs
[2025-03-30T23:21:07.255+0000] {logging_mixin.py:190} INFO - [2025-03-30T23:21:07.255+0000] {dag.py:4180} INFO - Setting next_dagrun for example_task_group to None, run_after=None
[2025-03-30T23:21:07.282+0000] {processor.py:208} INFO - Processing /home/airflow/.local/lib/python3.12/site-packages/airflow/example_dags/example_task_group.py took 0.145 seconds
[2025-03-30T23:21:56.512+0000] {processor.py:186} INFO - Started process (PID=78) to work on /home/airflow/.local/lib/python3.12/site-packages/airflow/example_dags/example_task_group.py
[2025-03-30T23:21:56.516+0000] {processor.py:914} INFO - Processing file /home/airflow/.local/lib/python3.12/site-packages/airflow/example_dags/example_task_group.py for tasks to queue
[2025-03-30T23:21:56.525+0000] {logging_mixin.py:190} INFO - [2025-03-30T23:21:56.524+0000] {dagbag.py:588} INFO - Filling up the DagBag from /home/airflow/.local/lib/python3.12/site-packages/airflow/example_dags/example_task_group.py
[2025-03-30T23:21:56.551+0000] {processor.py:925} INFO - DAG(s) 'example_task_group' retrieved from /home/airflow/.local/lib/python3.12/site-packages/airflow/example_dags/example_task_group.py
[2025-03-30T23:21:56.604+0000] {logging_mixin.py:190} INFO - [2025-03-30T23:21:56.603+0000] {dag.py:3239} INFO - Sync 1 DAGs
[2025-03-30T23:21:56.638+0000] {logging_mixin.py:190} INFO - [2025-03-30T23:21:56.638+0000] {dag.py:4180} INFO - Setting next_dagrun for example_task_group to None, run_after=None
[2025-03-30T23:21:56.683+0000] {processor.py:208} INFO - Processing /home/airflow/.local/lib/python3.12/site-packages/airflow/example_dags/example_task_group.py took 0.183 seconds
[2025-03-30T23:22:27.038+0000] {processor.py:186} INFO - Started process (PID=141) to work on /home/airflow/.local/lib/python3.12/site-packages/airflow/example_dags/example_task_group.py
[2025-03-30T23:22:27.042+0000] {processor.py:914} INFO - Processing file /home/airflow/.local/lib/python3.12/site-packages/airflow/example_dags/example_task_group.py for tasks to queue
[2025-03-30T23:22:27.052+0000] {logging_mixin.py:190} INFO - [2025-03-30T23:22:27.051+0000] {dagbag.py:588} INFO - Filling up the DagBag from /home/airflow/.local/lib/python3.12/site-packages/airflow/example_dags/example_task_group.py
[2025-03-30T23:22:27.077+0000] {processor.py:925} INFO - DAG(s) 'example_task_group' retrieved from /home/airflow/.local/lib/python3.12/site-packages/airflow/example_dags/example_task_group.py
[2025-03-30T23:22:27.130+0000] {logging_mixin.py:190} INFO - [2025-03-30T23:22:27.129+0000] {dag.py:3239} INFO - Sync 1 DAGs
[2025-03-30T23:22:27.175+0000] {logging_mixin.py:190} INFO - [2025-03-30T23:22:27.174+0000] {dag.py:4180} INFO - Setting next_dagrun for example_task_group to None, run_after=None
[2025-03-30T23:22:27.241+0000] {processor.py:208} INFO - Processing /home/airflow/.local/lib/python3.12/site-packages/airflow/example_dags/example_task_group.py took 0.214 seconds
[2025-03-30T23:22:57.799+0000] {processor.py:186} INFO - Started process (PID=204) to work on /home/airflow/.local/lib/python3.12/site-packages/airflow/example_dags/example_task_group.py
[2025-03-30T23:22:57.803+0000] {processor.py:914} INFO - Processing file /home/airflow/.local/lib/python3.12/site-packages/airflow/example_dags/example_task_group.py for tasks to queue
[2025-03-30T23:22:57.809+0000] {logging_mixin.py:190} INFO - [2025-03-30T23:22:57.808+0000] {dagbag.py:588} INFO - Filling up the DagBag from /home/airflow/.local/lib/python3.12/site-packages/airflow/example_dags/example_task_group.py
[2025-03-30T23:22:57.826+0000] {processor.py:925} INFO - DAG(s) 'example_task_group' retrieved from /home/airflow/.local/lib/python3.12/site-packages/airflow/example_dags/example_task_group.py
[2025-03-30T23:22:57.869+0000] {logging_mixin.py:190} INFO - [2025-03-30T23:22:57.868+0000] {dag.py:3239} INFO - Sync 1 DAGs
[2025-03-30T23:22:57.901+0000] {logging_mixin.py:190} INFO - [2025-03-30T23:22:57.901+0000] {dag.py:4180} INFO - Setting next_dagrun for example_task_group to None, run_after=None
[2025-03-30T23:22:57.936+0000] {processor.py:208} INFO - Processing /home/airflow/.local/lib/python3.12/site-packages/airflow/example_dags/example_task_group.py took 0.155 seconds
[2025-03-30T23:23:29.195+0000] {processor.py:186} INFO - Started process (PID=272) to work on /home/airflow/.local/lib/python3.12/site-packages/airflow/example_dags/example_task_group.py
[2025-03-30T23:23:29.198+0000] {processor.py:914} INFO - Processing file /home/airflow/.local/lib/python3.12/site-packages/airflow/example_dags/example_task_group.py for tasks to queue
[2025-03-30T23:23:29.206+0000] {logging_mixin.py:190} INFO - [2025-03-30T23:23:29.205+0000] {dagbag.py:588} INFO - Filling up the DagBag from /home/airflow/.local/lib/python3.12/site-packages/airflow/example_dags/example_task_group.py
[2025-03-30T23:23:29.227+0000] {processor.py:925} INFO - DAG(s) 'example_task_group' retrieved from /home/airflow/.local/lib/python3.12/site-packages/airflow/example_dags/example_task_group.py
[2025-03-30T23:23:29.277+0000] {logging_mixin.py:190} INFO - [2025-03-30T23:23:29.276+0000] {dag.py:3239} INFO - Sync 1 DAGs
[2025-03-30T23:23:29.305+0000] {logging_mixin.py:190} INFO - [2025-03-30T23:23:29.305+0000] {dag.py:4180} INFO - Setting next_dagrun for example_task_group to None, run_after=None
[2025-03-30T23:23:29.348+0000] {processor.py:208} INFO - Processing /home/airflow/.local/lib/python3.12/site-packages/airflow/example_dags/example_task_group.py took 0.162 seconds
[2025-03-30T23:24:00.599+0000] {processor.py:186} INFO - Started process (PID=336) to work on /home/airflow/.local/lib/python3.12/site-packages/airflow/example_dags/example_task_group.py
[2025-03-30T23:24:00.602+0000] {processor.py:914} INFO - Processing file /home/airflow/.local/lib/python3.12/site-packages/airflow/example_dags/example_task_group.py for tasks to queue
[2025-03-30T23:24:00.608+0000] {logging_mixin.py:190} INFO - [2025-03-30T23:24:00.608+0000] {dagbag.py:588} INFO - Filling up the DagBag from /home/airflow/.local/lib/python3.12/site-packages/airflow/example_dags/example_task_group.py
[2025-03-30T23:24:00.629+0000] {processor.py:925} INFO - DAG(s) 'example_task_group' retrieved from /home/airflow/.local/lib/python3.12/site-packages/airflow/example_dags/example_task_group.py
[2025-03-30T23:24:00.678+0000] {logging_mixin.py:190} INFO - [2025-03-30T23:24:00.678+0000] {dag.py:3239} INFO - Sync 1 DAGs
[2025-03-30T23:24:00.706+0000] {logging_mixin.py:190} INFO - [2025-03-30T23:24:00.705+0000] {dag.py:4180} INFO - Setting next_dagrun for example_task_group to None, run_after=None
[2025-03-30T23:24:00.748+0000] {processor.py:208} INFO - Processing /home/airflow/.local/lib/python3.12/site-packages/airflow/example_dags/example_task_group.py took 0.159 seconds
[2025-03-30T23:24:31.848+0000] {processor.py:186} INFO - Started process (PID=400) to work on /home/airflow/.local/lib/python3.12/site-packages/airflow/example_dags/example_task_group.py
[2025-03-30T23:24:31.853+0000] {processor.py:914} INFO - Processing file /home/airflow/.local/lib/python3.12/site-packages/airflow/example_dags/example_task_group.py for tasks to queue
[2025-03-30T23:24:31.861+0000] {logging_mixin.py:190} INFO - [2025-03-30T23:24:31.859+0000] {dagbag.py:588} INFO - Filling up the DagBag from /home/airflow/.local/lib/python3.12/site-packages/airflow/example_dags/example_task_group.py
[2025-03-30T23:24:31.883+0000] {processor.py:925} INFO - DAG(s) 'example_task_group' retrieved from /home/airflow/.local/lib/python3.12/site-packages/airflow/example_dags/example_task_group.py
[2025-03-30T23:24:31.946+0000] {logging_mixin.py:190} INFO - [2025-03-30T23:24:31.946+0000] {dag.py:3239} INFO - Sync 1 DAGs
[2025-03-30T23:24:31.985+0000] {logging_mixin.py:190} INFO - [2025-03-30T23:24:31.984+0000] {dag.py:4180} INFO - Setting next_dagrun for example_task_group to None, run_after=None
[2025-03-30T23:24:32.032+0000] {processor.py:208} INFO - Processing /home/airflow/.local/lib/python3.12/site-packages/airflow/example_dags/example_task_group.py took 0.194 seconds
[2025-03-30T23:25:03.005+0000] {processor.py:186} INFO - Started process (PID=463) to work on /home/airflow/.local/lib/python3.12/site-packages/airflow/example_dags/example_task_group.py
[2025-03-30T23:25:03.008+0000] {processor.py:914} INFO - Processing file /home/airflow/.local/lib/python3.12/site-packages/airflow/example_dags/example_task_group.py for tasks to queue
[2025-03-30T23:25:03.013+0000] {logging_mixin.py:190} INFO - [2025-03-30T23:25:03.012+0000] {dagbag.py:588} INFO - Filling up the DagBag from /home/airflow/.local/lib/python3.12/site-packages/airflow/example_dags/example_task_group.py
[2025-03-30T23:25:03.036+0000] {processor.py:925} INFO - DAG(s) 'example_task_group' retrieved from /home/airflow/.local/lib/python3.12/site-packages/airflow/example_dags/example_task_group.py
[2025-03-30T23:25:03.084+0000] {logging_mixin.py:190} INFO - [2025-03-30T23:25:03.083+0000] {dag.py:3239} INFO - Sync 1 DAGs
[2025-03-30T23:25:03.115+0000] {logging_mixin.py:190} INFO - [2025-03-30T23:25:03.114+0000] {dag.py:4180} INFO - Setting next_dagrun for example_task_group to None, run_after=None
[2025-03-30T23:25:03.169+0000] {processor.py:208} INFO - Processing /home/airflow/.local/lib/python3.12/site-packages/airflow/example_dags/example_task_group.py took 0.176 seconds
[2025-03-30T23:25:35.368+0000] {processor.py:186} INFO - Started process (PID=528) to work on /home/airflow/.local/lib/python3.12/site-packages/airflow/example_dags/example_task_group.py
[2025-03-30T23:25:35.371+0000] {processor.py:914} INFO - Processing file /home/airflow/.local/lib/python3.12/site-packages/airflow/example_dags/example_task_group.py for tasks to queue
[2025-03-30T23:25:35.377+0000] {logging_mixin.py:190} INFO - [2025-03-30T23:25:35.376+0000] {dagbag.py:588} INFO - Filling up the DagBag from /home/airflow/.local/lib/python3.12/site-packages/airflow/example_dags/example_task_group.py
[2025-03-30T23:25:35.394+0000] {processor.py:925} INFO - DAG(s) 'example_task_group' retrieved from /home/airflow/.local/lib/python3.12/site-packages/airflow/example_dags/example_task_group.py
[2025-03-30T23:25:35.443+0000] {logging_mixin.py:190} INFO - [2025-03-30T23:25:35.443+0000] {dag.py:3239} INFO - Sync 1 DAGs
[2025-03-30T23:25:35.470+0000] {logging_mixin.py:190} INFO - [2025-03-30T23:25:35.469+0000] {dag.py:4180} INFO - Setting next_dagrun for example_task_group to None, run_after=None
[2025-03-30T23:25:35.515+0000] {processor.py:208} INFO - Processing /home/airflow/.local/lib/python3.12/site-packages/airflow/example_dags/example_task_group.py took 0.158 seconds
[2025-03-30T23:26:06.074+0000] {processor.py:186} INFO - Started process (PID=592) to work on /home/airflow/.local/lib/python3.12/site-packages/airflow/example_dags/example_task_group.py
[2025-03-30T23:26:06.078+0000] {processor.py:914} INFO - Processing file /home/airflow/.local/lib/python3.12/site-packages/airflow/example_dags/example_task_group.py for tasks to queue
[2025-03-30T23:26:06.084+0000] {logging_mixin.py:190} INFO - [2025-03-30T23:26:06.084+0000] {dagbag.py:588} INFO - Filling up the DagBag from /home/airflow/.local/lib/python3.12/site-packages/airflow/example_dags/example_task_group.py
[2025-03-30T23:26:06.102+0000] {processor.py:925} INFO - DAG(s) 'example_task_group' retrieved from /home/airflow/.local/lib/python3.12/site-packages/airflow/example_dags/example_task_group.py
[2025-03-30T23:26:06.155+0000] {logging_mixin.py:190} INFO - [2025-03-30T23:26:06.155+0000] {dag.py:3239} INFO - Sync 1 DAGs
[2025-03-30T23:26:06.187+0000] {logging_mixin.py:190} INFO - [2025-03-30T23:26:06.186+0000] {dag.py:4180} INFO - Setting next_dagrun for example_task_group to None, run_after=None
[2025-03-30T23:26:06.235+0000] {processor.py:208} INFO - Processing /home/airflow/.local/lib/python3.12/site-packages/airflow/example_dags/example_task_group.py took 0.172 seconds
[2025-03-30T23:26:38.864+0000] {processor.py:186} INFO - Started process (PID=656) to work on /home/airflow/.local/lib/python3.12/site-packages/airflow/example_dags/example_task_group.py
[2025-03-30T23:26:38.868+0000] {processor.py:914} INFO - Processing file /home/airflow/.local/lib/python3.12/site-packages/airflow/example_dags/example_task_group.py for tasks to queue
[2025-03-30T23:26:38.877+0000] {logging_mixin.py:190} INFO - [2025-03-30T23:26:38.876+0000] {dagbag.py:588} INFO - Filling up the DagBag from /home/airflow/.local/lib/python3.12/site-packages/airflow/example_dags/example_task_group.py
[2025-03-30T23:26:38.896+0000] {processor.py:925} INFO - DAG(s) 'example_task_group' retrieved from /home/airflow/.local/lib/python3.12/site-packages/airflow/example_dags/example_task_group.py
[2025-03-30T23:26:38.938+0000] {logging_mixin.py:190} INFO - [2025-03-30T23:26:38.938+0000] {dag.py:3239} INFO - Sync 1 DAGs
[2025-03-30T23:26:38.968+0000] {logging_mixin.py:190} INFO - [2025-03-30T23:26:38.967+0000] {dag.py:4180} INFO - Setting next_dagrun for example_task_group to None, run_after=None
[2025-03-30T23:26:39.007+0000] {processor.py:208} INFO - Processing /home/airflow/.local/lib/python3.12/site-packages/airflow/example_dags/example_task_group.py took 0.154 seconds
[2025-03-30T23:27:11.107+0000] {processor.py:186} INFO - Started process (PID=720) to work on /home/airflow/.local/lib/python3.12/site-packages/airflow/example_dags/example_task_group.py
[2025-03-30T23:27:11.110+0000] {processor.py:914} INFO - Processing file /home/airflow/.local/lib/python3.12/site-packages/airflow/example_dags/example_task_group.py for tasks to queue
[2025-03-30T23:27:11.118+0000] {logging_mixin.py:190} INFO - [2025-03-30T23:27:11.116+0000] {dagbag.py:588} INFO - Filling up the DagBag from /home/airflow/.local/lib/python3.12/site-packages/airflow/example_dags/example_task_group.py
[2025-03-30T23:27:11.139+0000] {processor.py:925} INFO - DAG(s) 'example_task_group' retrieved from /home/airflow/.local/lib/python3.12/site-packages/airflow/example_dags/example_task_group.py
[2025-03-30T23:27:11.188+0000] {logging_mixin.py:190} INFO - [2025-03-30T23:27:11.188+0000] {dag.py:3239} INFO - Sync 1 DAGs
[2025-03-30T23:27:11.214+0000] {logging_mixin.py:190} INFO - [2025-03-30T23:27:11.213+0000] {dag.py:4180} INFO - Setting next_dagrun for example_task_group to None, run_after=None
[2025-03-30T23:27:11.258+0000] {processor.py:208} INFO - Processing /home/airflow/.local/lib/python3.12/site-packages/airflow/example_dags/example_task_group.py took 0.163 seconds
[2025-03-30T23:27:42.782+0000] {processor.py:186} INFO - Started process (PID=784) to work on /home/airflow/.local/lib/python3.12/site-packages/airflow/example_dags/example_task_group.py
[2025-03-30T23:27:42.786+0000] {processor.py:914} INFO - Processing file /home/airflow/.local/lib/python3.12/site-packages/airflow/example_dags/example_task_group.py for tasks to queue
[2025-03-30T23:27:42.793+0000] {logging_mixin.py:190} INFO - [2025-03-30T23:27:42.792+0000] {dagbag.py:588} INFO - Filling up the DagBag from /home/airflow/.local/lib/python3.12/site-packages/airflow/example_dags/example_task_group.py
[2025-03-30T23:27:42.813+0000] {processor.py:925} INFO - DAG(s) 'example_task_group' retrieved from /home/airflow/.local/lib/python3.12/site-packages/airflow/example_dags/example_task_group.py
[2025-03-30T23:27:42.861+0000] {logging_mixin.py:190} INFO - [2025-03-30T23:27:42.861+0000] {dag.py:3239} INFO - Sync 1 DAGs
[2025-03-30T23:27:42.887+0000] {logging_mixin.py:190} INFO - [2025-03-30T23:27:42.887+0000] {dag.py:4180} INFO - Setting next_dagrun for example_task_group to None, run_after=None
[2025-03-30T23:27:42.927+0000] {processor.py:208} INFO - Processing /home/airflow/.local/lib/python3.12/site-packages/airflow/example_dags/example_task_group.py took 0.159 seconds
[2025-03-30T23:28:14.322+0000] {processor.py:186} INFO - Started process (PID=848) to work on /home/airflow/.local/lib/python3.12/site-packages/airflow/example_dags/example_task_group.py
[2025-03-30T23:28:14.325+0000] {processor.py:914} INFO - Processing file /home/airflow/.local/lib/python3.12/site-packages/airflow/example_dags/example_task_group.py for tasks to queue
[2025-03-30T23:28:14.332+0000] {logging_mixin.py:190} INFO - [2025-03-30T23:28:14.331+0000] {dagbag.py:588} INFO - Filling up the DagBag from /home/airflow/.local/lib/python3.12/site-packages/airflow/example_dags/example_task_group.py
[2025-03-30T23:28:14.350+0000] {processor.py:925} INFO - DAG(s) 'example_task_group' retrieved from /home/airflow/.local/lib/python3.12/site-packages/airflow/example_dags/example_task_group.py
[2025-03-30T23:28:14.391+0000] {logging_mixin.py:190} INFO - [2025-03-30T23:28:14.391+0000] {dag.py:3239} INFO - Sync 1 DAGs
[2025-03-30T23:28:14.423+0000] {logging_mixin.py:190} INFO - [2025-03-30T23:28:14.422+0000] {dag.py:4180} INFO - Setting next_dagrun for example_task_group to None, run_after=None
[2025-03-30T23:28:14.467+0000] {processor.py:208} INFO - Processing /home/airflow/.local/lib/python3.12/site-packages/airflow/example_dags/example_task_group.py took 0.159 seconds
[2025-03-30T23:28:45.959+0000] {processor.py:186} INFO - Started process (PID=918) to work on /home/airflow/.local/lib/python3.12/site-packages/airflow/example_dags/example_task_group.py
[2025-03-30T23:28:45.964+0000] {processor.py:914} INFO - Processing file /home/airflow/.local/lib/python3.12/site-packages/airflow/example_dags/example_task_group.py for tasks to queue
[2025-03-30T23:28:45.972+0000] {logging_mixin.py:190} INFO - [2025-03-30T23:28:45.971+0000] {dagbag.py:588} INFO - Filling up the DagBag from /home/airflow/.local/lib/python3.12/site-packages/airflow/example_dags/example_task_group.py
[2025-03-30T23:28:45.993+0000] {processor.py:925} INFO - DAG(s) 'example_task_group' retrieved from /home/airflow/.local/lib/python3.12/site-packages/airflow/example_dags/example_task_group.py
[2025-03-30T23:28:46.050+0000] {logging_mixin.py:190} INFO - [2025-03-30T23:28:46.050+0000] {dag.py:3239} INFO - Sync 1 DAGs
[2025-03-30T23:28:46.079+0000] {logging_mixin.py:190} INFO - [2025-03-30T23:28:46.079+0000] {dag.py:4180} INFO - Setting next_dagrun for example_task_group to None, run_after=None
[2025-03-30T23:28:46.149+0000] {processor.py:208} INFO - Processing /home/airflow/.local/lib/python3.12/site-packages/airflow/example_dags/example_task_group.py took 0.206 seconds
[2025-03-30T23:29:16.441+0000] {processor.py:186} INFO - Started process (PID=981) to work on /home/airflow/.local/lib/python3.12/site-packages/airflow/example_dags/example_task_group.py
[2025-03-30T23:29:16.444+0000] {processor.py:914} INFO - Processing file /home/airflow/.local/lib/python3.12/site-packages/airflow/example_dags/example_task_group.py for tasks to queue
[2025-03-30T23:29:16.448+0000] {logging_mixin.py:190} INFO - [2025-03-30T23:29:16.448+0000] {dagbag.py:588} INFO - Filling up the DagBag from /home/airflow/.local/lib/python3.12/site-packages/airflow/example_dags/example_task_group.py
[2025-03-30T23:29:16.464+0000] {processor.py:925} INFO - DAG(s) 'example_task_group' retrieved from /home/airflow/.local/lib/python3.12/site-packages/airflow/example_dags/example_task_group.py
[2025-03-30T23:29:16.511+0000] {logging_mixin.py:190} INFO - [2025-03-30T23:29:16.511+0000] {dag.py:3239} INFO - Sync 1 DAGs
[2025-03-30T23:29:16.547+0000] {logging_mixin.py:190} INFO - [2025-03-30T23:29:16.546+0000] {dag.py:4180} INFO - Setting next_dagrun for example_task_group to None, run_after=None
[2025-03-30T23:29:16.597+0000] {processor.py:208} INFO - Processing /home/airflow/.local/lib/python3.12/site-packages/airflow/example_dags/example_task_group.py took 0.163 seconds
[2025-03-30T23:29:48.388+0000] {processor.py:186} INFO - Started process (PID=1046) to work on /home/airflow/.local/lib/python3.12/site-packages/airflow/example_dags/example_task_group.py
[2025-03-30T23:29:48.391+0000] {processor.py:914} INFO - Processing file /home/airflow/.local/lib/python3.12/site-packages/airflow/example_dags/example_task_group.py for tasks to queue
[2025-03-30T23:29:48.396+0000] {logging_mixin.py:190} INFO - [2025-03-30T23:29:48.396+0000] {dagbag.py:588} INFO - Filling up the DagBag from /home/airflow/.local/lib/python3.12/site-packages/airflow/example_dags/example_task_group.py
[2025-03-30T23:29:48.414+0000] {processor.py:925} INFO - DAG(s) 'example_task_group' retrieved from /home/airflow/.local/lib/python3.12/site-packages/airflow/example_dags/example_task_group.py
[2025-03-30T23:29:48.463+0000] {logging_mixin.py:190} INFO - [2025-03-30T23:29:48.462+0000] {dag.py:3239} INFO - Sync 1 DAGs
[2025-03-30T23:29:48.499+0000] {logging_mixin.py:190} INFO - [2025-03-30T23:29:48.498+0000] {dag.py:4180} INFO - Setting next_dagrun for example_task_group to None, run_after=None
[2025-03-30T23:29:48.552+0000] {processor.py:208} INFO - Processing /home/airflow/.local/lib/python3.12/site-packages/airflow/example_dags/example_task_group.py took 0.174 seconds
[2025-03-30T23:30:19.800+0000] {processor.py:186} INFO - Started process (PID=1109) to work on /home/airflow/.local/lib/python3.12/site-packages/airflow/example_dags/example_task_group.py
[2025-03-30T23:30:19.804+0000] {processor.py:914} INFO - Processing file /home/airflow/.local/lib/python3.12/site-packages/airflow/example_dags/example_task_group.py for tasks to queue
[2025-03-30T23:30:19.810+0000] {logging_mixin.py:190} INFO - [2025-03-30T23:30:19.809+0000] {dagbag.py:588} INFO - Filling up the DagBag from /home/airflow/.local/lib/python3.12/site-packages/airflow/example_dags/example_task_group.py
[2025-03-30T23:30:19.826+0000] {processor.py:925} INFO - DAG(s) 'example_task_group' retrieved from /home/airflow/.local/lib/python3.12/site-packages/airflow/example_dags/example_task_group.py
[2025-03-30T23:30:19.865+0000] {logging_mixin.py:190} INFO - [2025-03-30T23:30:19.864+0000] {dag.py:3239} INFO - Sync 1 DAGs
[2025-03-30T23:30:19.893+0000] {logging_mixin.py:190} INFO - [2025-03-30T23:30:19.892+0000] {dag.py:4180} INFO - Setting next_dagrun for example_task_group to None, run_after=None
[2025-03-30T23:30:19.947+0000] {processor.py:208} INFO - Processing /home/airflow/.local/lib/python3.12/site-packages/airflow/example_dags/example_task_group.py took 0.158 seconds
[2025-03-30T23:30:51.177+0000] {processor.py:186} INFO - Started process (PID=1173) to work on /home/airflow/.local/lib/python3.12/site-packages/airflow/example_dags/example_task_group.py
[2025-03-30T23:30:51.181+0000] {processor.py:914} INFO - Processing file /home/airflow/.local/lib/python3.12/site-packages/airflow/example_dags/example_task_group.py for tasks to queue
[2025-03-30T23:30:51.187+0000] {logging_mixin.py:190} INFO - [2025-03-30T23:30:51.186+0000] {dagbag.py:588} INFO - Filling up the DagBag from /home/airflow/.local/lib/python3.12/site-packages/airflow/example_dags/example_task_group.py
[2025-03-30T23:30:51.206+0000] {processor.py:925} INFO - DAG(s) 'example_task_group' retrieved from /home/airflow/.local/lib/python3.12/site-packages/airflow/example_dags/example_task_group.py
[2025-03-30T23:30:51.247+0000] {logging_mixin.py:190} INFO - [2025-03-30T23:30:51.247+0000] {dag.py:3239} INFO - Sync 1 DAGs
[2025-03-30T23:30:51.278+0000] {logging_mixin.py:190} INFO - [2025-03-30T23:30:51.277+0000] {dag.py:4180} INFO - Setting next_dagrun for example_task_group to None, run_after=None
[2025-03-30T23:30:51.317+0000] {processor.py:208} INFO - Processing /home/airflow/.local/lib/python3.12/site-packages/airflow/example_dags/example_task_group.py took 0.151 seconds
[2025-03-30T23:31:22.785+0000] {processor.py:186} INFO - Started process (PID=1237) to work on /home/airflow/.local/lib/python3.12/site-packages/airflow/example_dags/example_task_group.py
[2025-03-30T23:31:22.788+0000] {processor.py:914} INFO - Processing file /home/airflow/.local/lib/python3.12/site-packages/airflow/example_dags/example_task_group.py for tasks to queue
[2025-03-30T23:31:22.794+0000] {logging_mixin.py:190} INFO - [2025-03-30T23:31:22.793+0000] {dagbag.py:588} INFO - Filling up the DagBag from /home/airflow/.local/lib/python3.12/site-packages/airflow/example_dags/example_task_group.py
[2025-03-30T23:31:22.812+0000] {processor.py:925} INFO - DAG(s) 'example_task_group' retrieved from /home/airflow/.local/lib/python3.12/site-packages/airflow/example_dags/example_task_group.py
[2025-03-30T23:31:22.853+0000] {logging_mixin.py:190} INFO - [2025-03-30T23:31:22.852+0000] {dag.py:3239} INFO - Sync 1 DAGs
[2025-03-30T23:31:22.879+0000] {logging_mixin.py:190} INFO - [2025-03-30T23:31:22.878+0000] {dag.py:4180} INFO - Setting next_dagrun for example_task_group to None, run_after=None
[2025-03-30T23:31:22.923+0000] {processor.py:208} INFO - Processing /home/airflow/.local/lib/python3.12/site-packages/airflow/example_dags/example_task_group.py took 0.149 seconds
[2025-03-30T23:31:54.362+0000] {processor.py:186} INFO - Started process (PID=1301) to work on /home/airflow/.local/lib/python3.12/site-packages/airflow/example_dags/example_task_group.py
[2025-03-30T23:31:54.364+0000] {processor.py:914} INFO - Processing file /home/airflow/.local/lib/python3.12/site-packages/airflow/example_dags/example_task_group.py for tasks to queue
[2025-03-30T23:31:54.369+0000] {logging_mixin.py:190} INFO - [2025-03-30T23:31:54.368+0000] {dagbag.py:588} INFO - Filling up the DagBag from /home/airflow/.local/lib/python3.12/site-packages/airflow/example_dags/example_task_group.py
[2025-03-30T23:31:54.386+0000] {processor.py:925} INFO - DAG(s) 'example_task_group' retrieved from /home/airflow/.local/lib/python3.12/site-packages/airflow/example_dags/example_task_group.py
[2025-03-30T23:31:54.422+0000] {logging_mixin.py:190} INFO - [2025-03-30T23:31:54.422+0000] {dag.py:3239} INFO - Sync 1 DAGs
[2025-03-30T23:31:54.452+0000] {logging_mixin.py:190} INFO - [2025-03-30T23:31:54.452+0000] {dag.py:4180} INFO - Setting next_dagrun for example_task_group to None, run_after=None
[2025-03-30T23:31:54.504+0000] {processor.py:208} INFO - Processing /home/airflow/.local/lib/python3.12/site-packages/airflow/example_dags/example_task_group.py took 0.153 seconds
[2025-03-30T23:32:26.217+0000] {processor.py:186} INFO - Started process (PID=1365) to work on /home/airflow/.local/lib/python3.12/site-packages/airflow/example_dags/example_task_group.py
[2025-03-30T23:32:26.221+0000] {processor.py:914} INFO - Processing file /home/airflow/.local/lib/python3.12/site-packages/airflow/example_dags/example_task_group.py for tasks to queue
[2025-03-30T23:32:26.227+0000] {logging_mixin.py:190} INFO - [2025-03-30T23:32:26.226+0000] {dagbag.py:588} INFO - Filling up the DagBag from /home/airflow/.local/lib/python3.12/site-packages/airflow/example_dags/example_task_group.py
[2025-03-30T23:32:26.246+0000] {processor.py:925} INFO - DAG(s) 'example_task_group' retrieved from /home/airflow/.local/lib/python3.12/site-packages/airflow/example_dags/example_task_group.py
[2025-03-30T23:32:26.302+0000] {logging_mixin.py:190} INFO - [2025-03-30T23:32:26.301+0000] {dag.py:3239} INFO - Sync 1 DAGs
[2025-03-30T23:32:26.329+0000] {logging_mixin.py:190} INFO - [2025-03-30T23:32:26.328+0000] {dag.py:4180} INFO - Setting next_dagrun for example_task_group to None, run_after=None
[2025-03-30T23:32:26.371+0000] {processor.py:208} INFO - Processing /home/airflow/.local/lib/python3.12/site-packages/airflow/example_dags/example_task_group.py took 0.167 seconds
[2025-03-30T23:32:58.169+0000] {processor.py:186} INFO - Started process (PID=1429) to work on /home/airflow/.local/lib/python3.12/site-packages/airflow/example_dags/example_task_group.py
[2025-03-30T23:32:58.172+0000] {processor.py:914} INFO - Processing file /home/airflow/.local/lib/python3.12/site-packages/airflow/example_dags/example_task_group.py for tasks to queue
[2025-03-30T23:32:58.177+0000] {logging_mixin.py:190} INFO - [2025-03-30T23:32:58.176+0000] {dagbag.py:588} INFO - Filling up the DagBag from /home/airflow/.local/lib/python3.12/site-packages/airflow/example_dags/example_task_group.py
[2025-03-30T23:32:58.196+0000] {processor.py:925} INFO - DAG(s) 'example_task_group' retrieved from /home/airflow/.local/lib/python3.12/site-packages/airflow/example_dags/example_task_group.py
[2025-03-30T23:32:58.242+0000] {logging_mixin.py:190} INFO - [2025-03-30T23:32:58.241+0000] {dag.py:3239} INFO - Sync 1 DAGs
[2025-03-30T23:32:58.270+0000] {logging_mixin.py:190} INFO - [2025-03-30T23:32:58.269+0000] {dag.py:4180} INFO - Setting next_dagrun for example_task_group to None, run_after=None
[2025-03-30T23:32:58.308+0000] {processor.py:208} INFO - Processing /home/airflow/.local/lib/python3.12/site-packages/airflow/example_dags/example_task_group.py took 0.149 seconds
[2025-03-30T23:33:29.615+0000] {processor.py:186} INFO - Started process (PID=1493) to work on /home/airflow/.local/lib/python3.12/site-packages/airflow/example_dags/example_task_group.py
[2025-03-30T23:33:29.619+0000] {processor.py:914} INFO - Processing file /home/airflow/.local/lib/python3.12/site-packages/airflow/example_dags/example_task_group.py for tasks to queue
[2025-03-30T23:33:29.625+0000] {logging_mixin.py:190} INFO - [2025-03-30T23:33:29.624+0000] {dagbag.py:588} INFO - Filling up the DagBag from /home/airflow/.local/lib/python3.12/site-packages/airflow/example_dags/example_task_group.py
[2025-03-30T23:33:29.643+0000] {processor.py:925} INFO - DAG(s) 'example_task_group' retrieved from /home/airflow/.local/lib/python3.12/site-packages/airflow/example_dags/example_task_group.py
[2025-03-30T23:33:29.689+0000] {logging_mixin.py:190} INFO - [2025-03-30T23:33:29.688+0000] {dag.py:3239} INFO - Sync 1 DAGs
[2025-03-30T23:33:29.719+0000] {logging_mixin.py:190} INFO - [2025-03-30T23:33:29.719+0000] {dag.py:4180} INFO - Setting next_dagrun for example_task_group to None, run_after=None
[2025-03-30T23:33:29.769+0000] {processor.py:208} INFO - Processing /home/airflow/.local/lib/python3.12/site-packages/airflow/example_dags/example_task_group.py took 0.166 seconds
[2025-03-30T23:53:01.559+0000] {processor.py:186} INFO - Started process (PID=1587) to work on /home/airflow/.local/lib/python3.12/site-packages/airflow/example_dags/example_task_group.py
[2025-03-30T23:53:01.561+0000] {processor.py:914} INFO - Processing file /home/airflow/.local/lib/python3.12/site-packages/airflow/example_dags/example_task_group.py for tasks to queue
[2025-03-30T23:53:01.565+0000] {logging_mixin.py:190} INFO - [2025-03-30T23:53:01.564+0000] {dagbag.py:588} INFO - Filling up the DagBag from /home/airflow/.local/lib/python3.12/site-packages/airflow/example_dags/example_task_group.py
[2025-03-30T23:53:01.574+0000] {processor.py:925} INFO - DAG(s) 'example_task_group' retrieved from /home/airflow/.local/lib/python3.12/site-packages/airflow/example_dags/example_task_group.py
[2025-03-30T23:53:01.592+0000] {logging_mixin.py:190} INFO - [2025-03-30T23:53:01.592+0000] {dag.py:3239} INFO - Sync 1 DAGs
[2025-03-30T23:53:01.604+0000] {logging_mixin.py:190} INFO - [2025-03-30T23:53:01.603+0000] {dag.py:4180} INFO - Setting next_dagrun for example_task_group to None, run_after=None
[2025-03-30T23:53:01.628+0000] {processor.py:208} INFO - Processing /home/airflow/.local/lib/python3.12/site-packages/airflow/example_dags/example_task_group.py took 0.076 seconds
