[2025-03-30T23:20:30.267+0000] {processor.py:186} INFO - Started process (PID=49) to work on /home/airflow/.local/lib/python3.12/site-packages/airflow/example_dags/example_external_task_marker_dag.py
[2025-03-30T23:20:30.269+0000] {processor.py:914} INFO - Processing file /home/airflow/.local/lib/python3.12/site-packages/airflow/example_dags/example_external_task_marker_dag.py for tasks to queue
[2025-03-30T23:20:30.273+0000] {logging_mixin.py:190} INFO - [2025-03-30T23:20:30.272+0000] {dagbag.py:588} INFO - Filling up the DagBag from /home/airflow/.local/lib/python3.12/site-packages/airflow/example_dags/example_external_task_marker_dag.py
[2025-03-30T23:20:30.286+0000] {processor.py:925} INFO - DAG(s) 'example_external_task_marker_child', 'example_external_task_marker_parent' retrieved from /home/airflow/.local/lib/python3.12/site-packages/airflow/example_dags/example_external_task_marker_dag.py
[2025-03-30T23:20:30.331+0000] {logging_mixin.py:190} INFO - [2025-03-30T23:20:30.330+0000] {dag.py:3239} INFO - Sync 2 DAGs
[2025-03-30T23:20:30.366+0000] {logging_mixin.py:190} INFO - [2025-03-30T23:20:30.365+0000] {dag.py:4180} INFO - Setting next_dagrun for example_external_task_marker_child to None, run_after=None
[2025-03-30T23:20:30.373+0000] {logging_mixin.py:190} INFO - [2025-03-30T23:20:30.372+0000] {dag.py:4180} INFO - Setting next_dagrun for example_external_task_marker_parent to None, run_after=None
[2025-03-30T23:20:30.403+0000] {processor.py:208} INFO - Processing /home/airflow/.local/lib/python3.12/site-packages/airflow/example_dags/example_external_task_marker_dag.py took 0.144 seconds
[2025-03-30T23:21:01.452+0000] {processor.py:186} INFO - Started process (PID=112) to work on /home/airflow/.local/lib/python3.12/site-packages/airflow/example_dags/example_external_task_marker_dag.py
[2025-03-30T23:21:01.455+0000] {processor.py:914} INFO - Processing file /home/airflow/.local/lib/python3.12/site-packages/airflow/example_dags/example_external_task_marker_dag.py for tasks to queue
[2025-03-30T23:21:01.461+0000] {logging_mixin.py:190} INFO - [2025-03-30T23:21:01.460+0000] {dagbag.py:588} INFO - Filling up the DagBag from /home/airflow/.local/lib/python3.12/site-packages/airflow/example_dags/example_external_task_marker_dag.py
[2025-03-30T23:21:01.482+0000] {processor.py:925} INFO - DAG(s) 'example_external_task_marker_parent', 'example_external_task_marker_child' retrieved from /home/airflow/.local/lib/python3.12/site-packages/airflow/example_dags/example_external_task_marker_dag.py
[2025-03-30T23:21:01.545+0000] {logging_mixin.py:190} INFO - [2025-03-30T23:21:01.544+0000] {dag.py:3239} INFO - Sync 2 DAGs
[2025-03-30T23:21:01.581+0000] {logging_mixin.py:190} INFO - [2025-03-30T23:21:01.580+0000] {dag.py:4180} INFO - Setting next_dagrun for example_external_task_marker_child to None, run_after=None
[2025-03-30T23:21:01.591+0000] {logging_mixin.py:190} INFO - [2025-03-30T23:21:01.590+0000] {dag.py:4180} INFO - Setting next_dagrun for example_external_task_marker_parent to None, run_after=None
[2025-03-30T23:21:01.624+0000] {processor.py:208} INFO - Processing /home/airflow/.local/lib/python3.12/site-packages/airflow/example_dags/example_external_task_marker_dag.py took 0.183 seconds
[2025-03-30T23:21:49.564+0000] {processor.py:186} INFO - Started process (PID=55) to work on /home/airflow/.local/lib/python3.12/site-packages/airflow/example_dags/example_external_task_marker_dag.py
[2025-03-30T23:21:49.568+0000] {processor.py:914} INFO - Processing file /home/airflow/.local/lib/python3.12/site-packages/airflow/example_dags/example_external_task_marker_dag.py for tasks to queue
[2025-03-30T23:21:49.574+0000] {logging_mixin.py:190} INFO - [2025-03-30T23:21:49.574+0000] {dagbag.py:588} INFO - Filling up the DagBag from /home/airflow/.local/lib/python3.12/site-packages/airflow/example_dags/example_external_task_marker_dag.py
[2025-03-30T23:21:49.599+0000] {processor.py:925} INFO - DAG(s) 'example_external_task_marker_child', 'example_external_task_marker_parent' retrieved from /home/airflow/.local/lib/python3.12/site-packages/airflow/example_dags/example_external_task_marker_dag.py
[2025-03-30T23:21:49.658+0000] {logging_mixin.py:190} INFO - [2025-03-30T23:21:49.657+0000] {dag.py:3239} INFO - Sync 2 DAGs
[2025-03-30T23:21:49.689+0000] {logging_mixin.py:190} INFO - [2025-03-30T23:21:49.688+0000] {dag.py:4180} INFO - Setting next_dagrun for example_external_task_marker_child to None, run_after=None
[2025-03-30T23:21:49.700+0000] {logging_mixin.py:190} INFO - [2025-03-30T23:21:49.700+0000] {dag.py:4180} INFO - Setting next_dagrun for example_external_task_marker_parent to None, run_after=None
[2025-03-30T23:21:49.737+0000] {processor.py:208} INFO - Processing /home/airflow/.local/lib/python3.12/site-packages/airflow/example_dags/example_external_task_marker_dag.py took 0.185 seconds
[2025-03-30T23:22:19.884+0000] {processor.py:186} INFO - Started process (PID=118) to work on /home/airflow/.local/lib/python3.12/site-packages/airflow/example_dags/example_external_task_marker_dag.py
[2025-03-30T23:22:19.888+0000] {processor.py:914} INFO - Processing file /home/airflow/.local/lib/python3.12/site-packages/airflow/example_dags/example_external_task_marker_dag.py for tasks to queue
[2025-03-30T23:22:19.894+0000] {logging_mixin.py:190} INFO - [2025-03-30T23:22:19.894+0000] {dagbag.py:588} INFO - Filling up the DagBag from /home/airflow/.local/lib/python3.12/site-packages/airflow/example_dags/example_external_task_marker_dag.py
[2025-03-30T23:22:19.910+0000] {processor.py:925} INFO - DAG(s) 'example_external_task_marker_child', 'example_external_task_marker_parent' retrieved from /home/airflow/.local/lib/python3.12/site-packages/airflow/example_dags/example_external_task_marker_dag.py
[2025-03-30T23:22:19.957+0000] {logging_mixin.py:190} INFO - [2025-03-30T23:22:19.956+0000] {dag.py:3239} INFO - Sync 2 DAGs
[2025-03-30T23:22:19.983+0000] {logging_mixin.py:190} INFO - [2025-03-30T23:22:19.983+0000] {dag.py:4180} INFO - Setting next_dagrun for example_external_task_marker_child to None, run_after=None
[2025-03-30T23:22:19.995+0000] {logging_mixin.py:190} INFO - [2025-03-30T23:22:19.994+0000] {dag.py:4180} INFO - Setting next_dagrun for example_external_task_marker_parent to None, run_after=None
[2025-03-30T23:22:20.036+0000] {processor.py:208} INFO - Processing /home/airflow/.local/lib/python3.12/site-packages/airflow/example_dags/example_external_task_marker_dag.py took 0.163 seconds
[2025-03-30T23:22:50.285+0000] {processor.py:186} INFO - Started process (PID=182) to work on /home/airflow/.local/lib/python3.12/site-packages/airflow/example_dags/example_external_task_marker_dag.py
[2025-03-30T23:22:50.288+0000] {processor.py:914} INFO - Processing file /home/airflow/.local/lib/python3.12/site-packages/airflow/example_dags/example_external_task_marker_dag.py for tasks to queue
[2025-03-30T23:22:50.294+0000] {logging_mixin.py:190} INFO - [2025-03-30T23:22:50.293+0000] {dagbag.py:588} INFO - Filling up the DagBag from /home/airflow/.local/lib/python3.12/site-packages/airflow/example_dags/example_external_task_marker_dag.py
[2025-03-30T23:22:50.314+0000] {processor.py:925} INFO - DAG(s) 'example_external_task_marker_child', 'example_external_task_marker_parent' retrieved from /home/airflow/.local/lib/python3.12/site-packages/airflow/example_dags/example_external_task_marker_dag.py
[2025-03-30T23:22:50.367+0000] {logging_mixin.py:190} INFO - [2025-03-30T23:22:50.366+0000] {dag.py:3239} INFO - Sync 2 DAGs
[2025-03-30T23:22:50.397+0000] {logging_mixin.py:190} INFO - [2025-03-30T23:22:50.397+0000] {dag.py:4180} INFO - Setting next_dagrun for example_external_task_marker_child to None, run_after=None
[2025-03-30T23:22:50.409+0000] {logging_mixin.py:190} INFO - [2025-03-30T23:22:50.408+0000] {dag.py:4180} INFO - Setting next_dagrun for example_external_task_marker_parent to None, run_after=None
[2025-03-30T23:22:50.450+0000] {processor.py:208} INFO - Processing /home/airflow/.local/lib/python3.12/site-packages/airflow/example_dags/example_external_task_marker_dag.py took 0.176 seconds
[2025-03-30T23:23:20.885+0000] {processor.py:186} INFO - Started process (PID=250) to work on /home/airflow/.local/lib/python3.12/site-packages/airflow/example_dags/example_external_task_marker_dag.py
[2025-03-30T23:23:20.890+0000] {processor.py:914} INFO - Processing file /home/airflow/.local/lib/python3.12/site-packages/airflow/example_dags/example_external_task_marker_dag.py for tasks to queue
[2025-03-30T23:23:20.897+0000] {logging_mixin.py:190} INFO - [2025-03-30T23:23:20.896+0000] {dagbag.py:588} INFO - Filling up the DagBag from /home/airflow/.local/lib/python3.12/site-packages/airflow/example_dags/example_external_task_marker_dag.py
[2025-03-30T23:23:20.917+0000] {processor.py:925} INFO - DAG(s) 'example_external_task_marker_child', 'example_external_task_marker_parent' retrieved from /home/airflow/.local/lib/python3.12/site-packages/airflow/example_dags/example_external_task_marker_dag.py
[2025-03-30T23:23:20.977+0000] {logging_mixin.py:190} INFO - [2025-03-30T23:23:20.976+0000] {dag.py:3239} INFO - Sync 2 DAGs
[2025-03-30T23:23:21.007+0000] {logging_mixin.py:190} INFO - [2025-03-30T23:23:21.006+0000] {dag.py:4180} INFO - Setting next_dagrun for example_external_task_marker_child to None, run_after=None
[2025-03-30T23:23:21.016+0000] {logging_mixin.py:190} INFO - [2025-03-30T23:23:21.015+0000] {dag.py:4180} INFO - Setting next_dagrun for example_external_task_marker_parent to None, run_after=None
[2025-03-30T23:23:21.058+0000] {processor.py:208} INFO - Processing /home/airflow/.local/lib/python3.12/site-packages/airflow/example_dags/example_external_task_marker_dag.py took 0.185 seconds
[2025-03-30T23:23:51.317+0000] {processor.py:186} INFO - Started process (PID=314) to work on /home/airflow/.local/lib/python3.12/site-packages/airflow/example_dags/example_external_task_marker_dag.py
[2025-03-30T23:23:51.320+0000] {processor.py:914} INFO - Processing file /home/airflow/.local/lib/python3.12/site-packages/airflow/example_dags/example_external_task_marker_dag.py for tasks to queue
[2025-03-30T23:23:51.326+0000] {logging_mixin.py:190} INFO - [2025-03-30T23:23:51.326+0000] {dagbag.py:588} INFO - Filling up the DagBag from /home/airflow/.local/lib/python3.12/site-packages/airflow/example_dags/example_external_task_marker_dag.py
[2025-03-30T23:23:51.342+0000] {processor.py:925} INFO - DAG(s) 'example_external_task_marker_child', 'example_external_task_marker_parent' retrieved from /home/airflow/.local/lib/python3.12/site-packages/airflow/example_dags/example_external_task_marker_dag.py
[2025-03-30T23:23:51.386+0000] {logging_mixin.py:190} INFO - [2025-03-30T23:23:51.386+0000] {dag.py:3239} INFO - Sync 2 DAGs
[2025-03-30T23:23:51.417+0000] {logging_mixin.py:190} INFO - [2025-03-30T23:23:51.416+0000] {dag.py:4180} INFO - Setting next_dagrun for example_external_task_marker_child to None, run_after=None
[2025-03-30T23:23:51.428+0000] {logging_mixin.py:190} INFO - [2025-03-30T23:23:51.427+0000] {dag.py:4180} INFO - Setting next_dagrun for example_external_task_marker_parent to None, run_after=None
[2025-03-30T23:23:51.474+0000] {processor.py:208} INFO - Processing /home/airflow/.local/lib/python3.12/site-packages/airflow/example_dags/example_external_task_marker_dag.py took 0.174 seconds
[2025-03-30T23:24:21.766+0000] {processor.py:186} INFO - Started process (PID=378) to work on /home/airflow/.local/lib/python3.12/site-packages/airflow/example_dags/example_external_task_marker_dag.py
[2025-03-30T23:24:21.769+0000] {processor.py:914} INFO - Processing file /home/airflow/.local/lib/python3.12/site-packages/airflow/example_dags/example_external_task_marker_dag.py for tasks to queue
[2025-03-30T23:24:21.776+0000] {logging_mixin.py:190} INFO - [2025-03-30T23:24:21.775+0000] {dagbag.py:588} INFO - Filling up the DagBag from /home/airflow/.local/lib/python3.12/site-packages/airflow/example_dags/example_external_task_marker_dag.py
[2025-03-30T23:24:21.792+0000] {processor.py:925} INFO - DAG(s) 'example_external_task_marker_parent', 'example_external_task_marker_child' retrieved from /home/airflow/.local/lib/python3.12/site-packages/airflow/example_dags/example_external_task_marker_dag.py
[2025-03-30T23:24:21.838+0000] {logging_mixin.py:190} INFO - [2025-03-30T23:24:21.837+0000] {dag.py:3239} INFO - Sync 2 DAGs
[2025-03-30T23:24:21.869+0000] {logging_mixin.py:190} INFO - [2025-03-30T23:24:21.869+0000] {dag.py:4180} INFO - Setting next_dagrun for example_external_task_marker_child to None, run_after=None
[2025-03-30T23:24:21.879+0000] {logging_mixin.py:190} INFO - [2025-03-30T23:24:21.879+0000] {dag.py:4180} INFO - Setting next_dagrun for example_external_task_marker_parent to None, run_after=None
[2025-03-30T23:24:21.911+0000] {processor.py:208} INFO - Processing /home/airflow/.local/lib/python3.12/site-packages/airflow/example_dags/example_external_task_marker_dag.py took 0.155 seconds
[2025-03-30T23:24:52.159+0000] {processor.py:186} INFO - Started process (PID=442) to work on /home/airflow/.local/lib/python3.12/site-packages/airflow/example_dags/example_external_task_marker_dag.py
[2025-03-30T23:24:52.162+0000] {processor.py:914} INFO - Processing file /home/airflow/.local/lib/python3.12/site-packages/airflow/example_dags/example_external_task_marker_dag.py for tasks to queue
[2025-03-30T23:24:52.168+0000] {logging_mixin.py:190} INFO - [2025-03-30T23:24:52.168+0000] {dagbag.py:588} INFO - Filling up the DagBag from /home/airflow/.local/lib/python3.12/site-packages/airflow/example_dags/example_external_task_marker_dag.py
[2025-03-30T23:24:52.186+0000] {processor.py:925} INFO - DAG(s) 'example_external_task_marker_parent', 'example_external_task_marker_child' retrieved from /home/airflow/.local/lib/python3.12/site-packages/airflow/example_dags/example_external_task_marker_dag.py
[2025-03-30T23:24:52.236+0000] {logging_mixin.py:190} INFO - [2025-03-30T23:24:52.235+0000] {dag.py:3239} INFO - Sync 2 DAGs
[2025-03-30T23:24:52.266+0000] {logging_mixin.py:190} INFO - [2025-03-30T23:24:52.266+0000] {dag.py:4180} INFO - Setting next_dagrun for example_external_task_marker_child to None, run_after=None
[2025-03-30T23:24:52.277+0000] {logging_mixin.py:190} INFO - [2025-03-30T23:24:52.276+0000] {dag.py:4180} INFO - Setting next_dagrun for example_external_task_marker_parent to None, run_after=None
[2025-03-30T23:24:52.311+0000] {processor.py:208} INFO - Processing /home/airflow/.local/lib/python3.12/site-packages/airflow/example_dags/example_external_task_marker_dag.py took 0.162 seconds
[2025-03-30T23:25:22.567+0000] {processor.py:186} INFO - Started process (PID=506) to work on /home/airflow/.local/lib/python3.12/site-packages/airflow/example_dags/example_external_task_marker_dag.py
[2025-03-30T23:25:22.570+0000] {processor.py:914} INFO - Processing file /home/airflow/.local/lib/python3.12/site-packages/airflow/example_dags/example_external_task_marker_dag.py for tasks to queue
[2025-03-30T23:25:22.575+0000] {logging_mixin.py:190} INFO - [2025-03-30T23:25:22.574+0000] {dagbag.py:588} INFO - Filling up the DagBag from /home/airflow/.local/lib/python3.12/site-packages/airflow/example_dags/example_external_task_marker_dag.py
[2025-03-30T23:25:22.592+0000] {processor.py:925} INFO - DAG(s) 'example_external_task_marker_child', 'example_external_task_marker_parent' retrieved from /home/airflow/.local/lib/python3.12/site-packages/airflow/example_dags/example_external_task_marker_dag.py
[2025-03-30T23:25:22.640+0000] {logging_mixin.py:190} INFO - [2025-03-30T23:25:22.639+0000] {dag.py:3239} INFO - Sync 2 DAGs
[2025-03-30T23:25:22.675+0000] {logging_mixin.py:190} INFO - [2025-03-30T23:25:22.675+0000] {dag.py:4180} INFO - Setting next_dagrun for example_external_task_marker_child to None, run_after=None
[2025-03-30T23:25:22.688+0000] {logging_mixin.py:190} INFO - [2025-03-30T23:25:22.687+0000] {dag.py:4180} INFO - Setting next_dagrun for example_external_task_marker_parent to None, run_after=None
[2025-03-30T23:25:22.730+0000] {processor.py:208} INFO - Processing /home/airflow/.local/lib/python3.12/site-packages/airflow/example_dags/example_external_task_marker_dag.py took 0.174 seconds
[2025-03-30T23:25:53.795+0000] {processor.py:186} INFO - Started process (PID=570) to work on /home/airflow/.local/lib/python3.12/site-packages/airflow/example_dags/example_external_task_marker_dag.py
[2025-03-30T23:25:53.800+0000] {processor.py:914} INFO - Processing file /home/airflow/.local/lib/python3.12/site-packages/airflow/example_dags/example_external_task_marker_dag.py for tasks to queue
[2025-03-30T23:25:53.805+0000] {logging_mixin.py:190} INFO - [2025-03-30T23:25:53.805+0000] {dagbag.py:588} INFO - Filling up the DagBag from /home/airflow/.local/lib/python3.12/site-packages/airflow/example_dags/example_external_task_marker_dag.py
[2025-03-30T23:25:53.821+0000] {processor.py:925} INFO - DAG(s) 'example_external_task_marker_child', 'example_external_task_marker_parent' retrieved from /home/airflow/.local/lib/python3.12/site-packages/airflow/example_dags/example_external_task_marker_dag.py
[2025-03-30T23:25:53.864+0000] {logging_mixin.py:190} INFO - [2025-03-30T23:25:53.863+0000] {dag.py:3239} INFO - Sync 2 DAGs
[2025-03-30T23:25:53.890+0000] {logging_mixin.py:190} INFO - [2025-03-30T23:25:53.890+0000] {dag.py:4180} INFO - Setting next_dagrun for example_external_task_marker_child to None, run_after=None
[2025-03-30T23:25:53.900+0000] {logging_mixin.py:190} INFO - [2025-03-30T23:25:53.899+0000] {dag.py:4180} INFO - Setting next_dagrun for example_external_task_marker_parent to None, run_after=None
[2025-03-30T23:25:53.945+0000] {processor.py:208} INFO - Processing /home/airflow/.local/lib/python3.12/site-packages/airflow/example_dags/example_external_task_marker_dag.py took 0.162 seconds
[2025-03-30T23:26:24.531+0000] {processor.py:186} INFO - Started process (PID=634) to work on /home/airflow/.local/lib/python3.12/site-packages/airflow/example_dags/example_external_task_marker_dag.py
[2025-03-30T23:26:24.535+0000] {processor.py:914} INFO - Processing file /home/airflow/.local/lib/python3.12/site-packages/airflow/example_dags/example_external_task_marker_dag.py for tasks to queue
[2025-03-30T23:26:24.543+0000] {logging_mixin.py:190} INFO - [2025-03-30T23:26:24.542+0000] {dagbag.py:588} INFO - Filling up the DagBag from /home/airflow/.local/lib/python3.12/site-packages/airflow/example_dags/example_external_task_marker_dag.py
[2025-03-30T23:26:24.558+0000] {processor.py:925} INFO - DAG(s) 'example_external_task_marker_child', 'example_external_task_marker_parent' retrieved from /home/airflow/.local/lib/python3.12/site-packages/airflow/example_dags/example_external_task_marker_dag.py
[2025-03-30T23:26:24.601+0000] {logging_mixin.py:190} INFO - [2025-03-30T23:26:24.601+0000] {dag.py:3239} INFO - Sync 2 DAGs
[2025-03-30T23:26:24.630+0000] {logging_mixin.py:190} INFO - [2025-03-30T23:26:24.629+0000] {dag.py:4180} INFO - Setting next_dagrun for example_external_task_marker_child to None, run_after=None
[2025-03-30T23:26:24.643+0000] {logging_mixin.py:190} INFO - [2025-03-30T23:26:24.642+0000] {dag.py:4180} INFO - Setting next_dagrun for example_external_task_marker_parent to None, run_after=None
[2025-03-30T23:26:24.694+0000] {processor.py:208} INFO - Processing /home/airflow/.local/lib/python3.12/site-packages/airflow/example_dags/example_external_task_marker_dag.py took 0.172 seconds
[2025-03-30T23:26:55.427+0000] {processor.py:186} INFO - Started process (PID=698) to work on /home/airflow/.local/lib/python3.12/site-packages/airflow/example_dags/example_external_task_marker_dag.py
[2025-03-30T23:26:55.432+0000] {processor.py:914} INFO - Processing file /home/airflow/.local/lib/python3.12/site-packages/airflow/example_dags/example_external_task_marker_dag.py for tasks to queue
[2025-03-30T23:26:55.439+0000] {logging_mixin.py:190} INFO - [2025-03-30T23:26:55.438+0000] {dagbag.py:588} INFO - Filling up the DagBag from /home/airflow/.local/lib/python3.12/site-packages/airflow/example_dags/example_external_task_marker_dag.py
[2025-03-30T23:26:55.458+0000] {processor.py:925} INFO - DAG(s) 'example_external_task_marker_child', 'example_external_task_marker_parent' retrieved from /home/airflow/.local/lib/python3.12/site-packages/airflow/example_dags/example_external_task_marker_dag.py
[2025-03-30T23:26:55.512+0000] {logging_mixin.py:190} INFO - [2025-03-30T23:26:55.511+0000] {dag.py:3239} INFO - Sync 2 DAGs
[2025-03-30T23:26:55.538+0000] {logging_mixin.py:190} INFO - [2025-03-30T23:26:55.538+0000] {dag.py:4180} INFO - Setting next_dagrun for example_external_task_marker_child to None, run_after=None
[2025-03-30T23:26:55.548+0000] {logging_mixin.py:190} INFO - [2025-03-30T23:26:55.548+0000] {dag.py:4180} INFO - Setting next_dagrun for example_external_task_marker_parent to None, run_after=None
[2025-03-30T23:26:55.594+0000] {processor.py:208} INFO - Processing /home/airflow/.local/lib/python3.12/site-packages/airflow/example_dags/example_external_task_marker_dag.py took 0.181 seconds
[2025-03-30T23:27:25.958+0000] {processor.py:186} INFO - Started process (PID=762) to work on /home/airflow/.local/lib/python3.12/site-packages/airflow/example_dags/example_external_task_marker_dag.py
[2025-03-30T23:27:25.961+0000] {processor.py:914} INFO - Processing file /home/airflow/.local/lib/python3.12/site-packages/airflow/example_dags/example_external_task_marker_dag.py for tasks to queue
[2025-03-30T23:27:25.967+0000] {logging_mixin.py:190} INFO - [2025-03-30T23:27:25.967+0000] {dagbag.py:588} INFO - Filling up the DagBag from /home/airflow/.local/lib/python3.12/site-packages/airflow/example_dags/example_external_task_marker_dag.py
[2025-03-30T23:27:25.986+0000] {processor.py:925} INFO - DAG(s) 'example_external_task_marker_parent', 'example_external_task_marker_child' retrieved from /home/airflow/.local/lib/python3.12/site-packages/airflow/example_dags/example_external_task_marker_dag.py
[2025-03-30T23:27:26.042+0000] {logging_mixin.py:190} INFO - [2025-03-30T23:27:26.041+0000] {dag.py:3239} INFO - Sync 2 DAGs
[2025-03-30T23:27:26.069+0000] {logging_mixin.py:190} INFO - [2025-03-30T23:27:26.068+0000] {dag.py:4180} INFO - Setting next_dagrun for example_external_task_marker_child to None, run_after=None
[2025-03-30T23:27:26.078+0000] {logging_mixin.py:190} INFO - [2025-03-30T23:27:26.077+0000] {dag.py:4180} INFO - Setting next_dagrun for example_external_task_marker_parent to None, run_after=None
[2025-03-30T23:27:26.126+0000] {processor.py:208} INFO - Processing /home/airflow/.local/lib/python3.12/site-packages/airflow/example_dags/example_external_task_marker_dag.py took 0.180 seconds
[2025-03-30T23:27:56.431+0000] {processor.py:186} INFO - Started process (PID=826) to work on /home/airflow/.local/lib/python3.12/site-packages/airflow/example_dags/example_external_task_marker_dag.py
[2025-03-30T23:27:56.466+0000] {processor.py:914} INFO - Processing file /home/airflow/.local/lib/python3.12/site-packages/airflow/example_dags/example_external_task_marker_dag.py for tasks to queue
[2025-03-30T23:27:56.501+0000] {logging_mixin.py:190} INFO - [2025-03-30T23:27:56.500+0000] {dagbag.py:588} INFO - Filling up the DagBag from /home/airflow/.local/lib/python3.12/site-packages/airflow/example_dags/example_external_task_marker_dag.py
[2025-03-30T23:27:56.573+0000] {processor.py:925} INFO - DAG(s) 'example_external_task_marker_parent', 'example_external_task_marker_child' retrieved from /home/airflow/.local/lib/python3.12/site-packages/airflow/example_dags/example_external_task_marker_dag.py
[2025-03-30T23:27:56.646+0000] {logging_mixin.py:190} INFO - [2025-03-30T23:27:56.645+0000] {dag.py:3239} INFO - Sync 2 DAGs
[2025-03-30T23:27:56.687+0000] {logging_mixin.py:190} INFO - [2025-03-30T23:27:56.687+0000] {dag.py:4180} INFO - Setting next_dagrun for example_external_task_marker_child to None, run_after=None
[2025-03-30T23:27:56.700+0000] {logging_mixin.py:190} INFO - [2025-03-30T23:27:56.699+0000] {dag.py:4180} INFO - Setting next_dagrun for example_external_task_marker_parent to None, run_after=None
[2025-03-30T23:27:56.745+0000] {processor.py:208} INFO - Processing /home/airflow/.local/lib/python3.12/site-packages/airflow/example_dags/example_external_task_marker_dag.py took 0.350 seconds
[2025-03-30T23:28:27.461+0000] {processor.py:186} INFO - Started process (PID=890) to work on /home/airflow/.local/lib/python3.12/site-packages/airflow/example_dags/example_external_task_marker_dag.py
[2025-03-30T23:28:27.463+0000] {processor.py:914} INFO - Processing file /home/airflow/.local/lib/python3.12/site-packages/airflow/example_dags/example_external_task_marker_dag.py for tasks to queue
[2025-03-30T23:28:27.471+0000] {logging_mixin.py:190} INFO - [2025-03-30T23:28:27.470+0000] {dagbag.py:588} INFO - Filling up the DagBag from /home/airflow/.local/lib/python3.12/site-packages/airflow/example_dags/example_external_task_marker_dag.py
[2025-03-30T23:28:27.487+0000] {processor.py:925} INFO - DAG(s) 'example_external_task_marker_child', 'example_external_task_marker_parent' retrieved from /home/airflow/.local/lib/python3.12/site-packages/airflow/example_dags/example_external_task_marker_dag.py
[2025-03-30T23:28:27.538+0000] {logging_mixin.py:190} INFO - [2025-03-30T23:28:27.537+0000] {dag.py:3239} INFO - Sync 2 DAGs
[2025-03-30T23:28:27.566+0000] {logging_mixin.py:190} INFO - [2025-03-30T23:28:27.565+0000] {dag.py:4180} INFO - Setting next_dagrun for example_external_task_marker_child to None, run_after=None
[2025-03-30T23:28:27.574+0000] {logging_mixin.py:190} INFO - [2025-03-30T23:28:27.573+0000] {dag.py:4180} INFO - Setting next_dagrun for example_external_task_marker_parent to None, run_after=None
[2025-03-30T23:28:27.606+0000] {processor.py:208} INFO - Processing /home/airflow/.local/lib/python3.12/site-packages/airflow/example_dags/example_external_task_marker_dag.py took 0.159 seconds
[2025-03-30T23:28:57.685+0000] {processor.py:186} INFO - Started process (PID=954) to work on /home/airflow/.local/lib/python3.12/site-packages/airflow/example_dags/example_external_task_marker_dag.py
[2025-03-30T23:28:57.688+0000] {processor.py:914} INFO - Processing file /home/airflow/.local/lib/python3.12/site-packages/airflow/example_dags/example_external_task_marker_dag.py for tasks to queue
[2025-03-30T23:28:57.695+0000] {logging_mixin.py:190} INFO - [2025-03-30T23:28:57.694+0000] {dagbag.py:588} INFO - Filling up the DagBag from /home/airflow/.local/lib/python3.12/site-packages/airflow/example_dags/example_external_task_marker_dag.py
[2025-03-30T23:28:57.713+0000] {processor.py:925} INFO - DAG(s) 'example_external_task_marker_parent', 'example_external_task_marker_child' retrieved from /home/airflow/.local/lib/python3.12/site-packages/airflow/example_dags/example_external_task_marker_dag.py
[2025-03-30T23:28:57.761+0000] {logging_mixin.py:190} INFO - [2025-03-30T23:28:57.761+0000] {dag.py:3239} INFO - Sync 2 DAGs
[2025-03-30T23:28:57.791+0000] {logging_mixin.py:190} INFO - [2025-03-30T23:28:57.790+0000] {dag.py:4180} INFO - Setting next_dagrun for example_external_task_marker_child to None, run_after=None
[2025-03-30T23:28:57.800+0000] {logging_mixin.py:190} INFO - [2025-03-30T23:28:57.799+0000] {dag.py:4180} INFO - Setting next_dagrun for example_external_task_marker_parent to None, run_after=None
[2025-03-30T23:28:57.834+0000] {processor.py:208} INFO - Processing /home/airflow/.local/lib/python3.12/site-packages/airflow/example_dags/example_external_task_marker_dag.py took 0.161 seconds
[2025-03-30T23:29:28.485+0000] {processor.py:186} INFO - Started process (PID=1018) to work on /home/airflow/.local/lib/python3.12/site-packages/airflow/example_dags/example_external_task_marker_dag.py
[2025-03-30T23:29:28.490+0000] {processor.py:914} INFO - Processing file /home/airflow/.local/lib/python3.12/site-packages/airflow/example_dags/example_external_task_marker_dag.py for tasks to queue
[2025-03-30T23:29:28.497+0000] {logging_mixin.py:190} INFO - [2025-03-30T23:29:28.496+0000] {dagbag.py:588} INFO - Filling up the DagBag from /home/airflow/.local/lib/python3.12/site-packages/airflow/example_dags/example_external_task_marker_dag.py
[2025-03-30T23:29:28.516+0000] {processor.py:925} INFO - DAG(s) 'example_external_task_marker_parent', 'example_external_task_marker_child' retrieved from /home/airflow/.local/lib/python3.12/site-packages/airflow/example_dags/example_external_task_marker_dag.py
[2025-03-30T23:29:28.566+0000] {logging_mixin.py:190} INFO - [2025-03-30T23:29:28.565+0000] {dag.py:3239} INFO - Sync 2 DAGs
[2025-03-30T23:29:28.600+0000] {logging_mixin.py:190} INFO - [2025-03-30T23:29:28.599+0000] {dag.py:4180} INFO - Setting next_dagrun for example_external_task_marker_child to None, run_after=None
[2025-03-30T23:29:28.612+0000] {logging_mixin.py:190} INFO - [2025-03-30T23:29:28.611+0000] {dag.py:4180} INFO - Setting next_dagrun for example_external_task_marker_parent to None, run_after=None
[2025-03-30T23:29:28.658+0000] {processor.py:208} INFO - Processing /home/airflow/.local/lib/python3.12/site-packages/airflow/example_dags/example_external_task_marker_dag.py took 0.184 seconds
[2025-03-30T23:29:59.581+0000] {processor.py:186} INFO - Started process (PID=1082) to work on /home/airflow/.local/lib/python3.12/site-packages/airflow/example_dags/example_external_task_marker_dag.py
[2025-03-30T23:29:59.585+0000] {processor.py:914} INFO - Processing file /home/airflow/.local/lib/python3.12/site-packages/airflow/example_dags/example_external_task_marker_dag.py for tasks to queue
[2025-03-30T23:29:59.590+0000] {logging_mixin.py:190} INFO - [2025-03-30T23:29:59.589+0000] {dagbag.py:588} INFO - Filling up the DagBag from /home/airflow/.local/lib/python3.12/site-packages/airflow/example_dags/example_external_task_marker_dag.py
[2025-03-30T23:29:59.605+0000] {processor.py:925} INFO - DAG(s) 'example_external_task_marker_child', 'example_external_task_marker_parent' retrieved from /home/airflow/.local/lib/python3.12/site-packages/airflow/example_dags/example_external_task_marker_dag.py
[2025-03-30T23:29:59.648+0000] {logging_mixin.py:190} INFO - [2025-03-30T23:29:59.647+0000] {dag.py:3239} INFO - Sync 2 DAGs
[2025-03-30T23:29:59.675+0000] {logging_mixin.py:190} INFO - [2025-03-30T23:29:59.675+0000] {dag.py:4180} INFO - Setting next_dagrun for example_external_task_marker_child to None, run_after=None
[2025-03-30T23:29:59.685+0000] {logging_mixin.py:190} INFO - [2025-03-30T23:29:59.684+0000] {dag.py:4180} INFO - Setting next_dagrun for example_external_task_marker_parent to None, run_after=None
[2025-03-30T23:29:59.715+0000] {processor.py:208} INFO - Processing /home/airflow/.local/lib/python3.12/site-packages/airflow/example_dags/example_external_task_marker_dag.py took 0.145 seconds
[2025-03-30T23:30:31.116+0000] {processor.py:186} INFO - Started process (PID=1146) to work on /home/airflow/.local/lib/python3.12/site-packages/airflow/example_dags/example_external_task_marker_dag.py
[2025-03-30T23:30:31.120+0000] {processor.py:914} INFO - Processing file /home/airflow/.local/lib/python3.12/site-packages/airflow/example_dags/example_external_task_marker_dag.py for tasks to queue
[2025-03-30T23:30:31.129+0000] {logging_mixin.py:190} INFO - [2025-03-30T23:30:31.127+0000] {dagbag.py:588} INFO - Filling up the DagBag from /home/airflow/.local/lib/python3.12/site-packages/airflow/example_dags/example_external_task_marker_dag.py
[2025-03-30T23:30:31.148+0000] {processor.py:925} INFO - DAG(s) 'example_external_task_marker_parent', 'example_external_task_marker_child' retrieved from /home/airflow/.local/lib/python3.12/site-packages/airflow/example_dags/example_external_task_marker_dag.py
[2025-03-30T23:30:31.207+0000] {logging_mixin.py:190} INFO - [2025-03-30T23:30:31.206+0000] {dag.py:3239} INFO - Sync 2 DAGs
[2025-03-30T23:30:31.244+0000] {logging_mixin.py:190} INFO - [2025-03-30T23:30:31.243+0000] {dag.py:4180} INFO - Setting next_dagrun for example_external_task_marker_child to None, run_after=None
[2025-03-30T23:30:31.254+0000] {logging_mixin.py:190} INFO - [2025-03-30T23:30:31.254+0000] {dag.py:4180} INFO - Setting next_dagrun for example_external_task_marker_parent to None, run_after=None
[2025-03-30T23:30:31.293+0000] {processor.py:208} INFO - Processing /home/airflow/.local/lib/python3.12/site-packages/airflow/example_dags/example_external_task_marker_dag.py took 0.190 seconds
[2025-03-30T23:31:01.994+0000] {processor.py:186} INFO - Started process (PID=1210) to work on /home/airflow/.local/lib/python3.12/site-packages/airflow/example_dags/example_external_task_marker_dag.py
[2025-03-30T23:31:01.997+0000] {processor.py:914} INFO - Processing file /home/airflow/.local/lib/python3.12/site-packages/airflow/example_dags/example_external_task_marker_dag.py for tasks to queue
[2025-03-30T23:31:02.003+0000] {logging_mixin.py:190} INFO - [2025-03-30T23:31:02.003+0000] {dagbag.py:588} INFO - Filling up the DagBag from /home/airflow/.local/lib/python3.12/site-packages/airflow/example_dags/example_external_task_marker_dag.py
[2025-03-30T23:31:02.019+0000] {processor.py:925} INFO - DAG(s) 'example_external_task_marker_child', 'example_external_task_marker_parent' retrieved from /home/airflow/.local/lib/python3.12/site-packages/airflow/example_dags/example_external_task_marker_dag.py
[2025-03-30T23:31:02.063+0000] {logging_mixin.py:190} INFO - [2025-03-30T23:31:02.062+0000] {dag.py:3239} INFO - Sync 2 DAGs
[2025-03-30T23:31:02.090+0000] {logging_mixin.py:190} INFO - [2025-03-30T23:31:02.089+0000] {dag.py:4180} INFO - Setting next_dagrun for example_external_task_marker_child to None, run_after=None
[2025-03-30T23:31:02.100+0000] {logging_mixin.py:190} INFO - [2025-03-30T23:31:02.099+0000] {dag.py:4180} INFO - Setting next_dagrun for example_external_task_marker_parent to None, run_after=None
[2025-03-30T23:31:02.136+0000] {processor.py:208} INFO - Processing /home/airflow/.local/lib/python3.12/site-packages/airflow/example_dags/example_external_task_marker_dag.py took 0.152 seconds
[2025-03-30T23:31:32.421+0000] {processor.py:186} INFO - Started process (PID=1274) to work on /home/airflow/.local/lib/python3.12/site-packages/airflow/example_dags/example_external_task_marker_dag.py
[2025-03-30T23:31:32.424+0000] {processor.py:914} INFO - Processing file /home/airflow/.local/lib/python3.12/site-packages/airflow/example_dags/example_external_task_marker_dag.py for tasks to queue
[2025-03-30T23:31:32.432+0000] {logging_mixin.py:190} INFO - [2025-03-30T23:31:32.431+0000] {dagbag.py:588} INFO - Filling up the DagBag from /home/airflow/.local/lib/python3.12/site-packages/airflow/example_dags/example_external_task_marker_dag.py
[2025-03-30T23:31:32.448+0000] {processor.py:925} INFO - DAG(s) 'example_external_task_marker_child', 'example_external_task_marker_parent' retrieved from /home/airflow/.local/lib/python3.12/site-packages/airflow/example_dags/example_external_task_marker_dag.py
[2025-03-30T23:31:32.507+0000] {logging_mixin.py:190} INFO - [2025-03-30T23:31:32.507+0000] {dag.py:3239} INFO - Sync 2 DAGs
[2025-03-30T23:31:32.539+0000] {logging_mixin.py:190} INFO - [2025-03-30T23:31:32.538+0000] {dag.py:4180} INFO - Setting next_dagrun for example_external_task_marker_child to None, run_after=None
[2025-03-30T23:31:32.549+0000] {logging_mixin.py:190} INFO - [2025-03-30T23:31:32.548+0000] {dag.py:4180} INFO - Setting next_dagrun for example_external_task_marker_parent to None, run_after=None
[2025-03-30T23:31:32.586+0000] {processor.py:208} INFO - Processing /home/airflow/.local/lib/python3.12/site-packages/airflow/example_dags/example_external_task_marker_dag.py took 0.177 seconds
[2025-03-30T23:32:03.391+0000] {processor.py:186} INFO - Started process (PID=1338) to work on /home/airflow/.local/lib/python3.12/site-packages/airflow/example_dags/example_external_task_marker_dag.py
[2025-03-30T23:32:03.395+0000] {processor.py:914} INFO - Processing file /home/airflow/.local/lib/python3.12/site-packages/airflow/example_dags/example_external_task_marker_dag.py for tasks to queue
[2025-03-30T23:32:03.401+0000] {logging_mixin.py:190} INFO - [2025-03-30T23:32:03.400+0000] {dagbag.py:588} INFO - Filling up the DagBag from /home/airflow/.local/lib/python3.12/site-packages/airflow/example_dags/example_external_task_marker_dag.py
[2025-03-30T23:32:03.418+0000] {processor.py:925} INFO - DAG(s) 'example_external_task_marker_parent', 'example_external_task_marker_child' retrieved from /home/airflow/.local/lib/python3.12/site-packages/airflow/example_dags/example_external_task_marker_dag.py
[2025-03-30T23:32:03.465+0000] {logging_mixin.py:190} INFO - [2025-03-30T23:32:03.464+0000] {dag.py:3239} INFO - Sync 2 DAGs
[2025-03-30T23:32:03.497+0000] {logging_mixin.py:190} INFO - [2025-03-30T23:32:03.496+0000] {dag.py:4180} INFO - Setting next_dagrun for example_external_task_marker_child to None, run_after=None
[2025-03-30T23:32:03.509+0000] {logging_mixin.py:190} INFO - [2025-03-30T23:32:03.508+0000] {dag.py:4180} INFO - Setting next_dagrun for example_external_task_marker_parent to None, run_after=None
[2025-03-30T23:32:03.544+0000] {processor.py:208} INFO - Processing /home/airflow/.local/lib/python3.12/site-packages/airflow/example_dags/example_external_task_marker_dag.py took 0.162 seconds
[2025-03-30T23:32:34.322+0000] {processor.py:186} INFO - Started process (PID=1402) to work on /home/airflow/.local/lib/python3.12/site-packages/airflow/example_dags/example_external_task_marker_dag.py
[2025-03-30T23:32:34.325+0000] {processor.py:914} INFO - Processing file /home/airflow/.local/lib/python3.12/site-packages/airflow/example_dags/example_external_task_marker_dag.py for tasks to queue
[2025-03-30T23:32:34.332+0000] {logging_mixin.py:190} INFO - [2025-03-30T23:32:34.331+0000] {dagbag.py:588} INFO - Filling up the DagBag from /home/airflow/.local/lib/python3.12/site-packages/airflow/example_dags/example_external_task_marker_dag.py
[2025-03-30T23:32:34.348+0000] {processor.py:925} INFO - DAG(s) 'example_external_task_marker_child', 'example_external_task_marker_parent' retrieved from /home/airflow/.local/lib/python3.12/site-packages/airflow/example_dags/example_external_task_marker_dag.py
[2025-03-30T23:32:34.404+0000] {logging_mixin.py:190} INFO - [2025-03-30T23:32:34.404+0000] {dag.py:3239} INFO - Sync 2 DAGs
[2025-03-30T23:32:34.430+0000] {logging_mixin.py:190} INFO - [2025-03-30T23:32:34.429+0000] {dag.py:4180} INFO - Setting next_dagrun for example_external_task_marker_child to None, run_after=None
[2025-03-30T23:32:34.438+0000] {logging_mixin.py:190} INFO - [2025-03-30T23:32:34.437+0000] {dag.py:4180} INFO - Setting next_dagrun for example_external_task_marker_parent to None, run_after=None
[2025-03-30T23:32:34.479+0000] {processor.py:208} INFO - Processing /home/airflow/.local/lib/python3.12/site-packages/airflow/example_dags/example_external_task_marker_dag.py took 0.166 seconds
[2025-03-30T23:33:05.261+0000] {processor.py:186} INFO - Started process (PID=1466) to work on /home/airflow/.local/lib/python3.12/site-packages/airflow/example_dags/example_external_task_marker_dag.py
[2025-03-30T23:33:05.264+0000] {processor.py:914} INFO - Processing file /home/airflow/.local/lib/python3.12/site-packages/airflow/example_dags/example_external_task_marker_dag.py for tasks to queue
[2025-03-30T23:33:05.269+0000] {logging_mixin.py:190} INFO - [2025-03-30T23:33:05.268+0000] {dagbag.py:588} INFO - Filling up the DagBag from /home/airflow/.local/lib/python3.12/site-packages/airflow/example_dags/example_external_task_marker_dag.py
[2025-03-30T23:33:05.286+0000] {processor.py:925} INFO - DAG(s) 'example_external_task_marker_child', 'example_external_task_marker_parent' retrieved from /home/airflow/.local/lib/python3.12/site-packages/airflow/example_dags/example_external_task_marker_dag.py
[2025-03-30T23:33:05.328+0000] {logging_mixin.py:190} INFO - [2025-03-30T23:33:05.328+0000] {dag.py:3239} INFO - Sync 2 DAGs
[2025-03-30T23:33:05.356+0000] {logging_mixin.py:190} INFO - [2025-03-30T23:33:05.355+0000] {dag.py:4180} INFO - Setting next_dagrun for example_external_task_marker_child to None, run_after=None
[2025-03-30T23:33:05.368+0000] {logging_mixin.py:190} INFO - [2025-03-30T23:33:05.367+0000] {dag.py:4180} INFO - Setting next_dagrun for example_external_task_marker_parent to None, run_after=None
[2025-03-30T23:33:05.425+0000] {processor.py:208} INFO - Processing /home/airflow/.local/lib/python3.12/site-packages/airflow/example_dags/example_external_task_marker_dag.py took 0.176 seconds
[2025-03-30T23:33:36.248+0000] {processor.py:186} INFO - Started process (PID=1530) to work on /home/airflow/.local/lib/python3.12/site-packages/airflow/example_dags/example_external_task_marker_dag.py
[2025-03-30T23:33:36.251+0000] {processor.py:914} INFO - Processing file /home/airflow/.local/lib/python3.12/site-packages/airflow/example_dags/example_external_task_marker_dag.py for tasks to queue
[2025-03-30T23:33:36.259+0000] {logging_mixin.py:190} INFO - [2025-03-30T23:33:36.258+0000] {dagbag.py:588} INFO - Filling up the DagBag from /home/airflow/.local/lib/python3.12/site-packages/airflow/example_dags/example_external_task_marker_dag.py
[2025-03-30T23:33:36.277+0000] {processor.py:925} INFO - DAG(s) 'example_external_task_marker_child', 'example_external_task_marker_parent' retrieved from /home/airflow/.local/lib/python3.12/site-packages/airflow/example_dags/example_external_task_marker_dag.py
[2025-03-30T23:33:36.331+0000] {logging_mixin.py:190} INFO - [2025-03-30T23:33:36.331+0000] {dag.py:3239} INFO - Sync 2 DAGs
[2025-03-30T23:33:36.360+0000] {logging_mixin.py:190} INFO - [2025-03-30T23:33:36.360+0000] {dag.py:4180} INFO - Setting next_dagrun for example_external_task_marker_child to None, run_after=None
[2025-03-30T23:33:36.370+0000] {logging_mixin.py:190} INFO - [2025-03-30T23:33:36.370+0000] {dag.py:4180} INFO - Setting next_dagrun for example_external_task_marker_parent to None, run_after=None
[2025-03-30T23:33:36.408+0000] {processor.py:208} INFO - Processing /home/airflow/.local/lib/python3.12/site-packages/airflow/example_dags/example_external_task_marker_dag.py took 0.172 seconds
[2025-03-30T23:52:59.052+0000] {processor.py:186} INFO - Started process (PID=1564) to work on /home/airflow/.local/lib/python3.12/site-packages/airflow/example_dags/example_external_task_marker_dag.py
[2025-03-30T23:52:59.054+0000] {processor.py:914} INFO - Processing file /home/airflow/.local/lib/python3.12/site-packages/airflow/example_dags/example_external_task_marker_dag.py for tasks to queue
[2025-03-30T23:52:59.058+0000] {logging_mixin.py:190} INFO - [2025-03-30T23:52:59.057+0000] {dagbag.py:588} INFO - Filling up the DagBag from /home/airflow/.local/lib/python3.12/site-packages/airflow/example_dags/example_external_task_marker_dag.py
[2025-03-30T23:52:59.070+0000] {processor.py:925} INFO - DAG(s) 'example_external_task_marker_parent', 'example_external_task_marker_child' retrieved from /home/airflow/.local/lib/python3.12/site-packages/airflow/example_dags/example_external_task_marker_dag.py
[2025-03-30T23:52:59.102+0000] {logging_mixin.py:190} INFO - [2025-03-30T23:52:59.101+0000] {dag.py:3239} INFO - Sync 2 DAGs
[2025-03-30T23:52:59.121+0000] {logging_mixin.py:190} INFO - [2025-03-30T23:52:59.121+0000] {dag.py:4180} INFO - Setting next_dagrun for example_external_task_marker_child to None, run_after=None
[2025-03-30T23:52:59.128+0000] {logging_mixin.py:190} INFO - [2025-03-30T23:52:59.128+0000] {dag.py:4180} INFO - Setting next_dagrun for example_external_task_marker_parent to None, run_after=None
[2025-03-30T23:52:59.151+0000] {processor.py:208} INFO - Processing /home/airflow/.local/lib/python3.12/site-packages/airflow/example_dags/example_external_task_marker_dag.py took 0.108 seconds
