[2025-03-30T23:20:28.504+0000] {processor.py:186} INFO - Started process (PID=40) to work on /home/airflow/.local/lib/python3.12/site-packages/airflow/example_dags/example_branch_datetime_operator.py
[2025-03-30T23:20:28.506+0000] {processor.py:914} INFO - Processing file /home/airflow/.local/lib/python3.12/site-packages/airflow/example_dags/example_branch_datetime_operator.py for tasks to queue
[2025-03-30T23:20:28.513+0000] {logging_mixin.py:190} INFO - [2025-03-30T23:20:28.512+0000] {dagbag.py:588} INFO - Filling up the DagBag from /home/airflow/.local/lib/python3.12/site-packages/airflow/example_dags/example_branch_datetime_operator.py
[2025-03-30T23:20:28.535+0000] {processor.py:925} INFO - DAG(s) 'example_branch_datetime_operator', 'example_branch_datetime_operator_2', 'example_branch_datetime_operator_3' retrieved from /home/airflow/.local/lib/python3.12/site-packages/airflow/example_dags/example_branch_datetime_operator.py
[2025-03-30T23:20:28.602+0000] {logging_mixin.py:190} INFO - [2025-03-30T23:20:28.601+0000] {dag.py:3239} INFO - Sync 3 DAGs
[2025-03-30T23:20:28.664+0000] {logging_mixin.py:190} INFO - [2025-03-30T23:20:28.663+0000] {dag.py:4180} INFO - Setting next_dagrun for example_branch_datetime_operator to 2025-03-29 00:00:00+00:00, run_after=2025-03-30 00:00:00+00:00
[2025-03-30T23:20:28.675+0000] {logging_mixin.py:190} INFO - [2025-03-30T23:20:28.674+0000] {dag.py:4180} INFO - Setting next_dagrun for example_branch_datetime_operator_2 to 2025-03-29 00:00:00+00:00, run_after=2025-03-30 00:00:00+00:00
[2025-03-30T23:20:28.680+0000] {logging_mixin.py:190} INFO - [2025-03-30T23:20:28.679+0000] {dag.py:4180} INFO - Setting next_dagrun for example_branch_datetime_operator_3 to 2025-03-29 00:00:00+00:00, run_after=2025-03-30 00:00:00+00:00
[2025-03-30T23:20:28.722+0000] {processor.py:208} INFO - Processing /home/airflow/.local/lib/python3.12/site-packages/airflow/example_dags/example_branch_datetime_operator.py took 0.228 seconds
[2025-03-30T23:20:59.084+0000] {processor.py:186} INFO - Started process (PID=103) to work on /home/airflow/.local/lib/python3.12/site-packages/airflow/example_dags/example_branch_datetime_operator.py
[2025-03-30T23:20:59.087+0000] {processor.py:914} INFO - Processing file /home/airflow/.local/lib/python3.12/site-packages/airflow/example_dags/example_branch_datetime_operator.py for tasks to queue
[2025-03-30T23:20:59.092+0000] {logging_mixin.py:190} INFO - [2025-03-30T23:20:59.091+0000] {dagbag.py:588} INFO - Filling up the DagBag from /home/airflow/.local/lib/python3.12/site-packages/airflow/example_dags/example_branch_datetime_operator.py
[2025-03-30T23:20:59.114+0000] {processor.py:925} INFO - DAG(s) 'example_branch_datetime_operator_2', 'example_branch_datetime_operator_3', 'example_branch_datetime_operator' retrieved from /home/airflow/.local/lib/python3.12/site-packages/airflow/example_dags/example_branch_datetime_operator.py
[2025-03-30T23:20:59.169+0000] {logging_mixin.py:190} INFO - [2025-03-30T23:20:59.168+0000] {dag.py:3239} INFO - Sync 3 DAGs
[2025-03-30T23:20:59.218+0000] {logging_mixin.py:190} INFO - [2025-03-30T23:20:59.217+0000] {dag.py:4180} INFO - Setting next_dagrun for example_branch_datetime_operator to 2025-03-29 00:00:00+00:00, run_after=2025-03-30 00:00:00+00:00
[2025-03-30T23:20:59.228+0000] {logging_mixin.py:190} INFO - [2025-03-30T23:20:59.228+0000] {dag.py:4180} INFO - Setting next_dagrun for example_branch_datetime_operator_2 to 2025-03-29 00:00:00+00:00, run_after=2025-03-30 00:00:00+00:00
[2025-03-30T23:20:59.236+0000] {logging_mixin.py:190} INFO - [2025-03-30T23:20:59.236+0000] {dag.py:4180} INFO - Setting next_dagrun for example_branch_datetime_operator_3 to 2025-03-29 00:00:00+00:00, run_after=2025-03-30 00:00:00+00:00
[2025-03-30T23:20:59.271+0000] {processor.py:208} INFO - Processing /home/airflow/.local/lib/python3.12/site-packages/airflow/example_dags/example_branch_datetime_operator.py took 0.197 seconds
[2025-03-30T23:21:46.954+0000] {processor.py:186} INFO - Started process (PID=46) to work on /home/airflow/.local/lib/python3.12/site-packages/airflow/example_dags/example_branch_datetime_operator.py
[2025-03-30T23:21:46.960+0000] {processor.py:914} INFO - Processing file /home/airflow/.local/lib/python3.12/site-packages/airflow/example_dags/example_branch_datetime_operator.py for tasks to queue
[2025-03-30T23:21:46.967+0000] {logging_mixin.py:190} INFO - [2025-03-30T23:21:46.966+0000] {dagbag.py:588} INFO - Filling up the DagBag from /home/airflow/.local/lib/python3.12/site-packages/airflow/example_dags/example_branch_datetime_operator.py
[2025-03-30T23:21:46.999+0000] {processor.py:925} INFO - DAG(s) 'example_branch_datetime_operator', 'example_branch_datetime_operator_2', 'example_branch_datetime_operator_3' retrieved from /home/airflow/.local/lib/python3.12/site-packages/airflow/example_dags/example_branch_datetime_operator.py
[2025-03-30T23:21:47.090+0000] {logging_mixin.py:190} INFO - [2025-03-30T23:21:47.090+0000] {dag.py:3239} INFO - Sync 3 DAGs
[2025-03-30T23:21:47.155+0000] {logging_mixin.py:190} INFO - [2025-03-30T23:21:47.155+0000] {dag.py:4180} INFO - Setting next_dagrun for example_branch_datetime_operator to 2025-03-29 00:00:00+00:00, run_after=2025-03-30 00:00:00+00:00
[2025-03-30T23:21:47.166+0000] {logging_mixin.py:190} INFO - [2025-03-30T23:21:47.165+0000] {dag.py:4180} INFO - Setting next_dagrun for example_branch_datetime_operator_2 to 2025-03-29 00:00:00+00:00, run_after=2025-03-30 00:00:00+00:00
[2025-03-30T23:21:47.171+0000] {logging_mixin.py:190} INFO - [2025-03-30T23:21:47.171+0000] {dag.py:4180} INFO - Setting next_dagrun for example_branch_datetime_operator_3 to 2025-03-29 00:00:00+00:00, run_after=2025-03-30 00:00:00+00:00
[2025-03-30T23:21:47.210+0000] {processor.py:208} INFO - Processing /home/airflow/.local/lib/python3.12/site-packages/airflow/example_dags/example_branch_datetime_operator.py took 0.272 seconds
[2025-03-30T23:22:17.528+0000] {processor.py:186} INFO - Started process (PID=110) to work on /home/airflow/.local/lib/python3.12/site-packages/airflow/example_dags/example_branch_datetime_operator.py
[2025-03-30T23:22:17.532+0000] {processor.py:914} INFO - Processing file /home/airflow/.local/lib/python3.12/site-packages/airflow/example_dags/example_branch_datetime_operator.py for tasks to queue
[2025-03-30T23:22:17.539+0000] {logging_mixin.py:190} INFO - [2025-03-30T23:22:17.538+0000] {dagbag.py:588} INFO - Filling up the DagBag from /home/airflow/.local/lib/python3.12/site-packages/airflow/example_dags/example_branch_datetime_operator.py
[2025-03-30T23:22:17.570+0000] {processor.py:925} INFO - DAG(s) 'example_branch_datetime_operator', 'example_branch_datetime_operator_3', 'example_branch_datetime_operator_2' retrieved from /home/airflow/.local/lib/python3.12/site-packages/airflow/example_dags/example_branch_datetime_operator.py
[2025-03-30T23:22:17.627+0000] {logging_mixin.py:190} INFO - [2025-03-30T23:22:17.626+0000] {dag.py:3239} INFO - Sync 3 DAGs
[2025-03-30T23:22:17.671+0000] {logging_mixin.py:190} INFO - [2025-03-30T23:22:17.671+0000] {dag.py:4180} INFO - Setting next_dagrun for example_branch_datetime_operator to 2025-03-29 00:00:00+00:00, run_after=2025-03-30 00:00:00+00:00
[2025-03-30T23:22:17.684+0000] {logging_mixin.py:190} INFO - [2025-03-30T23:22:17.684+0000] {dag.py:4180} INFO - Setting next_dagrun for example_branch_datetime_operator_2 to 2025-03-29 00:00:00+00:00, run_after=2025-03-30 00:00:00+00:00
[2025-03-30T23:22:17.692+0000] {logging_mixin.py:190} INFO - [2025-03-30T23:22:17.692+0000] {dag.py:4180} INFO - Setting next_dagrun for example_branch_datetime_operator_3 to 2025-03-29 00:00:00+00:00, run_after=2025-03-30 00:00:00+00:00
[2025-03-30T23:22:17.724+0000] {processor.py:208} INFO - Processing /home/airflow/.local/lib/python3.12/site-packages/airflow/example_dags/example_branch_datetime_operator.py took 0.209 seconds
[2025-03-30T23:22:47.920+0000] {processor.py:186} INFO - Started process (PID=174) to work on /home/airflow/.local/lib/python3.12/site-packages/airflow/example_dags/example_branch_datetime_operator.py
[2025-03-30T23:22:47.924+0000] {processor.py:914} INFO - Processing file /home/airflow/.local/lib/python3.12/site-packages/airflow/example_dags/example_branch_datetime_operator.py for tasks to queue
[2025-03-30T23:22:47.930+0000] {logging_mixin.py:190} INFO - [2025-03-30T23:22:47.929+0000] {dagbag.py:588} INFO - Filling up the DagBag from /home/airflow/.local/lib/python3.12/site-packages/airflow/example_dags/example_branch_datetime_operator.py
[2025-03-30T23:22:47.961+0000] {processor.py:925} INFO - DAG(s) 'example_branch_datetime_operator_2', 'example_branch_datetime_operator_3', 'example_branch_datetime_operator' retrieved from /home/airflow/.local/lib/python3.12/site-packages/airflow/example_dags/example_branch_datetime_operator.py
[2025-03-30T23:22:48.011+0000] {logging_mixin.py:190} INFO - [2025-03-30T23:22:48.010+0000] {dag.py:3239} INFO - Sync 3 DAGs
[2025-03-30T23:22:48.054+0000] {logging_mixin.py:190} INFO - [2025-03-30T23:22:48.053+0000] {dag.py:4180} INFO - Setting next_dagrun for example_branch_datetime_operator to 2025-03-29 00:00:00+00:00, run_after=2025-03-30 00:00:00+00:00
[2025-03-30T23:22:48.063+0000] {logging_mixin.py:190} INFO - [2025-03-30T23:22:48.063+0000] {dag.py:4180} INFO - Setting next_dagrun for example_branch_datetime_operator_2 to 2025-03-29 00:00:00+00:00, run_after=2025-03-30 00:00:00+00:00
[2025-03-30T23:22:48.070+0000] {logging_mixin.py:190} INFO - [2025-03-30T23:22:48.069+0000] {dag.py:4180} INFO - Setting next_dagrun for example_branch_datetime_operator_3 to 2025-03-29 00:00:00+00:00, run_after=2025-03-30 00:00:00+00:00
[2025-03-30T23:22:48.111+0000] {processor.py:208} INFO - Processing /home/airflow/.local/lib/python3.12/site-packages/airflow/example_dags/example_branch_datetime_operator.py took 0.203 seconds
[2025-03-30T23:23:18.656+0000] {processor.py:186} INFO - Started process (PID=242) to work on /home/airflow/.local/lib/python3.12/site-packages/airflow/example_dags/example_branch_datetime_operator.py
[2025-03-30T23:23:18.660+0000] {processor.py:914} INFO - Processing file /home/airflow/.local/lib/python3.12/site-packages/airflow/example_dags/example_branch_datetime_operator.py for tasks to queue
[2025-03-30T23:23:18.668+0000] {logging_mixin.py:190} INFO - [2025-03-30T23:23:18.667+0000] {dagbag.py:588} INFO - Filling up the DagBag from /home/airflow/.local/lib/python3.12/site-packages/airflow/example_dags/example_branch_datetime_operator.py
[2025-03-30T23:23:18.701+0000] {processor.py:925} INFO - DAG(s) 'example_branch_datetime_operator_2', 'example_branch_datetime_operator_3', 'example_branch_datetime_operator' retrieved from /home/airflow/.local/lib/python3.12/site-packages/airflow/example_dags/example_branch_datetime_operator.py
[2025-03-30T23:23:18.773+0000] {logging_mixin.py:190} INFO - [2025-03-30T23:23:18.772+0000] {dag.py:3239} INFO - Sync 3 DAGs
[2025-03-30T23:23:18.830+0000] {logging_mixin.py:190} INFO - [2025-03-30T23:23:18.829+0000] {dag.py:4180} INFO - Setting next_dagrun for example_branch_datetime_operator to 2025-03-29 00:00:00+00:00, run_after=2025-03-30 00:00:00+00:00
[2025-03-30T23:23:18.843+0000] {logging_mixin.py:190} INFO - [2025-03-30T23:23:18.842+0000] {dag.py:4180} INFO - Setting next_dagrun for example_branch_datetime_operator_2 to 2025-03-29 00:00:00+00:00, run_after=2025-03-30 00:00:00+00:00
[2025-03-30T23:23:18.852+0000] {logging_mixin.py:190} INFO - [2025-03-30T23:23:18.851+0000] {dag.py:4180} INFO - Setting next_dagrun for example_branch_datetime_operator_3 to 2025-03-29 00:00:00+00:00, run_after=2025-03-30 00:00:00+00:00
[2025-03-30T23:23:18.896+0000] {processor.py:208} INFO - Processing /home/airflow/.local/lib/python3.12/site-packages/airflow/example_dags/example_branch_datetime_operator.py took 0.255 seconds
[2025-03-30T23:23:49.151+0000] {processor.py:186} INFO - Started process (PID=306) to work on /home/airflow/.local/lib/python3.12/site-packages/airflow/example_dags/example_branch_datetime_operator.py
[2025-03-30T23:23:49.155+0000] {processor.py:914} INFO - Processing file /home/airflow/.local/lib/python3.12/site-packages/airflow/example_dags/example_branch_datetime_operator.py for tasks to queue
[2025-03-30T23:23:49.162+0000] {logging_mixin.py:190} INFO - [2025-03-30T23:23:49.162+0000] {dagbag.py:588} INFO - Filling up the DagBag from /home/airflow/.local/lib/python3.12/site-packages/airflow/example_dags/example_branch_datetime_operator.py
[2025-03-30T23:23:49.187+0000] {processor.py:925} INFO - DAG(s) 'example_branch_datetime_operator', 'example_branch_datetime_operator_2', 'example_branch_datetime_operator_3' retrieved from /home/airflow/.local/lib/python3.12/site-packages/airflow/example_dags/example_branch_datetime_operator.py
[2025-03-30T23:23:49.243+0000] {logging_mixin.py:190} INFO - [2025-03-30T23:23:49.243+0000] {dag.py:3239} INFO - Sync 3 DAGs
[2025-03-30T23:23:49.294+0000] {logging_mixin.py:190} INFO - [2025-03-30T23:23:49.293+0000] {dag.py:4180} INFO - Setting next_dagrun for example_branch_datetime_operator to 2025-03-29 00:00:00+00:00, run_after=2025-03-30 00:00:00+00:00
[2025-03-30T23:23:49.304+0000] {logging_mixin.py:190} INFO - [2025-03-30T23:23:49.304+0000] {dag.py:4180} INFO - Setting next_dagrun for example_branch_datetime_operator_2 to 2025-03-29 00:00:00+00:00, run_after=2025-03-30 00:00:00+00:00
[2025-03-30T23:23:49.311+0000] {logging_mixin.py:190} INFO - [2025-03-30T23:23:49.310+0000] {dag.py:4180} INFO - Setting next_dagrun for example_branch_datetime_operator_3 to 2025-03-29 00:00:00+00:00, run_after=2025-03-30 00:00:00+00:00
[2025-03-30T23:23:49.344+0000] {processor.py:208} INFO - Processing /home/airflow/.local/lib/python3.12/site-packages/airflow/example_dags/example_branch_datetime_operator.py took 0.204 seconds
[2025-03-30T23:24:19.638+0000] {processor.py:186} INFO - Started process (PID=370) to work on /home/airflow/.local/lib/python3.12/site-packages/airflow/example_dags/example_branch_datetime_operator.py
[2025-03-30T23:24:19.641+0000] {processor.py:914} INFO - Processing file /home/airflow/.local/lib/python3.12/site-packages/airflow/example_dags/example_branch_datetime_operator.py for tasks to queue
[2025-03-30T23:24:19.647+0000] {logging_mixin.py:190} INFO - [2025-03-30T23:24:19.646+0000] {dagbag.py:588} INFO - Filling up the DagBag from /home/airflow/.local/lib/python3.12/site-packages/airflow/example_dags/example_branch_datetime_operator.py
[2025-03-30T23:24:19.670+0000] {processor.py:925} INFO - DAG(s) 'example_branch_datetime_operator', 'example_branch_datetime_operator_3', 'example_branch_datetime_operator_2' retrieved from /home/airflow/.local/lib/python3.12/site-packages/airflow/example_dags/example_branch_datetime_operator.py
[2025-03-30T23:24:19.728+0000] {logging_mixin.py:190} INFO - [2025-03-30T23:24:19.728+0000] {dag.py:3239} INFO - Sync 3 DAGs
[2025-03-30T23:24:19.774+0000] {logging_mixin.py:190} INFO - [2025-03-30T23:24:19.773+0000] {dag.py:4180} INFO - Setting next_dagrun for example_branch_datetime_operator to 2025-03-29 00:00:00+00:00, run_after=2025-03-30 00:00:00+00:00
[2025-03-30T23:24:19.785+0000] {logging_mixin.py:190} INFO - [2025-03-30T23:24:19.785+0000] {dag.py:4180} INFO - Setting next_dagrun for example_branch_datetime_operator_2 to 2025-03-29 00:00:00+00:00, run_after=2025-03-30 00:00:00+00:00
[2025-03-30T23:24:19.791+0000] {logging_mixin.py:190} INFO - [2025-03-30T23:24:19.791+0000] {dag.py:4180} INFO - Setting next_dagrun for example_branch_datetime_operator_3 to 2025-03-29 00:00:00+00:00, run_after=2025-03-30 00:00:00+00:00
[2025-03-30T23:24:19.827+0000] {processor.py:208} INFO - Processing /home/airflow/.local/lib/python3.12/site-packages/airflow/example_dags/example_branch_datetime_operator.py took 0.200 seconds
[2025-03-30T23:24:50.181+0000] {processor.py:186} INFO - Started process (PID=434) to work on /home/airflow/.local/lib/python3.12/site-packages/airflow/example_dags/example_branch_datetime_operator.py
[2025-03-30T23:24:50.184+0000] {processor.py:914} INFO - Processing file /home/airflow/.local/lib/python3.12/site-packages/airflow/example_dags/example_branch_datetime_operator.py for tasks to queue
[2025-03-30T23:24:50.189+0000] {logging_mixin.py:190} INFO - [2025-03-30T23:24:50.188+0000] {dagbag.py:588} INFO - Filling up the DagBag from /home/airflow/.local/lib/python3.12/site-packages/airflow/example_dags/example_branch_datetime_operator.py
[2025-03-30T23:24:50.213+0000] {processor.py:925} INFO - DAG(s) 'example_branch_datetime_operator_3', 'example_branch_datetime_operator', 'example_branch_datetime_operator_2' retrieved from /home/airflow/.local/lib/python3.12/site-packages/airflow/example_dags/example_branch_datetime_operator.py
[2025-03-30T23:24:50.264+0000] {logging_mixin.py:190} INFO - [2025-03-30T23:24:50.264+0000] {dag.py:3239} INFO - Sync 3 DAGs
[2025-03-30T23:24:50.313+0000] {logging_mixin.py:190} INFO - [2025-03-30T23:24:50.313+0000] {dag.py:4180} INFO - Setting next_dagrun for example_branch_datetime_operator to 2025-03-29 00:00:00+00:00, run_after=2025-03-30 00:00:00+00:00
[2025-03-30T23:24:50.324+0000] {logging_mixin.py:190} INFO - [2025-03-30T23:24:50.324+0000] {dag.py:4180} INFO - Setting next_dagrun for example_branch_datetime_operator_2 to 2025-03-29 00:00:00+00:00, run_after=2025-03-30 00:00:00+00:00
[2025-03-30T23:24:50.332+0000] {logging_mixin.py:190} INFO - [2025-03-30T23:24:50.331+0000] {dag.py:4180} INFO - Setting next_dagrun for example_branch_datetime_operator_3 to 2025-03-29 00:00:00+00:00, run_after=2025-03-30 00:00:00+00:00
[2025-03-30T23:24:50.364+0000] {processor.py:208} INFO - Processing /home/airflow/.local/lib/python3.12/site-packages/airflow/example_dags/example_branch_datetime_operator.py took 0.194 seconds
[2025-03-30T23:25:21.280+0000] {processor.py:186} INFO - Started process (PID=498) to work on /home/airflow/.local/lib/python3.12/site-packages/airflow/example_dags/example_branch_datetime_operator.py
[2025-03-30T23:25:21.283+0000] {processor.py:914} INFO - Processing file /home/airflow/.local/lib/python3.12/site-packages/airflow/example_dags/example_branch_datetime_operator.py for tasks to queue
[2025-03-30T23:25:21.288+0000] {logging_mixin.py:190} INFO - [2025-03-30T23:25:21.288+0000] {dagbag.py:588} INFO - Filling up the DagBag from /home/airflow/.local/lib/python3.12/site-packages/airflow/example_dags/example_branch_datetime_operator.py
[2025-03-30T23:25:21.311+0000] {processor.py:925} INFO - DAG(s) 'example_branch_datetime_operator', 'example_branch_datetime_operator_3', 'example_branch_datetime_operator_2' retrieved from /home/airflow/.local/lib/python3.12/site-packages/airflow/example_dags/example_branch_datetime_operator.py
[2025-03-30T23:25:21.370+0000] {logging_mixin.py:190} INFO - [2025-03-30T23:25:21.370+0000] {dag.py:3239} INFO - Sync 3 DAGs
[2025-03-30T23:25:21.423+0000] {logging_mixin.py:190} INFO - [2025-03-30T23:25:21.422+0000] {dag.py:4180} INFO - Setting next_dagrun for example_branch_datetime_operator to 2025-03-29 00:00:00+00:00, run_after=2025-03-30 00:00:00+00:00
[2025-03-30T23:25:21.438+0000] {logging_mixin.py:190} INFO - [2025-03-30T23:25:21.437+0000] {dag.py:4180} INFO - Setting next_dagrun for example_branch_datetime_operator_2 to 2025-03-29 00:00:00+00:00, run_after=2025-03-30 00:00:00+00:00
[2025-03-30T23:25:21.446+0000] {logging_mixin.py:190} INFO - [2025-03-30T23:25:21.445+0000] {dag.py:4180} INFO - Setting next_dagrun for example_branch_datetime_operator_3 to 2025-03-29 00:00:00+00:00, run_after=2025-03-30 00:00:00+00:00
[2025-03-30T23:25:21.486+0000] {processor.py:208} INFO - Processing /home/airflow/.local/lib/python3.12/site-packages/airflow/example_dags/example_branch_datetime_operator.py took 0.217 seconds
[2025-03-30T23:25:52.650+0000] {processor.py:186} INFO - Started process (PID=562) to work on /home/airflow/.local/lib/python3.12/site-packages/airflow/example_dags/example_branch_datetime_operator.py
[2025-03-30T23:25:52.653+0000] {processor.py:914} INFO - Processing file /home/airflow/.local/lib/python3.12/site-packages/airflow/example_dags/example_branch_datetime_operator.py for tasks to queue
[2025-03-30T23:25:52.658+0000] {logging_mixin.py:190} INFO - [2025-03-30T23:25:52.658+0000] {dagbag.py:588} INFO - Filling up the DagBag from /home/airflow/.local/lib/python3.12/site-packages/airflow/example_dags/example_branch_datetime_operator.py
[2025-03-30T23:25:52.683+0000] {processor.py:925} INFO - DAG(s) 'example_branch_datetime_operator', 'example_branch_datetime_operator_2', 'example_branch_datetime_operator_3' retrieved from /home/airflow/.local/lib/python3.12/site-packages/airflow/example_dags/example_branch_datetime_operator.py
[2025-03-30T23:25:52.732+0000] {logging_mixin.py:190} INFO - [2025-03-30T23:25:52.732+0000] {dag.py:3239} INFO - Sync 3 DAGs
[2025-03-30T23:25:52.775+0000] {logging_mixin.py:190} INFO - [2025-03-30T23:25:52.775+0000] {dag.py:4180} INFO - Setting next_dagrun for example_branch_datetime_operator to 2025-03-29 00:00:00+00:00, run_after=2025-03-30 00:00:00+00:00
[2025-03-30T23:25:52.786+0000] {logging_mixin.py:190} INFO - [2025-03-30T23:25:52.786+0000] {dag.py:4180} INFO - Setting next_dagrun for example_branch_datetime_operator_2 to 2025-03-29 00:00:00+00:00, run_after=2025-03-30 00:00:00+00:00
[2025-03-30T23:25:52.793+0000] {logging_mixin.py:190} INFO - [2025-03-30T23:25:52.793+0000] {dag.py:4180} INFO - Setting next_dagrun for example_branch_datetime_operator_3 to 2025-03-29 00:00:00+00:00, run_after=2025-03-30 00:00:00+00:00
[2025-03-30T23:25:52.840+0000] {processor.py:208} INFO - Processing /home/airflow/.local/lib/python3.12/site-packages/airflow/example_dags/example_branch_datetime_operator.py took 0.200 seconds
[2025-03-30T23:26:23.510+0000] {processor.py:186} INFO - Started process (PID=626) to work on /home/airflow/.local/lib/python3.12/site-packages/airflow/example_dags/example_branch_datetime_operator.py
[2025-03-30T23:26:23.513+0000] {processor.py:914} INFO - Processing file /home/airflow/.local/lib/python3.12/site-packages/airflow/example_dags/example_branch_datetime_operator.py for tasks to queue
[2025-03-30T23:26:23.520+0000] {logging_mixin.py:190} INFO - [2025-03-30T23:26:23.519+0000] {dagbag.py:588} INFO - Filling up the DagBag from /home/airflow/.local/lib/python3.12/site-packages/airflow/example_dags/example_branch_datetime_operator.py
[2025-03-30T23:26:23.554+0000] {processor.py:925} INFO - DAG(s) 'example_branch_datetime_operator_2', 'example_branch_datetime_operator_3', 'example_branch_datetime_operator' retrieved from /home/airflow/.local/lib/python3.12/site-packages/airflow/example_dags/example_branch_datetime_operator.py
[2025-03-30T23:26:23.612+0000] {logging_mixin.py:190} INFO - [2025-03-30T23:26:23.611+0000] {dag.py:3239} INFO - Sync 3 DAGs
[2025-03-30T23:26:23.678+0000] {logging_mixin.py:190} INFO - [2025-03-30T23:26:23.678+0000] {dag.py:4180} INFO - Setting next_dagrun for example_branch_datetime_operator to 2025-03-29 00:00:00+00:00, run_after=2025-03-30 00:00:00+00:00
[2025-03-30T23:26:23.692+0000] {logging_mixin.py:190} INFO - [2025-03-30T23:26:23.691+0000] {dag.py:4180} INFO - Setting next_dagrun for example_branch_datetime_operator_2 to 2025-03-29 00:00:00+00:00, run_after=2025-03-30 00:00:00+00:00
[2025-03-30T23:26:23.700+0000] {logging_mixin.py:190} INFO - [2025-03-30T23:26:23.700+0000] {dag.py:4180} INFO - Setting next_dagrun for example_branch_datetime_operator_3 to 2025-03-29 00:00:00+00:00, run_after=2025-03-30 00:00:00+00:00
[2025-03-30T23:26:23.742+0000] {processor.py:208} INFO - Processing /home/airflow/.local/lib/python3.12/site-packages/airflow/example_dags/example_branch_datetime_operator.py took 0.246 seconds
[2025-03-30T23:26:54.414+0000] {processor.py:186} INFO - Started process (PID=690) to work on /home/airflow/.local/lib/python3.12/site-packages/airflow/example_dags/example_branch_datetime_operator.py
[2025-03-30T23:26:54.418+0000] {processor.py:914} INFO - Processing file /home/airflow/.local/lib/python3.12/site-packages/airflow/example_dags/example_branch_datetime_operator.py for tasks to queue
[2025-03-30T23:26:54.426+0000] {logging_mixin.py:190} INFO - [2025-03-30T23:26:54.425+0000] {dagbag.py:588} INFO - Filling up the DagBag from /home/airflow/.local/lib/python3.12/site-packages/airflow/example_dags/example_branch_datetime_operator.py
[2025-03-30T23:26:54.451+0000] {processor.py:925} INFO - DAG(s) 'example_branch_datetime_operator_2', 'example_branch_datetime_operator', 'example_branch_datetime_operator_3' retrieved from /home/airflow/.local/lib/python3.12/site-packages/airflow/example_dags/example_branch_datetime_operator.py
[2025-03-30T23:26:54.515+0000] {logging_mixin.py:190} INFO - [2025-03-30T23:26:54.515+0000] {dag.py:3239} INFO - Sync 3 DAGs
[2025-03-30T23:26:54.569+0000] {logging_mixin.py:190} INFO - [2025-03-30T23:26:54.568+0000] {dag.py:4180} INFO - Setting next_dagrun for example_branch_datetime_operator to 2025-03-29 00:00:00+00:00, run_after=2025-03-30 00:00:00+00:00
[2025-03-30T23:26:54.584+0000] {logging_mixin.py:190} INFO - [2025-03-30T23:26:54.583+0000] {dag.py:4180} INFO - Setting next_dagrun for example_branch_datetime_operator_2 to 2025-03-29 00:00:00+00:00, run_after=2025-03-30 00:00:00+00:00
[2025-03-30T23:26:54.592+0000] {logging_mixin.py:190} INFO - [2025-03-30T23:26:54.592+0000] {dag.py:4180} INFO - Setting next_dagrun for example_branch_datetime_operator_3 to 2025-03-29 00:00:00+00:00, run_after=2025-03-30 00:00:00+00:00
[2025-03-30T23:26:54.639+0000] {processor.py:208} INFO - Processing /home/airflow/.local/lib/python3.12/site-packages/airflow/example_dags/example_branch_datetime_operator.py took 0.239 seconds
[2025-03-30T23:27:24.946+0000] {processor.py:186} INFO - Started process (PID=754) to work on /home/airflow/.local/lib/python3.12/site-packages/airflow/example_dags/example_branch_datetime_operator.py
[2025-03-30T23:27:24.949+0000] {processor.py:914} INFO - Processing file /home/airflow/.local/lib/python3.12/site-packages/airflow/example_dags/example_branch_datetime_operator.py for tasks to queue
[2025-03-30T23:27:24.955+0000] {logging_mixin.py:190} INFO - [2025-03-30T23:27:24.954+0000] {dagbag.py:588} INFO - Filling up the DagBag from /home/airflow/.local/lib/python3.12/site-packages/airflow/example_dags/example_branch_datetime_operator.py
[2025-03-30T23:27:24.978+0000] {processor.py:925} INFO - DAG(s) 'example_branch_datetime_operator_3', 'example_branch_datetime_operator', 'example_branch_datetime_operator_2' retrieved from /home/airflow/.local/lib/python3.12/site-packages/airflow/example_dags/example_branch_datetime_operator.py
[2025-03-30T23:27:25.039+0000] {logging_mixin.py:190} INFO - [2025-03-30T23:27:25.038+0000] {dag.py:3239} INFO - Sync 3 DAGs
[2025-03-30T23:27:25.087+0000] {logging_mixin.py:190} INFO - [2025-03-30T23:27:25.086+0000] {dag.py:4180} INFO - Setting next_dagrun for example_branch_datetime_operator to 2025-03-29 00:00:00+00:00, run_after=2025-03-30 00:00:00+00:00
[2025-03-30T23:27:25.101+0000] {logging_mixin.py:190} INFO - [2025-03-30T23:27:25.100+0000] {dag.py:4180} INFO - Setting next_dagrun for example_branch_datetime_operator_2 to 2025-03-29 00:00:00+00:00, run_after=2025-03-30 00:00:00+00:00
[2025-03-30T23:27:25.108+0000] {logging_mixin.py:190} INFO - [2025-03-30T23:27:25.107+0000] {dag.py:4180} INFO - Setting next_dagrun for example_branch_datetime_operator_3 to 2025-03-29 00:00:00+00:00, run_after=2025-03-30 00:00:00+00:00
[2025-03-30T23:27:25.144+0000] {processor.py:208} INFO - Processing /home/airflow/.local/lib/python3.12/site-packages/airflow/example_dags/example_branch_datetime_operator.py took 0.210 seconds
[2025-03-30T23:27:55.393+0000] {processor.py:186} INFO - Started process (PID=818) to work on /home/airflow/.local/lib/python3.12/site-packages/airflow/example_dags/example_branch_datetime_operator.py
[2025-03-30T23:27:55.396+0000] {processor.py:914} INFO - Processing file /home/airflow/.local/lib/python3.12/site-packages/airflow/example_dags/example_branch_datetime_operator.py for tasks to queue
[2025-03-30T23:27:55.402+0000] {logging_mixin.py:190} INFO - [2025-03-30T23:27:55.401+0000] {dagbag.py:588} INFO - Filling up the DagBag from /home/airflow/.local/lib/python3.12/site-packages/airflow/example_dags/example_branch_datetime_operator.py
[2025-03-30T23:27:55.426+0000] {processor.py:925} INFO - DAG(s) 'example_branch_datetime_operator_2', 'example_branch_datetime_operator', 'example_branch_datetime_operator_3' retrieved from /home/airflow/.local/lib/python3.12/site-packages/airflow/example_dags/example_branch_datetime_operator.py
[2025-03-30T23:27:55.479+0000] {logging_mixin.py:190} INFO - [2025-03-30T23:27:55.479+0000] {dag.py:3239} INFO - Sync 3 DAGs
[2025-03-30T23:27:55.528+0000] {logging_mixin.py:190} INFO - [2025-03-30T23:27:55.527+0000] {dag.py:4180} INFO - Setting next_dagrun for example_branch_datetime_operator to 2025-03-29 00:00:00+00:00, run_after=2025-03-30 00:00:00+00:00
[2025-03-30T23:27:55.539+0000] {logging_mixin.py:190} INFO - [2025-03-30T23:27:55.538+0000] {dag.py:4180} INFO - Setting next_dagrun for example_branch_datetime_operator_2 to 2025-03-29 00:00:00+00:00, run_after=2025-03-30 00:00:00+00:00
[2025-03-30T23:27:55.545+0000] {logging_mixin.py:190} INFO - [2025-03-30T23:27:55.545+0000] {dag.py:4180} INFO - Setting next_dagrun for example_branch_datetime_operator_3 to 2025-03-29 00:00:00+00:00, run_after=2025-03-30 00:00:00+00:00
[2025-03-30T23:27:55.587+0000] {processor.py:208} INFO - Processing /home/airflow/.local/lib/python3.12/site-packages/airflow/example_dags/example_branch_datetime_operator.py took 0.205 seconds
[2025-03-30T23:28:26.115+0000] {processor.py:186} INFO - Started process (PID=882) to work on /home/airflow/.local/lib/python3.12/site-packages/airflow/example_dags/example_branch_datetime_operator.py
[2025-03-30T23:28:26.118+0000] {processor.py:914} INFO - Processing file /home/airflow/.local/lib/python3.12/site-packages/airflow/example_dags/example_branch_datetime_operator.py for tasks to queue
[2025-03-30T23:28:26.124+0000] {logging_mixin.py:190} INFO - [2025-03-30T23:28:26.123+0000] {dagbag.py:588} INFO - Filling up the DagBag from /home/airflow/.local/lib/python3.12/site-packages/airflow/example_dags/example_branch_datetime_operator.py
[2025-03-30T23:28:26.149+0000] {processor.py:925} INFO - DAG(s) 'example_branch_datetime_operator_2', 'example_branch_datetime_operator', 'example_branch_datetime_operator_3' retrieved from /home/airflow/.local/lib/python3.12/site-packages/airflow/example_dags/example_branch_datetime_operator.py
[2025-03-30T23:28:26.208+0000] {logging_mixin.py:190} INFO - [2025-03-30T23:28:26.207+0000] {dag.py:3239} INFO - Sync 3 DAGs
[2025-03-30T23:28:26.250+0000] {logging_mixin.py:190} INFO - [2025-03-30T23:28:26.250+0000] {dag.py:4180} INFO - Setting next_dagrun for example_branch_datetime_operator to 2025-03-29 00:00:00+00:00, run_after=2025-03-30 00:00:00+00:00
[2025-03-30T23:28:26.260+0000] {logging_mixin.py:190} INFO - [2025-03-30T23:28:26.260+0000] {dag.py:4180} INFO - Setting next_dagrun for example_branch_datetime_operator_2 to 2025-03-29 00:00:00+00:00, run_after=2025-03-30 00:00:00+00:00
[2025-03-30T23:28:26.266+0000] {logging_mixin.py:190} INFO - [2025-03-30T23:28:26.265+0000] {dag.py:4180} INFO - Setting next_dagrun for example_branch_datetime_operator_3 to 2025-03-29 00:00:00+00:00, run_after=2025-03-30 00:00:00+00:00
[2025-03-30T23:28:26.311+0000] {processor.py:208} INFO - Processing /home/airflow/.local/lib/python3.12/site-packages/airflow/example_dags/example_branch_datetime_operator.py took 0.207 seconds
[2025-03-30T23:28:56.772+0000] {processor.py:186} INFO - Started process (PID=946) to work on /home/airflow/.local/lib/python3.12/site-packages/airflow/example_dags/example_branch_datetime_operator.py
[2025-03-30T23:28:56.775+0000] {processor.py:914} INFO - Processing file /home/airflow/.local/lib/python3.12/site-packages/airflow/example_dags/example_branch_datetime_operator.py for tasks to queue
[2025-03-30T23:28:56.784+0000] {logging_mixin.py:190} INFO - [2025-03-30T23:28:56.782+0000] {dagbag.py:588} INFO - Filling up the DagBag from /home/airflow/.local/lib/python3.12/site-packages/airflow/example_dags/example_branch_datetime_operator.py
[2025-03-30T23:28:56.809+0000] {processor.py:925} INFO - DAG(s) 'example_branch_datetime_operator_3', 'example_branch_datetime_operator_2', 'example_branch_datetime_operator' retrieved from /home/airflow/.local/lib/python3.12/site-packages/airflow/example_dags/example_branch_datetime_operator.py
[2025-03-30T23:28:56.865+0000] {logging_mixin.py:190} INFO - [2025-03-30T23:28:56.864+0000] {dag.py:3239} INFO - Sync 3 DAGs
[2025-03-30T23:28:56.907+0000] {logging_mixin.py:190} INFO - [2025-03-30T23:28:56.907+0000] {dag.py:4180} INFO - Setting next_dagrun for example_branch_datetime_operator to 2025-03-29 00:00:00+00:00, run_after=2025-03-30 00:00:00+00:00
[2025-03-30T23:28:56.919+0000] {logging_mixin.py:190} INFO - [2025-03-30T23:28:56.919+0000] {dag.py:4180} INFO - Setting next_dagrun for example_branch_datetime_operator_2 to 2025-03-29 00:00:00+00:00, run_after=2025-03-30 00:00:00+00:00
[2025-03-30T23:28:56.927+0000] {logging_mixin.py:190} INFO - [2025-03-30T23:28:56.927+0000] {dag.py:4180} INFO - Setting next_dagrun for example_branch_datetime_operator_3 to 2025-03-29 00:00:00+00:00, run_after=2025-03-30 00:00:00+00:00
[2025-03-30T23:28:56.958+0000] {processor.py:208} INFO - Processing /home/airflow/.local/lib/python3.12/site-packages/airflow/example_dags/example_branch_datetime_operator.py took 0.197 seconds
[2025-03-30T23:29:27.498+0000] {processor.py:186} INFO - Started process (PID=1010) to work on /home/airflow/.local/lib/python3.12/site-packages/airflow/example_dags/example_branch_datetime_operator.py
[2025-03-30T23:29:27.500+0000] {processor.py:914} INFO - Processing file /home/airflow/.local/lib/python3.12/site-packages/airflow/example_dags/example_branch_datetime_operator.py for tasks to queue
[2025-03-30T23:29:27.507+0000] {logging_mixin.py:190} INFO - [2025-03-30T23:29:27.507+0000] {dagbag.py:588} INFO - Filling up the DagBag from /home/airflow/.local/lib/python3.12/site-packages/airflow/example_dags/example_branch_datetime_operator.py
[2025-03-30T23:29:27.531+0000] {processor.py:925} INFO - DAG(s) 'example_branch_datetime_operator_2', 'example_branch_datetime_operator_3', 'example_branch_datetime_operator' retrieved from /home/airflow/.local/lib/python3.12/site-packages/airflow/example_dags/example_branch_datetime_operator.py
[2025-03-30T23:29:27.591+0000] {logging_mixin.py:190} INFO - [2025-03-30T23:29:27.590+0000] {dag.py:3239} INFO - Sync 3 DAGs
[2025-03-30T23:29:27.643+0000] {logging_mixin.py:190} INFO - [2025-03-30T23:29:27.643+0000] {dag.py:4180} INFO - Setting next_dagrun for example_branch_datetime_operator to 2025-03-29 00:00:00+00:00, run_after=2025-03-30 00:00:00+00:00
[2025-03-30T23:29:27.654+0000] {logging_mixin.py:190} INFO - [2025-03-30T23:29:27.654+0000] {dag.py:4180} INFO - Setting next_dagrun for example_branch_datetime_operator_2 to 2025-03-29 00:00:00+00:00, run_after=2025-03-30 00:00:00+00:00
[2025-03-30T23:29:27.662+0000] {logging_mixin.py:190} INFO - [2025-03-30T23:29:27.662+0000] {dag.py:4180} INFO - Setting next_dagrun for example_branch_datetime_operator_3 to 2025-03-29 00:00:00+00:00, run_after=2025-03-30 00:00:00+00:00
[2025-03-30T23:29:27.702+0000] {processor.py:208} INFO - Processing /home/airflow/.local/lib/python3.12/site-packages/airflow/example_dags/example_branch_datetime_operator.py took 0.218 seconds
[2025-03-30T23:29:58.389+0000] {processor.py:186} INFO - Started process (PID=1074) to work on /home/airflow/.local/lib/python3.12/site-packages/airflow/example_dags/example_branch_datetime_operator.py
[2025-03-30T23:29:58.392+0000] {processor.py:914} INFO - Processing file /home/airflow/.local/lib/python3.12/site-packages/airflow/example_dags/example_branch_datetime_operator.py for tasks to queue
[2025-03-30T23:29:58.398+0000] {logging_mixin.py:190} INFO - [2025-03-30T23:29:58.397+0000] {dagbag.py:588} INFO - Filling up the DagBag from /home/airflow/.local/lib/python3.12/site-packages/airflow/example_dags/example_branch_datetime_operator.py
[2025-03-30T23:29:58.422+0000] {processor.py:925} INFO - DAG(s) 'example_branch_datetime_operator_2', 'example_branch_datetime_operator_3', 'example_branch_datetime_operator' retrieved from /home/airflow/.local/lib/python3.12/site-packages/airflow/example_dags/example_branch_datetime_operator.py
[2025-03-30T23:29:58.476+0000] {logging_mixin.py:190} INFO - [2025-03-30T23:29:58.476+0000] {dag.py:3239} INFO - Sync 3 DAGs
[2025-03-30T23:29:58.521+0000] {logging_mixin.py:190} INFO - [2025-03-30T23:29:58.520+0000] {dag.py:4180} INFO - Setting next_dagrun for example_branch_datetime_operator to 2025-03-29 00:00:00+00:00, run_after=2025-03-30 00:00:00+00:00
[2025-03-30T23:29:58.534+0000] {logging_mixin.py:190} INFO - [2025-03-30T23:29:58.534+0000] {dag.py:4180} INFO - Setting next_dagrun for example_branch_datetime_operator_2 to 2025-03-29 00:00:00+00:00, run_after=2025-03-30 00:00:00+00:00
[2025-03-30T23:29:58.540+0000] {logging_mixin.py:190} INFO - [2025-03-30T23:29:58.539+0000] {dag.py:4180} INFO - Setting next_dagrun for example_branch_datetime_operator_3 to 2025-03-29 00:00:00+00:00, run_after=2025-03-30 00:00:00+00:00
[2025-03-30T23:29:58.583+0000] {processor.py:208} INFO - Processing /home/airflow/.local/lib/python3.12/site-packages/airflow/example_dags/example_branch_datetime_operator.py took 0.204 seconds
[2025-03-30T23:30:29.802+0000] {processor.py:186} INFO - Started process (PID=1138) to work on /home/airflow/.local/lib/python3.12/site-packages/airflow/example_dags/example_branch_datetime_operator.py
[2025-03-30T23:30:29.806+0000] {processor.py:914} INFO - Processing file /home/airflow/.local/lib/python3.12/site-packages/airflow/example_dags/example_branch_datetime_operator.py for tasks to queue
[2025-03-30T23:30:29.815+0000] {logging_mixin.py:190} INFO - [2025-03-30T23:30:29.814+0000] {dagbag.py:588} INFO - Filling up the DagBag from /home/airflow/.local/lib/python3.12/site-packages/airflow/example_dags/example_branch_datetime_operator.py
[2025-03-30T23:30:29.841+0000] {processor.py:925} INFO - DAG(s) 'example_branch_datetime_operator', 'example_branch_datetime_operator_3', 'example_branch_datetime_operator_2' retrieved from /home/airflow/.local/lib/python3.12/site-packages/airflow/example_dags/example_branch_datetime_operator.py
[2025-03-30T23:30:29.909+0000] {logging_mixin.py:190} INFO - [2025-03-30T23:30:29.909+0000] {dag.py:3239} INFO - Sync 3 DAGs
[2025-03-30T23:30:29.963+0000] {logging_mixin.py:190} INFO - [2025-03-30T23:30:29.962+0000] {dag.py:4180} INFO - Setting next_dagrun for example_branch_datetime_operator to 2025-03-29 00:00:00+00:00, run_after=2025-03-30 00:00:00+00:00
[2025-03-30T23:30:29.979+0000] {logging_mixin.py:190} INFO - [2025-03-30T23:30:29.978+0000] {dag.py:4180} INFO - Setting next_dagrun for example_branch_datetime_operator_2 to 2025-03-29 00:00:00+00:00, run_after=2025-03-30 00:00:00+00:00
[2025-03-30T23:30:29.988+0000] {logging_mixin.py:190} INFO - [2025-03-30T23:30:29.987+0000] {dag.py:4180} INFO - Setting next_dagrun for example_branch_datetime_operator_3 to 2025-03-29 00:00:00+00:00, run_after=2025-03-30 00:00:00+00:00
[2025-03-30T23:30:30.028+0000] {processor.py:208} INFO - Processing /home/airflow/.local/lib/python3.12/site-packages/airflow/example_dags/example_branch_datetime_operator.py took 0.235 seconds
[2025-03-30T23:31:00.824+0000] {processor.py:186} INFO - Started process (PID=1202) to work on /home/airflow/.local/lib/python3.12/site-packages/airflow/example_dags/example_branch_datetime_operator.py
[2025-03-30T23:31:00.827+0000] {processor.py:914} INFO - Processing file /home/airflow/.local/lib/python3.12/site-packages/airflow/example_dags/example_branch_datetime_operator.py for tasks to queue
[2025-03-30T23:31:00.836+0000] {logging_mixin.py:190} INFO - [2025-03-30T23:31:00.835+0000] {dagbag.py:588} INFO - Filling up the DagBag from /home/airflow/.local/lib/python3.12/site-packages/airflow/example_dags/example_branch_datetime_operator.py
[2025-03-30T23:31:00.868+0000] {processor.py:925} INFO - DAG(s) 'example_branch_datetime_operator', 'example_branch_datetime_operator_3', 'example_branch_datetime_operator_2' retrieved from /home/airflow/.local/lib/python3.12/site-packages/airflow/example_dags/example_branch_datetime_operator.py
[2025-03-30T23:31:00.944+0000] {logging_mixin.py:190} INFO - [2025-03-30T23:31:00.944+0000] {dag.py:3239} INFO - Sync 3 DAGs
[2025-03-30T23:31:00.988+0000] {logging_mixin.py:190} INFO - [2025-03-30T23:31:00.988+0000] {dag.py:4180} INFO - Setting next_dagrun for example_branch_datetime_operator to 2025-03-29 00:00:00+00:00, run_after=2025-03-30 00:00:00+00:00
[2025-03-30T23:31:01.004+0000] {logging_mixin.py:190} INFO - [2025-03-30T23:31:01.004+0000] {dag.py:4180} INFO - Setting next_dagrun for example_branch_datetime_operator_2 to 2025-03-29 00:00:00+00:00, run_after=2025-03-30 00:00:00+00:00
[2025-03-30T23:31:01.015+0000] {logging_mixin.py:190} INFO - [2025-03-30T23:31:01.015+0000] {dag.py:4180} INFO - Setting next_dagrun for example_branch_datetime_operator_3 to 2025-03-29 00:00:00+00:00, run_after=2025-03-30 00:00:00+00:00
[2025-03-30T23:31:01.063+0000] {processor.py:208} INFO - Processing /home/airflow/.local/lib/python3.12/site-packages/airflow/example_dags/example_branch_datetime_operator.py took 0.252 seconds
[2025-03-30T23:31:31.505+0000] {processor.py:186} INFO - Started process (PID=1266) to work on /home/airflow/.local/lib/python3.12/site-packages/airflow/example_dags/example_branch_datetime_operator.py
[2025-03-30T23:31:31.508+0000] {processor.py:914} INFO - Processing file /home/airflow/.local/lib/python3.12/site-packages/airflow/example_dags/example_branch_datetime_operator.py for tasks to queue
[2025-03-30T23:31:31.513+0000] {logging_mixin.py:190} INFO - [2025-03-30T23:31:31.512+0000] {dagbag.py:588} INFO - Filling up the DagBag from /home/airflow/.local/lib/python3.12/site-packages/airflow/example_dags/example_branch_datetime_operator.py
[2025-03-30T23:31:31.537+0000] {processor.py:925} INFO - DAG(s) 'example_branch_datetime_operator', 'example_branch_datetime_operator_3', 'example_branch_datetime_operator_2' retrieved from /home/airflow/.local/lib/python3.12/site-packages/airflow/example_dags/example_branch_datetime_operator.py
[2025-03-30T23:31:31.589+0000] {logging_mixin.py:190} INFO - [2025-03-30T23:31:31.589+0000] {dag.py:3239} INFO - Sync 3 DAGs
[2025-03-30T23:31:31.635+0000] {logging_mixin.py:190} INFO - [2025-03-30T23:31:31.634+0000] {dag.py:4180} INFO - Setting next_dagrun for example_branch_datetime_operator to 2025-03-29 00:00:00+00:00, run_after=2025-03-30 00:00:00+00:00
[2025-03-30T23:31:31.646+0000] {logging_mixin.py:190} INFO - [2025-03-30T23:31:31.646+0000] {dag.py:4180} INFO - Setting next_dagrun for example_branch_datetime_operator_2 to 2025-03-29 00:00:00+00:00, run_after=2025-03-30 00:00:00+00:00
[2025-03-30T23:31:31.653+0000] {logging_mixin.py:190} INFO - [2025-03-30T23:31:31.652+0000] {dag.py:4180} INFO - Setting next_dagrun for example_branch_datetime_operator_3 to 2025-03-29 00:00:00+00:00, run_after=2025-03-30 00:00:00+00:00
[2025-03-30T23:31:31.687+0000] {processor.py:208} INFO - Processing /home/airflow/.local/lib/python3.12/site-packages/airflow/example_dags/example_branch_datetime_operator.py took 0.193 seconds
[2025-03-30T23:32:02.457+0000] {processor.py:186} INFO - Started process (PID=1330) to work on /home/airflow/.local/lib/python3.12/site-packages/airflow/example_dags/example_branch_datetime_operator.py
[2025-03-30T23:32:02.460+0000] {processor.py:914} INFO - Processing file /home/airflow/.local/lib/python3.12/site-packages/airflow/example_dags/example_branch_datetime_operator.py for tasks to queue
[2025-03-30T23:32:02.466+0000] {logging_mixin.py:190} INFO - [2025-03-30T23:32:02.465+0000] {dagbag.py:588} INFO - Filling up the DagBag from /home/airflow/.local/lib/python3.12/site-packages/airflow/example_dags/example_branch_datetime_operator.py
[2025-03-30T23:32:02.492+0000] {processor.py:925} INFO - DAG(s) 'example_branch_datetime_operator', 'example_branch_datetime_operator_2', 'example_branch_datetime_operator_3' retrieved from /home/airflow/.local/lib/python3.12/site-packages/airflow/example_dags/example_branch_datetime_operator.py
[2025-03-30T23:32:02.553+0000] {logging_mixin.py:190} INFO - [2025-03-30T23:32:02.552+0000] {dag.py:3239} INFO - Sync 3 DAGs
[2025-03-30T23:32:02.603+0000] {logging_mixin.py:190} INFO - [2025-03-30T23:32:02.602+0000] {dag.py:4180} INFO - Setting next_dagrun for example_branch_datetime_operator to 2025-03-29 00:00:00+00:00, run_after=2025-03-30 00:00:00+00:00
[2025-03-30T23:32:02.615+0000] {logging_mixin.py:190} INFO - [2025-03-30T23:32:02.614+0000] {dag.py:4180} INFO - Setting next_dagrun for example_branch_datetime_operator_2 to 2025-03-29 00:00:00+00:00, run_after=2025-03-30 00:00:00+00:00
[2025-03-30T23:32:02.621+0000] {logging_mixin.py:190} INFO - [2025-03-30T23:32:02.621+0000] {dag.py:4180} INFO - Setting next_dagrun for example_branch_datetime_operator_3 to 2025-03-29 00:00:00+00:00, run_after=2025-03-30 00:00:00+00:00
[2025-03-30T23:32:02.668+0000] {processor.py:208} INFO - Processing /home/airflow/.local/lib/python3.12/site-packages/airflow/example_dags/example_branch_datetime_operator.py took 0.222 seconds
[2025-03-30T23:32:33.430+0000] {processor.py:186} INFO - Started process (PID=1394) to work on /home/airflow/.local/lib/python3.12/site-packages/airflow/example_dags/example_branch_datetime_operator.py
[2025-03-30T23:32:33.433+0000] {processor.py:914} INFO - Processing file /home/airflow/.local/lib/python3.12/site-packages/airflow/example_dags/example_branch_datetime_operator.py for tasks to queue
[2025-03-30T23:32:33.439+0000] {logging_mixin.py:190} INFO - [2025-03-30T23:32:33.439+0000] {dagbag.py:588} INFO - Filling up the DagBag from /home/airflow/.local/lib/python3.12/site-packages/airflow/example_dags/example_branch_datetime_operator.py
[2025-03-30T23:32:33.464+0000] {processor.py:925} INFO - DAG(s) 'example_branch_datetime_operator_3', 'example_branch_datetime_operator_2', 'example_branch_datetime_operator' retrieved from /home/airflow/.local/lib/python3.12/site-packages/airflow/example_dags/example_branch_datetime_operator.py
[2025-03-30T23:32:33.521+0000] {logging_mixin.py:190} INFO - [2025-03-30T23:32:33.521+0000] {dag.py:3239} INFO - Sync 3 DAGs
[2025-03-30T23:32:33.568+0000] {logging_mixin.py:190} INFO - [2025-03-30T23:32:33.568+0000] {dag.py:4180} INFO - Setting next_dagrun for example_branch_datetime_operator to 2025-03-29 00:00:00+00:00, run_after=2025-03-30 00:00:00+00:00
[2025-03-30T23:32:33.579+0000] {logging_mixin.py:190} INFO - [2025-03-30T23:32:33.579+0000] {dag.py:4180} INFO - Setting next_dagrun for example_branch_datetime_operator_2 to 2025-03-29 00:00:00+00:00, run_after=2025-03-30 00:00:00+00:00
[2025-03-30T23:32:33.585+0000] {logging_mixin.py:190} INFO - [2025-03-30T23:32:33.585+0000] {dag.py:4180} INFO - Setting next_dagrun for example_branch_datetime_operator_3 to 2025-03-29 00:00:00+00:00, run_after=2025-03-30 00:00:00+00:00
[2025-03-30T23:32:33.622+0000] {processor.py:208} INFO - Processing /home/airflow/.local/lib/python3.12/site-packages/airflow/example_dags/example_branch_datetime_operator.py took 0.206 seconds
[2025-03-30T23:33:04.052+0000] {processor.py:186} INFO - Started process (PID=1458) to work on /home/airflow/.local/lib/python3.12/site-packages/airflow/example_dags/example_branch_datetime_operator.py
[2025-03-30T23:33:04.056+0000] {processor.py:914} INFO - Processing file /home/airflow/.local/lib/python3.12/site-packages/airflow/example_dags/example_branch_datetime_operator.py for tasks to queue
[2025-03-30T23:33:04.063+0000] {logging_mixin.py:190} INFO - [2025-03-30T23:33:04.062+0000] {dagbag.py:588} INFO - Filling up the DagBag from /home/airflow/.local/lib/python3.12/site-packages/airflow/example_dags/example_branch_datetime_operator.py
[2025-03-30T23:33:04.087+0000] {processor.py:925} INFO - DAG(s) 'example_branch_datetime_operator_3', 'example_branch_datetime_operator', 'example_branch_datetime_operator_2' retrieved from /home/airflow/.local/lib/python3.12/site-packages/airflow/example_dags/example_branch_datetime_operator.py
[2025-03-30T23:33:04.154+0000] {logging_mixin.py:190} INFO - [2025-03-30T23:33:04.154+0000] {dag.py:3239} INFO - Sync 3 DAGs
[2025-03-30T23:33:04.200+0000] {logging_mixin.py:190} INFO - [2025-03-30T23:33:04.200+0000] {dag.py:4180} INFO - Setting next_dagrun for example_branch_datetime_operator to 2025-03-29 00:00:00+00:00, run_after=2025-03-30 00:00:00+00:00
[2025-03-30T23:33:04.211+0000] {logging_mixin.py:190} INFO - [2025-03-30T23:33:04.211+0000] {dag.py:4180} INFO - Setting next_dagrun for example_branch_datetime_operator_2 to 2025-03-29 00:00:00+00:00, run_after=2025-03-30 00:00:00+00:00
[2025-03-30T23:33:04.218+0000] {logging_mixin.py:190} INFO - [2025-03-30T23:33:04.217+0000] {dag.py:4180} INFO - Setting next_dagrun for example_branch_datetime_operator_3 to 2025-03-29 00:00:00+00:00, run_after=2025-03-30 00:00:00+00:00
[2025-03-30T23:33:04.267+0000] {processor.py:208} INFO - Processing /home/airflow/.local/lib/python3.12/site-packages/airflow/example_dags/example_branch_datetime_operator.py took 0.228 seconds
[2025-03-30T23:33:35.057+0000] {processor.py:186} INFO - Started process (PID=1522) to work on /home/airflow/.local/lib/python3.12/site-packages/airflow/example_dags/example_branch_datetime_operator.py
[2025-03-30T23:33:35.061+0000] {processor.py:914} INFO - Processing file /home/airflow/.local/lib/python3.12/site-packages/airflow/example_dags/example_branch_datetime_operator.py for tasks to queue
[2025-03-30T23:33:35.067+0000] {logging_mixin.py:190} INFO - [2025-03-30T23:33:35.066+0000] {dagbag.py:588} INFO - Filling up the DagBag from /home/airflow/.local/lib/python3.12/site-packages/airflow/example_dags/example_branch_datetime_operator.py
[2025-03-30T23:33:35.090+0000] {processor.py:925} INFO - DAG(s) 'example_branch_datetime_operator', 'example_branch_datetime_operator_2', 'example_branch_datetime_operator_3' retrieved from /home/airflow/.local/lib/python3.12/site-packages/airflow/example_dags/example_branch_datetime_operator.py
[2025-03-30T23:33:35.145+0000] {logging_mixin.py:190} INFO - [2025-03-30T23:33:35.144+0000] {dag.py:3239} INFO - Sync 3 DAGs
[2025-03-30T23:33:35.192+0000] {logging_mixin.py:190} INFO - [2025-03-30T23:33:35.192+0000] {dag.py:4180} INFO - Setting next_dagrun for example_branch_datetime_operator to 2025-03-29 00:00:00+00:00, run_after=2025-03-30 00:00:00+00:00
[2025-03-30T23:33:35.203+0000] {logging_mixin.py:190} INFO - [2025-03-30T23:33:35.203+0000] {dag.py:4180} INFO - Setting next_dagrun for example_branch_datetime_operator_2 to 2025-03-29 00:00:00+00:00, run_after=2025-03-30 00:00:00+00:00
[2025-03-30T23:33:35.210+0000] {logging_mixin.py:190} INFO - [2025-03-30T23:33:35.210+0000] {dag.py:4180} INFO - Setting next_dagrun for example_branch_datetime_operator_3 to 2025-03-29 00:00:00+00:00, run_after=2025-03-30 00:00:00+00:00
[2025-03-30T23:33:35.253+0000] {processor.py:208} INFO - Processing /home/airflow/.local/lib/python3.12/site-packages/airflow/example_dags/example_branch_datetime_operator.py took 0.208 seconds
[2025-03-30T23:52:58.106+0000] {processor.py:186} INFO - Started process (PID=1555) to work on /home/airflow/.local/lib/python3.12/site-packages/airflow/example_dags/example_branch_datetime_operator.py
[2025-03-30T23:52:58.107+0000] {processor.py:914} INFO - Processing file /home/airflow/.local/lib/python3.12/site-packages/airflow/example_dags/example_branch_datetime_operator.py for tasks to queue
[2025-03-30T23:52:58.112+0000] {logging_mixin.py:190} INFO - [2025-03-30T23:52:58.111+0000] {dagbag.py:588} INFO - Filling up the DagBag from /home/airflow/.local/lib/python3.12/site-packages/airflow/example_dags/example_branch_datetime_operator.py
[2025-03-30T23:52:58.133+0000] {processor.py:925} INFO - DAG(s) 'example_branch_datetime_operator_2', 'example_branch_datetime_operator_3', 'example_branch_datetime_operator' retrieved from /home/airflow/.local/lib/python3.12/site-packages/airflow/example_dags/example_branch_datetime_operator.py
[2025-03-30T23:52:58.181+0000] {logging_mixin.py:190} INFO - [2025-03-30T23:52:58.181+0000] {dag.py:3239} INFO - Sync 3 DAGs
[2025-03-30T23:52:58.212+0000] {logging_mixin.py:190} INFO - [2025-03-30T23:52:58.212+0000] {dag.py:4180} INFO - Setting next_dagrun for example_branch_datetime_operator to 2025-03-29 00:00:00+00:00, run_after=2025-03-30 00:00:00+00:00
[2025-03-30T23:52:58.218+0000] {logging_mixin.py:190} INFO - [2025-03-30T23:52:58.218+0000] {dag.py:4180} INFO - Setting next_dagrun for example_branch_datetime_operator_2 to 2025-03-29 00:00:00+00:00, run_after=2025-03-30 00:00:00+00:00
[2025-03-30T23:52:58.223+0000] {logging_mixin.py:190} INFO - [2025-03-30T23:52:58.222+0000] {dag.py:4180} INFO - Setting next_dagrun for example_branch_datetime_operator_3 to 2025-03-29 00:00:00+00:00, run_after=2025-03-30 00:00:00+00:00
[2025-03-30T23:52:58.245+0000] {processor.py:208} INFO - Processing /home/airflow/.local/lib/python3.12/site-packages/airflow/example_dags/example_branch_datetime_operator.py took 0.148 seconds
