[2025-03-30T23:20:37.236+0000] {processor.py:186} INFO - Started process (PID=79) to work on /home/airflow/.local/lib/python3.12/site-packages/airflow/example_dags/example_complex.py
[2025-03-30T23:20:37.240+0000] {processor.py:914} INFO - Processing file /home/airflow/.local/lib/python3.12/site-packages/airflow/example_dags/example_complex.py for tasks to queue
[2025-03-30T23:20:37.247+0000] {logging_mixin.py:190} INFO - [2025-03-30T23:20:37.247+0000] {dagbag.py:588} INFO - Filling up the DagBag from /home/airflow/.local/lib/python3.12/site-packages/airflow/example_dags/example_complex.py
[2025-03-30T23:20:37.282+0000] {processor.py:925} INFO - DAG(s) 'example_complex' retrieved from /home/airflow/.local/lib/python3.12/site-packages/airflow/example_dags/example_complex.py
[2025-03-30T23:20:37.368+0000] {logging_mixin.py:190} INFO - [2025-03-30T23:20:37.368+0000] {dag.py:3239} INFO - Sync 1 DAGs
[2025-03-30T23:20:37.399+0000] {logging_mixin.py:190} INFO - [2025-03-30T23:20:37.399+0000] {dag.py:4180} INFO - Setting next_dagrun for example_complex to None, run_after=None
[2025-03-30T23:20:37.445+0000] {processor.py:208} INFO - Processing /home/airflow/.local/lib/python3.12/site-packages/airflow/example_dags/example_complex.py took 0.223 seconds
[2025-03-30T23:21:07.897+0000] {processor.py:186} INFO - Started process (PID=143) to work on /home/airflow/.local/lib/python3.12/site-packages/airflow/example_dags/example_complex.py
[2025-03-30T23:21:07.900+0000] {processor.py:914} INFO - Processing file /home/airflow/.local/lib/python3.12/site-packages/airflow/example_dags/example_complex.py for tasks to queue
[2025-03-30T23:21:07.906+0000] {logging_mixin.py:190} INFO - [2025-03-30T23:21:07.905+0000] {dagbag.py:588} INFO - Filling up the DagBag from /home/airflow/.local/lib/python3.12/site-packages/airflow/example_dags/example_complex.py
[2025-03-30T23:21:07.928+0000] {processor.py:925} INFO - DAG(s) 'example_complex' retrieved from /home/airflow/.local/lib/python3.12/site-packages/airflow/example_dags/example_complex.py
[2025-03-30T23:21:07.994+0000] {logging_mixin.py:190} INFO - [2025-03-30T23:21:07.994+0000] {dag.py:3239} INFO - Sync 1 DAGs
[2025-03-30T23:21:08.019+0000] {logging_mixin.py:190} INFO - [2025-03-30T23:21:08.018+0000] {dag.py:4180} INFO - Setting next_dagrun for example_complex to None, run_after=None
[2025-03-30T23:21:08.067+0000] {processor.py:208} INFO - Processing /home/airflow/.local/lib/python3.12/site-packages/airflow/example_dags/example_complex.py took 0.184 seconds
[2025-03-30T23:21:56.996+0000] {processor.py:186} INFO - Started process (PID=80) to work on /home/airflow/.local/lib/python3.12/site-packages/airflow/example_dags/example_complex.py
[2025-03-30T23:21:57.000+0000] {processor.py:914} INFO - Processing file /home/airflow/.local/lib/python3.12/site-packages/airflow/example_dags/example_complex.py for tasks to queue
[2025-03-30T23:21:57.007+0000] {logging_mixin.py:190} INFO - [2025-03-30T23:21:57.006+0000] {dagbag.py:588} INFO - Filling up the DagBag from /home/airflow/.local/lib/python3.12/site-packages/airflow/example_dags/example_complex.py
[2025-03-30T23:21:57.034+0000] {processor.py:925} INFO - DAG(s) 'example_complex' retrieved from /home/airflow/.local/lib/python3.12/site-packages/airflow/example_dags/example_complex.py
[2025-03-30T23:21:57.096+0000] {logging_mixin.py:190} INFO - [2025-03-30T23:21:57.095+0000] {dag.py:3239} INFO - Sync 1 DAGs
[2025-03-30T23:21:57.121+0000] {logging_mixin.py:190} INFO - [2025-03-30T23:21:57.121+0000] {dag.py:4180} INFO - Setting next_dagrun for example_complex to None, run_after=None
[2025-03-30T23:21:57.167+0000] {processor.py:208} INFO - Processing /home/airflow/.local/lib/python3.12/site-packages/airflow/example_dags/example_complex.py took 0.181 seconds
[2025-03-30T23:22:27.696+0000] {processor.py:186} INFO - Started process (PID=144) to work on /home/airflow/.local/lib/python3.12/site-packages/airflow/example_dags/example_complex.py
[2025-03-30T23:22:27.700+0000] {processor.py:914} INFO - Processing file /home/airflow/.local/lib/python3.12/site-packages/airflow/example_dags/example_complex.py for tasks to queue
[2025-03-30T23:22:27.710+0000] {logging_mixin.py:190} INFO - [2025-03-30T23:22:27.709+0000] {dagbag.py:588} INFO - Filling up the DagBag from /home/airflow/.local/lib/python3.12/site-packages/airflow/example_dags/example_complex.py
[2025-03-30T23:22:27.740+0000] {processor.py:925} INFO - DAG(s) 'example_complex' retrieved from /home/airflow/.local/lib/python3.12/site-packages/airflow/example_dags/example_complex.py
[2025-03-30T23:22:27.802+0000] {logging_mixin.py:190} INFO - [2025-03-30T23:22:27.801+0000] {dag.py:3239} INFO - Sync 1 DAGs
[2025-03-30T23:22:27.841+0000] {logging_mixin.py:190} INFO - [2025-03-30T23:22:27.840+0000] {dag.py:4180} INFO - Setting next_dagrun for example_complex to None, run_after=None
[2025-03-30T23:22:27.897+0000] {processor.py:208} INFO - Processing /home/airflow/.local/lib/python3.12/site-packages/airflow/example_dags/example_complex.py took 0.214 seconds
[2025-03-30T23:22:58.235+0000] {processor.py:186} INFO - Started process (PID=207) to work on /home/airflow/.local/lib/python3.12/site-packages/airflow/example_dags/example_complex.py
[2025-03-30T23:22:58.238+0000] {processor.py:914} INFO - Processing file /home/airflow/.local/lib/python3.12/site-packages/airflow/example_dags/example_complex.py for tasks to queue
[2025-03-30T23:22:58.243+0000] {logging_mixin.py:190} INFO - [2025-03-30T23:22:58.242+0000] {dagbag.py:588} INFO - Filling up the DagBag from /home/airflow/.local/lib/python3.12/site-packages/airflow/example_dags/example_complex.py
[2025-03-30T23:22:58.263+0000] {processor.py:925} INFO - DAG(s) 'example_complex' retrieved from /home/airflow/.local/lib/python3.12/site-packages/airflow/example_dags/example_complex.py
[2025-03-30T23:22:58.321+0000] {logging_mixin.py:190} INFO - [2025-03-30T23:22:58.320+0000] {dag.py:3239} INFO - Sync 1 DAGs
[2025-03-30T23:22:58.353+0000] {logging_mixin.py:190} INFO - [2025-03-30T23:22:58.353+0000] {dag.py:4180} INFO - Setting next_dagrun for example_complex to None, run_after=None
[2025-03-30T23:22:58.401+0000] {processor.py:208} INFO - Processing /home/airflow/.local/lib/python3.12/site-packages/airflow/example_dags/example_complex.py took 0.176 seconds
[2025-03-30T23:23:29.817+0000] {processor.py:186} INFO - Started process (PID=275) to work on /home/airflow/.local/lib/python3.12/site-packages/airflow/example_dags/example_complex.py
[2025-03-30T23:23:29.821+0000] {processor.py:914} INFO - Processing file /home/airflow/.local/lib/python3.12/site-packages/airflow/example_dags/example_complex.py for tasks to queue
[2025-03-30T23:23:29.830+0000] {logging_mixin.py:190} INFO - [2025-03-30T23:23:29.829+0000] {dagbag.py:588} INFO - Filling up the DagBag from /home/airflow/.local/lib/python3.12/site-packages/airflow/example_dags/example_complex.py
[2025-03-30T23:23:29.849+0000] {processor.py:925} INFO - DAG(s) 'example_complex' retrieved from /home/airflow/.local/lib/python3.12/site-packages/airflow/example_dags/example_complex.py
[2025-03-30T23:23:29.920+0000] {logging_mixin.py:190} INFO - [2025-03-30T23:23:29.919+0000] {dag.py:3239} INFO - Sync 1 DAGs
[2025-03-30T23:23:29.952+0000] {logging_mixin.py:190} INFO - [2025-03-30T23:23:29.952+0000] {dag.py:4180} INFO - Setting next_dagrun for example_complex to None, run_after=None
[2025-03-30T23:23:29.996+0000] {processor.py:208} INFO - Processing /home/airflow/.local/lib/python3.12/site-packages/airflow/example_dags/example_complex.py took 0.193 seconds
[2025-03-30T23:24:01.184+0000] {processor.py:186} INFO - Started process (PID=339) to work on /home/airflow/.local/lib/python3.12/site-packages/airflow/example_dags/example_complex.py
[2025-03-30T23:24:01.188+0000] {processor.py:914} INFO - Processing file /home/airflow/.local/lib/python3.12/site-packages/airflow/example_dags/example_complex.py for tasks to queue
[2025-03-30T23:24:01.195+0000] {logging_mixin.py:190} INFO - [2025-03-30T23:24:01.194+0000] {dagbag.py:588} INFO - Filling up the DagBag from /home/airflow/.local/lib/python3.12/site-packages/airflow/example_dags/example_complex.py
[2025-03-30T23:24:01.226+0000] {processor.py:925} INFO - DAG(s) 'example_complex' retrieved from /home/airflow/.local/lib/python3.12/site-packages/airflow/example_dags/example_complex.py
[2025-03-30T23:24:01.289+0000] {logging_mixin.py:190} INFO - [2025-03-30T23:24:01.288+0000] {dag.py:3239} INFO - Sync 1 DAGs
[2025-03-30T23:24:01.319+0000] {logging_mixin.py:190} INFO - [2025-03-30T23:24:01.318+0000] {dag.py:4180} INFO - Setting next_dagrun for example_complex to None, run_after=None
[2025-03-30T23:24:01.376+0000] {processor.py:208} INFO - Processing /home/airflow/.local/lib/python3.12/site-packages/airflow/example_dags/example_complex.py took 0.207 seconds
[2025-03-30T23:24:32.385+0000] {processor.py:186} INFO - Started process (PID=402) to work on /home/airflow/.local/lib/python3.12/site-packages/airflow/example_dags/example_complex.py
[2025-03-30T23:24:32.389+0000] {processor.py:914} INFO - Processing file /home/airflow/.local/lib/python3.12/site-packages/airflow/example_dags/example_complex.py for tasks to queue
[2025-03-30T23:24:32.398+0000] {logging_mixin.py:190} INFO - [2025-03-30T23:24:32.396+0000] {dagbag.py:588} INFO - Filling up the DagBag from /home/airflow/.local/lib/python3.12/site-packages/airflow/example_dags/example_complex.py
[2025-03-30T23:24:32.427+0000] {processor.py:925} INFO - DAG(s) 'example_complex' retrieved from /home/airflow/.local/lib/python3.12/site-packages/airflow/example_dags/example_complex.py
[2025-03-30T23:24:32.499+0000] {logging_mixin.py:190} INFO - [2025-03-30T23:24:32.498+0000] {dag.py:3239} INFO - Sync 1 DAGs
[2025-03-30T23:24:32.530+0000] {logging_mixin.py:190} INFO - [2025-03-30T23:24:32.529+0000] {dag.py:4180} INFO - Setting next_dagrun for example_complex to None, run_after=None
[2025-03-30T23:24:32.591+0000] {processor.py:208} INFO - Processing /home/airflow/.local/lib/python3.12/site-packages/airflow/example_dags/example_complex.py took 0.219 seconds
[2025-03-30T23:25:03.497+0000] {processor.py:186} INFO - Started process (PID=466) to work on /home/airflow/.local/lib/python3.12/site-packages/airflow/example_dags/example_complex.py
[2025-03-30T23:25:03.501+0000] {processor.py:914} INFO - Processing file /home/airflow/.local/lib/python3.12/site-packages/airflow/example_dags/example_complex.py for tasks to queue
[2025-03-30T23:25:03.509+0000] {logging_mixin.py:190} INFO - [2025-03-30T23:25:03.508+0000] {dagbag.py:588} INFO - Filling up the DagBag from /home/airflow/.local/lib/python3.12/site-packages/airflow/example_dags/example_complex.py
[2025-03-30T23:25:03.536+0000] {processor.py:925} INFO - DAG(s) 'example_complex' retrieved from /home/airflow/.local/lib/python3.12/site-packages/airflow/example_dags/example_complex.py
[2025-03-30T23:25:03.595+0000] {logging_mixin.py:190} INFO - [2025-03-30T23:25:03.594+0000] {dag.py:3239} INFO - Sync 1 DAGs
[2025-03-30T23:25:03.623+0000] {logging_mixin.py:190} INFO - [2025-03-30T23:25:03.622+0000] {dag.py:4180} INFO - Setting next_dagrun for example_complex to None, run_after=None
[2025-03-30T23:25:03.677+0000] {processor.py:208} INFO - Processing /home/airflow/.local/lib/python3.12/site-packages/airflow/example_dags/example_complex.py took 0.191 seconds
[2025-03-30T23:25:35.803+0000] {processor.py:186} INFO - Started process (PID=530) to work on /home/airflow/.local/lib/python3.12/site-packages/airflow/example_dags/example_complex.py
[2025-03-30T23:25:35.806+0000] {processor.py:914} INFO - Processing file /home/airflow/.local/lib/python3.12/site-packages/airflow/example_dags/example_complex.py for tasks to queue
[2025-03-30T23:25:35.814+0000] {logging_mixin.py:190} INFO - [2025-03-30T23:25:35.813+0000] {dagbag.py:588} INFO - Filling up the DagBag from /home/airflow/.local/lib/python3.12/site-packages/airflow/example_dags/example_complex.py
[2025-03-30T23:25:35.840+0000] {processor.py:925} INFO - DAG(s) 'example_complex' retrieved from /home/airflow/.local/lib/python3.12/site-packages/airflow/example_dags/example_complex.py
[2025-03-30T23:25:35.907+0000] {logging_mixin.py:190} INFO - [2025-03-30T23:25:35.906+0000] {dag.py:3239} INFO - Sync 1 DAGs
[2025-03-30T23:25:35.935+0000] {logging_mixin.py:190} INFO - [2025-03-30T23:25:35.935+0000] {dag.py:4180} INFO - Setting next_dagrun for example_complex to None, run_after=None
[2025-03-30T23:25:35.978+0000] {processor.py:208} INFO - Processing /home/airflow/.local/lib/python3.12/site-packages/airflow/example_dags/example_complex.py took 0.189 seconds
[2025-03-30T23:26:06.515+0000] {processor.py:186} INFO - Started process (PID=594) to work on /home/airflow/.local/lib/python3.12/site-packages/airflow/example_dags/example_complex.py
[2025-03-30T23:26:06.518+0000] {processor.py:914} INFO - Processing file /home/airflow/.local/lib/python3.12/site-packages/airflow/example_dags/example_complex.py for tasks to queue
[2025-03-30T23:26:06.525+0000] {logging_mixin.py:190} INFO - [2025-03-30T23:26:06.524+0000] {dagbag.py:588} INFO - Filling up the DagBag from /home/airflow/.local/lib/python3.12/site-packages/airflow/example_dags/example_complex.py
[2025-03-30T23:26:06.553+0000] {processor.py:925} INFO - DAG(s) 'example_complex' retrieved from /home/airflow/.local/lib/python3.12/site-packages/airflow/example_dags/example_complex.py
[2025-03-30T23:26:06.607+0000] {logging_mixin.py:190} INFO - [2025-03-30T23:26:06.606+0000] {dag.py:3239} INFO - Sync 1 DAGs
[2025-03-30T23:26:06.636+0000] {logging_mixin.py:190} INFO - [2025-03-30T23:26:06.635+0000] {dag.py:4180} INFO - Setting next_dagrun for example_complex to None, run_after=None
[2025-03-30T23:26:06.684+0000] {processor.py:208} INFO - Processing /home/airflow/.local/lib/python3.12/site-packages/airflow/example_dags/example_complex.py took 0.179 seconds
[2025-03-30T23:26:39.260+0000] {processor.py:186} INFO - Started process (PID=658) to work on /home/airflow/.local/lib/python3.12/site-packages/airflow/example_dags/example_complex.py
[2025-03-30T23:26:39.265+0000] {processor.py:914} INFO - Processing file /home/airflow/.local/lib/python3.12/site-packages/airflow/example_dags/example_complex.py for tasks to queue
[2025-03-30T23:26:39.273+0000] {logging_mixin.py:190} INFO - [2025-03-30T23:26:39.273+0000] {dagbag.py:588} INFO - Filling up the DagBag from /home/airflow/.local/lib/python3.12/site-packages/airflow/example_dags/example_complex.py
[2025-03-30T23:26:39.296+0000] {processor.py:925} INFO - DAG(s) 'example_complex' retrieved from /home/airflow/.local/lib/python3.12/site-packages/airflow/example_dags/example_complex.py
[2025-03-30T23:26:39.353+0000] {logging_mixin.py:190} INFO - [2025-03-30T23:26:39.352+0000] {dag.py:3239} INFO - Sync 1 DAGs
[2025-03-30T23:26:39.379+0000] {logging_mixin.py:190} INFO - [2025-03-30T23:26:39.379+0000] {dag.py:4180} INFO - Setting next_dagrun for example_complex to None, run_after=None
[2025-03-30T23:26:39.417+0000] {processor.py:208} INFO - Processing /home/airflow/.local/lib/python3.12/site-packages/airflow/example_dags/example_complex.py took 0.169 seconds
[2025-03-30T23:27:11.375+0000] {processor.py:186} INFO - Started process (PID=723) to work on /home/airflow/.local/lib/python3.12/site-packages/airflow/example_dags/example_complex.py
[2025-03-30T23:27:11.378+0000] {processor.py:914} INFO - Processing file /home/airflow/.local/lib/python3.12/site-packages/airflow/example_dags/example_complex.py for tasks to queue
[2025-03-30T23:27:11.383+0000] {logging_mixin.py:190} INFO - [2025-03-30T23:27:11.383+0000] {dagbag.py:588} INFO - Filling up the DagBag from /home/airflow/.local/lib/python3.12/site-packages/airflow/example_dags/example_complex.py
[2025-03-30T23:27:11.404+0000] {processor.py:925} INFO - DAG(s) 'example_complex' retrieved from /home/airflow/.local/lib/python3.12/site-packages/airflow/example_dags/example_complex.py
[2025-03-30T23:27:11.458+0000] {logging_mixin.py:190} INFO - [2025-03-30T23:27:11.457+0000] {dag.py:3239} INFO - Sync 1 DAGs
[2025-03-30T23:27:11.485+0000] {logging_mixin.py:190} INFO - [2025-03-30T23:27:11.484+0000] {dag.py:4180} INFO - Setting next_dagrun for example_complex to None, run_after=None
[2025-03-30T23:27:11.524+0000] {processor.py:208} INFO - Processing /home/airflow/.local/lib/python3.12/site-packages/airflow/example_dags/example_complex.py took 0.159 seconds
[2025-03-30T23:27:42.999+0000] {processor.py:186} INFO - Started process (PID=786) to work on /home/airflow/.local/lib/python3.12/site-packages/airflow/example_dags/example_complex.py
[2025-03-30T23:27:43.002+0000] {processor.py:914} INFO - Processing file /home/airflow/.local/lib/python3.12/site-packages/airflow/example_dags/example_complex.py for tasks to queue
[2025-03-30T23:27:43.007+0000] {logging_mixin.py:190} INFO - [2025-03-30T23:27:43.007+0000] {dagbag.py:588} INFO - Filling up the DagBag from /home/airflow/.local/lib/python3.12/site-packages/airflow/example_dags/example_complex.py
[2025-03-30T23:27:43.031+0000] {processor.py:925} INFO - DAG(s) 'example_complex' retrieved from /home/airflow/.local/lib/python3.12/site-packages/airflow/example_dags/example_complex.py
[2025-03-30T23:27:43.098+0000] {logging_mixin.py:190} INFO - [2025-03-30T23:27:43.097+0000] {dag.py:3239} INFO - Sync 1 DAGs
[2025-03-30T23:27:43.129+0000] {logging_mixin.py:190} INFO - [2025-03-30T23:27:43.129+0000] {dag.py:4180} INFO - Setting next_dagrun for example_complex to None, run_after=None
[2025-03-30T23:27:43.182+0000] {processor.py:208} INFO - Processing /home/airflow/.local/lib/python3.12/site-packages/airflow/example_dags/example_complex.py took 0.195 seconds
[2025-03-30T23:28:14.548+0000] {processor.py:186} INFO - Started process (PID=850) to work on /home/airflow/.local/lib/python3.12/site-packages/airflow/example_dags/example_complex.py
[2025-03-30T23:28:14.552+0000] {processor.py:914} INFO - Processing file /home/airflow/.local/lib/python3.12/site-packages/airflow/example_dags/example_complex.py for tasks to queue
[2025-03-30T23:28:14.558+0000] {logging_mixin.py:190} INFO - [2025-03-30T23:28:14.557+0000] {dagbag.py:588} INFO - Filling up the DagBag from /home/airflow/.local/lib/python3.12/site-packages/airflow/example_dags/example_complex.py
[2025-03-30T23:28:14.584+0000] {processor.py:925} INFO - DAG(s) 'example_complex' retrieved from /home/airflow/.local/lib/python3.12/site-packages/airflow/example_dags/example_complex.py
[2025-03-30T23:28:14.645+0000] {logging_mixin.py:190} INFO - [2025-03-30T23:28:14.644+0000] {dag.py:3239} INFO - Sync 1 DAGs
[2025-03-30T23:28:14.677+0000] {logging_mixin.py:190} INFO - [2025-03-30T23:28:14.677+0000] {dag.py:4180} INFO - Setting next_dagrun for example_complex to None, run_after=None
[2025-03-30T23:28:14.729+0000] {processor.py:208} INFO - Processing /home/airflow/.local/lib/python3.12/site-packages/airflow/example_dags/example_complex.py took 0.192 seconds
[2025-03-30T23:28:46.453+0000] {processor.py:186} INFO - Started process (PID=920) to work on /home/airflow/.local/lib/python3.12/site-packages/airflow/example_dags/example_complex.py
[2025-03-30T23:28:46.456+0000] {processor.py:914} INFO - Processing file /home/airflow/.local/lib/python3.12/site-packages/airflow/example_dags/example_complex.py for tasks to queue
[2025-03-30T23:28:46.462+0000] {logging_mixin.py:190} INFO - [2025-03-30T23:28:46.461+0000] {dagbag.py:588} INFO - Filling up the DagBag from /home/airflow/.local/lib/python3.12/site-packages/airflow/example_dags/example_complex.py
[2025-03-30T23:28:46.483+0000] {processor.py:925} INFO - DAG(s) 'example_complex' retrieved from /home/airflow/.local/lib/python3.12/site-packages/airflow/example_dags/example_complex.py
[2025-03-30T23:28:46.542+0000] {logging_mixin.py:190} INFO - [2025-03-30T23:28:46.542+0000] {dag.py:3239} INFO - Sync 1 DAGs
[2025-03-30T23:28:46.568+0000] {logging_mixin.py:190} INFO - [2025-03-30T23:28:46.567+0000] {dag.py:4180} INFO - Setting next_dagrun for example_complex to None, run_after=None
[2025-03-30T23:28:46.624+0000] {processor.py:208} INFO - Processing /home/airflow/.local/lib/python3.12/site-packages/airflow/example_dags/example_complex.py took 0.185 seconds
[2025-03-30T23:29:16.970+0000] {processor.py:186} INFO - Started process (PID=984) to work on /home/airflow/.local/lib/python3.12/site-packages/airflow/example_dags/example_complex.py
[2025-03-30T23:29:16.975+0000] {processor.py:914} INFO - Processing file /home/airflow/.local/lib/python3.12/site-packages/airflow/example_dags/example_complex.py for tasks to queue
[2025-03-30T23:29:16.984+0000] {logging_mixin.py:190} INFO - [2025-03-30T23:29:16.983+0000] {dagbag.py:588} INFO - Filling up the DagBag from /home/airflow/.local/lib/python3.12/site-packages/airflow/example_dags/example_complex.py
[2025-03-30T23:29:17.007+0000] {processor.py:925} INFO - DAG(s) 'example_complex' retrieved from /home/airflow/.local/lib/python3.12/site-packages/airflow/example_dags/example_complex.py
[2025-03-30T23:29:17.067+0000] {logging_mixin.py:190} INFO - [2025-03-30T23:29:17.066+0000] {dag.py:3239} INFO - Sync 1 DAGs
[2025-03-30T23:29:17.105+0000] {logging_mixin.py:190} INFO - [2025-03-30T23:29:17.105+0000] {dag.py:4180} INFO - Setting next_dagrun for example_complex to None, run_after=None
[2025-03-30T23:29:17.167+0000] {processor.py:208} INFO - Processing /home/airflow/.local/lib/python3.12/site-packages/airflow/example_dags/example_complex.py took 0.211 seconds
[2025-03-30T23:29:48.859+0000] {processor.py:186} INFO - Started process (PID=1048) to work on /home/airflow/.local/lib/python3.12/site-packages/airflow/example_dags/example_complex.py
[2025-03-30T23:29:48.862+0000] {processor.py:914} INFO - Processing file /home/airflow/.local/lib/python3.12/site-packages/airflow/example_dags/example_complex.py for tasks to queue
[2025-03-30T23:29:48.866+0000] {logging_mixin.py:190} INFO - [2025-03-30T23:29:48.866+0000] {dagbag.py:588} INFO - Filling up the DagBag from /home/airflow/.local/lib/python3.12/site-packages/airflow/example_dags/example_complex.py
[2025-03-30T23:29:48.892+0000] {processor.py:925} INFO - DAG(s) 'example_complex' retrieved from /home/airflow/.local/lib/python3.12/site-packages/airflow/example_dags/example_complex.py
[2025-03-30T23:29:48.962+0000] {logging_mixin.py:190} INFO - [2025-03-30T23:29:48.961+0000] {dag.py:3239} INFO - Sync 1 DAGs
[2025-03-30T23:29:48.990+0000] {logging_mixin.py:190} INFO - [2025-03-30T23:29:48.989+0000] {dag.py:4180} INFO - Setting next_dagrun for example_complex to None, run_after=None
[2025-03-30T23:29:49.044+0000] {processor.py:208} INFO - Processing /home/airflow/.local/lib/python3.12/site-packages/airflow/example_dags/example_complex.py took 0.195 seconds
[2025-03-30T23:30:20.261+0000] {processor.py:186} INFO - Started process (PID=1112) to work on /home/airflow/.local/lib/python3.12/site-packages/airflow/example_dags/example_complex.py
[2025-03-30T23:30:20.264+0000] {processor.py:914} INFO - Processing file /home/airflow/.local/lib/python3.12/site-packages/airflow/example_dags/example_complex.py for tasks to queue
[2025-03-30T23:30:20.270+0000] {logging_mixin.py:190} INFO - [2025-03-30T23:30:20.269+0000] {dagbag.py:588} INFO - Filling up the DagBag from /home/airflow/.local/lib/python3.12/site-packages/airflow/example_dags/example_complex.py
[2025-03-30T23:30:20.301+0000] {processor.py:925} INFO - DAG(s) 'example_complex' retrieved from /home/airflow/.local/lib/python3.12/site-packages/airflow/example_dags/example_complex.py
[2025-03-30T23:30:20.363+0000] {logging_mixin.py:190} INFO - [2025-03-30T23:30:20.362+0000] {dag.py:3239} INFO - Sync 1 DAGs
[2025-03-30T23:30:20.390+0000] {logging_mixin.py:190} INFO - [2025-03-30T23:30:20.389+0000] {dag.py:4180} INFO - Setting next_dagrun for example_complex to None, run_after=None
[2025-03-30T23:30:20.441+0000] {processor.py:208} INFO - Processing /home/airflow/.local/lib/python3.12/site-packages/airflow/example_dags/example_complex.py took 0.192 seconds
[2025-03-30T23:30:51.405+0000] {processor.py:186} INFO - Started process (PID=1175) to work on /home/airflow/.local/lib/python3.12/site-packages/airflow/example_dags/example_complex.py
[2025-03-30T23:30:51.408+0000] {processor.py:914} INFO - Processing file /home/airflow/.local/lib/python3.12/site-packages/airflow/example_dags/example_complex.py for tasks to queue
[2025-03-30T23:30:51.415+0000] {logging_mixin.py:190} INFO - [2025-03-30T23:30:51.415+0000] {dagbag.py:588} INFO - Filling up the DagBag from /home/airflow/.local/lib/python3.12/site-packages/airflow/example_dags/example_complex.py
[2025-03-30T23:30:51.440+0000] {processor.py:925} INFO - DAG(s) 'example_complex' retrieved from /home/airflow/.local/lib/python3.12/site-packages/airflow/example_dags/example_complex.py
[2025-03-30T23:30:51.503+0000] {logging_mixin.py:190} INFO - [2025-03-30T23:30:51.503+0000] {dag.py:3239} INFO - Sync 1 DAGs
[2025-03-30T23:30:51.531+0000] {logging_mixin.py:190} INFO - [2025-03-30T23:30:51.531+0000] {dag.py:4180} INFO - Setting next_dagrun for example_complex to None, run_after=None
[2025-03-30T23:30:51.573+0000] {processor.py:208} INFO - Processing /home/airflow/.local/lib/python3.12/site-packages/airflow/example_dags/example_complex.py took 0.180 seconds
[2025-03-30T23:31:22.994+0000] {processor.py:186} INFO - Started process (PID=1239) to work on /home/airflow/.local/lib/python3.12/site-packages/airflow/example_dags/example_complex.py
[2025-03-30T23:31:22.998+0000] {processor.py:914} INFO - Processing file /home/airflow/.local/lib/python3.12/site-packages/airflow/example_dags/example_complex.py for tasks to queue
[2025-03-30T23:31:23.003+0000] {logging_mixin.py:190} INFO - [2025-03-30T23:31:23.003+0000] {dagbag.py:588} INFO - Filling up the DagBag from /home/airflow/.local/lib/python3.12/site-packages/airflow/example_dags/example_complex.py
[2025-03-30T23:31:23.028+0000] {processor.py:925} INFO - DAG(s) 'example_complex' retrieved from /home/airflow/.local/lib/python3.12/site-packages/airflow/example_dags/example_complex.py
[2025-03-30T23:31:23.084+0000] {logging_mixin.py:190} INFO - [2025-03-30T23:31:23.083+0000] {dag.py:3239} INFO - Sync 1 DAGs
[2025-03-30T23:31:23.111+0000] {logging_mixin.py:190} INFO - [2025-03-30T23:31:23.111+0000] {dag.py:4180} INFO - Setting next_dagrun for example_complex to None, run_after=None
[2025-03-30T23:31:23.154+0000] {processor.py:208} INFO - Processing /home/airflow/.local/lib/python3.12/site-packages/airflow/example_dags/example_complex.py took 0.171 seconds
[2025-03-30T23:31:54.589+0000] {processor.py:186} INFO - Started process (PID=1303) to work on /home/airflow/.local/lib/python3.12/site-packages/airflow/example_dags/example_complex.py
[2025-03-30T23:31:54.592+0000] {processor.py:914} INFO - Processing file /home/airflow/.local/lib/python3.12/site-packages/airflow/example_dags/example_complex.py for tasks to queue
[2025-03-30T23:31:54.598+0000] {logging_mixin.py:190} INFO - [2025-03-30T23:31:54.597+0000] {dagbag.py:588} INFO - Filling up the DagBag from /home/airflow/.local/lib/python3.12/site-packages/airflow/example_dags/example_complex.py
[2025-03-30T23:31:54.620+0000] {processor.py:925} INFO - DAG(s) 'example_complex' retrieved from /home/airflow/.local/lib/python3.12/site-packages/airflow/example_dags/example_complex.py
[2025-03-30T23:31:54.677+0000] {logging_mixin.py:190} INFO - [2025-03-30T23:31:54.677+0000] {dag.py:3239} INFO - Sync 1 DAGs
[2025-03-30T23:31:54.704+0000] {logging_mixin.py:190} INFO - [2025-03-30T23:31:54.703+0000] {dag.py:4180} INFO - Setting next_dagrun for example_complex to None, run_after=None
[2025-03-30T23:31:54.744+0000] {processor.py:208} INFO - Processing /home/airflow/.local/lib/python3.12/site-packages/airflow/example_dags/example_complex.py took 0.166 seconds
[2025-03-30T23:32:26.447+0000] {processor.py:186} INFO - Started process (PID=1367) to work on /home/airflow/.local/lib/python3.12/site-packages/airflow/example_dags/example_complex.py
[2025-03-30T23:32:26.450+0000] {processor.py:914} INFO - Processing file /home/airflow/.local/lib/python3.12/site-packages/airflow/example_dags/example_complex.py for tasks to queue
[2025-03-30T23:32:26.456+0000] {logging_mixin.py:190} INFO - [2025-03-30T23:32:26.455+0000] {dagbag.py:588} INFO - Filling up the DagBag from /home/airflow/.local/lib/python3.12/site-packages/airflow/example_dags/example_complex.py
[2025-03-30T23:32:26.477+0000] {processor.py:925} INFO - DAG(s) 'example_complex' retrieved from /home/airflow/.local/lib/python3.12/site-packages/airflow/example_dags/example_complex.py
[2025-03-30T23:32:26.540+0000] {logging_mixin.py:190} INFO - [2025-03-30T23:32:26.540+0000] {dag.py:3239} INFO - Sync 1 DAGs
[2025-03-30T23:32:26.569+0000] {logging_mixin.py:190} INFO - [2025-03-30T23:32:26.568+0000] {dag.py:4180} INFO - Setting next_dagrun for example_complex to None, run_after=None
[2025-03-30T23:32:26.613+0000] {processor.py:208} INFO - Processing /home/airflow/.local/lib/python3.12/site-packages/airflow/example_dags/example_complex.py took 0.178 seconds
[2025-03-30T23:32:58.385+0000] {processor.py:186} INFO - Started process (PID=1431) to work on /home/airflow/.local/lib/python3.12/site-packages/airflow/example_dags/example_complex.py
[2025-03-30T23:32:58.389+0000] {processor.py:914} INFO - Processing file /home/airflow/.local/lib/python3.12/site-packages/airflow/example_dags/example_complex.py for tasks to queue
[2025-03-30T23:32:58.395+0000] {logging_mixin.py:190} INFO - [2025-03-30T23:32:58.394+0000] {dagbag.py:588} INFO - Filling up the DagBag from /home/airflow/.local/lib/python3.12/site-packages/airflow/example_dags/example_complex.py
[2025-03-30T23:32:58.419+0000] {processor.py:925} INFO - DAG(s) 'example_complex' retrieved from /home/airflow/.local/lib/python3.12/site-packages/airflow/example_dags/example_complex.py
[2025-03-30T23:32:58.480+0000] {logging_mixin.py:190} INFO - [2025-03-30T23:32:58.479+0000] {dag.py:3239} INFO - Sync 1 DAGs
[2025-03-30T23:32:58.508+0000] {logging_mixin.py:190} INFO - [2025-03-30T23:32:58.507+0000] {dag.py:4180} INFO - Setting next_dagrun for example_complex to None, run_after=None
[2025-03-30T23:32:58.556+0000] {processor.py:208} INFO - Processing /home/airflow/.local/lib/python3.12/site-packages/airflow/example_dags/example_complex.py took 0.183 seconds
[2025-03-30T23:33:29.850+0000] {processor.py:186} INFO - Started process (PID=1495) to work on /home/airflow/.local/lib/python3.12/site-packages/airflow/example_dags/example_complex.py
[2025-03-30T23:33:29.855+0000] {processor.py:914} INFO - Processing file /home/airflow/.local/lib/python3.12/site-packages/airflow/example_dags/example_complex.py for tasks to queue
[2025-03-30T23:33:29.861+0000] {logging_mixin.py:190} INFO - [2025-03-30T23:33:29.860+0000] {dagbag.py:588} INFO - Filling up the DagBag from /home/airflow/.local/lib/python3.12/site-packages/airflow/example_dags/example_complex.py
[2025-03-30T23:33:29.886+0000] {processor.py:925} INFO - DAG(s) 'example_complex' retrieved from /home/airflow/.local/lib/python3.12/site-packages/airflow/example_dags/example_complex.py
[2025-03-30T23:33:29.953+0000] {logging_mixin.py:190} INFO - [2025-03-30T23:33:29.952+0000] {dag.py:3239} INFO - Sync 1 DAGs
[2025-03-30T23:33:29.979+0000] {logging_mixin.py:190} INFO - [2025-03-30T23:33:29.979+0000] {dag.py:4180} INFO - Setting next_dagrun for example_complex to None, run_after=None
[2025-03-30T23:33:30.023+0000] {processor.py:208} INFO - Processing /home/airflow/.local/lib/python3.12/site-packages/airflow/example_dags/example_complex.py took 0.186 seconds
[2025-03-30T23:53:01.756+0000] {processor.py:186} INFO - Started process (PID=1589) to work on /home/airflow/.local/lib/python3.12/site-packages/airflow/example_dags/example_complex.py
[2025-03-30T23:53:01.758+0000] {processor.py:914} INFO - Processing file /home/airflow/.local/lib/python3.12/site-packages/airflow/example_dags/example_complex.py for tasks to queue
[2025-03-30T23:53:01.761+0000] {logging_mixin.py:190} INFO - [2025-03-30T23:53:01.761+0000] {dagbag.py:588} INFO - Filling up the DagBag from /home/airflow/.local/lib/python3.12/site-packages/airflow/example_dags/example_complex.py
[2025-03-30T23:53:01.769+0000] {processor.py:925} INFO - DAG(s) 'example_complex' retrieved from /home/airflow/.local/lib/python3.12/site-packages/airflow/example_dags/example_complex.py
[2025-03-30T23:53:01.795+0000] {logging_mixin.py:190} INFO - [2025-03-30T23:53:01.794+0000] {dag.py:3239} INFO - Sync 1 DAGs
[2025-03-30T23:53:01.811+0000] {logging_mixin.py:190} INFO - [2025-03-30T23:53:01.810+0000] {dag.py:4180} INFO - Setting next_dagrun for example_complex to None, run_after=None
[2025-03-30T23:53:01.839+0000] {processor.py:208} INFO - Processing /home/airflow/.local/lib/python3.12/site-packages/airflow/example_dags/example_complex.py took 0.088 seconds
