[2025-03-30T23:20:29.444+0000] {processor.py:186} INFO - Started process (PID=46) to work on /home/airflow/.local/lib/python3.12/site-packages/airflow/example_dags/example_trigger_target_dag.py
[2025-03-30T23:20:29.446+0000] {processor.py:914} INFO - Processing file /home/airflow/.local/lib/python3.12/site-packages/airflow/example_dags/example_trigger_target_dag.py for tasks to queue
[2025-03-30T23:20:29.451+0000] {logging_mixin.py:190} INFO - [2025-03-30T23:20:29.450+0000] {dagbag.py:588} INFO - Filling up the DagBag from /home/airflow/.local/lib/python3.12/site-packages/airflow/example_dags/example_trigger_target_dag.py
[2025-03-30T23:20:29.467+0000] {processor.py:925} INFO - DAG(s) 'example_trigger_target_dag' retrieved from /home/airflow/.local/lib/python3.12/site-packages/airflow/example_dags/example_trigger_target_dag.py
[2025-03-30T23:20:29.520+0000] {logging_mixin.py:190} INFO - [2025-03-30T23:20:29.519+0000] {dag.py:3239} INFO - Sync 1 DAGs
[2025-03-30T23:20:29.548+0000] {logging_mixin.py:190} INFO - [2025-03-30T23:20:29.548+0000] {dag.py:4180} INFO - Setting next_dagrun for example_trigger_target_dag to None, run_after=None
[2025-03-30T23:20:29.586+0000] {processor.py:208} INFO - Processing /home/airflow/.local/lib/python3.12/site-packages/airflow/example_dags/example_trigger_target_dag.py took 0.151 seconds
[2025-03-30T23:20:59.774+0000] {processor.py:186} INFO - Started process (PID=108) to work on /home/airflow/.local/lib/python3.12/site-packages/airflow/example_dags/example_trigger_target_dag.py
[2025-03-30T23:20:59.777+0000] {processor.py:914} INFO - Processing file /home/airflow/.local/lib/python3.12/site-packages/airflow/example_dags/example_trigger_target_dag.py for tasks to queue
[2025-03-30T23:20:59.784+0000] {logging_mixin.py:190} INFO - [2025-03-30T23:20:59.783+0000] {dagbag.py:588} INFO - Filling up the DagBag from /home/airflow/.local/lib/python3.12/site-packages/airflow/example_dags/example_trigger_target_dag.py
[2025-03-30T23:20:59.804+0000] {processor.py:925} INFO - DAG(s) 'example_trigger_target_dag' retrieved from /home/airflow/.local/lib/python3.12/site-packages/airflow/example_dags/example_trigger_target_dag.py
[2025-03-30T23:20:59.849+0000] {logging_mixin.py:190} INFO - [2025-03-30T23:20:59.848+0000] {dag.py:3239} INFO - Sync 1 DAGs
[2025-03-30T23:20:59.873+0000] {logging_mixin.py:190} INFO - [2025-03-30T23:20:59.872+0000] {dag.py:4180} INFO - Setting next_dagrun for example_trigger_target_dag to None, run_after=None
[2025-03-30T23:20:59.905+0000] {processor.py:208} INFO - Processing /home/airflow/.local/lib/python3.12/site-packages/airflow/example_dags/example_trigger_target_dag.py took 0.143 seconds
[2025-03-30T23:21:48.561+0000] {processor.py:186} INFO - Started process (PID=52) to work on /home/airflow/.local/lib/python3.12/site-packages/airflow/example_dags/example_trigger_target_dag.py
[2025-03-30T23:21:48.565+0000] {processor.py:914} INFO - Processing file /home/airflow/.local/lib/python3.12/site-packages/airflow/example_dags/example_trigger_target_dag.py for tasks to queue
[2025-03-30T23:21:48.571+0000] {logging_mixin.py:190} INFO - [2025-03-30T23:21:48.570+0000] {dagbag.py:588} INFO - Filling up the DagBag from /home/airflow/.local/lib/python3.12/site-packages/airflow/example_dags/example_trigger_target_dag.py
[2025-03-30T23:21:48.590+0000] {processor.py:925} INFO - DAG(s) 'example_trigger_target_dag' retrieved from /home/airflow/.local/lib/python3.12/site-packages/airflow/example_dags/example_trigger_target_dag.py
[2025-03-30T23:21:48.644+0000] {logging_mixin.py:190} INFO - [2025-03-30T23:21:48.644+0000] {dag.py:3239} INFO - Sync 1 DAGs
[2025-03-30T23:21:48.672+0000] {logging_mixin.py:190} INFO - [2025-03-30T23:21:48.671+0000] {dag.py:4180} INFO - Setting next_dagrun for example_trigger_target_dag to None, run_after=None
[2025-03-30T23:21:48.713+0000] {processor.py:208} INFO - Processing /home/airflow/.local/lib/python3.12/site-packages/airflow/example_dags/example_trigger_target_dag.py took 0.166 seconds
[2025-03-30T23:22:19.215+0000] {processor.py:186} INFO - Started process (PID=115) to work on /home/airflow/.local/lib/python3.12/site-packages/airflow/example_dags/example_trigger_target_dag.py
[2025-03-30T23:22:19.220+0000] {processor.py:914} INFO - Processing file /home/airflow/.local/lib/python3.12/site-packages/airflow/example_dags/example_trigger_target_dag.py for tasks to queue
[2025-03-30T23:22:19.226+0000] {logging_mixin.py:190} INFO - [2025-03-30T23:22:19.225+0000] {dagbag.py:588} INFO - Filling up the DagBag from /home/airflow/.local/lib/python3.12/site-packages/airflow/example_dags/example_trigger_target_dag.py
[2025-03-30T23:22:19.241+0000] {processor.py:925} INFO - DAG(s) 'example_trigger_target_dag' retrieved from /home/airflow/.local/lib/python3.12/site-packages/airflow/example_dags/example_trigger_target_dag.py
[2025-03-30T23:22:19.282+0000] {logging_mixin.py:190} INFO - [2025-03-30T23:22:19.281+0000] {dag.py:3239} INFO - Sync 1 DAGs
[2025-03-30T23:22:19.316+0000] {logging_mixin.py:190} INFO - [2025-03-30T23:22:19.315+0000] {dag.py:4180} INFO - Setting next_dagrun for example_trigger_target_dag to None, run_after=None
[2025-03-30T23:22:19.368+0000] {processor.py:208} INFO - Processing /home/airflow/.local/lib/python3.12/site-packages/airflow/example_dags/example_trigger_target_dag.py took 0.164 seconds
[2025-03-30T23:22:49.621+0000] {processor.py:186} INFO - Started process (PID=179) to work on /home/airflow/.local/lib/python3.12/site-packages/airflow/example_dags/example_trigger_target_dag.py
[2025-03-30T23:22:49.624+0000] {processor.py:914} INFO - Processing file /home/airflow/.local/lib/python3.12/site-packages/airflow/example_dags/example_trigger_target_dag.py for tasks to queue
[2025-03-30T23:22:49.630+0000] {logging_mixin.py:190} INFO - [2025-03-30T23:22:49.629+0000] {dagbag.py:588} INFO - Filling up the DagBag from /home/airflow/.local/lib/python3.12/site-packages/airflow/example_dags/example_trigger_target_dag.py
[2025-03-30T23:22:49.645+0000] {processor.py:925} INFO - DAG(s) 'example_trigger_target_dag' retrieved from /home/airflow/.local/lib/python3.12/site-packages/airflow/example_dags/example_trigger_target_dag.py
[2025-03-30T23:22:49.680+0000] {logging_mixin.py:190} INFO - [2025-03-30T23:22:49.680+0000] {dag.py:3239} INFO - Sync 1 DAGs
[2025-03-30T23:22:49.708+0000] {logging_mixin.py:190} INFO - [2025-03-30T23:22:49.707+0000] {dag.py:4180} INFO - Setting next_dagrun for example_trigger_target_dag to None, run_after=None
[2025-03-30T23:22:49.741+0000] {processor.py:208} INFO - Processing /home/airflow/.local/lib/python3.12/site-packages/airflow/example_dags/example_trigger_target_dag.py took 0.130 seconds
[2025-03-30T23:23:20.418+0000] {processor.py:186} INFO - Started process (PID=247) to work on /home/airflow/.local/lib/python3.12/site-packages/airflow/example_dags/example_trigger_target_dag.py
[2025-03-30T23:23:20.422+0000] {processor.py:914} INFO - Processing file /home/airflow/.local/lib/python3.12/site-packages/airflow/example_dags/example_trigger_target_dag.py for tasks to queue
[2025-03-30T23:23:20.429+0000] {logging_mixin.py:190} INFO - [2025-03-30T23:23:20.428+0000] {dagbag.py:588} INFO - Filling up the DagBag from /home/airflow/.local/lib/python3.12/site-packages/airflow/example_dags/example_trigger_target_dag.py
[2025-03-30T23:23:20.448+0000] {processor.py:925} INFO - DAG(s) 'example_trigger_target_dag' retrieved from /home/airflow/.local/lib/python3.12/site-packages/airflow/example_dags/example_trigger_target_dag.py
[2025-03-30T23:23:20.489+0000] {logging_mixin.py:190} INFO - [2025-03-30T23:23:20.488+0000] {dag.py:3239} INFO - Sync 1 DAGs
[2025-03-30T23:23:20.518+0000] {logging_mixin.py:190} INFO - [2025-03-30T23:23:20.517+0000] {dag.py:4180} INFO - Setting next_dagrun for example_trigger_target_dag to None, run_after=None
[2025-03-30T23:23:20.554+0000] {processor.py:208} INFO - Processing /home/airflow/.local/lib/python3.12/site-packages/airflow/example_dags/example_trigger_target_dag.py took 0.149 seconds
[2025-03-30T23:23:50.838+0000] {processor.py:186} INFO - Started process (PID=311) to work on /home/airflow/.local/lib/python3.12/site-packages/airflow/example_dags/example_trigger_target_dag.py
[2025-03-30T23:23:50.843+0000] {processor.py:914} INFO - Processing file /home/airflow/.local/lib/python3.12/site-packages/airflow/example_dags/example_trigger_target_dag.py for tasks to queue
[2025-03-30T23:23:50.848+0000] {logging_mixin.py:190} INFO - [2025-03-30T23:23:50.847+0000] {dagbag.py:588} INFO - Filling up the DagBag from /home/airflow/.local/lib/python3.12/site-packages/airflow/example_dags/example_trigger_target_dag.py
[2025-03-30T23:23:50.863+0000] {processor.py:925} INFO - DAG(s) 'example_trigger_target_dag' retrieved from /home/airflow/.local/lib/python3.12/site-packages/airflow/example_dags/example_trigger_target_dag.py
[2025-03-30T23:23:50.902+0000] {logging_mixin.py:190} INFO - [2025-03-30T23:23:50.901+0000] {dag.py:3239} INFO - Sync 1 DAGs
[2025-03-30T23:23:50.931+0000] {logging_mixin.py:190} INFO - [2025-03-30T23:23:50.930+0000] {dag.py:4180} INFO - Setting next_dagrun for example_trigger_target_dag to None, run_after=None
[2025-03-30T23:23:50.980+0000] {processor.py:208} INFO - Processing /home/airflow/.local/lib/python3.12/site-packages/airflow/example_dags/example_trigger_target_dag.py took 0.153 seconds
[2025-03-30T23:24:21.350+0000] {processor.py:186} INFO - Started process (PID=375) to work on /home/airflow/.local/lib/python3.12/site-packages/airflow/example_dags/example_trigger_target_dag.py
[2025-03-30T23:24:21.354+0000] {processor.py:914} INFO - Processing file /home/airflow/.local/lib/python3.12/site-packages/airflow/example_dags/example_trigger_target_dag.py for tasks to queue
[2025-03-30T23:24:21.360+0000] {logging_mixin.py:190} INFO - [2025-03-30T23:24:21.359+0000] {dagbag.py:588} INFO - Filling up the DagBag from /home/airflow/.local/lib/python3.12/site-packages/airflow/example_dags/example_trigger_target_dag.py
[2025-03-30T23:24:21.376+0000] {processor.py:925} INFO - DAG(s) 'example_trigger_target_dag' retrieved from /home/airflow/.local/lib/python3.12/site-packages/airflow/example_dags/example_trigger_target_dag.py
[2025-03-30T23:24:21.416+0000] {logging_mixin.py:190} INFO - [2025-03-30T23:24:21.416+0000] {dag.py:3239} INFO - Sync 1 DAGs
[2025-03-30T23:24:21.443+0000] {logging_mixin.py:190} INFO - [2025-03-30T23:24:21.443+0000] {dag.py:4180} INFO - Setting next_dagrun for example_trigger_target_dag to None, run_after=None
[2025-03-30T23:24:21.500+0000] {processor.py:208} INFO - Processing /home/airflow/.local/lib/python3.12/site-packages/airflow/example_dags/example_trigger_target_dag.py took 0.161 seconds
[2025-03-30T23:24:51.913+0000] {processor.py:186} INFO - Started process (PID=439) to work on /home/airflow/.local/lib/python3.12/site-packages/airflow/example_dags/example_trigger_target_dag.py
[2025-03-30T23:24:51.916+0000] {processor.py:914} INFO - Processing file /home/airflow/.local/lib/python3.12/site-packages/airflow/example_dags/example_trigger_target_dag.py for tasks to queue
[2025-03-30T23:24:51.922+0000] {logging_mixin.py:190} INFO - [2025-03-30T23:24:51.922+0000] {dagbag.py:588} INFO - Filling up the DagBag from /home/airflow/.local/lib/python3.12/site-packages/airflow/example_dags/example_trigger_target_dag.py
[2025-03-30T23:24:51.938+0000] {processor.py:925} INFO - DAG(s) 'example_trigger_target_dag' retrieved from /home/airflow/.local/lib/python3.12/site-packages/airflow/example_dags/example_trigger_target_dag.py
[2025-03-30T23:24:51.978+0000] {logging_mixin.py:190} INFO - [2025-03-30T23:24:51.978+0000] {dag.py:3239} INFO - Sync 1 DAGs
[2025-03-30T23:24:52.009+0000] {logging_mixin.py:190} INFO - [2025-03-30T23:24:52.008+0000] {dag.py:4180} INFO - Setting next_dagrun for example_trigger_target_dag to None, run_after=None
[2025-03-30T23:24:52.063+0000] {processor.py:208} INFO - Processing /home/airflow/.local/lib/python3.12/site-packages/airflow/example_dags/example_trigger_target_dag.py took 0.162 seconds
[2025-03-30T23:25:22.154+0000] {processor.py:186} INFO - Started process (PID=503) to work on /home/airflow/.local/lib/python3.12/site-packages/airflow/example_dags/example_trigger_target_dag.py
[2025-03-30T23:25:22.156+0000] {processor.py:914} INFO - Processing file /home/airflow/.local/lib/python3.12/site-packages/airflow/example_dags/example_trigger_target_dag.py for tasks to queue
[2025-03-30T23:25:22.161+0000] {logging_mixin.py:190} INFO - [2025-03-30T23:25:22.161+0000] {dagbag.py:588} INFO - Filling up the DagBag from /home/airflow/.local/lib/python3.12/site-packages/airflow/example_dags/example_trigger_target_dag.py
[2025-03-30T23:25:22.176+0000] {processor.py:925} INFO - DAG(s) 'example_trigger_target_dag' retrieved from /home/airflow/.local/lib/python3.12/site-packages/airflow/example_dags/example_trigger_target_dag.py
[2025-03-30T23:25:22.212+0000] {logging_mixin.py:190} INFO - [2025-03-30T23:25:22.211+0000] {dag.py:3239} INFO - Sync 1 DAGs
[2025-03-30T23:25:22.238+0000] {logging_mixin.py:190} INFO - [2025-03-30T23:25:22.238+0000] {dag.py:4180} INFO - Setting next_dagrun for example_trigger_target_dag to None, run_after=None
[2025-03-30T23:25:22.276+0000] {processor.py:208} INFO - Processing /home/airflow/.local/lib/python3.12/site-packages/airflow/example_dags/example_trigger_target_dag.py took 0.133 seconds
[2025-03-30T23:25:53.370+0000] {processor.py:186} INFO - Started process (PID=567) to work on /home/airflow/.local/lib/python3.12/site-packages/airflow/example_dags/example_trigger_target_dag.py
[2025-03-30T23:25:53.374+0000] {processor.py:914} INFO - Processing file /home/airflow/.local/lib/python3.12/site-packages/airflow/example_dags/example_trigger_target_dag.py for tasks to queue
[2025-03-30T23:25:53.383+0000] {logging_mixin.py:190} INFO - [2025-03-30T23:25:53.382+0000] {dagbag.py:588} INFO - Filling up the DagBag from /home/airflow/.local/lib/python3.12/site-packages/airflow/example_dags/example_trigger_target_dag.py
[2025-03-30T23:25:53.402+0000] {processor.py:925} INFO - DAG(s) 'example_trigger_target_dag' retrieved from /home/airflow/.local/lib/python3.12/site-packages/airflow/example_dags/example_trigger_target_dag.py
[2025-03-30T23:25:53.440+0000] {logging_mixin.py:190} INFO - [2025-03-30T23:25:53.440+0000] {dag.py:3239} INFO - Sync 1 DAGs
[2025-03-30T23:25:53.465+0000] {logging_mixin.py:190} INFO - [2025-03-30T23:25:53.465+0000] {dag.py:4180} INFO - Setting next_dagrun for example_trigger_target_dag to None, run_after=None
[2025-03-30T23:25:53.508+0000] {processor.py:208} INFO - Processing /home/airflow/.local/lib/python3.12/site-packages/airflow/example_dags/example_trigger_target_dag.py took 0.149 seconds
[2025-03-30T23:26:24.084+0000] {processor.py:186} INFO - Started process (PID=631) to work on /home/airflow/.local/lib/python3.12/site-packages/airflow/example_dags/example_trigger_target_dag.py
[2025-03-30T23:26:24.087+0000] {processor.py:914} INFO - Processing file /home/airflow/.local/lib/python3.12/site-packages/airflow/example_dags/example_trigger_target_dag.py for tasks to queue
[2025-03-30T23:26:24.093+0000] {logging_mixin.py:190} INFO - [2025-03-30T23:26:24.092+0000] {dagbag.py:588} INFO - Filling up the DagBag from /home/airflow/.local/lib/python3.12/site-packages/airflow/example_dags/example_trigger_target_dag.py
[2025-03-30T23:26:24.110+0000] {processor.py:925} INFO - DAG(s) 'example_trigger_target_dag' retrieved from /home/airflow/.local/lib/python3.12/site-packages/airflow/example_dags/example_trigger_target_dag.py
[2025-03-30T23:26:24.166+0000] {logging_mixin.py:190} INFO - [2025-03-30T23:26:24.166+0000] {dag.py:3239} INFO - Sync 1 DAGs
[2025-03-30T23:26:24.200+0000] {logging_mixin.py:190} INFO - [2025-03-30T23:26:24.199+0000] {dag.py:4180} INFO - Setting next_dagrun for example_trigger_target_dag to None, run_after=None
[2025-03-30T23:26:24.246+0000] {processor.py:208} INFO - Processing /home/airflow/.local/lib/python3.12/site-packages/airflow/example_dags/example_trigger_target_dag.py took 0.173 seconds
[2025-03-30T23:26:54.968+0000] {processor.py:186} INFO - Started process (PID=695) to work on /home/airflow/.local/lib/python3.12/site-packages/airflow/example_dags/example_trigger_target_dag.py
[2025-03-30T23:26:54.972+0000] {processor.py:914} INFO - Processing file /home/airflow/.local/lib/python3.12/site-packages/airflow/example_dags/example_trigger_target_dag.py for tasks to queue
[2025-03-30T23:26:54.979+0000] {logging_mixin.py:190} INFO - [2025-03-30T23:26:54.979+0000] {dagbag.py:588} INFO - Filling up the DagBag from /home/airflow/.local/lib/python3.12/site-packages/airflow/example_dags/example_trigger_target_dag.py
[2025-03-30T23:26:54.996+0000] {processor.py:925} INFO - DAG(s) 'example_trigger_target_dag' retrieved from /home/airflow/.local/lib/python3.12/site-packages/airflow/example_dags/example_trigger_target_dag.py
[2025-03-30T23:26:55.049+0000] {logging_mixin.py:190} INFO - [2025-03-30T23:26:55.049+0000] {dag.py:3239} INFO - Sync 1 DAGs
[2025-03-30T23:26:55.079+0000] {logging_mixin.py:190} INFO - [2025-03-30T23:26:55.079+0000] {dag.py:4180} INFO - Setting next_dagrun for example_trigger_target_dag to None, run_after=None
[2025-03-30T23:26:55.124+0000] {processor.py:208} INFO - Processing /home/airflow/.local/lib/python3.12/site-packages/airflow/example_dags/example_trigger_target_dag.py took 0.168 seconds
[2025-03-30T23:27:25.637+0000] {processor.py:186} INFO - Started process (PID=759) to work on /home/airflow/.local/lib/python3.12/site-packages/airflow/example_dags/example_trigger_target_dag.py
[2025-03-30T23:27:25.640+0000] {processor.py:914} INFO - Processing file /home/airflow/.local/lib/python3.12/site-packages/airflow/example_dags/example_trigger_target_dag.py for tasks to queue
[2025-03-30T23:27:25.649+0000] {logging_mixin.py:190} INFO - [2025-03-30T23:27:25.648+0000] {dagbag.py:588} INFO - Filling up the DagBag from /home/airflow/.local/lib/python3.12/site-packages/airflow/example_dags/example_trigger_target_dag.py
[2025-03-30T23:27:25.668+0000] {processor.py:925} INFO - DAG(s) 'example_trigger_target_dag' retrieved from /home/airflow/.local/lib/python3.12/site-packages/airflow/example_dags/example_trigger_target_dag.py
[2025-03-30T23:27:25.717+0000] {logging_mixin.py:190} INFO - [2025-03-30T23:27:25.716+0000] {dag.py:3239} INFO - Sync 1 DAGs
[2025-03-30T23:27:25.749+0000] {logging_mixin.py:190} INFO - [2025-03-30T23:27:25.748+0000] {dag.py:4180} INFO - Setting next_dagrun for example_trigger_target_dag to None, run_after=None
[2025-03-30T23:27:25.790+0000] {processor.py:208} INFO - Processing /home/airflow/.local/lib/python3.12/site-packages/airflow/example_dags/example_trigger_target_dag.py took 0.164 seconds
[2025-03-30T23:27:56.075+0000] {processor.py:186} INFO - Started process (PID=823) to work on /home/airflow/.local/lib/python3.12/site-packages/airflow/example_dags/example_trigger_target_dag.py
[2025-03-30T23:27:56.078+0000] {processor.py:914} INFO - Processing file /home/airflow/.local/lib/python3.12/site-packages/airflow/example_dags/example_trigger_target_dag.py for tasks to queue
[2025-03-30T23:27:56.085+0000] {logging_mixin.py:190} INFO - [2025-03-30T23:27:56.084+0000] {dagbag.py:588} INFO - Filling up the DagBag from /home/airflow/.local/lib/python3.12/site-packages/airflow/example_dags/example_trigger_target_dag.py
[2025-03-30T23:27:56.103+0000] {processor.py:925} INFO - DAG(s) 'example_trigger_target_dag' retrieved from /home/airflow/.local/lib/python3.12/site-packages/airflow/example_dags/example_trigger_target_dag.py
[2025-03-30T23:27:56.150+0000] {logging_mixin.py:190} INFO - [2025-03-30T23:27:56.149+0000] {dag.py:3239} INFO - Sync 1 DAGs
[2025-03-30T23:27:56.178+0000] {logging_mixin.py:190} INFO - [2025-03-30T23:27:56.178+0000] {dag.py:4180} INFO - Setting next_dagrun for example_trigger_target_dag to None, run_after=None
[2025-03-30T23:27:56.229+0000] {processor.py:208} INFO - Processing /home/airflow/.local/lib/python3.12/site-packages/airflow/example_dags/example_trigger_target_dag.py took 0.163 seconds
[2025-03-30T23:28:27.100+0000] {processor.py:186} INFO - Started process (PID=887) to work on /home/airflow/.local/lib/python3.12/site-packages/airflow/example_dags/example_trigger_target_dag.py
[2025-03-30T23:28:27.103+0000] {processor.py:914} INFO - Processing file /home/airflow/.local/lib/python3.12/site-packages/airflow/example_dags/example_trigger_target_dag.py for tasks to queue
[2025-03-30T23:28:27.112+0000] {logging_mixin.py:190} INFO - [2025-03-30T23:28:27.111+0000] {dagbag.py:588} INFO - Filling up the DagBag from /home/airflow/.local/lib/python3.12/site-packages/airflow/example_dags/example_trigger_target_dag.py
[2025-03-30T23:28:27.135+0000] {processor.py:925} INFO - DAG(s) 'example_trigger_target_dag' retrieved from /home/airflow/.local/lib/python3.12/site-packages/airflow/example_dags/example_trigger_target_dag.py
[2025-03-30T23:28:27.191+0000] {logging_mixin.py:190} INFO - [2025-03-30T23:28:27.191+0000] {dag.py:3239} INFO - Sync 1 DAGs
[2025-03-30T23:28:27.231+0000] {logging_mixin.py:190} INFO - [2025-03-30T23:28:27.231+0000] {dag.py:4180} INFO - Setting next_dagrun for example_trigger_target_dag to None, run_after=None
[2025-03-30T23:28:27.286+0000] {processor.py:208} INFO - Processing /home/airflow/.local/lib/python3.12/site-packages/airflow/example_dags/example_trigger_target_dag.py took 0.197 seconds
[2025-03-30T23:28:57.419+0000] {processor.py:186} INFO - Started process (PID=951) to work on /home/airflow/.local/lib/python3.12/site-packages/airflow/example_dags/example_trigger_target_dag.py
[2025-03-30T23:28:57.422+0000] {processor.py:914} INFO - Processing file /home/airflow/.local/lib/python3.12/site-packages/airflow/example_dags/example_trigger_target_dag.py for tasks to queue
[2025-03-30T23:28:57.428+0000] {logging_mixin.py:190} INFO - [2025-03-30T23:28:57.428+0000] {dagbag.py:588} INFO - Filling up the DagBag from /home/airflow/.local/lib/python3.12/site-packages/airflow/example_dags/example_trigger_target_dag.py
[2025-03-30T23:28:57.444+0000] {processor.py:925} INFO - DAG(s) 'example_trigger_target_dag' retrieved from /home/airflow/.local/lib/python3.12/site-packages/airflow/example_dags/example_trigger_target_dag.py
[2025-03-30T23:28:57.485+0000] {logging_mixin.py:190} INFO - [2025-03-30T23:28:57.485+0000] {dag.py:3239} INFO - Sync 1 DAGs
[2025-03-30T23:28:57.513+0000] {logging_mixin.py:190} INFO - [2025-03-30T23:28:57.512+0000] {dag.py:4180} INFO - Setting next_dagrun for example_trigger_target_dag to None, run_after=None
[2025-03-30T23:28:57.547+0000] {processor.py:208} INFO - Processing /home/airflow/.local/lib/python3.12/site-packages/airflow/example_dags/example_trigger_target_dag.py took 0.139 seconds
[2025-03-30T23:29:28.025+0000] {processor.py:186} INFO - Started process (PID=1015) to work on /home/airflow/.local/lib/python3.12/site-packages/airflow/example_dags/example_trigger_target_dag.py
[2025-03-30T23:29:28.029+0000] {processor.py:914} INFO - Processing file /home/airflow/.local/lib/python3.12/site-packages/airflow/example_dags/example_trigger_target_dag.py for tasks to queue
[2025-03-30T23:29:28.037+0000] {logging_mixin.py:190} INFO - [2025-03-30T23:29:28.036+0000] {dagbag.py:588} INFO - Filling up the DagBag from /home/airflow/.local/lib/python3.12/site-packages/airflow/example_dags/example_trigger_target_dag.py
[2025-03-30T23:29:28.057+0000] {processor.py:925} INFO - DAG(s) 'example_trigger_target_dag' retrieved from /home/airflow/.local/lib/python3.12/site-packages/airflow/example_dags/example_trigger_target_dag.py
[2025-03-30T23:29:28.105+0000] {logging_mixin.py:190} INFO - [2025-03-30T23:29:28.104+0000] {dag.py:3239} INFO - Sync 1 DAGs
[2025-03-30T23:29:28.133+0000] {logging_mixin.py:190} INFO - [2025-03-30T23:29:28.133+0000] {dag.py:4180} INFO - Setting next_dagrun for example_trigger_target_dag to None, run_after=None
[2025-03-30T23:29:28.183+0000] {processor.py:208} INFO - Processing /home/airflow/.local/lib/python3.12/site-packages/airflow/example_dags/example_trigger_target_dag.py took 0.171 seconds
[2025-03-30T23:29:59.135+0000] {processor.py:186} INFO - Started process (PID=1079) to work on /home/airflow/.local/lib/python3.12/site-packages/airflow/example_dags/example_trigger_target_dag.py
[2025-03-30T23:29:59.138+0000] {processor.py:914} INFO - Processing file /home/airflow/.local/lib/python3.12/site-packages/airflow/example_dags/example_trigger_target_dag.py for tasks to queue
[2025-03-30T23:29:59.144+0000] {logging_mixin.py:190} INFO - [2025-03-30T23:29:59.143+0000] {dagbag.py:588} INFO - Filling up the DagBag from /home/airflow/.local/lib/python3.12/site-packages/airflow/example_dags/example_trigger_target_dag.py
[2025-03-30T23:29:59.161+0000] {processor.py:925} INFO - DAG(s) 'example_trigger_target_dag' retrieved from /home/airflow/.local/lib/python3.12/site-packages/airflow/example_dags/example_trigger_target_dag.py
[2025-03-30T23:29:59.207+0000] {logging_mixin.py:190} INFO - [2025-03-30T23:29:59.206+0000] {dag.py:3239} INFO - Sync 1 DAGs
[2025-03-30T23:29:59.237+0000] {logging_mixin.py:190} INFO - [2025-03-30T23:29:59.237+0000] {dag.py:4180} INFO - Setting next_dagrun for example_trigger_target_dag to None, run_after=None
[2025-03-30T23:29:59.278+0000] {processor.py:208} INFO - Processing /home/airflow/.local/lib/python3.12/site-packages/airflow/example_dags/example_trigger_target_dag.py took 0.154 seconds
[2025-03-30T23:30:30.624+0000] {processor.py:186} INFO - Started process (PID=1143) to work on /home/airflow/.local/lib/python3.12/site-packages/airflow/example_dags/example_trigger_target_dag.py
[2025-03-30T23:30:30.627+0000] {processor.py:914} INFO - Processing file /home/airflow/.local/lib/python3.12/site-packages/airflow/example_dags/example_trigger_target_dag.py for tasks to queue
[2025-03-30T23:30:30.634+0000] {logging_mixin.py:190} INFO - [2025-03-30T23:30:30.633+0000] {dagbag.py:588} INFO - Filling up the DagBag from /home/airflow/.local/lib/python3.12/site-packages/airflow/example_dags/example_trigger_target_dag.py
[2025-03-30T23:30:30.657+0000] {processor.py:925} INFO - DAG(s) 'example_trigger_target_dag' retrieved from /home/airflow/.local/lib/python3.12/site-packages/airflow/example_dags/example_trigger_target_dag.py
[2025-03-30T23:30:30.706+0000] {logging_mixin.py:190} INFO - [2025-03-30T23:30:30.705+0000] {dag.py:3239} INFO - Sync 1 DAGs
[2025-03-30T23:30:30.743+0000] {logging_mixin.py:190} INFO - [2025-03-30T23:30:30.743+0000] {dag.py:4180} INFO - Setting next_dagrun for example_trigger_target_dag to None, run_after=None
[2025-03-30T23:30:30.792+0000] {processor.py:208} INFO - Processing /home/airflow/.local/lib/python3.12/site-packages/airflow/example_dags/example_trigger_target_dag.py took 0.182 seconds
[2025-03-30T23:31:01.509+0000] {processor.py:186} INFO - Started process (PID=1207) to work on /home/airflow/.local/lib/python3.12/site-packages/airflow/example_dags/example_trigger_target_dag.py
[2025-03-30T23:31:01.514+0000] {processor.py:914} INFO - Processing file /home/airflow/.local/lib/python3.12/site-packages/airflow/example_dags/example_trigger_target_dag.py for tasks to queue
[2025-03-30T23:31:01.519+0000] {logging_mixin.py:190} INFO - [2025-03-30T23:31:01.518+0000] {dagbag.py:588} INFO - Filling up the DagBag from /home/airflow/.local/lib/python3.12/site-packages/airflow/example_dags/example_trigger_target_dag.py
[2025-03-30T23:31:01.536+0000] {processor.py:925} INFO - DAG(s) 'example_trigger_target_dag' retrieved from /home/airflow/.local/lib/python3.12/site-packages/airflow/example_dags/example_trigger_target_dag.py
[2025-03-30T23:31:01.578+0000] {logging_mixin.py:190} INFO - [2025-03-30T23:31:01.577+0000] {dag.py:3239} INFO - Sync 1 DAGs
[2025-03-30T23:31:01.604+0000] {logging_mixin.py:190} INFO - [2025-03-30T23:31:01.604+0000] {dag.py:4180} INFO - Setting next_dagrun for example_trigger_target_dag to None, run_after=None
[2025-03-30T23:31:01.652+0000] {processor.py:208} INFO - Processing /home/airflow/.local/lib/python3.12/site-packages/airflow/example_dags/example_trigger_target_dag.py took 0.155 seconds
[2025-03-30T23:31:32.113+0000] {processor.py:186} INFO - Started process (PID=1271) to work on /home/airflow/.local/lib/python3.12/site-packages/airflow/example_dags/example_trigger_target_dag.py
[2025-03-30T23:31:32.117+0000] {processor.py:914} INFO - Processing file /home/airflow/.local/lib/python3.12/site-packages/airflow/example_dags/example_trigger_target_dag.py for tasks to queue
[2025-03-30T23:31:32.122+0000] {logging_mixin.py:190} INFO - [2025-03-30T23:31:32.122+0000] {dagbag.py:588} INFO - Filling up the DagBag from /home/airflow/.local/lib/python3.12/site-packages/airflow/example_dags/example_trigger_target_dag.py
[2025-03-30T23:31:32.141+0000] {processor.py:925} INFO - DAG(s) 'example_trigger_target_dag' retrieved from /home/airflow/.local/lib/python3.12/site-packages/airflow/example_dags/example_trigger_target_dag.py
[2025-03-30T23:31:32.180+0000] {logging_mixin.py:190} INFO - [2025-03-30T23:31:32.180+0000] {dag.py:3239} INFO - Sync 1 DAGs
[2025-03-30T23:31:32.207+0000] {logging_mixin.py:190} INFO - [2025-03-30T23:31:32.206+0000] {dag.py:4180} INFO - Setting next_dagrun for example_trigger_target_dag to None, run_after=None
[2025-03-30T23:31:32.248+0000] {processor.py:208} INFO - Processing /home/airflow/.local/lib/python3.12/site-packages/airflow/example_dags/example_trigger_target_dag.py took 0.146 seconds
[2025-03-30T23:32:02.983+0000] {processor.py:186} INFO - Started process (PID=1335) to work on /home/airflow/.local/lib/python3.12/site-packages/airflow/example_dags/example_trigger_target_dag.py
[2025-03-30T23:32:02.986+0000] {processor.py:914} INFO - Processing file /home/airflow/.local/lib/python3.12/site-packages/airflow/example_dags/example_trigger_target_dag.py for tasks to queue
[2025-03-30T23:32:02.992+0000] {logging_mixin.py:190} INFO - [2025-03-30T23:32:02.992+0000] {dagbag.py:588} INFO - Filling up the DagBag from /home/airflow/.local/lib/python3.12/site-packages/airflow/example_dags/example_trigger_target_dag.py
[2025-03-30T23:32:03.011+0000] {processor.py:925} INFO - DAG(s) 'example_trigger_target_dag' retrieved from /home/airflow/.local/lib/python3.12/site-packages/airflow/example_dags/example_trigger_target_dag.py
[2025-03-30T23:32:03.054+0000] {logging_mixin.py:190} INFO - [2025-03-30T23:32:03.054+0000] {dag.py:3239} INFO - Sync 1 DAGs
[2025-03-30T23:32:03.084+0000] {logging_mixin.py:190} INFO - [2025-03-30T23:32:03.083+0000] {dag.py:4180} INFO - Setting next_dagrun for example_trigger_target_dag to None, run_after=None
[2025-03-30T23:32:03.124+0000] {processor.py:208} INFO - Processing /home/airflow/.local/lib/python3.12/site-packages/airflow/example_dags/example_trigger_target_dag.py took 0.153 seconds
[2025-03-30T23:32:33.917+0000] {processor.py:186} INFO - Started process (PID=1399) to work on /home/airflow/.local/lib/python3.12/site-packages/airflow/example_dags/example_trigger_target_dag.py
[2025-03-30T23:32:33.921+0000] {processor.py:914} INFO - Processing file /home/airflow/.local/lib/python3.12/site-packages/airflow/example_dags/example_trigger_target_dag.py for tasks to queue
[2025-03-30T23:32:33.927+0000] {logging_mixin.py:190} INFO - [2025-03-30T23:32:33.926+0000] {dagbag.py:588} INFO - Filling up the DagBag from /home/airflow/.local/lib/python3.12/site-packages/airflow/example_dags/example_trigger_target_dag.py
[2025-03-30T23:32:33.943+0000] {processor.py:925} INFO - DAG(s) 'example_trigger_target_dag' retrieved from /home/airflow/.local/lib/python3.12/site-packages/airflow/example_dags/example_trigger_target_dag.py
[2025-03-30T23:32:33.984+0000] {logging_mixin.py:190} INFO - [2025-03-30T23:32:33.983+0000] {dag.py:3239} INFO - Sync 1 DAGs
[2025-03-30T23:32:34.010+0000] {logging_mixin.py:190} INFO - [2025-03-30T23:32:34.009+0000] {dag.py:4180} INFO - Setting next_dagrun for example_trigger_target_dag to None, run_after=None
[2025-03-30T23:32:34.052+0000] {processor.py:208} INFO - Processing /home/airflow/.local/lib/python3.12/site-packages/airflow/example_dags/example_trigger_target_dag.py took 0.146 seconds
[2025-03-30T23:33:04.816+0000] {processor.py:186} INFO - Started process (PID=1463) to work on /home/airflow/.local/lib/python3.12/site-packages/airflow/example_dags/example_trigger_target_dag.py
[2025-03-30T23:33:04.818+0000] {processor.py:914} INFO - Processing file /home/airflow/.local/lib/python3.12/site-packages/airflow/example_dags/example_trigger_target_dag.py for tasks to queue
[2025-03-30T23:33:04.824+0000] {logging_mixin.py:190} INFO - [2025-03-30T23:33:04.823+0000] {dagbag.py:588} INFO - Filling up the DagBag from /home/airflow/.local/lib/python3.12/site-packages/airflow/example_dags/example_trigger_target_dag.py
[2025-03-30T23:33:04.843+0000] {processor.py:925} INFO - DAG(s) 'example_trigger_target_dag' retrieved from /home/airflow/.local/lib/python3.12/site-packages/airflow/example_dags/example_trigger_target_dag.py
[2025-03-30T23:33:04.887+0000] {logging_mixin.py:190} INFO - [2025-03-30T23:33:04.886+0000] {dag.py:3239} INFO - Sync 1 DAGs
[2025-03-30T23:33:04.918+0000] {logging_mixin.py:190} INFO - [2025-03-30T23:33:04.918+0000] {dag.py:4180} INFO - Setting next_dagrun for example_trigger_target_dag to None, run_after=None
[2025-03-30T23:33:04.961+0000] {processor.py:208} INFO - Processing /home/airflow/.local/lib/python3.12/site-packages/airflow/example_dags/example_trigger_target_dag.py took 0.156 seconds
[2025-03-30T23:33:35.801+0000] {processor.py:186} INFO - Started process (PID=1527) to work on /home/airflow/.local/lib/python3.12/site-packages/airflow/example_dags/example_trigger_target_dag.py
[2025-03-30T23:33:35.804+0000] {processor.py:914} INFO - Processing file /home/airflow/.local/lib/python3.12/site-packages/airflow/example_dags/example_trigger_target_dag.py for tasks to queue
[2025-03-30T23:33:35.811+0000] {logging_mixin.py:190} INFO - [2025-03-30T23:33:35.810+0000] {dagbag.py:588} INFO - Filling up the DagBag from /home/airflow/.local/lib/python3.12/site-packages/airflow/example_dags/example_trigger_target_dag.py
[2025-03-30T23:33:35.827+0000] {processor.py:925} INFO - DAG(s) 'example_trigger_target_dag' retrieved from /home/airflow/.local/lib/python3.12/site-packages/airflow/example_dags/example_trigger_target_dag.py
[2025-03-30T23:33:35.874+0000] {logging_mixin.py:190} INFO - [2025-03-30T23:33:35.873+0000] {dag.py:3239} INFO - Sync 1 DAGs
[2025-03-30T23:33:35.907+0000] {logging_mixin.py:190} INFO - [2025-03-30T23:33:35.906+0000] {dag.py:4180} INFO - Setting next_dagrun for example_trigger_target_dag to None, run_after=None
[2025-03-30T23:33:35.947+0000] {processor.py:208} INFO - Processing /home/airflow/.local/lib/python3.12/site-packages/airflow/example_dags/example_trigger_target_dag.py took 0.157 seconds
[2025-03-30T23:52:58.630+0000] {processor.py:186} INFO - Started process (PID=1561) to work on /home/airflow/.local/lib/python3.12/site-packages/airflow/example_dags/example_trigger_target_dag.py
[2025-03-30T23:52:58.632+0000] {processor.py:914} INFO - Processing file /home/airflow/.local/lib/python3.12/site-packages/airflow/example_dags/example_trigger_target_dag.py for tasks to queue
[2025-03-30T23:52:58.635+0000] {logging_mixin.py:190} INFO - [2025-03-30T23:52:58.635+0000] {dagbag.py:588} INFO - Filling up the DagBag from /home/airflow/.local/lib/python3.12/site-packages/airflow/example_dags/example_trigger_target_dag.py
[2025-03-30T23:52:58.643+0000] {processor.py:925} INFO - DAG(s) 'example_trigger_target_dag' retrieved from /home/airflow/.local/lib/python3.12/site-packages/airflow/example_dags/example_trigger_target_dag.py
[2025-03-30T23:52:58.672+0000] {logging_mixin.py:190} INFO - [2025-03-30T23:52:58.672+0000] {dag.py:3239} INFO - Sync 1 DAGs
[2025-03-30T23:52:58.690+0000] {logging_mixin.py:190} INFO - [2025-03-30T23:52:58.689+0000] {dag.py:4180} INFO - Setting next_dagrun for example_trigger_target_dag to None, run_after=None
[2025-03-30T23:52:58.718+0000] {processor.py:208} INFO - Processing /home/airflow/.local/lib/python3.12/site-packages/airflow/example_dags/example_trigger_target_dag.py took 0.093 seconds
