[2025-03-30T23:20:31.532+0000] {processor.py:186} INFO - Started process (PID=55) to work on /home/airflow/.local/lib/python3.12/site-packages/airflow/example_dags/example_time_delta_sensor_async.py
[2025-03-30T23:20:31.538+0000] {processor.py:914} INFO - Processing file /home/airflow/.local/lib/python3.12/site-packages/airflow/example_dags/example_time_delta_sensor_async.py for tasks to queue
[2025-03-30T23:20:31.545+0000] {logging_mixin.py:190} INFO - [2025-03-30T23:20:31.542+0000] {dagbag.py:588} INFO - Filling up the DagBag from /home/airflow/.local/lib/python3.12/site-packages/airflow/example_dags/example_time_delta_sensor_async.py
[2025-03-30T23:20:31.581+0000] {processor.py:925} INFO - DAG(s) 'example_time_delta_sensor_async' retrieved from /home/airflow/.local/lib/python3.12/site-packages/airflow/example_dags/example_time_delta_sensor_async.py
[2025-03-30T23:20:31.638+0000] {logging_mixin.py:190} INFO - [2025-03-30T23:20:31.638+0000] {dag.py:3239} INFO - Sync 1 DAGs
[2025-03-30T23:20:31.672+0000] {logging_mixin.py:190} INFO - [2025-03-30T23:20:31.672+0000] {dag.py:4180} INFO - Setting next_dagrun for example_time_delta_sensor_async to None, run_after=None
[2025-03-30T23:20:31.711+0000] {processor.py:208} INFO - Processing /home/airflow/.local/lib/python3.12/site-packages/airflow/example_dags/example_time_delta_sensor_async.py took 0.190 seconds
[2025-03-30T23:21:02.349+0000] {processor.py:186} INFO - Started process (PID=123) to work on /home/airflow/.local/lib/python3.12/site-packages/airflow/example_dags/example_time_delta_sensor_async.py
[2025-03-30T23:21:02.352+0000] {processor.py:914} INFO - Processing file /home/airflow/.local/lib/python3.12/site-packages/airflow/example_dags/example_time_delta_sensor_async.py for tasks to queue
[2025-03-30T23:21:02.358+0000] {logging_mixin.py:190} INFO - [2025-03-30T23:21:02.357+0000] {dagbag.py:588} INFO - Filling up the DagBag from /home/airflow/.local/lib/python3.12/site-packages/airflow/example_dags/example_time_delta_sensor_async.py
[2025-03-30T23:21:02.370+0000] {processor.py:925} INFO - DAG(s) 'example_time_delta_sensor_async' retrieved from /home/airflow/.local/lib/python3.12/site-packages/airflow/example_dags/example_time_delta_sensor_async.py
[2025-03-30T23:21:02.408+0000] {logging_mixin.py:190} INFO - [2025-03-30T23:21:02.407+0000] {dag.py:3239} INFO - Sync 1 DAGs
[2025-03-30T23:21:02.437+0000] {logging_mixin.py:190} INFO - [2025-03-30T23:21:02.437+0000] {dag.py:4180} INFO - Setting next_dagrun for example_time_delta_sensor_async to None, run_after=None
[2025-03-30T23:21:02.483+0000] {processor.py:208} INFO - Processing /home/airflow/.local/lib/python3.12/site-packages/airflow/example_dags/example_time_delta_sensor_async.py took 0.145 seconds
[2025-03-30T23:21:52.269+0000] {processor.py:186} INFO - Started process (PID=61) to work on /home/airflow/.local/lib/python3.12/site-packages/airflow/example_dags/example_time_delta_sensor_async.py
[2025-03-30T23:21:52.272+0000] {processor.py:914} INFO - Processing file /home/airflow/.local/lib/python3.12/site-packages/airflow/example_dags/example_time_delta_sensor_async.py for tasks to queue
[2025-03-30T23:21:52.280+0000] {logging_mixin.py:190} INFO - [2025-03-30T23:21:52.278+0000] {dagbag.py:588} INFO - Filling up the DagBag from /home/airflow/.local/lib/python3.12/site-packages/airflow/example_dags/example_time_delta_sensor_async.py
[2025-03-30T23:21:52.300+0000] {processor.py:925} INFO - DAG(s) 'example_time_delta_sensor_async' retrieved from /home/airflow/.local/lib/python3.12/site-packages/airflow/example_dags/example_time_delta_sensor_async.py
[2025-03-30T23:21:52.354+0000] {logging_mixin.py:190} INFO - [2025-03-30T23:21:52.353+0000] {dag.py:3239} INFO - Sync 1 DAGs
[2025-03-30T23:21:52.391+0000] {logging_mixin.py:190} INFO - [2025-03-30T23:21:52.390+0000] {dag.py:4180} INFO - Setting next_dagrun for example_time_delta_sensor_async to None, run_after=None
[2025-03-30T23:21:52.442+0000] {processor.py:208} INFO - Processing /home/airflow/.local/lib/python3.12/site-packages/airflow/example_dags/example_time_delta_sensor_async.py took 0.186 seconds
[2025-03-30T23:22:23.582+0000] {processor.py:186} INFO - Started process (PID=125) to work on /home/airflow/.local/lib/python3.12/site-packages/airflow/example_dags/example_time_delta_sensor_async.py
[2025-03-30T23:22:23.587+0000] {processor.py:914} INFO - Processing file /home/airflow/.local/lib/python3.12/site-packages/airflow/example_dags/example_time_delta_sensor_async.py for tasks to queue
[2025-03-30T23:22:23.596+0000] {logging_mixin.py:190} INFO - [2025-03-30T23:22:23.595+0000] {dagbag.py:588} INFO - Filling up the DagBag from /home/airflow/.local/lib/python3.12/site-packages/airflow/example_dags/example_time_delta_sensor_async.py
[2025-03-30T23:22:23.615+0000] {processor.py:925} INFO - DAG(s) 'example_time_delta_sensor_async' retrieved from /home/airflow/.local/lib/python3.12/site-packages/airflow/example_dags/example_time_delta_sensor_async.py
[2025-03-30T23:22:23.666+0000] {logging_mixin.py:190} INFO - [2025-03-30T23:22:23.666+0000] {dag.py:3239} INFO - Sync 1 DAGs
[2025-03-30T23:22:23.695+0000] {logging_mixin.py:190} INFO - [2025-03-30T23:22:23.695+0000] {dag.py:4180} INFO - Setting next_dagrun for example_time_delta_sensor_async to None, run_after=None
[2025-03-30T23:22:23.744+0000] {processor.py:208} INFO - Processing /home/airflow/.local/lib/python3.12/site-packages/airflow/example_dags/example_time_delta_sensor_async.py took 0.177 seconds
[2025-03-30T23:22:53.925+0000] {processor.py:186} INFO - Started process (PID=188) to work on /home/airflow/.local/lib/python3.12/site-packages/airflow/example_dags/example_time_delta_sensor_async.py
[2025-03-30T23:22:53.929+0000] {processor.py:914} INFO - Processing file /home/airflow/.local/lib/python3.12/site-packages/airflow/example_dags/example_time_delta_sensor_async.py for tasks to queue
[2025-03-30T23:22:53.937+0000] {logging_mixin.py:190} INFO - [2025-03-30T23:22:53.936+0000] {dagbag.py:588} INFO - Filling up the DagBag from /home/airflow/.local/lib/python3.12/site-packages/airflow/example_dags/example_time_delta_sensor_async.py
[2025-03-30T23:22:53.955+0000] {processor.py:925} INFO - DAG(s) 'example_time_delta_sensor_async' retrieved from /home/airflow/.local/lib/python3.12/site-packages/airflow/example_dags/example_time_delta_sensor_async.py
[2025-03-30T23:22:54.009+0000] {logging_mixin.py:190} INFO - [2025-03-30T23:22:54.008+0000] {dag.py:3239} INFO - Sync 1 DAGs
[2025-03-30T23:22:54.053+0000] {logging_mixin.py:190} INFO - [2025-03-30T23:22:54.052+0000] {dag.py:4180} INFO - Setting next_dagrun for example_time_delta_sensor_async to None, run_after=None
[2025-03-30T23:22:54.112+0000] {processor.py:208} INFO - Processing /home/airflow/.local/lib/python3.12/site-packages/airflow/example_dags/example_time_delta_sensor_async.py took 0.201 seconds
[2025-03-30T23:23:24.472+0000] {processor.py:186} INFO - Started process (PID=255) to work on /home/airflow/.local/lib/python3.12/site-packages/airflow/example_dags/example_time_delta_sensor_async.py
[2025-03-30T23:23:24.475+0000] {processor.py:914} INFO - Processing file /home/airflow/.local/lib/python3.12/site-packages/airflow/example_dags/example_time_delta_sensor_async.py for tasks to queue
[2025-03-30T23:23:24.482+0000] {logging_mixin.py:190} INFO - [2025-03-30T23:23:24.481+0000] {dagbag.py:588} INFO - Filling up the DagBag from /home/airflow/.local/lib/python3.12/site-packages/airflow/example_dags/example_time_delta_sensor_async.py
[2025-03-30T23:23:24.500+0000] {processor.py:925} INFO - DAG(s) 'example_time_delta_sensor_async' retrieved from /home/airflow/.local/lib/python3.12/site-packages/airflow/example_dags/example_time_delta_sensor_async.py
[2025-03-30T23:23:24.544+0000] {logging_mixin.py:190} INFO - [2025-03-30T23:23:24.544+0000] {dag.py:3239} INFO - Sync 1 DAGs
[2025-03-30T23:23:24.571+0000] {logging_mixin.py:190} INFO - [2025-03-30T23:23:24.570+0000] {dag.py:4180} INFO - Setting next_dagrun for example_time_delta_sensor_async to None, run_after=None
[2025-03-30T23:23:24.618+0000] {processor.py:208} INFO - Processing /home/airflow/.local/lib/python3.12/site-packages/airflow/example_dags/example_time_delta_sensor_async.py took 0.156 seconds
[2025-03-30T23:23:54.882+0000] {processor.py:186} INFO - Started process (PID=319) to work on /home/airflow/.local/lib/python3.12/site-packages/airflow/example_dags/example_time_delta_sensor_async.py
[2025-03-30T23:23:54.885+0000] {processor.py:914} INFO - Processing file /home/airflow/.local/lib/python3.12/site-packages/airflow/example_dags/example_time_delta_sensor_async.py for tasks to queue
[2025-03-30T23:23:54.892+0000] {logging_mixin.py:190} INFO - [2025-03-30T23:23:54.891+0000] {dagbag.py:588} INFO - Filling up the DagBag from /home/airflow/.local/lib/python3.12/site-packages/airflow/example_dags/example_time_delta_sensor_async.py
[2025-03-30T23:23:54.914+0000] {processor.py:925} INFO - DAG(s) 'example_time_delta_sensor_async' retrieved from /home/airflow/.local/lib/python3.12/site-packages/airflow/example_dags/example_time_delta_sensor_async.py
[2025-03-30T23:23:54.963+0000] {logging_mixin.py:190} INFO - [2025-03-30T23:23:54.962+0000] {dag.py:3239} INFO - Sync 1 DAGs
[2025-03-30T23:23:54.994+0000] {logging_mixin.py:190} INFO - [2025-03-30T23:23:54.993+0000] {dag.py:4180} INFO - Setting next_dagrun for example_time_delta_sensor_async to None, run_after=None
[2025-03-30T23:23:55.047+0000] {processor.py:208} INFO - Processing /home/airflow/.local/lib/python3.12/site-packages/airflow/example_dags/example_time_delta_sensor_async.py took 0.184 seconds
[2025-03-30T23:24:25.288+0000] {processor.py:186} INFO - Started process (PID=383) to work on /home/airflow/.local/lib/python3.12/site-packages/airflow/example_dags/example_time_delta_sensor_async.py
[2025-03-30T23:24:25.291+0000] {processor.py:914} INFO - Processing file /home/airflow/.local/lib/python3.12/site-packages/airflow/example_dags/example_time_delta_sensor_async.py for tasks to queue
[2025-03-30T23:24:25.298+0000] {logging_mixin.py:190} INFO - [2025-03-30T23:24:25.298+0000] {dagbag.py:588} INFO - Filling up the DagBag from /home/airflow/.local/lib/python3.12/site-packages/airflow/example_dags/example_time_delta_sensor_async.py
[2025-03-30T23:24:25.314+0000] {processor.py:925} INFO - DAG(s) 'example_time_delta_sensor_async' retrieved from /home/airflow/.local/lib/python3.12/site-packages/airflow/example_dags/example_time_delta_sensor_async.py
[2025-03-30T23:24:25.357+0000] {logging_mixin.py:190} INFO - [2025-03-30T23:24:25.357+0000] {dag.py:3239} INFO - Sync 1 DAGs
[2025-03-30T23:24:25.390+0000] {logging_mixin.py:190} INFO - [2025-03-30T23:24:25.390+0000] {dag.py:4180} INFO - Setting next_dagrun for example_time_delta_sensor_async to None, run_after=None
[2025-03-30T23:24:25.448+0000] {processor.py:208} INFO - Processing /home/airflow/.local/lib/python3.12/site-packages/airflow/example_dags/example_time_delta_sensor_async.py took 0.172 seconds
[2025-03-30T23:24:55.691+0000] {processor.py:186} INFO - Started process (PID=447) to work on /home/airflow/.local/lib/python3.12/site-packages/airflow/example_dags/example_time_delta_sensor_async.py
[2025-03-30T23:24:55.694+0000] {processor.py:914} INFO - Processing file /home/airflow/.local/lib/python3.12/site-packages/airflow/example_dags/example_time_delta_sensor_async.py for tasks to queue
[2025-03-30T23:24:55.700+0000] {logging_mixin.py:190} INFO - [2025-03-30T23:24:55.699+0000] {dagbag.py:588} INFO - Filling up the DagBag from /home/airflow/.local/lib/python3.12/site-packages/airflow/example_dags/example_time_delta_sensor_async.py
[2025-03-30T23:24:55.718+0000] {processor.py:925} INFO - DAG(s) 'example_time_delta_sensor_async' retrieved from /home/airflow/.local/lib/python3.12/site-packages/airflow/example_dags/example_time_delta_sensor_async.py
[2025-03-30T23:24:55.763+0000] {logging_mixin.py:190} INFO - [2025-03-30T23:24:55.762+0000] {dag.py:3239} INFO - Sync 1 DAGs
[2025-03-30T23:24:55.792+0000] {logging_mixin.py:190} INFO - [2025-03-30T23:24:55.791+0000] {dag.py:4180} INFO - Setting next_dagrun for example_time_delta_sensor_async to None, run_after=None
[2025-03-30T23:24:55.845+0000] {processor.py:208} INFO - Processing /home/airflow/.local/lib/python3.12/site-packages/airflow/example_dags/example_time_delta_sensor_async.py took 0.167 seconds
[2025-03-30T23:25:26.342+0000] {processor.py:186} INFO - Started process (PID=511) to work on /home/airflow/.local/lib/python3.12/site-packages/airflow/example_dags/example_time_delta_sensor_async.py
[2025-03-30T23:25:26.346+0000] {processor.py:914} INFO - Processing file /home/airflow/.local/lib/python3.12/site-packages/airflow/example_dags/example_time_delta_sensor_async.py for tasks to queue
[2025-03-30T23:25:26.352+0000] {logging_mixin.py:190} INFO - [2025-03-30T23:25:26.352+0000] {dagbag.py:588} INFO - Filling up the DagBag from /home/airflow/.local/lib/python3.12/site-packages/airflow/example_dags/example_time_delta_sensor_async.py
[2025-03-30T23:25:26.367+0000] {processor.py:925} INFO - DAG(s) 'example_time_delta_sensor_async' retrieved from /home/airflow/.local/lib/python3.12/site-packages/airflow/example_dags/example_time_delta_sensor_async.py
[2025-03-30T23:25:26.406+0000] {logging_mixin.py:190} INFO - [2025-03-30T23:25:26.406+0000] {dag.py:3239} INFO - Sync 1 DAGs
[2025-03-30T23:25:26.437+0000] {logging_mixin.py:190} INFO - [2025-03-30T23:25:26.436+0000] {dag.py:4180} INFO - Setting next_dagrun for example_time_delta_sensor_async to None, run_after=None
[2025-03-30T23:25:26.486+0000] {processor.py:208} INFO - Processing /home/airflow/.local/lib/python3.12/site-packages/airflow/example_dags/example_time_delta_sensor_async.py took 0.155 seconds
[2025-03-30T23:25:57.344+0000] {processor.py:186} INFO - Started process (PID=575) to work on /home/airflow/.local/lib/python3.12/site-packages/airflow/example_dags/example_time_delta_sensor_async.py
[2025-03-30T23:25:57.348+0000] {processor.py:914} INFO - Processing file /home/airflow/.local/lib/python3.12/site-packages/airflow/example_dags/example_time_delta_sensor_async.py for tasks to queue
[2025-03-30T23:25:57.354+0000] {logging_mixin.py:190} INFO - [2025-03-30T23:25:57.353+0000] {dagbag.py:588} INFO - Filling up the DagBag from /home/airflow/.local/lib/python3.12/site-packages/airflow/example_dags/example_time_delta_sensor_async.py
[2025-03-30T23:25:57.369+0000] {processor.py:925} INFO - DAG(s) 'example_time_delta_sensor_async' retrieved from /home/airflow/.local/lib/python3.12/site-packages/airflow/example_dags/example_time_delta_sensor_async.py
[2025-03-30T23:25:57.417+0000] {logging_mixin.py:190} INFO - [2025-03-30T23:25:57.417+0000] {dag.py:3239} INFO - Sync 1 DAGs
[2025-03-30T23:25:57.445+0000] {logging_mixin.py:190} INFO - [2025-03-30T23:25:57.445+0000] {dag.py:4180} INFO - Setting next_dagrun for example_time_delta_sensor_async to None, run_after=None
[2025-03-30T23:25:57.490+0000] {processor.py:208} INFO - Processing /home/airflow/.local/lib/python3.12/site-packages/airflow/example_dags/example_time_delta_sensor_async.py took 0.158 seconds
[2025-03-30T23:26:28.138+0000] {processor.py:186} INFO - Started process (PID=639) to work on /home/airflow/.local/lib/python3.12/site-packages/airflow/example_dags/example_time_delta_sensor_async.py
[2025-03-30T23:26:28.142+0000] {processor.py:914} INFO - Processing file /home/airflow/.local/lib/python3.12/site-packages/airflow/example_dags/example_time_delta_sensor_async.py for tasks to queue
[2025-03-30T23:26:28.147+0000] {logging_mixin.py:190} INFO - [2025-03-30T23:26:28.146+0000] {dagbag.py:588} INFO - Filling up the DagBag from /home/airflow/.local/lib/python3.12/site-packages/airflow/example_dags/example_time_delta_sensor_async.py
[2025-03-30T23:26:28.162+0000] {processor.py:925} INFO - DAG(s) 'example_time_delta_sensor_async' retrieved from /home/airflow/.local/lib/python3.12/site-packages/airflow/example_dags/example_time_delta_sensor_async.py
[2025-03-30T23:26:28.208+0000] {logging_mixin.py:190} INFO - [2025-03-30T23:26:28.207+0000] {dag.py:3239} INFO - Sync 1 DAGs
[2025-03-30T23:26:28.234+0000] {logging_mixin.py:190} INFO - [2025-03-30T23:26:28.234+0000] {dag.py:4180} INFO - Setting next_dagrun for example_time_delta_sensor_async to None, run_after=None
[2025-03-30T23:26:28.273+0000] {processor.py:208} INFO - Processing /home/airflow/.local/lib/python3.12/site-packages/airflow/example_dags/example_time_delta_sensor_async.py took 0.145 seconds
[2025-03-30T23:26:59.067+0000] {processor.py:186} INFO - Started process (PID=703) to work on /home/airflow/.local/lib/python3.12/site-packages/airflow/example_dags/example_time_delta_sensor_async.py
[2025-03-30T23:26:59.071+0000] {processor.py:914} INFO - Processing file /home/airflow/.local/lib/python3.12/site-packages/airflow/example_dags/example_time_delta_sensor_async.py for tasks to queue
[2025-03-30T23:26:59.077+0000] {logging_mixin.py:190} INFO - [2025-03-30T23:26:59.076+0000] {dagbag.py:588} INFO - Filling up the DagBag from /home/airflow/.local/lib/python3.12/site-packages/airflow/example_dags/example_time_delta_sensor_async.py
[2025-03-30T23:26:59.091+0000] {processor.py:925} INFO - DAG(s) 'example_time_delta_sensor_async' retrieved from /home/airflow/.local/lib/python3.12/site-packages/airflow/example_dags/example_time_delta_sensor_async.py
[2025-03-30T23:26:59.146+0000] {logging_mixin.py:190} INFO - [2025-03-30T23:26:59.145+0000] {dag.py:3239} INFO - Sync 1 DAGs
[2025-03-30T23:26:59.180+0000] {logging_mixin.py:190} INFO - [2025-03-30T23:26:59.179+0000] {dag.py:4180} INFO - Setting next_dagrun for example_time_delta_sensor_async to None, run_after=None
[2025-03-30T23:26:59.231+0000] {processor.py:208} INFO - Processing /home/airflow/.local/lib/python3.12/site-packages/airflow/example_dags/example_time_delta_sensor_async.py took 0.180 seconds
[2025-03-30T23:27:29.438+0000] {processor.py:186} INFO - Started process (PID=767) to work on /home/airflow/.local/lib/python3.12/site-packages/airflow/example_dags/example_time_delta_sensor_async.py
[2025-03-30T23:27:29.442+0000] {processor.py:914} INFO - Processing file /home/airflow/.local/lib/python3.12/site-packages/airflow/example_dags/example_time_delta_sensor_async.py for tasks to queue
[2025-03-30T23:27:29.451+0000] {logging_mixin.py:190} INFO - [2025-03-30T23:27:29.450+0000] {dagbag.py:588} INFO - Filling up the DagBag from /home/airflow/.local/lib/python3.12/site-packages/airflow/example_dags/example_time_delta_sensor_async.py
[2025-03-30T23:27:29.479+0000] {processor.py:925} INFO - DAG(s) 'example_time_delta_sensor_async' retrieved from /home/airflow/.local/lib/python3.12/site-packages/airflow/example_dags/example_time_delta_sensor_async.py
[2025-03-30T23:27:29.530+0000] {logging_mixin.py:190} INFO - [2025-03-30T23:27:29.530+0000] {dag.py:3239} INFO - Sync 1 DAGs
[2025-03-30T23:27:29.564+0000] {logging_mixin.py:190} INFO - [2025-03-30T23:27:29.563+0000] {dag.py:4180} INFO - Setting next_dagrun for example_time_delta_sensor_async to None, run_after=None
[2025-03-30T23:27:29.639+0000] {processor.py:208} INFO - Processing /home/airflow/.local/lib/python3.12/site-packages/airflow/example_dags/example_time_delta_sensor_async.py took 0.214 seconds
[2025-03-30T23:28:00.208+0000] {processor.py:186} INFO - Started process (PID=831) to work on /home/airflow/.local/lib/python3.12/site-packages/airflow/example_dags/example_time_delta_sensor_async.py
[2025-03-30T23:28:00.210+0000] {processor.py:914} INFO - Processing file /home/airflow/.local/lib/python3.12/site-packages/airflow/example_dags/example_time_delta_sensor_async.py for tasks to queue
[2025-03-30T23:28:00.213+0000] {logging_mixin.py:190} INFO - [2025-03-30T23:28:00.213+0000] {dagbag.py:588} INFO - Filling up the DagBag from /home/airflow/.local/lib/python3.12/site-packages/airflow/example_dags/example_time_delta_sensor_async.py
[2025-03-30T23:28:00.228+0000] {processor.py:925} INFO - DAG(s) 'example_time_delta_sensor_async' retrieved from /home/airflow/.local/lib/python3.12/site-packages/airflow/example_dags/example_time_delta_sensor_async.py
[2025-03-30T23:28:00.267+0000] {logging_mixin.py:190} INFO - [2025-03-30T23:28:00.267+0000] {dag.py:3239} INFO - Sync 1 DAGs
[2025-03-30T23:28:00.295+0000] {logging_mixin.py:190} INFO - [2025-03-30T23:28:00.294+0000] {dag.py:4180} INFO - Setting next_dagrun for example_time_delta_sensor_async to None, run_after=None
[2025-03-30T23:28:00.327+0000] {processor.py:208} INFO - Processing /home/airflow/.local/lib/python3.12/site-packages/airflow/example_dags/example_time_delta_sensor_async.py took 0.124 seconds
[2025-03-30T23:28:30.975+0000] {processor.py:186} INFO - Started process (PID=895) to work on /home/airflow/.local/lib/python3.12/site-packages/airflow/example_dags/example_time_delta_sensor_async.py
[2025-03-30T23:28:30.978+0000] {processor.py:914} INFO - Processing file /home/airflow/.local/lib/python3.12/site-packages/airflow/example_dags/example_time_delta_sensor_async.py for tasks to queue
[2025-03-30T23:28:30.984+0000] {logging_mixin.py:190} INFO - [2025-03-30T23:28:30.983+0000] {dagbag.py:588} INFO - Filling up the DagBag from /home/airflow/.local/lib/python3.12/site-packages/airflow/example_dags/example_time_delta_sensor_async.py
[2025-03-30T23:28:31.000+0000] {processor.py:925} INFO - DAG(s) 'example_time_delta_sensor_async' retrieved from /home/airflow/.local/lib/python3.12/site-packages/airflow/example_dags/example_time_delta_sensor_async.py
[2025-03-30T23:28:31.044+0000] {logging_mixin.py:190} INFO - [2025-03-30T23:28:31.044+0000] {dag.py:3239} INFO - Sync 1 DAGs
[2025-03-30T23:28:31.070+0000] {logging_mixin.py:190} INFO - [2025-03-30T23:28:31.070+0000] {dag.py:4180} INFO - Setting next_dagrun for example_time_delta_sensor_async to None, run_after=None
[2025-03-30T23:28:31.128+0000] {processor.py:208} INFO - Processing /home/airflow/.local/lib/python3.12/site-packages/airflow/example_dags/example_time_delta_sensor_async.py took 0.166 seconds
[2025-03-30T23:29:01.223+0000] {processor.py:186} INFO - Started process (PID=959) to work on /home/airflow/.local/lib/python3.12/site-packages/airflow/example_dags/example_time_delta_sensor_async.py
[2025-03-30T23:29:01.226+0000] {processor.py:914} INFO - Processing file /home/airflow/.local/lib/python3.12/site-packages/airflow/example_dags/example_time_delta_sensor_async.py for tasks to queue
[2025-03-30T23:29:01.232+0000] {logging_mixin.py:190} INFO - [2025-03-30T23:29:01.231+0000] {dagbag.py:588} INFO - Filling up the DagBag from /home/airflow/.local/lib/python3.12/site-packages/airflow/example_dags/example_time_delta_sensor_async.py
[2025-03-30T23:29:01.250+0000] {processor.py:925} INFO - DAG(s) 'example_time_delta_sensor_async' retrieved from /home/airflow/.local/lib/python3.12/site-packages/airflow/example_dags/example_time_delta_sensor_async.py
[2025-03-30T23:29:01.293+0000] {logging_mixin.py:190} INFO - [2025-03-30T23:29:01.292+0000] {dag.py:3239} INFO - Sync 1 DAGs
[2025-03-30T23:29:01.319+0000] {logging_mixin.py:190} INFO - [2025-03-30T23:29:01.318+0000] {dag.py:4180} INFO - Setting next_dagrun for example_time_delta_sensor_async to None, run_after=None
[2025-03-30T23:29:01.360+0000] {processor.py:208} INFO - Processing /home/airflow/.local/lib/python3.12/site-packages/airflow/example_dags/example_time_delta_sensor_async.py took 0.150 seconds
[2025-03-30T23:29:31.868+0000] {processor.py:186} INFO - Started process (PID=1023) to work on /home/airflow/.local/lib/python3.12/site-packages/airflow/example_dags/example_time_delta_sensor_async.py
[2025-03-30T23:29:31.872+0000] {processor.py:914} INFO - Processing file /home/airflow/.local/lib/python3.12/site-packages/airflow/example_dags/example_time_delta_sensor_async.py for tasks to queue
[2025-03-30T23:29:31.878+0000] {logging_mixin.py:190} INFO - [2025-03-30T23:29:31.877+0000] {dagbag.py:588} INFO - Filling up the DagBag from /home/airflow/.local/lib/python3.12/site-packages/airflow/example_dags/example_time_delta_sensor_async.py
[2025-03-30T23:29:31.893+0000] {processor.py:925} INFO - DAG(s) 'example_time_delta_sensor_async' retrieved from /home/airflow/.local/lib/python3.12/site-packages/airflow/example_dags/example_time_delta_sensor_async.py
[2025-03-30T23:29:31.937+0000] {logging_mixin.py:190} INFO - [2025-03-30T23:29:31.937+0000] {dag.py:3239} INFO - Sync 1 DAGs
[2025-03-30T23:29:31.971+0000] {logging_mixin.py:190} INFO - [2025-03-30T23:29:31.970+0000] {dag.py:4180} INFO - Setting next_dagrun for example_time_delta_sensor_async to None, run_after=None
[2025-03-30T23:29:32.024+0000] {processor.py:208} INFO - Processing /home/airflow/.local/lib/python3.12/site-packages/airflow/example_dags/example_time_delta_sensor_async.py took 0.167 seconds
[2025-03-30T23:30:02.325+0000] {processor.py:186} INFO - Started process (PID=1087) to work on /home/airflow/.local/lib/python3.12/site-packages/airflow/example_dags/example_time_delta_sensor_async.py
[2025-03-30T23:30:02.329+0000] {processor.py:914} INFO - Processing file /home/airflow/.local/lib/python3.12/site-packages/airflow/example_dags/example_time_delta_sensor_async.py for tasks to queue
[2025-03-30T23:30:02.335+0000] {logging_mixin.py:190} INFO - [2025-03-30T23:30:02.334+0000] {dagbag.py:588} INFO - Filling up the DagBag from /home/airflow/.local/lib/python3.12/site-packages/airflow/example_dags/example_time_delta_sensor_async.py
[2025-03-30T23:30:02.350+0000] {processor.py:925} INFO - DAG(s) 'example_time_delta_sensor_async' retrieved from /home/airflow/.local/lib/python3.12/site-packages/airflow/example_dags/example_time_delta_sensor_async.py
[2025-03-30T23:30:02.398+0000] {logging_mixin.py:190} INFO - [2025-03-30T23:30:02.397+0000] {dag.py:3239} INFO - Sync 1 DAGs
[2025-03-30T23:30:02.429+0000] {logging_mixin.py:190} INFO - [2025-03-30T23:30:02.429+0000] {dag.py:4180} INFO - Setting next_dagrun for example_time_delta_sensor_async to None, run_after=None
[2025-03-30T23:30:02.482+0000] {processor.py:208} INFO - Processing /home/airflow/.local/lib/python3.12/site-packages/airflow/example_dags/example_time_delta_sensor_async.py took 0.169 seconds
[2025-03-30T23:30:32.773+0000] {processor.py:186} INFO - Started process (PID=1151) to work on /home/airflow/.local/lib/python3.12/site-packages/airflow/example_dags/example_time_delta_sensor_async.py
[2025-03-30T23:30:32.776+0000] {processor.py:914} INFO - Processing file /home/airflow/.local/lib/python3.12/site-packages/airflow/example_dags/example_time_delta_sensor_async.py for tasks to queue
[2025-03-30T23:30:32.785+0000] {logging_mixin.py:190} INFO - [2025-03-30T23:30:32.784+0000] {dagbag.py:588} INFO - Filling up the DagBag from /home/airflow/.local/lib/python3.12/site-packages/airflow/example_dags/example_time_delta_sensor_async.py
[2025-03-30T23:30:32.805+0000] {processor.py:925} INFO - DAG(s) 'example_time_delta_sensor_async' retrieved from /home/airflow/.local/lib/python3.12/site-packages/airflow/example_dags/example_time_delta_sensor_async.py
[2025-03-30T23:30:32.853+0000] {logging_mixin.py:190} INFO - [2025-03-30T23:30:32.852+0000] {dag.py:3239} INFO - Sync 1 DAGs
[2025-03-30T23:30:32.886+0000] {logging_mixin.py:190} INFO - [2025-03-30T23:30:32.885+0000] {dag.py:4180} INFO - Setting next_dagrun for example_time_delta_sensor_async to None, run_after=None
[2025-03-30T23:30:32.939+0000] {processor.py:208} INFO - Processing /home/airflow/.local/lib/python3.12/site-packages/airflow/example_dags/example_time_delta_sensor_async.py took 0.177 seconds
[2025-03-30T23:31:03.713+0000] {processor.py:186} INFO - Started process (PID=1215) to work on /home/airflow/.local/lib/python3.12/site-packages/airflow/example_dags/example_time_delta_sensor_async.py
[2025-03-30T23:31:03.717+0000] {processor.py:914} INFO - Processing file /home/airflow/.local/lib/python3.12/site-packages/airflow/example_dags/example_time_delta_sensor_async.py for tasks to queue
[2025-03-30T23:31:03.724+0000] {logging_mixin.py:190} INFO - [2025-03-30T23:31:03.723+0000] {dagbag.py:588} INFO - Filling up the DagBag from /home/airflow/.local/lib/python3.12/site-packages/airflow/example_dags/example_time_delta_sensor_async.py
[2025-03-30T23:31:03.743+0000] {processor.py:925} INFO - DAG(s) 'example_time_delta_sensor_async' retrieved from /home/airflow/.local/lib/python3.12/site-packages/airflow/example_dags/example_time_delta_sensor_async.py
[2025-03-30T23:31:03.794+0000] {logging_mixin.py:190} INFO - [2025-03-30T23:31:03.793+0000] {dag.py:3239} INFO - Sync 1 DAGs
[2025-03-30T23:31:03.826+0000] {logging_mixin.py:190} INFO - [2025-03-30T23:31:03.825+0000] {dag.py:4180} INFO - Setting next_dagrun for example_time_delta_sensor_async to None, run_after=None
[2025-03-30T23:31:03.890+0000] {processor.py:208} INFO - Processing /home/airflow/.local/lib/python3.12/site-packages/airflow/example_dags/example_time_delta_sensor_async.py took 0.189 seconds
[2025-03-30T23:31:34.057+0000] {processor.py:186} INFO - Started process (PID=1279) to work on /home/airflow/.local/lib/python3.12/site-packages/airflow/example_dags/example_time_delta_sensor_async.py
[2025-03-30T23:31:34.061+0000] {processor.py:914} INFO - Processing file /home/airflow/.local/lib/python3.12/site-packages/airflow/example_dags/example_time_delta_sensor_async.py for tasks to queue
[2025-03-30T23:31:34.067+0000] {logging_mixin.py:190} INFO - [2025-03-30T23:31:34.067+0000] {dagbag.py:588} INFO - Filling up the DagBag from /home/airflow/.local/lib/python3.12/site-packages/airflow/example_dags/example_time_delta_sensor_async.py
[2025-03-30T23:31:34.083+0000] {processor.py:925} INFO - DAG(s) 'example_time_delta_sensor_async' retrieved from /home/airflow/.local/lib/python3.12/site-packages/airflow/example_dags/example_time_delta_sensor_async.py
[2025-03-30T23:31:34.126+0000] {logging_mixin.py:190} INFO - [2025-03-30T23:31:34.125+0000] {dag.py:3239} INFO - Sync 1 DAGs
[2025-03-30T23:31:34.158+0000] {logging_mixin.py:190} INFO - [2025-03-30T23:31:34.157+0000] {dag.py:4180} INFO - Setting next_dagrun for example_time_delta_sensor_async to None, run_after=None
[2025-03-30T23:31:34.215+0000] {processor.py:208} INFO - Processing /home/airflow/.local/lib/python3.12/site-packages/airflow/example_dags/example_time_delta_sensor_async.py took 0.168 seconds
[2025-03-30T23:32:04.966+0000] {processor.py:186} INFO - Started process (PID=1343) to work on /home/airflow/.local/lib/python3.12/site-packages/airflow/example_dags/example_time_delta_sensor_async.py
[2025-03-30T23:32:04.969+0000] {processor.py:914} INFO - Processing file /home/airflow/.local/lib/python3.12/site-packages/airflow/example_dags/example_time_delta_sensor_async.py for tasks to queue
[2025-03-30T23:32:04.978+0000] {logging_mixin.py:190} INFO - [2025-03-30T23:32:04.977+0000] {dagbag.py:588} INFO - Filling up the DagBag from /home/airflow/.local/lib/python3.12/site-packages/airflow/example_dags/example_time_delta_sensor_async.py
[2025-03-30T23:32:04.996+0000] {processor.py:925} INFO - DAG(s) 'example_time_delta_sensor_async' retrieved from /home/airflow/.local/lib/python3.12/site-packages/airflow/example_dags/example_time_delta_sensor_async.py
[2025-03-30T23:32:05.043+0000] {logging_mixin.py:190} INFO - [2025-03-30T23:32:05.043+0000] {dag.py:3239} INFO - Sync 1 DAGs
[2025-03-30T23:32:05.071+0000] {logging_mixin.py:190} INFO - [2025-03-30T23:32:05.070+0000] {dag.py:4180} INFO - Setting next_dagrun for example_time_delta_sensor_async to None, run_after=None
[2025-03-30T23:32:05.134+0000] {processor.py:208} INFO - Processing /home/airflow/.local/lib/python3.12/site-packages/airflow/example_dags/example_time_delta_sensor_async.py took 0.181 seconds
[2025-03-30T23:32:35.871+0000] {processor.py:186} INFO - Started process (PID=1407) to work on /home/airflow/.local/lib/python3.12/site-packages/airflow/example_dags/example_time_delta_sensor_async.py
[2025-03-30T23:32:35.876+0000] {processor.py:914} INFO - Processing file /home/airflow/.local/lib/python3.12/site-packages/airflow/example_dags/example_time_delta_sensor_async.py for tasks to queue
[2025-03-30T23:32:35.882+0000] {logging_mixin.py:190} INFO - [2025-03-30T23:32:35.882+0000] {dagbag.py:588} INFO - Filling up the DagBag from /home/airflow/.local/lib/python3.12/site-packages/airflow/example_dags/example_time_delta_sensor_async.py
[2025-03-30T23:32:35.898+0000] {processor.py:925} INFO - DAG(s) 'example_time_delta_sensor_async' retrieved from /home/airflow/.local/lib/python3.12/site-packages/airflow/example_dags/example_time_delta_sensor_async.py
[2025-03-30T23:32:35.944+0000] {logging_mixin.py:190} INFO - [2025-03-30T23:32:35.943+0000] {dag.py:3239} INFO - Sync 1 DAGs
[2025-03-30T23:32:35.970+0000] {logging_mixin.py:190} INFO - [2025-03-30T23:32:35.970+0000] {dag.py:4180} INFO - Setting next_dagrun for example_time_delta_sensor_async to None, run_after=None
[2025-03-30T23:32:36.018+0000] {processor.py:208} INFO - Processing /home/airflow/.local/lib/python3.12/site-packages/airflow/example_dags/example_time_delta_sensor_async.py took 0.159 seconds
[2025-03-30T23:33:06.244+0000] {processor.py:186} INFO - Started process (PID=1471) to work on /home/airflow/.local/lib/python3.12/site-packages/airflow/example_dags/example_time_delta_sensor_async.py
[2025-03-30T23:33:06.248+0000] {processor.py:914} INFO - Processing file /home/airflow/.local/lib/python3.12/site-packages/airflow/example_dags/example_time_delta_sensor_async.py for tasks to queue
[2025-03-30T23:33:06.254+0000] {logging_mixin.py:190} INFO - [2025-03-30T23:33:06.254+0000] {dagbag.py:588} INFO - Filling up the DagBag from /home/airflow/.local/lib/python3.12/site-packages/airflow/example_dags/example_time_delta_sensor_async.py
[2025-03-30T23:33:06.271+0000] {processor.py:925} INFO - DAG(s) 'example_time_delta_sensor_async' retrieved from /home/airflow/.local/lib/python3.12/site-packages/airflow/example_dags/example_time_delta_sensor_async.py
[2025-03-30T23:33:06.314+0000] {logging_mixin.py:190} INFO - [2025-03-30T23:33:06.314+0000] {dag.py:3239} INFO - Sync 1 DAGs
[2025-03-30T23:33:06.341+0000] {logging_mixin.py:190} INFO - [2025-03-30T23:33:06.341+0000] {dag.py:4180} INFO - Setting next_dagrun for example_time_delta_sensor_async to None, run_after=None
[2025-03-30T23:33:06.391+0000] {processor.py:208} INFO - Processing /home/airflow/.local/lib/python3.12/site-packages/airflow/example_dags/example_time_delta_sensor_async.py took 0.159 seconds
[2025-03-30T23:33:37.163+0000] {processor.py:186} INFO - Started process (PID=1535) to work on /home/airflow/.local/lib/python3.12/site-packages/airflow/example_dags/example_time_delta_sensor_async.py
[2025-03-30T23:33:37.166+0000] {processor.py:914} INFO - Processing file /home/airflow/.local/lib/python3.12/site-packages/airflow/example_dags/example_time_delta_sensor_async.py for tasks to queue
[2025-03-30T23:33:37.172+0000] {logging_mixin.py:190} INFO - [2025-03-30T23:33:37.172+0000] {dagbag.py:588} INFO - Filling up the DagBag from /home/airflow/.local/lib/python3.12/site-packages/airflow/example_dags/example_time_delta_sensor_async.py
[2025-03-30T23:33:37.187+0000] {processor.py:925} INFO - DAG(s) 'example_time_delta_sensor_async' retrieved from /home/airflow/.local/lib/python3.12/site-packages/airflow/example_dags/example_time_delta_sensor_async.py
[2025-03-30T23:33:37.226+0000] {logging_mixin.py:190} INFO - [2025-03-30T23:33:37.226+0000] {dag.py:3239} INFO - Sync 1 DAGs
[2025-03-30T23:33:37.254+0000] {logging_mixin.py:190} INFO - [2025-03-30T23:33:37.254+0000] {dag.py:4180} INFO - Setting next_dagrun for example_time_delta_sensor_async to None, run_after=None
[2025-03-30T23:33:37.288+0000] {processor.py:208} INFO - Processing /home/airflow/.local/lib/python3.12/site-packages/airflow/example_dags/example_time_delta_sensor_async.py took 0.137 seconds
[2025-03-30T23:52:59.615+0000] {processor.py:186} INFO - Started process (PID=1570) to work on /home/airflow/.local/lib/python3.12/site-packages/airflow/example_dags/example_time_delta_sensor_async.py
[2025-03-30T23:52:59.616+0000] {processor.py:914} INFO - Processing file /home/airflow/.local/lib/python3.12/site-packages/airflow/example_dags/example_time_delta_sensor_async.py for tasks to queue
[2025-03-30T23:52:59.620+0000] {logging_mixin.py:190} INFO - [2025-03-30T23:52:59.619+0000] {dagbag.py:588} INFO - Filling up the DagBag from /home/airflow/.local/lib/python3.12/site-packages/airflow/example_dags/example_time_delta_sensor_async.py
[2025-03-30T23:52:59.628+0000] {processor.py:925} INFO - DAG(s) 'example_time_delta_sensor_async' retrieved from /home/airflow/.local/lib/python3.12/site-packages/airflow/example_dags/example_time_delta_sensor_async.py
[2025-03-30T23:52:59.650+0000] {logging_mixin.py:190} INFO - [2025-03-30T23:52:59.649+0000] {dag.py:3239} INFO - Sync 1 DAGs
[2025-03-30T23:52:59.666+0000] {logging_mixin.py:190} INFO - [2025-03-30T23:52:59.665+0000] {dag.py:4180} INFO - Setting next_dagrun for example_time_delta_sensor_async to None, run_after=None
[2025-03-30T23:52:59.688+0000] {processor.py:208} INFO - Processing /home/airflow/.local/lib/python3.12/site-packages/airflow/example_dags/example_time_delta_sensor_async.py took 0.078 seconds
