[2025-03-30T23:20:32.602+0000] {processor.py:186} INFO - Started process (PID=65) to work on /home/airflow/.local/lib/python3.12/site-packages/airflow/example_dags/example_bash_operator.py
[2025-03-30T23:20:32.606+0000] {processor.py:914} INFO - Processing file /home/airflow/.local/lib/python3.12/site-packages/airflow/example_dags/example_bash_operator.py for tasks to queue
[2025-03-30T23:20:32.613+0000] {logging_mixin.py:190} INFO - [2025-03-30T23:20:32.612+0000] {dagbag.py:588} INFO - Filling up the DagBag from /home/airflow/.local/lib/python3.12/site-packages/airflow/example_dags/example_bash_operator.py
[2025-03-30T23:20:32.658+0000] {processor.py:925} INFO - DAG(s) 'example_bash_operator' retrieved from /home/airflow/.local/lib/python3.12/site-packages/airflow/example_dags/example_bash_operator.py
[2025-03-30T23:20:32.739+0000] {logging_mixin.py:190} INFO - [2025-03-30T23:20:32.738+0000] {dag.py:3239} INFO - Sync 1 DAGs
[2025-03-30T23:20:32.814+0000] {logging_mixin.py:190} INFO - [2025-03-30T23:20:32.814+0000] {dag.py:4180} INFO - Setting next_dagrun for example_bash_operator to 2025-03-29 00:00:00+00:00, run_after=2025-03-30 00:00:00+00:00
[2025-03-30T23:20:32.860+0000] {processor.py:208} INFO - Processing /home/airflow/.local/lib/python3.12/site-packages/airflow/example_dags/example_bash_operator.py took 0.271 seconds
[2025-03-30T23:21:04.043+0000] {processor.py:186} INFO - Started process (PID=129) to work on /home/airflow/.local/lib/python3.12/site-packages/airflow/example_dags/example_bash_operator.py
[2025-03-30T23:21:04.046+0000] {processor.py:914} INFO - Processing file /home/airflow/.local/lib/python3.12/site-packages/airflow/example_dags/example_bash_operator.py for tasks to queue
[2025-03-30T23:21:04.054+0000] {logging_mixin.py:190} INFO - [2025-03-30T23:21:04.053+0000] {dagbag.py:588} INFO - Filling up the DagBag from /home/airflow/.local/lib/python3.12/site-packages/airflow/example_dags/example_bash_operator.py
[2025-03-30T23:21:04.088+0000] {processor.py:925} INFO - DAG(s) 'example_bash_operator' retrieved from /home/airflow/.local/lib/python3.12/site-packages/airflow/example_dags/example_bash_operator.py
[2025-03-30T23:21:04.161+0000] {logging_mixin.py:190} INFO - [2025-03-30T23:21:04.160+0000] {dag.py:3239} INFO - Sync 1 DAGs
[2025-03-30T23:21:04.231+0000] {logging_mixin.py:190} INFO - [2025-03-30T23:21:04.231+0000] {dag.py:4180} INFO - Setting next_dagrun for example_bash_operator to 2025-03-29 00:00:00+00:00, run_after=2025-03-30 00:00:00+00:00
[2025-03-30T23:21:04.274+0000] {processor.py:208} INFO - Processing /home/airflow/.local/lib/python3.12/site-packages/airflow/example_dags/example_bash_operator.py took 0.242 seconds
[2025-03-30T23:21:52.920+0000] {processor.py:186} INFO - Started process (PID=66) to work on /home/airflow/.local/lib/python3.12/site-packages/airflow/example_dags/example_bash_operator.py
[2025-03-30T23:21:52.925+0000] {processor.py:914} INFO - Processing file /home/airflow/.local/lib/python3.12/site-packages/airflow/example_dags/example_bash_operator.py for tasks to queue
[2025-03-30T23:21:52.932+0000] {logging_mixin.py:190} INFO - [2025-03-30T23:21:52.931+0000] {dagbag.py:588} INFO - Filling up the DagBag from /home/airflow/.local/lib/python3.12/site-packages/airflow/example_dags/example_bash_operator.py
[2025-03-30T23:21:52.959+0000] {processor.py:925} INFO - DAG(s) 'example_bash_operator' retrieved from /home/airflow/.local/lib/python3.12/site-packages/airflow/example_dags/example_bash_operator.py
[2025-03-30T23:21:53.016+0000] {logging_mixin.py:190} INFO - [2025-03-30T23:21:53.016+0000] {dag.py:3239} INFO - Sync 1 DAGs
[2025-03-30T23:21:53.067+0000] {logging_mixin.py:190} INFO - [2025-03-30T23:21:53.066+0000] {dag.py:4180} INFO - Setting next_dagrun for example_bash_operator to 2025-03-29 00:00:00+00:00, run_after=2025-03-30 00:00:00+00:00
[2025-03-30T23:21:53.105+0000] {processor.py:208} INFO - Processing /home/airflow/.local/lib/python3.12/site-packages/airflow/example_dags/example_bash_operator.py took 0.196 seconds
[2025-03-30T23:22:24.442+0000] {processor.py:186} INFO - Started process (PID=130) to work on /home/airflow/.local/lib/python3.12/site-packages/airflow/example_dags/example_bash_operator.py
[2025-03-30T23:22:24.446+0000] {processor.py:914} INFO - Processing file /home/airflow/.local/lib/python3.12/site-packages/airflow/example_dags/example_bash_operator.py for tasks to queue
[2025-03-30T23:22:24.453+0000] {logging_mixin.py:190} INFO - [2025-03-30T23:22:24.452+0000] {dagbag.py:588} INFO - Filling up the DagBag from /home/airflow/.local/lib/python3.12/site-packages/airflow/example_dags/example_bash_operator.py
[2025-03-30T23:22:24.491+0000] {processor.py:925} INFO - DAG(s) 'example_bash_operator' retrieved from /home/airflow/.local/lib/python3.12/site-packages/airflow/example_dags/example_bash_operator.py
[2025-03-30T23:22:24.546+0000] {logging_mixin.py:190} INFO - [2025-03-30T23:22:24.546+0000] {dag.py:3239} INFO - Sync 1 DAGs
[2025-03-30T23:22:24.597+0000] {logging_mixin.py:190} INFO - [2025-03-30T23:22:24.596+0000] {dag.py:4180} INFO - Setting next_dagrun for example_bash_operator to 2025-03-29 00:00:00+00:00, run_after=2025-03-30 00:00:00+00:00
[2025-03-30T23:22:24.633+0000] {processor.py:208} INFO - Processing /home/airflow/.local/lib/python3.12/site-packages/airflow/example_dags/example_bash_operator.py took 0.204 seconds
[2025-03-30T23:22:55.729+0000] {processor.py:186} INFO - Started process (PID=194) to work on /home/airflow/.local/lib/python3.12/site-packages/airflow/example_dags/example_bash_operator.py
[2025-03-30T23:22:55.732+0000] {processor.py:914} INFO - Processing file /home/airflow/.local/lib/python3.12/site-packages/airflow/example_dags/example_bash_operator.py for tasks to queue
[2025-03-30T23:22:55.739+0000] {logging_mixin.py:190} INFO - [2025-03-30T23:22:55.738+0000] {dagbag.py:588} INFO - Filling up the DagBag from /home/airflow/.local/lib/python3.12/site-packages/airflow/example_dags/example_bash_operator.py
[2025-03-30T23:22:55.765+0000] {processor.py:925} INFO - DAG(s) 'example_bash_operator' retrieved from /home/airflow/.local/lib/python3.12/site-packages/airflow/example_dags/example_bash_operator.py
[2025-03-30T23:22:55.825+0000] {logging_mixin.py:190} INFO - [2025-03-30T23:22:55.824+0000] {dag.py:3239} INFO - Sync 1 DAGs
[2025-03-30T23:22:55.873+0000] {logging_mixin.py:190} INFO - [2025-03-30T23:22:55.872+0000] {dag.py:4180} INFO - Setting next_dagrun for example_bash_operator to 2025-03-29 00:00:00+00:00, run_after=2025-03-30 00:00:00+00:00
[2025-03-30T23:22:55.928+0000] {processor.py:208} INFO - Processing /home/airflow/.local/lib/python3.12/site-packages/airflow/example_dags/example_bash_operator.py took 0.210 seconds
[2025-03-30T23:23:27.211+0000] {processor.py:186} INFO - Started process (PID=262) to work on /home/airflow/.local/lib/python3.12/site-packages/airflow/example_dags/example_bash_operator.py
[2025-03-30T23:23:27.215+0000] {processor.py:914} INFO - Processing file /home/airflow/.local/lib/python3.12/site-packages/airflow/example_dags/example_bash_operator.py for tasks to queue
[2025-03-30T23:23:27.221+0000] {logging_mixin.py:190} INFO - [2025-03-30T23:23:27.221+0000] {dagbag.py:588} INFO - Filling up the DagBag from /home/airflow/.local/lib/python3.12/site-packages/airflow/example_dags/example_bash_operator.py
[2025-03-30T23:23:27.249+0000] {processor.py:925} INFO - DAG(s) 'example_bash_operator' retrieved from /home/airflow/.local/lib/python3.12/site-packages/airflow/example_dags/example_bash_operator.py
[2025-03-30T23:23:27.312+0000] {logging_mixin.py:190} INFO - [2025-03-30T23:23:27.311+0000] {dag.py:3239} INFO - Sync 1 DAGs
[2025-03-30T23:23:27.365+0000] {logging_mixin.py:190} INFO - [2025-03-30T23:23:27.364+0000] {dag.py:4180} INFO - Setting next_dagrun for example_bash_operator to 2025-03-29 00:00:00+00:00, run_after=2025-03-30 00:00:00+00:00
[2025-03-30T23:23:27.415+0000] {processor.py:208} INFO - Processing /home/airflow/.local/lib/python3.12/site-packages/airflow/example_dags/example_bash_operator.py took 0.216 seconds
[2025-03-30T23:23:58.867+0000] {processor.py:186} INFO - Started process (PID=326) to work on /home/airflow/.local/lib/python3.12/site-packages/airflow/example_dags/example_bash_operator.py
[2025-03-30T23:23:58.870+0000] {processor.py:914} INFO - Processing file /home/airflow/.local/lib/python3.12/site-packages/airflow/example_dags/example_bash_operator.py for tasks to queue
[2025-03-30T23:23:58.876+0000] {logging_mixin.py:190} INFO - [2025-03-30T23:23:58.875+0000] {dagbag.py:588} INFO - Filling up the DagBag from /home/airflow/.local/lib/python3.12/site-packages/airflow/example_dags/example_bash_operator.py
[2025-03-30T23:23:58.900+0000] {processor.py:925} INFO - DAG(s) 'example_bash_operator' retrieved from /home/airflow/.local/lib/python3.12/site-packages/airflow/example_dags/example_bash_operator.py
[2025-03-30T23:23:58.944+0000] {logging_mixin.py:190} INFO - [2025-03-30T23:23:58.944+0000] {dag.py:3239} INFO - Sync 1 DAGs
[2025-03-30T23:23:58.988+0000] {logging_mixin.py:190} INFO - [2025-03-30T23:23:58.987+0000] {dag.py:4180} INFO - Setting next_dagrun for example_bash_operator to 2025-03-29 00:00:00+00:00, run_after=2025-03-30 00:00:00+00:00
[2025-03-30T23:23:59.027+0000] {processor.py:208} INFO - Processing /home/airflow/.local/lib/python3.12/site-packages/airflow/example_dags/example_bash_operator.py took 0.171 seconds
[2025-03-30T23:24:30.104+0000] {processor.py:186} INFO - Started process (PID=390) to work on /home/airflow/.local/lib/python3.12/site-packages/airflow/example_dags/example_bash_operator.py
[2025-03-30T23:24:30.107+0000] {processor.py:914} INFO - Processing file /home/airflow/.local/lib/python3.12/site-packages/airflow/example_dags/example_bash_operator.py for tasks to queue
[2025-03-30T23:24:30.113+0000] {logging_mixin.py:190} INFO - [2025-03-30T23:24:30.112+0000] {dagbag.py:588} INFO - Filling up the DagBag from /home/airflow/.local/lib/python3.12/site-packages/airflow/example_dags/example_bash_operator.py
[2025-03-30T23:24:30.139+0000] {processor.py:925} INFO - DAG(s) 'example_bash_operator' retrieved from /home/airflow/.local/lib/python3.12/site-packages/airflow/example_dags/example_bash_operator.py
[2025-03-30T23:24:30.196+0000] {logging_mixin.py:190} INFO - [2025-03-30T23:24:30.195+0000] {dag.py:3239} INFO - Sync 1 DAGs
[2025-03-30T23:24:30.249+0000] {logging_mixin.py:190} INFO - [2025-03-30T23:24:30.249+0000] {dag.py:4180} INFO - Setting next_dagrun for example_bash_operator to 2025-03-29 00:00:00+00:00, run_after=2025-03-30 00:00:00+00:00
[2025-03-30T23:24:30.299+0000] {processor.py:208} INFO - Processing /home/airflow/.local/lib/python3.12/site-packages/airflow/example_dags/example_bash_operator.py took 0.207 seconds
[2025-03-30T23:25:01.503+0000] {processor.py:186} INFO - Started process (PID=454) to work on /home/airflow/.local/lib/python3.12/site-packages/airflow/example_dags/example_bash_operator.py
[2025-03-30T23:25:01.507+0000] {processor.py:914} INFO - Processing file /home/airflow/.local/lib/python3.12/site-packages/airflow/example_dags/example_bash_operator.py for tasks to queue
[2025-03-30T23:25:01.515+0000] {logging_mixin.py:190} INFO - [2025-03-30T23:25:01.514+0000] {dagbag.py:588} INFO - Filling up the DagBag from /home/airflow/.local/lib/python3.12/site-packages/airflow/example_dags/example_bash_operator.py
[2025-03-30T23:25:01.545+0000] {processor.py:925} INFO - DAG(s) 'example_bash_operator' retrieved from /home/airflow/.local/lib/python3.12/site-packages/airflow/example_dags/example_bash_operator.py
[2025-03-30T23:25:01.606+0000] {logging_mixin.py:190} INFO - [2025-03-30T23:25:01.605+0000] {dag.py:3239} INFO - Sync 1 DAGs
[2025-03-30T23:25:01.658+0000] {logging_mixin.py:190} INFO - [2025-03-30T23:25:01.658+0000] {dag.py:4180} INFO - Setting next_dagrun for example_bash_operator to 2025-03-29 00:00:00+00:00, run_after=2025-03-30 00:00:00+00:00
[2025-03-30T23:25:01.714+0000] {processor.py:208} INFO - Processing /home/airflow/.local/lib/python3.12/site-packages/airflow/example_dags/example_bash_operator.py took 0.223 seconds
[2025-03-30T23:25:33.145+0000] {processor.py:186} INFO - Started process (PID=518) to work on /home/airflow/.local/lib/python3.12/site-packages/airflow/example_dags/example_bash_operator.py
[2025-03-30T23:25:33.151+0000] {processor.py:914} INFO - Processing file /home/airflow/.local/lib/python3.12/site-packages/airflow/example_dags/example_bash_operator.py for tasks to queue
[2025-03-30T23:25:33.160+0000] {logging_mixin.py:190} INFO - [2025-03-30T23:25:33.159+0000] {dagbag.py:588} INFO - Filling up the DagBag from /home/airflow/.local/lib/python3.12/site-packages/airflow/example_dags/example_bash_operator.py
[2025-03-30T23:25:33.186+0000] {processor.py:925} INFO - DAG(s) 'example_bash_operator' retrieved from /home/airflow/.local/lib/python3.12/site-packages/airflow/example_dags/example_bash_operator.py
[2025-03-30T23:25:33.238+0000] {logging_mixin.py:190} INFO - [2025-03-30T23:25:33.238+0000] {dag.py:3239} INFO - Sync 1 DAGs
[2025-03-30T23:25:33.289+0000] {logging_mixin.py:190} INFO - [2025-03-30T23:25:33.289+0000] {dag.py:4180} INFO - Setting next_dagrun for example_bash_operator to 2025-03-29 00:00:00+00:00, run_after=2025-03-30 00:00:00+00:00
[2025-03-30T23:25:33.335+0000] {processor.py:208} INFO - Processing /home/airflow/.local/lib/python3.12/site-packages/airflow/example_dags/example_bash_operator.py took 0.200 seconds
[2025-03-30T23:26:04.911+0000] {processor.py:186} INFO - Started process (PID=582) to work on /home/airflow/.local/lib/python3.12/site-packages/airflow/example_dags/example_bash_operator.py
[2025-03-30T23:26:04.914+0000] {processor.py:914} INFO - Processing file /home/airflow/.local/lib/python3.12/site-packages/airflow/example_dags/example_bash_operator.py for tasks to queue
[2025-03-30T23:26:04.921+0000] {logging_mixin.py:190} INFO - [2025-03-30T23:26:04.920+0000] {dagbag.py:588} INFO - Filling up the DagBag from /home/airflow/.local/lib/python3.12/site-packages/airflow/example_dags/example_bash_operator.py
[2025-03-30T23:26:04.945+0000] {processor.py:925} INFO - DAG(s) 'example_bash_operator' retrieved from /home/airflow/.local/lib/python3.12/site-packages/airflow/example_dags/example_bash_operator.py
[2025-03-30T23:26:05.013+0000] {logging_mixin.py:190} INFO - [2025-03-30T23:26:05.012+0000] {dag.py:3239} INFO - Sync 1 DAGs
[2025-03-30T23:26:05.048+0000] {logging_mixin.py:190} INFO - [2025-03-30T23:26:05.048+0000] {dag.py:4180} INFO - Setting next_dagrun for example_bash_operator to 2025-03-29 00:00:00+00:00, run_after=2025-03-30 00:00:00+00:00
[2025-03-30T23:26:05.094+0000] {processor.py:208} INFO - Processing /home/airflow/.local/lib/python3.12/site-packages/airflow/example_dags/example_bash_operator.py took 0.189 seconds
[2025-03-30T23:26:37.115+0000] {processor.py:186} INFO - Started process (PID=646) to work on /home/airflow/.local/lib/python3.12/site-packages/airflow/example_dags/example_bash_operator.py
[2025-03-30T23:26:37.118+0000] {processor.py:914} INFO - Processing file /home/airflow/.local/lib/python3.12/site-packages/airflow/example_dags/example_bash_operator.py for tasks to queue
[2025-03-30T23:26:37.126+0000] {logging_mixin.py:190} INFO - [2025-03-30T23:26:37.125+0000] {dagbag.py:588} INFO - Filling up the DagBag from /home/airflow/.local/lib/python3.12/site-packages/airflow/example_dags/example_bash_operator.py
[2025-03-30T23:26:37.152+0000] {processor.py:925} INFO - DAG(s) 'example_bash_operator' retrieved from /home/airflow/.local/lib/python3.12/site-packages/airflow/example_dags/example_bash_operator.py
[2025-03-30T23:26:37.213+0000] {logging_mixin.py:190} INFO - [2025-03-30T23:26:37.212+0000] {dag.py:3239} INFO - Sync 1 DAGs
[2025-03-30T23:26:37.262+0000] {logging_mixin.py:190} INFO - [2025-03-30T23:26:37.261+0000] {dag.py:4180} INFO - Setting next_dagrun for example_bash_operator to 2025-03-29 00:00:00+00:00, run_after=2025-03-30 00:00:00+00:00
[2025-03-30T23:26:37.307+0000] {processor.py:208} INFO - Processing /home/airflow/.local/lib/python3.12/site-packages/airflow/example_dags/example_bash_operator.py took 0.205 seconds
[2025-03-30T23:27:09.202+0000] {processor.py:186} INFO - Started process (PID=710) to work on /home/airflow/.local/lib/python3.12/site-packages/airflow/example_dags/example_bash_operator.py
[2025-03-30T23:27:09.206+0000] {processor.py:914} INFO - Processing file /home/airflow/.local/lib/python3.12/site-packages/airflow/example_dags/example_bash_operator.py for tasks to queue
[2025-03-30T23:27:09.213+0000] {logging_mixin.py:190} INFO - [2025-03-30T23:27:09.212+0000] {dagbag.py:588} INFO - Filling up the DagBag from /home/airflow/.local/lib/python3.12/site-packages/airflow/example_dags/example_bash_operator.py
[2025-03-30T23:27:09.238+0000] {processor.py:925} INFO - DAG(s) 'example_bash_operator' retrieved from /home/airflow/.local/lib/python3.12/site-packages/airflow/example_dags/example_bash_operator.py
[2025-03-30T23:27:09.288+0000] {logging_mixin.py:190} INFO - [2025-03-30T23:27:09.288+0000] {dag.py:3239} INFO - Sync 1 DAGs
[2025-03-30T23:27:09.331+0000] {logging_mixin.py:190} INFO - [2025-03-30T23:27:09.331+0000] {dag.py:4180} INFO - Setting next_dagrun for example_bash_operator to 2025-03-29 00:00:00+00:00, run_after=2025-03-30 00:00:00+00:00
[2025-03-30T23:27:09.381+0000] {processor.py:208} INFO - Processing /home/airflow/.local/lib/python3.12/site-packages/airflow/example_dags/example_bash_operator.py took 0.191 seconds
[2025-03-30T23:27:40.345+0000] {processor.py:186} INFO - Started process (PID=774) to work on /home/airflow/.local/lib/python3.12/site-packages/airflow/example_dags/example_bash_operator.py
[2025-03-30T23:27:40.349+0000] {processor.py:914} INFO - Processing file /home/airflow/.local/lib/python3.12/site-packages/airflow/example_dags/example_bash_operator.py for tasks to queue
[2025-03-30T23:27:40.355+0000] {logging_mixin.py:190} INFO - [2025-03-30T23:27:40.354+0000] {dagbag.py:588} INFO - Filling up the DagBag from /home/airflow/.local/lib/python3.12/site-packages/airflow/example_dags/example_bash_operator.py
[2025-03-30T23:27:40.381+0000] {processor.py:925} INFO - DAG(s) 'example_bash_operator' retrieved from /home/airflow/.local/lib/python3.12/site-packages/airflow/example_dags/example_bash_operator.py
[2025-03-30T23:27:40.436+0000] {logging_mixin.py:190} INFO - [2025-03-30T23:27:40.436+0000] {dag.py:3239} INFO - Sync 1 DAGs
[2025-03-30T23:27:40.484+0000] {logging_mixin.py:190} INFO - [2025-03-30T23:27:40.483+0000] {dag.py:4180} INFO - Setting next_dagrun for example_bash_operator to 2025-03-29 00:00:00+00:00, run_after=2025-03-30 00:00:00+00:00
[2025-03-30T23:27:40.530+0000] {processor.py:208} INFO - Processing /home/airflow/.local/lib/python3.12/site-packages/airflow/example_dags/example_bash_operator.py took 0.196 seconds
[2025-03-30T23:28:12.352+0000] {processor.py:186} INFO - Started process (PID=838) to work on /home/airflow/.local/lib/python3.12/site-packages/airflow/example_dags/example_bash_operator.py
[2025-03-30T23:28:12.356+0000] {processor.py:914} INFO - Processing file /home/airflow/.local/lib/python3.12/site-packages/airflow/example_dags/example_bash_operator.py for tasks to queue
[2025-03-30T23:28:12.361+0000] {logging_mixin.py:190} INFO - [2025-03-30T23:28:12.360+0000] {dagbag.py:588} INFO - Filling up the DagBag from /home/airflow/.local/lib/python3.12/site-packages/airflow/example_dags/example_bash_operator.py
[2025-03-30T23:28:12.386+0000] {processor.py:925} INFO - DAG(s) 'example_bash_operator' retrieved from /home/airflow/.local/lib/python3.12/site-packages/airflow/example_dags/example_bash_operator.py
[2025-03-30T23:28:12.438+0000] {logging_mixin.py:190} INFO - [2025-03-30T23:28:12.437+0000] {dag.py:3239} INFO - Sync 1 DAGs
[2025-03-30T23:28:12.483+0000] {logging_mixin.py:190} INFO - [2025-03-30T23:28:12.483+0000] {dag.py:4180} INFO - Setting next_dagrun for example_bash_operator to 2025-03-29 00:00:00+00:00, run_after=2025-03-30 00:00:00+00:00
[2025-03-30T23:28:12.533+0000] {processor.py:208} INFO - Processing /home/airflow/.local/lib/python3.12/site-packages/airflow/example_dags/example_bash_operator.py took 0.192 seconds
[2025-03-30T23:28:43.955+0000] {processor.py:186} INFO - Started process (PID=902) to work on /home/airflow/.local/lib/python3.12/site-packages/airflow/example_dags/example_bash_operator.py
[2025-03-30T23:28:43.958+0000] {processor.py:914} INFO - Processing file /home/airflow/.local/lib/python3.12/site-packages/airflow/example_dags/example_bash_operator.py for tasks to queue
[2025-03-30T23:28:43.966+0000] {logging_mixin.py:190} INFO - [2025-03-30T23:28:43.964+0000] {dagbag.py:588} INFO - Filling up the DagBag from /home/airflow/.local/lib/python3.12/site-packages/airflow/example_dags/example_bash_operator.py
[2025-03-30T23:28:44.003+0000] {processor.py:925} INFO - DAG(s) 'example_bash_operator' retrieved from /home/airflow/.local/lib/python3.12/site-packages/airflow/example_dags/example_bash_operator.py
[2025-03-30T23:28:44.068+0000] {logging_mixin.py:190} INFO - [2025-03-30T23:28:44.067+0000] {dag.py:3239} INFO - Sync 1 DAGs
[2025-03-30T23:28:44.114+0000] {logging_mixin.py:190} INFO - [2025-03-30T23:28:44.113+0000] {dag.py:4180} INFO - Setting next_dagrun for example_bash_operator to 2025-03-29 00:00:00+00:00, run_after=2025-03-30 00:00:00+00:00
[2025-03-30T23:28:44.160+0000] {processor.py:208} INFO - Processing /home/airflow/.local/lib/python3.12/site-packages/airflow/example_dags/example_bash_operator.py took 0.222 seconds
[2025-03-30T23:29:15.234+0000] {processor.py:186} INFO - Started process (PID=966) to work on /home/airflow/.local/lib/python3.12/site-packages/airflow/example_dags/example_bash_operator.py
[2025-03-30T23:29:15.238+0000] {processor.py:914} INFO - Processing file /home/airflow/.local/lib/python3.12/site-packages/airflow/example_dags/example_bash_operator.py for tasks to queue
[2025-03-30T23:29:15.244+0000] {logging_mixin.py:190} INFO - [2025-03-30T23:29:15.244+0000] {dagbag.py:588} INFO - Filling up the DagBag from /home/airflow/.local/lib/python3.12/site-packages/airflow/example_dags/example_bash_operator.py
[2025-03-30T23:29:15.272+0000] {processor.py:925} INFO - DAG(s) 'example_bash_operator' retrieved from /home/airflow/.local/lib/python3.12/site-packages/airflow/example_dags/example_bash_operator.py
[2025-03-30T23:29:15.333+0000] {logging_mixin.py:190} INFO - [2025-03-30T23:29:15.332+0000] {dag.py:3239} INFO - Sync 1 DAGs
[2025-03-30T23:29:15.394+0000] {logging_mixin.py:190} INFO - [2025-03-30T23:29:15.393+0000] {dag.py:4180} INFO - Setting next_dagrun for example_bash_operator to 2025-03-29 00:00:00+00:00, run_after=2025-03-30 00:00:00+00:00
[2025-03-30T23:29:15.441+0000] {processor.py:208} INFO - Processing /home/airflow/.local/lib/python3.12/site-packages/airflow/example_dags/example_bash_operator.py took 0.222 seconds
[2025-03-30T23:29:47.039+0000] {processor.py:186} INFO - Started process (PID=1036) to work on /home/airflow/.local/lib/python3.12/site-packages/airflow/example_dags/example_bash_operator.py
[2025-03-30T23:29:47.042+0000] {processor.py:914} INFO - Processing file /home/airflow/.local/lib/python3.12/site-packages/airflow/example_dags/example_bash_operator.py for tasks to queue
[2025-03-30T23:29:47.047+0000] {logging_mixin.py:190} INFO - [2025-03-30T23:29:47.047+0000] {dagbag.py:588} INFO - Filling up the DagBag from /home/airflow/.local/lib/python3.12/site-packages/airflow/example_dags/example_bash_operator.py
[2025-03-30T23:29:47.073+0000] {processor.py:925} INFO - DAG(s) 'example_bash_operator' retrieved from /home/airflow/.local/lib/python3.12/site-packages/airflow/example_dags/example_bash_operator.py
[2025-03-30T23:29:47.122+0000] {logging_mixin.py:190} INFO - [2025-03-30T23:29:47.122+0000] {dag.py:3239} INFO - Sync 1 DAGs
[2025-03-30T23:29:47.166+0000] {logging_mixin.py:190} INFO - [2025-03-30T23:29:47.166+0000] {dag.py:4180} INFO - Setting next_dagrun for example_bash_operator to 2025-03-29 00:00:00+00:00, run_after=2025-03-30 00:00:00+00:00
[2025-03-30T23:29:47.214+0000] {processor.py:208} INFO - Processing /home/airflow/.local/lib/python3.12/site-packages/airflow/example_dags/example_bash_operator.py took 0.188 seconds
[2025-03-30T23:30:18.291+0000] {processor.py:186} INFO - Started process (PID=1100) to work on /home/airflow/.local/lib/python3.12/site-packages/airflow/example_dags/example_bash_operator.py
[2025-03-30T23:30:18.295+0000] {processor.py:914} INFO - Processing file /home/airflow/.local/lib/python3.12/site-packages/airflow/example_dags/example_bash_operator.py for tasks to queue
[2025-03-30T23:30:18.304+0000] {logging_mixin.py:190} INFO - [2025-03-30T23:30:18.304+0000] {dagbag.py:588} INFO - Filling up the DagBag from /home/airflow/.local/lib/python3.12/site-packages/airflow/example_dags/example_bash_operator.py
[2025-03-30T23:30:18.333+0000] {processor.py:925} INFO - DAG(s) 'example_bash_operator' retrieved from /home/airflow/.local/lib/python3.12/site-packages/airflow/example_dags/example_bash_operator.py
[2025-03-30T23:30:18.393+0000] {logging_mixin.py:190} INFO - [2025-03-30T23:30:18.393+0000] {dag.py:3239} INFO - Sync 1 DAGs
[2025-03-30T23:30:18.467+0000] {logging_mixin.py:190} INFO - [2025-03-30T23:30:18.466+0000] {dag.py:4180} INFO - Setting next_dagrun for example_bash_operator to 2025-03-29 00:00:00+00:00, run_after=2025-03-30 00:00:00+00:00
[2025-03-30T23:30:18.517+0000] {processor.py:208} INFO - Processing /home/airflow/.local/lib/python3.12/site-packages/airflow/example_dags/example_bash_operator.py took 0.238 seconds
[2025-03-30T23:30:49.672+0000] {processor.py:186} INFO - Started process (PID=1164) to work on /home/airflow/.local/lib/python3.12/site-packages/airflow/example_dags/example_bash_operator.py
[2025-03-30T23:30:49.675+0000] {processor.py:914} INFO - Processing file /home/airflow/.local/lib/python3.12/site-packages/airflow/example_dags/example_bash_operator.py for tasks to queue
[2025-03-30T23:30:49.681+0000] {logging_mixin.py:190} INFO - [2025-03-30T23:30:49.681+0000] {dagbag.py:588} INFO - Filling up the DagBag from /home/airflow/.local/lib/python3.12/site-packages/airflow/example_dags/example_bash_operator.py
[2025-03-30T23:30:49.714+0000] {processor.py:925} INFO - DAG(s) 'example_bash_operator' retrieved from /home/airflow/.local/lib/python3.12/site-packages/airflow/example_dags/example_bash_operator.py
[2025-03-30T23:30:49.774+0000] {logging_mixin.py:190} INFO - [2025-03-30T23:30:49.773+0000] {dag.py:3239} INFO - Sync 1 DAGs
[2025-03-30T23:30:49.823+0000] {logging_mixin.py:190} INFO - [2025-03-30T23:30:49.822+0000] {dag.py:4180} INFO - Setting next_dagrun for example_bash_operator to 2025-03-29 00:00:00+00:00, run_after=2025-03-30 00:00:00+00:00
[2025-03-30T23:30:49.867+0000] {processor.py:208} INFO - Processing /home/airflow/.local/lib/python3.12/site-packages/airflow/example_dags/example_bash_operator.py took 0.209 seconds
[2025-03-30T23:31:21.589+0000] {processor.py:186} INFO - Started process (PID=1228) to work on /home/airflow/.local/lib/python3.12/site-packages/airflow/example_dags/example_bash_operator.py
[2025-03-30T23:31:21.592+0000] {processor.py:914} INFO - Processing file /home/airflow/.local/lib/python3.12/site-packages/airflow/example_dags/example_bash_operator.py for tasks to queue
[2025-03-30T23:31:21.597+0000] {logging_mixin.py:190} INFO - [2025-03-30T23:31:21.597+0000] {dagbag.py:588} INFO - Filling up the DagBag from /home/airflow/.local/lib/python3.12/site-packages/airflow/example_dags/example_bash_operator.py
[2025-03-30T23:31:21.621+0000] {processor.py:925} INFO - DAG(s) 'example_bash_operator' retrieved from /home/airflow/.local/lib/python3.12/site-packages/airflow/example_dags/example_bash_operator.py
[2025-03-30T23:31:21.674+0000] {logging_mixin.py:190} INFO - [2025-03-30T23:31:21.673+0000] {dag.py:3239} INFO - Sync 1 DAGs
[2025-03-30T23:31:21.718+0000] {logging_mixin.py:190} INFO - [2025-03-30T23:31:21.718+0000] {dag.py:4180} INFO - Setting next_dagrun for example_bash_operator to 2025-03-29 00:00:00+00:00, run_after=2025-03-30 00:00:00+00:00
[2025-03-30T23:31:21.755+0000] {processor.py:208} INFO - Processing /home/airflow/.local/lib/python3.12/site-packages/airflow/example_dags/example_bash_operator.py took 0.176 seconds
[2025-03-30T23:31:52.965+0000] {processor.py:186} INFO - Started process (PID=1292) to work on /home/airflow/.local/lib/python3.12/site-packages/airflow/example_dags/example_bash_operator.py
[2025-03-30T23:31:52.968+0000] {processor.py:914} INFO - Processing file /home/airflow/.local/lib/python3.12/site-packages/airflow/example_dags/example_bash_operator.py for tasks to queue
[2025-03-30T23:31:52.975+0000] {logging_mixin.py:190} INFO - [2025-03-30T23:31:52.974+0000] {dagbag.py:588} INFO - Filling up the DagBag from /home/airflow/.local/lib/python3.12/site-packages/airflow/example_dags/example_bash_operator.py
[2025-03-30T23:31:52.999+0000] {processor.py:925} INFO - DAG(s) 'example_bash_operator' retrieved from /home/airflow/.local/lib/python3.12/site-packages/airflow/example_dags/example_bash_operator.py
[2025-03-30T23:31:53.048+0000] {logging_mixin.py:190} INFO - [2025-03-30T23:31:53.048+0000] {dag.py:3239} INFO - Sync 1 DAGs
[2025-03-30T23:31:53.093+0000] {logging_mixin.py:190} INFO - [2025-03-30T23:31:53.093+0000] {dag.py:4180} INFO - Setting next_dagrun for example_bash_operator to 2025-03-29 00:00:00+00:00, run_after=2025-03-30 00:00:00+00:00
[2025-03-30T23:31:53.141+0000] {processor.py:208} INFO - Processing /home/airflow/.local/lib/python3.12/site-packages/airflow/example_dags/example_bash_operator.py took 0.187 seconds
[2025-03-30T23:32:24.879+0000] {processor.py:186} INFO - Started process (PID=1356) to work on /home/airflow/.local/lib/python3.12/site-packages/airflow/example_dags/example_bash_operator.py
[2025-03-30T23:32:24.882+0000] {processor.py:914} INFO - Processing file /home/airflow/.local/lib/python3.12/site-packages/airflow/example_dags/example_bash_operator.py for tasks to queue
[2025-03-30T23:32:24.888+0000] {logging_mixin.py:190} INFO - [2025-03-30T23:32:24.888+0000] {dagbag.py:588} INFO - Filling up the DagBag from /home/airflow/.local/lib/python3.12/site-packages/airflow/example_dags/example_bash_operator.py
[2025-03-30T23:32:24.915+0000] {processor.py:925} INFO - DAG(s) 'example_bash_operator' retrieved from /home/airflow/.local/lib/python3.12/site-packages/airflow/example_dags/example_bash_operator.py
[2025-03-30T23:32:24.969+0000] {logging_mixin.py:190} INFO - [2025-03-30T23:32:24.969+0000] {dag.py:3239} INFO - Sync 1 DAGs
[2025-03-30T23:32:25.014+0000] {logging_mixin.py:190} INFO - [2025-03-30T23:32:25.013+0000] {dag.py:4180} INFO - Setting next_dagrun for example_bash_operator to 2025-03-29 00:00:00+00:00, run_after=2025-03-30 00:00:00+00:00
[2025-03-30T23:32:25.055+0000] {processor.py:208} INFO - Processing /home/airflow/.local/lib/python3.12/site-packages/airflow/example_dags/example_bash_operator.py took 0.189 seconds
[2025-03-30T23:32:56.850+0000] {processor.py:186} INFO - Started process (PID=1420) to work on /home/airflow/.local/lib/python3.12/site-packages/airflow/example_dags/example_bash_operator.py
[2025-03-30T23:32:56.853+0000] {processor.py:914} INFO - Processing file /home/airflow/.local/lib/python3.12/site-packages/airflow/example_dags/example_bash_operator.py for tasks to queue
[2025-03-30T23:32:56.860+0000] {logging_mixin.py:190} INFO - [2025-03-30T23:32:56.859+0000] {dagbag.py:588} INFO - Filling up the DagBag from /home/airflow/.local/lib/python3.12/site-packages/airflow/example_dags/example_bash_operator.py
[2025-03-30T23:32:56.886+0000] {processor.py:925} INFO - DAG(s) 'example_bash_operator' retrieved from /home/airflow/.local/lib/python3.12/site-packages/airflow/example_dags/example_bash_operator.py
[2025-03-30T23:32:56.937+0000] {logging_mixin.py:190} INFO - [2025-03-30T23:32:56.936+0000] {dag.py:3239} INFO - Sync 1 DAGs
[2025-03-30T23:32:56.982+0000] {logging_mixin.py:190} INFO - [2025-03-30T23:32:56.981+0000] {dag.py:4180} INFO - Setting next_dagrun for example_bash_operator to 2025-03-29 00:00:00+00:00, run_after=2025-03-30 00:00:00+00:00
[2025-03-30T23:32:57.023+0000] {processor.py:208} INFO - Processing /home/airflow/.local/lib/python3.12/site-packages/airflow/example_dags/example_bash_operator.py took 0.185 seconds
[2025-03-30T23:33:28.407+0000] {processor.py:186} INFO - Started process (PID=1484) to work on /home/airflow/.local/lib/python3.12/site-packages/airflow/example_dags/example_bash_operator.py
[2025-03-30T23:33:28.411+0000] {processor.py:914} INFO - Processing file /home/airflow/.local/lib/python3.12/site-packages/airflow/example_dags/example_bash_operator.py for tasks to queue
[2025-03-30T23:33:28.420+0000] {logging_mixin.py:190} INFO - [2025-03-30T23:33:28.419+0000] {dagbag.py:588} INFO - Filling up the DagBag from /home/airflow/.local/lib/python3.12/site-packages/airflow/example_dags/example_bash_operator.py
[2025-03-30T23:33:28.453+0000] {processor.py:925} INFO - DAG(s) 'example_bash_operator' retrieved from /home/airflow/.local/lib/python3.12/site-packages/airflow/example_dags/example_bash_operator.py
[2025-03-30T23:33:28.506+0000] {logging_mixin.py:190} INFO - [2025-03-30T23:33:28.506+0000] {dag.py:3239} INFO - Sync 1 DAGs
[2025-03-30T23:33:28.554+0000] {logging_mixin.py:190} INFO - [2025-03-30T23:33:28.554+0000] {dag.py:4180} INFO - Setting next_dagrun for example_bash_operator to 2025-03-29 00:00:00+00:00, run_after=2025-03-30 00:00:00+00:00
[2025-03-30T23:33:28.609+0000] {processor.py:208} INFO - Processing /home/airflow/.local/lib/python3.12/site-packages/airflow/example_dags/example_bash_operator.py took 0.213 seconds
[2025-03-30T23:53:00.020+0000] {processor.py:186} INFO - Started process (PID=1575) to work on /home/airflow/.local/lib/python3.12/site-packages/airflow/example_dags/example_bash_operator.py
[2025-03-30T23:53:00.021+0000] {processor.py:914} INFO - Processing file /home/airflow/.local/lib/python3.12/site-packages/airflow/example_dags/example_bash_operator.py for tasks to queue
[2025-03-30T23:53:00.024+0000] {logging_mixin.py:190} INFO - [2025-03-30T23:53:00.024+0000] {dagbag.py:588} INFO - Filling up the DagBag from /home/airflow/.local/lib/python3.12/site-packages/airflow/example_dags/example_bash_operator.py
[2025-03-30T23:53:00.036+0000] {processor.py:925} INFO - DAG(s) 'example_bash_operator' retrieved from /home/airflow/.local/lib/python3.12/site-packages/airflow/example_dags/example_bash_operator.py
[2025-03-30T23:53:00.067+0000] {logging_mixin.py:190} INFO - [2025-03-30T23:53:00.067+0000] {dag.py:3239} INFO - Sync 1 DAGs
[2025-03-30T23:53:00.091+0000] {logging_mixin.py:190} INFO - [2025-03-30T23:53:00.091+0000] {dag.py:4180} INFO - Setting next_dagrun for example_bash_operator to 2025-03-29 00:00:00+00:00, run_after=2025-03-30 00:00:00+00:00
[2025-03-30T23:53:00.116+0000] {processor.py:208} INFO - Processing /home/airflow/.local/lib/python3.12/site-packages/airflow/example_dags/example_bash_operator.py took 0.101 seconds
