[2025-03-30T23:20:39.292+0000] {processor.py:186} INFO - Started process (PID=89) to work on /home/airflow/.local/lib/python3.12/site-packages/airflow/example_dags/example_sensors.py
[2025-03-30T23:20:39.295+0000] {processor.py:914} INFO - Processing file /home/airflow/.local/lib/python3.12/site-packages/airflow/example_dags/example_sensors.py for tasks to queue
[2025-03-30T23:20:39.301+0000] {logging_mixin.py:190} INFO - [2025-03-30T23:20:39.301+0000] {dagbag.py:588} INFO - Filling up the DagBag from /home/airflow/.local/lib/python3.12/site-packages/airflow/example_dags/example_sensors.py
[2025-03-30T23:20:39.332+0000] {processor.py:925} INFO - DAG(s) 'example_sensors' retrieved from /home/airflow/.local/lib/python3.12/site-packages/airflow/example_dags/example_sensors.py
[2025-03-30T23:20:39.409+0000] {logging_mixin.py:190} INFO - [2025-03-30T23:20:39.408+0000] {dag.py:3239} INFO - Sync 1 DAGs
[2025-03-30T23:20:39.442+0000] {logging_mixin.py:190} INFO - [2025-03-30T23:20:39.442+0000] {dag.py:4180} INFO - Setting next_dagrun for example_sensors to None, run_after=None
[2025-03-30T23:20:39.501+0000] {processor.py:208} INFO - Processing /home/airflow/.local/lib/python3.12/site-packages/airflow/example_dags/example_sensors.py took 0.224 seconds
[2025-03-30T23:21:58.628+0000] {processor.py:186} INFO - Started process (PID=90) to work on /home/airflow/.local/lib/python3.12/site-packages/airflow/example_dags/example_sensors.py
[2025-03-30T23:21:58.632+0000] {processor.py:914} INFO - Processing file /home/airflow/.local/lib/python3.12/site-packages/airflow/example_dags/example_sensors.py for tasks to queue
[2025-03-30T23:21:58.641+0000] {logging_mixin.py:190} INFO - [2025-03-30T23:21:58.640+0000] {dagbag.py:588} INFO - Filling up the DagBag from /home/airflow/.local/lib/python3.12/site-packages/airflow/example_dags/example_sensors.py
[2025-03-30T23:21:58.670+0000] {processor.py:925} INFO - DAG(s) 'example_sensors' retrieved from /home/airflow/.local/lib/python3.12/site-packages/airflow/example_dags/example_sensors.py
[2025-03-30T23:21:58.722+0000] {logging_mixin.py:190} INFO - [2025-03-30T23:21:58.722+0000] {dag.py:3239} INFO - Sync 1 DAGs
[2025-03-30T23:21:58.753+0000] {logging_mixin.py:190} INFO - [2025-03-30T23:21:58.753+0000] {dag.py:4180} INFO - Setting next_dagrun for example_sensors to None, run_after=None
[2025-03-30T23:21:58.798+0000] {processor.py:208} INFO - Processing /home/airflow/.local/lib/python3.12/site-packages/airflow/example_dags/example_sensors.py took 0.183 seconds
[2025-03-30T23:22:29.821+0000] {processor.py:186} INFO - Started process (PID=154) to work on /home/airflow/.local/lib/python3.12/site-packages/airflow/example_dags/example_sensors.py
[2025-03-30T23:22:29.825+0000] {processor.py:914} INFO - Processing file /home/airflow/.local/lib/python3.12/site-packages/airflow/example_dags/example_sensors.py for tasks to queue
[2025-03-30T23:22:29.832+0000] {logging_mixin.py:190} INFO - [2025-03-30T23:22:29.831+0000] {dagbag.py:588} INFO - Filling up the DagBag from /home/airflow/.local/lib/python3.12/site-packages/airflow/example_dags/example_sensors.py
[2025-03-30T23:22:29.854+0000] {processor.py:925} INFO - DAG(s) 'example_sensors' retrieved from /home/airflow/.local/lib/python3.12/site-packages/airflow/example_dags/example_sensors.py
[2025-03-30T23:22:29.905+0000] {logging_mixin.py:190} INFO - [2025-03-30T23:22:29.905+0000] {dag.py:3239} INFO - Sync 1 DAGs
[2025-03-30T23:22:29.932+0000] {logging_mixin.py:190} INFO - [2025-03-30T23:22:29.931+0000] {dag.py:4180} INFO - Setting next_dagrun for example_sensors to None, run_after=None
[2025-03-30T23:22:29.981+0000] {processor.py:208} INFO - Processing /home/airflow/.local/lib/python3.12/site-packages/airflow/example_dags/example_sensors.py took 0.173 seconds
[2025-03-30T23:23:00.754+0000] {processor.py:186} INFO - Started process (PID=218) to work on /home/airflow/.local/lib/python3.12/site-packages/airflow/example_dags/example_sensors.py
[2025-03-30T23:23:00.757+0000] {processor.py:914} INFO - Processing file /home/airflow/.local/lib/python3.12/site-packages/airflow/example_dags/example_sensors.py for tasks to queue
[2025-03-30T23:23:00.763+0000] {logging_mixin.py:190} INFO - [2025-03-30T23:23:00.762+0000] {dagbag.py:588} INFO - Filling up the DagBag from /home/airflow/.local/lib/python3.12/site-packages/airflow/example_dags/example_sensors.py
[2025-03-30T23:23:00.792+0000] {processor.py:925} INFO - DAG(s) 'example_sensors' retrieved from /home/airflow/.local/lib/python3.12/site-packages/airflow/example_dags/example_sensors.py
[2025-03-30T23:23:00.837+0000] {logging_mixin.py:190} INFO - [2025-03-30T23:23:00.837+0000] {dag.py:3239} INFO - Sync 1 DAGs
[2025-03-30T23:23:00.865+0000] {logging_mixin.py:190} INFO - [2025-03-30T23:23:00.865+0000] {dag.py:4180} INFO - Setting next_dagrun for example_sensors to None, run_after=None
[2025-03-30T23:23:00.907+0000] {processor.py:208} INFO - Processing /home/airflow/.local/lib/python3.12/site-packages/airflow/example_dags/example_sensors.py took 0.164 seconds
[2025-03-30T23:23:32.287+0000] {processor.py:186} INFO - Started process (PID=286) to work on /home/airflow/.local/lib/python3.12/site-packages/airflow/example_dags/example_sensors.py
[2025-03-30T23:23:32.291+0000] {processor.py:914} INFO - Processing file /home/airflow/.local/lib/python3.12/site-packages/airflow/example_dags/example_sensors.py for tasks to queue
[2025-03-30T23:23:32.298+0000] {logging_mixin.py:190} INFO - [2025-03-30T23:23:32.297+0000] {dagbag.py:588} INFO - Filling up the DagBag from /home/airflow/.local/lib/python3.12/site-packages/airflow/example_dags/example_sensors.py
[2025-03-30T23:23:32.323+0000] {processor.py:925} INFO - DAG(s) 'example_sensors' retrieved from /home/airflow/.local/lib/python3.12/site-packages/airflow/example_dags/example_sensors.py
[2025-03-30T23:23:32.379+0000] {logging_mixin.py:190} INFO - [2025-03-30T23:23:32.379+0000] {dag.py:3239} INFO - Sync 1 DAGs
[2025-03-30T23:23:32.417+0000] {logging_mixin.py:190} INFO - [2025-03-30T23:23:32.416+0000] {dag.py:4180} INFO - Setting next_dagrun for example_sensors to None, run_after=None
[2025-03-30T23:23:32.458+0000] {processor.py:208} INFO - Processing /home/airflow/.local/lib/python3.12/site-packages/airflow/example_dags/example_sensors.py took 0.187 seconds
[2025-03-30T23:24:03.760+0000] {processor.py:186} INFO - Started process (PID=350) to work on /home/airflow/.local/lib/python3.12/site-packages/airflow/example_dags/example_sensors.py
[2025-03-30T23:24:03.764+0000] {processor.py:914} INFO - Processing file /home/airflow/.local/lib/python3.12/site-packages/airflow/example_dags/example_sensors.py for tasks to queue
[2025-03-30T23:24:03.770+0000] {logging_mixin.py:190} INFO - [2025-03-30T23:24:03.769+0000] {dagbag.py:588} INFO - Filling up the DagBag from /home/airflow/.local/lib/python3.12/site-packages/airflow/example_dags/example_sensors.py
[2025-03-30T23:24:03.791+0000] {processor.py:925} INFO - DAG(s) 'example_sensors' retrieved from /home/airflow/.local/lib/python3.12/site-packages/airflow/example_dags/example_sensors.py
[2025-03-30T23:24:03.844+0000] {logging_mixin.py:190} INFO - [2025-03-30T23:24:03.843+0000] {dag.py:3239} INFO - Sync 1 DAGs
[2025-03-30T23:24:03.872+0000] {logging_mixin.py:190} INFO - [2025-03-30T23:24:03.871+0000] {dag.py:4180} INFO - Setting next_dagrun for example_sensors to None, run_after=None
[2025-03-30T23:24:03.922+0000] {processor.py:208} INFO - Processing /home/airflow/.local/lib/python3.12/site-packages/airflow/example_dags/example_sensors.py took 0.173 seconds
[2025-03-30T23:24:35.526+0000] {processor.py:186} INFO - Started process (PID=414) to work on /home/airflow/.local/lib/python3.12/site-packages/airflow/example_dags/example_sensors.py
[2025-03-30T23:24:35.529+0000] {processor.py:914} INFO - Processing file /home/airflow/.local/lib/python3.12/site-packages/airflow/example_dags/example_sensors.py for tasks to queue
[2025-03-30T23:24:35.535+0000] {logging_mixin.py:190} INFO - [2025-03-30T23:24:35.535+0000] {dagbag.py:588} INFO - Filling up the DagBag from /home/airflow/.local/lib/python3.12/site-packages/airflow/example_dags/example_sensors.py
[2025-03-30T23:24:35.560+0000] {processor.py:925} INFO - DAG(s) 'example_sensors' retrieved from /home/airflow/.local/lib/python3.12/site-packages/airflow/example_dags/example_sensors.py
[2025-03-30T23:24:35.622+0000] {logging_mixin.py:190} INFO - [2025-03-30T23:24:35.621+0000] {dag.py:3239} INFO - Sync 1 DAGs
[2025-03-30T23:24:35.651+0000] {logging_mixin.py:190} INFO - [2025-03-30T23:24:35.650+0000] {dag.py:4180} INFO - Setting next_dagrun for example_sensors to None, run_after=None
[2025-03-30T23:24:35.697+0000] {processor.py:208} INFO - Processing /home/airflow/.local/lib/python3.12/site-packages/airflow/example_dags/example_sensors.py took 0.184 seconds
[2025-03-30T23:25:06.370+0000] {processor.py:186} INFO - Started process (PID=478) to work on /home/airflow/.local/lib/python3.12/site-packages/airflow/example_dags/example_sensors.py
[2025-03-30T23:25:06.373+0000] {processor.py:914} INFO - Processing file /home/airflow/.local/lib/python3.12/site-packages/airflow/example_dags/example_sensors.py for tasks to queue
[2025-03-30T23:25:06.378+0000] {logging_mixin.py:190} INFO - [2025-03-30T23:25:06.377+0000] {dagbag.py:588} INFO - Filling up the DagBag from /home/airflow/.local/lib/python3.12/site-packages/airflow/example_dags/example_sensors.py
[2025-03-30T23:25:06.398+0000] {processor.py:925} INFO - DAG(s) 'example_sensors' retrieved from /home/airflow/.local/lib/python3.12/site-packages/airflow/example_dags/example_sensors.py
[2025-03-30T23:25:06.444+0000] {logging_mixin.py:190} INFO - [2025-03-30T23:25:06.443+0000] {dag.py:3239} INFO - Sync 1 DAGs
[2025-03-30T23:25:06.470+0000] {logging_mixin.py:190} INFO - [2025-03-30T23:25:06.469+0000] {dag.py:4180} INFO - Setting next_dagrun for example_sensors to None, run_after=None
[2025-03-30T23:25:06.506+0000] {processor.py:208} INFO - Processing /home/airflow/.local/lib/python3.12/site-packages/airflow/example_dags/example_sensors.py took 0.150 seconds
[2025-03-30T23:25:38.196+0000] {processor.py:186} INFO - Started process (PID=542) to work on /home/airflow/.local/lib/python3.12/site-packages/airflow/example_dags/example_sensors.py
[2025-03-30T23:25:38.199+0000] {processor.py:914} INFO - Processing file /home/airflow/.local/lib/python3.12/site-packages/airflow/example_dags/example_sensors.py for tasks to queue
[2025-03-30T23:25:38.205+0000] {logging_mixin.py:190} INFO - [2025-03-30T23:25:38.204+0000] {dagbag.py:588} INFO - Filling up the DagBag from /home/airflow/.local/lib/python3.12/site-packages/airflow/example_dags/example_sensors.py
[2025-03-30T23:25:38.228+0000] {processor.py:925} INFO - DAG(s) 'example_sensors' retrieved from /home/airflow/.local/lib/python3.12/site-packages/airflow/example_dags/example_sensors.py
[2025-03-30T23:25:38.296+0000] {logging_mixin.py:190} INFO - [2025-03-30T23:25:38.295+0000] {dag.py:3239} INFO - Sync 1 DAGs
[2025-03-30T23:25:38.319+0000] {logging_mixin.py:190} INFO - [2025-03-30T23:25:38.318+0000] {dag.py:4180} INFO - Setting next_dagrun for example_sensors to None, run_after=None
[2025-03-30T23:25:38.374+0000] {processor.py:208} INFO - Processing /home/airflow/.local/lib/python3.12/site-packages/airflow/example_dags/example_sensors.py took 0.189 seconds
[2025-03-30T23:26:08.818+0000] {processor.py:186} INFO - Started process (PID=605) to work on /home/airflow/.local/lib/python3.12/site-packages/airflow/example_dags/example_sensors.py
[2025-03-30T23:26:08.822+0000] {processor.py:914} INFO - Processing file /home/airflow/.local/lib/python3.12/site-packages/airflow/example_dags/example_sensors.py for tasks to queue
[2025-03-30T23:26:08.828+0000] {logging_mixin.py:190} INFO - [2025-03-30T23:26:08.827+0000] {dagbag.py:588} INFO - Filling up the DagBag from /home/airflow/.local/lib/python3.12/site-packages/airflow/example_dags/example_sensors.py
[2025-03-30T23:26:08.861+0000] {processor.py:925} INFO - DAG(s) 'example_sensors' retrieved from /home/airflow/.local/lib/python3.12/site-packages/airflow/example_dags/example_sensors.py
[2025-03-30T23:26:08.914+0000] {logging_mixin.py:190} INFO - [2025-03-30T23:26:08.913+0000] {dag.py:3239} INFO - Sync 1 DAGs
[2025-03-30T23:26:08.941+0000] {logging_mixin.py:190} INFO - [2025-03-30T23:26:08.941+0000] {dag.py:4180} INFO - Setting next_dagrun for example_sensors to None, run_after=None
[2025-03-30T23:26:09.001+0000] {processor.py:208} INFO - Processing /home/airflow/.local/lib/python3.12/site-packages/airflow/example_dags/example_sensors.py took 0.195 seconds
[2025-03-30T23:26:41.182+0000] {processor.py:186} INFO - Started process (PID=669) to work on /home/airflow/.local/lib/python3.12/site-packages/airflow/example_dags/example_sensors.py
[2025-03-30T23:26:41.186+0000] {processor.py:914} INFO - Processing file /home/airflow/.local/lib/python3.12/site-packages/airflow/example_dags/example_sensors.py for tasks to queue
[2025-03-30T23:26:41.195+0000] {logging_mixin.py:190} INFO - [2025-03-30T23:26:41.194+0000] {dagbag.py:588} INFO - Filling up the DagBag from /home/airflow/.local/lib/python3.12/site-packages/airflow/example_dags/example_sensors.py
[2025-03-30T23:26:41.222+0000] {processor.py:925} INFO - DAG(s) 'example_sensors' retrieved from /home/airflow/.local/lib/python3.12/site-packages/airflow/example_dags/example_sensors.py
[2025-03-30T23:26:41.274+0000] {logging_mixin.py:190} INFO - [2025-03-30T23:26:41.273+0000] {dag.py:3239} INFO - Sync 1 DAGs
[2025-03-30T23:26:41.304+0000] {logging_mixin.py:190} INFO - [2025-03-30T23:26:41.304+0000] {dag.py:4180} INFO - Setting next_dagrun for example_sensors to None, run_after=None
[2025-03-30T23:26:41.358+0000] {processor.py:208} INFO - Processing /home/airflow/.local/lib/python3.12/site-packages/airflow/example_dags/example_sensors.py took 0.187 seconds
[2025-03-30T23:27:13.691+0000] {processor.py:186} INFO - Started process (PID=734) to work on /home/airflow/.local/lib/python3.12/site-packages/airflow/example_dags/example_sensors.py
[2025-03-30T23:27:13.694+0000] {processor.py:914} INFO - Processing file /home/airflow/.local/lib/python3.12/site-packages/airflow/example_dags/example_sensors.py for tasks to queue
[2025-03-30T23:27:13.701+0000] {logging_mixin.py:190} INFO - [2025-03-30T23:27:13.700+0000] {dagbag.py:588} INFO - Filling up the DagBag from /home/airflow/.local/lib/python3.12/site-packages/airflow/example_dags/example_sensors.py
[2025-03-30T23:27:13.734+0000] {processor.py:925} INFO - DAG(s) 'example_sensors' retrieved from /home/airflow/.local/lib/python3.12/site-packages/airflow/example_dags/example_sensors.py
[2025-03-30T23:27:13.795+0000] {logging_mixin.py:190} INFO - [2025-03-30T23:27:13.794+0000] {dag.py:3239} INFO - Sync 1 DAGs
[2025-03-30T23:27:13.819+0000] {logging_mixin.py:190} INFO - [2025-03-30T23:27:13.819+0000] {dag.py:4180} INFO - Setting next_dagrun for example_sensors to None, run_after=None
[2025-03-30T23:27:13.884+0000] {processor.py:208} INFO - Processing /home/airflow/.local/lib/python3.12/site-packages/airflow/example_dags/example_sensors.py took 0.204 seconds
[2025-03-30T23:27:45.598+0000] {processor.py:186} INFO - Started process (PID=804) to work on /home/airflow/.local/lib/python3.12/site-packages/airflow/example_dags/example_sensors.py
[2025-03-30T23:27:45.601+0000] {processor.py:914} INFO - Processing file /home/airflow/.local/lib/python3.12/site-packages/airflow/example_dags/example_sensors.py for tasks to queue
[2025-03-30T23:27:45.607+0000] {logging_mixin.py:190} INFO - [2025-03-30T23:27:45.606+0000] {dagbag.py:588} INFO - Filling up the DagBag from /home/airflow/.local/lib/python3.12/site-packages/airflow/example_dags/example_sensors.py
[2025-03-30T23:27:45.626+0000] {processor.py:925} INFO - DAG(s) 'example_sensors' retrieved from /home/airflow/.local/lib/python3.12/site-packages/airflow/example_dags/example_sensors.py
[2025-03-30T23:27:45.673+0000] {logging_mixin.py:190} INFO - [2025-03-30T23:27:45.673+0000] {dag.py:3239} INFO - Sync 1 DAGs
[2025-03-30T23:27:45.699+0000] {logging_mixin.py:190} INFO - [2025-03-30T23:27:45.699+0000] {dag.py:4180} INFO - Setting next_dagrun for example_sensors to None, run_after=None
[2025-03-30T23:27:45.743+0000] {processor.py:208} INFO - Processing /home/airflow/.local/lib/python3.12/site-packages/airflow/example_dags/example_sensors.py took 0.157 seconds
[2025-03-30T23:28:16.767+0000] {processor.py:186} INFO - Started process (PID=867) to work on /home/airflow/.local/lib/python3.12/site-packages/airflow/example_dags/example_sensors.py
[2025-03-30T23:28:16.772+0000] {processor.py:914} INFO - Processing file /home/airflow/.local/lib/python3.12/site-packages/airflow/example_dags/example_sensors.py for tasks to queue
[2025-03-30T23:28:16.780+0000] {logging_mixin.py:190} INFO - [2025-03-30T23:28:16.779+0000] {dagbag.py:588} INFO - Filling up the DagBag from /home/airflow/.local/lib/python3.12/site-packages/airflow/example_dags/example_sensors.py
[2025-03-30T23:28:16.804+0000] {processor.py:925} INFO - DAG(s) 'example_sensors' retrieved from /home/airflow/.local/lib/python3.12/site-packages/airflow/example_dags/example_sensors.py
[2025-03-30T23:28:16.863+0000] {logging_mixin.py:190} INFO - [2025-03-30T23:28:16.863+0000] {dag.py:3239} INFO - Sync 1 DAGs
[2025-03-30T23:28:16.896+0000] {logging_mixin.py:190} INFO - [2025-03-30T23:28:16.895+0000] {dag.py:4180} INFO - Setting next_dagrun for example_sensors to None, run_after=None
[2025-03-30T23:28:16.942+0000] {processor.py:208} INFO - Processing /home/airflow/.local/lib/python3.12/site-packages/airflow/example_dags/example_sensors.py took 0.188 seconds
[2025-03-30T23:28:48.756+0000] {processor.py:186} INFO - Started process (PID=932) to work on /home/airflow/.local/lib/python3.12/site-packages/airflow/example_dags/example_sensors.py
[2025-03-30T23:28:48.760+0000] {processor.py:914} INFO - Processing file /home/airflow/.local/lib/python3.12/site-packages/airflow/example_dags/example_sensors.py for tasks to queue
[2025-03-30T23:28:48.766+0000] {logging_mixin.py:190} INFO - [2025-03-30T23:28:48.766+0000] {dagbag.py:588} INFO - Filling up the DagBag from /home/airflow/.local/lib/python3.12/site-packages/airflow/example_dags/example_sensors.py
[2025-03-30T23:28:48.788+0000] {processor.py:925} INFO - DAG(s) 'example_sensors' retrieved from /home/airflow/.local/lib/python3.12/site-packages/airflow/example_dags/example_sensors.py
[2025-03-30T23:28:48.848+0000] {logging_mixin.py:190} INFO - [2025-03-30T23:28:48.847+0000] {dag.py:3239} INFO - Sync 1 DAGs
[2025-03-30T23:28:48.873+0000] {logging_mixin.py:190} INFO - [2025-03-30T23:28:48.873+0000] {dag.py:4180} INFO - Setting next_dagrun for example_sensors to None, run_after=None
[2025-03-30T23:28:48.922+0000] {processor.py:208} INFO - Processing /home/airflow/.local/lib/python3.12/site-packages/airflow/example_dags/example_sensors.py took 0.178 seconds
[2025-03-30T23:29:19.849+0000] {processor.py:186} INFO - Started process (PID=995) to work on /home/airflow/.local/lib/python3.12/site-packages/airflow/example_dags/example_sensors.py
[2025-03-30T23:29:19.853+0000] {processor.py:914} INFO - Processing file /home/airflow/.local/lib/python3.12/site-packages/airflow/example_dags/example_sensors.py for tasks to queue
[2025-03-30T23:29:19.861+0000] {logging_mixin.py:190} INFO - [2025-03-30T23:29:19.860+0000] {dagbag.py:588} INFO - Filling up the DagBag from /home/airflow/.local/lib/python3.12/site-packages/airflow/example_dags/example_sensors.py
[2025-03-30T23:29:19.884+0000] {processor.py:925} INFO - DAG(s) 'example_sensors' retrieved from /home/airflow/.local/lib/python3.12/site-packages/airflow/example_dags/example_sensors.py
[2025-03-30T23:29:19.954+0000] {logging_mixin.py:190} INFO - [2025-03-30T23:29:19.953+0000] {dag.py:3239} INFO - Sync 1 DAGs
[2025-03-30T23:29:19.994+0000] {logging_mixin.py:190} INFO - [2025-03-30T23:29:19.993+0000] {dag.py:4180} INFO - Setting next_dagrun for example_sensors to None, run_after=None
[2025-03-30T23:29:20.049+0000] {processor.py:208} INFO - Processing /home/airflow/.local/lib/python3.12/site-packages/airflow/example_dags/example_sensors.py took 0.212 seconds
[2025-03-30T23:29:51.480+0000] {processor.py:186} INFO - Started process (PID=1059) to work on /home/airflow/.local/lib/python3.12/site-packages/airflow/example_dags/example_sensors.py
[2025-03-30T23:29:51.483+0000] {processor.py:914} INFO - Processing file /home/airflow/.local/lib/python3.12/site-packages/airflow/example_dags/example_sensors.py for tasks to queue
[2025-03-30T23:29:51.492+0000] {logging_mixin.py:190} INFO - [2025-03-30T23:29:51.491+0000] {dagbag.py:588} INFO - Filling up the DagBag from /home/airflow/.local/lib/python3.12/site-packages/airflow/example_dags/example_sensors.py
[2025-03-30T23:29:51.518+0000] {processor.py:925} INFO - DAG(s) 'example_sensors' retrieved from /home/airflow/.local/lib/python3.12/site-packages/airflow/example_dags/example_sensors.py
[2025-03-30T23:29:51.582+0000] {logging_mixin.py:190} INFO - [2025-03-30T23:29:51.582+0000] {dag.py:3239} INFO - Sync 1 DAGs
[2025-03-30T23:29:51.609+0000] {logging_mixin.py:190} INFO - [2025-03-30T23:29:51.609+0000] {dag.py:4180} INFO - Setting next_dagrun for example_sensors to None, run_after=None
[2025-03-30T23:29:51.667+0000] {processor.py:208} INFO - Processing /home/airflow/.local/lib/python3.12/site-packages/airflow/example_dags/example_sensors.py took 0.198 seconds
[2025-03-30T23:30:22.329+0000] {processor.py:186} INFO - Started process (PID=1123) to work on /home/airflow/.local/lib/python3.12/site-packages/airflow/example_dags/example_sensors.py
[2025-03-30T23:30:22.332+0000] {processor.py:914} INFO - Processing file /home/airflow/.local/lib/python3.12/site-packages/airflow/example_dags/example_sensors.py for tasks to queue
[2025-03-30T23:30:22.338+0000] {logging_mixin.py:190} INFO - [2025-03-30T23:30:22.338+0000] {dagbag.py:588} INFO - Filling up the DagBag from /home/airflow/.local/lib/python3.12/site-packages/airflow/example_dags/example_sensors.py
[2025-03-30T23:30:22.363+0000] {processor.py:925} INFO - DAG(s) 'example_sensors' retrieved from /home/airflow/.local/lib/python3.12/site-packages/airflow/example_dags/example_sensors.py
[2025-03-30T23:30:22.414+0000] {logging_mixin.py:190} INFO - [2025-03-30T23:30:22.413+0000] {dag.py:3239} INFO - Sync 1 DAGs
[2025-03-30T23:30:22.441+0000] {logging_mixin.py:190} INFO - [2025-03-30T23:30:22.440+0000] {dag.py:4180} INFO - Setting next_dagrun for example_sensors to None, run_after=None
[2025-03-30T23:30:22.491+0000] {processor.py:208} INFO - Processing /home/airflow/.local/lib/python3.12/site-packages/airflow/example_dags/example_sensors.py took 0.176 seconds
[2025-03-30T23:30:53.857+0000] {processor.py:186} INFO - Started process (PID=1186) to work on /home/airflow/.local/lib/python3.12/site-packages/airflow/example_dags/example_sensors.py
[2025-03-30T23:30:53.861+0000] {processor.py:914} INFO - Processing file /home/airflow/.local/lib/python3.12/site-packages/airflow/example_dags/example_sensors.py for tasks to queue
[2025-03-30T23:30:53.868+0000] {logging_mixin.py:190} INFO - [2025-03-30T23:30:53.867+0000] {dagbag.py:588} INFO - Filling up the DagBag from /home/airflow/.local/lib/python3.12/site-packages/airflow/example_dags/example_sensors.py
[2025-03-30T23:30:53.890+0000] {processor.py:925} INFO - DAG(s) 'example_sensors' retrieved from /home/airflow/.local/lib/python3.12/site-packages/airflow/example_dags/example_sensors.py
[2025-03-30T23:30:53.947+0000] {logging_mixin.py:190} INFO - [2025-03-30T23:30:53.947+0000] {dag.py:3239} INFO - Sync 1 DAGs
[2025-03-30T23:30:53.975+0000] {logging_mixin.py:190} INFO - [2025-03-30T23:30:53.974+0000] {dag.py:4180} INFO - Setting next_dagrun for example_sensors to None, run_after=None
[2025-03-30T23:30:54.014+0000] {processor.py:208} INFO - Processing /home/airflow/.local/lib/python3.12/site-packages/airflow/example_dags/example_sensors.py took 0.168 seconds
[2025-03-30T23:31:24.867+0000] {processor.py:186} INFO - Started process (PID=1250) to work on /home/airflow/.local/lib/python3.12/site-packages/airflow/example_dags/example_sensors.py
[2025-03-30T23:31:24.871+0000] {processor.py:914} INFO - Processing file /home/airflow/.local/lib/python3.12/site-packages/airflow/example_dags/example_sensors.py for tasks to queue
[2025-03-30T23:31:24.876+0000] {logging_mixin.py:190} INFO - [2025-03-30T23:31:24.876+0000] {dagbag.py:588} INFO - Filling up the DagBag from /home/airflow/.local/lib/python3.12/site-packages/airflow/example_dags/example_sensors.py
[2025-03-30T23:31:24.898+0000] {processor.py:925} INFO - DAG(s) 'example_sensors' retrieved from /home/airflow/.local/lib/python3.12/site-packages/airflow/example_dags/example_sensors.py
[2025-03-30T23:31:24.946+0000] {logging_mixin.py:190} INFO - [2025-03-30T23:31:24.945+0000] {dag.py:3239} INFO - Sync 1 DAGs
[2025-03-30T23:31:24.970+0000] {logging_mixin.py:190} INFO - [2025-03-30T23:31:24.970+0000] {dag.py:4180} INFO - Setting next_dagrun for example_sensors to None, run_after=None
[2025-03-30T23:31:25.016+0000] {processor.py:208} INFO - Processing /home/airflow/.local/lib/python3.12/site-packages/airflow/example_dags/example_sensors.py took 0.159 seconds
[2025-03-30T23:31:56.764+0000] {processor.py:186} INFO - Started process (PID=1314) to work on /home/airflow/.local/lib/python3.12/site-packages/airflow/example_dags/example_sensors.py
[2025-03-30T23:31:56.768+0000] {processor.py:914} INFO - Processing file /home/airflow/.local/lib/python3.12/site-packages/airflow/example_dags/example_sensors.py for tasks to queue
[2025-03-30T23:31:56.775+0000] {logging_mixin.py:190} INFO - [2025-03-30T23:31:56.774+0000] {dagbag.py:588} INFO - Filling up the DagBag from /home/airflow/.local/lib/python3.12/site-packages/airflow/example_dags/example_sensors.py
[2025-03-30T23:31:56.798+0000] {processor.py:925} INFO - DAG(s) 'example_sensors' retrieved from /home/airflow/.local/lib/python3.12/site-packages/airflow/example_dags/example_sensors.py
[2025-03-30T23:31:56.857+0000] {logging_mixin.py:190} INFO - [2025-03-30T23:31:56.857+0000] {dag.py:3239} INFO - Sync 1 DAGs
[2025-03-30T23:31:56.886+0000] {logging_mixin.py:190} INFO - [2025-03-30T23:31:56.885+0000] {dag.py:4180} INFO - Setting next_dagrun for example_sensors to None, run_after=None
[2025-03-30T23:31:56.934+0000] {processor.py:208} INFO - Processing /home/airflow/.local/lib/python3.12/site-packages/airflow/example_dags/example_sensors.py took 0.187 seconds
[2025-03-30T23:32:28.552+0000] {processor.py:186} INFO - Started process (PID=1378) to work on /home/airflow/.local/lib/python3.12/site-packages/airflow/example_dags/example_sensors.py
[2025-03-30T23:32:28.554+0000] {processor.py:914} INFO - Processing file /home/airflow/.local/lib/python3.12/site-packages/airflow/example_dags/example_sensors.py for tasks to queue
[2025-03-30T23:32:28.560+0000] {logging_mixin.py:190} INFO - [2025-03-30T23:32:28.559+0000] {dagbag.py:588} INFO - Filling up the DagBag from /home/airflow/.local/lib/python3.12/site-packages/airflow/example_dags/example_sensors.py
[2025-03-30T23:32:28.582+0000] {processor.py:925} INFO - DAG(s) 'example_sensors' retrieved from /home/airflow/.local/lib/python3.12/site-packages/airflow/example_dags/example_sensors.py
[2025-03-30T23:32:28.633+0000] {logging_mixin.py:190} INFO - [2025-03-30T23:32:28.632+0000] {dag.py:3239} INFO - Sync 1 DAGs
[2025-03-30T23:32:28.660+0000] {logging_mixin.py:190} INFO - [2025-03-30T23:32:28.660+0000] {dag.py:4180} INFO - Setting next_dagrun for example_sensors to None, run_after=None
[2025-03-30T23:32:28.700+0000] {processor.py:208} INFO - Processing /home/airflow/.local/lib/python3.12/site-packages/airflow/example_dags/example_sensors.py took 0.160 seconds
[2025-03-30T23:33:00.282+0000] {processor.py:186} INFO - Started process (PID=1442) to work on /home/airflow/.local/lib/python3.12/site-packages/airflow/example_dags/example_sensors.py
[2025-03-30T23:33:00.285+0000] {processor.py:914} INFO - Processing file /home/airflow/.local/lib/python3.12/site-packages/airflow/example_dags/example_sensors.py for tasks to queue
[2025-03-30T23:33:00.292+0000] {logging_mixin.py:190} INFO - [2025-03-30T23:33:00.291+0000] {dagbag.py:588} INFO - Filling up the DagBag from /home/airflow/.local/lib/python3.12/site-packages/airflow/example_dags/example_sensors.py
[2025-03-30T23:33:00.316+0000] {processor.py:925} INFO - DAG(s) 'example_sensors' retrieved from /home/airflow/.local/lib/python3.12/site-packages/airflow/example_dags/example_sensors.py
[2025-03-30T23:33:00.371+0000] {logging_mixin.py:190} INFO - [2025-03-30T23:33:00.370+0000] {dag.py:3239} INFO - Sync 1 DAGs
[2025-03-30T23:33:00.404+0000] {logging_mixin.py:190} INFO - [2025-03-30T23:33:00.404+0000] {dag.py:4180} INFO - Setting next_dagrun for example_sensors to None, run_after=None
[2025-03-30T23:33:00.451+0000] {processor.py:208} INFO - Processing /home/airflow/.local/lib/python3.12/site-packages/airflow/example_dags/example_sensors.py took 0.182 seconds
[2025-03-30T23:33:31.741+0000] {processor.py:186} INFO - Started process (PID=1506) to work on /home/airflow/.local/lib/python3.12/site-packages/airflow/example_dags/example_sensors.py
[2025-03-30T23:33:31.743+0000] {processor.py:914} INFO - Processing file /home/airflow/.local/lib/python3.12/site-packages/airflow/example_dags/example_sensors.py for tasks to queue
[2025-03-30T23:33:31.750+0000] {logging_mixin.py:190} INFO - [2025-03-30T23:33:31.749+0000] {dagbag.py:588} INFO - Filling up the DagBag from /home/airflow/.local/lib/python3.12/site-packages/airflow/example_dags/example_sensors.py
[2025-03-30T23:33:31.772+0000] {processor.py:925} INFO - DAG(s) 'example_sensors' retrieved from /home/airflow/.local/lib/python3.12/site-packages/airflow/example_dags/example_sensors.py
[2025-03-30T23:33:31.824+0000] {logging_mixin.py:190} INFO - [2025-03-30T23:33:31.824+0000] {dag.py:3239} INFO - Sync 1 DAGs
[2025-03-30T23:33:31.854+0000] {logging_mixin.py:190} INFO - [2025-03-30T23:33:31.854+0000] {dag.py:4180} INFO - Setting next_dagrun for example_sensors to None, run_after=None
[2025-03-30T23:33:31.896+0000] {processor.py:208} INFO - Processing /home/airflow/.local/lib/python3.12/site-packages/airflow/example_dags/example_sensors.py took 0.166 seconds
[2025-03-30T23:53:02.582+0000] {processor.py:186} INFO - Started process (PID=1599) to work on /home/airflow/.local/lib/python3.12/site-packages/airflow/example_dags/example_sensors.py
[2025-03-30T23:53:02.584+0000] {processor.py:914} INFO - Processing file /home/airflow/.local/lib/python3.12/site-packages/airflow/example_dags/example_sensors.py for tasks to queue
[2025-03-30T23:53:02.588+0000] {logging_mixin.py:190} INFO - [2025-03-30T23:53:02.588+0000] {dagbag.py:588} INFO - Filling up the DagBag from /home/airflow/.local/lib/python3.12/site-packages/airflow/example_dags/example_sensors.py
[2025-03-30T23:53:02.601+0000] {processor.py:925} INFO - DAG(s) 'example_sensors' retrieved from /home/airflow/.local/lib/python3.12/site-packages/airflow/example_dags/example_sensors.py
[2025-03-30T23:53:02.631+0000] {logging_mixin.py:190} INFO - [2025-03-30T23:53:02.631+0000] {dag.py:3239} INFO - Sync 1 DAGs
[2025-03-30T23:53:02.649+0000] {logging_mixin.py:190} INFO - [2025-03-30T23:53:02.649+0000] {dag.py:4180} INFO - Setting next_dagrun for example_sensors to None, run_after=None
[2025-03-30T23:53:02.674+0000] {processor.py:208} INFO - Processing /home/airflow/.local/lib/python3.12/site-packages/airflow/example_dags/example_sensors.py took 0.100 seconds
