[2025-03-30T23:20:31.782+0000] {processor.py:186} INFO - Started process (PID=61) to work on /home/airflow/.local/lib/python3.12/site-packages/airflow/example_dags/example_xcomargs.py
[2025-03-30T23:20:31.784+0000] {processor.py:914} INFO - Processing file /home/airflow/.local/lib/python3.12/site-packages/airflow/example_dags/example_xcomargs.py for tasks to queue
[2025-03-30T23:20:31.790+0000] {logging_mixin.py:190} INFO - [2025-03-30T23:20:31.789+0000] {dagbag.py:588} INFO - Filling up the DagBag from /home/airflow/.local/lib/python3.12/site-packages/airflow/example_dags/example_xcomargs.py
[2025-03-30T23:20:31.808+0000] {processor.py:925} INFO - DAG(s) 'example_xcom_args_with_operators', 'example_xcom_args' retrieved from /home/airflow/.local/lib/python3.12/site-packages/airflow/example_dags/example_xcomargs.py
[2025-03-30T23:20:31.851+0000] {logging_mixin.py:190} INFO - [2025-03-30T23:20:31.851+0000] {dag.py:3239} INFO - Sync 2 DAGs
[2025-03-30T23:20:31.885+0000] {logging_mixin.py:190} INFO - [2025-03-30T23:20:31.884+0000] {dag.py:4180} INFO - Setting next_dagrun for example_xcom_args to None, run_after=None
[2025-03-30T23:20:31.894+0000] {logging_mixin.py:190} INFO - [2025-03-30T23:20:31.893+0000] {dag.py:4180} INFO - Setting next_dagrun for example_xcom_args_with_operators to None, run_after=None
[2025-03-30T23:20:31.925+0000] {processor.py:208} INFO - Processing /home/airflow/.local/lib/python3.12/site-packages/airflow/example_dags/example_xcomargs.py took 0.154 seconds
[2025-03-30T23:21:03.380+0000] {processor.py:186} INFO - Started process (PID=125) to work on /home/airflow/.local/lib/python3.12/site-packages/airflow/example_dags/example_xcomargs.py
[2025-03-30T23:21:03.383+0000] {processor.py:914} INFO - Processing file /home/airflow/.local/lib/python3.12/site-packages/airflow/example_dags/example_xcomargs.py for tasks to queue
[2025-03-30T23:21:03.389+0000] {logging_mixin.py:190} INFO - [2025-03-30T23:21:03.388+0000] {dagbag.py:588} INFO - Filling up the DagBag from /home/airflow/.local/lib/python3.12/site-packages/airflow/example_dags/example_xcomargs.py
[2025-03-30T23:21:03.414+0000] {processor.py:925} INFO - DAG(s) 'example_xcom_args', 'example_xcom_args_with_operators' retrieved from /home/airflow/.local/lib/python3.12/site-packages/airflow/example_dags/example_xcomargs.py
[2025-03-30T23:21:03.467+0000] {logging_mixin.py:190} INFO - [2025-03-30T23:21:03.466+0000] {dag.py:3239} INFO - Sync 2 DAGs
[2025-03-30T23:21:03.496+0000] {logging_mixin.py:190} INFO - [2025-03-30T23:21:03.496+0000] {dag.py:4180} INFO - Setting next_dagrun for example_xcom_args to None, run_after=None
[2025-03-30T23:21:03.506+0000] {logging_mixin.py:190} INFO - [2025-03-30T23:21:03.505+0000] {dag.py:4180} INFO - Setting next_dagrun for example_xcom_args_with_operators to None, run_after=None
[2025-03-30T23:21:03.552+0000] {processor.py:208} INFO - Processing /home/airflow/.local/lib/python3.12/site-packages/airflow/example_dags/example_xcomargs.py took 0.184 seconds
[2025-03-30T23:21:52.372+0000] {processor.py:186} INFO - Started process (PID=62) to work on /home/airflow/.local/lib/python3.12/site-packages/airflow/example_dags/example_xcomargs.py
[2025-03-30T23:21:52.375+0000] {processor.py:914} INFO - Processing file /home/airflow/.local/lib/python3.12/site-packages/airflow/example_dags/example_xcomargs.py for tasks to queue
[2025-03-30T23:21:52.381+0000] {logging_mixin.py:190} INFO - [2025-03-30T23:21:52.380+0000] {dagbag.py:588} INFO - Filling up the DagBag from /home/airflow/.local/lib/python3.12/site-packages/airflow/example_dags/example_xcomargs.py
[2025-03-30T23:21:52.408+0000] {processor.py:925} INFO - DAG(s) 'example_xcom_args', 'example_xcom_args_with_operators' retrieved from /home/airflow/.local/lib/python3.12/site-packages/airflow/example_dags/example_xcomargs.py
[2025-03-30T23:21:52.467+0000] {logging_mixin.py:190} INFO - [2025-03-30T23:21:52.467+0000] {dag.py:3239} INFO - Sync 2 DAGs
[2025-03-30T23:21:52.506+0000] {logging_mixin.py:190} INFO - [2025-03-30T23:21:52.505+0000] {dag.py:4180} INFO - Setting next_dagrun for example_xcom_args to None, run_after=None
[2025-03-30T23:21:52.522+0000] {logging_mixin.py:190} INFO - [2025-03-30T23:21:52.521+0000] {dag.py:4180} INFO - Setting next_dagrun for example_xcom_args_with_operators to None, run_after=None
[2025-03-30T23:21:52.566+0000] {processor.py:208} INFO - Processing /home/airflow/.local/lib/python3.12/site-packages/airflow/example_dags/example_xcomargs.py took 0.205 seconds
[2025-03-30T23:22:23.827+0000] {processor.py:186} INFO - Started process (PID=126) to work on /home/airflow/.local/lib/python3.12/site-packages/airflow/example_dags/example_xcomargs.py
[2025-03-30T23:22:23.830+0000] {processor.py:914} INFO - Processing file /home/airflow/.local/lib/python3.12/site-packages/airflow/example_dags/example_xcomargs.py for tasks to queue
[2025-03-30T23:22:23.836+0000] {logging_mixin.py:190} INFO - [2025-03-30T23:22:23.835+0000] {dagbag.py:588} INFO - Filling up the DagBag from /home/airflow/.local/lib/python3.12/site-packages/airflow/example_dags/example_xcomargs.py
[2025-03-30T23:22:23.855+0000] {processor.py:925} INFO - DAG(s) 'example_xcom_args', 'example_xcom_args_with_operators' retrieved from /home/airflow/.local/lib/python3.12/site-packages/airflow/example_dags/example_xcomargs.py
[2025-03-30T23:22:23.917+0000] {logging_mixin.py:190} INFO - [2025-03-30T23:22:23.916+0000] {dag.py:3239} INFO - Sync 2 DAGs
[2025-03-30T23:22:23.949+0000] {logging_mixin.py:190} INFO - [2025-03-30T23:22:23.948+0000] {dag.py:4180} INFO - Setting next_dagrun for example_xcom_args to None, run_after=None
[2025-03-30T23:22:23.959+0000] {logging_mixin.py:190} INFO - [2025-03-30T23:22:23.959+0000] {dag.py:4180} INFO - Setting next_dagrun for example_xcom_args_with_operators to None, run_after=None
[2025-03-30T23:22:24.002+0000] {processor.py:208} INFO - Processing /home/airflow/.local/lib/python3.12/site-packages/airflow/example_dags/example_xcomargs.py took 0.192 seconds
[2025-03-30T23:22:54.203+0000] {processor.py:186} INFO - Started process (PID=189) to work on /home/airflow/.local/lib/python3.12/site-packages/airflow/example_dags/example_xcomargs.py
[2025-03-30T23:22:54.208+0000] {processor.py:914} INFO - Processing file /home/airflow/.local/lib/python3.12/site-packages/airflow/example_dags/example_xcomargs.py for tasks to queue
[2025-03-30T23:22:54.219+0000] {logging_mixin.py:190} INFO - [2025-03-30T23:22:54.217+0000] {dagbag.py:588} INFO - Filling up the DagBag from /home/airflow/.local/lib/python3.12/site-packages/airflow/example_dags/example_xcomargs.py
[2025-03-30T23:22:54.248+0000] {processor.py:925} INFO - DAG(s) 'example_xcom_args_with_operators', 'example_xcom_args' retrieved from /home/airflow/.local/lib/python3.12/site-packages/airflow/example_dags/example_xcomargs.py
[2025-03-30T23:22:54.313+0000] {logging_mixin.py:190} INFO - [2025-03-30T23:22:54.312+0000] {dag.py:3239} INFO - Sync 2 DAGs
[2025-03-30T23:22:54.344+0000] {logging_mixin.py:190} INFO - [2025-03-30T23:22:54.343+0000] {dag.py:4180} INFO - Setting next_dagrun for example_xcom_args to None, run_after=None
[2025-03-30T23:22:54.357+0000] {logging_mixin.py:190} INFO - [2025-03-30T23:22:54.356+0000] {dag.py:4180} INFO - Setting next_dagrun for example_xcom_args_with_operators to None, run_after=None
[2025-03-30T23:22:54.412+0000] {processor.py:208} INFO - Processing /home/airflow/.local/lib/python3.12/site-packages/airflow/example_dags/example_xcomargs.py took 0.222 seconds
[2025-03-30T23:23:24.506+0000] {processor.py:186} INFO - Started process (PID=256) to work on /home/airflow/.local/lib/python3.12/site-packages/airflow/example_dags/example_xcomargs.py
[2025-03-30T23:23:24.510+0000] {processor.py:914} INFO - Processing file /home/airflow/.local/lib/python3.12/site-packages/airflow/example_dags/example_xcomargs.py for tasks to queue
[2025-03-30T23:23:24.516+0000] {logging_mixin.py:190} INFO - [2025-03-30T23:23:24.515+0000] {dagbag.py:588} INFO - Filling up the DagBag from /home/airflow/.local/lib/python3.12/site-packages/airflow/example_dags/example_xcomargs.py
[2025-03-30T23:23:24.538+0000] {processor.py:925} INFO - DAG(s) 'example_xcom_args', 'example_xcom_args_with_operators' retrieved from /home/airflow/.local/lib/python3.12/site-packages/airflow/example_dags/example_xcomargs.py
[2025-03-30T23:23:24.590+0000] {logging_mixin.py:190} INFO - [2025-03-30T23:23:24.589+0000] {dag.py:3239} INFO - Sync 2 DAGs
[2025-03-30T23:23:24.619+0000] {logging_mixin.py:190} INFO - [2025-03-30T23:23:24.618+0000] {dag.py:4180} INFO - Setting next_dagrun for example_xcom_args to None, run_after=None
[2025-03-30T23:23:24.634+0000] {logging_mixin.py:190} INFO - [2025-03-30T23:23:24.633+0000] {dag.py:4180} INFO - Setting next_dagrun for example_xcom_args_with_operators to None, run_after=None
[2025-03-30T23:23:24.669+0000] {processor.py:208} INFO - Processing /home/airflow/.local/lib/python3.12/site-packages/airflow/example_dags/example_xcomargs.py took 0.175 seconds
[2025-03-30T23:23:54.894+0000] {processor.py:186} INFO - Started process (PID=320) to work on /home/airflow/.local/lib/python3.12/site-packages/airflow/example_dags/example_xcomargs.py
[2025-03-30T23:23:54.897+0000] {processor.py:914} INFO - Processing file /home/airflow/.local/lib/python3.12/site-packages/airflow/example_dags/example_xcomargs.py for tasks to queue
[2025-03-30T23:23:54.906+0000] {logging_mixin.py:190} INFO - [2025-03-30T23:23:54.905+0000] {dagbag.py:588} INFO - Filling up the DagBag from /home/airflow/.local/lib/python3.12/site-packages/airflow/example_dags/example_xcomargs.py
[2025-03-30T23:23:54.930+0000] {processor.py:925} INFO - DAG(s) 'example_xcom_args_with_operators', 'example_xcom_args' retrieved from /home/airflow/.local/lib/python3.12/site-packages/airflow/example_dags/example_xcomargs.py
[2025-03-30T23:23:54.989+0000] {logging_mixin.py:190} INFO - [2025-03-30T23:23:54.988+0000] {dag.py:3239} INFO - Sync 2 DAGs
[2025-03-30T23:23:55.023+0000] {logging_mixin.py:190} INFO - [2025-03-30T23:23:55.022+0000] {dag.py:4180} INFO - Setting next_dagrun for example_xcom_args to None, run_after=None
[2025-03-30T23:23:55.034+0000] {logging_mixin.py:190} INFO - [2025-03-30T23:23:55.033+0000] {dag.py:4180} INFO - Setting next_dagrun for example_xcom_args_with_operators to None, run_after=None
[2025-03-30T23:23:55.083+0000] {processor.py:208} INFO - Processing /home/airflow/.local/lib/python3.12/site-packages/airflow/example_dags/example_xcomargs.py took 0.206 seconds
[2025-03-30T23:24:25.301+0000] {processor.py:186} INFO - Started process (PID=384) to work on /home/airflow/.local/lib/python3.12/site-packages/airflow/example_dags/example_xcomargs.py
[2025-03-30T23:24:25.304+0000] {processor.py:914} INFO - Processing file /home/airflow/.local/lib/python3.12/site-packages/airflow/example_dags/example_xcomargs.py for tasks to queue
[2025-03-30T23:24:25.311+0000] {logging_mixin.py:190} INFO - [2025-03-30T23:24:25.310+0000] {dagbag.py:588} INFO - Filling up the DagBag from /home/airflow/.local/lib/python3.12/site-packages/airflow/example_dags/example_xcomargs.py
[2025-03-30T23:24:25.331+0000] {processor.py:925} INFO - DAG(s) 'example_xcom_args_with_operators', 'example_xcom_args' retrieved from /home/airflow/.local/lib/python3.12/site-packages/airflow/example_dags/example_xcomargs.py
[2025-03-30T23:24:25.383+0000] {logging_mixin.py:190} INFO - [2025-03-30T23:24:25.383+0000] {dag.py:3239} INFO - Sync 2 DAGs
[2025-03-30T23:24:25.411+0000] {logging_mixin.py:190} INFO - [2025-03-30T23:24:25.411+0000] {dag.py:4180} INFO - Setting next_dagrun for example_xcom_args to None, run_after=None
[2025-03-30T23:24:25.420+0000] {logging_mixin.py:190} INFO - [2025-03-30T23:24:25.420+0000] {dag.py:4180} INFO - Setting next_dagrun for example_xcom_args_with_operators to None, run_after=None
[2025-03-30T23:24:25.454+0000] {processor.py:208} INFO - Processing /home/airflow/.local/lib/python3.12/site-packages/airflow/example_dags/example_xcomargs.py took 0.164 seconds
[2025-03-30T23:24:55.700+0000] {processor.py:186} INFO - Started process (PID=448) to work on /home/airflow/.local/lib/python3.12/site-packages/airflow/example_dags/example_xcomargs.py
[2025-03-30T23:24:55.705+0000] {processor.py:914} INFO - Processing file /home/airflow/.local/lib/python3.12/site-packages/airflow/example_dags/example_xcomargs.py for tasks to queue
[2025-03-30T23:24:55.713+0000] {logging_mixin.py:190} INFO - [2025-03-30T23:24:55.712+0000] {dagbag.py:588} INFO - Filling up the DagBag from /home/airflow/.local/lib/python3.12/site-packages/airflow/example_dags/example_xcomargs.py
[2025-03-30T23:24:55.734+0000] {processor.py:925} INFO - DAG(s) 'example_xcom_args_with_operators', 'example_xcom_args' retrieved from /home/airflow/.local/lib/python3.12/site-packages/airflow/example_dags/example_xcomargs.py
[2025-03-30T23:24:55.786+0000] {logging_mixin.py:190} INFO - [2025-03-30T23:24:55.786+0000] {dag.py:3239} INFO - Sync 2 DAGs
[2025-03-30T23:24:55.815+0000] {logging_mixin.py:190} INFO - [2025-03-30T23:24:55.815+0000] {dag.py:4180} INFO - Setting next_dagrun for example_xcom_args to None, run_after=None
[2025-03-30T23:24:55.825+0000] {logging_mixin.py:190} INFO - [2025-03-30T23:24:55.824+0000] {dag.py:4180} INFO - Setting next_dagrun for example_xcom_args_with_operators to None, run_after=None
[2025-03-30T23:24:55.865+0000] {processor.py:208} INFO - Processing /home/airflow/.local/lib/python3.12/site-packages/airflow/example_dags/example_xcomargs.py took 0.178 seconds
[2025-03-30T23:25:26.342+0000] {processor.py:186} INFO - Started process (PID=512) to work on /home/airflow/.local/lib/python3.12/site-packages/airflow/example_dags/example_xcomargs.py
[2025-03-30T23:25:26.347+0000] {processor.py:914} INFO - Processing file /home/airflow/.local/lib/python3.12/site-packages/airflow/example_dags/example_xcomargs.py for tasks to queue
[2025-03-30T23:25:26.352+0000] {logging_mixin.py:190} INFO - [2025-03-30T23:25:26.351+0000] {dagbag.py:588} INFO - Filling up the DagBag from /home/airflow/.local/lib/python3.12/site-packages/airflow/example_dags/example_xcomargs.py
[2025-03-30T23:25:26.372+0000] {processor.py:925} INFO - DAG(s) 'example_xcom_args_with_operators', 'example_xcom_args' retrieved from /home/airflow/.local/lib/python3.12/site-packages/airflow/example_dags/example_xcomargs.py
[2025-03-30T23:25:26.414+0000] {logging_mixin.py:190} INFO - [2025-03-30T23:25:26.413+0000] {dag.py:3239} INFO - Sync 2 DAGs
[2025-03-30T23:25:26.445+0000] {logging_mixin.py:190} INFO - [2025-03-30T23:25:26.444+0000] {dag.py:4180} INFO - Setting next_dagrun for example_xcom_args to None, run_after=None
[2025-03-30T23:25:26.457+0000] {logging_mixin.py:190} INFO - [2025-03-30T23:25:26.456+0000] {dag.py:4180} INFO - Setting next_dagrun for example_xcom_args_with_operators to None, run_after=None
[2025-03-30T23:25:26.496+0000] {processor.py:208} INFO - Processing /home/airflow/.local/lib/python3.12/site-packages/airflow/example_dags/example_xcomargs.py took 0.164 seconds
[2025-03-30T23:25:57.345+0000] {processor.py:186} INFO - Started process (PID=576) to work on /home/airflow/.local/lib/python3.12/site-packages/airflow/example_dags/example_xcomargs.py
[2025-03-30T23:25:57.349+0000] {processor.py:914} INFO - Processing file /home/airflow/.local/lib/python3.12/site-packages/airflow/example_dags/example_xcomargs.py for tasks to queue
[2025-03-30T23:25:57.356+0000] {logging_mixin.py:190} INFO - [2025-03-30T23:25:57.355+0000] {dagbag.py:588} INFO - Filling up the DagBag from /home/airflow/.local/lib/python3.12/site-packages/airflow/example_dags/example_xcomargs.py
[2025-03-30T23:25:57.380+0000] {processor.py:925} INFO - DAG(s) 'example_xcom_args_with_operators', 'example_xcom_args' retrieved from /home/airflow/.local/lib/python3.12/site-packages/airflow/example_dags/example_xcomargs.py
[2025-03-30T23:25:57.427+0000] {logging_mixin.py:190} INFO - [2025-03-30T23:25:57.426+0000] {dag.py:3239} INFO - Sync 2 DAGs
[2025-03-30T23:25:57.456+0000] {logging_mixin.py:190} INFO - [2025-03-30T23:25:57.456+0000] {dag.py:4180} INFO - Setting next_dagrun for example_xcom_args to None, run_after=None
[2025-03-30T23:25:57.465+0000] {logging_mixin.py:190} INFO - [2025-03-30T23:25:57.465+0000] {dag.py:4180} INFO - Setting next_dagrun for example_xcom_args_with_operators to None, run_after=None
[2025-03-30T23:25:57.503+0000] {processor.py:208} INFO - Processing /home/airflow/.local/lib/python3.12/site-packages/airflow/example_dags/example_xcomargs.py took 0.168 seconds
[2025-03-30T23:26:28.138+0000] {processor.py:186} INFO - Started process (PID=640) to work on /home/airflow/.local/lib/python3.12/site-packages/airflow/example_dags/example_xcomargs.py
[2025-03-30T23:26:28.142+0000] {processor.py:914} INFO - Processing file /home/airflow/.local/lib/python3.12/site-packages/airflow/example_dags/example_xcomargs.py for tasks to queue
[2025-03-30T23:26:28.148+0000] {logging_mixin.py:190} INFO - [2025-03-30T23:26:28.147+0000] {dagbag.py:588} INFO - Filling up the DagBag from /home/airflow/.local/lib/python3.12/site-packages/airflow/example_dags/example_xcomargs.py
[2025-03-30T23:26:28.170+0000] {processor.py:925} INFO - DAG(s) 'example_xcom_args_with_operators', 'example_xcom_args' retrieved from /home/airflow/.local/lib/python3.12/site-packages/airflow/example_dags/example_xcomargs.py
[2025-03-30T23:26:28.223+0000] {logging_mixin.py:190} INFO - [2025-03-30T23:26:28.223+0000] {dag.py:3239} INFO - Sync 2 DAGs
[2025-03-30T23:26:28.253+0000] {logging_mixin.py:190} INFO - [2025-03-30T23:26:28.253+0000] {dag.py:4180} INFO - Setting next_dagrun for example_xcom_args to None, run_after=None
[2025-03-30T23:26:28.262+0000] {logging_mixin.py:190} INFO - [2025-03-30T23:26:28.262+0000] {dag.py:4180} INFO - Setting next_dagrun for example_xcom_args_with_operators to None, run_after=None
[2025-03-30T23:26:28.302+0000] {processor.py:208} INFO - Processing /home/airflow/.local/lib/python3.12/site-packages/airflow/example_dags/example_xcomargs.py took 0.175 seconds
[2025-03-30T23:26:59.068+0000] {processor.py:186} INFO - Started process (PID=704) to work on /home/airflow/.local/lib/python3.12/site-packages/airflow/example_dags/example_xcomargs.py
[2025-03-30T23:26:59.072+0000] {processor.py:914} INFO - Processing file /home/airflow/.local/lib/python3.12/site-packages/airflow/example_dags/example_xcomargs.py for tasks to queue
[2025-03-30T23:26:59.078+0000] {logging_mixin.py:190} INFO - [2025-03-30T23:26:59.077+0000] {dagbag.py:588} INFO - Filling up the DagBag from /home/airflow/.local/lib/python3.12/site-packages/airflow/example_dags/example_xcomargs.py
[2025-03-30T23:26:59.110+0000] {processor.py:925} INFO - DAG(s) 'example_xcom_args_with_operators', 'example_xcom_args' retrieved from /home/airflow/.local/lib/python3.12/site-packages/airflow/example_dags/example_xcomargs.py
[2025-03-30T23:26:59.169+0000] {logging_mixin.py:190} INFO - [2025-03-30T23:26:59.168+0000] {dag.py:3239} INFO - Sync 2 DAGs
[2025-03-30T23:26:59.202+0000] {logging_mixin.py:190} INFO - [2025-03-30T23:26:59.202+0000] {dag.py:4180} INFO - Setting next_dagrun for example_xcom_args to None, run_after=None
[2025-03-30T23:26:59.213+0000] {logging_mixin.py:190} INFO - [2025-03-30T23:26:59.212+0000] {dag.py:4180} INFO - Setting next_dagrun for example_xcom_args_with_operators to None, run_after=None
[2025-03-30T23:26:59.260+0000] {processor.py:208} INFO - Processing /home/airflow/.local/lib/python3.12/site-packages/airflow/example_dags/example_xcomargs.py took 0.206 seconds
[2025-03-30T23:27:29.438+0000] {processor.py:186} INFO - Started process (PID=768) to work on /home/airflow/.local/lib/python3.12/site-packages/airflow/example_dags/example_xcomargs.py
[2025-03-30T23:27:29.442+0000] {processor.py:914} INFO - Processing file /home/airflow/.local/lib/python3.12/site-packages/airflow/example_dags/example_xcomargs.py for tasks to queue
[2025-03-30T23:27:29.452+0000] {logging_mixin.py:190} INFO - [2025-03-30T23:27:29.451+0000] {dagbag.py:588} INFO - Filling up the DagBag from /home/airflow/.local/lib/python3.12/site-packages/airflow/example_dags/example_xcomargs.py
[2025-03-30T23:27:29.482+0000] {processor.py:925} INFO - DAG(s) 'example_xcom_args_with_operators', 'example_xcom_args' retrieved from /home/airflow/.local/lib/python3.12/site-packages/airflow/example_dags/example_xcomargs.py
[2025-03-30T23:27:29.542+0000] {logging_mixin.py:190} INFO - [2025-03-30T23:27:29.541+0000] {dag.py:3239} INFO - Sync 2 DAGs
[2025-03-30T23:27:29.591+0000] {logging_mixin.py:190} INFO - [2025-03-30T23:27:29.590+0000] {dag.py:4180} INFO - Setting next_dagrun for example_xcom_args to None, run_after=None
[2025-03-30T23:27:29.602+0000] {logging_mixin.py:190} INFO - [2025-03-30T23:27:29.602+0000] {dag.py:4180} INFO - Setting next_dagrun for example_xcom_args_with_operators to None, run_after=None
[2025-03-30T23:27:29.654+0000] {processor.py:208} INFO - Processing /home/airflow/.local/lib/python3.12/site-packages/airflow/example_dags/example_xcomargs.py took 0.229 seconds
[2025-03-30T23:28:00.216+0000] {processor.py:186} INFO - Started process (PID=832) to work on /home/airflow/.local/lib/python3.12/site-packages/airflow/example_dags/example_xcomargs.py
[2025-03-30T23:28:00.219+0000] {processor.py:914} INFO - Processing file /home/airflow/.local/lib/python3.12/site-packages/airflow/example_dags/example_xcomargs.py for tasks to queue
[2025-03-30T23:28:00.225+0000] {logging_mixin.py:190} INFO - [2025-03-30T23:28:00.225+0000] {dagbag.py:588} INFO - Filling up the DagBag from /home/airflow/.local/lib/python3.12/site-packages/airflow/example_dags/example_xcomargs.py
[2025-03-30T23:28:00.242+0000] {processor.py:925} INFO - DAG(s) 'example_xcom_args', 'example_xcom_args_with_operators' retrieved from /home/airflow/.local/lib/python3.12/site-packages/airflow/example_dags/example_xcomargs.py
[2025-03-30T23:28:00.284+0000] {logging_mixin.py:190} INFO - [2025-03-30T23:28:00.283+0000] {dag.py:3239} INFO - Sync 2 DAGs
[2025-03-30T23:28:00.315+0000] {logging_mixin.py:190} INFO - [2025-03-30T23:28:00.315+0000] {dag.py:4180} INFO - Setting next_dagrun for example_xcom_args to None, run_after=None
[2025-03-30T23:28:00.322+0000] {logging_mixin.py:190} INFO - [2025-03-30T23:28:00.321+0000] {dag.py:4180} INFO - Setting next_dagrun for example_xcom_args_with_operators to None, run_after=None
[2025-03-30T23:28:00.361+0000] {processor.py:208} INFO - Processing /home/airflow/.local/lib/python3.12/site-packages/airflow/example_dags/example_xcomargs.py took 0.150 seconds
[2025-03-30T23:28:30.985+0000] {processor.py:186} INFO - Started process (PID=896) to work on /home/airflow/.local/lib/python3.12/site-packages/airflow/example_dags/example_xcomargs.py
[2025-03-30T23:28:30.988+0000] {processor.py:914} INFO - Processing file /home/airflow/.local/lib/python3.12/site-packages/airflow/example_dags/example_xcomargs.py for tasks to queue
[2025-03-30T23:28:30.993+0000] {logging_mixin.py:190} INFO - [2025-03-30T23:28:30.992+0000] {dagbag.py:588} INFO - Filling up the DagBag from /home/airflow/.local/lib/python3.12/site-packages/airflow/example_dags/example_xcomargs.py
[2025-03-30T23:28:31.017+0000] {processor.py:925} INFO - DAG(s) 'example_xcom_args', 'example_xcom_args_with_operators' retrieved from /home/airflow/.local/lib/python3.12/site-packages/airflow/example_dags/example_xcomargs.py
[2025-03-30T23:28:31.064+0000] {logging_mixin.py:190} INFO - [2025-03-30T23:28:31.064+0000] {dag.py:3239} INFO - Sync 2 DAGs
[2025-03-30T23:28:31.097+0000] {logging_mixin.py:190} INFO - [2025-03-30T23:28:31.096+0000] {dag.py:4180} INFO - Setting next_dagrun for example_xcom_args to None, run_after=None
[2025-03-30T23:28:31.107+0000] {logging_mixin.py:190} INFO - [2025-03-30T23:28:31.107+0000] {dag.py:4180} INFO - Setting next_dagrun for example_xcom_args_with_operators to None, run_after=None
[2025-03-30T23:28:31.156+0000] {processor.py:208} INFO - Processing /home/airflow/.local/lib/python3.12/site-packages/airflow/example_dags/example_xcomargs.py took 0.182 seconds
[2025-03-30T23:29:01.409+0000] {processor.py:186} INFO - Started process (PID=960) to work on /home/airflow/.local/lib/python3.12/site-packages/airflow/example_dags/example_xcomargs.py
[2025-03-30T23:29:01.412+0000] {processor.py:914} INFO - Processing file /home/airflow/.local/lib/python3.12/site-packages/airflow/example_dags/example_xcomargs.py for tasks to queue
[2025-03-30T23:29:01.417+0000] {logging_mixin.py:190} INFO - [2025-03-30T23:29:01.416+0000] {dagbag.py:588} INFO - Filling up the DagBag from /home/airflow/.local/lib/python3.12/site-packages/airflow/example_dags/example_xcomargs.py
[2025-03-30T23:29:01.437+0000] {processor.py:925} INFO - DAG(s) 'example_xcom_args_with_operators', 'example_xcom_args' retrieved from /home/airflow/.local/lib/python3.12/site-packages/airflow/example_dags/example_xcomargs.py
[2025-03-30T23:29:01.482+0000] {logging_mixin.py:190} INFO - [2025-03-30T23:29:01.482+0000] {dag.py:3239} INFO - Sync 2 DAGs
[2025-03-30T23:29:01.510+0000] {logging_mixin.py:190} INFO - [2025-03-30T23:29:01.509+0000] {dag.py:4180} INFO - Setting next_dagrun for example_xcom_args to None, run_after=None
[2025-03-30T23:29:01.519+0000] {logging_mixin.py:190} INFO - [2025-03-30T23:29:01.519+0000] {dag.py:4180} INFO - Setting next_dagrun for example_xcom_args_with_operators to None, run_after=None
[2025-03-30T23:29:01.561+0000] {processor.py:208} INFO - Processing /home/airflow/.local/lib/python3.12/site-packages/airflow/example_dags/example_xcomargs.py took 0.163 seconds
[2025-03-30T23:29:31.869+0000] {processor.py:186} INFO - Started process (PID=1024) to work on /home/airflow/.local/lib/python3.12/site-packages/airflow/example_dags/example_xcomargs.py
[2025-03-30T23:29:31.872+0000] {processor.py:914} INFO - Processing file /home/airflow/.local/lib/python3.12/site-packages/airflow/example_dags/example_xcomargs.py for tasks to queue
[2025-03-30T23:29:31.878+0000] {logging_mixin.py:190} INFO - [2025-03-30T23:29:31.877+0000] {dagbag.py:588} INFO - Filling up the DagBag from /home/airflow/.local/lib/python3.12/site-packages/airflow/example_dags/example_xcomargs.py
[2025-03-30T23:29:31.899+0000] {processor.py:925} INFO - DAG(s) 'example_xcom_args_with_operators', 'example_xcom_args' retrieved from /home/airflow/.local/lib/python3.12/site-packages/airflow/example_dags/example_xcomargs.py
[2025-03-30T23:29:31.947+0000] {logging_mixin.py:190} INFO - [2025-03-30T23:29:31.946+0000] {dag.py:3239} INFO - Sync 2 DAGs
[2025-03-30T23:29:31.976+0000] {logging_mixin.py:190} INFO - [2025-03-30T23:29:31.975+0000] {dag.py:4180} INFO - Setting next_dagrun for example_xcom_args to None, run_after=None
[2025-03-30T23:29:31.985+0000] {logging_mixin.py:190} INFO - [2025-03-30T23:29:31.985+0000] {dag.py:4180} INFO - Setting next_dagrun for example_xcom_args_with_operators to None, run_after=None
[2025-03-30T23:29:32.024+0000] {processor.py:208} INFO - Processing /home/airflow/.local/lib/python3.12/site-packages/airflow/example_dags/example_xcomargs.py took 0.166 seconds
[2025-03-30T23:30:02.325+0000] {processor.py:186} INFO - Started process (PID=1088) to work on /home/airflow/.local/lib/python3.12/site-packages/airflow/example_dags/example_xcomargs.py
[2025-03-30T23:30:02.329+0000] {processor.py:914} INFO - Processing file /home/airflow/.local/lib/python3.12/site-packages/airflow/example_dags/example_xcomargs.py for tasks to queue
[2025-03-30T23:30:02.335+0000] {logging_mixin.py:190} INFO - [2025-03-30T23:30:02.334+0000] {dagbag.py:588} INFO - Filling up the DagBag from /home/airflow/.local/lib/python3.12/site-packages/airflow/example_dags/example_xcomargs.py
[2025-03-30T23:30:02.356+0000] {processor.py:925} INFO - DAG(s) 'example_xcom_args_with_operators', 'example_xcom_args' retrieved from /home/airflow/.local/lib/python3.12/site-packages/airflow/example_dags/example_xcomargs.py
[2025-03-30T23:30:02.411+0000] {logging_mixin.py:190} INFO - [2025-03-30T23:30:02.410+0000] {dag.py:3239} INFO - Sync 2 DAGs
[2025-03-30T23:30:02.443+0000] {logging_mixin.py:190} INFO - [2025-03-30T23:30:02.442+0000] {dag.py:4180} INFO - Setting next_dagrun for example_xcom_args to None, run_after=None
[2025-03-30T23:30:02.452+0000] {logging_mixin.py:190} INFO - [2025-03-30T23:30:02.451+0000] {dag.py:4180} INFO - Setting next_dagrun for example_xcom_args_with_operators to None, run_after=None
[2025-03-30T23:30:02.493+0000] {processor.py:208} INFO - Processing /home/airflow/.local/lib/python3.12/site-packages/airflow/example_dags/example_xcomargs.py took 0.179 seconds
[2025-03-30T23:30:32.788+0000] {processor.py:186} INFO - Started process (PID=1152) to work on /home/airflow/.local/lib/python3.12/site-packages/airflow/example_dags/example_xcomargs.py
[2025-03-30T23:30:32.793+0000] {processor.py:914} INFO - Processing file /home/airflow/.local/lib/python3.12/site-packages/airflow/example_dags/example_xcomargs.py for tasks to queue
[2025-03-30T23:30:32.800+0000] {logging_mixin.py:190} INFO - [2025-03-30T23:30:32.799+0000] {dagbag.py:588} INFO - Filling up the DagBag from /home/airflow/.local/lib/python3.12/site-packages/airflow/example_dags/example_xcomargs.py
[2025-03-30T23:30:32.822+0000] {processor.py:925} INFO - DAG(s) 'example_xcom_args_with_operators', 'example_xcom_args' retrieved from /home/airflow/.local/lib/python3.12/site-packages/airflow/example_dags/example_xcomargs.py
[2025-03-30T23:30:32.878+0000] {logging_mixin.py:190} INFO - [2025-03-30T23:30:32.878+0000] {dag.py:3239} INFO - Sync 2 DAGs
[2025-03-30T23:30:32.912+0000] {logging_mixin.py:190} INFO - [2025-03-30T23:30:32.912+0000] {dag.py:4180} INFO - Setting next_dagrun for example_xcom_args to None, run_after=None
[2025-03-30T23:30:32.923+0000] {logging_mixin.py:190} INFO - [2025-03-30T23:30:32.922+0000] {dag.py:4180} INFO - Setting next_dagrun for example_xcom_args_with_operators to None, run_after=None
[2025-03-30T23:30:32.970+0000] {processor.py:208} INFO - Processing /home/airflow/.local/lib/python3.12/site-packages/airflow/example_dags/example_xcomargs.py took 0.199 seconds
[2025-03-30T23:31:03.727+0000] {processor.py:186} INFO - Started process (PID=1216) to work on /home/airflow/.local/lib/python3.12/site-packages/airflow/example_dags/example_xcomargs.py
[2025-03-30T23:31:03.730+0000] {processor.py:914} INFO - Processing file /home/airflow/.local/lib/python3.12/site-packages/airflow/example_dags/example_xcomargs.py for tasks to queue
[2025-03-30T23:31:03.738+0000] {logging_mixin.py:190} INFO - [2025-03-30T23:31:03.737+0000] {dagbag.py:588} INFO - Filling up the DagBag from /home/airflow/.local/lib/python3.12/site-packages/airflow/example_dags/example_xcomargs.py
[2025-03-30T23:31:03.761+0000] {processor.py:925} INFO - DAG(s) 'example_xcom_args_with_operators', 'example_xcom_args' retrieved from /home/airflow/.local/lib/python3.12/site-packages/airflow/example_dags/example_xcomargs.py
[2025-03-30T23:31:03.820+0000] {logging_mixin.py:190} INFO - [2025-03-30T23:31:03.819+0000] {dag.py:3239} INFO - Sync 2 DAGs
[2025-03-30T23:31:03.852+0000] {logging_mixin.py:190} INFO - [2025-03-30T23:31:03.852+0000] {dag.py:4180} INFO - Setting next_dagrun for example_xcom_args to None, run_after=None
[2025-03-30T23:31:03.861+0000] {logging_mixin.py:190} INFO - [2025-03-30T23:31:03.861+0000] {dag.py:4180} INFO - Setting next_dagrun for example_xcom_args_with_operators to None, run_after=None
[2025-03-30T23:31:03.905+0000] {processor.py:208} INFO - Processing /home/airflow/.local/lib/python3.12/site-packages/airflow/example_dags/example_xcomargs.py took 0.195 seconds
[2025-03-30T23:31:34.060+0000] {processor.py:186} INFO - Started process (PID=1280) to work on /home/airflow/.local/lib/python3.12/site-packages/airflow/example_dags/example_xcomargs.py
[2025-03-30T23:31:34.063+0000] {processor.py:914} INFO - Processing file /home/airflow/.local/lib/python3.12/site-packages/airflow/example_dags/example_xcomargs.py for tasks to queue
[2025-03-30T23:31:34.069+0000] {logging_mixin.py:190} INFO - [2025-03-30T23:31:34.068+0000] {dagbag.py:588} INFO - Filling up the DagBag from /home/airflow/.local/lib/python3.12/site-packages/airflow/example_dags/example_xcomargs.py
[2025-03-30T23:31:34.095+0000] {processor.py:925} INFO - DAG(s) 'example_xcom_args', 'example_xcom_args_with_operators' retrieved from /home/airflow/.local/lib/python3.12/site-packages/airflow/example_dags/example_xcomargs.py
[2025-03-30T23:31:34.150+0000] {logging_mixin.py:190} INFO - [2025-03-30T23:31:34.150+0000] {dag.py:3239} INFO - Sync 2 DAGs
[2025-03-30T23:31:34.181+0000] {logging_mixin.py:190} INFO - [2025-03-30T23:31:34.181+0000] {dag.py:4180} INFO - Setting next_dagrun for example_xcom_args to None, run_after=None
[2025-03-30T23:31:34.191+0000] {logging_mixin.py:190} INFO - [2025-03-30T23:31:34.190+0000] {dag.py:4180} INFO - Setting next_dagrun for example_xcom_args_with_operators to None, run_after=None
[2025-03-30T23:31:34.239+0000] {processor.py:208} INFO - Processing /home/airflow/.local/lib/python3.12/site-packages/airflow/example_dags/example_xcomargs.py took 0.192 seconds
[2025-03-30T23:32:04.977+0000] {processor.py:186} INFO - Started process (PID=1344) to work on /home/airflow/.local/lib/python3.12/site-packages/airflow/example_dags/example_xcomargs.py
[2025-03-30T23:32:04.981+0000] {processor.py:914} INFO - Processing file /home/airflow/.local/lib/python3.12/site-packages/airflow/example_dags/example_xcomargs.py for tasks to queue
[2025-03-30T23:32:04.989+0000] {logging_mixin.py:190} INFO - [2025-03-30T23:32:04.988+0000] {dagbag.py:588} INFO - Filling up the DagBag from /home/airflow/.local/lib/python3.12/site-packages/airflow/example_dags/example_xcomargs.py
[2025-03-30T23:32:05.012+0000] {processor.py:925} INFO - DAG(s) 'example_xcom_args_with_operators', 'example_xcom_args' retrieved from /home/airflow/.local/lib/python3.12/site-packages/airflow/example_dags/example_xcomargs.py
[2025-03-30T23:32:05.069+0000] {logging_mixin.py:190} INFO - [2025-03-30T23:32:05.068+0000] {dag.py:3239} INFO - Sync 2 DAGs
[2025-03-30T23:32:05.100+0000] {logging_mixin.py:190} INFO - [2025-03-30T23:32:05.099+0000] {dag.py:4180} INFO - Setting next_dagrun for example_xcom_args to None, run_after=None
[2025-03-30T23:32:05.110+0000] {logging_mixin.py:190} INFO - [2025-03-30T23:32:05.110+0000] {dag.py:4180} INFO - Setting next_dagrun for example_xcom_args_with_operators to None, run_after=None
[2025-03-30T23:32:05.157+0000] {processor.py:208} INFO - Processing /home/airflow/.local/lib/python3.12/site-packages/airflow/example_dags/example_xcomargs.py took 0.192 seconds
[2025-03-30T23:32:35.874+0000] {processor.py:186} INFO - Started process (PID=1408) to work on /home/airflow/.local/lib/python3.12/site-packages/airflow/example_dags/example_xcomargs.py
[2025-03-30T23:32:35.878+0000] {processor.py:914} INFO - Processing file /home/airflow/.local/lib/python3.12/site-packages/airflow/example_dags/example_xcomargs.py for tasks to queue
[2025-03-30T23:32:35.885+0000] {logging_mixin.py:190} INFO - [2025-03-30T23:32:35.884+0000] {dagbag.py:588} INFO - Filling up the DagBag from /home/airflow/.local/lib/python3.12/site-packages/airflow/example_dags/example_xcomargs.py
[2025-03-30T23:32:35.907+0000] {processor.py:925} INFO - DAG(s) 'example_xcom_args', 'example_xcom_args_with_operators' retrieved from /home/airflow/.local/lib/python3.12/site-packages/airflow/example_dags/example_xcomargs.py
[2025-03-30T23:32:35.957+0000] {logging_mixin.py:190} INFO - [2025-03-30T23:32:35.956+0000] {dag.py:3239} INFO - Sync 2 DAGs
[2025-03-30T23:32:35.987+0000] {logging_mixin.py:190} INFO - [2025-03-30T23:32:35.987+0000] {dag.py:4180} INFO - Setting next_dagrun for example_xcom_args to None, run_after=None
[2025-03-30T23:32:35.998+0000] {logging_mixin.py:190} INFO - [2025-03-30T23:32:35.997+0000] {dag.py:4180} INFO - Setting next_dagrun for example_xcom_args_with_operators to None, run_after=None
[2025-03-30T23:32:36.037+0000] {processor.py:208} INFO - Processing /home/airflow/.local/lib/python3.12/site-packages/airflow/example_dags/example_xcomargs.py took 0.177 seconds
[2025-03-30T23:33:06.252+0000] {processor.py:186} INFO - Started process (PID=1472) to work on /home/airflow/.local/lib/python3.12/site-packages/airflow/example_dags/example_xcomargs.py
[2025-03-30T23:33:06.255+0000] {processor.py:914} INFO - Processing file /home/airflow/.local/lib/python3.12/site-packages/airflow/example_dags/example_xcomargs.py for tasks to queue
[2025-03-30T23:33:06.261+0000] {logging_mixin.py:190} INFO - [2025-03-30T23:33:06.260+0000] {dagbag.py:588} INFO - Filling up the DagBag from /home/airflow/.local/lib/python3.12/site-packages/airflow/example_dags/example_xcomargs.py
[2025-03-30T23:33:06.283+0000] {processor.py:925} INFO - DAG(s) 'example_xcom_args_with_operators', 'example_xcom_args' retrieved from /home/airflow/.local/lib/python3.12/site-packages/airflow/example_dags/example_xcomargs.py
[2025-03-30T23:33:06.333+0000] {logging_mixin.py:190} INFO - [2025-03-30T23:33:06.333+0000] {dag.py:3239} INFO - Sync 2 DAGs
[2025-03-30T23:33:06.361+0000] {logging_mixin.py:190} INFO - [2025-03-30T23:33:06.360+0000] {dag.py:4180} INFO - Setting next_dagrun for example_xcom_args to None, run_after=None
[2025-03-30T23:33:06.370+0000] {logging_mixin.py:190} INFO - [2025-03-30T23:33:06.370+0000] {dag.py:4180} INFO - Setting next_dagrun for example_xcom_args_with_operators to None, run_after=None
[2025-03-30T23:33:06.407+0000] {processor.py:208} INFO - Processing /home/airflow/.local/lib/python3.12/site-packages/airflow/example_dags/example_xcomargs.py took 0.167 seconds
[2025-03-30T23:33:37.361+0000] {processor.py:186} INFO - Started process (PID=1536) to work on /home/airflow/.local/lib/python3.12/site-packages/airflow/example_dags/example_xcomargs.py
[2025-03-30T23:33:37.365+0000] {processor.py:914} INFO - Processing file /home/airflow/.local/lib/python3.12/site-packages/airflow/example_dags/example_xcomargs.py for tasks to queue
[2025-03-30T23:33:37.373+0000] {logging_mixin.py:190} INFO - [2025-03-30T23:33:37.372+0000] {dagbag.py:588} INFO - Filling up the DagBag from /home/airflow/.local/lib/python3.12/site-packages/airflow/example_dags/example_xcomargs.py
[2025-03-30T23:33:37.398+0000] {processor.py:925} INFO - DAG(s) 'example_xcom_args_with_operators', 'example_xcom_args' retrieved from /home/airflow/.local/lib/python3.12/site-packages/airflow/example_dags/example_xcomargs.py
[2025-03-30T23:33:37.448+0000] {logging_mixin.py:190} INFO - [2025-03-30T23:33:37.447+0000] {dag.py:3239} INFO - Sync 2 DAGs
[2025-03-30T23:33:37.485+0000] {logging_mixin.py:190} INFO - [2025-03-30T23:33:37.484+0000] {dag.py:4180} INFO - Setting next_dagrun for example_xcom_args to None, run_after=None
[2025-03-30T23:33:37.496+0000] {logging_mixin.py:190} INFO - [2025-03-30T23:33:37.495+0000] {dag.py:4180} INFO - Setting next_dagrun for example_xcom_args_with_operators to None, run_after=None
[2025-03-30T23:33:37.541+0000] {processor.py:208} INFO - Processing /home/airflow/.local/lib/python3.12/site-packages/airflow/example_dags/example_xcomargs.py took 0.196 seconds
[2025-03-30T23:52:59.734+0000] {processor.py:186} INFO - Started process (PID=1571) to work on /home/airflow/.local/lib/python3.12/site-packages/airflow/example_dags/example_xcomargs.py
[2025-03-30T23:52:59.736+0000] {processor.py:914} INFO - Processing file /home/airflow/.local/lib/python3.12/site-packages/airflow/example_dags/example_xcomargs.py for tasks to queue
[2025-03-30T23:52:59.740+0000] {logging_mixin.py:190} INFO - [2025-03-30T23:52:59.740+0000] {dagbag.py:588} INFO - Filling up the DagBag from /home/airflow/.local/lib/python3.12/site-packages/airflow/example_dags/example_xcomargs.py
[2025-03-30T23:52:59.749+0000] {processor.py:925} INFO - DAG(s) 'example_xcom_args', 'example_xcom_args_with_operators' retrieved from /home/airflow/.local/lib/python3.12/site-packages/airflow/example_dags/example_xcomargs.py
[2025-03-30T23:52:59.772+0000] {logging_mixin.py:190} INFO - [2025-03-30T23:52:59.772+0000] {dag.py:3239} INFO - Sync 2 DAGs
[2025-03-30T23:52:59.784+0000] {logging_mixin.py:190} INFO - [2025-03-30T23:52:59.784+0000] {dag.py:4180} INFO - Setting next_dagrun for example_xcom_args to None, run_after=None
[2025-03-30T23:52:59.788+0000] {logging_mixin.py:190} INFO - [2025-03-30T23:52:59.788+0000] {dag.py:4180} INFO - Setting next_dagrun for example_xcom_args_with_operators to None, run_after=None
[2025-03-30T23:52:59.808+0000] {processor.py:208} INFO - Processing /home/airflow/.local/lib/python3.12/site-packages/airflow/example_dags/example_xcomargs.py took 0.081 seconds
