[2025-03-30T23:20:39.600+0000] {processor.py:186} INFO - Started process (PID=91) to work on /home/airflow/.local/lib/python3.12/site-packages/airflow/example_dags/example_subdag_operator.py
[2025-03-30T23:20:39.603+0000] {processor.py:914} INFO - Processing file /home/airflow/.local/lib/python3.12/site-packages/airflow/example_dags/example_subdag_operator.py for tasks to queue
[2025-03-30T23:20:39.609+0000] {logging_mixin.py:190} INFO - [2025-03-30T23:20:39.609+0000] {dagbag.py:588} INFO - Filling up the DagBag from /home/airflow/.local/lib/python3.12/site-packages/airflow/example_dags/example_subdag_operator.py
[2025-03-30T23:20:39.670+0000] {processor.py:925} INFO - DAG(s) 'example_subdag_operator.section-1', 'example_subdag_operator.section-2', 'example_subdag_operator' retrieved from /home/airflow/.local/lib/python3.12/site-packages/airflow/example_dags/example_subdag_operator.py
[2025-03-30T23:20:39.706+0000] {logging_mixin.py:190} INFO - [2025-03-30T23:20:39.705+0000] {dag.py:3239} INFO - Sync 3 DAGs
[2025-03-30T23:20:39.761+0000] {logging_mixin.py:190} INFO - [2025-03-30T23:20:39.761+0000] {dag.py:4180} INFO - Setting next_dagrun for example_subdag_operator to 2022-01-01 00:00:00+00:00, run_after=2022-01-01 00:00:00+00:00
[2025-03-30T23:20:39.773+0000] {logging_mixin.py:190} INFO - [2025-03-30T23:20:39.772+0000] {dag.py:4180} INFO - Setting next_dagrun for example_subdag_operator.section-1 to None, run_after=None
[2025-03-30T23:20:39.777+0000] {logging_mixin.py:190} INFO - [2025-03-30T23:20:39.777+0000] {dag.py:4180} INFO - Setting next_dagrun for example_subdag_operator.section-2 to None, run_after=None
[2025-03-30T23:20:39.796+0000] {logging_mixin.py:190} INFO - [2025-03-30T23:20:39.796+0000] {dag.py:3239} INFO - Sync 2 DAGs
[2025-03-30T23:20:39.808+0000] {logging_mixin.py:190} INFO - [2025-03-30T23:20:39.808+0000] {dag.py:4180} INFO - Setting next_dagrun for example_subdag_operator.section-1 to None, run_after=None
[2025-03-30T23:20:39.810+0000] {logging_mixin.py:190} INFO - [2025-03-30T23:20:39.809+0000] {dag.py:4180} INFO - Setting next_dagrun for example_subdag_operator.section-2 to None, run_after=None
[2025-03-30T23:20:39.840+0000] {processor.py:208} INFO - Processing /home/airflow/.local/lib/python3.12/site-packages/airflow/example_dags/example_subdag_operator.py took 0.253 seconds
[2025-03-30T23:21:58.881+0000] {processor.py:186} INFO - Started process (PID=92) to work on /home/airflow/.local/lib/python3.12/site-packages/airflow/example_dags/example_subdag_operator.py
[2025-03-30T23:21:58.885+0000] {processor.py:914} INFO - Processing file /home/airflow/.local/lib/python3.12/site-packages/airflow/example_dags/example_subdag_operator.py for tasks to queue
[2025-03-30T23:21:58.892+0000] {logging_mixin.py:190} INFO - [2025-03-30T23:21:58.891+0000] {dagbag.py:588} INFO - Filling up the DagBag from /home/airflow/.local/lib/python3.12/site-packages/airflow/example_dags/example_subdag_operator.py
[2025-03-30T23:21:58.963+0000] {processor.py:925} INFO - DAG(s) 'example_subdag_operator.section-1', 'example_subdag_operator.section-2', 'example_subdag_operator' retrieved from /home/airflow/.local/lib/python3.12/site-packages/airflow/example_dags/example_subdag_operator.py
[2025-03-30T23:21:58.991+0000] {logging_mixin.py:190} INFO - [2025-03-30T23:21:58.990+0000] {dag.py:3239} INFO - Sync 3 DAGs
[2025-03-30T23:21:59.039+0000] {logging_mixin.py:190} INFO - [2025-03-30T23:21:59.038+0000] {dag.py:4180} INFO - Setting next_dagrun for example_subdag_operator to 2022-01-01 00:00:00+00:00, run_after=2022-01-01 00:00:00+00:00
[2025-03-30T23:21:59.048+0000] {logging_mixin.py:190} INFO - [2025-03-30T23:21:59.048+0000] {dag.py:4180} INFO - Setting next_dagrun for example_subdag_operator.section-1 to None, run_after=None
[2025-03-30T23:21:59.052+0000] {logging_mixin.py:190} INFO - [2025-03-30T23:21:59.051+0000] {dag.py:4180} INFO - Setting next_dagrun for example_subdag_operator.section-2 to None, run_after=None
[2025-03-30T23:21:59.069+0000] {logging_mixin.py:190} INFO - [2025-03-30T23:21:59.069+0000] {dag.py:3239} INFO - Sync 2 DAGs
[2025-03-30T23:21:59.085+0000] {logging_mixin.py:190} INFO - [2025-03-30T23:21:59.085+0000] {dag.py:4180} INFO - Setting next_dagrun for example_subdag_operator.section-1 to None, run_after=None
[2025-03-30T23:21:59.088+0000] {logging_mixin.py:190} INFO - [2025-03-30T23:21:59.087+0000] {dag.py:4180} INFO - Setting next_dagrun for example_subdag_operator.section-2 to None, run_after=None
[2025-03-30T23:21:59.116+0000] {processor.py:208} INFO - Processing /home/airflow/.local/lib/python3.12/site-packages/airflow/example_dags/example_subdag_operator.py took 0.247 seconds
[2025-03-30T23:22:30.081+0000] {processor.py:186} INFO - Started process (PID=156) to work on /home/airflow/.local/lib/python3.12/site-packages/airflow/example_dags/example_subdag_operator.py
[2025-03-30T23:22:30.084+0000] {processor.py:914} INFO - Processing file /home/airflow/.local/lib/python3.12/site-packages/airflow/example_dags/example_subdag_operator.py for tasks to queue
[2025-03-30T23:22:30.092+0000] {logging_mixin.py:190} INFO - [2025-03-30T23:22:30.091+0000] {dagbag.py:588} INFO - Filling up the DagBag from /home/airflow/.local/lib/python3.12/site-packages/airflow/example_dags/example_subdag_operator.py
[2025-03-30T23:22:30.148+0000] {processor.py:925} INFO - DAG(s) 'example_subdag_operator.section-1', 'example_subdag_operator.section-2', 'example_subdag_operator' retrieved from /home/airflow/.local/lib/python3.12/site-packages/airflow/example_dags/example_subdag_operator.py
[2025-03-30T23:22:30.180+0000] {logging_mixin.py:190} INFO - [2025-03-30T23:22:30.179+0000] {dag.py:3239} INFO - Sync 3 DAGs
[2025-03-30T23:22:30.225+0000] {logging_mixin.py:190} INFO - [2025-03-30T23:22:30.225+0000] {dag.py:4180} INFO - Setting next_dagrun for example_subdag_operator to 2022-01-01 00:00:00+00:00, run_after=2022-01-01 00:00:00+00:00
[2025-03-30T23:22:30.236+0000] {logging_mixin.py:190} INFO - [2025-03-30T23:22:30.235+0000] {dag.py:4180} INFO - Setting next_dagrun for example_subdag_operator.section-1 to None, run_after=None
[2025-03-30T23:22:30.241+0000] {logging_mixin.py:190} INFO - [2025-03-30T23:22:30.241+0000] {dag.py:4180} INFO - Setting next_dagrun for example_subdag_operator.section-2 to None, run_after=None
[2025-03-30T23:22:30.262+0000] {logging_mixin.py:190} INFO - [2025-03-30T23:22:30.261+0000] {dag.py:3239} INFO - Sync 2 DAGs
[2025-03-30T23:22:30.274+0000] {logging_mixin.py:190} INFO - [2025-03-30T23:22:30.274+0000] {dag.py:4180} INFO - Setting next_dagrun for example_subdag_operator.section-1 to None, run_after=None
[2025-03-30T23:22:30.277+0000] {logging_mixin.py:190} INFO - [2025-03-30T23:22:30.277+0000] {dag.py:4180} INFO - Setting next_dagrun for example_subdag_operator.section-2 to None, run_after=None
[2025-03-30T23:22:30.317+0000] {processor.py:208} INFO - Processing /home/airflow/.local/lib/python3.12/site-packages/airflow/example_dags/example_subdag_operator.py took 0.249 seconds
[2025-03-30T23:23:00.979+0000] {processor.py:186} INFO - Started process (PID=224) to work on /home/airflow/.local/lib/python3.12/site-packages/airflow/example_dags/example_subdag_operator.py
[2025-03-30T23:23:00.983+0000] {processor.py:914} INFO - Processing file /home/airflow/.local/lib/python3.12/site-packages/airflow/example_dags/example_subdag_operator.py for tasks to queue
[2025-03-30T23:23:00.993+0000] {logging_mixin.py:190} INFO - [2025-03-30T23:23:00.992+0000] {dagbag.py:588} INFO - Filling up the DagBag from /home/airflow/.local/lib/python3.12/site-packages/airflow/example_dags/example_subdag_operator.py
[2025-03-30T23:23:01.046+0000] {processor.py:925} INFO - DAG(s) 'example_subdag_operator.section-1', 'example_subdag_operator.section-2', 'example_subdag_operator' retrieved from /home/airflow/.local/lib/python3.12/site-packages/airflow/example_dags/example_subdag_operator.py
[2025-03-30T23:23:01.077+0000] {logging_mixin.py:190} INFO - [2025-03-30T23:23:01.076+0000] {dag.py:3239} INFO - Sync 3 DAGs
[2025-03-30T23:23:01.123+0000] {logging_mixin.py:190} INFO - [2025-03-30T23:23:01.123+0000] {dag.py:4180} INFO - Setting next_dagrun for example_subdag_operator to 2022-01-01 00:00:00+00:00, run_after=2022-01-01 00:00:00+00:00
[2025-03-30T23:23:01.138+0000] {logging_mixin.py:190} INFO - [2025-03-30T23:23:01.137+0000] {dag.py:4180} INFO - Setting next_dagrun for example_subdag_operator.section-1 to None, run_after=None
[2025-03-30T23:23:01.144+0000] {logging_mixin.py:190} INFO - [2025-03-30T23:23:01.143+0000] {dag.py:4180} INFO - Setting next_dagrun for example_subdag_operator.section-2 to None, run_after=None
[2025-03-30T23:23:01.158+0000] {logging_mixin.py:190} INFO - [2025-03-30T23:23:01.157+0000] {dag.py:3239} INFO - Sync 2 DAGs
[2025-03-30T23:23:01.167+0000] {logging_mixin.py:190} INFO - [2025-03-30T23:23:01.167+0000] {dag.py:4180} INFO - Setting next_dagrun for example_subdag_operator.section-1 to None, run_after=None
[2025-03-30T23:23:01.170+0000] {logging_mixin.py:190} INFO - [2025-03-30T23:23:01.169+0000] {dag.py:4180} INFO - Setting next_dagrun for example_subdag_operator.section-2 to None, run_after=None
[2025-03-30T23:23:01.192+0000] {processor.py:208} INFO - Processing /home/airflow/.local/lib/python3.12/site-packages/airflow/example_dags/example_subdag_operator.py took 0.227 seconds
[2025-03-30T23:23:32.538+0000] {processor.py:186} INFO - Started process (PID=288) to work on /home/airflow/.local/lib/python3.12/site-packages/airflow/example_dags/example_subdag_operator.py
[2025-03-30T23:23:32.541+0000] {processor.py:914} INFO - Processing file /home/airflow/.local/lib/python3.12/site-packages/airflow/example_dags/example_subdag_operator.py for tasks to queue
[2025-03-30T23:23:32.546+0000] {logging_mixin.py:190} INFO - [2025-03-30T23:23:32.545+0000] {dagbag.py:588} INFO - Filling up the DagBag from /home/airflow/.local/lib/python3.12/site-packages/airflow/example_dags/example_subdag_operator.py
[2025-03-30T23:23:32.603+0000] {processor.py:925} INFO - DAG(s) 'example_subdag_operator.section-1', 'example_subdag_operator.section-2', 'example_subdag_operator' retrieved from /home/airflow/.local/lib/python3.12/site-packages/airflow/example_dags/example_subdag_operator.py
[2025-03-30T23:23:32.640+0000] {logging_mixin.py:190} INFO - [2025-03-30T23:23:32.640+0000] {dag.py:3239} INFO - Sync 3 DAGs
[2025-03-30T23:23:32.689+0000] {logging_mixin.py:190} INFO - [2025-03-30T23:23:32.688+0000] {dag.py:4180} INFO - Setting next_dagrun for example_subdag_operator to 2022-01-01 00:00:00+00:00, run_after=2022-01-01 00:00:00+00:00
[2025-03-30T23:23:32.702+0000] {logging_mixin.py:190} INFO - [2025-03-30T23:23:32.701+0000] {dag.py:4180} INFO - Setting next_dagrun for example_subdag_operator.section-1 to None, run_after=None
[2025-03-30T23:23:32.708+0000] {logging_mixin.py:190} INFO - [2025-03-30T23:23:32.707+0000] {dag.py:4180} INFO - Setting next_dagrun for example_subdag_operator.section-2 to None, run_after=None
[2025-03-30T23:23:32.727+0000] {logging_mixin.py:190} INFO - [2025-03-30T23:23:32.726+0000] {dag.py:3239} INFO - Sync 2 DAGs
[2025-03-30T23:23:32.741+0000] {logging_mixin.py:190} INFO - [2025-03-30T23:23:32.740+0000] {dag.py:4180} INFO - Setting next_dagrun for example_subdag_operator.section-1 to None, run_after=None
[2025-03-30T23:23:32.744+0000] {logging_mixin.py:190} INFO - [2025-03-30T23:23:32.744+0000] {dag.py:4180} INFO - Setting next_dagrun for example_subdag_operator.section-2 to None, run_after=None
[2025-03-30T23:23:32.771+0000] {processor.py:208} INFO - Processing /home/airflow/.local/lib/python3.12/site-packages/airflow/example_dags/example_subdag_operator.py took 0.244 seconds
[2025-03-30T23:24:04.001+0000] {processor.py:186} INFO - Started process (PID=352) to work on /home/airflow/.local/lib/python3.12/site-packages/airflow/example_dags/example_subdag_operator.py
[2025-03-30T23:24:04.005+0000] {processor.py:914} INFO - Processing file /home/airflow/.local/lib/python3.12/site-packages/airflow/example_dags/example_subdag_operator.py for tasks to queue
[2025-03-30T23:24:04.010+0000] {logging_mixin.py:190} INFO - [2025-03-30T23:24:04.010+0000] {dagbag.py:588} INFO - Filling up the DagBag from /home/airflow/.local/lib/python3.12/site-packages/airflow/example_dags/example_subdag_operator.py
[2025-03-30T23:24:04.063+0000] {processor.py:925} INFO - DAG(s) 'example_subdag_operator.section-1', 'example_subdag_operator.section-2', 'example_subdag_operator' retrieved from /home/airflow/.local/lib/python3.12/site-packages/airflow/example_dags/example_subdag_operator.py
[2025-03-30T23:24:04.092+0000] {logging_mixin.py:190} INFO - [2025-03-30T23:24:04.091+0000] {dag.py:3239} INFO - Sync 3 DAGs
[2025-03-30T23:24:04.139+0000] {logging_mixin.py:190} INFO - [2025-03-30T23:24:04.138+0000] {dag.py:4180} INFO - Setting next_dagrun for example_subdag_operator to 2022-01-01 00:00:00+00:00, run_after=2022-01-01 00:00:00+00:00
[2025-03-30T23:24:04.147+0000] {logging_mixin.py:190} INFO - [2025-03-30T23:24:04.147+0000] {dag.py:4180} INFO - Setting next_dagrun for example_subdag_operator.section-1 to None, run_after=None
[2025-03-30T23:24:04.152+0000] {logging_mixin.py:190} INFO - [2025-03-30T23:24:04.151+0000] {dag.py:4180} INFO - Setting next_dagrun for example_subdag_operator.section-2 to None, run_after=None
[2025-03-30T23:24:04.168+0000] {logging_mixin.py:190} INFO - [2025-03-30T23:24:04.167+0000] {dag.py:3239} INFO - Sync 2 DAGs
[2025-03-30T23:24:04.183+0000] {logging_mixin.py:190} INFO - [2025-03-30T23:24:04.182+0000] {dag.py:4180} INFO - Setting next_dagrun for example_subdag_operator.section-1 to None, run_after=None
[2025-03-30T23:24:04.186+0000] {logging_mixin.py:190} INFO - [2025-03-30T23:24:04.186+0000] {dag.py:4180} INFO - Setting next_dagrun for example_subdag_operator.section-2 to None, run_after=None
[2025-03-30T23:24:04.218+0000] {processor.py:208} INFO - Processing /home/airflow/.local/lib/python3.12/site-packages/airflow/example_dags/example_subdag_operator.py took 0.227 seconds
[2025-03-30T23:24:35.770+0000] {processor.py:186} INFO - Started process (PID=416) to work on /home/airflow/.local/lib/python3.12/site-packages/airflow/example_dags/example_subdag_operator.py
[2025-03-30T23:24:35.774+0000] {processor.py:914} INFO - Processing file /home/airflow/.local/lib/python3.12/site-packages/airflow/example_dags/example_subdag_operator.py for tasks to queue
[2025-03-30T23:24:35.781+0000] {logging_mixin.py:190} INFO - [2025-03-30T23:24:35.780+0000] {dagbag.py:588} INFO - Filling up the DagBag from /home/airflow/.local/lib/python3.12/site-packages/airflow/example_dags/example_subdag_operator.py
[2025-03-30T23:24:35.835+0000] {processor.py:925} INFO - DAG(s) 'example_subdag_operator.section-1', 'example_subdag_operator.section-2', 'example_subdag_operator' retrieved from /home/airflow/.local/lib/python3.12/site-packages/airflow/example_dags/example_subdag_operator.py
[2025-03-30T23:24:35.868+0000] {logging_mixin.py:190} INFO - [2025-03-30T23:24:35.867+0000] {dag.py:3239} INFO - Sync 3 DAGs
[2025-03-30T23:24:35.915+0000] {logging_mixin.py:190} INFO - [2025-03-30T23:24:35.914+0000] {dag.py:4180} INFO - Setting next_dagrun for example_subdag_operator to 2022-01-01 00:00:00+00:00, run_after=2022-01-01 00:00:00+00:00
[2025-03-30T23:24:35.923+0000] {logging_mixin.py:190} INFO - [2025-03-30T23:24:35.923+0000] {dag.py:4180} INFO - Setting next_dagrun for example_subdag_operator.section-1 to None, run_after=None
[2025-03-30T23:24:35.928+0000] {logging_mixin.py:190} INFO - [2025-03-30T23:24:35.927+0000] {dag.py:4180} INFO - Setting next_dagrun for example_subdag_operator.section-2 to None, run_after=None
[2025-03-30T23:24:35.942+0000] {logging_mixin.py:190} INFO - [2025-03-30T23:24:35.942+0000] {dag.py:3239} INFO - Sync 2 DAGs
[2025-03-30T23:24:35.958+0000] {logging_mixin.py:190} INFO - [2025-03-30T23:24:35.958+0000] {dag.py:4180} INFO - Setting next_dagrun for example_subdag_operator.section-1 to None, run_after=None
[2025-03-30T23:24:35.960+0000] {logging_mixin.py:190} INFO - [2025-03-30T23:24:35.960+0000] {dag.py:4180} INFO - Setting next_dagrun for example_subdag_operator.section-2 to None, run_after=None
[2025-03-30T23:24:35.995+0000] {processor.py:208} INFO - Processing /home/airflow/.local/lib/python3.12/site-packages/airflow/example_dags/example_subdag_operator.py took 0.237 seconds
[2025-03-30T23:25:06.818+0000] {processor.py:186} INFO - Started process (PID=480) to work on /home/airflow/.local/lib/python3.12/site-packages/airflow/example_dags/example_subdag_operator.py
[2025-03-30T23:25:06.822+0000] {processor.py:914} INFO - Processing file /home/airflow/.local/lib/python3.12/site-packages/airflow/example_dags/example_subdag_operator.py for tasks to queue
[2025-03-30T23:25:06.830+0000] {logging_mixin.py:190} INFO - [2025-03-30T23:25:06.829+0000] {dagbag.py:588} INFO - Filling up the DagBag from /home/airflow/.local/lib/python3.12/site-packages/airflow/example_dags/example_subdag_operator.py
[2025-03-30T23:25:06.902+0000] {processor.py:925} INFO - DAG(s) 'example_subdag_operator.section-1', 'example_subdag_operator.section-2', 'example_subdag_operator' retrieved from /home/airflow/.local/lib/python3.12/site-packages/airflow/example_dags/example_subdag_operator.py
[2025-03-30T23:25:06.929+0000] {logging_mixin.py:190} INFO - [2025-03-30T23:25:06.929+0000] {dag.py:3239} INFO - Sync 3 DAGs
[2025-03-30T23:25:06.972+0000] {logging_mixin.py:190} INFO - [2025-03-30T23:25:06.972+0000] {dag.py:4180} INFO - Setting next_dagrun for example_subdag_operator to 2022-01-01 00:00:00+00:00, run_after=2022-01-01 00:00:00+00:00
[2025-03-30T23:25:06.980+0000] {logging_mixin.py:190} INFO - [2025-03-30T23:25:06.980+0000] {dag.py:4180} INFO - Setting next_dagrun for example_subdag_operator.section-1 to None, run_after=None
[2025-03-30T23:25:06.987+0000] {logging_mixin.py:190} INFO - [2025-03-30T23:25:06.986+0000] {dag.py:4180} INFO - Setting next_dagrun for example_subdag_operator.section-2 to None, run_after=None
[2025-03-30T23:25:07.004+0000] {logging_mixin.py:190} INFO - [2025-03-30T23:25:07.003+0000] {dag.py:3239} INFO - Sync 2 DAGs
[2025-03-30T23:25:07.018+0000] {logging_mixin.py:190} INFO - [2025-03-30T23:25:07.017+0000] {dag.py:4180} INFO - Setting next_dagrun for example_subdag_operator.section-1 to None, run_after=None
[2025-03-30T23:25:07.020+0000] {logging_mixin.py:190} INFO - [2025-03-30T23:25:07.020+0000] {dag.py:4180} INFO - Setting next_dagrun for example_subdag_operator.section-2 to None, run_after=None
[2025-03-30T23:25:07.052+0000] {processor.py:208} INFO - Processing /home/airflow/.local/lib/python3.12/site-packages/airflow/example_dags/example_subdag_operator.py took 0.248 seconds
[2025-03-30T23:25:38.711+0000] {processor.py:186} INFO - Started process (PID=544) to work on /home/airflow/.local/lib/python3.12/site-packages/airflow/example_dags/example_subdag_operator.py
[2025-03-30T23:25:38.715+0000] {processor.py:914} INFO - Processing file /home/airflow/.local/lib/python3.12/site-packages/airflow/example_dags/example_subdag_operator.py for tasks to queue
[2025-03-30T23:25:38.723+0000] {logging_mixin.py:190} INFO - [2025-03-30T23:25:38.722+0000] {dagbag.py:588} INFO - Filling up the DagBag from /home/airflow/.local/lib/python3.12/site-packages/airflow/example_dags/example_subdag_operator.py
[2025-03-30T23:25:38.792+0000] {processor.py:925} INFO - DAG(s) 'example_subdag_operator.section-1', 'example_subdag_operator.section-2', 'example_subdag_operator' retrieved from /home/airflow/.local/lib/python3.12/site-packages/airflow/example_dags/example_subdag_operator.py
[2025-03-30T23:25:38.829+0000] {logging_mixin.py:190} INFO - [2025-03-30T23:25:38.829+0000] {dag.py:3239} INFO - Sync 3 DAGs
[2025-03-30T23:25:38.871+0000] {logging_mixin.py:190} INFO - [2025-03-30T23:25:38.871+0000] {dag.py:4180} INFO - Setting next_dagrun for example_subdag_operator to 2022-01-01 00:00:00+00:00, run_after=2022-01-01 00:00:00+00:00
[2025-03-30T23:25:38.886+0000] {logging_mixin.py:190} INFO - [2025-03-30T23:25:38.885+0000] {dag.py:4180} INFO - Setting next_dagrun for example_subdag_operator.section-1 to None, run_after=None
[2025-03-30T23:25:38.893+0000] {logging_mixin.py:190} INFO - [2025-03-30T23:25:38.892+0000] {dag.py:4180} INFO - Setting next_dagrun for example_subdag_operator.section-2 to None, run_after=None
[2025-03-30T23:25:38.910+0000] {logging_mixin.py:190} INFO - [2025-03-30T23:25:38.910+0000] {dag.py:3239} INFO - Sync 2 DAGs
[2025-03-30T23:25:38.928+0000] {logging_mixin.py:190} INFO - [2025-03-30T23:25:38.927+0000] {dag.py:4180} INFO - Setting next_dagrun for example_subdag_operator.section-1 to None, run_after=None
[2025-03-30T23:25:38.931+0000] {logging_mixin.py:190} INFO - [2025-03-30T23:25:38.931+0000] {dag.py:4180} INFO - Setting next_dagrun for example_subdag_operator.section-2 to None, run_after=None
[2025-03-30T23:25:38.963+0000] {processor.py:208} INFO - Processing /home/airflow/.local/lib/python3.12/site-packages/airflow/example_dags/example_subdag_operator.py took 0.268 seconds
[2025-03-30T23:26:09.083+0000] {processor.py:186} INFO - Started process (PID=607) to work on /home/airflow/.local/lib/python3.12/site-packages/airflow/example_dags/example_subdag_operator.py
[2025-03-30T23:26:09.087+0000] {processor.py:914} INFO - Processing file /home/airflow/.local/lib/python3.12/site-packages/airflow/example_dags/example_subdag_operator.py for tasks to queue
[2025-03-30T23:26:09.095+0000] {logging_mixin.py:190} INFO - [2025-03-30T23:26:09.094+0000] {dagbag.py:588} INFO - Filling up the DagBag from /home/airflow/.local/lib/python3.12/site-packages/airflow/example_dags/example_subdag_operator.py
[2025-03-30T23:26:09.155+0000] {processor.py:925} INFO - DAG(s) 'example_subdag_operator.section-1', 'example_subdag_operator.section-2', 'example_subdag_operator' retrieved from /home/airflow/.local/lib/python3.12/site-packages/airflow/example_dags/example_subdag_operator.py
[2025-03-30T23:26:09.185+0000] {logging_mixin.py:190} INFO - [2025-03-30T23:26:09.185+0000] {dag.py:3239} INFO - Sync 3 DAGs
[2025-03-30T23:26:09.233+0000] {logging_mixin.py:190} INFO - [2025-03-30T23:26:09.232+0000] {dag.py:4180} INFO - Setting next_dagrun for example_subdag_operator to 2022-01-01 00:00:00+00:00, run_after=2022-01-01 00:00:00+00:00
[2025-03-30T23:26:09.248+0000] {logging_mixin.py:190} INFO - [2025-03-30T23:26:09.248+0000] {dag.py:4180} INFO - Setting next_dagrun for example_subdag_operator.section-1 to None, run_after=None
[2025-03-30T23:26:09.254+0000] {logging_mixin.py:190} INFO - [2025-03-30T23:26:09.254+0000] {dag.py:4180} INFO - Setting next_dagrun for example_subdag_operator.section-2 to None, run_after=None
[2025-03-30T23:26:09.276+0000] {logging_mixin.py:190} INFO - [2025-03-30T23:26:09.275+0000] {dag.py:3239} INFO - Sync 2 DAGs
[2025-03-30T23:26:09.292+0000] {logging_mixin.py:190} INFO - [2025-03-30T23:26:09.292+0000] {dag.py:4180} INFO - Setting next_dagrun for example_subdag_operator.section-1 to None, run_after=None
[2025-03-30T23:26:09.296+0000] {logging_mixin.py:190} INFO - [2025-03-30T23:26:09.295+0000] {dag.py:4180} INFO - Setting next_dagrun for example_subdag_operator.section-2 to None, run_after=None
[2025-03-30T23:26:09.326+0000] {processor.py:208} INFO - Processing /home/airflow/.local/lib/python3.12/site-packages/airflow/example_dags/example_subdag_operator.py took 0.254 seconds
[2025-03-30T23:26:41.435+0000] {processor.py:186} INFO - Started process (PID=671) to work on /home/airflow/.local/lib/python3.12/site-packages/airflow/example_dags/example_subdag_operator.py
[2025-03-30T23:26:41.439+0000] {processor.py:914} INFO - Processing file /home/airflow/.local/lib/python3.12/site-packages/airflow/example_dags/example_subdag_operator.py for tasks to queue
[2025-03-30T23:26:41.445+0000] {logging_mixin.py:190} INFO - [2025-03-30T23:26:41.444+0000] {dagbag.py:588} INFO - Filling up the DagBag from /home/airflow/.local/lib/python3.12/site-packages/airflow/example_dags/example_subdag_operator.py
[2025-03-30T23:26:41.498+0000] {processor.py:925} INFO - DAG(s) 'example_subdag_operator.section-1', 'example_subdag_operator.section-2', 'example_subdag_operator' retrieved from /home/airflow/.local/lib/python3.12/site-packages/airflow/example_dags/example_subdag_operator.py
[2025-03-30T23:26:41.527+0000] {logging_mixin.py:190} INFO - [2025-03-30T23:26:41.526+0000] {dag.py:3239} INFO - Sync 3 DAGs
[2025-03-30T23:26:41.572+0000] {logging_mixin.py:190} INFO - [2025-03-30T23:26:41.571+0000] {dag.py:4180} INFO - Setting next_dagrun for example_subdag_operator to 2022-01-01 00:00:00+00:00, run_after=2022-01-01 00:00:00+00:00
[2025-03-30T23:26:41.583+0000] {logging_mixin.py:190} INFO - [2025-03-30T23:26:41.582+0000] {dag.py:4180} INFO - Setting next_dagrun for example_subdag_operator.section-1 to None, run_after=None
[2025-03-30T23:26:41.587+0000] {logging_mixin.py:190} INFO - [2025-03-30T23:26:41.587+0000] {dag.py:4180} INFO - Setting next_dagrun for example_subdag_operator.section-2 to None, run_after=None
[2025-03-30T23:26:41.606+0000] {logging_mixin.py:190} INFO - [2025-03-30T23:26:41.605+0000] {dag.py:3239} INFO - Sync 2 DAGs
[2025-03-30T23:26:41.619+0000] {logging_mixin.py:190} INFO - [2025-03-30T23:26:41.619+0000] {dag.py:4180} INFO - Setting next_dagrun for example_subdag_operator.section-1 to None, run_after=None
[2025-03-30T23:26:41.623+0000] {logging_mixin.py:190} INFO - [2025-03-30T23:26:41.623+0000] {dag.py:4180} INFO - Setting next_dagrun for example_subdag_operator.section-2 to None, run_after=None
[2025-03-30T23:26:41.648+0000] {processor.py:208} INFO - Processing /home/airflow/.local/lib/python3.12/site-packages/airflow/example_dags/example_subdag_operator.py took 0.225 seconds
[2025-03-30T23:27:14.248+0000] {processor.py:186} INFO - Started process (PID=736) to work on /home/airflow/.local/lib/python3.12/site-packages/airflow/example_dags/example_subdag_operator.py
[2025-03-30T23:27:14.251+0000] {processor.py:914} INFO - Processing file /home/airflow/.local/lib/python3.12/site-packages/airflow/example_dags/example_subdag_operator.py for tasks to queue
[2025-03-30T23:27:14.256+0000] {logging_mixin.py:190} INFO - [2025-03-30T23:27:14.256+0000] {dagbag.py:588} INFO - Filling up the DagBag from /home/airflow/.local/lib/python3.12/site-packages/airflow/example_dags/example_subdag_operator.py
[2025-03-30T23:27:14.321+0000] {processor.py:925} INFO - DAG(s) 'example_subdag_operator.section-1', 'example_subdag_operator.section-2', 'example_subdag_operator' retrieved from /home/airflow/.local/lib/python3.12/site-packages/airflow/example_dags/example_subdag_operator.py
[2025-03-30T23:27:14.363+0000] {logging_mixin.py:190} INFO - [2025-03-30T23:27:14.363+0000] {dag.py:3239} INFO - Sync 3 DAGs
[2025-03-30T23:27:14.417+0000] {logging_mixin.py:190} INFO - [2025-03-30T23:27:14.416+0000] {dag.py:4180} INFO - Setting next_dagrun for example_subdag_operator to 2022-01-01 00:00:00+00:00, run_after=2022-01-01 00:00:00+00:00
[2025-03-30T23:27:14.428+0000] {logging_mixin.py:190} INFO - [2025-03-30T23:27:14.427+0000] {dag.py:4180} INFO - Setting next_dagrun for example_subdag_operator.section-1 to None, run_after=None
[2025-03-30T23:27:14.434+0000] {logging_mixin.py:190} INFO - [2025-03-30T23:27:14.433+0000] {dag.py:4180} INFO - Setting next_dagrun for example_subdag_operator.section-2 to None, run_after=None
[2025-03-30T23:27:14.456+0000] {logging_mixin.py:190} INFO - [2025-03-30T23:27:14.456+0000] {dag.py:3239} INFO - Sync 2 DAGs
[2025-03-30T23:27:14.474+0000] {logging_mixin.py:190} INFO - [2025-03-30T23:27:14.473+0000] {dag.py:4180} INFO - Setting next_dagrun for example_subdag_operator.section-1 to None, run_after=None
[2025-03-30T23:27:14.477+0000] {logging_mixin.py:190} INFO - [2025-03-30T23:27:14.476+0000] {dag.py:4180} INFO - Setting next_dagrun for example_subdag_operator.section-2 to None, run_after=None
[2025-03-30T23:27:14.527+0000] {processor.py:208} INFO - Processing /home/airflow/.local/lib/python3.12/site-packages/airflow/example_dags/example_subdag_operator.py took 0.290 seconds
[2025-03-30T23:27:46.063+0000] {processor.py:186} INFO - Started process (PID=806) to work on /home/airflow/.local/lib/python3.12/site-packages/airflow/example_dags/example_subdag_operator.py
[2025-03-30T23:27:46.067+0000] {processor.py:914} INFO - Processing file /home/airflow/.local/lib/python3.12/site-packages/airflow/example_dags/example_subdag_operator.py for tasks to queue
[2025-03-30T23:27:46.073+0000] {logging_mixin.py:190} INFO - [2025-03-30T23:27:46.072+0000] {dagbag.py:588} INFO - Filling up the DagBag from /home/airflow/.local/lib/python3.12/site-packages/airflow/example_dags/example_subdag_operator.py
[2025-03-30T23:27:46.142+0000] {processor.py:925} INFO - DAG(s) 'example_subdag_operator.section-1', 'example_subdag_operator.section-2', 'example_subdag_operator' retrieved from /home/airflow/.local/lib/python3.12/site-packages/airflow/example_dags/example_subdag_operator.py
[2025-03-30T23:27:46.175+0000] {logging_mixin.py:190} INFO - [2025-03-30T23:27:46.174+0000] {dag.py:3239} INFO - Sync 3 DAGs
[2025-03-30T23:27:46.222+0000] {logging_mixin.py:190} INFO - [2025-03-30T23:27:46.221+0000] {dag.py:4180} INFO - Setting next_dagrun for example_subdag_operator to 2022-01-01 00:00:00+00:00, run_after=2022-01-01 00:00:00+00:00
[2025-03-30T23:27:46.231+0000] {logging_mixin.py:190} INFO - [2025-03-30T23:27:46.230+0000] {dag.py:4180} INFO - Setting next_dagrun for example_subdag_operator.section-1 to None, run_after=None
[2025-03-30T23:27:46.235+0000] {logging_mixin.py:190} INFO - [2025-03-30T23:27:46.235+0000] {dag.py:4180} INFO - Setting next_dagrun for example_subdag_operator.section-2 to None, run_after=None
[2025-03-30T23:27:46.254+0000] {logging_mixin.py:190} INFO - [2025-03-30T23:27:46.253+0000] {dag.py:3239} INFO - Sync 2 DAGs
[2025-03-30T23:27:46.267+0000] {logging_mixin.py:190} INFO - [2025-03-30T23:27:46.267+0000] {dag.py:4180} INFO - Setting next_dagrun for example_subdag_operator.section-1 to None, run_after=None
[2025-03-30T23:27:46.270+0000] {logging_mixin.py:190} INFO - [2025-03-30T23:27:46.270+0000] {dag.py:4180} INFO - Setting next_dagrun for example_subdag_operator.section-2 to None, run_after=None
[2025-03-30T23:27:46.297+0000] {processor.py:208} INFO - Processing /home/airflow/.local/lib/python3.12/site-packages/airflow/example_dags/example_subdag_operator.py took 0.246 seconds
[2025-03-30T23:28:17.297+0000] {processor.py:186} INFO - Started process (PID=870) to work on /home/airflow/.local/lib/python3.12/site-packages/airflow/example_dags/example_subdag_operator.py
[2025-03-30T23:28:17.300+0000] {processor.py:914} INFO - Processing file /home/airflow/.local/lib/python3.12/site-packages/airflow/example_dags/example_subdag_operator.py for tasks to queue
[2025-03-30T23:28:17.306+0000] {logging_mixin.py:190} INFO - [2025-03-30T23:28:17.305+0000] {dagbag.py:588} INFO - Filling up the DagBag from /home/airflow/.local/lib/python3.12/site-packages/airflow/example_dags/example_subdag_operator.py
[2025-03-30T23:28:17.372+0000] {processor.py:925} INFO - DAG(s) 'example_subdag_operator.section-1', 'example_subdag_operator.section-2', 'example_subdag_operator' retrieved from /home/airflow/.local/lib/python3.12/site-packages/airflow/example_dags/example_subdag_operator.py
[2025-03-30T23:28:17.411+0000] {logging_mixin.py:190} INFO - [2025-03-30T23:28:17.410+0000] {dag.py:3239} INFO - Sync 3 DAGs
[2025-03-30T23:28:17.458+0000] {logging_mixin.py:190} INFO - [2025-03-30T23:28:17.457+0000] {dag.py:4180} INFO - Setting next_dagrun for example_subdag_operator to 2022-01-01 00:00:00+00:00, run_after=2022-01-01 00:00:00+00:00
[2025-03-30T23:28:17.467+0000] {logging_mixin.py:190} INFO - [2025-03-30T23:28:17.466+0000] {dag.py:4180} INFO - Setting next_dagrun for example_subdag_operator.section-1 to None, run_after=None
[2025-03-30T23:28:17.473+0000] {logging_mixin.py:190} INFO - [2025-03-30T23:28:17.472+0000] {dag.py:4180} INFO - Setting next_dagrun for example_subdag_operator.section-2 to None, run_after=None
[2025-03-30T23:28:17.491+0000] {logging_mixin.py:190} INFO - [2025-03-30T23:28:17.490+0000] {dag.py:3239} INFO - Sync 2 DAGs
[2025-03-30T23:28:17.505+0000] {logging_mixin.py:190} INFO - [2025-03-30T23:28:17.505+0000] {dag.py:4180} INFO - Setting next_dagrun for example_subdag_operator.section-1 to None, run_after=None
[2025-03-30T23:28:17.509+0000] {logging_mixin.py:190} INFO - [2025-03-30T23:28:17.508+0000] {dag.py:4180} INFO - Setting next_dagrun for example_subdag_operator.section-2 to None, run_after=None
[2025-03-30T23:28:17.543+0000] {processor.py:208} INFO - Processing /home/airflow/.local/lib/python3.12/site-packages/airflow/example_dags/example_subdag_operator.py took 0.257 seconds
[2025-03-30T23:28:49.235+0000] {processor.py:186} INFO - Started process (PID=934) to work on /home/airflow/.local/lib/python3.12/site-packages/airflow/example_dags/example_subdag_operator.py
[2025-03-30T23:28:49.238+0000] {processor.py:914} INFO - Processing file /home/airflow/.local/lib/python3.12/site-packages/airflow/example_dags/example_subdag_operator.py for tasks to queue
[2025-03-30T23:28:49.244+0000] {logging_mixin.py:190} INFO - [2025-03-30T23:28:49.243+0000] {dagbag.py:588} INFO - Filling up the DagBag from /home/airflow/.local/lib/python3.12/site-packages/airflow/example_dags/example_subdag_operator.py
[2025-03-30T23:28:49.295+0000] {processor.py:925} INFO - DAG(s) 'example_subdag_operator.section-1', 'example_subdag_operator.section-2', 'example_subdag_operator' retrieved from /home/airflow/.local/lib/python3.12/site-packages/airflow/example_dags/example_subdag_operator.py
[2025-03-30T23:28:49.323+0000] {logging_mixin.py:190} INFO - [2025-03-30T23:28:49.322+0000] {dag.py:3239} INFO - Sync 3 DAGs
[2025-03-30T23:28:49.368+0000] {logging_mixin.py:190} INFO - [2025-03-30T23:28:49.368+0000] {dag.py:4180} INFO - Setting next_dagrun for example_subdag_operator to 2022-01-01 00:00:00+00:00, run_after=2022-01-01 00:00:00+00:00
[2025-03-30T23:28:49.378+0000] {logging_mixin.py:190} INFO - [2025-03-30T23:28:49.378+0000] {dag.py:4180} INFO - Setting next_dagrun for example_subdag_operator.section-1 to None, run_after=None
[2025-03-30T23:28:49.383+0000] {logging_mixin.py:190} INFO - [2025-03-30T23:28:49.383+0000] {dag.py:4180} INFO - Setting next_dagrun for example_subdag_operator.section-2 to None, run_after=None
[2025-03-30T23:28:49.400+0000] {logging_mixin.py:190} INFO - [2025-03-30T23:28:49.399+0000] {dag.py:3239} INFO - Sync 2 DAGs
[2025-03-30T23:28:49.413+0000] {logging_mixin.py:190} INFO - [2025-03-30T23:28:49.412+0000] {dag.py:4180} INFO - Setting next_dagrun for example_subdag_operator.section-1 to None, run_after=None
[2025-03-30T23:28:49.416+0000] {logging_mixin.py:190} INFO - [2025-03-30T23:28:49.416+0000] {dag.py:4180} INFO - Setting next_dagrun for example_subdag_operator.section-2 to None, run_after=None
[2025-03-30T23:28:49.455+0000] {processor.py:208} INFO - Processing /home/airflow/.local/lib/python3.12/site-packages/airflow/example_dags/example_subdag_operator.py took 0.230 seconds
[2025-03-30T23:29:20.329+0000] {processor.py:186} INFO - Started process (PID=998) to work on /home/airflow/.local/lib/python3.12/site-packages/airflow/example_dags/example_subdag_operator.py
[2025-03-30T23:29:20.334+0000] {processor.py:914} INFO - Processing file /home/airflow/.local/lib/python3.12/site-packages/airflow/example_dags/example_subdag_operator.py for tasks to queue
[2025-03-30T23:29:20.342+0000] {logging_mixin.py:190} INFO - [2025-03-30T23:29:20.341+0000] {dagbag.py:588} INFO - Filling up the DagBag from /home/airflow/.local/lib/python3.12/site-packages/airflow/example_dags/example_subdag_operator.py
[2025-03-30T23:29:20.410+0000] {processor.py:925} INFO - DAG(s) 'example_subdag_operator.section-1', 'example_subdag_operator.section-2', 'example_subdag_operator' retrieved from /home/airflow/.local/lib/python3.12/site-packages/airflow/example_dags/example_subdag_operator.py
[2025-03-30T23:29:20.446+0000] {logging_mixin.py:190} INFO - [2025-03-30T23:29:20.445+0000] {dag.py:3239} INFO - Sync 3 DAGs
[2025-03-30T23:29:20.505+0000] {logging_mixin.py:190} INFO - [2025-03-30T23:29:20.504+0000] {dag.py:4180} INFO - Setting next_dagrun for example_subdag_operator to 2022-01-01 00:00:00+00:00, run_after=2022-01-01 00:00:00+00:00
[2025-03-30T23:29:20.514+0000] {logging_mixin.py:190} INFO - [2025-03-30T23:29:20.514+0000] {dag.py:4180} INFO - Setting next_dagrun for example_subdag_operator.section-1 to None, run_after=None
[2025-03-30T23:29:20.521+0000] {logging_mixin.py:190} INFO - [2025-03-30T23:29:20.520+0000] {dag.py:4180} INFO - Setting next_dagrun for example_subdag_operator.section-2 to None, run_after=None
[2025-03-30T23:29:20.544+0000] {logging_mixin.py:190} INFO - [2025-03-30T23:29:20.543+0000] {dag.py:3239} INFO - Sync 2 DAGs
[2025-03-30T23:29:20.564+0000] {logging_mixin.py:190} INFO - [2025-03-30T23:29:20.563+0000] {dag.py:4180} INFO - Setting next_dagrun for example_subdag_operator.section-1 to None, run_after=None
[2025-03-30T23:29:20.568+0000] {logging_mixin.py:190} INFO - [2025-03-30T23:29:20.567+0000] {dag.py:4180} INFO - Setting next_dagrun for example_subdag_operator.section-2 to None, run_after=None
[2025-03-30T23:29:20.612+0000] {processor.py:208} INFO - Processing /home/airflow/.local/lib/python3.12/site-packages/airflow/example_dags/example_subdag_operator.py took 0.300 seconds
[2025-03-30T23:29:51.752+0000] {processor.py:186} INFO - Started process (PID=1061) to work on /home/airflow/.local/lib/python3.12/site-packages/airflow/example_dags/example_subdag_operator.py
[2025-03-30T23:29:51.756+0000] {processor.py:914} INFO - Processing file /home/airflow/.local/lib/python3.12/site-packages/airflow/example_dags/example_subdag_operator.py for tasks to queue
[2025-03-30T23:29:51.762+0000] {logging_mixin.py:190} INFO - [2025-03-30T23:29:51.761+0000] {dagbag.py:588} INFO - Filling up the DagBag from /home/airflow/.local/lib/python3.12/site-packages/airflow/example_dags/example_subdag_operator.py
[2025-03-30T23:29:51.838+0000] {processor.py:925} INFO - DAG(s) 'example_subdag_operator.section-1', 'example_subdag_operator.section-2', 'example_subdag_operator' retrieved from /home/airflow/.local/lib/python3.12/site-packages/airflow/example_dags/example_subdag_operator.py
[2025-03-30T23:29:51.868+0000] {logging_mixin.py:190} INFO - [2025-03-30T23:29:51.867+0000] {dag.py:3239} INFO - Sync 3 DAGs
[2025-03-30T23:29:51.914+0000] {logging_mixin.py:190} INFO - [2025-03-30T23:29:51.914+0000] {dag.py:4180} INFO - Setting next_dagrun for example_subdag_operator to 2022-01-01 00:00:00+00:00, run_after=2022-01-01 00:00:00+00:00
[2025-03-30T23:29:51.927+0000] {logging_mixin.py:190} INFO - [2025-03-30T23:29:51.926+0000] {dag.py:4180} INFO - Setting next_dagrun for example_subdag_operator.section-1 to None, run_after=None
[2025-03-30T23:29:51.932+0000] {logging_mixin.py:190} INFO - [2025-03-30T23:29:51.932+0000] {dag.py:4180} INFO - Setting next_dagrun for example_subdag_operator.section-2 to None, run_after=None
[2025-03-30T23:29:51.949+0000] {logging_mixin.py:190} INFO - [2025-03-30T23:29:51.949+0000] {dag.py:3239} INFO - Sync 2 DAGs
[2025-03-30T23:29:51.966+0000] {logging_mixin.py:190} INFO - [2025-03-30T23:29:51.965+0000] {dag.py:4180} INFO - Setting next_dagrun for example_subdag_operator.section-1 to None, run_after=None
[2025-03-30T23:29:51.968+0000] {logging_mixin.py:190} INFO - [2025-03-30T23:29:51.967+0000] {dag.py:4180} INFO - Setting next_dagrun for example_subdag_operator.section-2 to None, run_after=None
[2025-03-30T23:29:52.002+0000] {processor.py:208} INFO - Processing /home/airflow/.local/lib/python3.12/site-packages/airflow/example_dags/example_subdag_operator.py took 0.262 seconds
[2025-03-30T23:30:22.942+0000] {processor.py:186} INFO - Started process (PID=1126) to work on /home/airflow/.local/lib/python3.12/site-packages/airflow/example_dags/example_subdag_operator.py
[2025-03-30T23:30:22.946+0000] {processor.py:914} INFO - Processing file /home/airflow/.local/lib/python3.12/site-packages/airflow/example_dags/example_subdag_operator.py for tasks to queue
[2025-03-30T23:30:22.953+0000] {logging_mixin.py:190} INFO - [2025-03-30T23:30:22.952+0000] {dagbag.py:588} INFO - Filling up the DagBag from /home/airflow/.local/lib/python3.12/site-packages/airflow/example_dags/example_subdag_operator.py
[2025-03-30T23:30:23.006+0000] {processor.py:925} INFO - DAG(s) 'example_subdag_operator.section-1', 'example_subdag_operator.section-2', 'example_subdag_operator' retrieved from /home/airflow/.local/lib/python3.12/site-packages/airflow/example_dags/example_subdag_operator.py
[2025-03-30T23:30:23.036+0000] {logging_mixin.py:190} INFO - [2025-03-30T23:30:23.035+0000] {dag.py:3239} INFO - Sync 3 DAGs
[2025-03-30T23:30:23.085+0000] {logging_mixin.py:190} INFO - [2025-03-30T23:30:23.084+0000] {dag.py:4180} INFO - Setting next_dagrun for example_subdag_operator to 2022-01-01 00:00:00+00:00, run_after=2022-01-01 00:00:00+00:00
[2025-03-30T23:30:23.096+0000] {logging_mixin.py:190} INFO - [2025-03-30T23:30:23.096+0000] {dag.py:4180} INFO - Setting next_dagrun for example_subdag_operator.section-1 to None, run_after=None
[2025-03-30T23:30:23.101+0000] {logging_mixin.py:190} INFO - [2025-03-30T23:30:23.101+0000] {dag.py:4180} INFO - Setting next_dagrun for example_subdag_operator.section-2 to None, run_after=None
[2025-03-30T23:30:23.117+0000] {logging_mixin.py:190} INFO - [2025-03-30T23:30:23.116+0000] {dag.py:3239} INFO - Sync 2 DAGs
[2025-03-30T23:30:23.132+0000] {logging_mixin.py:190} INFO - [2025-03-30T23:30:23.132+0000] {dag.py:4180} INFO - Setting next_dagrun for example_subdag_operator.section-1 to None, run_after=None
[2025-03-30T23:30:23.135+0000] {logging_mixin.py:190} INFO - [2025-03-30T23:30:23.135+0000] {dag.py:4180} INFO - Setting next_dagrun for example_subdag_operator.section-2 to None, run_after=None
[2025-03-30T23:30:23.160+0000] {processor.py:208} INFO - Processing /home/airflow/.local/lib/python3.12/site-packages/airflow/example_dags/example_subdag_operator.py took 0.231 seconds
[2025-03-30T23:30:55.118+0000] {processor.py:186} INFO - Started process (PID=1190) to work on /home/airflow/.local/lib/python3.12/site-packages/airflow/example_dags/example_subdag_operator.py
[2025-03-30T23:30:55.121+0000] {processor.py:914} INFO - Processing file /home/airflow/.local/lib/python3.12/site-packages/airflow/example_dags/example_subdag_operator.py for tasks to queue
[2025-03-30T23:30:55.127+0000] {logging_mixin.py:190} INFO - [2025-03-30T23:30:55.126+0000] {dagbag.py:588} INFO - Filling up the DagBag from /home/airflow/.local/lib/python3.12/site-packages/airflow/example_dags/example_subdag_operator.py
[2025-03-30T23:30:55.179+0000] {processor.py:925} INFO - DAG(s) 'example_subdag_operator.section-1', 'example_subdag_operator.section-2', 'example_subdag_operator' retrieved from /home/airflow/.local/lib/python3.12/site-packages/airflow/example_dags/example_subdag_operator.py
[2025-03-30T23:30:55.211+0000] {logging_mixin.py:190} INFO - [2025-03-30T23:30:55.210+0000] {dag.py:3239} INFO - Sync 3 DAGs
[2025-03-30T23:30:55.258+0000] {logging_mixin.py:190} INFO - [2025-03-30T23:30:55.257+0000] {dag.py:4180} INFO - Setting next_dagrun for example_subdag_operator to 2022-01-01 00:00:00+00:00, run_after=2022-01-01 00:00:00+00:00
[2025-03-30T23:30:55.266+0000] {logging_mixin.py:190} INFO - [2025-03-30T23:30:55.266+0000] {dag.py:4180} INFO - Setting next_dagrun for example_subdag_operator.section-1 to None, run_after=None
[2025-03-30T23:30:55.271+0000] {logging_mixin.py:190} INFO - [2025-03-30T23:30:55.271+0000] {dag.py:4180} INFO - Setting next_dagrun for example_subdag_operator.section-2 to None, run_after=None
[2025-03-30T23:30:55.287+0000] {logging_mixin.py:190} INFO - [2025-03-30T23:30:55.286+0000] {dag.py:3239} INFO - Sync 2 DAGs
[2025-03-30T23:30:55.299+0000] {logging_mixin.py:190} INFO - [2025-03-30T23:30:55.299+0000] {dag.py:4180} INFO - Setting next_dagrun for example_subdag_operator.section-1 to None, run_after=None
[2025-03-30T23:30:55.302+0000] {logging_mixin.py:190} INFO - [2025-03-30T23:30:55.301+0000] {dag.py:4180} INFO - Setting next_dagrun for example_subdag_operator.section-2 to None, run_after=None
[2025-03-30T23:30:55.330+0000] {processor.py:208} INFO - Processing /home/airflow/.local/lib/python3.12/site-packages/airflow/example_dags/example_subdag_operator.py took 0.224 seconds
[2025-03-30T23:31:26.197+0000] {processor.py:186} INFO - Started process (PID=1254) to work on /home/airflow/.local/lib/python3.12/site-packages/airflow/example_dags/example_subdag_operator.py
[2025-03-30T23:31:26.201+0000] {processor.py:914} INFO - Processing file /home/airflow/.local/lib/python3.12/site-packages/airflow/example_dags/example_subdag_operator.py for tasks to queue
[2025-03-30T23:31:26.207+0000] {logging_mixin.py:190} INFO - [2025-03-30T23:31:26.206+0000] {dagbag.py:588} INFO - Filling up the DagBag from /home/airflow/.local/lib/python3.12/site-packages/airflow/example_dags/example_subdag_operator.py
[2025-03-30T23:31:26.265+0000] {processor.py:925} INFO - DAG(s) 'example_subdag_operator.section-1', 'example_subdag_operator.section-2', 'example_subdag_operator' retrieved from /home/airflow/.local/lib/python3.12/site-packages/airflow/example_dags/example_subdag_operator.py
[2025-03-30T23:31:26.295+0000] {logging_mixin.py:190} INFO - [2025-03-30T23:31:26.295+0000] {dag.py:3239} INFO - Sync 3 DAGs
[2025-03-30T23:31:26.339+0000] {logging_mixin.py:190} INFO - [2025-03-30T23:31:26.338+0000] {dag.py:4180} INFO - Setting next_dagrun for example_subdag_operator to 2022-01-01 00:00:00+00:00, run_after=2022-01-01 00:00:00+00:00
[2025-03-30T23:31:26.348+0000] {logging_mixin.py:190} INFO - [2025-03-30T23:31:26.348+0000] {dag.py:4180} INFO - Setting next_dagrun for example_subdag_operator.section-1 to None, run_after=None
[2025-03-30T23:31:26.353+0000] {logging_mixin.py:190} INFO - [2025-03-30T23:31:26.352+0000] {dag.py:4180} INFO - Setting next_dagrun for example_subdag_operator.section-2 to None, run_after=None
[2025-03-30T23:31:26.368+0000] {logging_mixin.py:190} INFO - [2025-03-30T23:31:26.367+0000] {dag.py:3239} INFO - Sync 2 DAGs
[2025-03-30T23:31:26.380+0000] {logging_mixin.py:190} INFO - [2025-03-30T23:31:26.380+0000] {dag.py:4180} INFO - Setting next_dagrun for example_subdag_operator.section-1 to None, run_after=None
[2025-03-30T23:31:26.383+0000] {logging_mixin.py:190} INFO - [2025-03-30T23:31:26.383+0000] {dag.py:4180} INFO - Setting next_dagrun for example_subdag_operator.section-2 to None, run_after=None
[2025-03-30T23:31:26.406+0000] {processor.py:208} INFO - Processing /home/airflow/.local/lib/python3.12/site-packages/airflow/example_dags/example_subdag_operator.py took 0.221 seconds
[2025-03-30T23:31:57.104+0000] {processor.py:186} INFO - Started process (PID=1317) to work on /home/airflow/.local/lib/python3.12/site-packages/airflow/example_dags/example_subdag_operator.py
[2025-03-30T23:31:57.108+0000] {processor.py:914} INFO - Processing file /home/airflow/.local/lib/python3.12/site-packages/airflow/example_dags/example_subdag_operator.py for tasks to queue
[2025-03-30T23:31:57.113+0000] {logging_mixin.py:190} INFO - [2025-03-30T23:31:57.112+0000] {dagbag.py:588} INFO - Filling up the DagBag from /home/airflow/.local/lib/python3.12/site-packages/airflow/example_dags/example_subdag_operator.py
[2025-03-30T23:31:57.166+0000] {processor.py:925} INFO - DAG(s) 'example_subdag_operator.section-1', 'example_subdag_operator.section-2', 'example_subdag_operator' retrieved from /home/airflow/.local/lib/python3.12/site-packages/airflow/example_dags/example_subdag_operator.py
[2025-03-30T23:31:57.199+0000] {logging_mixin.py:190} INFO - [2025-03-30T23:31:57.198+0000] {dag.py:3239} INFO - Sync 3 DAGs
[2025-03-30T23:31:57.247+0000] {logging_mixin.py:190} INFO - [2025-03-30T23:31:57.247+0000] {dag.py:4180} INFO - Setting next_dagrun for example_subdag_operator to 2022-01-01 00:00:00+00:00, run_after=2022-01-01 00:00:00+00:00
[2025-03-30T23:31:57.258+0000] {logging_mixin.py:190} INFO - [2025-03-30T23:31:57.257+0000] {dag.py:4180} INFO - Setting next_dagrun for example_subdag_operator.section-1 to None, run_after=None
[2025-03-30T23:31:57.263+0000] {logging_mixin.py:190} INFO - [2025-03-30T23:31:57.262+0000] {dag.py:4180} INFO - Setting next_dagrun for example_subdag_operator.section-2 to None, run_after=None
[2025-03-30T23:31:57.286+0000] {logging_mixin.py:190} INFO - [2025-03-30T23:31:57.285+0000] {dag.py:3239} INFO - Sync 2 DAGs
[2025-03-30T23:31:57.299+0000] {logging_mixin.py:190} INFO - [2025-03-30T23:31:57.298+0000] {dag.py:4180} INFO - Setting next_dagrun for example_subdag_operator.section-1 to None, run_after=None
[2025-03-30T23:31:57.302+0000] {logging_mixin.py:190} INFO - [2025-03-30T23:31:57.301+0000] {dag.py:4180} INFO - Setting next_dagrun for example_subdag_operator.section-2 to None, run_after=None
[2025-03-30T23:31:57.331+0000] {processor.py:208} INFO - Processing /home/airflow/.local/lib/python3.12/site-packages/airflow/example_dags/example_subdag_operator.py took 0.238 seconds
[2025-03-30T23:32:29.010+0000] {processor.py:186} INFO - Started process (PID=1380) to work on /home/airflow/.local/lib/python3.12/site-packages/airflow/example_dags/example_subdag_operator.py
[2025-03-30T23:32:29.013+0000] {processor.py:914} INFO - Processing file /home/airflow/.local/lib/python3.12/site-packages/airflow/example_dags/example_subdag_operator.py for tasks to queue
[2025-03-30T23:32:29.019+0000] {logging_mixin.py:190} INFO - [2025-03-30T23:32:29.018+0000] {dagbag.py:588} INFO - Filling up the DagBag from /home/airflow/.local/lib/python3.12/site-packages/airflow/example_dags/example_subdag_operator.py
[2025-03-30T23:32:29.078+0000] {processor.py:925} INFO - DAG(s) 'example_subdag_operator.section-1', 'example_subdag_operator.section-2', 'example_subdag_operator' retrieved from /home/airflow/.local/lib/python3.12/site-packages/airflow/example_dags/example_subdag_operator.py
[2025-03-30T23:32:29.111+0000] {logging_mixin.py:190} INFO - [2025-03-30T23:32:29.111+0000] {dag.py:3239} INFO - Sync 3 DAGs
[2025-03-30T23:32:29.163+0000] {logging_mixin.py:190} INFO - [2025-03-30T23:32:29.162+0000] {dag.py:4180} INFO - Setting next_dagrun for example_subdag_operator to 2022-01-01 00:00:00+00:00, run_after=2022-01-01 00:00:00+00:00
[2025-03-30T23:32:29.172+0000] {logging_mixin.py:190} INFO - [2025-03-30T23:32:29.172+0000] {dag.py:4180} INFO - Setting next_dagrun for example_subdag_operator.section-1 to None, run_after=None
[2025-03-30T23:32:29.179+0000] {logging_mixin.py:190} INFO - [2025-03-30T23:32:29.178+0000] {dag.py:4180} INFO - Setting next_dagrun for example_subdag_operator.section-2 to None, run_after=None
[2025-03-30T23:32:29.197+0000] {logging_mixin.py:190} INFO - [2025-03-30T23:32:29.196+0000] {dag.py:3239} INFO - Sync 2 DAGs
[2025-03-30T23:32:29.213+0000] {logging_mixin.py:190} INFO - [2025-03-30T23:32:29.212+0000] {dag.py:4180} INFO - Setting next_dagrun for example_subdag_operator.section-1 to None, run_after=None
[2025-03-30T23:32:29.215+0000] {logging_mixin.py:190} INFO - [2025-03-30T23:32:29.215+0000] {dag.py:4180} INFO - Setting next_dagrun for example_subdag_operator.section-2 to None, run_after=None
[2025-03-30T23:32:29.238+0000] {processor.py:208} INFO - Processing /home/airflow/.local/lib/python3.12/site-packages/airflow/example_dags/example_subdag_operator.py took 0.240 seconds
[2025-03-30T23:33:00.531+0000] {processor.py:186} INFO - Started process (PID=1444) to work on /home/airflow/.local/lib/python3.12/site-packages/airflow/example_dags/example_subdag_operator.py
[2025-03-30T23:33:00.536+0000] {processor.py:914} INFO - Processing file /home/airflow/.local/lib/python3.12/site-packages/airflow/example_dags/example_subdag_operator.py for tasks to queue
[2025-03-30T23:33:00.542+0000] {logging_mixin.py:190} INFO - [2025-03-30T23:33:00.541+0000] {dagbag.py:588} INFO - Filling up the DagBag from /home/airflow/.local/lib/python3.12/site-packages/airflow/example_dags/example_subdag_operator.py
[2025-03-30T23:33:00.600+0000] {processor.py:925} INFO - DAG(s) 'example_subdag_operator.section-1', 'example_subdag_operator.section-2', 'example_subdag_operator' retrieved from /home/airflow/.local/lib/python3.12/site-packages/airflow/example_dags/example_subdag_operator.py
[2025-03-30T23:33:00.633+0000] {logging_mixin.py:190} INFO - [2025-03-30T23:33:00.633+0000] {dag.py:3239} INFO - Sync 3 DAGs
[2025-03-30T23:33:00.678+0000] {logging_mixin.py:190} INFO - [2025-03-30T23:33:00.678+0000] {dag.py:4180} INFO - Setting next_dagrun for example_subdag_operator to 2022-01-01 00:00:00+00:00, run_after=2022-01-01 00:00:00+00:00
[2025-03-30T23:33:00.687+0000] {logging_mixin.py:190} INFO - [2025-03-30T23:33:00.687+0000] {dag.py:4180} INFO - Setting next_dagrun for example_subdag_operator.section-1 to None, run_after=None
[2025-03-30T23:33:00.692+0000] {logging_mixin.py:190} INFO - [2025-03-30T23:33:00.692+0000] {dag.py:4180} INFO - Setting next_dagrun for example_subdag_operator.section-2 to None, run_after=None
[2025-03-30T23:33:00.710+0000] {logging_mixin.py:190} INFO - [2025-03-30T23:33:00.710+0000] {dag.py:3239} INFO - Sync 2 DAGs
[2025-03-30T23:33:00.725+0000] {logging_mixin.py:190} INFO - [2025-03-30T23:33:00.725+0000] {dag.py:4180} INFO - Setting next_dagrun for example_subdag_operator.section-1 to None, run_after=None
[2025-03-30T23:33:00.728+0000] {logging_mixin.py:190} INFO - [2025-03-30T23:33:00.727+0000] {dag.py:4180} INFO - Setting next_dagrun for example_subdag_operator.section-2 to None, run_after=None
[2025-03-30T23:33:00.754+0000] {processor.py:208} INFO - Processing /home/airflow/.local/lib/python3.12/site-packages/airflow/example_dags/example_subdag_operator.py took 0.235 seconds
[2025-03-30T23:33:31.972+0000] {processor.py:186} INFO - Started process (PID=1508) to work on /home/airflow/.local/lib/python3.12/site-packages/airflow/example_dags/example_subdag_operator.py
[2025-03-30T23:33:31.976+0000] {processor.py:914} INFO - Processing file /home/airflow/.local/lib/python3.12/site-packages/airflow/example_dags/example_subdag_operator.py for tasks to queue
[2025-03-30T23:33:31.983+0000] {logging_mixin.py:190} INFO - [2025-03-30T23:33:31.982+0000] {dagbag.py:588} INFO - Filling up the DagBag from /home/airflow/.local/lib/python3.12/site-packages/airflow/example_dags/example_subdag_operator.py
[2025-03-30T23:33:32.040+0000] {processor.py:925} INFO - DAG(s) 'example_subdag_operator.section-1', 'example_subdag_operator.section-2', 'example_subdag_operator' retrieved from /home/airflow/.local/lib/python3.12/site-packages/airflow/example_dags/example_subdag_operator.py
[2025-03-30T23:33:32.070+0000] {logging_mixin.py:190} INFO - [2025-03-30T23:33:32.069+0000] {dag.py:3239} INFO - Sync 3 DAGs
[2025-03-30T23:33:32.123+0000] {logging_mixin.py:190} INFO - [2025-03-30T23:33:32.122+0000] {dag.py:4180} INFO - Setting next_dagrun for example_subdag_operator to 2022-01-01 00:00:00+00:00, run_after=2022-01-01 00:00:00+00:00
[2025-03-30T23:33:32.133+0000] {logging_mixin.py:190} INFO - [2025-03-30T23:33:32.132+0000] {dag.py:4180} INFO - Setting next_dagrun for example_subdag_operator.section-1 to None, run_after=None
[2025-03-30T23:33:32.140+0000] {logging_mixin.py:190} INFO - [2025-03-30T23:33:32.139+0000] {dag.py:4180} INFO - Setting next_dagrun for example_subdag_operator.section-2 to None, run_after=None
[2025-03-30T23:33:32.157+0000] {logging_mixin.py:190} INFO - [2025-03-30T23:33:32.157+0000] {dag.py:3239} INFO - Sync 2 DAGs
[2025-03-30T23:33:32.171+0000] {logging_mixin.py:190} INFO - [2025-03-30T23:33:32.170+0000] {dag.py:4180} INFO - Setting next_dagrun for example_subdag_operator.section-1 to None, run_after=None
[2025-03-30T23:33:32.173+0000] {logging_mixin.py:190} INFO - [2025-03-30T23:33:32.172+0000] {dag.py:4180} INFO - Setting next_dagrun for example_subdag_operator.section-2 to None, run_after=None
[2025-03-30T23:33:32.200+0000] {processor.py:208} INFO - Processing /home/airflow/.local/lib/python3.12/site-packages/airflow/example_dags/example_subdag_operator.py took 0.240 seconds
[2025-03-30T23:53:02.863+0000] {processor.py:186} INFO - Started process (PID=1601) to work on /home/airflow/.local/lib/python3.12/site-packages/airflow/example_dags/example_subdag_operator.py
[2025-03-30T23:53:02.865+0000] {processor.py:914} INFO - Processing file /home/airflow/.local/lib/python3.12/site-packages/airflow/example_dags/example_subdag_operator.py for tasks to queue
[2025-03-30T23:53:02.867+0000] {logging_mixin.py:190} INFO - [2025-03-30T23:53:02.867+0000] {dagbag.py:588} INFO - Filling up the DagBag from /home/airflow/.local/lib/python3.12/site-packages/airflow/example_dags/example_subdag_operator.py
[2025-03-30T23:53:02.899+0000] {processor.py:925} INFO - DAG(s) 'example_subdag_operator.section-1', 'example_subdag_operator.section-2', 'example_subdag_operator' retrieved from /home/airflow/.local/lib/python3.12/site-packages/airflow/example_dags/example_subdag_operator.py
[2025-03-30T23:53:02.914+0000] {logging_mixin.py:190} INFO - [2025-03-30T23:53:02.914+0000] {dag.py:3239} INFO - Sync 3 DAGs
[2025-03-30T23:53:02.943+0000] {logging_mixin.py:190} INFO - [2025-03-30T23:53:02.943+0000] {dag.py:4180} INFO - Setting next_dagrun for example_subdag_operator to 2022-01-01 00:00:00+00:00, run_after=2022-01-01 00:00:00+00:00
[2025-03-30T23:53:02.952+0000] {logging_mixin.py:190} INFO - [2025-03-30T23:53:02.951+0000] {dag.py:4180} INFO - Setting next_dagrun for example_subdag_operator.section-1 to None, run_after=None
[2025-03-30T23:53:02.955+0000] {logging_mixin.py:190} INFO - [2025-03-30T23:53:02.955+0000] {dag.py:4180} INFO - Setting next_dagrun for example_subdag_operator.section-2 to None, run_after=None
[2025-03-30T23:53:02.966+0000] {logging_mixin.py:190} INFO - [2025-03-30T23:53:02.966+0000] {dag.py:3239} INFO - Sync 2 DAGs
[2025-03-30T23:53:02.973+0000] {logging_mixin.py:190} INFO - [2025-03-30T23:53:02.973+0000] {dag.py:4180} INFO - Setting next_dagrun for example_subdag_operator.section-1 to None, run_after=None
[2025-03-30T23:53:02.975+0000] {logging_mixin.py:190} INFO - [2025-03-30T23:53:02.975+0000] {dag.py:4180} INFO - Setting next_dagrun for example_subdag_operator.section-2 to None, run_after=None
[2025-03-30T23:53:02.990+0000] {processor.py:208} INFO - Processing /home/airflow/.local/lib/python3.12/site-packages/airflow/example_dags/example_subdag_operator.py took 0.131 seconds
