[2025-03-30T23:20:32.284+0000] {processor.py:186} INFO - Started process (PID=63) to work on /home/airflow/.local/lib/python3.12/site-packages/airflow/example_dags/example_dynamic_task_mapping.py
[2025-03-30T23:20:32.287+0000] {processor.py:914} INFO - Processing file /home/airflow/.local/lib/python3.12/site-packages/airflow/example_dags/example_dynamic_task_mapping.py for tasks to queue
[2025-03-30T23:20:32.293+0000] {logging_mixin.py:190} INFO - [2025-03-30T23:20:32.293+0000] {dagbag.py:588} INFO - Filling up the DagBag from /home/airflow/.local/lib/python3.12/site-packages/airflow/example_dags/example_dynamic_task_mapping.py
[2025-03-30T23:20:32.316+0000] {processor.py:925} INFO - DAG(s) 'example_dynamic_task_mapping' retrieved from /home/airflow/.local/lib/python3.12/site-packages/airflow/example_dags/example_dynamic_task_mapping.py
[2025-03-30T23:20:32.407+0000] {logging_mixin.py:190} INFO - [2025-03-30T23:20:32.407+0000] {dag.py:3239} INFO - Sync 1 DAGs
[2025-03-30T23:20:32.459+0000] {logging_mixin.py:190} INFO - [2025-03-30T23:20:32.459+0000] {dag.py:4180} INFO - Setting next_dagrun for example_dynamic_task_mapping to None, run_after=None
[2025-03-30T23:20:32.513+0000] {processor.py:208} INFO - Processing /home/airflow/.local/lib/python3.12/site-packages/airflow/example_dags/example_dynamic_task_mapping.py took 0.239 seconds
[2025-03-30T23:21:03.812+0000] {processor.py:186} INFO - Started process (PID=127) to work on /home/airflow/.local/lib/python3.12/site-packages/airflow/example_dags/example_dynamic_task_mapping.py
[2025-03-30T23:21:03.816+0000] {processor.py:914} INFO - Processing file /home/airflow/.local/lib/python3.12/site-packages/airflow/example_dags/example_dynamic_task_mapping.py for tasks to queue
[2025-03-30T23:21:03.824+0000] {logging_mixin.py:190} INFO - [2025-03-30T23:21:03.823+0000] {dagbag.py:588} INFO - Filling up the DagBag from /home/airflow/.local/lib/python3.12/site-packages/airflow/example_dags/example_dynamic_task_mapping.py
[2025-03-30T23:21:03.852+0000] {processor.py:925} INFO - DAG(s) 'example_dynamic_task_mapping' retrieved from /home/airflow/.local/lib/python3.12/site-packages/airflow/example_dags/example_dynamic_task_mapping.py
[2025-03-30T23:21:03.901+0000] {logging_mixin.py:190} INFO - [2025-03-30T23:21:03.900+0000] {dag.py:3239} INFO - Sync 1 DAGs
[2025-03-30T23:21:03.933+0000] {logging_mixin.py:190} INFO - [2025-03-30T23:21:03.932+0000] {dag.py:4180} INFO - Setting next_dagrun for example_dynamic_task_mapping to None, run_after=None
[2025-03-30T23:21:03.975+0000] {processor.py:208} INFO - Processing /home/airflow/.local/lib/python3.12/site-packages/airflow/example_dags/example_dynamic_task_mapping.py took 0.179 seconds
[2025-03-30T23:21:52.654+0000] {processor.py:186} INFO - Started process (PID=64) to work on /home/airflow/.local/lib/python3.12/site-packages/airflow/example_dags/example_dynamic_task_mapping.py
[2025-03-30T23:21:52.657+0000] {processor.py:914} INFO - Processing file /home/airflow/.local/lib/python3.12/site-packages/airflow/example_dags/example_dynamic_task_mapping.py for tasks to queue
[2025-03-30T23:21:52.665+0000] {logging_mixin.py:190} INFO - [2025-03-30T23:21:52.664+0000] {dagbag.py:588} INFO - Filling up the DagBag from /home/airflow/.local/lib/python3.12/site-packages/airflow/example_dags/example_dynamic_task_mapping.py
[2025-03-30T23:21:52.690+0000] {processor.py:925} INFO - DAG(s) 'example_dynamic_task_mapping' retrieved from /home/airflow/.local/lib/python3.12/site-packages/airflow/example_dags/example_dynamic_task_mapping.py
[2025-03-30T23:21:52.743+0000] {logging_mixin.py:190} INFO - [2025-03-30T23:21:52.743+0000] {dag.py:3239} INFO - Sync 1 DAGs
[2025-03-30T23:21:52.786+0000] {logging_mixin.py:190} INFO - [2025-03-30T23:21:52.786+0000] {dag.py:4180} INFO - Setting next_dagrun for example_dynamic_task_mapping to None, run_after=None
[2025-03-30T23:21:52.843+0000] {processor.py:208} INFO - Processing /home/airflow/.local/lib/python3.12/site-packages/airflow/example_dags/example_dynamic_task_mapping.py took 0.203 seconds
[2025-03-30T23:22:24.222+0000] {processor.py:186} INFO - Started process (PID=128) to work on /home/airflow/.local/lib/python3.12/site-packages/airflow/example_dags/example_dynamic_task_mapping.py
[2025-03-30T23:22:24.226+0000] {processor.py:914} INFO - Processing file /home/airflow/.local/lib/python3.12/site-packages/airflow/example_dags/example_dynamic_task_mapping.py for tasks to queue
[2025-03-30T23:22:24.232+0000] {logging_mixin.py:190} INFO - [2025-03-30T23:22:24.232+0000] {dagbag.py:588} INFO - Filling up the DagBag from /home/airflow/.local/lib/python3.12/site-packages/airflow/example_dags/example_dynamic_task_mapping.py
[2025-03-30T23:22:24.249+0000] {processor.py:925} INFO - DAG(s) 'example_dynamic_task_mapping' retrieved from /home/airflow/.local/lib/python3.12/site-packages/airflow/example_dags/example_dynamic_task_mapping.py
[2025-03-30T23:22:24.289+0000] {logging_mixin.py:190} INFO - [2025-03-30T23:22:24.289+0000] {dag.py:3239} INFO - Sync 1 DAGs
[2025-03-30T23:22:24.320+0000] {logging_mixin.py:190} INFO - [2025-03-30T23:22:24.319+0000] {dag.py:4180} INFO - Setting next_dagrun for example_dynamic_task_mapping to None, run_after=None
[2025-03-30T23:22:24.361+0000] {processor.py:208} INFO - Processing /home/airflow/.local/lib/python3.12/site-packages/airflow/example_dags/example_dynamic_task_mapping.py took 0.151 seconds
[2025-03-30T23:22:55.479+0000] {processor.py:186} INFO - Started process (PID=192) to work on /home/airflow/.local/lib/python3.12/site-packages/airflow/example_dags/example_dynamic_task_mapping.py
[2025-03-30T23:22:55.483+0000] {processor.py:914} INFO - Processing file /home/airflow/.local/lib/python3.12/site-packages/airflow/example_dags/example_dynamic_task_mapping.py for tasks to queue
[2025-03-30T23:22:55.492+0000] {logging_mixin.py:190} INFO - [2025-03-30T23:22:55.491+0000] {dagbag.py:588} INFO - Filling up the DagBag from /home/airflow/.local/lib/python3.12/site-packages/airflow/example_dags/example_dynamic_task_mapping.py
[2025-03-30T23:22:55.511+0000] {processor.py:925} INFO - DAG(s) 'example_dynamic_task_mapping' retrieved from /home/airflow/.local/lib/python3.12/site-packages/airflow/example_dags/example_dynamic_task_mapping.py
[2025-03-30T23:22:55.558+0000] {logging_mixin.py:190} INFO - [2025-03-30T23:22:55.557+0000] {dag.py:3239} INFO - Sync 1 DAGs
[2025-03-30T23:22:55.587+0000] {logging_mixin.py:190} INFO - [2025-03-30T23:22:55.586+0000] {dag.py:4180} INFO - Setting next_dagrun for example_dynamic_task_mapping to None, run_after=None
[2025-03-30T23:22:55.636+0000] {processor.py:208} INFO - Processing /home/airflow/.local/lib/python3.12/site-packages/airflow/example_dags/example_dynamic_task_mapping.py took 0.169 seconds
[2025-03-30T23:23:26.992+0000] {processor.py:186} INFO - Started process (PID=260) to work on /home/airflow/.local/lib/python3.12/site-packages/airflow/example_dags/example_dynamic_task_mapping.py
[2025-03-30T23:23:26.996+0000] {processor.py:914} INFO - Processing file /home/airflow/.local/lib/python3.12/site-packages/airflow/example_dags/example_dynamic_task_mapping.py for tasks to queue
[2025-03-30T23:23:27.003+0000] {logging_mixin.py:190} INFO - [2025-03-30T23:23:27.002+0000] {dagbag.py:588} INFO - Filling up the DagBag from /home/airflow/.local/lib/python3.12/site-packages/airflow/example_dags/example_dynamic_task_mapping.py
[2025-03-30T23:23:27.020+0000] {processor.py:925} INFO - DAG(s) 'example_dynamic_task_mapping' retrieved from /home/airflow/.local/lib/python3.12/site-packages/airflow/example_dags/example_dynamic_task_mapping.py
[2025-03-30T23:23:27.064+0000] {logging_mixin.py:190} INFO - [2025-03-30T23:23:27.063+0000] {dag.py:3239} INFO - Sync 1 DAGs
[2025-03-30T23:23:27.091+0000] {logging_mixin.py:190} INFO - [2025-03-30T23:23:27.090+0000] {dag.py:4180} INFO - Setting next_dagrun for example_dynamic_task_mapping to None, run_after=None
[2025-03-30T23:23:27.129+0000] {processor.py:208} INFO - Processing /home/airflow/.local/lib/python3.12/site-packages/airflow/example_dags/example_dynamic_task_mapping.py took 0.149 seconds
[2025-03-30T23:23:58.613+0000] {processor.py:186} INFO - Started process (PID=324) to work on /home/airflow/.local/lib/python3.12/site-packages/airflow/example_dags/example_dynamic_task_mapping.py
[2025-03-30T23:23:58.619+0000] {processor.py:914} INFO - Processing file /home/airflow/.local/lib/python3.12/site-packages/airflow/example_dags/example_dynamic_task_mapping.py for tasks to queue
[2025-03-30T23:23:58.628+0000] {logging_mixin.py:190} INFO - [2025-03-30T23:23:58.627+0000] {dagbag.py:588} INFO - Filling up the DagBag from /home/airflow/.local/lib/python3.12/site-packages/airflow/example_dags/example_dynamic_task_mapping.py
[2025-03-30T23:23:58.647+0000] {processor.py:925} INFO - DAG(s) 'example_dynamic_task_mapping' retrieved from /home/airflow/.local/lib/python3.12/site-packages/airflow/example_dags/example_dynamic_task_mapping.py
[2025-03-30T23:23:58.695+0000] {logging_mixin.py:190} INFO - [2025-03-30T23:23:58.695+0000] {dag.py:3239} INFO - Sync 1 DAGs
[2025-03-30T23:23:58.733+0000] {logging_mixin.py:190} INFO - [2025-03-30T23:23:58.732+0000] {dag.py:4180} INFO - Setting next_dagrun for example_dynamic_task_mapping to None, run_after=None
[2025-03-30T23:23:58.792+0000] {processor.py:208} INFO - Processing /home/airflow/.local/lib/python3.12/site-packages/airflow/example_dags/example_dynamic_task_mapping.py took 0.191 seconds
[2025-03-30T23:24:29.873+0000] {processor.py:186} INFO - Started process (PID=388) to work on /home/airflow/.local/lib/python3.12/site-packages/airflow/example_dags/example_dynamic_task_mapping.py
[2025-03-30T23:24:29.877+0000] {processor.py:914} INFO - Processing file /home/airflow/.local/lib/python3.12/site-packages/airflow/example_dags/example_dynamic_task_mapping.py for tasks to queue
[2025-03-30T23:24:29.883+0000] {logging_mixin.py:190} INFO - [2025-03-30T23:24:29.882+0000] {dagbag.py:588} INFO - Filling up the DagBag from /home/airflow/.local/lib/python3.12/site-packages/airflow/example_dags/example_dynamic_task_mapping.py
[2025-03-30T23:24:29.900+0000] {processor.py:925} INFO - DAG(s) 'example_dynamic_task_mapping' retrieved from /home/airflow/.local/lib/python3.12/site-packages/airflow/example_dags/example_dynamic_task_mapping.py
[2025-03-30T23:24:29.948+0000] {logging_mixin.py:190} INFO - [2025-03-30T23:24:29.947+0000] {dag.py:3239} INFO - Sync 1 DAGs
[2025-03-30T23:24:29.975+0000] {logging_mixin.py:190} INFO - [2025-03-30T23:24:29.974+0000] {dag.py:4180} INFO - Setting next_dagrun for example_dynamic_task_mapping to None, run_after=None
[2025-03-30T23:24:30.020+0000] {processor.py:208} INFO - Processing /home/airflow/.local/lib/python3.12/site-packages/airflow/example_dags/example_dynamic_task_mapping.py took 0.159 seconds
[2025-03-30T23:25:01.248+0000] {processor.py:186} INFO - Started process (PID=452) to work on /home/airflow/.local/lib/python3.12/site-packages/airflow/example_dags/example_dynamic_task_mapping.py
[2025-03-30T23:25:01.251+0000] {processor.py:914} INFO - Processing file /home/airflow/.local/lib/python3.12/site-packages/airflow/example_dags/example_dynamic_task_mapping.py for tasks to queue
[2025-03-30T23:25:01.257+0000] {logging_mixin.py:190} INFO - [2025-03-30T23:25:01.256+0000] {dagbag.py:588} INFO - Filling up the DagBag from /home/airflow/.local/lib/python3.12/site-packages/airflow/example_dags/example_dynamic_task_mapping.py
[2025-03-30T23:25:01.278+0000] {processor.py:925} INFO - DAG(s) 'example_dynamic_task_mapping' retrieved from /home/airflow/.local/lib/python3.12/site-packages/airflow/example_dags/example_dynamic_task_mapping.py
[2025-03-30T23:25:01.330+0000] {logging_mixin.py:190} INFO - [2025-03-30T23:25:01.329+0000] {dag.py:3239} INFO - Sync 1 DAGs
[2025-03-30T23:25:01.358+0000] {logging_mixin.py:190} INFO - [2025-03-30T23:25:01.358+0000] {dag.py:4180} INFO - Setting next_dagrun for example_dynamic_task_mapping to None, run_after=None
[2025-03-30T23:25:01.412+0000] {processor.py:208} INFO - Processing /home/airflow/.local/lib/python3.12/site-packages/airflow/example_dags/example_dynamic_task_mapping.py took 0.175 seconds
[2025-03-30T23:25:32.911+0000] {processor.py:186} INFO - Started process (PID=516) to work on /home/airflow/.local/lib/python3.12/site-packages/airflow/example_dags/example_dynamic_task_mapping.py
[2025-03-30T23:25:32.917+0000] {processor.py:914} INFO - Processing file /home/airflow/.local/lib/python3.12/site-packages/airflow/example_dags/example_dynamic_task_mapping.py for tasks to queue
[2025-03-30T23:25:32.922+0000] {logging_mixin.py:190} INFO - [2025-03-30T23:25:32.922+0000] {dagbag.py:588} INFO - Filling up the DagBag from /home/airflow/.local/lib/python3.12/site-packages/airflow/example_dags/example_dynamic_task_mapping.py
[2025-03-30T23:25:32.941+0000] {processor.py:925} INFO - DAG(s) 'example_dynamic_task_mapping' retrieved from /home/airflow/.local/lib/python3.12/site-packages/airflow/example_dags/example_dynamic_task_mapping.py
[2025-03-30T23:25:32.987+0000] {logging_mixin.py:190} INFO - [2025-03-30T23:25:32.986+0000] {dag.py:3239} INFO - Sync 1 DAGs
[2025-03-30T23:25:33.020+0000] {logging_mixin.py:190} INFO - [2025-03-30T23:25:33.019+0000] {dag.py:4180} INFO - Setting next_dagrun for example_dynamic_task_mapping to None, run_after=None
[2025-03-30T23:25:33.061+0000] {processor.py:208} INFO - Processing /home/airflow/.local/lib/python3.12/site-packages/airflow/example_dags/example_dynamic_task_mapping.py took 0.162 seconds
[2025-03-30T23:26:04.681+0000] {processor.py:186} INFO - Started process (PID=580) to work on /home/airflow/.local/lib/python3.12/site-packages/airflow/example_dags/example_dynamic_task_mapping.py
[2025-03-30T23:26:04.683+0000] {processor.py:914} INFO - Processing file /home/airflow/.local/lib/python3.12/site-packages/airflow/example_dags/example_dynamic_task_mapping.py for tasks to queue
[2025-03-30T23:26:04.689+0000] {logging_mixin.py:190} INFO - [2025-03-30T23:26:04.688+0000] {dagbag.py:588} INFO - Filling up the DagBag from /home/airflow/.local/lib/python3.12/site-packages/airflow/example_dags/example_dynamic_task_mapping.py
[2025-03-30T23:26:04.703+0000] {processor.py:925} INFO - DAG(s) 'example_dynamic_task_mapping' retrieved from /home/airflow/.local/lib/python3.12/site-packages/airflow/example_dags/example_dynamic_task_mapping.py
[2025-03-30T23:26:04.750+0000] {logging_mixin.py:190} INFO - [2025-03-30T23:26:04.750+0000] {dag.py:3239} INFO - Sync 1 DAGs
[2025-03-30T23:26:04.781+0000] {logging_mixin.py:190} INFO - [2025-03-30T23:26:04.781+0000] {dag.py:4180} INFO - Setting next_dagrun for example_dynamic_task_mapping to None, run_after=None
[2025-03-30T23:26:04.827+0000] {processor.py:208} INFO - Processing /home/airflow/.local/lib/python3.12/site-packages/airflow/example_dags/example_dynamic_task_mapping.py took 0.154 seconds
[2025-03-30T23:26:36.687+0000] {processor.py:186} INFO - Started process (PID=644) to work on /home/airflow/.local/lib/python3.12/site-packages/airflow/example_dags/example_dynamic_task_mapping.py
[2025-03-30T23:26:36.691+0000] {processor.py:914} INFO - Processing file /home/airflow/.local/lib/python3.12/site-packages/airflow/example_dags/example_dynamic_task_mapping.py for tasks to queue
[2025-03-30T23:26:36.697+0000] {logging_mixin.py:190} INFO - [2025-03-30T23:26:36.696+0000] {dagbag.py:588} INFO - Filling up the DagBag from /home/airflow/.local/lib/python3.12/site-packages/airflow/example_dags/example_dynamic_task_mapping.py
[2025-03-30T23:26:36.715+0000] {processor.py:925} INFO - DAG(s) 'example_dynamic_task_mapping' retrieved from /home/airflow/.local/lib/python3.12/site-packages/airflow/example_dags/example_dynamic_task_mapping.py
[2025-03-30T23:26:36.763+0000] {logging_mixin.py:190} INFO - [2025-03-30T23:26:36.762+0000] {dag.py:3239} INFO - Sync 1 DAGs
[2025-03-30T23:26:36.791+0000] {logging_mixin.py:190} INFO - [2025-03-30T23:26:36.791+0000] {dag.py:4180} INFO - Setting next_dagrun for example_dynamic_task_mapping to None, run_after=None
[2025-03-30T23:26:36.831+0000] {processor.py:208} INFO - Processing /home/airflow/.local/lib/python3.12/site-packages/airflow/example_dags/example_dynamic_task_mapping.py took 0.156 seconds
[2025-03-30T23:27:08.749+0000] {processor.py:186} INFO - Started process (PID=708) to work on /home/airflow/.local/lib/python3.12/site-packages/airflow/example_dags/example_dynamic_task_mapping.py
[2025-03-30T23:27:08.755+0000] {processor.py:914} INFO - Processing file /home/airflow/.local/lib/python3.12/site-packages/airflow/example_dags/example_dynamic_task_mapping.py for tasks to queue
[2025-03-30T23:27:08.761+0000] {logging_mixin.py:190} INFO - [2025-03-30T23:27:08.760+0000] {dagbag.py:588} INFO - Filling up the DagBag from /home/airflow/.local/lib/python3.12/site-packages/airflow/example_dags/example_dynamic_task_mapping.py
[2025-03-30T23:27:08.779+0000] {processor.py:925} INFO - DAG(s) 'example_dynamic_task_mapping' retrieved from /home/airflow/.local/lib/python3.12/site-packages/airflow/example_dags/example_dynamic_task_mapping.py
[2025-03-30T23:27:08.830+0000] {logging_mixin.py:190} INFO - [2025-03-30T23:27:08.829+0000] {dag.py:3239} INFO - Sync 1 DAGs
[2025-03-30T23:27:08.859+0000] {logging_mixin.py:190} INFO - [2025-03-30T23:27:08.858+0000] {dag.py:4180} INFO - Setting next_dagrun for example_dynamic_task_mapping to None, run_after=None
[2025-03-30T23:27:08.899+0000] {processor.py:208} INFO - Processing /home/airflow/.local/lib/python3.12/site-packages/airflow/example_dags/example_dynamic_task_mapping.py took 0.162 seconds
[2025-03-30T23:27:40.130+0000] {processor.py:186} INFO - Started process (PID=772) to work on /home/airflow/.local/lib/python3.12/site-packages/airflow/example_dags/example_dynamic_task_mapping.py
[2025-03-30T23:27:40.133+0000] {processor.py:914} INFO - Processing file /home/airflow/.local/lib/python3.12/site-packages/airflow/example_dags/example_dynamic_task_mapping.py for tasks to queue
[2025-03-30T23:27:40.139+0000] {logging_mixin.py:190} INFO - [2025-03-30T23:27:40.138+0000] {dagbag.py:588} INFO - Filling up the DagBag from /home/airflow/.local/lib/python3.12/site-packages/airflow/example_dags/example_dynamic_task_mapping.py
[2025-03-30T23:27:40.156+0000] {processor.py:925} INFO - DAG(s) 'example_dynamic_task_mapping' retrieved from /home/airflow/.local/lib/python3.12/site-packages/airflow/example_dags/example_dynamic_task_mapping.py
[2025-03-30T23:27:40.198+0000] {logging_mixin.py:190} INFO - [2025-03-30T23:27:40.197+0000] {dag.py:3239} INFO - Sync 1 DAGs
[2025-03-30T23:27:40.226+0000] {logging_mixin.py:190} INFO - [2025-03-30T23:27:40.226+0000] {dag.py:4180} INFO - Setting next_dagrun for example_dynamic_task_mapping to None, run_after=None
[2025-03-30T23:27:40.267+0000] {processor.py:208} INFO - Processing /home/airflow/.local/lib/python3.12/site-packages/airflow/example_dags/example_dynamic_task_mapping.py took 0.148 seconds
[2025-03-30T23:28:12.127+0000] {processor.py:186} INFO - Started process (PID=836) to work on /home/airflow/.local/lib/python3.12/site-packages/airflow/example_dags/example_dynamic_task_mapping.py
[2025-03-30T23:28:12.130+0000] {processor.py:914} INFO - Processing file /home/airflow/.local/lib/python3.12/site-packages/airflow/example_dags/example_dynamic_task_mapping.py for tasks to queue
[2025-03-30T23:28:12.136+0000] {logging_mixin.py:190} INFO - [2025-03-30T23:28:12.135+0000] {dagbag.py:588} INFO - Filling up the DagBag from /home/airflow/.local/lib/python3.12/site-packages/airflow/example_dags/example_dynamic_task_mapping.py
[2025-03-30T23:28:12.157+0000] {processor.py:925} INFO - DAG(s) 'example_dynamic_task_mapping' retrieved from /home/airflow/.local/lib/python3.12/site-packages/airflow/example_dags/example_dynamic_task_mapping.py
[2025-03-30T23:28:12.200+0000] {logging_mixin.py:190} INFO - [2025-03-30T23:28:12.200+0000] {dag.py:3239} INFO - Sync 1 DAGs
[2025-03-30T23:28:12.231+0000] {logging_mixin.py:190} INFO - [2025-03-30T23:28:12.231+0000] {dag.py:4180} INFO - Setting next_dagrun for example_dynamic_task_mapping to None, run_after=None
[2025-03-30T23:28:12.271+0000] {processor.py:208} INFO - Processing /home/airflow/.local/lib/python3.12/site-packages/airflow/example_dags/example_dynamic_task_mapping.py took 0.156 seconds
[2025-03-30T23:28:43.695+0000] {processor.py:186} INFO - Started process (PID=900) to work on /home/airflow/.local/lib/python3.12/site-packages/airflow/example_dags/example_dynamic_task_mapping.py
[2025-03-30T23:28:43.700+0000] {processor.py:914} INFO - Processing file /home/airflow/.local/lib/python3.12/site-packages/airflow/example_dags/example_dynamic_task_mapping.py for tasks to queue
[2025-03-30T23:28:43.707+0000] {logging_mixin.py:190} INFO - [2025-03-30T23:28:43.706+0000] {dagbag.py:588} INFO - Filling up the DagBag from /home/airflow/.local/lib/python3.12/site-packages/airflow/example_dags/example_dynamic_task_mapping.py
[2025-03-30T23:28:43.732+0000] {processor.py:925} INFO - DAG(s) 'example_dynamic_task_mapping' retrieved from /home/airflow/.local/lib/python3.12/site-packages/airflow/example_dags/example_dynamic_task_mapping.py
[2025-03-30T23:28:43.783+0000] {logging_mixin.py:190} INFO - [2025-03-30T23:28:43.782+0000] {dag.py:3239} INFO - Sync 1 DAGs
[2025-03-30T23:28:43.818+0000] {logging_mixin.py:190} INFO - [2025-03-30T23:28:43.818+0000] {dag.py:4180} INFO - Setting next_dagrun for example_dynamic_task_mapping to None, run_after=None
[2025-03-30T23:28:43.862+0000] {processor.py:208} INFO - Processing /home/airflow/.local/lib/python3.12/site-packages/airflow/example_dags/example_dynamic_task_mapping.py took 0.181 seconds
[2025-03-30T23:29:14.997+0000] {processor.py:186} INFO - Started process (PID=964) to work on /home/airflow/.local/lib/python3.12/site-packages/airflow/example_dags/example_dynamic_task_mapping.py
[2025-03-30T23:29:15.000+0000] {processor.py:914} INFO - Processing file /home/airflow/.local/lib/python3.12/site-packages/airflow/example_dags/example_dynamic_task_mapping.py for tasks to queue
[2025-03-30T23:29:15.008+0000] {logging_mixin.py:190} INFO - [2025-03-30T23:29:15.007+0000] {dagbag.py:588} INFO - Filling up the DagBag from /home/airflow/.local/lib/python3.12/site-packages/airflow/example_dags/example_dynamic_task_mapping.py
[2025-03-30T23:29:15.027+0000] {processor.py:925} INFO - DAG(s) 'example_dynamic_task_mapping' retrieved from /home/airflow/.local/lib/python3.12/site-packages/airflow/example_dags/example_dynamic_task_mapping.py
[2025-03-30T23:29:15.078+0000] {logging_mixin.py:190} INFO - [2025-03-30T23:29:15.078+0000] {dag.py:3239} INFO - Sync 1 DAGs
[2025-03-30T23:29:15.105+0000] {logging_mixin.py:190} INFO - [2025-03-30T23:29:15.104+0000] {dag.py:4180} INFO - Setting next_dagrun for example_dynamic_task_mapping to None, run_after=None
[2025-03-30T23:29:15.152+0000] {processor.py:208} INFO - Processing /home/airflow/.local/lib/python3.12/site-packages/airflow/example_dags/example_dynamic_task_mapping.py took 0.167 seconds
[2025-03-30T23:29:46.637+0000] {processor.py:186} INFO - Started process (PID=1034) to work on /home/airflow/.local/lib/python3.12/site-packages/airflow/example_dags/example_dynamic_task_mapping.py
[2025-03-30T23:29:46.641+0000] {processor.py:914} INFO - Processing file /home/airflow/.local/lib/python3.12/site-packages/airflow/example_dags/example_dynamic_task_mapping.py for tasks to queue
[2025-03-30T23:29:46.648+0000] {logging_mixin.py:190} INFO - [2025-03-30T23:29:46.647+0000] {dagbag.py:588} INFO - Filling up the DagBag from /home/airflow/.local/lib/python3.12/site-packages/airflow/example_dags/example_dynamic_task_mapping.py
[2025-03-30T23:29:46.665+0000] {processor.py:925} INFO - DAG(s) 'example_dynamic_task_mapping' retrieved from /home/airflow/.local/lib/python3.12/site-packages/airflow/example_dags/example_dynamic_task_mapping.py
[2025-03-30T23:29:46.710+0000] {logging_mixin.py:190} INFO - [2025-03-30T23:29:46.709+0000] {dag.py:3239} INFO - Sync 1 DAGs
[2025-03-30T23:29:46.738+0000] {logging_mixin.py:190} INFO - [2025-03-30T23:29:46.738+0000] {dag.py:4180} INFO - Setting next_dagrun for example_dynamic_task_mapping to None, run_after=None
[2025-03-30T23:29:46.777+0000] {processor.py:208} INFO - Processing /home/airflow/.local/lib/python3.12/site-packages/airflow/example_dags/example_dynamic_task_mapping.py took 0.150 seconds
[2025-03-30T23:30:18.058+0000] {processor.py:186} INFO - Started process (PID=1098) to work on /home/airflow/.local/lib/python3.12/site-packages/airflow/example_dags/example_dynamic_task_mapping.py
[2025-03-30T23:30:18.062+0000] {processor.py:914} INFO - Processing file /home/airflow/.local/lib/python3.12/site-packages/airflow/example_dags/example_dynamic_task_mapping.py for tasks to queue
[2025-03-30T23:30:18.069+0000] {logging_mixin.py:190} INFO - [2025-03-30T23:30:18.068+0000] {dagbag.py:588} INFO - Filling up the DagBag from /home/airflow/.local/lib/python3.12/site-packages/airflow/example_dags/example_dynamic_task_mapping.py
[2025-03-30T23:30:18.086+0000] {processor.py:925} INFO - DAG(s) 'example_dynamic_task_mapping' retrieved from /home/airflow/.local/lib/python3.12/site-packages/airflow/example_dags/example_dynamic_task_mapping.py
[2025-03-30T23:30:18.130+0000] {logging_mixin.py:190} INFO - [2025-03-30T23:30:18.129+0000] {dag.py:3239} INFO - Sync 1 DAGs
[2025-03-30T23:30:18.157+0000] {logging_mixin.py:190} INFO - [2025-03-30T23:30:18.157+0000] {dag.py:4180} INFO - Setting next_dagrun for example_dynamic_task_mapping to None, run_after=None
[2025-03-30T23:30:18.197+0000] {processor.py:208} INFO - Processing /home/airflow/.local/lib/python3.12/site-packages/airflow/example_dags/example_dynamic_task_mapping.py took 0.150 seconds
[2025-03-30T23:30:49.408+0000] {processor.py:186} INFO - Started process (PID=1162) to work on /home/airflow/.local/lib/python3.12/site-packages/airflow/example_dags/example_dynamic_task_mapping.py
[2025-03-30T23:30:49.411+0000] {processor.py:914} INFO - Processing file /home/airflow/.local/lib/python3.12/site-packages/airflow/example_dags/example_dynamic_task_mapping.py for tasks to queue
[2025-03-30T23:30:49.419+0000] {logging_mixin.py:190} INFO - [2025-03-30T23:30:49.418+0000] {dagbag.py:588} INFO - Filling up the DagBag from /home/airflow/.local/lib/python3.12/site-packages/airflow/example_dags/example_dynamic_task_mapping.py
[2025-03-30T23:30:49.439+0000] {processor.py:925} INFO - DAG(s) 'example_dynamic_task_mapping' retrieved from /home/airflow/.local/lib/python3.12/site-packages/airflow/example_dags/example_dynamic_task_mapping.py
[2025-03-30T23:30:49.486+0000] {logging_mixin.py:190} INFO - [2025-03-30T23:30:49.486+0000] {dag.py:3239} INFO - Sync 1 DAGs
[2025-03-30T23:30:49.517+0000] {logging_mixin.py:190} INFO - [2025-03-30T23:30:49.517+0000] {dag.py:4180} INFO - Setting next_dagrun for example_dynamic_task_mapping to None, run_after=None
[2025-03-30T23:30:49.561+0000] {processor.py:208} INFO - Processing /home/airflow/.local/lib/python3.12/site-packages/airflow/example_dags/example_dynamic_task_mapping.py took 0.169 seconds
[2025-03-30T23:31:21.382+0000] {processor.py:186} INFO - Started process (PID=1226) to work on /home/airflow/.local/lib/python3.12/site-packages/airflow/example_dags/example_dynamic_task_mapping.py
[2025-03-30T23:31:21.384+0000] {processor.py:914} INFO - Processing file /home/airflow/.local/lib/python3.12/site-packages/airflow/example_dags/example_dynamic_task_mapping.py for tasks to queue
[2025-03-30T23:31:21.391+0000] {logging_mixin.py:190} INFO - [2025-03-30T23:31:21.391+0000] {dagbag.py:588} INFO - Filling up the DagBag from /home/airflow/.local/lib/python3.12/site-packages/airflow/example_dags/example_dynamic_task_mapping.py
[2025-03-30T23:31:21.408+0000] {processor.py:925} INFO - DAG(s) 'example_dynamic_task_mapping' retrieved from /home/airflow/.local/lib/python3.12/site-packages/airflow/example_dags/example_dynamic_task_mapping.py
[2025-03-30T23:31:21.448+0000] {logging_mixin.py:190} INFO - [2025-03-30T23:31:21.448+0000] {dag.py:3239} INFO - Sync 1 DAGs
[2025-03-30T23:31:21.474+0000] {logging_mixin.py:190} INFO - [2025-03-30T23:31:21.473+0000] {dag.py:4180} INFO - Setting next_dagrun for example_dynamic_task_mapping to None, run_after=None
[2025-03-30T23:31:21.513+0000] {processor.py:208} INFO - Processing /home/airflow/.local/lib/python3.12/site-packages/airflow/example_dags/example_dynamic_task_mapping.py took 0.143 seconds
[2025-03-30T23:31:52.754+0000] {processor.py:186} INFO - Started process (PID=1290) to work on /home/airflow/.local/lib/python3.12/site-packages/airflow/example_dags/example_dynamic_task_mapping.py
[2025-03-30T23:31:52.757+0000] {processor.py:914} INFO - Processing file /home/airflow/.local/lib/python3.12/site-packages/airflow/example_dags/example_dynamic_task_mapping.py for tasks to queue
[2025-03-30T23:31:52.766+0000] {logging_mixin.py:190} INFO - [2025-03-30T23:31:52.765+0000] {dagbag.py:588} INFO - Filling up the DagBag from /home/airflow/.local/lib/python3.12/site-packages/airflow/example_dags/example_dynamic_task_mapping.py
[2025-03-30T23:31:52.783+0000] {processor.py:925} INFO - DAG(s) 'example_dynamic_task_mapping' retrieved from /home/airflow/.local/lib/python3.12/site-packages/airflow/example_dags/example_dynamic_task_mapping.py
[2025-03-30T23:31:52.823+0000] {logging_mixin.py:190} INFO - [2025-03-30T23:31:52.822+0000] {dag.py:3239} INFO - Sync 1 DAGs
[2025-03-30T23:31:52.851+0000] {logging_mixin.py:190} INFO - [2025-03-30T23:31:52.851+0000] {dag.py:4180} INFO - Setting next_dagrun for example_dynamic_task_mapping to None, run_after=None
[2025-03-30T23:31:52.890+0000] {processor.py:208} INFO - Processing /home/airflow/.local/lib/python3.12/site-packages/airflow/example_dags/example_dynamic_task_mapping.py took 0.148 seconds
[2025-03-30T23:32:24.658+0000] {processor.py:186} INFO - Started process (PID=1354) to work on /home/airflow/.local/lib/python3.12/site-packages/airflow/example_dags/example_dynamic_task_mapping.py
[2025-03-30T23:32:24.661+0000] {processor.py:914} INFO - Processing file /home/airflow/.local/lib/python3.12/site-packages/airflow/example_dags/example_dynamic_task_mapping.py for tasks to queue
[2025-03-30T23:32:24.667+0000] {logging_mixin.py:190} INFO - [2025-03-30T23:32:24.666+0000] {dagbag.py:588} INFO - Filling up the DagBag from /home/airflow/.local/lib/python3.12/site-packages/airflow/example_dags/example_dynamic_task_mapping.py
[2025-03-30T23:32:24.685+0000] {processor.py:925} INFO - DAG(s) 'example_dynamic_task_mapping' retrieved from /home/airflow/.local/lib/python3.12/site-packages/airflow/example_dags/example_dynamic_task_mapping.py
[2025-03-30T23:32:24.729+0000] {logging_mixin.py:190} INFO - [2025-03-30T23:32:24.728+0000] {dag.py:3239} INFO - Sync 1 DAGs
[2025-03-30T23:32:24.756+0000] {logging_mixin.py:190} INFO - [2025-03-30T23:32:24.756+0000] {dag.py:4180} INFO - Setting next_dagrun for example_dynamic_task_mapping to None, run_after=None
[2025-03-30T23:32:24.795+0000] {processor.py:208} INFO - Processing /home/airflow/.local/lib/python3.12/site-packages/airflow/example_dags/example_dynamic_task_mapping.py took 0.148 seconds
[2025-03-30T23:32:56.633+0000] {processor.py:186} INFO - Started process (PID=1418) to work on /home/airflow/.local/lib/python3.12/site-packages/airflow/example_dags/example_dynamic_task_mapping.py
[2025-03-30T23:32:56.637+0000] {processor.py:914} INFO - Processing file /home/airflow/.local/lib/python3.12/site-packages/airflow/example_dags/example_dynamic_task_mapping.py for tasks to queue
[2025-03-30T23:32:56.643+0000] {logging_mixin.py:190} INFO - [2025-03-30T23:32:56.642+0000] {dagbag.py:588} INFO - Filling up the DagBag from /home/airflow/.local/lib/python3.12/site-packages/airflow/example_dags/example_dynamic_task_mapping.py
[2025-03-30T23:32:56.662+0000] {processor.py:925} INFO - DAG(s) 'example_dynamic_task_mapping' retrieved from /home/airflow/.local/lib/python3.12/site-packages/airflow/example_dags/example_dynamic_task_mapping.py
[2025-03-30T23:32:56.706+0000] {logging_mixin.py:190} INFO - [2025-03-30T23:32:56.706+0000] {dag.py:3239} INFO - Sync 1 DAGs
[2025-03-30T23:32:56.733+0000] {logging_mixin.py:190} INFO - [2025-03-30T23:32:56.733+0000] {dag.py:4180} INFO - Setting next_dagrun for example_dynamic_task_mapping to None, run_after=None
[2025-03-30T23:32:56.771+0000] {processor.py:208} INFO - Processing /home/airflow/.local/lib/python3.12/site-packages/airflow/example_dags/example_dynamic_task_mapping.py took 0.150 seconds
[2025-03-30T23:33:27.997+0000] {processor.py:186} INFO - Started process (PID=1482) to work on /home/airflow/.local/lib/python3.12/site-packages/airflow/example_dags/example_dynamic_task_mapping.py
[2025-03-30T23:33:28.001+0000] {processor.py:914} INFO - Processing file /home/airflow/.local/lib/python3.12/site-packages/airflow/example_dags/example_dynamic_task_mapping.py for tasks to queue
[2025-03-30T23:33:28.010+0000] {logging_mixin.py:190} INFO - [2025-03-30T23:33:28.009+0000] {dagbag.py:588} INFO - Filling up the DagBag from /home/airflow/.local/lib/python3.12/site-packages/airflow/example_dags/example_dynamic_task_mapping.py
[2025-03-30T23:33:28.033+0000] {processor.py:925} INFO - DAG(s) 'example_dynamic_task_mapping' retrieved from /home/airflow/.local/lib/python3.12/site-packages/airflow/example_dags/example_dynamic_task_mapping.py
[2025-03-30T23:33:28.076+0000] {logging_mixin.py:190} INFO - [2025-03-30T23:33:28.076+0000] {dag.py:3239} INFO - Sync 1 DAGs
[2025-03-30T23:33:28.104+0000] {logging_mixin.py:190} INFO - [2025-03-30T23:33:28.103+0000] {dag.py:4180} INFO - Setting next_dagrun for example_dynamic_task_mapping to None, run_after=None
[2025-03-30T23:33:28.143+0000] {processor.py:208} INFO - Processing /home/airflow/.local/lib/python3.12/site-packages/airflow/example_dags/example_dynamic_task_mapping.py took 0.159 seconds
[2025-03-30T23:52:59.913+0000] {processor.py:186} INFO - Started process (PID=1573) to work on /home/airflow/.local/lib/python3.12/site-packages/airflow/example_dags/example_dynamic_task_mapping.py
[2025-03-30T23:52:59.914+0000] {processor.py:914} INFO - Processing file /home/airflow/.local/lib/python3.12/site-packages/airflow/example_dags/example_dynamic_task_mapping.py for tasks to queue
[2025-03-30T23:52:59.917+0000] {logging_mixin.py:190} INFO - [2025-03-30T23:52:59.917+0000] {dagbag.py:588} INFO - Filling up the DagBag from /home/airflow/.local/lib/python3.12/site-packages/airflow/example_dags/example_dynamic_task_mapping.py
[2025-03-30T23:52:59.925+0000] {processor.py:925} INFO - DAG(s) 'example_dynamic_task_mapping' retrieved from /home/airflow/.local/lib/python3.12/site-packages/airflow/example_dags/example_dynamic_task_mapping.py
[2025-03-30T23:52:59.947+0000] {logging_mixin.py:190} INFO - [2025-03-30T23:52:59.947+0000] {dag.py:3239} INFO - Sync 1 DAGs
[2025-03-30T23:52:59.960+0000] {logging_mixin.py:190} INFO - [2025-03-30T23:52:59.959+0000] {dag.py:4180} INFO - Setting next_dagrun for example_dynamic_task_mapping to None, run_after=None
[2025-03-30T23:52:59.981+0000] {processor.py:208} INFO - Processing /home/airflow/.local/lib/python3.12/site-packages/airflow/example_dags/example_dynamic_task_mapping.py took 0.073 seconds
