[2025-03-30T23:20:39.047+0000] {processor.py:186} INFO - Started process (PID=88) to work on /home/airflow/.local/lib/python3.12/site-packages/airflow/example_dags/example_branch_python_dop_operator_3.py
[2025-03-30T23:20:39.050+0000] {processor.py:914} INFO - Processing file /home/airflow/.local/lib/python3.12/site-packages/airflow/example_dags/example_branch_python_dop_operator_3.py for tasks to queue
[2025-03-30T23:20:39.057+0000] {logging_mixin.py:190} INFO - [2025-03-30T23:20:39.056+0000] {dagbag.py:588} INFO - Filling up the DagBag from /home/airflow/.local/lib/python3.12/site-packages/airflow/example_dags/example_branch_python_dop_operator_3.py
[2025-03-30T23:20:39.084+0000] {processor.py:925} INFO - DAG(s) 'example_branch_dop_operator_v3' retrieved from /home/airflow/.local/lib/python3.12/site-packages/airflow/example_dags/example_branch_python_dop_operator_3.py
[2025-03-30T23:20:39.135+0000] {logging_mixin.py:190} INFO - [2025-03-30T23:20:39.134+0000] {dag.py:3239} INFO - Sync 1 DAGs
[2025-03-30T23:20:39.192+0000] {logging_mixin.py:190} INFO - [2025-03-30T23:20:39.191+0000] {dag.py:4180} INFO - Setting next_dagrun for example_branch_dop_operator_v3 to 2025-03-30 23:19:00+00:00, run_after=2025-03-30 23:20:00+00:00
[2025-03-30T23:20:39.234+0000] {processor.py:208} INFO - Processing /home/airflow/.local/lib/python3.12/site-packages/airflow/example_dags/example_branch_python_dop_operator_3.py took 0.199 seconds
[2025-03-30T23:21:09.844+0000] {processor.py:186} INFO - Started process (PID=152) to work on /home/airflow/.local/lib/python3.12/site-packages/airflow/example_dags/example_branch_python_dop_operator_3.py
[2025-03-30T23:21:09.847+0000] {processor.py:914} INFO - Processing file /home/airflow/.local/lib/python3.12/site-packages/airflow/example_dags/example_branch_python_dop_operator_3.py for tasks to queue
[2025-03-30T23:21:09.855+0000] {logging_mixin.py:190} INFO - [2025-03-30T23:21:09.854+0000] {dagbag.py:588} INFO - Filling up the DagBag from /home/airflow/.local/lib/python3.12/site-packages/airflow/example_dags/example_branch_python_dop_operator_3.py
[2025-03-30T23:21:10.515+0000] {logging_mixin.py:190} INFO - [2025-03-30T23:21:10.515+0000] {process_utils.py:266} INFO - Waiting up to 5 seconds for processes to exit...
[2025-03-30T23:21:58.395+0000] {processor.py:186} INFO - Started process (PID=89) to work on /home/airflow/.local/lib/python3.12/site-packages/airflow/example_dags/example_branch_python_dop_operator_3.py
[2025-03-30T23:21:58.398+0000] {processor.py:914} INFO - Processing file /home/airflow/.local/lib/python3.12/site-packages/airflow/example_dags/example_branch_python_dop_operator_3.py for tasks to queue
[2025-03-30T23:21:58.404+0000] {logging_mixin.py:190} INFO - [2025-03-30T23:21:58.403+0000] {dagbag.py:588} INFO - Filling up the DagBag from /home/airflow/.local/lib/python3.12/site-packages/airflow/example_dags/example_branch_python_dop_operator_3.py
[2025-03-30T23:21:58.437+0000] {processor.py:925} INFO - DAG(s) 'example_branch_dop_operator_v3' retrieved from /home/airflow/.local/lib/python3.12/site-packages/airflow/example_dags/example_branch_python_dop_operator_3.py
[2025-03-30T23:21:58.481+0000] {logging_mixin.py:190} INFO - [2025-03-30T23:21:58.481+0000] {dag.py:3239} INFO - Sync 1 DAGs
[2025-03-30T23:21:58.542+0000] {logging_mixin.py:190} INFO - [2025-03-30T23:21:58.541+0000] {dag.py:4180} INFO - Setting next_dagrun for example_branch_dop_operator_v3 to 2025-03-30 23:20:00+00:00, run_after=2025-03-30 23:21:00+00:00
[2025-03-30T23:21:58.587+0000] {processor.py:208} INFO - Processing /home/airflow/.local/lib/python3.12/site-packages/airflow/example_dags/example_branch_python_dop_operator_3.py took 0.202 seconds
[2025-03-30T23:22:29.571+0000] {processor.py:186} INFO - Started process (PID=153) to work on /home/airflow/.local/lib/python3.12/site-packages/airflow/example_dags/example_branch_python_dop_operator_3.py
[2025-03-30T23:22:29.575+0000] {processor.py:914} INFO - Processing file /home/airflow/.local/lib/python3.12/site-packages/airflow/example_dags/example_branch_python_dop_operator_3.py for tasks to queue
[2025-03-30T23:22:29.585+0000] {logging_mixin.py:190} INFO - [2025-03-30T23:22:29.584+0000] {dagbag.py:588} INFO - Filling up the DagBag from /home/airflow/.local/lib/python3.12/site-packages/airflow/example_dags/example_branch_python_dop_operator_3.py
[2025-03-30T23:22:29.611+0000] {processor.py:925} INFO - DAG(s) 'example_branch_dop_operator_v3' retrieved from /home/airflow/.local/lib/python3.12/site-packages/airflow/example_dags/example_branch_python_dop_operator_3.py
[2025-03-30T23:22:29.659+0000] {logging_mixin.py:190} INFO - [2025-03-30T23:22:29.658+0000] {dag.py:3239} INFO - Sync 1 DAGs
[2025-03-30T23:22:29.711+0000] {logging_mixin.py:190} INFO - [2025-03-30T23:22:29.711+0000] {dag.py:4180} INFO - Setting next_dagrun for example_branch_dop_operator_v3 to 2025-03-30 23:21:00+00:00, run_after=2025-03-30 23:22:00+00:00
[2025-03-30T23:22:29.756+0000] {processor.py:208} INFO - Processing /home/airflow/.local/lib/python3.12/site-packages/airflow/example_dags/example_branch_python_dop_operator_3.py took 0.197 seconds
[2025-03-30T23:23:00.592+0000] {processor.py:186} INFO - Started process (PID=217) to work on /home/airflow/.local/lib/python3.12/site-packages/airflow/example_dags/example_branch_python_dop_operator_3.py
[2025-03-30T23:23:00.595+0000] {processor.py:914} INFO - Processing file /home/airflow/.local/lib/python3.12/site-packages/airflow/example_dags/example_branch_python_dop_operator_3.py for tasks to queue
[2025-03-30T23:23:00.602+0000] {logging_mixin.py:190} INFO - [2025-03-30T23:23:00.601+0000] {dagbag.py:588} INFO - Filling up the DagBag from /home/airflow/.local/lib/python3.12/site-packages/airflow/example_dags/example_branch_python_dop_operator_3.py
[2025-03-30T23:23:00.626+0000] {processor.py:925} INFO - DAG(s) 'example_branch_dop_operator_v3' retrieved from /home/airflow/.local/lib/python3.12/site-packages/airflow/example_dags/example_branch_python_dop_operator_3.py
[2025-03-30T23:23:00.672+0000] {logging_mixin.py:190} INFO - [2025-03-30T23:23:00.672+0000] {dag.py:3239} INFO - Sync 1 DAGs
[2025-03-30T23:23:00.733+0000] {logging_mixin.py:190} INFO - [2025-03-30T23:23:00.732+0000] {dag.py:4180} INFO - Setting next_dagrun for example_branch_dop_operator_v3 to 2025-03-30 23:22:00+00:00, run_after=2025-03-30 23:23:00+00:00
[2025-03-30T23:23:00.779+0000] {processor.py:208} INFO - Processing /home/airflow/.local/lib/python3.12/site-packages/airflow/example_dags/example_branch_python_dop_operator_3.py took 0.197 seconds
[2025-03-30T23:23:32.080+0000] {processor.py:186} INFO - Started process (PID=285) to work on /home/airflow/.local/lib/python3.12/site-packages/airflow/example_dags/example_branch_python_dop_operator_3.py
[2025-03-30T23:23:32.083+0000] {processor.py:914} INFO - Processing file /home/airflow/.local/lib/python3.12/site-packages/airflow/example_dags/example_branch_python_dop_operator_3.py for tasks to queue
[2025-03-30T23:23:32.090+0000] {logging_mixin.py:190} INFO - [2025-03-30T23:23:32.089+0000] {dagbag.py:588} INFO - Filling up the DagBag from /home/airflow/.local/lib/python3.12/site-packages/airflow/example_dags/example_branch_python_dop_operator_3.py
[2025-03-30T23:23:32.115+0000] {processor.py:925} INFO - DAG(s) 'example_branch_dop_operator_v3' retrieved from /home/airflow/.local/lib/python3.12/site-packages/airflow/example_dags/example_branch_python_dop_operator_3.py
[2025-03-30T23:23:32.166+0000] {logging_mixin.py:190} INFO - [2025-03-30T23:23:32.165+0000] {dag.py:3239} INFO - Sync 1 DAGs
[2025-03-30T23:23:32.226+0000] {logging_mixin.py:190} INFO - [2025-03-30T23:23:32.225+0000] {dag.py:4180} INFO - Setting next_dagrun for example_branch_dop_operator_v3 to 2025-03-30 23:22:00+00:00, run_after=2025-03-30 23:23:00+00:00
[2025-03-30T23:23:32.279+0000] {processor.py:208} INFO - Processing /home/airflow/.local/lib/python3.12/site-packages/airflow/example_dags/example_branch_python_dop_operator_3.py took 0.213 seconds
[2025-03-30T23:24:03.749+0000] {processor.py:186} INFO - Started process (PID=349) to work on /home/airflow/.local/lib/python3.12/site-packages/airflow/example_dags/example_branch_python_dop_operator_3.py
[2025-03-30T23:24:03.755+0000] {processor.py:914} INFO - Processing file /home/airflow/.local/lib/python3.12/site-packages/airflow/example_dags/example_branch_python_dop_operator_3.py for tasks to queue
[2025-03-30T23:24:03.762+0000] {logging_mixin.py:190} INFO - [2025-03-30T23:24:03.761+0000] {dagbag.py:588} INFO - Filling up the DagBag from /home/airflow/.local/lib/python3.12/site-packages/airflow/example_dags/example_branch_python_dop_operator_3.py
[2025-03-30T23:24:03.783+0000] {processor.py:925} INFO - DAG(s) 'example_branch_dop_operator_v3' retrieved from /home/airflow/.local/lib/python3.12/site-packages/airflow/example_dags/example_branch_python_dop_operator_3.py
[2025-03-30T23:24:03.826+0000] {logging_mixin.py:190} INFO - [2025-03-30T23:24:03.826+0000] {dag.py:3239} INFO - Sync 1 DAGs
[2025-03-30T23:24:03.875+0000] {logging_mixin.py:190} INFO - [2025-03-30T23:24:03.875+0000] {dag.py:4180} INFO - Setting next_dagrun for example_branch_dop_operator_v3 to 2025-03-30 23:23:00+00:00, run_after=2025-03-30 23:24:00+00:00
[2025-03-30T23:24:03.922+0000] {processor.py:208} INFO - Processing /home/airflow/.local/lib/python3.12/site-packages/airflow/example_dags/example_branch_python_dop_operator_3.py took 0.185 seconds
[2025-03-30T23:24:35.326+0000] {processor.py:186} INFO - Started process (PID=413) to work on /home/airflow/.local/lib/python3.12/site-packages/airflow/example_dags/example_branch_python_dop_operator_3.py
[2025-03-30T23:24:35.330+0000] {processor.py:914} INFO - Processing file /home/airflow/.local/lib/python3.12/site-packages/airflow/example_dags/example_branch_python_dop_operator_3.py for tasks to queue
[2025-03-30T23:24:35.336+0000] {logging_mixin.py:190} INFO - [2025-03-30T23:24:35.335+0000] {dagbag.py:588} INFO - Filling up the DagBag from /home/airflow/.local/lib/python3.12/site-packages/airflow/example_dags/example_branch_python_dop_operator_3.py
[2025-03-30T23:24:35.359+0000] {processor.py:925} INFO - DAG(s) 'example_branch_dop_operator_v3' retrieved from /home/airflow/.local/lib/python3.12/site-packages/airflow/example_dags/example_branch_python_dop_operator_3.py
[2025-03-30T23:24:35.403+0000] {logging_mixin.py:190} INFO - [2025-03-30T23:24:35.402+0000] {dag.py:3239} INFO - Sync 1 DAGs
[2025-03-30T23:24:35.454+0000] {logging_mixin.py:190} INFO - [2025-03-30T23:24:35.453+0000] {dag.py:4180} INFO - Setting next_dagrun for example_branch_dop_operator_v3 to 2025-03-30 23:23:00+00:00, run_after=2025-03-30 23:24:00+00:00
[2025-03-30T23:24:35.498+0000] {processor.py:208} INFO - Processing /home/airflow/.local/lib/python3.12/site-packages/airflow/example_dags/example_branch_python_dop_operator_3.py took 0.184 seconds
[2025-03-30T23:25:06.090+0000] {processor.py:186} INFO - Started process (PID=477) to work on /home/airflow/.local/lib/python3.12/site-packages/airflow/example_dags/example_branch_python_dop_operator_3.py
[2025-03-30T23:25:06.094+0000] {processor.py:914} INFO - Processing file /home/airflow/.local/lib/python3.12/site-packages/airflow/example_dags/example_branch_python_dop_operator_3.py for tasks to queue
[2025-03-30T23:25:06.103+0000] {logging_mixin.py:190} INFO - [2025-03-30T23:25:06.102+0000] {dagbag.py:588} INFO - Filling up the DagBag from /home/airflow/.local/lib/python3.12/site-packages/airflow/example_dags/example_branch_python_dop_operator_3.py
[2025-03-30T23:25:06.128+0000] {processor.py:925} INFO - DAG(s) 'example_branch_dop_operator_v3' retrieved from /home/airflow/.local/lib/python3.12/site-packages/airflow/example_dags/example_branch_python_dop_operator_3.py
[2025-03-30T23:25:06.175+0000] {logging_mixin.py:190} INFO - [2025-03-30T23:25:06.174+0000] {dag.py:3239} INFO - Sync 1 DAGs
[2025-03-30T23:25:06.234+0000] {logging_mixin.py:190} INFO - [2025-03-30T23:25:06.233+0000] {dag.py:4180} INFO - Setting next_dagrun for example_branch_dop_operator_v3 to 2025-03-30 23:24:00+00:00, run_after=2025-03-30 23:25:00+00:00
[2025-03-30T23:25:06.288+0000] {processor.py:208} INFO - Processing /home/airflow/.local/lib/python3.12/site-packages/airflow/example_dags/example_branch_python_dop_operator_3.py took 0.210 seconds
[2025-03-30T23:25:37.936+0000] {processor.py:186} INFO - Started process (PID=540) to work on /home/airflow/.local/lib/python3.12/site-packages/airflow/example_dags/example_branch_python_dop_operator_3.py
[2025-03-30T23:25:37.941+0000] {processor.py:914} INFO - Processing file /home/airflow/.local/lib/python3.12/site-packages/airflow/example_dags/example_branch_python_dop_operator_3.py for tasks to queue
[2025-03-30T23:25:37.950+0000] {logging_mixin.py:190} INFO - [2025-03-30T23:25:37.949+0000] {dagbag.py:588} INFO - Filling up the DagBag from /home/airflow/.local/lib/python3.12/site-packages/airflow/example_dags/example_branch_python_dop_operator_3.py
[2025-03-30T23:25:37.969+0000] {processor.py:925} INFO - DAG(s) 'example_branch_dop_operator_v3' retrieved from /home/airflow/.local/lib/python3.12/site-packages/airflow/example_dags/example_branch_python_dop_operator_3.py
[2025-03-30T23:25:38.011+0000] {logging_mixin.py:190} INFO - [2025-03-30T23:25:38.010+0000] {dag.py:3239} INFO - Sync 1 DAGs
[2025-03-30T23:25:38.065+0000] {logging_mixin.py:190} INFO - [2025-03-30T23:25:38.065+0000] {dag.py:4180} INFO - Setting next_dagrun for example_branch_dop_operator_v3 to 2025-03-30 23:24:00+00:00, run_after=2025-03-30 23:25:00+00:00
[2025-03-30T23:25:38.120+0000] {processor.py:208} INFO - Processing /home/airflow/.local/lib/python3.12/site-packages/airflow/example_dags/example_branch_python_dop_operator_3.py took 0.195 seconds
[2025-03-30T23:26:08.608+0000] {processor.py:186} INFO - Started process (PID=604) to work on /home/airflow/.local/lib/python3.12/site-packages/airflow/example_dags/example_branch_python_dop_operator_3.py
[2025-03-30T23:26:08.612+0000] {processor.py:914} INFO - Processing file /home/airflow/.local/lib/python3.12/site-packages/airflow/example_dags/example_branch_python_dop_operator_3.py for tasks to queue
[2025-03-30T23:26:08.618+0000] {logging_mixin.py:190} INFO - [2025-03-30T23:26:08.617+0000] {dagbag.py:588} INFO - Filling up the DagBag from /home/airflow/.local/lib/python3.12/site-packages/airflow/example_dags/example_branch_python_dop_operator_3.py
[2025-03-30T23:26:08.638+0000] {processor.py:925} INFO - DAG(s) 'example_branch_dop_operator_v3' retrieved from /home/airflow/.local/lib/python3.12/site-packages/airflow/example_dags/example_branch_python_dop_operator_3.py
[2025-03-30T23:26:08.683+0000] {logging_mixin.py:190} INFO - [2025-03-30T23:26:08.683+0000] {dag.py:3239} INFO - Sync 1 DAGs
[2025-03-30T23:26:08.737+0000] {logging_mixin.py:190} INFO - [2025-03-30T23:26:08.737+0000] {dag.py:4180} INFO - Setting next_dagrun for example_branch_dop_operator_v3 to 2025-03-30 23:25:00+00:00, run_after=2025-03-30 23:26:00+00:00
[2025-03-30T23:26:08.778+0000] {processor.py:208} INFO - Processing /home/airflow/.local/lib/python3.12/site-packages/airflow/example_dags/example_branch_python_dop_operator_3.py took 0.181 seconds
[2025-03-30T23:26:40.934+0000] {processor.py:186} INFO - Started process (PID=668) to work on /home/airflow/.local/lib/python3.12/site-packages/airflow/example_dags/example_branch_python_dop_operator_3.py
[2025-03-30T23:26:40.937+0000] {processor.py:914} INFO - Processing file /home/airflow/.local/lib/python3.12/site-packages/airflow/example_dags/example_branch_python_dop_operator_3.py for tasks to queue
[2025-03-30T23:26:40.942+0000] {logging_mixin.py:190} INFO - [2025-03-30T23:26:40.942+0000] {dagbag.py:588} INFO - Filling up the DagBag from /home/airflow/.local/lib/python3.12/site-packages/airflow/example_dags/example_branch_python_dop_operator_3.py
[2025-03-30T23:26:40.963+0000] {processor.py:925} INFO - DAG(s) 'example_branch_dop_operator_v3' retrieved from /home/airflow/.local/lib/python3.12/site-packages/airflow/example_dags/example_branch_python_dop_operator_3.py
[2025-03-30T23:26:40.999+0000] {logging_mixin.py:190} INFO - [2025-03-30T23:26:40.998+0000] {dag.py:3239} INFO - Sync 1 DAGs
[2025-03-30T23:26:41.048+0000] {logging_mixin.py:190} INFO - [2025-03-30T23:26:41.047+0000] {dag.py:4180} INFO - Setting next_dagrun for example_branch_dop_operator_v3 to 2025-03-30 23:25:00+00:00, run_after=2025-03-30 23:26:00+00:00
[2025-03-30T23:26:41.103+0000] {processor.py:208} INFO - Processing /home/airflow/.local/lib/python3.12/site-packages/airflow/example_dags/example_branch_python_dop_operator_3.py took 0.180 seconds
[2025-03-30T23:27:13.396+0000] {processor.py:186} INFO - Started process (PID=732) to work on /home/airflow/.local/lib/python3.12/site-packages/airflow/example_dags/example_branch_python_dop_operator_3.py
[2025-03-30T23:27:13.401+0000] {processor.py:914} INFO - Processing file /home/airflow/.local/lib/python3.12/site-packages/airflow/example_dags/example_branch_python_dop_operator_3.py for tasks to queue
[2025-03-30T23:27:13.407+0000] {logging_mixin.py:190} INFO - [2025-03-30T23:27:13.407+0000] {dagbag.py:588} INFO - Filling up the DagBag from /home/airflow/.local/lib/python3.12/site-packages/airflow/example_dags/example_branch_python_dop_operator_3.py
[2025-03-30T23:27:13.431+0000] {processor.py:925} INFO - DAG(s) 'example_branch_dop_operator_v3' retrieved from /home/airflow/.local/lib/python3.12/site-packages/airflow/example_dags/example_branch_python_dop_operator_3.py
[2025-03-30T23:27:13.483+0000] {logging_mixin.py:190} INFO - [2025-03-30T23:27:13.482+0000] {dag.py:3239} INFO - Sync 1 DAGs
[2025-03-30T23:27:13.539+0000] {logging_mixin.py:190} INFO - [2025-03-30T23:27:13.539+0000] {dag.py:4180} INFO - Setting next_dagrun for example_branch_dop_operator_v3 to 2025-03-30 23:26:00+00:00, run_after=2025-03-30 23:27:00+00:00
[2025-03-30T23:27:13.596+0000] {processor.py:208} INFO - Processing /home/airflow/.local/lib/python3.12/site-packages/airflow/example_dags/example_branch_python_dop_operator_3.py took 0.213 seconds
[2025-03-30T23:27:45.345+0000] {processor.py:186} INFO - Started process (PID=803) to work on /home/airflow/.local/lib/python3.12/site-packages/airflow/example_dags/example_branch_python_dop_operator_3.py
[2025-03-30T23:27:45.348+0000] {processor.py:914} INFO - Processing file /home/airflow/.local/lib/python3.12/site-packages/airflow/example_dags/example_branch_python_dop_operator_3.py for tasks to queue
[2025-03-30T23:27:45.356+0000] {logging_mixin.py:190} INFO - [2025-03-30T23:27:45.355+0000] {dagbag.py:588} INFO - Filling up the DagBag from /home/airflow/.local/lib/python3.12/site-packages/airflow/example_dags/example_branch_python_dop_operator_3.py
[2025-03-30T23:27:45.386+0000] {processor.py:925} INFO - DAG(s) 'example_branch_dop_operator_v3' retrieved from /home/airflow/.local/lib/python3.12/site-packages/airflow/example_dags/example_branch_python_dop_operator_3.py
[2025-03-30T23:27:45.433+0000] {logging_mixin.py:190} INFO - [2025-03-30T23:27:45.433+0000] {dag.py:3239} INFO - Sync 1 DAGs
[2025-03-30T23:27:45.484+0000] {logging_mixin.py:190} INFO - [2025-03-30T23:27:45.483+0000] {dag.py:4180} INFO - Setting next_dagrun for example_branch_dop_operator_v3 to 2025-03-30 23:26:00+00:00, run_after=2025-03-30 23:27:00+00:00
[2025-03-30T23:27:45.537+0000] {processor.py:208} INFO - Processing /home/airflow/.local/lib/python3.12/site-packages/airflow/example_dags/example_branch_python_dop_operator_3.py took 0.208 seconds
[2025-03-30T23:28:16.514+0000] {processor.py:186} INFO - Started process (PID=866) to work on /home/airflow/.local/lib/python3.12/site-packages/airflow/example_dags/example_branch_python_dop_operator_3.py
[2025-03-30T23:28:16.518+0000] {processor.py:914} INFO - Processing file /home/airflow/.local/lib/python3.12/site-packages/airflow/example_dags/example_branch_python_dop_operator_3.py for tasks to queue
[2025-03-30T23:28:16.524+0000] {logging_mixin.py:190} INFO - [2025-03-30T23:28:16.523+0000] {dagbag.py:588} INFO - Filling up the DagBag from /home/airflow/.local/lib/python3.12/site-packages/airflow/example_dags/example_branch_python_dop_operator_3.py
[2025-03-30T23:28:16.547+0000] {processor.py:925} INFO - DAG(s) 'example_branch_dop_operator_v3' retrieved from /home/airflow/.local/lib/python3.12/site-packages/airflow/example_dags/example_branch_python_dop_operator_3.py
[2025-03-30T23:28:16.590+0000] {logging_mixin.py:190} INFO - [2025-03-30T23:28:16.590+0000] {dag.py:3239} INFO - Sync 1 DAGs
[2025-03-30T23:28:16.644+0000] {logging_mixin.py:190} INFO - [2025-03-30T23:28:16.644+0000] {dag.py:4180} INFO - Setting next_dagrun for example_branch_dop_operator_v3 to 2025-03-30 23:27:00+00:00, run_after=2025-03-30 23:28:00+00:00
[2025-03-30T23:28:16.689+0000] {processor.py:208} INFO - Processing /home/airflow/.local/lib/python3.12/site-packages/airflow/example_dags/example_branch_python_dop_operator_3.py took 0.186 seconds
[2025-03-30T23:28:48.482+0000] {processor.py:186} INFO - Started process (PID=930) to work on /home/airflow/.local/lib/python3.12/site-packages/airflow/example_dags/example_branch_python_dop_operator_3.py
[2025-03-30T23:28:48.486+0000] {processor.py:914} INFO - Processing file /home/airflow/.local/lib/python3.12/site-packages/airflow/example_dags/example_branch_python_dop_operator_3.py for tasks to queue
[2025-03-30T23:28:48.492+0000] {logging_mixin.py:190} INFO - [2025-03-30T23:28:48.491+0000] {dagbag.py:588} INFO - Filling up the DagBag from /home/airflow/.local/lib/python3.12/site-packages/airflow/example_dags/example_branch_python_dop_operator_3.py
[2025-03-30T23:28:48.514+0000] {processor.py:925} INFO - DAG(s) 'example_branch_dop_operator_v3' retrieved from /home/airflow/.local/lib/python3.12/site-packages/airflow/example_dags/example_branch_python_dop_operator_3.py
[2025-03-30T23:28:48.559+0000] {logging_mixin.py:190} INFO - [2025-03-30T23:28:48.559+0000] {dag.py:3239} INFO - Sync 1 DAGs
[2025-03-30T23:28:48.616+0000] {logging_mixin.py:190} INFO - [2025-03-30T23:28:48.615+0000] {dag.py:4180} INFO - Setting next_dagrun for example_branch_dop_operator_v3 to 2025-03-30 23:27:00+00:00, run_after=2025-03-30 23:28:00+00:00
[2025-03-30T23:28:48.682+0000] {processor.py:208} INFO - Processing /home/airflow/.local/lib/python3.12/site-packages/airflow/example_dags/example_branch_python_dop_operator_3.py took 0.210 seconds
[2025-03-30T23:29:19.728+0000] {processor.py:186} INFO - Started process (PID=994) to work on /home/airflow/.local/lib/python3.12/site-packages/airflow/example_dags/example_branch_python_dop_operator_3.py
[2025-03-30T23:29:19.731+0000] {processor.py:914} INFO - Processing file /home/airflow/.local/lib/python3.12/site-packages/airflow/example_dags/example_branch_python_dop_operator_3.py for tasks to queue
[2025-03-30T23:29:19.738+0000] {logging_mixin.py:190} INFO - [2025-03-30T23:29:19.737+0000] {dagbag.py:588} INFO - Filling up the DagBag from /home/airflow/.local/lib/python3.12/site-packages/airflow/example_dags/example_branch_python_dop_operator_3.py
[2025-03-30T23:29:19.763+0000] {processor.py:925} INFO - DAG(s) 'example_branch_dop_operator_v3' retrieved from /home/airflow/.local/lib/python3.12/site-packages/airflow/example_dags/example_branch_python_dop_operator_3.py
[2025-03-30T23:29:19.811+0000] {logging_mixin.py:190} INFO - [2025-03-30T23:29:19.810+0000] {dag.py:3239} INFO - Sync 1 DAGs
[2025-03-30T23:29:19.884+0000] {logging_mixin.py:190} INFO - [2025-03-30T23:29:19.884+0000] {dag.py:4180} INFO - Setting next_dagrun for example_branch_dop_operator_v3 to 2025-03-30 23:28:00+00:00, run_after=2025-03-30 23:29:00+00:00
[2025-03-30T23:29:19.937+0000] {processor.py:208} INFO - Processing /home/airflow/.local/lib/python3.12/site-packages/airflow/example_dags/example_branch_python_dop_operator_3.py took 0.221 seconds
[2025-03-30T23:29:51.205+0000] {processor.py:186} INFO - Started process (PID=1058) to work on /home/airflow/.local/lib/python3.12/site-packages/airflow/example_dags/example_branch_python_dop_operator_3.py
[2025-03-30T23:29:51.209+0000] {processor.py:914} INFO - Processing file /home/airflow/.local/lib/python3.12/site-packages/airflow/example_dags/example_branch_python_dop_operator_3.py for tasks to queue
[2025-03-30T23:29:51.217+0000] {logging_mixin.py:190} INFO - [2025-03-30T23:29:51.216+0000] {dagbag.py:588} INFO - Filling up the DagBag from /home/airflow/.local/lib/python3.12/site-packages/airflow/example_dags/example_branch_python_dop_operator_3.py
[2025-03-30T23:29:51.239+0000] {processor.py:925} INFO - DAG(s) 'example_branch_dop_operator_v3' retrieved from /home/airflow/.local/lib/python3.12/site-packages/airflow/example_dags/example_branch_python_dop_operator_3.py
[2025-03-30T23:29:51.289+0000] {logging_mixin.py:190} INFO - [2025-03-30T23:29:51.288+0000] {dag.py:3239} INFO - Sync 1 DAGs
[2025-03-30T23:29:51.337+0000] {logging_mixin.py:190} INFO - [2025-03-30T23:29:51.336+0000] {dag.py:4180} INFO - Setting next_dagrun for example_branch_dop_operator_v3 to 2025-03-30 23:28:00+00:00, run_after=2025-03-30 23:29:00+00:00
[2025-03-30T23:29:51.393+0000] {processor.py:208} INFO - Processing /home/airflow/.local/lib/python3.12/site-packages/airflow/example_dags/example_branch_python_dop_operator_3.py took 0.205 seconds
[2025-03-30T23:30:22.065+0000] {processor.py:186} INFO - Started process (PID=1122) to work on /home/airflow/.local/lib/python3.12/site-packages/airflow/example_dags/example_branch_python_dop_operator_3.py
[2025-03-30T23:30:22.069+0000] {processor.py:914} INFO - Processing file /home/airflow/.local/lib/python3.12/site-packages/airflow/example_dags/example_branch_python_dop_operator_3.py for tasks to queue
[2025-03-30T23:30:22.075+0000] {logging_mixin.py:190} INFO - [2025-03-30T23:30:22.074+0000] {dagbag.py:588} INFO - Filling up the DagBag from /home/airflow/.local/lib/python3.12/site-packages/airflow/example_dags/example_branch_python_dop_operator_3.py
[2025-03-30T23:30:22.101+0000] {processor.py:925} INFO - DAG(s) 'example_branch_dop_operator_v3' retrieved from /home/airflow/.local/lib/python3.12/site-packages/airflow/example_dags/example_branch_python_dop_operator_3.py
[2025-03-30T23:30:22.151+0000] {logging_mixin.py:190} INFO - [2025-03-30T23:30:22.149+0000] {dag.py:3239} INFO - Sync 1 DAGs
[2025-03-30T23:30:22.214+0000] {logging_mixin.py:190} INFO - [2025-03-30T23:30:22.214+0000] {dag.py:4180} INFO - Setting next_dagrun for example_branch_dop_operator_v3 to 2025-03-30 23:29:00+00:00, run_after=2025-03-30 23:30:00+00:00
[2025-03-30T23:30:22.252+0000] {processor.py:208} INFO - Processing /home/airflow/.local/lib/python3.12/site-packages/airflow/example_dags/example_branch_python_dop_operator_3.py took 0.199 seconds
[2025-03-30T23:30:53.709+0000] {processor.py:186} INFO - Started process (PID=1185) to work on /home/airflow/.local/lib/python3.12/site-packages/airflow/example_dags/example_branch_python_dop_operator_3.py
[2025-03-30T23:30:53.712+0000] {processor.py:914} INFO - Processing file /home/airflow/.local/lib/python3.12/site-packages/airflow/example_dags/example_branch_python_dop_operator_3.py for tasks to queue
[2025-03-30T23:30:53.718+0000] {logging_mixin.py:190} INFO - [2025-03-30T23:30:53.718+0000] {dagbag.py:588} INFO - Filling up the DagBag from /home/airflow/.local/lib/python3.12/site-packages/airflow/example_dags/example_branch_python_dop_operator_3.py
[2025-03-30T23:30:53.744+0000] {processor.py:925} INFO - DAG(s) 'example_branch_dop_operator_v3' retrieved from /home/airflow/.local/lib/python3.12/site-packages/airflow/example_dags/example_branch_python_dop_operator_3.py
[2025-03-30T23:30:53.789+0000] {logging_mixin.py:190} INFO - [2025-03-30T23:30:53.788+0000] {dag.py:3239} INFO - Sync 1 DAGs
[2025-03-30T23:30:53.842+0000] {logging_mixin.py:190} INFO - [2025-03-30T23:30:53.841+0000] {dag.py:4180} INFO - Setting next_dagrun for example_branch_dop_operator_v3 to 2025-03-30 23:29:00+00:00, run_after=2025-03-30 23:30:00+00:00
[2025-03-30T23:30:53.882+0000] {processor.py:208} INFO - Processing /home/airflow/.local/lib/python3.12/site-packages/airflow/example_dags/example_branch_python_dop_operator_3.py took 0.185 seconds
[2025-03-30T23:31:24.693+0000] {processor.py:186} INFO - Started process (PID=1249) to work on /home/airflow/.local/lib/python3.12/site-packages/airflow/example_dags/example_branch_python_dop_operator_3.py
[2025-03-30T23:31:24.697+0000] {processor.py:914} INFO - Processing file /home/airflow/.local/lib/python3.12/site-packages/airflow/example_dags/example_branch_python_dop_operator_3.py for tasks to queue
[2025-03-30T23:31:24.702+0000] {logging_mixin.py:190} INFO - [2025-03-30T23:31:24.702+0000] {dagbag.py:588} INFO - Filling up the DagBag from /home/airflow/.local/lib/python3.12/site-packages/airflow/example_dags/example_branch_python_dop_operator_3.py
[2025-03-30T23:31:24.724+0000] {processor.py:925} INFO - DAG(s) 'example_branch_dop_operator_v3' retrieved from /home/airflow/.local/lib/python3.12/site-packages/airflow/example_dags/example_branch_python_dop_operator_3.py
[2025-03-30T23:31:24.769+0000] {logging_mixin.py:190} INFO - [2025-03-30T23:31:24.769+0000] {dag.py:3239} INFO - Sync 1 DAGs
[2025-03-30T23:31:24.817+0000] {logging_mixin.py:190} INFO - [2025-03-30T23:31:24.816+0000] {dag.py:4180} INFO - Setting next_dagrun for example_branch_dop_operator_v3 to 2025-03-30 23:30:00+00:00, run_after=2025-03-30 23:31:00+00:00
[2025-03-30T23:31:24.855+0000] {processor.py:208} INFO - Processing /home/airflow/.local/lib/python3.12/site-packages/airflow/example_dags/example_branch_python_dop_operator_3.py took 0.173 seconds
[2025-03-30T23:31:56.501+0000] {processor.py:186} INFO - Started process (PID=1313) to work on /home/airflow/.local/lib/python3.12/site-packages/airflow/example_dags/example_branch_python_dop_operator_3.py
[2025-03-30T23:31:56.504+0000] {processor.py:914} INFO - Processing file /home/airflow/.local/lib/python3.12/site-packages/airflow/example_dags/example_branch_python_dop_operator_3.py for tasks to queue
[2025-03-30T23:31:56.508+0000] {logging_mixin.py:190} INFO - [2025-03-30T23:31:56.508+0000] {dagbag.py:588} INFO - Filling up the DagBag from /home/airflow/.local/lib/python3.12/site-packages/airflow/example_dags/example_branch_python_dop_operator_3.py
[2025-03-30T23:31:56.528+0000] {processor.py:925} INFO - DAG(s) 'example_branch_dop_operator_v3' retrieved from /home/airflow/.local/lib/python3.12/site-packages/airflow/example_dags/example_branch_python_dop_operator_3.py
[2025-03-30T23:31:56.566+0000] {logging_mixin.py:190} INFO - [2025-03-30T23:31:56.566+0000] {dag.py:3239} INFO - Sync 1 DAGs
[2025-03-30T23:31:56.612+0000] {logging_mixin.py:190} INFO - [2025-03-30T23:31:56.612+0000] {dag.py:4180} INFO - Setting next_dagrun for example_branch_dop_operator_v3 to 2025-03-30 23:30:00+00:00, run_after=2025-03-30 23:31:00+00:00
[2025-03-30T23:31:56.666+0000] {processor.py:208} INFO - Processing /home/airflow/.local/lib/python3.12/site-packages/airflow/example_dags/example_branch_python_dop_operator_3.py took 0.175 seconds
[2025-03-30T23:32:28.542+0000] {processor.py:186} INFO - Started process (PID=1377) to work on /home/airflow/.local/lib/python3.12/site-packages/airflow/example_dags/example_branch_python_dop_operator_3.py
[2025-03-30T23:32:28.545+0000] {processor.py:914} INFO - Processing file /home/airflow/.local/lib/python3.12/site-packages/airflow/example_dags/example_branch_python_dop_operator_3.py for tasks to queue
[2025-03-30T23:32:28.551+0000] {logging_mixin.py:190} INFO - [2025-03-30T23:32:28.550+0000] {dagbag.py:588} INFO - Filling up the DagBag from /home/airflow/.local/lib/python3.12/site-packages/airflow/example_dags/example_branch_python_dop_operator_3.py
[2025-03-30T23:32:28.573+0000] {processor.py:925} INFO - DAG(s) 'example_branch_dop_operator_v3' retrieved from /home/airflow/.local/lib/python3.12/site-packages/airflow/example_dags/example_branch_python_dop_operator_3.py
[2025-03-30T23:32:28.616+0000] {logging_mixin.py:190} INFO - [2025-03-30T23:32:28.615+0000] {dag.py:3239} INFO - Sync 1 DAGs
[2025-03-30T23:32:28.667+0000] {logging_mixin.py:190} INFO - [2025-03-30T23:32:28.667+0000] {dag.py:4180} INFO - Setting next_dagrun for example_branch_dop_operator_v3 to 2025-03-30 23:31:00+00:00, run_after=2025-03-30 23:32:00+00:00
[2025-03-30T23:32:28.707+0000] {processor.py:208} INFO - Processing /home/airflow/.local/lib/python3.12/site-packages/airflow/example_dags/example_branch_python_dop_operator_3.py took 0.178 seconds
[2025-03-30T23:33:00.188+0000] {processor.py:186} INFO - Started process (PID=1441) to work on /home/airflow/.local/lib/python3.12/site-packages/airflow/example_dags/example_branch_python_dop_operator_3.py
[2025-03-30T23:33:00.191+0000] {processor.py:914} INFO - Processing file /home/airflow/.local/lib/python3.12/site-packages/airflow/example_dags/example_branch_python_dop_operator_3.py for tasks to queue
[2025-03-30T23:33:00.199+0000] {logging_mixin.py:190} INFO - [2025-03-30T23:33:00.198+0000] {dagbag.py:588} INFO - Filling up the DagBag from /home/airflow/.local/lib/python3.12/site-packages/airflow/example_dags/example_branch_python_dop_operator_3.py
[2025-03-30T23:33:00.222+0000] {processor.py:925} INFO - DAG(s) 'example_branch_dop_operator_v3' retrieved from /home/airflow/.local/lib/python3.12/site-packages/airflow/example_dags/example_branch_python_dop_operator_3.py
[2025-03-30T23:33:00.268+0000] {logging_mixin.py:190} INFO - [2025-03-30T23:33:00.267+0000] {dag.py:3239} INFO - Sync 1 DAGs
[2025-03-30T23:33:00.334+0000] {logging_mixin.py:190} INFO - [2025-03-30T23:33:00.333+0000] {dag.py:4180} INFO - Setting next_dagrun for example_branch_dop_operator_v3 to 2025-03-30 23:32:00+00:00, run_after=2025-03-30 23:33:00+00:00
[2025-03-30T23:33:00.380+0000] {processor.py:208} INFO - Processing /home/airflow/.local/lib/python3.12/site-packages/airflow/example_dags/example_branch_python_dop_operator_3.py took 0.205 seconds
[2025-03-30T23:33:31.669+0000] {processor.py:186} INFO - Started process (PID=1505) to work on /home/airflow/.local/lib/python3.12/site-packages/airflow/example_dags/example_branch_python_dop_operator_3.py
[2025-03-30T23:33:31.673+0000] {processor.py:914} INFO - Processing file /home/airflow/.local/lib/python3.12/site-packages/airflow/example_dags/example_branch_python_dop_operator_3.py for tasks to queue
[2025-03-30T23:33:31.679+0000] {logging_mixin.py:190} INFO - [2025-03-30T23:33:31.678+0000] {dagbag.py:588} INFO - Filling up the DagBag from /home/airflow/.local/lib/python3.12/site-packages/airflow/example_dags/example_branch_python_dop_operator_3.py
[2025-03-30T23:33:31.701+0000] {processor.py:925} INFO - DAG(s) 'example_branch_dop_operator_v3' retrieved from /home/airflow/.local/lib/python3.12/site-packages/airflow/example_dags/example_branch_python_dop_operator_3.py
[2025-03-30T23:33:31.746+0000] {logging_mixin.py:190} INFO - [2025-03-30T23:33:31.746+0000] {dag.py:3239} INFO - Sync 1 DAGs
[2025-03-30T23:33:31.797+0000] {logging_mixin.py:190} INFO - [2025-03-30T23:33:31.797+0000] {dag.py:4180} INFO - Setting next_dagrun for example_branch_dop_operator_v3 to 2025-03-30 23:32:00+00:00, run_after=2025-03-30 23:33:00+00:00
[2025-03-30T23:33:31.839+0000] {processor.py:208} INFO - Processing /home/airflow/.local/lib/python3.12/site-packages/airflow/example_dags/example_branch_python_dop_operator_3.py took 0.181 seconds
[2025-03-30T23:53:02.571+0000] {processor.py:186} INFO - Started process (PID=1598) to work on /home/airflow/.local/lib/python3.12/site-packages/airflow/example_dags/example_branch_python_dop_operator_3.py
[2025-03-30T23:53:02.573+0000] {processor.py:914} INFO - Processing file /home/airflow/.local/lib/python3.12/site-packages/airflow/example_dags/example_branch_python_dop_operator_3.py for tasks to queue
[2025-03-30T23:53:02.577+0000] {logging_mixin.py:190} INFO - [2025-03-30T23:53:02.577+0000] {dagbag.py:588} INFO - Filling up the DagBag from /home/airflow/.local/lib/python3.12/site-packages/airflow/example_dags/example_branch_python_dop_operator_3.py
[2025-03-30T23:53:02.596+0000] {processor.py:925} INFO - DAG(s) 'example_branch_dop_operator_v3' retrieved from /home/airflow/.local/lib/python3.12/site-packages/airflow/example_dags/example_branch_python_dop_operator_3.py
[2025-03-30T23:53:02.622+0000] {logging_mixin.py:190} INFO - [2025-03-30T23:53:02.622+0000] {dag.py:3239} INFO - Sync 1 DAGs
[2025-03-30T23:53:02.652+0000] {logging_mixin.py:190} INFO - [2025-03-30T23:53:02.652+0000] {dag.py:4180} INFO - Setting next_dagrun for example_branch_dop_operator_v3 to 2025-03-30 23:52:00+00:00, run_after=2025-03-30 23:53:00+00:00
[2025-03-30T23:53:02.677+0000] {processor.py:208} INFO - Processing /home/airflow/.local/lib/python3.12/site-packages/airflow/example_dags/example_branch_python_dop_operator_3.py took 0.110 seconds
