[2025-03-30T23:20:28.193+0000] {processor.py:186} INFO - Started process (PID=37) to work on /home/airflow/.local/lib/python3.12/site-packages/airflow/example_dags/example_kubernetes_executor.py
[2025-03-30T23:20:28.197+0000] {processor.py:914} INFO - Processing file /home/airflow/.local/lib/python3.12/site-packages/airflow/example_dags/example_kubernetes_executor.py for tasks to queue
[2025-03-30T23:20:28.202+0000] {logging_mixin.py:190} INFO - [2025-03-30T23:20:28.201+0000] {dagbag.py:588} INFO - Filling up the DagBag from /home/airflow/.local/lib/python3.12/site-packages/airflow/example_dags/example_kubernetes_executor.py
[2025-03-30T23:20:28.234+0000] {processor.py:925} INFO - DAG(s) 'example_kubernetes_executor' retrieved from /home/airflow/.local/lib/python3.12/site-packages/airflow/example_dags/example_kubernetes_executor.py
[2025-03-30T23:20:28.289+0000] {logging_mixin.py:190} INFO - [2025-03-30T23:20:28.289+0000] {dag.py:3239} INFO - Sync 1 DAGs
[2025-03-30T23:20:28.313+0000] {logging_mixin.py:190} INFO - [2025-03-30T23:20:28.312+0000] {dag.py:4180} INFO - Setting next_dagrun for example_kubernetes_executor to None, run_after=None
[2025-03-30T23:20:28.352+0000] {processor.py:208} INFO - Processing /home/airflow/.local/lib/python3.12/site-packages/airflow/example_dags/example_kubernetes_executor.py took 0.171 seconds
[2025-03-30T23:20:58.671+0000] {processor.py:186} INFO - Started process (PID=100) to work on /home/airflow/.local/lib/python3.12/site-packages/airflow/example_dags/example_kubernetes_executor.py
[2025-03-30T23:20:58.673+0000] {processor.py:914} INFO - Processing file /home/airflow/.local/lib/python3.12/site-packages/airflow/example_dags/example_kubernetes_executor.py for tasks to queue
[2025-03-30T23:20:58.678+0000] {logging_mixin.py:190} INFO - [2025-03-30T23:20:58.677+0000] {dagbag.py:588} INFO - Filling up the DagBag from /home/airflow/.local/lib/python3.12/site-packages/airflow/example_dags/example_kubernetes_executor.py
[2025-03-30T23:20:58.703+0000] {processor.py:925} INFO - DAG(s) 'example_kubernetes_executor' retrieved from /home/airflow/.local/lib/python3.12/site-packages/airflow/example_dags/example_kubernetes_executor.py
[2025-03-30T23:20:58.754+0000] {logging_mixin.py:190} INFO - [2025-03-30T23:20:58.754+0000] {dag.py:3239} INFO - Sync 1 DAGs
[2025-03-30T23:20:58.783+0000] {logging_mixin.py:190} INFO - [2025-03-30T23:20:58.782+0000] {dag.py:4180} INFO - Setting next_dagrun for example_kubernetes_executor to None, run_after=None
[2025-03-30T23:20:58.822+0000] {processor.py:208} INFO - Processing /home/airflow/.local/lib/python3.12/site-packages/airflow/example_dags/example_kubernetes_executor.py took 0.165 seconds
[2025-03-30T23:21:46.354+0000] {processor.py:186} INFO - Started process (PID=43) to work on /home/airflow/.local/lib/python3.12/site-packages/airflow/example_dags/example_kubernetes_executor.py
[2025-03-30T23:21:46.358+0000] {processor.py:914} INFO - Processing file /home/airflow/.local/lib/python3.12/site-packages/airflow/example_dags/example_kubernetes_executor.py for tasks to queue
[2025-03-30T23:21:46.365+0000] {logging_mixin.py:190} INFO - [2025-03-30T23:21:46.364+0000] {dagbag.py:588} INFO - Filling up the DagBag from /home/airflow/.local/lib/python3.12/site-packages/airflow/example_dags/example_kubernetes_executor.py
[2025-03-30T23:21:46.414+0000] {processor.py:925} INFO - DAG(s) 'example_kubernetes_executor' retrieved from /home/airflow/.local/lib/python3.12/site-packages/airflow/example_dags/example_kubernetes_executor.py
[2025-03-30T23:21:46.506+0000] {logging_mixin.py:190} INFO - [2025-03-30T23:21:46.505+0000] {dag.py:3239} INFO - Sync 1 DAGs
[2025-03-30T23:21:46.543+0000] {logging_mixin.py:190} INFO - [2025-03-30T23:21:46.543+0000] {dag.py:4180} INFO - Setting next_dagrun for example_kubernetes_executor to None, run_after=None
[2025-03-30T23:21:46.594+0000] {processor.py:208} INFO - Processing /home/airflow/.local/lib/python3.12/site-packages/airflow/example_dags/example_kubernetes_executor.py took 0.259 seconds
[2025-03-30T23:22:17.034+0000] {processor.py:186} INFO - Started process (PID=107) to work on /home/airflow/.local/lib/python3.12/site-packages/airflow/example_dags/example_kubernetes_executor.py
[2025-03-30T23:22:17.040+0000] {processor.py:914} INFO - Processing file /home/airflow/.local/lib/python3.12/site-packages/airflow/example_dags/example_kubernetes_executor.py for tasks to queue
[2025-03-30T23:22:17.047+0000] {logging_mixin.py:190} INFO - [2025-03-30T23:22:17.046+0000] {dagbag.py:588} INFO - Filling up the DagBag from /home/airflow/.local/lib/python3.12/site-packages/airflow/example_dags/example_kubernetes_executor.py
[2025-03-30T23:22:17.073+0000] {processor.py:925} INFO - DAG(s) 'example_kubernetes_executor' retrieved from /home/airflow/.local/lib/python3.12/site-packages/airflow/example_dags/example_kubernetes_executor.py
[2025-03-30T23:22:17.129+0000] {logging_mixin.py:190} INFO - [2025-03-30T23:22:17.128+0000] {dag.py:3239} INFO - Sync 1 DAGs
[2025-03-30T23:22:17.158+0000] {logging_mixin.py:190} INFO - [2025-03-30T23:22:17.158+0000] {dag.py:4180} INFO - Setting next_dagrun for example_kubernetes_executor to None, run_after=None
[2025-03-30T23:22:17.207+0000] {processor.py:208} INFO - Processing /home/airflow/.local/lib/python3.12/site-packages/airflow/example_dags/example_kubernetes_executor.py took 0.185 seconds
[2025-03-30T23:22:47.380+0000] {processor.py:186} INFO - Started process (PID=171) to work on /home/airflow/.local/lib/python3.12/site-packages/airflow/example_dags/example_kubernetes_executor.py
[2025-03-30T23:22:47.384+0000] {processor.py:914} INFO - Processing file /home/airflow/.local/lib/python3.12/site-packages/airflow/example_dags/example_kubernetes_executor.py for tasks to queue
[2025-03-30T23:22:47.390+0000] {logging_mixin.py:190} INFO - [2025-03-30T23:22:47.389+0000] {dagbag.py:588} INFO - Filling up the DagBag from /home/airflow/.local/lib/python3.12/site-packages/airflow/example_dags/example_kubernetes_executor.py
[2025-03-30T23:22:47.414+0000] {processor.py:925} INFO - DAG(s) 'example_kubernetes_executor' retrieved from /home/airflow/.local/lib/python3.12/site-packages/airflow/example_dags/example_kubernetes_executor.py
[2025-03-30T23:22:47.459+0000] {logging_mixin.py:190} INFO - [2025-03-30T23:22:47.459+0000] {dag.py:3239} INFO - Sync 1 DAGs
[2025-03-30T23:22:47.486+0000] {logging_mixin.py:190} INFO - [2025-03-30T23:22:47.485+0000] {dag.py:4180} INFO - Setting next_dagrun for example_kubernetes_executor to None, run_after=None
[2025-03-30T23:22:47.535+0000] {processor.py:208} INFO - Processing /home/airflow/.local/lib/python3.12/site-packages/airflow/example_dags/example_kubernetes_executor.py took 0.167 seconds
[2025-03-30T23:23:18.147+0000] {processor.py:186} INFO - Started process (PID=239) to work on /home/airflow/.local/lib/python3.12/site-packages/airflow/example_dags/example_kubernetes_executor.py
[2025-03-30T23:23:18.150+0000] {processor.py:914} INFO - Processing file /home/airflow/.local/lib/python3.12/site-packages/airflow/example_dags/example_kubernetes_executor.py for tasks to queue
[2025-03-30T23:23:18.158+0000] {logging_mixin.py:190} INFO - [2025-03-30T23:23:18.157+0000] {dagbag.py:588} INFO - Filling up the DagBag from /home/airflow/.local/lib/python3.12/site-packages/airflow/example_dags/example_kubernetes_executor.py
[2025-03-30T23:23:18.186+0000] {processor.py:925} INFO - DAG(s) 'example_kubernetes_executor' retrieved from /home/airflow/.local/lib/python3.12/site-packages/airflow/example_dags/example_kubernetes_executor.py
[2025-03-30T23:23:18.243+0000] {logging_mixin.py:190} INFO - [2025-03-30T23:23:18.241+0000] {dag.py:3239} INFO - Sync 1 DAGs
[2025-03-30T23:23:18.279+0000] {logging_mixin.py:190} INFO - [2025-03-30T23:23:18.279+0000] {dag.py:4180} INFO - Setting next_dagrun for example_kubernetes_executor to None, run_after=None
[2025-03-30T23:23:18.334+0000] {processor.py:208} INFO - Processing /home/airflow/.local/lib/python3.12/site-packages/airflow/example_dags/example_kubernetes_executor.py took 0.199 seconds
[2025-03-30T23:23:48.693+0000] {processor.py:186} INFO - Started process (PID=303) to work on /home/airflow/.local/lib/python3.12/site-packages/airflow/example_dags/example_kubernetes_executor.py
[2025-03-30T23:23:48.697+0000] {processor.py:914} INFO - Processing file /home/airflow/.local/lib/python3.12/site-packages/airflow/example_dags/example_kubernetes_executor.py for tasks to queue
[2025-03-30T23:23:48.703+0000] {logging_mixin.py:190} INFO - [2025-03-30T23:23:48.702+0000] {dagbag.py:588} INFO - Filling up the DagBag from /home/airflow/.local/lib/python3.12/site-packages/airflow/example_dags/example_kubernetes_executor.py
[2025-03-30T23:23:48.728+0000] {processor.py:925} INFO - DAG(s) 'example_kubernetes_executor' retrieved from /home/airflow/.local/lib/python3.12/site-packages/airflow/example_dags/example_kubernetes_executor.py
[2025-03-30T23:23:48.778+0000] {logging_mixin.py:190} INFO - [2025-03-30T23:23:48.778+0000] {dag.py:3239} INFO - Sync 1 DAGs
[2025-03-30T23:23:48.809+0000] {logging_mixin.py:190} INFO - [2025-03-30T23:23:48.808+0000] {dag.py:4180} INFO - Setting next_dagrun for example_kubernetes_executor to None, run_after=None
[2025-03-30T23:23:48.857+0000] {processor.py:208} INFO - Processing /home/airflow/.local/lib/python3.12/site-packages/airflow/example_dags/example_kubernetes_executor.py took 0.176 seconds
[2025-03-30T23:24:19.208+0000] {processor.py:186} INFO - Started process (PID=367) to work on /home/airflow/.local/lib/python3.12/site-packages/airflow/example_dags/example_kubernetes_executor.py
[2025-03-30T23:24:19.212+0000] {processor.py:914} INFO - Processing file /home/airflow/.local/lib/python3.12/site-packages/airflow/example_dags/example_kubernetes_executor.py for tasks to queue
[2025-03-30T23:24:19.218+0000] {logging_mixin.py:190} INFO - [2025-03-30T23:24:19.217+0000] {dagbag.py:588} INFO - Filling up the DagBag from /home/airflow/.local/lib/python3.12/site-packages/airflow/example_dags/example_kubernetes_executor.py
[2025-03-30T23:24:19.244+0000] {processor.py:925} INFO - DAG(s) 'example_kubernetes_executor' retrieved from /home/airflow/.local/lib/python3.12/site-packages/airflow/example_dags/example_kubernetes_executor.py
[2025-03-30T23:24:19.293+0000] {logging_mixin.py:190} INFO - [2025-03-30T23:24:19.293+0000] {dag.py:3239} INFO - Sync 1 DAGs
[2025-03-30T23:24:19.319+0000] {logging_mixin.py:190} INFO - [2025-03-30T23:24:19.319+0000] {dag.py:4180} INFO - Setting next_dagrun for example_kubernetes_executor to None, run_after=None
[2025-03-30T23:24:19.368+0000] {processor.py:208} INFO - Processing /home/airflow/.local/lib/python3.12/site-packages/airflow/example_dags/example_kubernetes_executor.py took 0.172 seconds
[2025-03-30T23:24:49.706+0000] {processor.py:186} INFO - Started process (PID=431) to work on /home/airflow/.local/lib/python3.12/site-packages/airflow/example_dags/example_kubernetes_executor.py
[2025-03-30T23:24:49.710+0000] {processor.py:914} INFO - Processing file /home/airflow/.local/lib/python3.12/site-packages/airflow/example_dags/example_kubernetes_executor.py for tasks to queue
[2025-03-30T23:24:49.715+0000] {logging_mixin.py:190} INFO - [2025-03-30T23:24:49.715+0000] {dagbag.py:588} INFO - Filling up the DagBag from /home/airflow/.local/lib/python3.12/site-packages/airflow/example_dags/example_kubernetes_executor.py
[2025-03-30T23:24:49.744+0000] {processor.py:925} INFO - DAG(s) 'example_kubernetes_executor' retrieved from /home/airflow/.local/lib/python3.12/site-packages/airflow/example_dags/example_kubernetes_executor.py
[2025-03-30T23:24:49.794+0000] {logging_mixin.py:190} INFO - [2025-03-30T23:24:49.793+0000] {dag.py:3239} INFO - Sync 1 DAGs
[2025-03-30T23:24:49.823+0000] {logging_mixin.py:190} INFO - [2025-03-30T23:24:49.822+0000] {dag.py:4180} INFO - Setting next_dagrun for example_kubernetes_executor to None, run_after=None
[2025-03-30T23:24:49.869+0000] {processor.py:208} INFO - Processing /home/airflow/.local/lib/python3.12/site-packages/airflow/example_dags/example_kubernetes_executor.py took 0.173 seconds
[2025-03-30T23:25:20.997+0000] {processor.py:186} INFO - Started process (PID=495) to work on /home/airflow/.local/lib/python3.12/site-packages/airflow/example_dags/example_kubernetes_executor.py
[2025-03-30T23:25:21.002+0000] {processor.py:914} INFO - Processing file /home/airflow/.local/lib/python3.12/site-packages/airflow/example_dags/example_kubernetes_executor.py for tasks to queue
[2025-03-30T23:25:21.008+0000] {logging_mixin.py:190} INFO - [2025-03-30T23:25:21.007+0000] {dagbag.py:588} INFO - Filling up the DagBag from /home/airflow/.local/lib/python3.12/site-packages/airflow/example_dags/example_kubernetes_executor.py
[2025-03-30T23:25:21.036+0000] {processor.py:925} INFO - DAG(s) 'example_kubernetes_executor' retrieved from /home/airflow/.local/lib/python3.12/site-packages/airflow/example_dags/example_kubernetes_executor.py
[2025-03-30T23:25:21.088+0000] {logging_mixin.py:190} INFO - [2025-03-30T23:25:21.087+0000] {dag.py:3239} INFO - Sync 1 DAGs
[2025-03-30T23:25:21.122+0000] {logging_mixin.py:190} INFO - [2025-03-30T23:25:21.122+0000] {dag.py:4180} INFO - Setting next_dagrun for example_kubernetes_executor to None, run_after=None
[2025-03-30T23:25:21.173+0000] {processor.py:208} INFO - Processing /home/airflow/.local/lib/python3.12/site-packages/airflow/example_dags/example_kubernetes_executor.py took 0.189 seconds
[2025-03-30T23:25:52.164+0000] {processor.py:186} INFO - Started process (PID=559) to work on /home/airflow/.local/lib/python3.12/site-packages/airflow/example_dags/example_kubernetes_executor.py
[2025-03-30T23:25:52.168+0000] {processor.py:914} INFO - Processing file /home/airflow/.local/lib/python3.12/site-packages/airflow/example_dags/example_kubernetes_executor.py for tasks to queue
[2025-03-30T23:25:52.177+0000] {logging_mixin.py:190} INFO - [2025-03-30T23:25:52.175+0000] {dagbag.py:588} INFO - Filling up the DagBag from /home/airflow/.local/lib/python3.12/site-packages/airflow/example_dags/example_kubernetes_executor.py
[2025-03-30T23:25:52.209+0000] {processor.py:925} INFO - DAG(s) 'example_kubernetes_executor' retrieved from /home/airflow/.local/lib/python3.12/site-packages/airflow/example_dags/example_kubernetes_executor.py
[2025-03-30T23:25:52.256+0000] {logging_mixin.py:190} INFO - [2025-03-30T23:25:52.256+0000] {dag.py:3239} INFO - Sync 1 DAGs
[2025-03-30T23:25:52.291+0000] {logging_mixin.py:190} INFO - [2025-03-30T23:25:52.290+0000] {dag.py:4180} INFO - Setting next_dagrun for example_kubernetes_executor to None, run_after=None
[2025-03-30T23:25:52.348+0000] {processor.py:208} INFO - Processing /home/airflow/.local/lib/python3.12/site-packages/airflow/example_dags/example_kubernetes_executor.py took 0.196 seconds
[2025-03-30T23:26:22.918+0000] {processor.py:186} INFO - Started process (PID=623) to work on /home/airflow/.local/lib/python3.12/site-packages/airflow/example_dags/example_kubernetes_executor.py
[2025-03-30T23:26:22.922+0000] {processor.py:914} INFO - Processing file /home/airflow/.local/lib/python3.12/site-packages/airflow/example_dags/example_kubernetes_executor.py for tasks to queue
[2025-03-30T23:26:22.929+0000] {logging_mixin.py:190} INFO - [2025-03-30T23:26:22.928+0000] {dagbag.py:588} INFO - Filling up the DagBag from /home/airflow/.local/lib/python3.12/site-packages/airflow/example_dags/example_kubernetes_executor.py
[2025-03-30T23:26:22.955+0000] {processor.py:925} INFO - DAG(s) 'example_kubernetes_executor' retrieved from /home/airflow/.local/lib/python3.12/site-packages/airflow/example_dags/example_kubernetes_executor.py
[2025-03-30T23:26:23.025+0000] {logging_mixin.py:190} INFO - [2025-03-30T23:26:23.024+0000] {dag.py:3239} INFO - Sync 1 DAGs
[2025-03-30T23:26:23.059+0000] {logging_mixin.py:190} INFO - [2025-03-30T23:26:23.058+0000] {dag.py:4180} INFO - Setting next_dagrun for example_kubernetes_executor to None, run_after=None
[2025-03-30T23:26:23.116+0000] {processor.py:208} INFO - Processing /home/airflow/.local/lib/python3.12/site-packages/airflow/example_dags/example_kubernetes_executor.py took 0.215 seconds
[2025-03-30T23:26:53.928+0000] {processor.py:186} INFO - Started process (PID=687) to work on /home/airflow/.local/lib/python3.12/site-packages/airflow/example_dags/example_kubernetes_executor.py
[2025-03-30T23:26:53.932+0000] {processor.py:914} INFO - Processing file /home/airflow/.local/lib/python3.12/site-packages/airflow/example_dags/example_kubernetes_executor.py for tasks to queue
[2025-03-30T23:26:53.941+0000] {logging_mixin.py:190} INFO - [2025-03-30T23:26:53.940+0000] {dagbag.py:588} INFO - Filling up the DagBag from /home/airflow/.local/lib/python3.12/site-packages/airflow/example_dags/example_kubernetes_executor.py
[2025-03-30T23:26:53.972+0000] {processor.py:925} INFO - DAG(s) 'example_kubernetes_executor' retrieved from /home/airflow/.local/lib/python3.12/site-packages/airflow/example_dags/example_kubernetes_executor.py
[2025-03-30T23:26:54.024+0000] {logging_mixin.py:190} INFO - [2025-03-30T23:26:54.023+0000] {dag.py:3239} INFO - Sync 1 DAGs
[2025-03-30T23:26:54.052+0000] {logging_mixin.py:190} INFO - [2025-03-30T23:26:54.052+0000] {dag.py:4180} INFO - Setting next_dagrun for example_kubernetes_executor to None, run_after=None
[2025-03-30T23:26:54.098+0000] {processor.py:208} INFO - Processing /home/airflow/.local/lib/python3.12/site-packages/airflow/example_dags/example_kubernetes_executor.py took 0.182 seconds
[2025-03-30T23:27:24.460+0000] {processor.py:186} INFO - Started process (PID=751) to work on /home/airflow/.local/lib/python3.12/site-packages/airflow/example_dags/example_kubernetes_executor.py
[2025-03-30T23:27:24.463+0000] {processor.py:914} INFO - Processing file /home/airflow/.local/lib/python3.12/site-packages/airflow/example_dags/example_kubernetes_executor.py for tasks to queue
[2025-03-30T23:27:24.469+0000] {logging_mixin.py:190} INFO - [2025-03-30T23:27:24.468+0000] {dagbag.py:588} INFO - Filling up the DagBag from /home/airflow/.local/lib/python3.12/site-packages/airflow/example_dags/example_kubernetes_executor.py
[2025-03-30T23:27:24.495+0000] {processor.py:925} INFO - DAG(s) 'example_kubernetes_executor' retrieved from /home/airflow/.local/lib/python3.12/site-packages/airflow/example_dags/example_kubernetes_executor.py
[2025-03-30T23:27:24.545+0000] {logging_mixin.py:190} INFO - [2025-03-30T23:27:24.545+0000] {dag.py:3239} INFO - Sync 1 DAGs
[2025-03-30T23:27:24.576+0000] {logging_mixin.py:190} INFO - [2025-03-30T23:27:24.576+0000] {dag.py:4180} INFO - Setting next_dagrun for example_kubernetes_executor to None, run_after=None
[2025-03-30T23:27:24.617+0000] {processor.py:208} INFO - Processing /home/airflow/.local/lib/python3.12/site-packages/airflow/example_dags/example_kubernetes_executor.py took 0.167 seconds
[2025-03-30T23:27:54.905+0000] {processor.py:186} INFO - Started process (PID=815) to work on /home/airflow/.local/lib/python3.12/site-packages/airflow/example_dags/example_kubernetes_executor.py
[2025-03-30T23:27:54.908+0000] {processor.py:914} INFO - Processing file /home/airflow/.local/lib/python3.12/site-packages/airflow/example_dags/example_kubernetes_executor.py for tasks to queue
[2025-03-30T23:27:54.914+0000] {logging_mixin.py:190} INFO - [2025-03-30T23:27:54.913+0000] {dagbag.py:588} INFO - Filling up the DagBag from /home/airflow/.local/lib/python3.12/site-packages/airflow/example_dags/example_kubernetes_executor.py
[2025-03-30T23:27:54.943+0000] {processor.py:925} INFO - DAG(s) 'example_kubernetes_executor' retrieved from /home/airflow/.local/lib/python3.12/site-packages/airflow/example_dags/example_kubernetes_executor.py
[2025-03-30T23:27:54.993+0000] {logging_mixin.py:190} INFO - [2025-03-30T23:27:54.993+0000] {dag.py:3239} INFO - Sync 1 DAGs
[2025-03-30T23:27:55.022+0000] {logging_mixin.py:190} INFO - [2025-03-30T23:27:55.021+0000] {dag.py:4180} INFO - Setting next_dagrun for example_kubernetes_executor to None, run_after=None
[2025-03-30T23:27:55.073+0000] {processor.py:208} INFO - Processing /home/airflow/.local/lib/python3.12/site-packages/airflow/example_dags/example_kubernetes_executor.py took 0.179 seconds
[2025-03-30T23:28:25.625+0000] {processor.py:186} INFO - Started process (PID=879) to work on /home/airflow/.local/lib/python3.12/site-packages/airflow/example_dags/example_kubernetes_executor.py
[2025-03-30T23:28:25.628+0000] {processor.py:914} INFO - Processing file /home/airflow/.local/lib/python3.12/site-packages/airflow/example_dags/example_kubernetes_executor.py for tasks to queue
[2025-03-30T23:28:25.635+0000] {logging_mixin.py:190} INFO - [2025-03-30T23:28:25.634+0000] {dagbag.py:588} INFO - Filling up the DagBag from /home/airflow/.local/lib/python3.12/site-packages/airflow/example_dags/example_kubernetes_executor.py
[2025-03-30T23:28:25.660+0000] {processor.py:925} INFO - DAG(s) 'example_kubernetes_executor' retrieved from /home/airflow/.local/lib/python3.12/site-packages/airflow/example_dags/example_kubernetes_executor.py
[2025-03-30T23:28:25.712+0000] {logging_mixin.py:190} INFO - [2025-03-30T23:28:25.712+0000] {dag.py:3239} INFO - Sync 1 DAGs
[2025-03-30T23:28:25.739+0000] {logging_mixin.py:190} INFO - [2025-03-30T23:28:25.738+0000] {dag.py:4180} INFO - Setting next_dagrun for example_kubernetes_executor to None, run_after=None
[2025-03-30T23:28:25.785+0000] {processor.py:208} INFO - Processing /home/airflow/.local/lib/python3.12/site-packages/airflow/example_dags/example_kubernetes_executor.py took 0.171 seconds
[2025-03-30T23:28:56.338+0000] {processor.py:186} INFO - Started process (PID=943) to work on /home/airflow/.local/lib/python3.12/site-packages/airflow/example_dags/example_kubernetes_executor.py
[2025-03-30T23:28:56.341+0000] {processor.py:914} INFO - Processing file /home/airflow/.local/lib/python3.12/site-packages/airflow/example_dags/example_kubernetes_executor.py for tasks to queue
[2025-03-30T23:28:56.346+0000] {logging_mixin.py:190} INFO - [2025-03-30T23:28:56.345+0000] {dagbag.py:588} INFO - Filling up the DagBag from /home/airflow/.local/lib/python3.12/site-packages/airflow/example_dags/example_kubernetes_executor.py
[2025-03-30T23:28:56.370+0000] {processor.py:925} INFO - DAG(s) 'example_kubernetes_executor' retrieved from /home/airflow/.local/lib/python3.12/site-packages/airflow/example_dags/example_kubernetes_executor.py
[2025-03-30T23:28:56.424+0000] {logging_mixin.py:190} INFO - [2025-03-30T23:28:56.423+0000] {dag.py:3239} INFO - Sync 1 DAGs
[2025-03-30T23:28:56.449+0000] {logging_mixin.py:190} INFO - [2025-03-30T23:28:56.449+0000] {dag.py:4180} INFO - Setting next_dagrun for example_kubernetes_executor to None, run_after=None
[2025-03-30T23:28:56.491+0000] {processor.py:208} INFO - Processing /home/airflow/.local/lib/python3.12/site-packages/airflow/example_dags/example_kubernetes_executor.py took 0.163 seconds
[2025-03-30T23:29:27.031+0000] {processor.py:186} INFO - Started process (PID=1007) to work on /home/airflow/.local/lib/python3.12/site-packages/airflow/example_dags/example_kubernetes_executor.py
[2025-03-30T23:29:27.035+0000] {processor.py:914} INFO - Processing file /home/airflow/.local/lib/python3.12/site-packages/airflow/example_dags/example_kubernetes_executor.py for tasks to queue
[2025-03-30T23:29:27.042+0000] {logging_mixin.py:190} INFO - [2025-03-30T23:29:27.041+0000] {dagbag.py:588} INFO - Filling up the DagBag from /home/airflow/.local/lib/python3.12/site-packages/airflow/example_dags/example_kubernetes_executor.py
[2025-03-30T23:29:27.067+0000] {processor.py:925} INFO - DAG(s) 'example_kubernetes_executor' retrieved from /home/airflow/.local/lib/python3.12/site-packages/airflow/example_dags/example_kubernetes_executor.py
[2025-03-30T23:29:27.116+0000] {logging_mixin.py:190} INFO - [2025-03-30T23:29:27.115+0000] {dag.py:3239} INFO - Sync 1 DAGs
[2025-03-30T23:29:27.146+0000] {logging_mixin.py:190} INFO - [2025-03-30T23:29:27.145+0000] {dag.py:4180} INFO - Setting next_dagrun for example_kubernetes_executor to None, run_after=None
[2025-03-30T23:29:27.198+0000] {processor.py:208} INFO - Processing /home/airflow/.local/lib/python3.12/site-packages/airflow/example_dags/example_kubernetes_executor.py took 0.179 seconds
[2025-03-30T23:29:57.909+0000] {processor.py:186} INFO - Started process (PID=1071) to work on /home/airflow/.local/lib/python3.12/site-packages/airflow/example_dags/example_kubernetes_executor.py
[2025-03-30T23:29:57.912+0000] {processor.py:914} INFO - Processing file /home/airflow/.local/lib/python3.12/site-packages/airflow/example_dags/example_kubernetes_executor.py for tasks to queue
[2025-03-30T23:29:57.918+0000] {logging_mixin.py:190} INFO - [2025-03-30T23:29:57.917+0000] {dagbag.py:588} INFO - Filling up the DagBag from /home/airflow/.local/lib/python3.12/site-packages/airflow/example_dags/example_kubernetes_executor.py
[2025-03-30T23:29:57.942+0000] {processor.py:925} INFO - DAG(s) 'example_kubernetes_executor' retrieved from /home/airflow/.local/lib/python3.12/site-packages/airflow/example_dags/example_kubernetes_executor.py
[2025-03-30T23:29:57.988+0000] {logging_mixin.py:190} INFO - [2025-03-30T23:29:57.988+0000] {dag.py:3239} INFO - Sync 1 DAGs
[2025-03-30T23:29:58.017+0000] {logging_mixin.py:190} INFO - [2025-03-30T23:29:58.016+0000] {dag.py:4180} INFO - Setting next_dagrun for example_kubernetes_executor to None, run_after=None
[2025-03-30T23:29:58.067+0000] {processor.py:208} INFO - Processing /home/airflow/.local/lib/python3.12/site-packages/airflow/example_dags/example_kubernetes_executor.py took 0.170 seconds
[2025-03-30T23:30:29.250+0000] {processor.py:186} INFO - Started process (PID=1135) to work on /home/airflow/.local/lib/python3.12/site-packages/airflow/example_dags/example_kubernetes_executor.py
[2025-03-30T23:30:29.255+0000] {processor.py:914} INFO - Processing file /home/airflow/.local/lib/python3.12/site-packages/airflow/example_dags/example_kubernetes_executor.py for tasks to queue
[2025-03-30T23:30:29.263+0000] {logging_mixin.py:190} INFO - [2025-03-30T23:30:29.262+0000] {dagbag.py:588} INFO - Filling up the DagBag from /home/airflow/.local/lib/python3.12/site-packages/airflow/example_dags/example_kubernetes_executor.py
[2025-03-30T23:30:29.298+0000] {processor.py:925} INFO - DAG(s) 'example_kubernetes_executor' retrieved from /home/airflow/.local/lib/python3.12/site-packages/airflow/example_dags/example_kubernetes_executor.py
[2025-03-30T23:30:29.356+0000] {logging_mixin.py:190} INFO - [2025-03-30T23:30:29.356+0000] {dag.py:3239} INFO - Sync 1 DAGs
[2025-03-30T23:30:29.394+0000] {logging_mixin.py:190} INFO - [2025-03-30T23:30:29.393+0000] {dag.py:4180} INFO - Setting next_dagrun for example_kubernetes_executor to None, run_after=None
[2025-03-30T23:30:29.445+0000] {processor.py:208} INFO - Processing /home/airflow/.local/lib/python3.12/site-packages/airflow/example_dags/example_kubernetes_executor.py took 0.215 seconds
[2025-03-30T23:31:00.259+0000] {processor.py:186} INFO - Started process (PID=1199) to work on /home/airflow/.local/lib/python3.12/site-packages/airflow/example_dags/example_kubernetes_executor.py
[2025-03-30T23:31:00.262+0000] {processor.py:914} INFO - Processing file /home/airflow/.local/lib/python3.12/site-packages/airflow/example_dags/example_kubernetes_executor.py for tasks to queue
[2025-03-30T23:31:00.270+0000] {logging_mixin.py:190} INFO - [2025-03-30T23:31:00.269+0000] {dagbag.py:588} INFO - Filling up the DagBag from /home/airflow/.local/lib/python3.12/site-packages/airflow/example_dags/example_kubernetes_executor.py
[2025-03-30T23:31:00.315+0000] {processor.py:925} INFO - DAG(s) 'example_kubernetes_executor' retrieved from /home/airflow/.local/lib/python3.12/site-packages/airflow/example_dags/example_kubernetes_executor.py
[2025-03-30T23:31:00.384+0000] {logging_mixin.py:190} INFO - [2025-03-30T23:31:00.384+0000] {dag.py:3239} INFO - Sync 1 DAGs
[2025-03-30T23:31:00.424+0000] {logging_mixin.py:190} INFO - [2025-03-30T23:31:00.423+0000] {dag.py:4180} INFO - Setting next_dagrun for example_kubernetes_executor to None, run_after=None
[2025-03-30T23:31:00.482+0000] {processor.py:208} INFO - Processing /home/airflow/.local/lib/python3.12/site-packages/airflow/example_dags/example_kubernetes_executor.py took 0.235 seconds
[2025-03-30T23:31:31.264+0000] {processor.py:186} INFO - Started process (PID=1263) to work on /home/airflow/.local/lib/python3.12/site-packages/airflow/example_dags/example_kubernetes_executor.py
[2025-03-30T23:31:31.268+0000] {processor.py:914} INFO - Processing file /home/airflow/.local/lib/python3.12/site-packages/airflow/example_dags/example_kubernetes_executor.py for tasks to queue
[2025-03-30T23:31:31.275+0000] {logging_mixin.py:190} INFO - [2025-03-30T23:31:31.274+0000] {dagbag.py:588} INFO - Filling up the DagBag from /home/airflow/.local/lib/python3.12/site-packages/airflow/example_dags/example_kubernetes_executor.py
[2025-03-30T23:31:31.302+0000] {processor.py:925} INFO - DAG(s) 'example_kubernetes_executor' retrieved from /home/airflow/.local/lib/python3.12/site-packages/airflow/example_dags/example_kubernetes_executor.py
[2025-03-30T23:31:31.350+0000] {logging_mixin.py:190} INFO - [2025-03-30T23:31:31.349+0000] {dag.py:3239} INFO - Sync 1 DAGs
[2025-03-30T23:31:31.374+0000] {logging_mixin.py:190} INFO - [2025-03-30T23:31:31.374+0000] {dag.py:4180} INFO - Setting next_dagrun for example_kubernetes_executor to None, run_after=None
[2025-03-30T23:31:31.413+0000] {processor.py:208} INFO - Processing /home/airflow/.local/lib/python3.12/site-packages/airflow/example_dags/example_kubernetes_executor.py took 0.161 seconds
[2025-03-30T23:32:01.963+0000] {processor.py:186} INFO - Started process (PID=1327) to work on /home/airflow/.local/lib/python3.12/site-packages/airflow/example_dags/example_kubernetes_executor.py
[2025-03-30T23:32:01.967+0000] {processor.py:914} INFO - Processing file /home/airflow/.local/lib/python3.12/site-packages/airflow/example_dags/example_kubernetes_executor.py for tasks to queue
[2025-03-30T23:32:01.973+0000] {logging_mixin.py:190} INFO - [2025-03-30T23:32:01.972+0000] {dagbag.py:588} INFO - Filling up the DagBag from /home/airflow/.local/lib/python3.12/site-packages/airflow/example_dags/example_kubernetes_executor.py
[2025-03-30T23:32:02.010+0000] {processor.py:925} INFO - DAG(s) 'example_kubernetes_executor' retrieved from /home/airflow/.local/lib/python3.12/site-packages/airflow/example_dags/example_kubernetes_executor.py
[2025-03-30T23:32:02.062+0000] {logging_mixin.py:190} INFO - [2025-03-30T23:32:02.061+0000] {dag.py:3239} INFO - Sync 1 DAGs
[2025-03-30T23:32:02.091+0000] {logging_mixin.py:190} INFO - [2025-03-30T23:32:02.090+0000] {dag.py:4180} INFO - Setting next_dagrun for example_kubernetes_executor to None, run_after=None
[2025-03-30T23:32:02.145+0000] {processor.py:208} INFO - Processing /home/airflow/.local/lib/python3.12/site-packages/airflow/example_dags/example_kubernetes_executor.py took 0.194 seconds
[2025-03-30T23:32:32.981+0000] {processor.py:186} INFO - Started process (PID=1391) to work on /home/airflow/.local/lib/python3.12/site-packages/airflow/example_dags/example_kubernetes_executor.py
[2025-03-30T23:32:32.985+0000] {processor.py:914} INFO - Processing file /home/airflow/.local/lib/python3.12/site-packages/airflow/example_dags/example_kubernetes_executor.py for tasks to queue
[2025-03-30T23:32:32.992+0000] {logging_mixin.py:190} INFO - [2025-03-30T23:32:32.991+0000] {dagbag.py:588} INFO - Filling up the DagBag from /home/airflow/.local/lib/python3.12/site-packages/airflow/example_dags/example_kubernetes_executor.py
[2025-03-30T23:32:33.017+0000] {processor.py:925} INFO - DAG(s) 'example_kubernetes_executor' retrieved from /home/airflow/.local/lib/python3.12/site-packages/airflow/example_dags/example_kubernetes_executor.py
[2025-03-30T23:32:33.076+0000] {logging_mixin.py:190} INFO - [2025-03-30T23:32:33.075+0000] {dag.py:3239} INFO - Sync 1 DAGs
[2025-03-30T23:32:33.101+0000] {logging_mixin.py:190} INFO - [2025-03-30T23:32:33.100+0000] {dag.py:4180} INFO - Setting next_dagrun for example_kubernetes_executor to None, run_after=None
[2025-03-30T23:32:33.149+0000] {processor.py:208} INFO - Processing /home/airflow/.local/lib/python3.12/site-packages/airflow/example_dags/example_kubernetes_executor.py took 0.184 seconds
[2025-03-30T23:33:03.614+0000] {processor.py:186} INFO - Started process (PID=1455) to work on /home/airflow/.local/lib/python3.12/site-packages/airflow/example_dags/example_kubernetes_executor.py
[2025-03-30T23:33:03.617+0000] {processor.py:914} INFO - Processing file /home/airflow/.local/lib/python3.12/site-packages/airflow/example_dags/example_kubernetes_executor.py for tasks to queue
[2025-03-30T23:33:03.622+0000] {logging_mixin.py:190} INFO - [2025-03-30T23:33:03.621+0000] {dagbag.py:588} INFO - Filling up the DagBag from /home/airflow/.local/lib/python3.12/site-packages/airflow/example_dags/example_kubernetes_executor.py
[2025-03-30T23:33:03.649+0000] {processor.py:925} INFO - DAG(s) 'example_kubernetes_executor' retrieved from /home/airflow/.local/lib/python3.12/site-packages/airflow/example_dags/example_kubernetes_executor.py
[2025-03-30T23:33:03.698+0000] {logging_mixin.py:190} INFO - [2025-03-30T23:33:03.697+0000] {dag.py:3239} INFO - Sync 1 DAGs
[2025-03-30T23:33:03.732+0000] {logging_mixin.py:190} INFO - [2025-03-30T23:33:03.731+0000] {dag.py:4180} INFO - Setting next_dagrun for example_kubernetes_executor to None, run_after=None
[2025-03-30T23:33:03.778+0000] {processor.py:208} INFO - Processing /home/airflow/.local/lib/python3.12/site-packages/airflow/example_dags/example_kubernetes_executor.py took 0.176 seconds
[2025-03-30T23:33:34.325+0000] {processor.py:186} INFO - Started process (PID=1519) to work on /home/airflow/.local/lib/python3.12/site-packages/airflow/example_dags/example_kubernetes_executor.py
[2025-03-30T23:33:34.329+0000] {processor.py:914} INFO - Processing file /home/airflow/.local/lib/python3.12/site-packages/airflow/example_dags/example_kubernetes_executor.py for tasks to queue
[2025-03-30T23:33:34.336+0000] {logging_mixin.py:190} INFO - [2025-03-30T23:33:34.335+0000] {dagbag.py:588} INFO - Filling up the DagBag from /home/airflow/.local/lib/python3.12/site-packages/airflow/example_dags/example_kubernetes_executor.py
[2025-03-30T23:33:34.362+0000] {processor.py:925} INFO - DAG(s) 'example_kubernetes_executor' retrieved from /home/airflow/.local/lib/python3.12/site-packages/airflow/example_dags/example_kubernetes_executor.py
[2025-03-30T23:33:34.406+0000] {logging_mixin.py:190} INFO - [2025-03-30T23:33:34.406+0000] {dag.py:3239} INFO - Sync 1 DAGs
[2025-03-30T23:33:34.438+0000] {logging_mixin.py:190} INFO - [2025-03-30T23:33:34.438+0000] {dag.py:4180} INFO - Setting next_dagrun for example_kubernetes_executor to None, run_after=None
[2025-03-30T23:33:34.487+0000] {processor.py:208} INFO - Processing /home/airflow/.local/lib/python3.12/site-packages/airflow/example_dags/example_kubernetes_executor.py took 0.178 seconds
[2025-03-30T23:52:57.907+0000] {processor.py:186} INFO - Started process (PID=1552) to work on /home/airflow/.local/lib/python3.12/site-packages/airflow/example_dags/example_kubernetes_executor.py
[2025-03-30T23:52:57.908+0000] {processor.py:914} INFO - Processing file /home/airflow/.local/lib/python3.12/site-packages/airflow/example_dags/example_kubernetes_executor.py for tasks to queue
[2025-03-30T23:52:57.912+0000] {logging_mixin.py:190} INFO - [2025-03-30T23:52:57.911+0000] {dagbag.py:588} INFO - Filling up the DagBag from /home/airflow/.local/lib/python3.12/site-packages/airflow/example_dags/example_kubernetes_executor.py
[2025-03-30T23:52:57.930+0000] {processor.py:925} INFO - DAG(s) 'example_kubernetes_executor' retrieved from /home/airflow/.local/lib/python3.12/site-packages/airflow/example_dags/example_kubernetes_executor.py
[2025-03-30T23:52:57.966+0000] {logging_mixin.py:190} INFO - [2025-03-30T23:52:57.966+0000] {dag.py:3239} INFO - Sync 1 DAGs
[2025-03-30T23:52:57.987+0000] {logging_mixin.py:190} INFO - [2025-03-30T23:52:57.986+0000] {dag.py:4180} INFO - Setting next_dagrun for example_kubernetes_executor to None, run_after=None
[2025-03-30T23:52:58.021+0000] {processor.py:208} INFO - Processing /home/airflow/.local/lib/python3.12/site-packages/airflow/example_dags/example_kubernetes_executor.py took 0.122 seconds
