[2025-03-30T23:20:28.429+0000] {processor.py:186} INFO - Started process (PID=39) to work on /home/airflow/.local/lib/python3.12/site-packages/airflow/example_dags/tutorial.py
[2025-03-30T23:20:28.432+0000] {processor.py:914} INFO - Processing file /home/airflow/.local/lib/python3.12/site-packages/airflow/example_dags/tutorial.py for tasks to queue
[2025-03-30T23:20:28.437+0000] {logging_mixin.py:190} INFO - [2025-03-30T23:20:28.436+0000] {dagbag.py:588} INFO - Filling up the DagBag from /home/airflow/.local/lib/python3.12/site-packages/airflow/example_dags/tutorial.py
[2025-03-30T23:20:28.452+0000] {processor.py:925} INFO - DAG(s) 'tutorial' retrieved from /home/airflow/.local/lib/python3.12/site-packages/airflow/example_dags/tutorial.py
[2025-03-30T23:20:28.496+0000] {logging_mixin.py:190} INFO - [2025-03-30T23:20:28.496+0000] {dag.py:3239} INFO - Sync 1 DAGs
[2025-03-30T23:20:28.545+0000] {logging_mixin.py:190} INFO - [2025-03-30T23:20:28.544+0000] {dag.py:4180} INFO - Setting next_dagrun for tutorial to 2025-03-29 00:00:00+00:00, run_after=2025-03-30 00:00:00+00:00
[2025-03-30T23:20:28.590+0000] {processor.py:208} INFO - Processing /home/airflow/.local/lib/python3.12/site-packages/airflow/example_dags/tutorial.py took 0.170 seconds
[2025-03-30T23:20:58.894+0000] {processor.py:186} INFO - Started process (PID=102) to work on /home/airflow/.local/lib/python3.12/site-packages/airflow/example_dags/tutorial.py
[2025-03-30T23:20:58.896+0000] {processor.py:914} INFO - Processing file /home/airflow/.local/lib/python3.12/site-packages/airflow/example_dags/tutorial.py for tasks to queue
[2025-03-30T23:20:58.902+0000] {logging_mixin.py:190} INFO - [2025-03-30T23:20:58.901+0000] {dagbag.py:588} INFO - Filling up the DagBag from /home/airflow/.local/lib/python3.12/site-packages/airflow/example_dags/tutorial.py
[2025-03-30T23:20:58.921+0000] {processor.py:925} INFO - DAG(s) 'tutorial' retrieved from /home/airflow/.local/lib/python3.12/site-packages/airflow/example_dags/tutorial.py
[2025-03-30T23:20:58.958+0000] {logging_mixin.py:190} INFO - [2025-03-30T23:20:58.957+0000] {dag.py:3239} INFO - Sync 1 DAGs
[2025-03-30T23:20:58.996+0000] {logging_mixin.py:190} INFO - [2025-03-30T23:20:58.996+0000] {dag.py:4180} INFO - Setting next_dagrun for tutorial to 2025-03-29 00:00:00+00:00, run_after=2025-03-30 00:00:00+00:00
[2025-03-30T23:20:59.064+0000] {processor.py:208} INFO - Processing /home/airflow/.local/lib/python3.12/site-packages/airflow/example_dags/tutorial.py took 0.182 seconds
[2025-03-30T23:21:46.665+0000] {processor.py:186} INFO - Started process (PID=45) to work on /home/airflow/.local/lib/python3.12/site-packages/airflow/example_dags/tutorial.py
[2025-03-30T23:21:46.668+0000] {processor.py:914} INFO - Processing file /home/airflow/.local/lib/python3.12/site-packages/airflow/example_dags/tutorial.py for tasks to queue
[2025-03-30T23:21:46.676+0000] {logging_mixin.py:190} INFO - [2025-03-30T23:21:46.675+0000] {dagbag.py:588} INFO - Filling up the DagBag from /home/airflow/.local/lib/python3.12/site-packages/airflow/example_dags/tutorial.py
[2025-03-30T23:21:46.699+0000] {processor.py:925} INFO - DAG(s) 'tutorial' retrieved from /home/airflow/.local/lib/python3.12/site-packages/airflow/example_dags/tutorial.py
[2025-03-30T23:21:46.760+0000] {logging_mixin.py:190} INFO - [2025-03-30T23:21:46.760+0000] {dag.py:3239} INFO - Sync 1 DAGs
[2025-03-30T23:21:46.825+0000] {logging_mixin.py:190} INFO - [2025-03-30T23:21:46.824+0000] {dag.py:4180} INFO - Setting next_dagrun for tutorial to 2025-03-29 00:00:00+00:00, run_after=2025-03-30 00:00:00+00:00
[2025-03-30T23:21:46.873+0000] {processor.py:208} INFO - Processing /home/airflow/.local/lib/python3.12/site-packages/airflow/example_dags/tutorial.py took 0.219 seconds
[2025-03-30T23:22:17.280+0000] {processor.py:186} INFO - Started process (PID=109) to work on /home/airflow/.local/lib/python3.12/site-packages/airflow/example_dags/tutorial.py
[2025-03-30T23:22:17.282+0000] {processor.py:914} INFO - Processing file /home/airflow/.local/lib/python3.12/site-packages/airflow/example_dags/tutorial.py for tasks to queue
[2025-03-30T23:22:17.290+0000] {logging_mixin.py:190} INFO - [2025-03-30T23:22:17.289+0000] {dagbag.py:588} INFO - Filling up the DagBag from /home/airflow/.local/lib/python3.12/site-packages/airflow/example_dags/tutorial.py
[2025-03-30T23:22:17.307+0000] {processor.py:925} INFO - DAG(s) 'tutorial' retrieved from /home/airflow/.local/lib/python3.12/site-packages/airflow/example_dags/tutorial.py
[2025-03-30T23:22:17.348+0000] {logging_mixin.py:190} INFO - [2025-03-30T23:22:17.347+0000] {dag.py:3239} INFO - Sync 1 DAGs
[2025-03-30T23:22:17.388+0000] {logging_mixin.py:190} INFO - [2025-03-30T23:22:17.387+0000] {dag.py:4180} INFO - Setting next_dagrun for tutorial to 2025-03-29 00:00:00+00:00, run_after=2025-03-30 00:00:00+00:00
[2025-03-30T23:22:17.430+0000] {processor.py:208} INFO - Processing /home/airflow/.local/lib/python3.12/site-packages/airflow/example_dags/tutorial.py took 0.162 seconds
[2025-03-30T23:22:47.615+0000] {processor.py:186} INFO - Started process (PID=173) to work on /home/airflow/.local/lib/python3.12/site-packages/airflow/example_dags/tutorial.py
[2025-03-30T23:22:47.620+0000] {processor.py:914} INFO - Processing file /home/airflow/.local/lib/python3.12/site-packages/airflow/example_dags/tutorial.py for tasks to queue
[2025-03-30T23:22:47.628+0000] {logging_mixin.py:190} INFO - [2025-03-30T23:22:47.627+0000] {dagbag.py:588} INFO - Filling up the DagBag from /home/airflow/.local/lib/python3.12/site-packages/airflow/example_dags/tutorial.py
[2025-03-30T23:22:47.650+0000] {processor.py:925} INFO - DAG(s) 'tutorial' retrieved from /home/airflow/.local/lib/python3.12/site-packages/airflow/example_dags/tutorial.py
[2025-03-30T23:22:47.714+0000] {logging_mixin.py:190} INFO - [2025-03-30T23:22:47.714+0000] {dag.py:3239} INFO - Sync 1 DAGs
[2025-03-30T23:22:47.781+0000] {logging_mixin.py:190} INFO - [2025-03-30T23:22:47.779+0000] {dag.py:4180} INFO - Setting next_dagrun for tutorial to 2025-03-29 00:00:00+00:00, run_after=2025-03-30 00:00:00+00:00
[2025-03-30T23:22:47.845+0000] {processor.py:208} INFO - Processing /home/airflow/.local/lib/python3.12/site-packages/airflow/example_dags/tutorial.py took 0.242 seconds
[2025-03-30T23:23:18.420+0000] {processor.py:186} INFO - Started process (PID=241) to work on /home/airflow/.local/lib/python3.12/site-packages/airflow/example_dags/tutorial.py
[2025-03-30T23:23:18.423+0000] {processor.py:914} INFO - Processing file /home/airflow/.local/lib/python3.12/site-packages/airflow/example_dags/tutorial.py for tasks to queue
[2025-03-30T23:23:18.428+0000] {logging_mixin.py:190} INFO - [2025-03-30T23:23:18.428+0000] {dagbag.py:588} INFO - Filling up the DagBag from /home/airflow/.local/lib/python3.12/site-packages/airflow/example_dags/tutorial.py
[2025-03-30T23:23:18.445+0000] {processor.py:925} INFO - DAG(s) 'tutorial' retrieved from /home/airflow/.local/lib/python3.12/site-packages/airflow/example_dags/tutorial.py
[2025-03-30T23:23:18.485+0000] {logging_mixin.py:190} INFO - [2025-03-30T23:23:18.484+0000] {dag.py:3239} INFO - Sync 1 DAGs
[2025-03-30T23:23:18.529+0000] {logging_mixin.py:190} INFO - [2025-03-30T23:23:18.529+0000] {dag.py:4180} INFO - Setting next_dagrun for tutorial to 2025-03-29 00:00:00+00:00, run_after=2025-03-30 00:00:00+00:00
[2025-03-30T23:23:18.576+0000] {processor.py:208} INFO - Processing /home/airflow/.local/lib/python3.12/site-packages/airflow/example_dags/tutorial.py took 0.169 seconds
[2025-03-30T23:23:48.929+0000] {processor.py:186} INFO - Started process (PID=305) to work on /home/airflow/.local/lib/python3.12/site-packages/airflow/example_dags/tutorial.py
[2025-03-30T23:23:48.932+0000] {processor.py:914} INFO - Processing file /home/airflow/.local/lib/python3.12/site-packages/airflow/example_dags/tutorial.py for tasks to queue
[2025-03-30T23:23:48.937+0000] {logging_mixin.py:190} INFO - [2025-03-30T23:23:48.937+0000] {dagbag.py:588} INFO - Filling up the DagBag from /home/airflow/.local/lib/python3.12/site-packages/airflow/example_dags/tutorial.py
[2025-03-30T23:23:48.954+0000] {processor.py:925} INFO - DAG(s) 'tutorial' retrieved from /home/airflow/.local/lib/python3.12/site-packages/airflow/example_dags/tutorial.py
[2025-03-30T23:23:48.993+0000] {logging_mixin.py:190} INFO - [2025-03-30T23:23:48.992+0000] {dag.py:3239} INFO - Sync 1 DAGs
[2025-03-30T23:23:49.033+0000] {logging_mixin.py:190} INFO - [2025-03-30T23:23:49.033+0000] {dag.py:4180} INFO - Setting next_dagrun for tutorial to 2025-03-29 00:00:00+00:00, run_after=2025-03-30 00:00:00+00:00
[2025-03-30T23:23:49.080+0000] {processor.py:208} INFO - Processing /home/airflow/.local/lib/python3.12/site-packages/airflow/example_dags/tutorial.py took 0.160 seconds
[2025-03-30T23:24:19.435+0000] {processor.py:186} INFO - Started process (PID=369) to work on /home/airflow/.local/lib/python3.12/site-packages/airflow/example_dags/tutorial.py
[2025-03-30T23:24:19.437+0000] {processor.py:914} INFO - Processing file /home/airflow/.local/lib/python3.12/site-packages/airflow/example_dags/tutorial.py for tasks to queue
[2025-03-30T23:24:19.442+0000] {logging_mixin.py:190} INFO - [2025-03-30T23:24:19.442+0000] {dagbag.py:588} INFO - Filling up the DagBag from /home/airflow/.local/lib/python3.12/site-packages/airflow/example_dags/tutorial.py
[2025-03-30T23:24:19.459+0000] {processor.py:925} INFO - DAG(s) 'tutorial' retrieved from /home/airflow/.local/lib/python3.12/site-packages/airflow/example_dags/tutorial.py
[2025-03-30T23:24:19.495+0000] {logging_mixin.py:190} INFO - [2025-03-30T23:24:19.494+0000] {dag.py:3239} INFO - Sync 1 DAGs
[2025-03-30T23:24:19.534+0000] {logging_mixin.py:190} INFO - [2025-03-30T23:24:19.534+0000] {dag.py:4180} INFO - Setting next_dagrun for tutorial to 2025-03-29 00:00:00+00:00, run_after=2025-03-30 00:00:00+00:00
[2025-03-30T23:24:19.572+0000] {processor.py:208} INFO - Processing /home/airflow/.local/lib/python3.12/site-packages/airflow/example_dags/tutorial.py took 0.148 seconds
[2025-03-30T23:24:49.950+0000] {processor.py:186} INFO - Started process (PID=433) to work on /home/airflow/.local/lib/python3.12/site-packages/airflow/example_dags/tutorial.py
[2025-03-30T23:24:49.953+0000] {processor.py:914} INFO - Processing file /home/airflow/.local/lib/python3.12/site-packages/airflow/example_dags/tutorial.py for tasks to queue
[2025-03-30T23:24:49.959+0000] {logging_mixin.py:190} INFO - [2025-03-30T23:24:49.958+0000] {dagbag.py:588} INFO - Filling up the DagBag from /home/airflow/.local/lib/python3.12/site-packages/airflow/example_dags/tutorial.py
[2025-03-30T23:24:49.974+0000] {processor.py:925} INFO - DAG(s) 'tutorial' retrieved from /home/airflow/.local/lib/python3.12/site-packages/airflow/example_dags/tutorial.py
[2025-03-30T23:24:50.013+0000] {logging_mixin.py:190} INFO - [2025-03-30T23:24:50.013+0000] {dag.py:3239} INFO - Sync 1 DAGs
[2025-03-30T23:24:50.057+0000] {logging_mixin.py:190} INFO - [2025-03-30T23:24:50.056+0000] {dag.py:4180} INFO - Setting next_dagrun for tutorial to 2025-03-29 00:00:00+00:00, run_after=2025-03-30 00:00:00+00:00
[2025-03-30T23:24:50.109+0000] {processor.py:208} INFO - Processing /home/airflow/.local/lib/python3.12/site-packages/airflow/example_dags/tutorial.py took 0.170 seconds
[2025-03-30T23:25:21.248+0000] {processor.py:186} INFO - Started process (PID=497) to work on /home/airflow/.local/lib/python3.12/site-packages/airflow/example_dags/tutorial.py
[2025-03-30T23:25:21.252+0000] {processor.py:914} INFO - Processing file /home/airflow/.local/lib/python3.12/site-packages/airflow/example_dags/tutorial.py for tasks to queue
[2025-03-30T23:25:21.258+0000] {logging_mixin.py:190} INFO - [2025-03-30T23:25:21.257+0000] {dagbag.py:588} INFO - Filling up the DagBag from /home/airflow/.local/lib/python3.12/site-packages/airflow/example_dags/tutorial.py
[2025-03-30T23:25:21.277+0000] {processor.py:925} INFO - DAG(s) 'tutorial' retrieved from /home/airflow/.local/lib/python3.12/site-packages/airflow/example_dags/tutorial.py
[2025-03-30T23:25:21.321+0000] {logging_mixin.py:190} INFO - [2025-03-30T23:25:21.320+0000] {dag.py:3239} INFO - Sync 1 DAGs
[2025-03-30T23:25:21.369+0000] {logging_mixin.py:190} INFO - [2025-03-30T23:25:21.369+0000] {dag.py:4180} INFO - Setting next_dagrun for tutorial to 2025-03-29 00:00:00+00:00, run_after=2025-03-30 00:00:00+00:00
[2025-03-30T23:25:21.412+0000] {processor.py:208} INFO - Processing /home/airflow/.local/lib/python3.12/site-packages/airflow/example_dags/tutorial.py took 0.173 seconds
[2025-03-30T23:25:52.431+0000] {processor.py:186} INFO - Started process (PID=561) to work on /home/airflow/.local/lib/python3.12/site-packages/airflow/example_dags/tutorial.py
[2025-03-30T23:25:52.434+0000] {processor.py:914} INFO - Processing file /home/airflow/.local/lib/python3.12/site-packages/airflow/example_dags/tutorial.py for tasks to queue
[2025-03-30T23:25:52.441+0000] {logging_mixin.py:190} INFO - [2025-03-30T23:25:52.440+0000] {dagbag.py:588} INFO - Filling up the DagBag from /home/airflow/.local/lib/python3.12/site-packages/airflow/example_dags/tutorial.py
[2025-03-30T23:25:52.463+0000] {processor.py:925} INFO - DAG(s) 'tutorial' retrieved from /home/airflow/.local/lib/python3.12/site-packages/airflow/example_dags/tutorial.py
[2025-03-30T23:25:52.505+0000] {logging_mixin.py:190} INFO - [2025-03-30T23:25:52.504+0000] {dag.py:3239} INFO - Sync 1 DAGs
[2025-03-30T23:25:52.547+0000] {logging_mixin.py:190} INFO - [2025-03-30T23:25:52.547+0000] {dag.py:4180} INFO - Setting next_dagrun for tutorial to 2025-03-29 00:00:00+00:00, run_after=2025-03-30 00:00:00+00:00
[2025-03-30T23:25:52.586+0000] {processor.py:208} INFO - Processing /home/airflow/.local/lib/python3.12/site-packages/airflow/example_dags/tutorial.py took 0.167 seconds
[2025-03-30T23:26:23.205+0000] {processor.py:186} INFO - Started process (PID=625) to work on /home/airflow/.local/lib/python3.12/site-packages/airflow/example_dags/tutorial.py
[2025-03-30T23:26:23.209+0000] {processor.py:914} INFO - Processing file /home/airflow/.local/lib/python3.12/site-packages/airflow/example_dags/tutorial.py for tasks to queue
[2025-03-30T23:26:23.218+0000] {logging_mixin.py:190} INFO - [2025-03-30T23:26:23.216+0000] {dagbag.py:588} INFO - Filling up the DagBag from /home/airflow/.local/lib/python3.12/site-packages/airflow/example_dags/tutorial.py
[2025-03-30T23:26:23.244+0000] {processor.py:925} INFO - DAG(s) 'tutorial' retrieved from /home/airflow/.local/lib/python3.12/site-packages/airflow/example_dags/tutorial.py
[2025-03-30T23:26:23.296+0000] {logging_mixin.py:190} INFO - [2025-03-30T23:26:23.296+0000] {dag.py:3239} INFO - Sync 1 DAGs
[2025-03-30T23:26:23.358+0000] {logging_mixin.py:190} INFO - [2025-03-30T23:26:23.358+0000] {dag.py:4180} INFO - Setting next_dagrun for tutorial to 2025-03-29 00:00:00+00:00, run_after=2025-03-30 00:00:00+00:00
[2025-03-30T23:26:23.421+0000] {processor.py:208} INFO - Processing /home/airflow/.local/lib/python3.12/site-packages/airflow/example_dags/tutorial.py took 0.232 seconds
[2025-03-30T23:26:54.176+0000] {processor.py:186} INFO - Started process (PID=689) to work on /home/airflow/.local/lib/python3.12/site-packages/airflow/example_dags/tutorial.py
[2025-03-30T23:26:54.179+0000] {processor.py:914} INFO - Processing file /home/airflow/.local/lib/python3.12/site-packages/airflow/example_dags/tutorial.py for tasks to queue
[2025-03-30T23:26:54.184+0000] {logging_mixin.py:190} INFO - [2025-03-30T23:26:54.183+0000] {dagbag.py:588} INFO - Filling up the DagBag from /home/airflow/.local/lib/python3.12/site-packages/airflow/example_dags/tutorial.py
[2025-03-30T23:26:54.198+0000] {processor.py:925} INFO - DAG(s) 'tutorial' retrieved from /home/airflow/.local/lib/python3.12/site-packages/airflow/example_dags/tutorial.py
[2025-03-30T23:26:54.231+0000] {logging_mixin.py:190} INFO - [2025-03-30T23:26:54.231+0000] {dag.py:3239} INFO - Sync 1 DAGs
[2025-03-30T23:26:54.272+0000] {logging_mixin.py:190} INFO - [2025-03-30T23:26:54.272+0000] {dag.py:4180} INFO - Setting next_dagrun for tutorial to 2025-03-29 00:00:00+00:00, run_after=2025-03-30 00:00:00+00:00
[2025-03-30T23:26:54.331+0000] {processor.py:208} INFO - Processing /home/airflow/.local/lib/python3.12/site-packages/airflow/example_dags/tutorial.py took 0.167 seconds
[2025-03-30T23:27:24.935+0000] {processor.py:186} INFO - Started process (PID=753) to work on /home/airflow/.local/lib/python3.12/site-packages/airflow/example_dags/tutorial.py
[2025-03-30T23:27:24.940+0000] {processor.py:914} INFO - Processing file /home/airflow/.local/lib/python3.12/site-packages/airflow/example_dags/tutorial.py for tasks to queue
[2025-03-30T23:27:24.946+0000] {logging_mixin.py:190} INFO - [2025-03-30T23:27:24.945+0000] {dagbag.py:588} INFO - Filling up the DagBag from /home/airflow/.local/lib/python3.12/site-packages/airflow/example_dags/tutorial.py
[2025-03-30T23:27:24.963+0000] {processor.py:925} INFO - DAG(s) 'tutorial' retrieved from /home/airflow/.local/lib/python3.12/site-packages/airflow/example_dags/tutorial.py
[2025-03-30T23:27:25.006+0000] {logging_mixin.py:190} INFO - [2025-03-30T23:27:25.006+0000] {dag.py:3239} INFO - Sync 1 DAGs
[2025-03-30T23:27:25.051+0000] {logging_mixin.py:190} INFO - [2025-03-30T23:27:25.051+0000] {dag.py:4180} INFO - Setting next_dagrun for tutorial to 2025-03-29 00:00:00+00:00, run_after=2025-03-30 00:00:00+00:00
[2025-03-30T23:27:25.092+0000] {processor.py:208} INFO - Processing /home/airflow/.local/lib/python3.12/site-packages/airflow/example_dags/tutorial.py took 0.170 seconds
[2025-03-30T23:27:55.382+0000] {processor.py:186} INFO - Started process (PID=817) to work on /home/airflow/.local/lib/python3.12/site-packages/airflow/example_dags/tutorial.py
[2025-03-30T23:27:55.386+0000] {processor.py:914} INFO - Processing file /home/airflow/.local/lib/python3.12/site-packages/airflow/example_dags/tutorial.py for tasks to queue
[2025-03-30T23:27:55.393+0000] {logging_mixin.py:190} INFO - [2025-03-30T23:27:55.392+0000] {dagbag.py:588} INFO - Filling up the DagBag from /home/airflow/.local/lib/python3.12/site-packages/airflow/example_dags/tutorial.py
[2025-03-30T23:27:55.411+0000] {processor.py:925} INFO - DAG(s) 'tutorial' retrieved from /home/airflow/.local/lib/python3.12/site-packages/airflow/example_dags/tutorial.py
[2025-03-30T23:27:55.454+0000] {logging_mixin.py:190} INFO - [2025-03-30T23:27:55.454+0000] {dag.py:3239} INFO - Sync 1 DAGs
[2025-03-30T23:27:55.496+0000] {logging_mixin.py:190} INFO - [2025-03-30T23:27:55.496+0000] {dag.py:4180} INFO - Setting next_dagrun for tutorial to 2025-03-29 00:00:00+00:00, run_after=2025-03-30 00:00:00+00:00
[2025-03-30T23:27:55.550+0000] {processor.py:208} INFO - Processing /home/airflow/.local/lib/python3.12/site-packages/airflow/example_dags/tutorial.py took 0.181 seconds
[2025-03-30T23:28:25.869+0000] {processor.py:186} INFO - Started process (PID=881) to work on /home/airflow/.local/lib/python3.12/site-packages/airflow/example_dags/tutorial.py
[2025-03-30T23:28:25.872+0000] {processor.py:914} INFO - Processing file /home/airflow/.local/lib/python3.12/site-packages/airflow/example_dags/tutorial.py for tasks to queue
[2025-03-30T23:28:25.878+0000] {logging_mixin.py:190} INFO - [2025-03-30T23:28:25.877+0000] {dagbag.py:588} INFO - Filling up the DagBag from /home/airflow/.local/lib/python3.12/site-packages/airflow/example_dags/tutorial.py
[2025-03-30T23:28:25.895+0000] {processor.py:925} INFO - DAG(s) 'tutorial' retrieved from /home/airflow/.local/lib/python3.12/site-packages/airflow/example_dags/tutorial.py
[2025-03-30T23:28:25.937+0000] {logging_mixin.py:190} INFO - [2025-03-30T23:28:25.937+0000] {dag.py:3239} INFO - Sync 1 DAGs
[2025-03-30T23:28:25.980+0000] {logging_mixin.py:190} INFO - [2025-03-30T23:28:25.980+0000] {dag.py:4180} INFO - Setting next_dagrun for tutorial to 2025-03-29 00:00:00+00:00, run_after=2025-03-30 00:00:00+00:00
[2025-03-30T23:28:26.030+0000] {processor.py:208} INFO - Processing /home/airflow/.local/lib/python3.12/site-packages/airflow/example_dags/tutorial.py took 0.173 seconds
[2025-03-30T23:28:56.764+0000] {processor.py:186} INFO - Started process (PID=945) to work on /home/airflow/.local/lib/python3.12/site-packages/airflow/example_dags/tutorial.py
[2025-03-30T23:28:56.768+0000] {processor.py:914} INFO - Processing file /home/airflow/.local/lib/python3.12/site-packages/airflow/example_dags/tutorial.py for tasks to queue
[2025-03-30T23:28:56.774+0000] {logging_mixin.py:190} INFO - [2025-03-30T23:28:56.773+0000] {dagbag.py:588} INFO - Filling up the DagBag from /home/airflow/.local/lib/python3.12/site-packages/airflow/example_dags/tutorial.py
[2025-03-30T23:28:56.796+0000] {processor.py:925} INFO - DAG(s) 'tutorial' retrieved from /home/airflow/.local/lib/python3.12/site-packages/airflow/example_dags/tutorial.py
[2025-03-30T23:28:56.840+0000] {logging_mixin.py:190} INFO - [2025-03-30T23:28:56.840+0000] {dag.py:3239} INFO - Sync 1 DAGs
[2025-03-30T23:28:56.881+0000] {logging_mixin.py:190} INFO - [2025-03-30T23:28:56.881+0000] {dag.py:4180} INFO - Setting next_dagrun for tutorial to 2025-03-29 00:00:00+00:00, run_after=2025-03-30 00:00:00+00:00
[2025-03-30T23:28:56.919+0000] {processor.py:208} INFO - Processing /home/airflow/.local/lib/python3.12/site-packages/airflow/example_dags/tutorial.py took 0.167 seconds
[2025-03-30T23:29:27.280+0000] {processor.py:186} INFO - Started process (PID=1009) to work on /home/airflow/.local/lib/python3.12/site-packages/airflow/example_dags/tutorial.py
[2025-03-30T23:29:27.283+0000] {processor.py:914} INFO - Processing file /home/airflow/.local/lib/python3.12/site-packages/airflow/example_dags/tutorial.py for tasks to queue
[2025-03-30T23:29:27.290+0000] {logging_mixin.py:190} INFO - [2025-03-30T23:29:27.289+0000] {dagbag.py:588} INFO - Filling up the DagBag from /home/airflow/.local/lib/python3.12/site-packages/airflow/example_dags/tutorial.py
[2025-03-30T23:29:27.309+0000] {processor.py:925} INFO - DAG(s) 'tutorial' retrieved from /home/airflow/.local/lib/python3.12/site-packages/airflow/example_dags/tutorial.py
[2025-03-30T23:29:27.349+0000] {logging_mixin.py:190} INFO - [2025-03-30T23:29:27.349+0000] {dag.py:3239} INFO - Sync 1 DAGs
[2025-03-30T23:29:27.391+0000] {logging_mixin.py:190} INFO - [2025-03-30T23:29:27.391+0000] {dag.py:4180} INFO - Setting next_dagrun for tutorial to 2025-03-29 00:00:00+00:00, run_after=2025-03-30 00:00:00+00:00
[2025-03-30T23:29:27.429+0000] {processor.py:208} INFO - Processing /home/airflow/.local/lib/python3.12/site-packages/airflow/example_dags/tutorial.py took 0.160 seconds
[2025-03-30T23:29:58.154+0000] {processor.py:186} INFO - Started process (PID=1073) to work on /home/airflow/.local/lib/python3.12/site-packages/airflow/example_dags/tutorial.py
[2025-03-30T23:29:58.158+0000] {processor.py:914} INFO - Processing file /home/airflow/.local/lib/python3.12/site-packages/airflow/example_dags/tutorial.py for tasks to queue
[2025-03-30T23:29:58.164+0000] {logging_mixin.py:190} INFO - [2025-03-30T23:29:58.163+0000] {dagbag.py:588} INFO - Filling up the DagBag from /home/airflow/.local/lib/python3.12/site-packages/airflow/example_dags/tutorial.py
[2025-03-30T23:29:58.181+0000] {processor.py:925} INFO - DAG(s) 'tutorial' retrieved from /home/airflow/.local/lib/python3.12/site-packages/airflow/example_dags/tutorial.py
[2025-03-30T23:29:58.222+0000] {logging_mixin.py:190} INFO - [2025-03-30T23:29:58.221+0000] {dag.py:3239} INFO - Sync 1 DAGs
[2025-03-30T23:29:58.267+0000] {logging_mixin.py:190} INFO - [2025-03-30T23:29:58.267+0000] {dag.py:4180} INFO - Setting next_dagrun for tutorial to 2025-03-29 00:00:00+00:00, run_after=2025-03-30 00:00:00+00:00
[2025-03-30T23:29:58.317+0000] {processor.py:208} INFO - Processing /home/airflow/.local/lib/python3.12/site-packages/airflow/example_dags/tutorial.py took 0.175 seconds
[2025-03-30T23:30:29.529+0000] {processor.py:186} INFO - Started process (PID=1137) to work on /home/airflow/.local/lib/python3.12/site-packages/airflow/example_dags/tutorial.py
[2025-03-30T23:30:29.533+0000] {processor.py:914} INFO - Processing file /home/airflow/.local/lib/python3.12/site-packages/airflow/example_dags/tutorial.py for tasks to queue
[2025-03-30T23:30:29.541+0000] {logging_mixin.py:190} INFO - [2025-03-30T23:30:29.540+0000] {dagbag.py:588} INFO - Filling up the DagBag from /home/airflow/.local/lib/python3.12/site-packages/airflow/example_dags/tutorial.py
[2025-03-30T23:30:29.562+0000] {processor.py:925} INFO - DAG(s) 'tutorial' retrieved from /home/airflow/.local/lib/python3.12/site-packages/airflow/example_dags/tutorial.py
[2025-03-30T23:30:29.612+0000] {logging_mixin.py:190} INFO - [2025-03-30T23:30:29.611+0000] {dag.py:3239} INFO - Sync 1 DAGs
[2025-03-30T23:30:29.663+0000] {logging_mixin.py:190} INFO - [2025-03-30T23:30:29.662+0000] {dag.py:4180} INFO - Setting next_dagrun for tutorial to 2025-03-29 00:00:00+00:00, run_after=2025-03-30 00:00:00+00:00
[2025-03-30T23:30:29.727+0000] {processor.py:208} INFO - Processing /home/airflow/.local/lib/python3.12/site-packages/airflow/example_dags/tutorial.py took 0.209 seconds
[2025-03-30T23:31:00.561+0000] {processor.py:186} INFO - Started process (PID=1201) to work on /home/airflow/.local/lib/python3.12/site-packages/airflow/example_dags/tutorial.py
[2025-03-30T23:31:00.565+0000] {processor.py:914} INFO - Processing file /home/airflow/.local/lib/python3.12/site-packages/airflow/example_dags/tutorial.py for tasks to queue
[2025-03-30T23:31:00.571+0000] {logging_mixin.py:190} INFO - [2025-03-30T23:31:00.570+0000] {dagbag.py:588} INFO - Filling up the DagBag from /home/airflow/.local/lib/python3.12/site-packages/airflow/example_dags/tutorial.py
[2025-03-30T23:31:00.595+0000] {processor.py:925} INFO - DAG(s) 'tutorial' retrieved from /home/airflow/.local/lib/python3.12/site-packages/airflow/example_dags/tutorial.py
[2025-03-30T23:31:00.652+0000] {logging_mixin.py:190} INFO - [2025-03-30T23:31:00.651+0000] {dag.py:3239} INFO - Sync 1 DAGs
[2025-03-30T23:31:00.698+0000] {logging_mixin.py:190} INFO - [2025-03-30T23:31:00.698+0000] {dag.py:4180} INFO - Setting next_dagrun for tutorial to 2025-03-29 00:00:00+00:00, run_after=2025-03-30 00:00:00+00:00
[2025-03-30T23:31:00.749+0000] {processor.py:208} INFO - Processing /home/airflow/.local/lib/python3.12/site-packages/airflow/example_dags/tutorial.py took 0.199 seconds
[2025-03-30T23:31:31.478+0000] {processor.py:186} INFO - Started process (PID=1265) to work on /home/airflow/.local/lib/python3.12/site-packages/airflow/example_dags/tutorial.py
[2025-03-30T23:31:31.480+0000] {processor.py:914} INFO - Processing file /home/airflow/.local/lib/python3.12/site-packages/airflow/example_dags/tutorial.py for tasks to queue
[2025-03-30T23:31:31.486+0000] {logging_mixin.py:190} INFO - [2025-03-30T23:31:31.485+0000] {dagbag.py:588} INFO - Filling up the DagBag from /home/airflow/.local/lib/python3.12/site-packages/airflow/example_dags/tutorial.py
[2025-03-30T23:31:31.503+0000] {processor.py:925} INFO - DAG(s) 'tutorial' retrieved from /home/airflow/.local/lib/python3.12/site-packages/airflow/example_dags/tutorial.py
[2025-03-30T23:31:31.546+0000] {logging_mixin.py:190} INFO - [2025-03-30T23:31:31.545+0000] {dag.py:3239} INFO - Sync 1 DAGs
[2025-03-30T23:31:31.585+0000] {logging_mixin.py:190} INFO - [2025-03-30T23:31:31.585+0000] {dag.py:4180} INFO - Setting next_dagrun for tutorial to 2025-03-29 00:00:00+00:00, run_after=2025-03-30 00:00:00+00:00
[2025-03-30T23:31:31.628+0000] {processor.py:208} INFO - Processing /home/airflow/.local/lib/python3.12/site-packages/airflow/example_dags/tutorial.py took 0.159 seconds
[2025-03-30T23:32:02.219+0000] {processor.py:186} INFO - Started process (PID=1329) to work on /home/airflow/.local/lib/python3.12/site-packages/airflow/example_dags/tutorial.py
[2025-03-30T23:32:02.222+0000] {processor.py:914} INFO - Processing file /home/airflow/.local/lib/python3.12/site-packages/airflow/example_dags/tutorial.py for tasks to queue
[2025-03-30T23:32:02.228+0000] {logging_mixin.py:190} INFO - [2025-03-30T23:32:02.227+0000] {dagbag.py:588} INFO - Filling up the DagBag from /home/airflow/.local/lib/python3.12/site-packages/airflow/example_dags/tutorial.py
[2025-03-30T23:32:02.246+0000] {processor.py:925} INFO - DAG(s) 'tutorial' retrieved from /home/airflow/.local/lib/python3.12/site-packages/airflow/example_dags/tutorial.py
[2025-03-30T23:32:02.284+0000] {logging_mixin.py:190} INFO - [2025-03-30T23:32:02.283+0000] {dag.py:3239} INFO - Sync 1 DAGs
[2025-03-30T23:32:02.327+0000] {logging_mixin.py:190} INFO - [2025-03-30T23:32:02.327+0000] {dag.py:4180} INFO - Setting next_dagrun for tutorial to 2025-03-29 00:00:00+00:00, run_after=2025-03-30 00:00:00+00:00
[2025-03-30T23:32:02.382+0000] {processor.py:208} INFO - Processing /home/airflow/.local/lib/python3.12/site-packages/airflow/example_dags/tutorial.py took 0.174 seconds
[2025-03-30T23:32:33.213+0000] {processor.py:186} INFO - Started process (PID=1393) to work on /home/airflow/.local/lib/python3.12/site-packages/airflow/example_dags/tutorial.py
[2025-03-30T23:32:33.215+0000] {processor.py:914} INFO - Processing file /home/airflow/.local/lib/python3.12/site-packages/airflow/example_dags/tutorial.py for tasks to queue
[2025-03-30T23:32:33.220+0000] {logging_mixin.py:190} INFO - [2025-03-30T23:32:33.220+0000] {dagbag.py:588} INFO - Filling up the DagBag from /home/airflow/.local/lib/python3.12/site-packages/airflow/example_dags/tutorial.py
[2025-03-30T23:32:33.236+0000] {processor.py:925} INFO - DAG(s) 'tutorial' retrieved from /home/airflow/.local/lib/python3.12/site-packages/airflow/example_dags/tutorial.py
[2025-03-30T23:32:33.278+0000] {logging_mixin.py:190} INFO - [2025-03-30T23:32:33.278+0000] {dag.py:3239} INFO - Sync 1 DAGs
[2025-03-30T23:32:33.320+0000] {logging_mixin.py:190} INFO - [2025-03-30T23:32:33.319+0000] {dag.py:4180} INFO - Setting next_dagrun for tutorial to 2025-03-29 00:00:00+00:00, run_after=2025-03-30 00:00:00+00:00
[2025-03-30T23:32:33.357+0000] {processor.py:208} INFO - Processing /home/airflow/.local/lib/python3.12/site-packages/airflow/example_dags/tutorial.py took 0.155 seconds
[2025-03-30T23:33:03.866+0000] {processor.py:186} INFO - Started process (PID=1457) to work on /home/airflow/.local/lib/python3.12/site-packages/airflow/example_dags/tutorial.py
[2025-03-30T23:33:03.869+0000] {processor.py:914} INFO - Processing file /home/airflow/.local/lib/python3.12/site-packages/airflow/example_dags/tutorial.py for tasks to queue
[2025-03-30T23:33:03.876+0000] {logging_mixin.py:190} INFO - [2025-03-30T23:33:03.875+0000] {dagbag.py:588} INFO - Filling up the DagBag from /home/airflow/.local/lib/python3.12/site-packages/airflow/example_dags/tutorial.py
[2025-03-30T23:33:03.895+0000] {processor.py:925} INFO - DAG(s) 'tutorial' retrieved from /home/airflow/.local/lib/python3.12/site-packages/airflow/example_dags/tutorial.py
[2025-03-30T23:33:03.947+0000] {logging_mixin.py:190} INFO - [2025-03-30T23:33:03.946+0000] {dag.py:3239} INFO - Sync 1 DAGs
[2025-03-30T23:33:03.998+0000] {logging_mixin.py:190} INFO - [2025-03-30T23:33:03.997+0000] {dag.py:4180} INFO - Setting next_dagrun for tutorial to 2025-03-29 00:00:00+00:00, run_after=2025-03-30 00:00:00+00:00
[2025-03-30T23:33:04.039+0000] {processor.py:208} INFO - Processing /home/airflow/.local/lib/python3.12/site-packages/airflow/example_dags/tutorial.py took 0.184 seconds
[2025-03-30T23:33:34.819+0000] {processor.py:186} INFO - Started process (PID=1521) to work on /home/airflow/.local/lib/python3.12/site-packages/airflow/example_dags/tutorial.py
[2025-03-30T23:33:34.822+0000] {processor.py:914} INFO - Processing file /home/airflow/.local/lib/python3.12/site-packages/airflow/example_dags/tutorial.py for tasks to queue
[2025-03-30T23:33:34.829+0000] {logging_mixin.py:190} INFO - [2025-03-30T23:33:34.828+0000] {dagbag.py:588} INFO - Filling up the DagBag from /home/airflow/.local/lib/python3.12/site-packages/airflow/example_dags/tutorial.py
[2025-03-30T23:33:34.850+0000] {processor.py:925} INFO - DAG(s) 'tutorial' retrieved from /home/airflow/.local/lib/python3.12/site-packages/airflow/example_dags/tutorial.py
[2025-03-30T23:33:34.899+0000] {logging_mixin.py:190} INFO - [2025-03-30T23:33:34.898+0000] {dag.py:3239} INFO - Sync 1 DAGs
[2025-03-30T23:33:34.945+0000] {logging_mixin.py:190} INFO - [2025-03-30T23:33:34.945+0000] {dag.py:4180} INFO - Setting next_dagrun for tutorial to 2025-03-29 00:00:00+00:00, run_after=2025-03-30 00:00:00+00:00
[2025-03-30T23:33:34.987+0000] {processor.py:208} INFO - Processing /home/airflow/.local/lib/python3.12/site-packages/airflow/example_dags/tutorial.py took 0.181 seconds
[2025-03-30T23:52:58.089+0000] {processor.py:186} INFO - Started process (PID=1554) to work on /home/airflow/.local/lib/python3.12/site-packages/airflow/example_dags/tutorial.py
[2025-03-30T23:52:58.091+0000] {processor.py:914} INFO - Processing file /home/airflow/.local/lib/python3.12/site-packages/airflow/example_dags/tutorial.py for tasks to queue
[2025-03-30T23:52:58.095+0000] {logging_mixin.py:190} INFO - [2025-03-30T23:52:58.095+0000] {dagbag.py:588} INFO - Filling up the DagBag from /home/airflow/.local/lib/python3.12/site-packages/airflow/example_dags/tutorial.py
[2025-03-30T23:52:58.105+0000] {processor.py:925} INFO - DAG(s) 'tutorial' retrieved from /home/airflow/.local/lib/python3.12/site-packages/airflow/example_dags/tutorial.py
[2025-03-30T23:52:58.137+0000] {logging_mixin.py:190} INFO - [2025-03-30T23:52:58.137+0000] {dag.py:3239} INFO - Sync 1 DAGs
[2025-03-30T23:52:58.171+0000] {logging_mixin.py:190} INFO - [2025-03-30T23:52:58.170+0000] {dag.py:4180} INFO - Setting next_dagrun for tutorial to 2025-03-29 00:00:00+00:00, run_after=2025-03-30 00:00:00+00:00
[2025-03-30T23:52:58.195+0000] {processor.py:208} INFO - Processing /home/airflow/.local/lib/python3.12/site-packages/airflow/example_dags/tutorial.py took 0.116 seconds
