[2025-04-02T09:06:36.396+0000] {processor.py:186} INFO - Started process (PID=7948) to work on /home/airflow/.local/lib/python3.12/site-packages/airflow/example_dags/example_latest_only_with_trigger.py
[2025-04-02T09:06:36.409+0000] {processor.py:914} INFO - Processing file /home/airflow/.local/lib/python3.12/site-packages/airflow/example_dags/example_latest_only_with_trigger.py for tasks to queue
[2025-04-02T09:06:36.413+0000] {logging_mixin.py:190} INFO - [2025-04-02T09:06:36.412+0000] {dagbag.py:588} INFO - Filling up the DagBag from /home/airflow/.local/lib/python3.12/site-packages/airflow/example_dags/example_latest_only_with_trigger.py
[2025-04-02T09:06:36.448+0000] {processor.py:925} INFO - DAG(s) 'latest_only_with_trigger' retrieved from /home/airflow/.local/lib/python3.12/site-packages/airflow/example_dags/example_latest_only_with_trigger.py
[2025-04-02T09:06:36.555+0000] {logging_mixin.py:190} INFO - [2025-04-02T09:06:36.554+0000] {dag.py:3239} INFO - Sync 1 DAGs
[2025-04-02T09:06:36.635+0000] {logging_mixin.py:190} INFO - [2025-04-02T09:06:36.635+0000] {dag.py:4180} INFO - Setting next_dagrun for latest_only_with_trigger to 2025-04-02 04:00:00+00:00, run_after=2025-04-02 08:00:00+00:00
[2025-04-02T09:06:36.720+0000] {processor.py:208} INFO - Processing /home/airflow/.local/lib/python3.12/site-packages/airflow/example_dags/example_latest_only_with_trigger.py took 0.347 seconds
[2025-04-02T11:03:44.823+0000] {processor.py:186} INFO - Started process (PID=76) to work on /home/airflow/.local/lib/python3.12/site-packages/airflow/example_dags/example_latest_only_with_trigger.py
[2025-04-02T11:03:44.825+0000] {processor.py:914} INFO - Processing file /home/airflow/.local/lib/python3.12/site-packages/airflow/example_dags/example_latest_only_with_trigger.py for tasks to queue
[2025-04-02T11:03:44.830+0000] {logging_mixin.py:190} INFO - [2025-04-02T11:03:44.829+0000] {dagbag.py:588} INFO - Filling up the DagBag from /home/airflow/.local/lib/python3.12/site-packages/airflow/example_dags/example_latest_only_with_trigger.py
[2025-04-02T11:03:44.844+0000] {processor.py:925} INFO - DAG(s) 'latest_only_with_trigger' retrieved from /home/airflow/.local/lib/python3.12/site-packages/airflow/example_dags/example_latest_only_with_trigger.py
[2025-04-02T11:03:44.881+0000] {logging_mixin.py:190} INFO - [2025-04-02T11:03:44.880+0000] {dag.py:3239} INFO - Sync 1 DAGs
[2025-04-02T11:03:44.913+0000] {logging_mixin.py:190} INFO - [2025-04-02T11:03:44.913+0000] {dag.py:4180} INFO - Setting next_dagrun for latest_only_with_trigger to 2025-04-02 04:00:00+00:00, run_after=2025-04-02 08:00:00+00:00
[2025-04-02T11:03:44.951+0000] {processor.py:208} INFO - Processing /home/airflow/.local/lib/python3.12/site-packages/airflow/example_dags/example_latest_only_with_trigger.py took 0.138 seconds
[2025-04-02T11:04:15.888+0000] {processor.py:186} INFO - Started process (PID=141) to work on /home/airflow/.local/lib/python3.12/site-packages/airflow/example_dags/example_latest_only_with_trigger.py
[2025-04-02T11:04:15.890+0000] {processor.py:914} INFO - Processing file /home/airflow/.local/lib/python3.12/site-packages/airflow/example_dags/example_latest_only_with_trigger.py for tasks to queue
[2025-04-02T11:04:15.897+0000] {logging_mixin.py:190} INFO - [2025-04-02T11:04:15.896+0000] {dagbag.py:588} INFO - Filling up the DagBag from /home/airflow/.local/lib/python3.12/site-packages/airflow/example_dags/example_latest_only_with_trigger.py
[2025-04-02T11:04:15.906+0000] {processor.py:925} INFO - DAG(s) 'latest_only_with_trigger' retrieved from /home/airflow/.local/lib/python3.12/site-packages/airflow/example_dags/example_latest_only_with_trigger.py
[2025-04-02T11:04:15.940+0000] {logging_mixin.py:190} INFO - [2025-04-02T11:04:15.940+0000] {dag.py:3239} INFO - Sync 1 DAGs
[2025-04-02T11:04:15.966+0000] {logging_mixin.py:190} INFO - [2025-04-02T11:04:15.966+0000] {dag.py:4180} INFO - Setting next_dagrun for latest_only_with_trigger to 2025-04-02 04:00:00+00:00, run_after=2025-04-02 08:00:00+00:00
[2025-04-02T11:04:15.996+0000] {processor.py:208} INFO - Processing /home/airflow/.local/lib/python3.12/site-packages/airflow/example_dags/example_latest_only_with_trigger.py took 0.114 seconds
[2025-04-02T11:04:46.884+0000] {processor.py:186} INFO - Started process (PID=206) to work on /home/airflow/.local/lib/python3.12/site-packages/airflow/example_dags/example_latest_only_with_trigger.py
[2025-04-02T11:04:46.886+0000] {processor.py:914} INFO - Processing file /home/airflow/.local/lib/python3.12/site-packages/airflow/example_dags/example_latest_only_with_trigger.py for tasks to queue
[2025-04-02T11:04:46.890+0000] {logging_mixin.py:190} INFO - [2025-04-02T11:04:46.889+0000] {dagbag.py:588} INFO - Filling up the DagBag from /home/airflow/.local/lib/python3.12/site-packages/airflow/example_dags/example_latest_only_with_trigger.py
[2025-04-02T11:04:46.898+0000] {processor.py:925} INFO - DAG(s) 'latest_only_with_trigger' retrieved from /home/airflow/.local/lib/python3.12/site-packages/airflow/example_dags/example_latest_only_with_trigger.py
[2025-04-02T11:04:46.919+0000] {logging_mixin.py:190} INFO - [2025-04-02T11:04:46.919+0000] {dag.py:3239} INFO - Sync 1 DAGs
[2025-04-02T11:04:46.954+0000] {logging_mixin.py:190} INFO - [2025-04-02T11:04:46.953+0000] {dag.py:4180} INFO - Setting next_dagrun for latest_only_with_trigger to 2025-04-02 04:00:00+00:00, run_after=2025-04-02 08:00:00+00:00
[2025-04-02T11:04:46.975+0000] {processor.py:208} INFO - Processing /home/airflow/.local/lib/python3.12/site-packages/airflow/example_dags/example_latest_only_with_trigger.py took 0.096 seconds
[2025-04-02T11:05:18.268+0000] {processor.py:186} INFO - Started process (PID=278) to work on /home/airflow/.local/lib/python3.12/site-packages/airflow/example_dags/example_latest_only_with_trigger.py
[2025-04-02T11:05:18.270+0000] {processor.py:914} INFO - Processing file /home/airflow/.local/lib/python3.12/site-packages/airflow/example_dags/example_latest_only_with_trigger.py for tasks to queue
[2025-04-02T11:05:18.275+0000] {logging_mixin.py:190} INFO - [2025-04-02T11:05:18.275+0000] {dagbag.py:588} INFO - Filling up the DagBag from /home/airflow/.local/lib/python3.12/site-packages/airflow/example_dags/example_latest_only_with_trigger.py
[2025-04-02T11:05:18.289+0000] {processor.py:925} INFO - DAG(s) 'latest_only_with_trigger' retrieved from /home/airflow/.local/lib/python3.12/site-packages/airflow/example_dags/example_latest_only_with_trigger.py
[2025-04-02T11:05:18.324+0000] {logging_mixin.py:190} INFO - [2025-04-02T11:05:18.324+0000] {dag.py:3239} INFO - Sync 1 DAGs
[2025-04-02T11:05:18.353+0000] {logging_mixin.py:190} INFO - [2025-04-02T11:05:18.353+0000] {dag.py:4180} INFO - Setting next_dagrun for latest_only_with_trigger to 2025-04-02 04:00:00+00:00, run_after=2025-04-02 08:00:00+00:00
[2025-04-02T11:05:18.382+0000] {processor.py:208} INFO - Processing /home/airflow/.local/lib/python3.12/site-packages/airflow/example_dags/example_latest_only_with_trigger.py took 0.121 seconds
[2025-04-02T11:05:49.178+0000] {processor.py:186} INFO - Started process (PID=343) to work on /home/airflow/.local/lib/python3.12/site-packages/airflow/example_dags/example_latest_only_with_trigger.py
[2025-04-02T11:05:49.181+0000] {processor.py:914} INFO - Processing file /home/airflow/.local/lib/python3.12/site-packages/airflow/example_dags/example_latest_only_with_trigger.py for tasks to queue
[2025-04-02T11:05:49.184+0000] {logging_mixin.py:190} INFO - [2025-04-02T11:05:49.184+0000] {dagbag.py:588} INFO - Filling up the DagBag from /home/airflow/.local/lib/python3.12/site-packages/airflow/example_dags/example_latest_only_with_trigger.py
[2025-04-02T11:05:49.192+0000] {processor.py:925} INFO - DAG(s) 'latest_only_with_trigger' retrieved from /home/airflow/.local/lib/python3.12/site-packages/airflow/example_dags/example_latest_only_with_trigger.py
[2025-04-02T11:05:49.222+0000] {logging_mixin.py:190} INFO - [2025-04-02T11:05:49.222+0000] {dag.py:3239} INFO - Sync 1 DAGs
[2025-04-02T11:05:49.254+0000] {logging_mixin.py:190} INFO - [2025-04-02T11:05:49.253+0000] {dag.py:4180} INFO - Setting next_dagrun for latest_only_with_trigger to 2025-04-02 04:00:00+00:00, run_after=2025-04-02 08:00:00+00:00
[2025-04-02T11:05:49.283+0000] {processor.py:208} INFO - Processing /home/airflow/.local/lib/python3.12/site-packages/airflow/example_dags/example_latest_only_with_trigger.py took 0.109 seconds
[2025-04-02T11:06:20.514+0000] {processor.py:186} INFO - Started process (PID=408) to work on /home/airflow/.local/lib/python3.12/site-packages/airflow/example_dags/example_latest_only_with_trigger.py
[2025-04-02T11:06:20.516+0000] {processor.py:914} INFO - Processing file /home/airflow/.local/lib/python3.12/site-packages/airflow/example_dags/example_latest_only_with_trigger.py for tasks to queue
[2025-04-02T11:06:20.519+0000] {logging_mixin.py:190} INFO - [2025-04-02T11:06:20.519+0000] {dagbag.py:588} INFO - Filling up the DagBag from /home/airflow/.local/lib/python3.12/site-packages/airflow/example_dags/example_latest_only_with_trigger.py
[2025-04-02T11:06:20.527+0000] {processor.py:925} INFO - DAG(s) 'latest_only_with_trigger' retrieved from /home/airflow/.local/lib/python3.12/site-packages/airflow/example_dags/example_latest_only_with_trigger.py
[2025-04-02T11:06:20.547+0000] {logging_mixin.py:190} INFO - [2025-04-02T11:06:20.547+0000] {dag.py:3239} INFO - Sync 1 DAGs
[2025-04-02T11:06:20.566+0000] {logging_mixin.py:190} INFO - [2025-04-02T11:06:20.566+0000] {dag.py:4180} INFO - Setting next_dagrun for latest_only_with_trigger to 2025-04-02 04:00:00+00:00, run_after=2025-04-02 08:00:00+00:00
[2025-04-02T11:06:20.582+0000] {processor.py:208} INFO - Processing /home/airflow/.local/lib/python3.12/site-packages/airflow/example_dags/example_latest_only_with_trigger.py took 0.073 seconds
[2025-04-02T11:06:51.376+0000] {processor.py:186} INFO - Started process (PID=473) to work on /home/airflow/.local/lib/python3.12/site-packages/airflow/example_dags/example_latest_only_with_trigger.py
[2025-04-02T11:06:51.378+0000] {processor.py:914} INFO - Processing file /home/airflow/.local/lib/python3.12/site-packages/airflow/example_dags/example_latest_only_with_trigger.py for tasks to queue
[2025-04-02T11:06:51.381+0000] {logging_mixin.py:190} INFO - [2025-04-02T11:06:51.380+0000] {dagbag.py:588} INFO - Filling up the DagBag from /home/airflow/.local/lib/python3.12/site-packages/airflow/example_dags/example_latest_only_with_trigger.py
[2025-04-02T11:06:51.389+0000] {processor.py:925} INFO - DAG(s) 'latest_only_with_trigger' retrieved from /home/airflow/.local/lib/python3.12/site-packages/airflow/example_dags/example_latest_only_with_trigger.py
[2025-04-02T11:06:51.410+0000] {logging_mixin.py:190} INFO - [2025-04-02T11:06:51.410+0000] {dag.py:3239} INFO - Sync 1 DAGs
[2025-04-02T11:06:51.432+0000] {logging_mixin.py:190} INFO - [2025-04-02T11:06:51.432+0000] {dag.py:4180} INFO - Setting next_dagrun for latest_only_with_trigger to 2025-04-02 04:00:00+00:00, run_after=2025-04-02 08:00:00+00:00
[2025-04-02T11:06:51.457+0000] {processor.py:208} INFO - Processing /home/airflow/.local/lib/python3.12/site-packages/airflow/example_dags/example_latest_only_with_trigger.py took 0.087 seconds
[2025-04-02T11:07:22.112+0000] {processor.py:186} INFO - Started process (PID=538) to work on /home/airflow/.local/lib/python3.12/site-packages/airflow/example_dags/example_latest_only_with_trigger.py
[2025-04-02T11:07:22.115+0000] {processor.py:914} INFO - Processing file /home/airflow/.local/lib/python3.12/site-packages/airflow/example_dags/example_latest_only_with_trigger.py for tasks to queue
[2025-04-02T11:07:22.120+0000] {logging_mixin.py:190} INFO - [2025-04-02T11:07:22.119+0000] {dagbag.py:588} INFO - Filling up the DagBag from /home/airflow/.local/lib/python3.12/site-packages/airflow/example_dags/example_latest_only_with_trigger.py
[2025-04-02T11:07:22.130+0000] {processor.py:925} INFO - DAG(s) 'latest_only_with_trigger' retrieved from /home/airflow/.local/lib/python3.12/site-packages/airflow/example_dags/example_latest_only_with_trigger.py
[2025-04-02T11:07:22.157+0000] {logging_mixin.py:190} INFO - [2025-04-02T11:07:22.157+0000] {dag.py:3239} INFO - Sync 1 DAGs
[2025-04-02T11:07:22.178+0000] {logging_mixin.py:190} INFO - [2025-04-02T11:07:22.178+0000] {dag.py:4180} INFO - Setting next_dagrun for latest_only_with_trigger to 2025-04-02 04:00:00+00:00, run_after=2025-04-02 08:00:00+00:00
[2025-04-02T11:07:22.202+0000] {processor.py:208} INFO - Processing /home/airflow/.local/lib/python3.12/site-packages/airflow/example_dags/example_latest_only_with_trigger.py took 0.099 seconds
[2025-04-02T11:07:53.173+0000] {processor.py:186} INFO - Started process (PID=603) to work on /home/airflow/.local/lib/python3.12/site-packages/airflow/example_dags/example_latest_only_with_trigger.py
[2025-04-02T11:07:53.175+0000] {processor.py:914} INFO - Processing file /home/airflow/.local/lib/python3.12/site-packages/airflow/example_dags/example_latest_only_with_trigger.py for tasks to queue
[2025-04-02T11:07:53.178+0000] {logging_mixin.py:190} INFO - [2025-04-02T11:07:53.178+0000] {dagbag.py:588} INFO - Filling up the DagBag from /home/airflow/.local/lib/python3.12/site-packages/airflow/example_dags/example_latest_only_with_trigger.py
[2025-04-02T11:07:53.186+0000] {processor.py:925} INFO - DAG(s) 'latest_only_with_trigger' retrieved from /home/airflow/.local/lib/python3.12/site-packages/airflow/example_dags/example_latest_only_with_trigger.py
[2025-04-02T11:07:53.209+0000] {logging_mixin.py:190} INFO - [2025-04-02T11:07:53.209+0000] {dag.py:3239} INFO - Sync 1 DAGs
[2025-04-02T11:07:53.231+0000] {logging_mixin.py:190} INFO - [2025-04-02T11:07:53.230+0000] {dag.py:4180} INFO - Setting next_dagrun for latest_only_with_trigger to 2025-04-02 04:00:00+00:00, run_after=2025-04-02 08:00:00+00:00
[2025-04-02T11:07:53.254+0000] {processor.py:208} INFO - Processing /home/airflow/.local/lib/python3.12/site-packages/airflow/example_dags/example_latest_only_with_trigger.py took 0.086 seconds
[2025-04-02T11:08:24.595+0000] {processor.py:186} INFO - Started process (PID=668) to work on /home/airflow/.local/lib/python3.12/site-packages/airflow/example_dags/example_latest_only_with_trigger.py
[2025-04-02T11:08:24.597+0000] {processor.py:914} INFO - Processing file /home/airflow/.local/lib/python3.12/site-packages/airflow/example_dags/example_latest_only_with_trigger.py for tasks to queue
[2025-04-02T11:08:24.600+0000] {logging_mixin.py:190} INFO - [2025-04-02T11:08:24.599+0000] {dagbag.py:588} INFO - Filling up the DagBag from /home/airflow/.local/lib/python3.12/site-packages/airflow/example_dags/example_latest_only_with_trigger.py
[2025-04-02T11:08:24.609+0000] {processor.py:925} INFO - DAG(s) 'latest_only_with_trigger' retrieved from /home/airflow/.local/lib/python3.12/site-packages/airflow/example_dags/example_latest_only_with_trigger.py
[2025-04-02T11:08:24.634+0000] {logging_mixin.py:190} INFO - [2025-04-02T11:08:24.633+0000] {dag.py:3239} INFO - Sync 1 DAGs
[2025-04-02T11:08:24.657+0000] {logging_mixin.py:190} INFO - [2025-04-02T11:08:24.656+0000] {dag.py:4180} INFO - Setting next_dagrun for latest_only_with_trigger to 2025-04-02 04:00:00+00:00, run_after=2025-04-02 08:00:00+00:00
[2025-04-02T11:08:24.681+0000] {processor.py:208} INFO - Processing /home/airflow/.local/lib/python3.12/site-packages/airflow/example_dags/example_latest_only_with_trigger.py took 0.092 seconds
[2025-04-02T11:08:55.905+0000] {processor.py:186} INFO - Started process (PID=733) to work on /home/airflow/.local/lib/python3.12/site-packages/airflow/example_dags/example_latest_only_with_trigger.py
[2025-04-02T11:08:55.908+0000] {processor.py:914} INFO - Processing file /home/airflow/.local/lib/python3.12/site-packages/airflow/example_dags/example_latest_only_with_trigger.py for tasks to queue
[2025-04-02T11:08:55.912+0000] {logging_mixin.py:190} INFO - [2025-04-02T11:08:55.911+0000] {dagbag.py:588} INFO - Filling up the DagBag from /home/airflow/.local/lib/python3.12/site-packages/airflow/example_dags/example_latest_only_with_trigger.py
[2025-04-02T11:08:55.921+0000] {processor.py:925} INFO - DAG(s) 'latest_only_with_trigger' retrieved from /home/airflow/.local/lib/python3.12/site-packages/airflow/example_dags/example_latest_only_with_trigger.py
[2025-04-02T11:08:55.945+0000] {logging_mixin.py:190} INFO - [2025-04-02T11:08:55.945+0000] {dag.py:3239} INFO - Sync 1 DAGs
[2025-04-02T11:08:55.968+0000] {logging_mixin.py:190} INFO - [2025-04-02T11:08:55.968+0000] {dag.py:4180} INFO - Setting next_dagrun for latest_only_with_trigger to 2025-04-02 04:00:00+00:00, run_after=2025-04-02 08:00:00+00:00
[2025-04-02T11:08:55.995+0000] {processor.py:208} INFO - Processing /home/airflow/.local/lib/python3.12/site-packages/airflow/example_dags/example_latest_only_with_trigger.py took 0.097 seconds
[2025-04-02T11:09:27.130+0000] {processor.py:186} INFO - Started process (PID=798) to work on /home/airflow/.local/lib/python3.12/site-packages/airflow/example_dags/example_latest_only_with_trigger.py
[2025-04-02T11:09:27.132+0000] {processor.py:914} INFO - Processing file /home/airflow/.local/lib/python3.12/site-packages/airflow/example_dags/example_latest_only_with_trigger.py for tasks to queue
[2025-04-02T11:09:27.136+0000] {logging_mixin.py:190} INFO - [2025-04-02T11:09:27.136+0000] {dagbag.py:588} INFO - Filling up the DagBag from /home/airflow/.local/lib/python3.12/site-packages/airflow/example_dags/example_latest_only_with_trigger.py
[2025-04-02T11:09:27.145+0000] {processor.py:925} INFO - DAG(s) 'latest_only_with_trigger' retrieved from /home/airflow/.local/lib/python3.12/site-packages/airflow/example_dags/example_latest_only_with_trigger.py
[2025-04-02T11:09:27.173+0000] {logging_mixin.py:190} INFO - [2025-04-02T11:09:27.172+0000] {dag.py:3239} INFO - Sync 1 DAGs
[2025-04-02T11:09:27.200+0000] {logging_mixin.py:190} INFO - [2025-04-02T11:09:27.200+0000] {dag.py:4180} INFO - Setting next_dagrun for latest_only_with_trigger to 2025-04-02 04:00:00+00:00, run_after=2025-04-02 08:00:00+00:00
[2025-04-02T11:09:27.228+0000] {processor.py:208} INFO - Processing /home/airflow/.local/lib/python3.12/site-packages/airflow/example_dags/example_latest_only_with_trigger.py took 0.103 seconds
[2025-04-02T11:09:58.081+0000] {processor.py:186} INFO - Started process (PID=863) to work on /home/airflow/.local/lib/python3.12/site-packages/airflow/example_dags/example_latest_only_with_trigger.py
[2025-04-02T11:09:58.083+0000] {processor.py:914} INFO - Processing file /home/airflow/.local/lib/python3.12/site-packages/airflow/example_dags/example_latest_only_with_trigger.py for tasks to queue
[2025-04-02T11:09:58.086+0000] {logging_mixin.py:190} INFO - [2025-04-02T11:09:58.086+0000] {dagbag.py:588} INFO - Filling up the DagBag from /home/airflow/.local/lib/python3.12/site-packages/airflow/example_dags/example_latest_only_with_trigger.py
[2025-04-02T11:09:58.095+0000] {processor.py:925} INFO - DAG(s) 'latest_only_with_trigger' retrieved from /home/airflow/.local/lib/python3.12/site-packages/airflow/example_dags/example_latest_only_with_trigger.py
[2025-04-02T11:09:58.120+0000] {logging_mixin.py:190} INFO - [2025-04-02T11:09:58.120+0000] {dag.py:3239} INFO - Sync 1 DAGs
[2025-04-02T11:09:58.154+0000] {logging_mixin.py:190} INFO - [2025-04-02T11:09:58.154+0000] {dag.py:4180} INFO - Setting next_dagrun for latest_only_with_trigger to 2025-04-02 04:00:00+00:00, run_after=2025-04-02 08:00:00+00:00
[2025-04-02T11:09:58.185+0000] {processor.py:208} INFO - Processing /home/airflow/.local/lib/python3.12/site-packages/airflow/example_dags/example_latest_only_with_trigger.py took 0.110 seconds
[2025-04-02T11:10:28.853+0000] {processor.py:186} INFO - Started process (PID=928) to work on /home/airflow/.local/lib/python3.12/site-packages/airflow/example_dags/example_latest_only_with_trigger.py
[2025-04-02T11:10:28.855+0000] {processor.py:914} INFO - Processing file /home/airflow/.local/lib/python3.12/site-packages/airflow/example_dags/example_latest_only_with_trigger.py for tasks to queue
[2025-04-02T11:10:28.858+0000] {logging_mixin.py:190} INFO - [2025-04-02T11:10:28.858+0000] {dagbag.py:588} INFO - Filling up the DagBag from /home/airflow/.local/lib/python3.12/site-packages/airflow/example_dags/example_latest_only_with_trigger.py
[2025-04-02T11:10:28.868+0000] {processor.py:925} INFO - DAG(s) 'latest_only_with_trigger' retrieved from /home/airflow/.local/lib/python3.12/site-packages/airflow/example_dags/example_latest_only_with_trigger.py
[2025-04-02T11:10:28.894+0000] {logging_mixin.py:190} INFO - [2025-04-02T11:10:28.894+0000] {dag.py:3239} INFO - Sync 1 DAGs
[2025-04-02T11:10:28.917+0000] {logging_mixin.py:190} INFO - [2025-04-02T11:10:28.917+0000] {dag.py:4180} INFO - Setting next_dagrun for latest_only_with_trigger to 2025-04-02 04:00:00+00:00, run_after=2025-04-02 08:00:00+00:00
[2025-04-02T11:10:28.939+0000] {processor.py:208} INFO - Processing /home/airflow/.local/lib/python3.12/site-packages/airflow/example_dags/example_latest_only_with_trigger.py took 0.092 seconds
[2025-04-02T11:11:00.400+0000] {processor.py:186} INFO - Started process (PID=993) to work on /home/airflow/.local/lib/python3.12/site-packages/airflow/example_dags/example_latest_only_with_trigger.py
[2025-04-02T11:11:00.402+0000] {processor.py:914} INFO - Processing file /home/airflow/.local/lib/python3.12/site-packages/airflow/example_dags/example_latest_only_with_trigger.py for tasks to queue
[2025-04-02T11:11:00.406+0000] {logging_mixin.py:190} INFO - [2025-04-02T11:11:00.406+0000] {dagbag.py:588} INFO - Filling up the DagBag from /home/airflow/.local/lib/python3.12/site-packages/airflow/example_dags/example_latest_only_with_trigger.py
[2025-04-02T11:11:00.418+0000] {processor.py:925} INFO - DAG(s) 'latest_only_with_trigger' retrieved from /home/airflow/.local/lib/python3.12/site-packages/airflow/example_dags/example_latest_only_with_trigger.py
[2025-04-02T11:11:00.445+0000] {logging_mixin.py:190} INFO - [2025-04-02T11:11:00.444+0000] {dag.py:3239} INFO - Sync 1 DAGs
[2025-04-02T11:11:00.467+0000] {logging_mixin.py:190} INFO - [2025-04-02T11:11:00.467+0000] {dag.py:4180} INFO - Setting next_dagrun for latest_only_with_trigger to 2025-04-02 04:00:00+00:00, run_after=2025-04-02 08:00:00+00:00
[2025-04-02T11:11:00.495+0000] {processor.py:208} INFO - Processing /home/airflow/.local/lib/python3.12/site-packages/airflow/example_dags/example_latest_only_with_trigger.py took 0.102 seconds
[2025-04-02T11:11:31.835+0000] {processor.py:186} INFO - Started process (PID=1058) to work on /home/airflow/.local/lib/python3.12/site-packages/airflow/example_dags/example_latest_only_with_trigger.py
[2025-04-02T11:11:31.838+0000] {processor.py:914} INFO - Processing file /home/airflow/.local/lib/python3.12/site-packages/airflow/example_dags/example_latest_only_with_trigger.py for tasks to queue
[2025-04-02T11:11:31.845+0000] {logging_mixin.py:190} INFO - [2025-04-02T11:11:31.844+0000] {dagbag.py:588} INFO - Filling up the DagBag from /home/airflow/.local/lib/python3.12/site-packages/airflow/example_dags/example_latest_only_with_trigger.py
[2025-04-02T11:11:31.862+0000] {processor.py:925} INFO - DAG(s) 'latest_only_with_trigger' retrieved from /home/airflow/.local/lib/python3.12/site-packages/airflow/example_dags/example_latest_only_with_trigger.py
[2025-04-02T11:11:31.895+0000] {logging_mixin.py:190} INFO - [2025-04-02T11:11:31.894+0000] {dag.py:3239} INFO - Sync 1 DAGs
[2025-04-02T11:11:31.944+0000] {logging_mixin.py:190} INFO - [2025-04-02T11:11:31.944+0000] {dag.py:4180} INFO - Setting next_dagrun for latest_only_with_trigger to 2025-04-02 04:00:00+00:00, run_after=2025-04-02 08:00:00+00:00
[2025-04-02T11:11:31.984+0000] {processor.py:208} INFO - Processing /home/airflow/.local/lib/python3.12/site-packages/airflow/example_dags/example_latest_only_with_trigger.py took 0.159 seconds
[2025-04-02T11:12:03.130+0000] {processor.py:186} INFO - Started process (PID=1123) to work on /home/airflow/.local/lib/python3.12/site-packages/airflow/example_dags/example_latest_only_with_trigger.py
[2025-04-02T11:12:03.133+0000] {processor.py:914} INFO - Processing file /home/airflow/.local/lib/python3.12/site-packages/airflow/example_dags/example_latest_only_with_trigger.py for tasks to queue
[2025-04-02T11:12:03.136+0000] {logging_mixin.py:190} INFO - [2025-04-02T11:12:03.136+0000] {dagbag.py:588} INFO - Filling up the DagBag from /home/airflow/.local/lib/python3.12/site-packages/airflow/example_dags/example_latest_only_with_trigger.py
[2025-04-02T11:12:03.159+0000] {processor.py:925} INFO - DAG(s) 'latest_only_with_trigger' retrieved from /home/airflow/.local/lib/python3.12/site-packages/airflow/example_dags/example_latest_only_with_trigger.py
[2025-04-02T11:12:03.213+0000] {logging_mixin.py:190} INFO - [2025-04-02T11:12:03.213+0000] {dag.py:3239} INFO - Sync 1 DAGs
[2025-04-02T11:12:03.244+0000] {logging_mixin.py:190} INFO - [2025-04-02T11:12:03.244+0000] {dag.py:4180} INFO - Setting next_dagrun for latest_only_with_trigger to 2025-04-02 04:00:00+00:00, run_after=2025-04-02 08:00:00+00:00
[2025-04-02T11:12:03.284+0000] {processor.py:208} INFO - Processing /home/airflow/.local/lib/python3.12/site-packages/airflow/example_dags/example_latest_only_with_trigger.py took 0.161 seconds
[2025-04-02T11:12:34.564+0000] {processor.py:186} INFO - Started process (PID=1187) to work on /home/airflow/.local/lib/python3.12/site-packages/airflow/example_dags/example_latest_only_with_trigger.py
[2025-04-02T11:12:34.567+0000] {processor.py:914} INFO - Processing file /home/airflow/.local/lib/python3.12/site-packages/airflow/example_dags/example_latest_only_with_trigger.py for tasks to queue
[2025-04-02T11:12:34.571+0000] {logging_mixin.py:190} INFO - [2025-04-02T11:12:34.571+0000] {dagbag.py:588} INFO - Filling up the DagBag from /home/airflow/.local/lib/python3.12/site-packages/airflow/example_dags/example_latest_only_with_trigger.py
[2025-04-02T11:12:34.580+0000] {processor.py:925} INFO - DAG(s) 'latest_only_with_trigger' retrieved from /home/airflow/.local/lib/python3.12/site-packages/airflow/example_dags/example_latest_only_with_trigger.py
[2025-04-02T11:12:34.615+0000] {logging_mixin.py:190} INFO - [2025-04-02T11:12:34.614+0000] {dag.py:3239} INFO - Sync 1 DAGs
[2025-04-02T11:12:34.642+0000] {logging_mixin.py:190} INFO - [2025-04-02T11:12:34.642+0000] {dag.py:4180} INFO - Setting next_dagrun for latest_only_with_trigger to 2025-04-02 04:00:00+00:00, run_after=2025-04-02 08:00:00+00:00
[2025-04-02T11:12:34.679+0000] {processor.py:208} INFO - Processing /home/airflow/.local/lib/python3.12/site-packages/airflow/example_dags/example_latest_only_with_trigger.py took 0.120 seconds
[2025-04-02T11:13:05.927+0000] {processor.py:186} INFO - Started process (PID=1253) to work on /home/airflow/.local/lib/python3.12/site-packages/airflow/example_dags/example_latest_only_with_trigger.py
[2025-04-02T11:13:05.930+0000] {processor.py:914} INFO - Processing file /home/airflow/.local/lib/python3.12/site-packages/airflow/example_dags/example_latest_only_with_trigger.py for tasks to queue
[2025-04-02T11:13:05.933+0000] {logging_mixin.py:190} INFO - [2025-04-02T11:13:05.932+0000] {dagbag.py:588} INFO - Filling up the DagBag from /home/airflow/.local/lib/python3.12/site-packages/airflow/example_dags/example_latest_only_with_trigger.py
[2025-04-02T11:13:05.942+0000] {processor.py:925} INFO - DAG(s) 'latest_only_with_trigger' retrieved from /home/airflow/.local/lib/python3.12/site-packages/airflow/example_dags/example_latest_only_with_trigger.py
[2025-04-02T11:13:05.973+0000] {logging_mixin.py:190} INFO - [2025-04-02T11:13:05.972+0000] {dag.py:3239} INFO - Sync 1 DAGs
[2025-04-02T11:13:06.001+0000] {logging_mixin.py:190} INFO - [2025-04-02T11:13:06.001+0000] {dag.py:4180} INFO - Setting next_dagrun for latest_only_with_trigger to 2025-04-02 04:00:00+00:00, run_after=2025-04-02 08:00:00+00:00
[2025-04-02T11:13:06.024+0000] {processor.py:208} INFO - Processing /home/airflow/.local/lib/python3.12/site-packages/airflow/example_dags/example_latest_only_with_trigger.py took 0.102 seconds
[2025-04-02T11:13:37.069+0000] {processor.py:186} INFO - Started process (PID=1318) to work on /home/airflow/.local/lib/python3.12/site-packages/airflow/example_dags/example_latest_only_with_trigger.py
[2025-04-02T11:13:37.071+0000] {processor.py:914} INFO - Processing file /home/airflow/.local/lib/python3.12/site-packages/airflow/example_dags/example_latest_only_with_trigger.py for tasks to queue
[2025-04-02T11:13:37.075+0000] {logging_mixin.py:190} INFO - [2025-04-02T11:13:37.074+0000] {dagbag.py:588} INFO - Filling up the DagBag from /home/airflow/.local/lib/python3.12/site-packages/airflow/example_dags/example_latest_only_with_trigger.py
[2025-04-02T11:13:37.085+0000] {processor.py:925} INFO - DAG(s) 'latest_only_with_trigger' retrieved from /home/airflow/.local/lib/python3.12/site-packages/airflow/example_dags/example_latest_only_with_trigger.py
[2025-04-02T11:13:37.116+0000] {logging_mixin.py:190} INFO - [2025-04-02T11:13:37.116+0000] {dag.py:3239} INFO - Sync 1 DAGs
[2025-04-02T11:13:37.140+0000] {logging_mixin.py:190} INFO - [2025-04-02T11:13:37.140+0000] {dag.py:4180} INFO - Setting next_dagrun for latest_only_with_trigger to 2025-04-02 04:00:00+00:00, run_after=2025-04-02 08:00:00+00:00
[2025-04-02T11:13:37.163+0000] {processor.py:208} INFO - Processing /home/airflow/.local/lib/python3.12/site-packages/airflow/example_dags/example_latest_only_with_trigger.py took 0.099 seconds
[2025-04-02T11:14:08.231+0000] {processor.py:186} INFO - Started process (PID=1383) to work on /home/airflow/.local/lib/python3.12/site-packages/airflow/example_dags/example_latest_only_with_trigger.py
[2025-04-02T11:14:08.233+0000] {processor.py:914} INFO - Processing file /home/airflow/.local/lib/python3.12/site-packages/airflow/example_dags/example_latest_only_with_trigger.py for tasks to queue
[2025-04-02T11:14:08.236+0000] {logging_mixin.py:190} INFO - [2025-04-02T11:14:08.235+0000] {dagbag.py:588} INFO - Filling up the DagBag from /home/airflow/.local/lib/python3.12/site-packages/airflow/example_dags/example_latest_only_with_trigger.py
[2025-04-02T11:14:08.243+0000] {processor.py:925} INFO - DAG(s) 'latest_only_with_trigger' retrieved from /home/airflow/.local/lib/python3.12/site-packages/airflow/example_dags/example_latest_only_with_trigger.py
[2025-04-02T11:14:08.263+0000] {logging_mixin.py:190} INFO - [2025-04-02T11:14:08.262+0000] {dag.py:3239} INFO - Sync 1 DAGs
[2025-04-02T11:14:08.283+0000] {logging_mixin.py:190} INFO - [2025-04-02T11:14:08.283+0000] {dag.py:4180} INFO - Setting next_dagrun for latest_only_with_trigger to 2025-04-02 04:00:00+00:00, run_after=2025-04-02 08:00:00+00:00
[2025-04-02T11:14:08.301+0000] {processor.py:208} INFO - Processing /home/airflow/.local/lib/python3.12/site-packages/airflow/example_dags/example_latest_only_with_trigger.py took 0.075 seconds
[2025-04-02T11:14:39.564+0000] {processor.py:186} INFO - Started process (PID=1448) to work on /home/airflow/.local/lib/python3.12/site-packages/airflow/example_dags/example_latest_only_with_trigger.py
[2025-04-02T11:14:39.566+0000] {processor.py:914} INFO - Processing file /home/airflow/.local/lib/python3.12/site-packages/airflow/example_dags/example_latest_only_with_trigger.py for tasks to queue
[2025-04-02T11:14:39.571+0000] {logging_mixin.py:190} INFO - [2025-04-02T11:14:39.570+0000] {dagbag.py:588} INFO - Filling up the DagBag from /home/airflow/.local/lib/python3.12/site-packages/airflow/example_dags/example_latest_only_with_trigger.py
[2025-04-02T11:14:39.581+0000] {processor.py:925} INFO - DAG(s) 'latest_only_with_trigger' retrieved from /home/airflow/.local/lib/python3.12/site-packages/airflow/example_dags/example_latest_only_with_trigger.py
[2025-04-02T11:14:39.615+0000] {logging_mixin.py:190} INFO - [2025-04-02T11:14:39.615+0000] {dag.py:3239} INFO - Sync 1 DAGs
[2025-04-02T11:14:39.646+0000] {logging_mixin.py:190} INFO - [2025-04-02T11:14:39.645+0000] {dag.py:4180} INFO - Setting next_dagrun for latest_only_with_trigger to 2025-04-02 04:00:00+00:00, run_after=2025-04-02 08:00:00+00:00
[2025-04-02T11:14:39.677+0000] {processor.py:208} INFO - Processing /home/airflow/.local/lib/python3.12/site-packages/airflow/example_dags/example_latest_only_with_trigger.py took 0.119 seconds
[2025-04-02T11:15:11.015+0000] {processor.py:186} INFO - Started process (PID=1513) to work on /home/airflow/.local/lib/python3.12/site-packages/airflow/example_dags/example_latest_only_with_trigger.py
[2025-04-02T11:15:11.017+0000] {processor.py:914} INFO - Processing file /home/airflow/.local/lib/python3.12/site-packages/airflow/example_dags/example_latest_only_with_trigger.py for tasks to queue
[2025-04-02T11:15:11.022+0000] {logging_mixin.py:190} INFO - [2025-04-02T11:15:11.022+0000] {dagbag.py:588} INFO - Filling up the DagBag from /home/airflow/.local/lib/python3.12/site-packages/airflow/example_dags/example_latest_only_with_trigger.py
[2025-04-02T11:15:11.031+0000] {processor.py:925} INFO - DAG(s) 'latest_only_with_trigger' retrieved from /home/airflow/.local/lib/python3.12/site-packages/airflow/example_dags/example_latest_only_with_trigger.py
[2025-04-02T11:15:11.051+0000] {logging_mixin.py:190} INFO - [2025-04-02T11:15:11.051+0000] {dag.py:3239} INFO - Sync 1 DAGs
[2025-04-02T11:15:11.073+0000] {logging_mixin.py:190} INFO - [2025-04-02T11:15:11.072+0000] {dag.py:4180} INFO - Setting next_dagrun for latest_only_with_trigger to 2025-04-02 04:00:00+00:00, run_after=2025-04-02 08:00:00+00:00
[2025-04-02T11:15:11.096+0000] {processor.py:208} INFO - Processing /home/airflow/.local/lib/python3.12/site-packages/airflow/example_dags/example_latest_only_with_trigger.py took 0.086 seconds
[2025-04-02T11:15:42.499+0000] {processor.py:186} INFO - Started process (PID=1579) to work on /home/airflow/.local/lib/python3.12/site-packages/airflow/example_dags/example_latest_only_with_trigger.py
[2025-04-02T11:15:42.502+0000] {processor.py:914} INFO - Processing file /home/airflow/.local/lib/python3.12/site-packages/airflow/example_dags/example_latest_only_with_trigger.py for tasks to queue
[2025-04-02T11:15:42.510+0000] {logging_mixin.py:190} INFO - [2025-04-02T11:15:42.509+0000] {dagbag.py:588} INFO - Filling up the DagBag from /home/airflow/.local/lib/python3.12/site-packages/airflow/example_dags/example_latest_only_with_trigger.py
[2025-04-02T11:15:42.526+0000] {processor.py:925} INFO - DAG(s) 'latest_only_with_trigger' retrieved from /home/airflow/.local/lib/python3.12/site-packages/airflow/example_dags/example_latest_only_with_trigger.py
[2025-04-02T11:15:42.578+0000] {logging_mixin.py:190} INFO - [2025-04-02T11:15:42.578+0000] {dag.py:3239} INFO - Sync 1 DAGs
[2025-04-02T11:15:42.611+0000] {logging_mixin.py:190} INFO - [2025-04-02T11:15:42.611+0000] {dag.py:4180} INFO - Setting next_dagrun for latest_only_with_trigger to 2025-04-02 04:00:00+00:00, run_after=2025-04-02 08:00:00+00:00
[2025-04-02T11:15:42.660+0000] {processor.py:208} INFO - Processing /home/airflow/.local/lib/python3.12/site-packages/airflow/example_dags/example_latest_only_with_trigger.py took 0.166 seconds
[2025-04-02T11:16:12.959+0000] {processor.py:186} INFO - Started process (PID=1644) to work on /home/airflow/.local/lib/python3.12/site-packages/airflow/example_dags/example_latest_only_with_trigger.py
[2025-04-02T11:16:12.961+0000] {processor.py:914} INFO - Processing file /home/airflow/.local/lib/python3.12/site-packages/airflow/example_dags/example_latest_only_with_trigger.py for tasks to queue
[2025-04-02T11:16:12.965+0000] {logging_mixin.py:190} INFO - [2025-04-02T11:16:12.964+0000] {dagbag.py:588} INFO - Filling up the DagBag from /home/airflow/.local/lib/python3.12/site-packages/airflow/example_dags/example_latest_only_with_trigger.py
[2025-04-02T11:16:12.973+0000] {processor.py:925} INFO - DAG(s) 'latest_only_with_trigger' retrieved from /home/airflow/.local/lib/python3.12/site-packages/airflow/example_dags/example_latest_only_with_trigger.py
[2025-04-02T11:16:12.998+0000] {logging_mixin.py:190} INFO - [2025-04-02T11:16:12.997+0000] {dag.py:3239} INFO - Sync 1 DAGs
[2025-04-02T11:16:13.020+0000] {logging_mixin.py:190} INFO - [2025-04-02T11:16:13.020+0000] {dag.py:4180} INFO - Setting next_dagrun for latest_only_with_trigger to 2025-04-02 04:00:00+00:00, run_after=2025-04-02 08:00:00+00:00
[2025-04-02T11:16:13.041+0000] {processor.py:208} INFO - Processing /home/airflow/.local/lib/python3.12/site-packages/airflow/example_dags/example_latest_only_with_trigger.py took 0.086 seconds
[2025-04-02T11:16:43.879+0000] {processor.py:186} INFO - Started process (PID=1709) to work on /home/airflow/.local/lib/python3.12/site-packages/airflow/example_dags/example_latest_only_with_trigger.py
[2025-04-02T11:16:43.882+0000] {processor.py:914} INFO - Processing file /home/airflow/.local/lib/python3.12/site-packages/airflow/example_dags/example_latest_only_with_trigger.py for tasks to queue
[2025-04-02T11:16:43.886+0000] {logging_mixin.py:190} INFO - [2025-04-02T11:16:43.886+0000] {dagbag.py:588} INFO - Filling up the DagBag from /home/airflow/.local/lib/python3.12/site-packages/airflow/example_dags/example_latest_only_with_trigger.py
[2025-04-02T11:16:43.894+0000] {processor.py:925} INFO - DAG(s) 'latest_only_with_trigger' retrieved from /home/airflow/.local/lib/python3.12/site-packages/airflow/example_dags/example_latest_only_with_trigger.py
[2025-04-02T11:16:43.918+0000] {logging_mixin.py:190} INFO - [2025-04-02T11:16:43.918+0000] {dag.py:3239} INFO - Sync 1 DAGs
[2025-04-02T11:16:43.939+0000] {logging_mixin.py:190} INFO - [2025-04-02T11:16:43.939+0000] {dag.py:4180} INFO - Setting next_dagrun for latest_only_with_trigger to 2025-04-02 04:00:00+00:00, run_after=2025-04-02 08:00:00+00:00
[2025-04-02T11:16:43.965+0000] {processor.py:208} INFO - Processing /home/airflow/.local/lib/python3.12/site-packages/airflow/example_dags/example_latest_only_with_trigger.py took 0.091 seconds
[2025-04-02T11:17:14.822+0000] {processor.py:186} INFO - Started process (PID=1774) to work on /home/airflow/.local/lib/python3.12/site-packages/airflow/example_dags/example_latest_only_with_trigger.py
[2025-04-02T11:17:14.825+0000] {processor.py:914} INFO - Processing file /home/airflow/.local/lib/python3.12/site-packages/airflow/example_dags/example_latest_only_with_trigger.py for tasks to queue
[2025-04-02T11:17:14.828+0000] {logging_mixin.py:190} INFO - [2025-04-02T11:17:14.827+0000] {dagbag.py:588} INFO - Filling up the DagBag from /home/airflow/.local/lib/python3.12/site-packages/airflow/example_dags/example_latest_only_with_trigger.py
[2025-04-02T11:17:14.835+0000] {processor.py:925} INFO - DAG(s) 'latest_only_with_trigger' retrieved from /home/airflow/.local/lib/python3.12/site-packages/airflow/example_dags/example_latest_only_with_trigger.py
[2025-04-02T11:17:14.857+0000] {logging_mixin.py:190} INFO - [2025-04-02T11:17:14.857+0000] {dag.py:3239} INFO - Sync 1 DAGs
[2025-04-02T11:17:14.879+0000] {logging_mixin.py:190} INFO - [2025-04-02T11:17:14.878+0000] {dag.py:4180} INFO - Setting next_dagrun for latest_only_with_trigger to 2025-04-02 04:00:00+00:00, run_after=2025-04-02 08:00:00+00:00
[2025-04-02T11:17:14.901+0000] {processor.py:208} INFO - Processing /home/airflow/.local/lib/python3.12/site-packages/airflow/example_dags/example_latest_only_with_trigger.py took 0.084 seconds
[2025-04-02T11:17:46.782+0000] {processor.py:186} INFO - Started process (PID=1839) to work on /home/airflow/.local/lib/python3.12/site-packages/airflow/example_dags/example_latest_only_with_trigger.py
[2025-04-02T11:17:46.783+0000] {processor.py:914} INFO - Processing file /home/airflow/.local/lib/python3.12/site-packages/airflow/example_dags/example_latest_only_with_trigger.py for tasks to queue
[2025-04-02T11:17:46.785+0000] {logging_mixin.py:190} INFO - [2025-04-02T11:17:46.785+0000] {dagbag.py:588} INFO - Filling up the DagBag from /home/airflow/.local/lib/python3.12/site-packages/airflow/example_dags/example_latest_only_with_trigger.py
[2025-04-02T11:17:46.793+0000] {processor.py:925} INFO - DAG(s) 'latest_only_with_trigger' retrieved from /home/airflow/.local/lib/python3.12/site-packages/airflow/example_dags/example_latest_only_with_trigger.py
[2025-04-02T11:17:46.810+0000] {logging_mixin.py:190} INFO - [2025-04-02T11:17:46.810+0000] {dag.py:3239} INFO - Sync 1 DAGs
[2025-04-02T11:17:46.829+0000] {logging_mixin.py:190} INFO - [2025-04-02T11:17:46.829+0000] {dag.py:4180} INFO - Setting next_dagrun for latest_only_with_trigger to 2025-04-02 04:00:00+00:00, run_after=2025-04-02 08:00:00+00:00
[2025-04-02T11:17:46.847+0000] {processor.py:208} INFO - Processing /home/airflow/.local/lib/python3.12/site-packages/airflow/example_dags/example_latest_only_with_trigger.py took 0.070 seconds
[2025-04-02T11:18:17.777+0000] {processor.py:186} INFO - Started process (PID=1904) to work on /home/airflow/.local/lib/python3.12/site-packages/airflow/example_dags/example_latest_only_with_trigger.py
[2025-04-02T11:18:17.780+0000] {processor.py:914} INFO - Processing file /home/airflow/.local/lib/python3.12/site-packages/airflow/example_dags/example_latest_only_with_trigger.py for tasks to queue
[2025-04-02T11:18:17.784+0000] {logging_mixin.py:190} INFO - [2025-04-02T11:18:17.783+0000] {dagbag.py:588} INFO - Filling up the DagBag from /home/airflow/.local/lib/python3.12/site-packages/airflow/example_dags/example_latest_only_with_trigger.py
[2025-04-02T11:18:17.792+0000] {processor.py:925} INFO - DAG(s) 'latest_only_with_trigger' retrieved from /home/airflow/.local/lib/python3.12/site-packages/airflow/example_dags/example_latest_only_with_trigger.py
[2025-04-02T11:18:17.817+0000] {logging_mixin.py:190} INFO - [2025-04-02T11:18:17.817+0000] {dag.py:3239} INFO - Sync 1 DAGs
[2025-04-02T11:18:17.844+0000] {logging_mixin.py:190} INFO - [2025-04-02T11:18:17.844+0000] {dag.py:4180} INFO - Setting next_dagrun for latest_only_with_trigger to 2025-04-02 04:00:00+00:00, run_after=2025-04-02 08:00:00+00:00
[2025-04-02T11:18:17.874+0000] {processor.py:208} INFO - Processing /home/airflow/.local/lib/python3.12/site-packages/airflow/example_dags/example_latest_only_with_trigger.py took 0.102 seconds
[2025-04-02T11:18:48.794+0000] {processor.py:186} INFO - Started process (PID=1969) to work on /home/airflow/.local/lib/python3.12/site-packages/airflow/example_dags/example_latest_only_with_trigger.py
[2025-04-02T11:18:48.796+0000] {processor.py:914} INFO - Processing file /home/airflow/.local/lib/python3.12/site-packages/airflow/example_dags/example_latest_only_with_trigger.py for tasks to queue
[2025-04-02T11:18:48.801+0000] {logging_mixin.py:190} INFO - [2025-04-02T11:18:48.800+0000] {dagbag.py:588} INFO - Filling up the DagBag from /home/airflow/.local/lib/python3.12/site-packages/airflow/example_dags/example_latest_only_with_trigger.py
[2025-04-02T11:18:48.808+0000] {processor.py:925} INFO - DAG(s) 'latest_only_with_trigger' retrieved from /home/airflow/.local/lib/python3.12/site-packages/airflow/example_dags/example_latest_only_with_trigger.py
[2025-04-02T11:18:48.833+0000] {logging_mixin.py:190} INFO - [2025-04-02T11:18:48.833+0000] {dag.py:3239} INFO - Sync 1 DAGs
[2025-04-02T11:18:48.855+0000] {logging_mixin.py:190} INFO - [2025-04-02T11:18:48.855+0000] {dag.py:4180} INFO - Setting next_dagrun for latest_only_with_trigger to 2025-04-02 04:00:00+00:00, run_after=2025-04-02 08:00:00+00:00
[2025-04-02T11:18:48.878+0000] {processor.py:208} INFO - Processing /home/airflow/.local/lib/python3.12/site-packages/airflow/example_dags/example_latest_only_with_trigger.py took 0.089 seconds
[2025-04-02T11:19:19.656+0000] {processor.py:186} INFO - Started process (PID=2035) to work on /home/airflow/.local/lib/python3.12/site-packages/airflow/example_dags/example_latest_only_with_trigger.py
[2025-04-02T11:19:19.658+0000] {processor.py:914} INFO - Processing file /home/airflow/.local/lib/python3.12/site-packages/airflow/example_dags/example_latest_only_with_trigger.py for tasks to queue
[2025-04-02T11:19:19.662+0000] {logging_mixin.py:190} INFO - [2025-04-02T11:19:19.661+0000] {dagbag.py:588} INFO - Filling up the DagBag from /home/airflow/.local/lib/python3.12/site-packages/airflow/example_dags/example_latest_only_with_trigger.py
[2025-04-02T11:19:19.670+0000] {processor.py:925} INFO - DAG(s) 'latest_only_with_trigger' retrieved from /home/airflow/.local/lib/python3.12/site-packages/airflow/example_dags/example_latest_only_with_trigger.py
[2025-04-02T11:19:19.694+0000] {logging_mixin.py:190} INFO - [2025-04-02T11:19:19.694+0000] {dag.py:3239} INFO - Sync 1 DAGs
[2025-04-02T11:19:19.718+0000] {logging_mixin.py:190} INFO - [2025-04-02T11:19:19.718+0000] {dag.py:4180} INFO - Setting next_dagrun for latest_only_with_trigger to 2025-04-02 04:00:00+00:00, run_after=2025-04-02 08:00:00+00:00
[2025-04-02T11:19:19.740+0000] {processor.py:208} INFO - Processing /home/airflow/.local/lib/python3.12/site-packages/airflow/example_dags/example_latest_only_with_trigger.py took 0.089 seconds
[2025-04-02T11:19:50.640+0000] {processor.py:186} INFO - Started process (PID=2100) to work on /home/airflow/.local/lib/python3.12/site-packages/airflow/example_dags/example_latest_only_with_trigger.py
[2025-04-02T11:19:50.642+0000] {processor.py:914} INFO - Processing file /home/airflow/.local/lib/python3.12/site-packages/airflow/example_dags/example_latest_only_with_trigger.py for tasks to queue
[2025-04-02T11:19:50.649+0000] {logging_mixin.py:190} INFO - [2025-04-02T11:19:50.648+0000] {dagbag.py:588} INFO - Filling up the DagBag from /home/airflow/.local/lib/python3.12/site-packages/airflow/example_dags/example_latest_only_with_trigger.py
[2025-04-02T11:19:50.665+0000] {processor.py:925} INFO - DAG(s) 'latest_only_with_trigger' retrieved from /home/airflow/.local/lib/python3.12/site-packages/airflow/example_dags/example_latest_only_with_trigger.py
[2025-04-02T11:19:50.694+0000] {logging_mixin.py:190} INFO - [2025-04-02T11:19:50.694+0000] {dag.py:3239} INFO - Sync 1 DAGs
[2025-04-02T11:19:50.726+0000] {logging_mixin.py:190} INFO - [2025-04-02T11:19:50.725+0000] {dag.py:4180} INFO - Setting next_dagrun for latest_only_with_trigger to 2025-04-02 04:00:00+00:00, run_after=2025-04-02 08:00:00+00:00
[2025-04-02T11:19:50.752+0000] {processor.py:208} INFO - Processing /home/airflow/.local/lib/python3.12/site-packages/airflow/example_dags/example_latest_only_with_trigger.py took 0.118 seconds
[2025-04-02T11:20:21.720+0000] {processor.py:186} INFO - Started process (PID=2171) to work on /home/airflow/.local/lib/python3.12/site-packages/airflow/example_dags/example_latest_only_with_trigger.py
[2025-04-02T11:20:21.723+0000] {processor.py:914} INFO - Processing file /home/airflow/.local/lib/python3.12/site-packages/airflow/example_dags/example_latest_only_with_trigger.py for tasks to queue
[2025-04-02T11:20:21.728+0000] {logging_mixin.py:190} INFO - [2025-04-02T11:20:21.727+0000] {dagbag.py:588} INFO - Filling up the DagBag from /home/airflow/.local/lib/python3.12/site-packages/airflow/example_dags/example_latest_only_with_trigger.py
[2025-04-02T11:20:21.738+0000] {processor.py:925} INFO - DAG(s) 'latest_only_with_trigger' retrieved from /home/airflow/.local/lib/python3.12/site-packages/airflow/example_dags/example_latest_only_with_trigger.py
[2025-04-02T11:20:21.767+0000] {logging_mixin.py:190} INFO - [2025-04-02T11:20:21.767+0000] {dag.py:3239} INFO - Sync 1 DAGs
[2025-04-02T11:20:21.794+0000] {logging_mixin.py:190} INFO - [2025-04-02T11:20:21.794+0000] {dag.py:4180} INFO - Setting next_dagrun for latest_only_with_trigger to 2025-04-02 04:00:00+00:00, run_after=2025-04-02 08:00:00+00:00
[2025-04-02T11:20:21.829+0000] {processor.py:208} INFO - Processing /home/airflow/.local/lib/python3.12/site-packages/airflow/example_dags/example_latest_only_with_trigger.py took 0.117 seconds
[2025-04-02T11:20:52.889+0000] {processor.py:186} INFO - Started process (PID=2237) to work on /home/airflow/.local/lib/python3.12/site-packages/airflow/example_dags/example_latest_only_with_trigger.py
[2025-04-02T11:20:52.891+0000] {processor.py:914} INFO - Processing file /home/airflow/.local/lib/python3.12/site-packages/airflow/example_dags/example_latest_only_with_trigger.py for tasks to queue
[2025-04-02T11:20:52.895+0000] {logging_mixin.py:190} INFO - [2025-04-02T11:20:52.894+0000] {dagbag.py:588} INFO - Filling up the DagBag from /home/airflow/.local/lib/python3.12/site-packages/airflow/example_dags/example_latest_only_with_trigger.py
[2025-04-02T11:20:52.903+0000] {processor.py:925} INFO - DAG(s) 'latest_only_with_trigger' retrieved from /home/airflow/.local/lib/python3.12/site-packages/airflow/example_dags/example_latest_only_with_trigger.py
[2025-04-02T11:20:52.924+0000] {logging_mixin.py:190} INFO - [2025-04-02T11:20:52.924+0000] {dag.py:3239} INFO - Sync 1 DAGs
[2025-04-02T11:20:52.944+0000] {logging_mixin.py:190} INFO - [2025-04-02T11:20:52.944+0000] {dag.py:4180} INFO - Setting next_dagrun for latest_only_with_trigger to 2025-04-02 04:00:00+00:00, run_after=2025-04-02 08:00:00+00:00
[2025-04-02T11:20:52.964+0000] {processor.py:208} INFO - Processing /home/airflow/.local/lib/python3.12/site-packages/airflow/example_dags/example_latest_only_with_trigger.py took 0.080 seconds
[2025-04-02T11:21:24.186+0000] {processor.py:186} INFO - Started process (PID=2301) to work on /home/airflow/.local/lib/python3.12/site-packages/airflow/example_dags/example_latest_only_with_trigger.py
[2025-04-02T11:21:24.188+0000] {processor.py:914} INFO - Processing file /home/airflow/.local/lib/python3.12/site-packages/airflow/example_dags/example_latest_only_with_trigger.py for tasks to queue
[2025-04-02T11:21:24.194+0000] {logging_mixin.py:190} INFO - [2025-04-02T11:21:24.193+0000] {dagbag.py:588} INFO - Filling up the DagBag from /home/airflow/.local/lib/python3.12/site-packages/airflow/example_dags/example_latest_only_with_trigger.py
[2025-04-02T11:21:24.206+0000] {processor.py:925} INFO - DAG(s) 'latest_only_with_trigger' retrieved from /home/airflow/.local/lib/python3.12/site-packages/airflow/example_dags/example_latest_only_with_trigger.py
[2025-04-02T11:21:24.233+0000] {logging_mixin.py:190} INFO - [2025-04-02T11:21:24.232+0000] {dag.py:3239} INFO - Sync 1 DAGs
[2025-04-02T11:21:24.264+0000] {logging_mixin.py:190} INFO - [2025-04-02T11:21:24.263+0000] {dag.py:4180} INFO - Setting next_dagrun for latest_only_with_trigger to 2025-04-02 04:00:00+00:00, run_after=2025-04-02 08:00:00+00:00
[2025-04-02T11:21:24.299+0000] {processor.py:208} INFO - Processing /home/airflow/.local/lib/python3.12/site-packages/airflow/example_dags/example_latest_only_with_trigger.py took 0.123 seconds
[2025-04-02T11:21:55.087+0000] {processor.py:186} INFO - Started process (PID=2366) to work on /home/airflow/.local/lib/python3.12/site-packages/airflow/example_dags/example_latest_only_with_trigger.py
[2025-04-02T11:21:55.089+0000] {processor.py:914} INFO - Processing file /home/airflow/.local/lib/python3.12/site-packages/airflow/example_dags/example_latest_only_with_trigger.py for tasks to queue
[2025-04-02T11:21:55.095+0000] {logging_mixin.py:190} INFO - [2025-04-02T11:21:55.094+0000] {dagbag.py:588} INFO - Filling up the DagBag from /home/airflow/.local/lib/python3.12/site-packages/airflow/example_dags/example_latest_only_with_trigger.py
[2025-04-02T11:21:55.104+0000] {processor.py:925} INFO - DAG(s) 'latest_only_with_trigger' retrieved from /home/airflow/.local/lib/python3.12/site-packages/airflow/example_dags/example_latest_only_with_trigger.py
[2025-04-02T11:21:55.126+0000] {logging_mixin.py:190} INFO - [2025-04-02T11:21:55.126+0000] {dag.py:3239} INFO - Sync 1 DAGs
[2025-04-02T11:21:55.145+0000] {logging_mixin.py:190} INFO - [2025-04-02T11:21:55.145+0000] {dag.py:4180} INFO - Setting next_dagrun for latest_only_with_trigger to 2025-04-02 04:00:00+00:00, run_after=2025-04-02 08:00:00+00:00
[2025-04-02T11:21:55.166+0000] {processor.py:208} INFO - Processing /home/airflow/.local/lib/python3.12/site-packages/airflow/example_dags/example_latest_only_with_trigger.py took 0.084 seconds
[2025-04-02T11:22:26.195+0000] {processor.py:186} INFO - Started process (PID=2432) to work on /home/airflow/.local/lib/python3.12/site-packages/airflow/example_dags/example_latest_only_with_trigger.py
[2025-04-02T11:22:26.197+0000] {processor.py:914} INFO - Processing file /home/airflow/.local/lib/python3.12/site-packages/airflow/example_dags/example_latest_only_with_trigger.py for tasks to queue
[2025-04-02T11:22:26.204+0000] {logging_mixin.py:190} INFO - [2025-04-02T11:22:26.203+0000] {dagbag.py:588} INFO - Filling up the DagBag from /home/airflow/.local/lib/python3.12/site-packages/airflow/example_dags/example_latest_only_with_trigger.py
[2025-04-02T11:22:26.219+0000] {processor.py:925} INFO - DAG(s) 'latest_only_with_trigger' retrieved from /home/airflow/.local/lib/python3.12/site-packages/airflow/example_dags/example_latest_only_with_trigger.py
[2025-04-02T11:22:26.255+0000] {logging_mixin.py:190} INFO - [2025-04-02T11:22:26.254+0000] {dag.py:3239} INFO - Sync 1 DAGs
[2025-04-02T11:22:26.291+0000] {logging_mixin.py:190} INFO - [2025-04-02T11:22:26.290+0000] {dag.py:4180} INFO - Setting next_dagrun for latest_only_with_trigger to 2025-04-02 04:00:00+00:00, run_after=2025-04-02 08:00:00+00:00
[2025-04-02T11:22:26.322+0000] {processor.py:208} INFO - Processing /home/airflow/.local/lib/python3.12/site-packages/airflow/example_dags/example_latest_only_with_trigger.py took 0.134 seconds
[2025-04-02T11:22:57.650+0000] {processor.py:186} INFO - Started process (PID=2497) to work on /home/airflow/.local/lib/python3.12/site-packages/airflow/example_dags/example_latest_only_with_trigger.py
[2025-04-02T11:22:57.652+0000] {processor.py:914} INFO - Processing file /home/airflow/.local/lib/python3.12/site-packages/airflow/example_dags/example_latest_only_with_trigger.py for tasks to queue
[2025-04-02T11:22:57.655+0000] {logging_mixin.py:190} INFO - [2025-04-02T11:22:57.655+0000] {dagbag.py:588} INFO - Filling up the DagBag from /home/airflow/.local/lib/python3.12/site-packages/airflow/example_dags/example_latest_only_with_trigger.py
[2025-04-02T11:22:57.662+0000] {processor.py:925} INFO - DAG(s) 'latest_only_with_trigger' retrieved from /home/airflow/.local/lib/python3.12/site-packages/airflow/example_dags/example_latest_only_with_trigger.py
[2025-04-02T11:22:57.685+0000] {logging_mixin.py:190} INFO - [2025-04-02T11:22:57.685+0000] {dag.py:3239} INFO - Sync 1 DAGs
[2025-04-02T11:22:57.710+0000] {logging_mixin.py:190} INFO - [2025-04-02T11:22:57.710+0000] {dag.py:4180} INFO - Setting next_dagrun for latest_only_with_trigger to 2025-04-02 04:00:00+00:00, run_after=2025-04-02 08:00:00+00:00
[2025-04-02T11:22:57.733+0000] {processor.py:208} INFO - Processing /home/airflow/.local/lib/python3.12/site-packages/airflow/example_dags/example_latest_only_with_trigger.py took 0.088 seconds
[2025-04-02T11:23:29.535+0000] {processor.py:186} INFO - Started process (PID=2562) to work on /home/airflow/.local/lib/python3.12/site-packages/airflow/example_dags/example_latest_only_with_trigger.py
[2025-04-02T11:23:29.537+0000] {processor.py:914} INFO - Processing file /home/airflow/.local/lib/python3.12/site-packages/airflow/example_dags/example_latest_only_with_trigger.py for tasks to queue
[2025-04-02T11:23:29.545+0000] {logging_mixin.py:190} INFO - [2025-04-02T11:23:29.544+0000] {dagbag.py:588} INFO - Filling up the DagBag from /home/airflow/.local/lib/python3.12/site-packages/airflow/example_dags/example_latest_only_with_trigger.py
[2025-04-02T11:23:29.554+0000] {processor.py:925} INFO - DAG(s) 'latest_only_with_trigger' retrieved from /home/airflow/.local/lib/python3.12/site-packages/airflow/example_dags/example_latest_only_with_trigger.py
[2025-04-02T11:23:29.586+0000] {logging_mixin.py:190} INFO - [2025-04-02T11:23:29.586+0000] {dag.py:3239} INFO - Sync 1 DAGs
[2025-04-02T11:23:29.621+0000] {logging_mixin.py:190} INFO - [2025-04-02T11:23:29.621+0000] {dag.py:4180} INFO - Setting next_dagrun for latest_only_with_trigger to 2025-04-02 04:00:00+00:00, run_after=2025-04-02 08:00:00+00:00
[2025-04-02T11:23:29.654+0000] {processor.py:208} INFO - Processing /home/airflow/.local/lib/python3.12/site-packages/airflow/example_dags/example_latest_only_with_trigger.py took 0.124 seconds
