[2025-04-02T09:06:35.236+0000] {processor.py:186} INFO - Started process (PID=7944) to work on /home/airflow/.local/lib/python3.12/site-packages/airflow/example_dags/example_sla_dag.py
[2025-04-02T09:06:35.263+0000] {processor.py:914} INFO - Processing file /home/airflow/.local/lib/python3.12/site-packages/airflow/example_dags/example_sla_dag.py for tasks to queue
[2025-04-02T09:06:35.271+0000] {logging_mixin.py:190} INFO - [2025-04-02T09:06:35.270+0000] {dagbag.py:588} INFO - Filling up the DagBag from /home/airflow/.local/lib/python3.12/site-packages/airflow/example_dags/example_sla_dag.py
[2025-04-02T09:06:35.297+0000] {processor.py:925} INFO - DAG(s) 'example_sla_dag' retrieved from /home/airflow/.local/lib/python3.12/site-packages/airflow/example_dags/example_sla_dag.py
[2025-04-02T09:06:35.350+0000] {logging_mixin.py:190} INFO - [2025-04-02T09:06:35.350+0000] {dag.py:3239} INFO - Sync 1 DAGs
[2025-04-02T09:06:35.436+0000] {logging_mixin.py:190} INFO - [2025-04-02T09:06:35.435+0000] {dag.py:4180} INFO - Setting next_dagrun for example_sla_dag to 2025-04-02 09:04:00+00:00, run_after=2025-04-02 09:06:00+00:00
[2025-04-02T09:06:35.550+0000] {processor.py:208} INFO - Processing /home/airflow/.local/lib/python3.12/site-packages/airflow/example_dags/example_sla_dag.py took 0.325 seconds
[2025-04-02T11:03:44.256+0000] {processor.py:186} INFO - Started process (PID=72) to work on /home/airflow/.local/lib/python3.12/site-packages/airflow/example_dags/example_sla_dag.py
[2025-04-02T11:03:44.258+0000] {processor.py:914} INFO - Processing file /home/airflow/.local/lib/python3.12/site-packages/airflow/example_dags/example_sla_dag.py for tasks to queue
[2025-04-02T11:03:44.265+0000] {logging_mixin.py:190} INFO - [2025-04-02T11:03:44.264+0000] {dagbag.py:588} INFO - Filling up the DagBag from /home/airflow/.local/lib/python3.12/site-packages/airflow/example_dags/example_sla_dag.py
[2025-04-02T11:03:44.285+0000] {processor.py:925} INFO - DAG(s) 'example_sla_dag' retrieved from /home/airflow/.local/lib/python3.12/site-packages/airflow/example_dags/example_sla_dag.py
[2025-04-02T11:03:44.320+0000] {logging_mixin.py:190} INFO - [2025-04-02T11:03:44.319+0000] {dag.py:3239} INFO - Sync 1 DAGs
[2025-04-02T11:03:44.362+0000] {logging_mixin.py:190} INFO - [2025-04-02T11:03:44.362+0000] {dag.py:4180} INFO - Setting next_dagrun for example_sla_dag to 2025-04-02 11:00:00+00:00, run_after=2025-04-02 11:02:00+00:00
[2025-04-02T11:03:44.395+0000] {processor.py:208} INFO - Processing /home/airflow/.local/lib/python3.12/site-packages/airflow/example_dags/example_sla_dag.py took 0.146 seconds
[2025-04-02T11:04:15.560+0000] {processor.py:186} INFO - Started process (PID=137) to work on /home/airflow/.local/lib/python3.12/site-packages/airflow/example_dags/example_sla_dag.py
[2025-04-02T11:04:15.563+0000] {processor.py:914} INFO - Processing file /home/airflow/.local/lib/python3.12/site-packages/airflow/example_dags/example_sla_dag.py for tasks to queue
[2025-04-02T11:04:15.569+0000] {logging_mixin.py:190} INFO - [2025-04-02T11:04:15.568+0000] {dagbag.py:588} INFO - Filling up the DagBag from /home/airflow/.local/lib/python3.12/site-packages/airflow/example_dags/example_sla_dag.py
[2025-04-02T11:04:15.585+0000] {processor.py:925} INFO - DAG(s) 'example_sla_dag' retrieved from /home/airflow/.local/lib/python3.12/site-packages/airflow/example_dags/example_sla_dag.py
[2025-04-02T11:04:15.619+0000] {logging_mixin.py:190} INFO - [2025-04-02T11:04:15.619+0000] {dag.py:3239} INFO - Sync 1 DAGs
[2025-04-02T11:04:15.653+0000] {logging_mixin.py:190} INFO - [2025-04-02T11:04:15.653+0000] {dag.py:4180} INFO - Setting next_dagrun for example_sla_dag to 2025-04-02 11:02:00+00:00, run_after=2025-04-02 11:04:00+00:00
[2025-04-02T11:04:15.691+0000] {processor.py:208} INFO - Processing /home/airflow/.local/lib/python3.12/site-packages/airflow/example_dags/example_sla_dag.py took 0.137 seconds
[2025-04-02T11:04:46.637+0000] {processor.py:186} INFO - Started process (PID=202) to work on /home/airflow/.local/lib/python3.12/site-packages/airflow/example_dags/example_sla_dag.py
[2025-04-02T11:04:46.641+0000] {processor.py:914} INFO - Processing file /home/airflow/.local/lib/python3.12/site-packages/airflow/example_dags/example_sla_dag.py for tasks to queue
[2025-04-02T11:04:46.646+0000] {logging_mixin.py:190} INFO - [2025-04-02T11:04:46.646+0000] {dagbag.py:588} INFO - Filling up the DagBag from /home/airflow/.local/lib/python3.12/site-packages/airflow/example_dags/example_sla_dag.py
[2025-04-02T11:04:46.656+0000] {processor.py:925} INFO - DAG(s) 'example_sla_dag' retrieved from /home/airflow/.local/lib/python3.12/site-packages/airflow/example_dags/example_sla_dag.py
[2025-04-02T11:04:46.678+0000] {logging_mixin.py:190} INFO - [2025-04-02T11:04:46.677+0000] {dag.py:3239} INFO - Sync 1 DAGs
[2025-04-02T11:04:46.701+0000] {logging_mixin.py:190} INFO - [2025-04-02T11:04:46.701+0000] {dag.py:4180} INFO - Setting next_dagrun for example_sla_dag to 2025-04-02 11:02:00+00:00, run_after=2025-04-02 11:04:00+00:00
[2025-04-02T11:04:46.723+0000] {processor.py:208} INFO - Processing /home/airflow/.local/lib/python3.12/site-packages/airflow/example_dags/example_sla_dag.py took 0.092 seconds
[2025-04-02T11:05:17.975+0000] {processor.py:186} INFO - Started process (PID=274) to work on /home/airflow/.local/lib/python3.12/site-packages/airflow/example_dags/example_sla_dag.py
[2025-04-02T11:05:17.977+0000] {processor.py:914} INFO - Processing file /home/airflow/.local/lib/python3.12/site-packages/airflow/example_dags/example_sla_dag.py for tasks to queue
[2025-04-02T11:05:17.982+0000] {logging_mixin.py:190} INFO - [2025-04-02T11:05:17.981+0000] {dagbag.py:588} INFO - Filling up the DagBag from /home/airflow/.local/lib/python3.12/site-packages/airflow/example_dags/example_sla_dag.py
[2025-04-02T11:05:17.995+0000] {processor.py:925} INFO - DAG(s) 'example_sla_dag' retrieved from /home/airflow/.local/lib/python3.12/site-packages/airflow/example_dags/example_sla_dag.py
[2025-04-02T11:05:18.021+0000] {logging_mixin.py:190} INFO - [2025-04-02T11:05:18.021+0000] {dag.py:3239} INFO - Sync 1 DAGs
[2025-04-02T11:05:18.049+0000] {logging_mixin.py:190} INFO - [2025-04-02T11:05:18.048+0000] {dag.py:4180} INFO - Setting next_dagrun for example_sla_dag to 2025-04-02 11:02:00+00:00, run_after=2025-04-02 11:04:00+00:00
[2025-04-02T11:05:18.079+0000] {processor.py:208} INFO - Processing /home/airflow/.local/lib/python3.12/site-packages/airflow/example_dags/example_sla_dag.py took 0.109 seconds
[2025-04-02T11:05:48.898+0000] {processor.py:186} INFO - Started process (PID=339) to work on /home/airflow/.local/lib/python3.12/site-packages/airflow/example_dags/example_sla_dag.py
[2025-04-02T11:05:48.900+0000] {processor.py:914} INFO - Processing file /home/airflow/.local/lib/python3.12/site-packages/airflow/example_dags/example_sla_dag.py for tasks to queue
[2025-04-02T11:05:48.904+0000] {logging_mixin.py:190} INFO - [2025-04-02T11:05:48.903+0000] {dagbag.py:588} INFO - Filling up the DagBag from /home/airflow/.local/lib/python3.12/site-packages/airflow/example_dags/example_sla_dag.py
[2025-04-02T11:05:48.915+0000] {processor.py:925} INFO - DAG(s) 'example_sla_dag' retrieved from /home/airflow/.local/lib/python3.12/site-packages/airflow/example_dags/example_sla_dag.py
[2025-04-02T11:05:48.945+0000] {logging_mixin.py:190} INFO - [2025-04-02T11:05:48.945+0000] {dag.py:3239} INFO - Sync 1 DAGs
[2025-04-02T11:05:48.972+0000] {logging_mixin.py:190} INFO - [2025-04-02T11:05:48.972+0000] {dag.py:4180} INFO - Setting next_dagrun for example_sla_dag to 2025-04-02 11:02:00+00:00, run_after=2025-04-02 11:04:00+00:00
[2025-04-02T11:05:48.999+0000] {processor.py:208} INFO - Processing /home/airflow/.local/lib/python3.12/site-packages/airflow/example_dags/example_sla_dag.py took 0.106 seconds
[2025-04-02T11:06:20.147+0000] {processor.py:186} INFO - Started process (PID=404) to work on /home/airflow/.local/lib/python3.12/site-packages/airflow/example_dags/example_sla_dag.py
[2025-04-02T11:06:20.150+0000] {processor.py:914} INFO - Processing file /home/airflow/.local/lib/python3.12/site-packages/airflow/example_dags/example_sla_dag.py for tasks to queue
[2025-04-02T11:06:20.154+0000] {logging_mixin.py:190} INFO - [2025-04-02T11:06:20.154+0000] {dagbag.py:588} INFO - Filling up the DagBag from /home/airflow/.local/lib/python3.12/site-packages/airflow/example_dags/example_sla_dag.py
[2025-04-02T11:06:20.164+0000] {processor.py:925} INFO - DAG(s) 'example_sla_dag' retrieved from /home/airflow/.local/lib/python3.12/site-packages/airflow/example_dags/example_sla_dag.py
[2025-04-02T11:06:20.189+0000] {logging_mixin.py:190} INFO - [2025-04-02T11:06:20.189+0000] {dag.py:3239} INFO - Sync 1 DAGs
[2025-04-02T11:06:20.211+0000] {logging_mixin.py:190} INFO - [2025-04-02T11:06:20.211+0000] {dag.py:4180} INFO - Setting next_dagrun for example_sla_dag to 2025-04-02 11:04:00+00:00, run_after=2025-04-02 11:06:00+00:00
[2025-04-02T11:06:20.236+0000] {processor.py:208} INFO - Processing /home/airflow/.local/lib/python3.12/site-packages/airflow/example_dags/example_sla_dag.py took 0.094 seconds
[2025-04-02T11:06:51.030+0000] {processor.py:186} INFO - Started process (PID=469) to work on /home/airflow/.local/lib/python3.12/site-packages/airflow/example_dags/example_sla_dag.py
[2025-04-02T11:06:51.032+0000] {processor.py:914} INFO - Processing file /home/airflow/.local/lib/python3.12/site-packages/airflow/example_dags/example_sla_dag.py for tasks to queue
[2025-04-02T11:06:51.034+0000] {logging_mixin.py:190} INFO - [2025-04-02T11:06:51.034+0000] {dagbag.py:588} INFO - Filling up the DagBag from /home/airflow/.local/lib/python3.12/site-packages/airflow/example_dags/example_sla_dag.py
[2025-04-02T11:06:51.045+0000] {processor.py:925} INFO - DAG(s) 'example_sla_dag' retrieved from /home/airflow/.local/lib/python3.12/site-packages/airflow/example_dags/example_sla_dag.py
[2025-04-02T11:06:51.063+0000] {logging_mixin.py:190} INFO - [2025-04-02T11:06:51.063+0000] {dag.py:3239} INFO - Sync 1 DAGs
[2025-04-02T11:06:51.085+0000] {logging_mixin.py:190} INFO - [2025-04-02T11:06:51.085+0000] {dag.py:4180} INFO - Setting next_dagrun for example_sla_dag to 2025-04-02 11:04:00+00:00, run_after=2025-04-02 11:06:00+00:00
[2025-04-02T11:06:51.101+0000] {processor.py:208} INFO - Processing /home/airflow/.local/lib/python3.12/site-packages/airflow/example_dags/example_sla_dag.py took 0.077 seconds
[2025-04-02T11:07:21.844+0000] {processor.py:186} INFO - Started process (PID=534) to work on /home/airflow/.local/lib/python3.12/site-packages/airflow/example_dags/example_sla_dag.py
[2025-04-02T11:07:21.846+0000] {processor.py:914} INFO - Processing file /home/airflow/.local/lib/python3.12/site-packages/airflow/example_dags/example_sla_dag.py for tasks to queue
[2025-04-02T11:07:21.851+0000] {logging_mixin.py:190} INFO - [2025-04-02T11:07:21.850+0000] {dagbag.py:588} INFO - Filling up the DagBag from /home/airflow/.local/lib/python3.12/site-packages/airflow/example_dags/example_sla_dag.py
[2025-04-02T11:07:21.870+0000] {processor.py:925} INFO - DAG(s) 'example_sla_dag' retrieved from /home/airflow/.local/lib/python3.12/site-packages/airflow/example_dags/example_sla_dag.py
[2025-04-02T11:07:21.897+0000] {logging_mixin.py:190} INFO - [2025-04-02T11:07:21.896+0000] {dag.py:3239} INFO - Sync 1 DAGs
[2025-04-02T11:07:21.921+0000] {logging_mixin.py:190} INFO - [2025-04-02T11:07:21.921+0000] {dag.py:4180} INFO - Setting next_dagrun for example_sla_dag to 2025-04-02 11:04:00+00:00, run_after=2025-04-02 11:06:00+00:00
[2025-04-02T11:07:21.939+0000] {processor.py:208} INFO - Processing /home/airflow/.local/lib/python3.12/site-packages/airflow/example_dags/example_sla_dag.py took 0.101 seconds
[2025-04-02T11:07:52.845+0000] {processor.py:186} INFO - Started process (PID=599) to work on /home/airflow/.local/lib/python3.12/site-packages/airflow/example_dags/example_sla_dag.py
[2025-04-02T11:07:52.846+0000] {processor.py:914} INFO - Processing file /home/airflow/.local/lib/python3.12/site-packages/airflow/example_dags/example_sla_dag.py for tasks to queue
[2025-04-02T11:07:52.849+0000] {logging_mixin.py:190} INFO - [2025-04-02T11:07:52.849+0000] {dagbag.py:588} INFO - Filling up the DagBag from /home/airflow/.local/lib/python3.12/site-packages/airflow/example_dags/example_sla_dag.py
[2025-04-02T11:07:52.860+0000] {processor.py:925} INFO - DAG(s) 'example_sla_dag' retrieved from /home/airflow/.local/lib/python3.12/site-packages/airflow/example_dags/example_sla_dag.py
[2025-04-02T11:07:52.877+0000] {logging_mixin.py:190} INFO - [2025-04-02T11:07:52.877+0000] {dag.py:3239} INFO - Sync 1 DAGs
[2025-04-02T11:07:52.897+0000] {logging_mixin.py:190} INFO - [2025-04-02T11:07:52.897+0000] {dag.py:4180} INFO - Setting next_dagrun for example_sla_dag to 2025-04-02 11:04:00+00:00, run_after=2025-04-02 11:06:00+00:00
[2025-04-02T11:07:52.914+0000] {processor.py:208} INFO - Processing /home/airflow/.local/lib/python3.12/site-packages/airflow/example_dags/example_sla_dag.py took 0.075 seconds
[2025-04-02T11:08:24.310+0000] {processor.py:186} INFO - Started process (PID=664) to work on /home/airflow/.local/lib/python3.12/site-packages/airflow/example_dags/example_sla_dag.py
[2025-04-02T11:08:24.312+0000] {processor.py:914} INFO - Processing file /home/airflow/.local/lib/python3.12/site-packages/airflow/example_dags/example_sla_dag.py for tasks to queue
[2025-04-02T11:08:24.316+0000] {logging_mixin.py:190} INFO - [2025-04-02T11:08:24.315+0000] {dagbag.py:588} INFO - Filling up the DagBag from /home/airflow/.local/lib/python3.12/site-packages/airflow/example_dags/example_sla_dag.py
[2025-04-02T11:08:24.326+0000] {processor.py:925} INFO - DAG(s) 'example_sla_dag' retrieved from /home/airflow/.local/lib/python3.12/site-packages/airflow/example_dags/example_sla_dag.py
[2025-04-02T11:08:24.350+0000] {logging_mixin.py:190} INFO - [2025-04-02T11:08:24.349+0000] {dag.py:3239} INFO - Sync 1 DAGs
[2025-04-02T11:08:24.374+0000] {logging_mixin.py:190} INFO - [2025-04-02T11:08:24.373+0000] {dag.py:4180} INFO - Setting next_dagrun for example_sla_dag to 2025-04-02 11:06:00+00:00, run_after=2025-04-02 11:08:00+00:00
[2025-04-02T11:08:24.397+0000] {processor.py:208} INFO - Processing /home/airflow/.local/lib/python3.12/site-packages/airflow/example_dags/example_sla_dag.py took 0.092 seconds
[2025-04-02T11:08:55.478+0000] {processor.py:186} INFO - Started process (PID=729) to work on /home/airflow/.local/lib/python3.12/site-packages/airflow/example_dags/example_sla_dag.py
[2025-04-02T11:08:55.481+0000] {processor.py:914} INFO - Processing file /home/airflow/.local/lib/python3.12/site-packages/airflow/example_dags/example_sla_dag.py for tasks to queue
[2025-04-02T11:08:55.485+0000] {logging_mixin.py:190} INFO - [2025-04-02T11:08:55.484+0000] {dagbag.py:588} INFO - Filling up the DagBag from /home/airflow/.local/lib/python3.12/site-packages/airflow/example_dags/example_sla_dag.py
[2025-04-02T11:08:55.497+0000] {processor.py:925} INFO - DAG(s) 'example_sla_dag' retrieved from /home/airflow/.local/lib/python3.12/site-packages/airflow/example_dags/example_sla_dag.py
[2025-04-02T11:08:55.524+0000] {logging_mixin.py:190} INFO - [2025-04-02T11:08:55.524+0000] {dag.py:3239} INFO - Sync 1 DAGs
[2025-04-02T11:08:55.558+0000] {logging_mixin.py:190} INFO - [2025-04-02T11:08:55.558+0000] {dag.py:4180} INFO - Setting next_dagrun for example_sla_dag to 2025-04-02 11:06:00+00:00, run_after=2025-04-02 11:08:00+00:00
[2025-04-02T11:08:55.582+0000] {processor.py:208} INFO - Processing /home/airflow/.local/lib/python3.12/site-packages/airflow/example_dags/example_sla_dag.py took 0.110 seconds
[2025-04-02T11:09:26.807+0000] {processor.py:186} INFO - Started process (PID=794) to work on /home/airflow/.local/lib/python3.12/site-packages/airflow/example_dags/example_sla_dag.py
[2025-04-02T11:09:26.809+0000] {processor.py:914} INFO - Processing file /home/airflow/.local/lib/python3.12/site-packages/airflow/example_dags/example_sla_dag.py for tasks to queue
[2025-04-02T11:09:26.814+0000] {logging_mixin.py:190} INFO - [2025-04-02T11:09:26.813+0000] {dagbag.py:588} INFO - Filling up the DagBag from /home/airflow/.local/lib/python3.12/site-packages/airflow/example_dags/example_sla_dag.py
[2025-04-02T11:09:26.829+0000] {processor.py:925} INFO - DAG(s) 'example_sla_dag' retrieved from /home/airflow/.local/lib/python3.12/site-packages/airflow/example_dags/example_sla_dag.py
[2025-04-02T11:09:26.861+0000] {logging_mixin.py:190} INFO - [2025-04-02T11:09:26.860+0000] {dag.py:3239} INFO - Sync 1 DAGs
[2025-04-02T11:09:26.889+0000] {logging_mixin.py:190} INFO - [2025-04-02T11:09:26.889+0000] {dag.py:4180} INFO - Setting next_dagrun for example_sla_dag to 2025-04-02 11:06:00+00:00, run_after=2025-04-02 11:08:00+00:00
[2025-04-02T11:09:26.916+0000] {processor.py:208} INFO - Processing /home/airflow/.local/lib/python3.12/site-packages/airflow/example_dags/example_sla_dag.py took 0.115 seconds
[2025-04-02T11:09:57.767+0000] {processor.py:186} INFO - Started process (PID=859) to work on /home/airflow/.local/lib/python3.12/site-packages/airflow/example_dags/example_sla_dag.py
[2025-04-02T11:09:57.769+0000] {processor.py:914} INFO - Processing file /home/airflow/.local/lib/python3.12/site-packages/airflow/example_dags/example_sla_dag.py for tasks to queue
[2025-04-02T11:09:57.775+0000] {logging_mixin.py:190} INFO - [2025-04-02T11:09:57.774+0000] {dagbag.py:588} INFO - Filling up the DagBag from /home/airflow/.local/lib/python3.12/site-packages/airflow/example_dags/example_sla_dag.py
[2025-04-02T11:09:57.787+0000] {processor.py:925} INFO - DAG(s) 'example_sla_dag' retrieved from /home/airflow/.local/lib/python3.12/site-packages/airflow/example_dags/example_sla_dag.py
[2025-04-02T11:09:57.813+0000] {logging_mixin.py:190} INFO - [2025-04-02T11:09:57.813+0000] {dag.py:3239} INFO - Sync 1 DAGs
[2025-04-02T11:09:57.844+0000] {logging_mixin.py:190} INFO - [2025-04-02T11:09:57.844+0000] {dag.py:4180} INFO - Setting next_dagrun for example_sla_dag to 2025-04-02 11:06:00+00:00, run_after=2025-04-02 11:08:00+00:00
[2025-04-02T11:09:57.872+0000] {processor.py:208} INFO - Processing /home/airflow/.local/lib/python3.12/site-packages/airflow/example_dags/example_sla_dag.py took 0.110 seconds
[2025-04-02T11:10:28.637+0000] {processor.py:186} INFO - Started process (PID=925) to work on /home/airflow/.local/lib/python3.12/site-packages/airflow/example_dags/example_sla_dag.py
[2025-04-02T11:10:28.639+0000] {processor.py:914} INFO - Processing file /home/airflow/.local/lib/python3.12/site-packages/airflow/example_dags/example_sla_dag.py for tasks to queue
[2025-04-02T11:10:28.643+0000] {logging_mixin.py:190} INFO - [2025-04-02T11:10:28.642+0000] {dagbag.py:588} INFO - Filling up the DagBag from /home/airflow/.local/lib/python3.12/site-packages/airflow/example_dags/example_sla_dag.py
[2025-04-02T11:10:28.654+0000] {processor.py:925} INFO - DAG(s) 'example_sla_dag' retrieved from /home/airflow/.local/lib/python3.12/site-packages/airflow/example_dags/example_sla_dag.py
[2025-04-02T11:10:28.677+0000] {logging_mixin.py:190} INFO - [2025-04-02T11:10:28.676+0000] {dag.py:3239} INFO - Sync 1 DAGs
[2025-04-02T11:10:28.702+0000] {logging_mixin.py:190} INFO - [2025-04-02T11:10:28.702+0000] {dag.py:4180} INFO - Setting next_dagrun for example_sla_dag to 2025-04-02 11:08:00+00:00, run_after=2025-04-02 11:10:00+00:00
[2025-04-02T11:10:28.727+0000] {processor.py:208} INFO - Processing /home/airflow/.local/lib/python3.12/site-packages/airflow/example_dags/example_sla_dag.py took 0.096 seconds
[2025-04-02T11:10:59.635+0000] {processor.py:186} INFO - Started process (PID=989) to work on /home/airflow/.local/lib/python3.12/site-packages/airflow/example_dags/example_sla_dag.py
[2025-04-02T11:10:59.638+0000] {processor.py:914} INFO - Processing file /home/airflow/.local/lib/python3.12/site-packages/airflow/example_dags/example_sla_dag.py for tasks to queue
[2025-04-02T11:10:59.646+0000] {logging_mixin.py:190} INFO - [2025-04-02T11:10:59.645+0000] {dagbag.py:588} INFO - Filling up the DagBag from /home/airflow/.local/lib/python3.12/site-packages/airflow/example_dags/example_sla_dag.py
[2025-04-02T11:10:59.663+0000] {processor.py:925} INFO - DAG(s) 'example_sla_dag' retrieved from /home/airflow/.local/lib/python3.12/site-packages/airflow/example_dags/example_sla_dag.py
[2025-04-02T11:10:59.701+0000] {logging_mixin.py:190} INFO - [2025-04-02T11:10:59.701+0000] {dag.py:3239} INFO - Sync 1 DAGs
[2025-04-02T11:10:59.741+0000] {logging_mixin.py:190} INFO - [2025-04-02T11:10:59.741+0000] {dag.py:4180} INFO - Setting next_dagrun for example_sla_dag to 2025-04-02 11:08:00+00:00, run_after=2025-04-02 11:10:00+00:00
[2025-04-02T11:10:59.787+0000] {processor.py:208} INFO - Processing /home/airflow/.local/lib/python3.12/site-packages/airflow/example_dags/example_sla_dag.py took 0.158 seconds
[2025-04-02T11:11:31.263+0000] {processor.py:186} INFO - Started process (PID=1053) to work on /home/airflow/.local/lib/python3.12/site-packages/airflow/example_dags/example_sla_dag.py
[2025-04-02T11:11:31.266+0000] {processor.py:914} INFO - Processing file /home/airflow/.local/lib/python3.12/site-packages/airflow/example_dags/example_sla_dag.py for tasks to queue
[2025-04-02T11:11:31.273+0000] {logging_mixin.py:190} INFO - [2025-04-02T11:11:31.272+0000] {dagbag.py:588} INFO - Filling up the DagBag from /home/airflow/.local/lib/python3.12/site-packages/airflow/example_dags/example_sla_dag.py
[2025-04-02T11:11:31.285+0000] {processor.py:925} INFO - DAG(s) 'example_sla_dag' retrieved from /home/airflow/.local/lib/python3.12/site-packages/airflow/example_dags/example_sla_dag.py
[2025-04-02T11:11:31.317+0000] {logging_mixin.py:190} INFO - [2025-04-02T11:11:31.316+0000] {dag.py:3239} INFO - Sync 1 DAGs
[2025-04-02T11:11:31.346+0000] {logging_mixin.py:190} INFO - [2025-04-02T11:11:31.346+0000] {dag.py:4180} INFO - Setting next_dagrun for example_sla_dag to 2025-04-02 11:08:00+00:00, run_after=2025-04-02 11:10:00+00:00
[2025-04-02T11:11:31.374+0000] {processor.py:208} INFO - Processing /home/airflow/.local/lib/python3.12/site-packages/airflow/example_dags/example_sla_dag.py took 0.116 seconds
[2025-04-02T11:12:02.685+0000] {processor.py:186} INFO - Started process (PID=1118) to work on /home/airflow/.local/lib/python3.12/site-packages/airflow/example_dags/example_sla_dag.py
[2025-04-02T11:12:02.688+0000] {processor.py:914} INFO - Processing file /home/airflow/.local/lib/python3.12/site-packages/airflow/example_dags/example_sla_dag.py for tasks to queue
[2025-04-02T11:12:02.693+0000] {logging_mixin.py:190} INFO - [2025-04-02T11:12:02.692+0000] {dagbag.py:588} INFO - Filling up the DagBag from /home/airflow/.local/lib/python3.12/site-packages/airflow/example_dags/example_sla_dag.py
[2025-04-02T11:12:02.706+0000] {processor.py:925} INFO - DAG(s) 'example_sla_dag' retrieved from /home/airflow/.local/lib/python3.12/site-packages/airflow/example_dags/example_sla_dag.py
[2025-04-02T11:12:02.745+0000] {logging_mixin.py:190} INFO - [2025-04-02T11:12:02.745+0000] {dag.py:3239} INFO - Sync 1 DAGs
[2025-04-02T11:12:02.773+0000] {logging_mixin.py:190} INFO - [2025-04-02T11:12:02.773+0000] {dag.py:4180} INFO - Setting next_dagrun for example_sla_dag to 2025-04-02 11:10:00+00:00, run_after=2025-04-02 11:12:00+00:00
[2025-04-02T11:12:02.806+0000] {processor.py:208} INFO - Processing /home/airflow/.local/lib/python3.12/site-packages/airflow/example_dags/example_sla_dag.py took 0.126 seconds
[2025-04-02T11:12:34.232+0000] {processor.py:186} INFO - Started process (PID=1183) to work on /home/airflow/.local/lib/python3.12/site-packages/airflow/example_dags/example_sla_dag.py
[2025-04-02T11:12:34.234+0000] {processor.py:914} INFO - Processing file /home/airflow/.local/lib/python3.12/site-packages/airflow/example_dags/example_sla_dag.py for tasks to queue
[2025-04-02T11:12:34.238+0000] {logging_mixin.py:190} INFO - [2025-04-02T11:12:34.237+0000] {dagbag.py:588} INFO - Filling up the DagBag from /home/airflow/.local/lib/python3.12/site-packages/airflow/example_dags/example_sla_dag.py
[2025-04-02T11:12:34.250+0000] {processor.py:925} INFO - DAG(s) 'example_sla_dag' retrieved from /home/airflow/.local/lib/python3.12/site-packages/airflow/example_dags/example_sla_dag.py
[2025-04-02T11:12:34.274+0000] {logging_mixin.py:190} INFO - [2025-04-02T11:12:34.274+0000] {dag.py:3239} INFO - Sync 1 DAGs
[2025-04-02T11:12:34.301+0000] {logging_mixin.py:190} INFO - [2025-04-02T11:12:34.300+0000] {dag.py:4180} INFO - Setting next_dagrun for example_sla_dag to 2025-04-02 11:10:00+00:00, run_after=2025-04-02 11:12:00+00:00
[2025-04-02T11:12:34.332+0000] {processor.py:208} INFO - Processing /home/airflow/.local/lib/python3.12/site-packages/airflow/example_dags/example_sla_dag.py took 0.105 seconds
[2025-04-02T11:13:05.681+0000] {processor.py:186} INFO - Started process (PID=1249) to work on /home/airflow/.local/lib/python3.12/site-packages/airflow/example_dags/example_sla_dag.py
[2025-04-02T11:13:05.683+0000] {processor.py:914} INFO - Processing file /home/airflow/.local/lib/python3.12/site-packages/airflow/example_dags/example_sla_dag.py for tasks to queue
[2025-04-02T11:13:05.687+0000] {logging_mixin.py:190} INFO - [2025-04-02T11:13:05.686+0000] {dagbag.py:588} INFO - Filling up the DagBag from /home/airflow/.local/lib/python3.12/site-packages/airflow/example_dags/example_sla_dag.py
[2025-04-02T11:13:05.703+0000] {processor.py:925} INFO - DAG(s) 'example_sla_dag' retrieved from /home/airflow/.local/lib/python3.12/site-packages/airflow/example_dags/example_sla_dag.py
[2025-04-02T11:13:05.727+0000] {logging_mixin.py:190} INFO - [2025-04-02T11:13:05.727+0000] {dag.py:3239} INFO - Sync 1 DAGs
[2025-04-02T11:13:05.751+0000] {logging_mixin.py:190} INFO - [2025-04-02T11:13:05.751+0000] {dag.py:4180} INFO - Setting next_dagrun for example_sla_dag to 2025-04-02 11:10:00+00:00, run_after=2025-04-02 11:12:00+00:00
[2025-04-02T11:13:05.772+0000] {processor.py:208} INFO - Processing /home/airflow/.local/lib/python3.12/site-packages/airflow/example_dags/example_sla_dag.py took 0.097 seconds
[2025-04-02T11:13:36.823+0000] {processor.py:186} INFO - Started process (PID=1314) to work on /home/airflow/.local/lib/python3.12/site-packages/airflow/example_dags/example_sla_dag.py
[2025-04-02T11:13:36.826+0000] {processor.py:914} INFO - Processing file /home/airflow/.local/lib/python3.12/site-packages/airflow/example_dags/example_sla_dag.py for tasks to queue
[2025-04-02T11:13:36.829+0000] {logging_mixin.py:190} INFO - [2025-04-02T11:13:36.829+0000] {dagbag.py:588} INFO - Filling up the DagBag from /home/airflow/.local/lib/python3.12/site-packages/airflow/example_dags/example_sla_dag.py
[2025-04-02T11:13:36.839+0000] {processor.py:925} INFO - DAG(s) 'example_sla_dag' retrieved from /home/airflow/.local/lib/python3.12/site-packages/airflow/example_dags/example_sla_dag.py
[2025-04-02T11:13:36.862+0000] {logging_mixin.py:190} INFO - [2025-04-02T11:13:36.862+0000] {dag.py:3239} INFO - Sync 1 DAGs
[2025-04-02T11:13:36.885+0000] {logging_mixin.py:190} INFO - [2025-04-02T11:13:36.885+0000] {dag.py:4180} INFO - Setting next_dagrun for example_sla_dag to 2025-04-02 11:10:00+00:00, run_after=2025-04-02 11:12:00+00:00
[2025-04-02T11:13:36.906+0000] {processor.py:208} INFO - Processing /home/airflow/.local/lib/python3.12/site-packages/airflow/example_dags/example_sla_dag.py took 0.088 seconds
[2025-04-02T11:14:07.973+0000] {processor.py:186} INFO - Started process (PID=1379) to work on /home/airflow/.local/lib/python3.12/site-packages/airflow/example_dags/example_sla_dag.py
[2025-04-02T11:14:07.974+0000] {processor.py:914} INFO - Processing file /home/airflow/.local/lib/python3.12/site-packages/airflow/example_dags/example_sla_dag.py for tasks to queue
[2025-04-02T11:14:07.979+0000] {logging_mixin.py:190} INFO - [2025-04-02T11:14:07.978+0000] {dagbag.py:588} INFO - Filling up the DagBag from /home/airflow/.local/lib/python3.12/site-packages/airflow/example_dags/example_sla_dag.py
[2025-04-02T11:14:07.989+0000] {processor.py:925} INFO - DAG(s) 'example_sla_dag' retrieved from /home/airflow/.local/lib/python3.12/site-packages/airflow/example_dags/example_sla_dag.py
[2025-04-02T11:14:08.012+0000] {logging_mixin.py:190} INFO - [2025-04-02T11:14:08.011+0000] {dag.py:3239} INFO - Sync 1 DAGs
[2025-04-02T11:14:08.035+0000] {logging_mixin.py:190} INFO - [2025-04-02T11:14:08.035+0000] {dag.py:4180} INFO - Setting next_dagrun for example_sla_dag to 2025-04-02 11:12:00+00:00, run_after=2025-04-02 11:14:00+00:00
[2025-04-02T11:14:08.056+0000] {processor.py:208} INFO - Processing /home/airflow/.local/lib/python3.12/site-packages/airflow/example_dags/example_sla_dag.py took 0.089 seconds
[2025-04-02T11:14:39.209+0000] {processor.py:186} INFO - Started process (PID=1444) to work on /home/airflow/.local/lib/python3.12/site-packages/airflow/example_dags/example_sla_dag.py
[2025-04-02T11:14:39.212+0000] {processor.py:914} INFO - Processing file /home/airflow/.local/lib/python3.12/site-packages/airflow/example_dags/example_sla_dag.py for tasks to queue
[2025-04-02T11:14:39.216+0000] {logging_mixin.py:190} INFO - [2025-04-02T11:14:39.216+0000] {dagbag.py:588} INFO - Filling up the DagBag from /home/airflow/.local/lib/python3.12/site-packages/airflow/example_dags/example_sla_dag.py
[2025-04-02T11:14:39.228+0000] {processor.py:925} INFO - DAG(s) 'example_sla_dag' retrieved from /home/airflow/.local/lib/python3.12/site-packages/airflow/example_dags/example_sla_dag.py
[2025-04-02T11:14:39.261+0000] {logging_mixin.py:190} INFO - [2025-04-02T11:14:39.261+0000] {dag.py:3239} INFO - Sync 1 DAGs
[2025-04-02T11:14:39.294+0000] {logging_mixin.py:190} INFO - [2025-04-02T11:14:39.293+0000] {dag.py:4180} INFO - Setting next_dagrun for example_sla_dag to 2025-04-02 11:12:00+00:00, run_after=2025-04-02 11:14:00+00:00
[2025-04-02T11:14:39.328+0000] {processor.py:208} INFO - Processing /home/airflow/.local/lib/python3.12/site-packages/airflow/example_dags/example_sla_dag.py took 0.126 seconds
[2025-04-02T11:15:10.768+0000] {processor.py:186} INFO - Started process (PID=1509) to work on /home/airflow/.local/lib/python3.12/site-packages/airflow/example_dags/example_sla_dag.py
[2025-04-02T11:15:10.771+0000] {processor.py:914} INFO - Processing file /home/airflow/.local/lib/python3.12/site-packages/airflow/example_dags/example_sla_dag.py for tasks to queue
[2025-04-02T11:15:10.775+0000] {logging_mixin.py:190} INFO - [2025-04-02T11:15:10.774+0000] {dagbag.py:588} INFO - Filling up the DagBag from /home/airflow/.local/lib/python3.12/site-packages/airflow/example_dags/example_sla_dag.py
[2025-04-02T11:15:10.786+0000] {processor.py:925} INFO - DAG(s) 'example_sla_dag' retrieved from /home/airflow/.local/lib/python3.12/site-packages/airflow/example_dags/example_sla_dag.py
[2025-04-02T11:15:10.810+0000] {logging_mixin.py:190} INFO - [2025-04-02T11:15:10.810+0000] {dag.py:3239} INFO - Sync 1 DAGs
[2025-04-02T11:15:10.834+0000] {logging_mixin.py:190} INFO - [2025-04-02T11:15:10.834+0000] {dag.py:4180} INFO - Setting next_dagrun for example_sla_dag to 2025-04-02 11:12:00+00:00, run_after=2025-04-02 11:14:00+00:00
[2025-04-02T11:15:10.854+0000] {processor.py:208} INFO - Processing /home/airflow/.local/lib/python3.12/site-packages/airflow/example_dags/example_sla_dag.py took 0.092 seconds
[2025-04-02T11:15:41.845+0000] {processor.py:186} INFO - Started process (PID=1574) to work on /home/airflow/.local/lib/python3.12/site-packages/airflow/example_dags/example_sla_dag.py
[2025-04-02T11:15:41.848+0000] {processor.py:914} INFO - Processing file /home/airflow/.local/lib/python3.12/site-packages/airflow/example_dags/example_sla_dag.py for tasks to queue
[2025-04-02T11:15:41.853+0000] {logging_mixin.py:190} INFO - [2025-04-02T11:15:41.853+0000] {dagbag.py:588} INFO - Filling up the DagBag from /home/airflow/.local/lib/python3.12/site-packages/airflow/example_dags/example_sla_dag.py
[2025-04-02T11:15:41.864+0000] {processor.py:925} INFO - DAG(s) 'example_sla_dag' retrieved from /home/airflow/.local/lib/python3.12/site-packages/airflow/example_dags/example_sla_dag.py
[2025-04-02T11:15:41.902+0000] {logging_mixin.py:190} INFO - [2025-04-02T11:15:41.901+0000] {dag.py:3239} INFO - Sync 1 DAGs
[2025-04-02T11:15:41.935+0000] {logging_mixin.py:190} INFO - [2025-04-02T11:15:41.934+0000] {dag.py:4180} INFO - Setting next_dagrun for example_sla_dag to 2025-04-02 11:12:00+00:00, run_after=2025-04-02 11:14:00+00:00
[2025-04-02T11:15:41.980+0000] {processor.py:208} INFO - Processing /home/airflow/.local/lib/python3.12/site-packages/airflow/example_dags/example_sla_dag.py took 0.140 seconds
[2025-04-02T11:16:12.650+0000] {processor.py:186} INFO - Started process (PID=1639) to work on /home/airflow/.local/lib/python3.12/site-packages/airflow/example_dags/example_sla_dag.py
[2025-04-02T11:16:12.653+0000] {processor.py:914} INFO - Processing file /home/airflow/.local/lib/python3.12/site-packages/airflow/example_dags/example_sla_dag.py for tasks to queue
[2025-04-02T11:16:12.656+0000] {logging_mixin.py:190} INFO - [2025-04-02T11:16:12.656+0000] {dagbag.py:588} INFO - Filling up the DagBag from /home/airflow/.local/lib/python3.12/site-packages/airflow/example_dags/example_sla_dag.py
[2025-04-02T11:16:12.668+0000] {processor.py:925} INFO - DAG(s) 'example_sla_dag' retrieved from /home/airflow/.local/lib/python3.12/site-packages/airflow/example_dags/example_sla_dag.py
[2025-04-02T11:16:12.692+0000] {logging_mixin.py:190} INFO - [2025-04-02T11:16:12.692+0000] {dag.py:3239} INFO - Sync 1 DAGs
[2025-04-02T11:16:12.718+0000] {logging_mixin.py:190} INFO - [2025-04-02T11:16:12.718+0000] {dag.py:4180} INFO - Setting next_dagrun for example_sla_dag to 2025-04-02 11:14:00+00:00, run_after=2025-04-02 11:16:00+00:00
[2025-04-02T11:16:12.741+0000] {processor.py:208} INFO - Processing /home/airflow/.local/lib/python3.12/site-packages/airflow/example_dags/example_sla_dag.py took 0.097 seconds
[2025-04-02T11:16:43.473+0000] {processor.py:186} INFO - Started process (PID=1704) to work on /home/airflow/.local/lib/python3.12/site-packages/airflow/example_dags/example_sla_dag.py
[2025-04-02T11:16:43.475+0000] {processor.py:914} INFO - Processing file /home/airflow/.local/lib/python3.12/site-packages/airflow/example_dags/example_sla_dag.py for tasks to queue
[2025-04-02T11:16:43.478+0000] {logging_mixin.py:190} INFO - [2025-04-02T11:16:43.478+0000] {dagbag.py:588} INFO - Filling up the DagBag from /home/airflow/.local/lib/python3.12/site-packages/airflow/example_dags/example_sla_dag.py
[2025-04-02T11:16:43.489+0000] {processor.py:925} INFO - DAG(s) 'example_sla_dag' retrieved from /home/airflow/.local/lib/python3.12/site-packages/airflow/example_dags/example_sla_dag.py
[2025-04-02T11:16:43.512+0000] {logging_mixin.py:190} INFO - [2025-04-02T11:16:43.512+0000] {dag.py:3239} INFO - Sync 1 DAGs
[2025-04-02T11:16:43.535+0000] {logging_mixin.py:190} INFO - [2025-04-02T11:16:43.535+0000] {dag.py:4180} INFO - Setting next_dagrun for example_sla_dag to 2025-04-02 11:14:00+00:00, run_after=2025-04-02 11:16:00+00:00
[2025-04-02T11:16:43.561+0000] {processor.py:208} INFO - Processing /home/airflow/.local/lib/python3.12/site-packages/airflow/example_dags/example_sla_dag.py took 0.093 seconds
[2025-04-02T11:17:14.461+0000] {processor.py:186} INFO - Started process (PID=1769) to work on /home/airflow/.local/lib/python3.12/site-packages/airflow/example_dags/example_sla_dag.py
[2025-04-02T11:17:14.463+0000] {processor.py:914} INFO - Processing file /home/airflow/.local/lib/python3.12/site-packages/airflow/example_dags/example_sla_dag.py for tasks to queue
[2025-04-02T11:17:14.467+0000] {logging_mixin.py:190} INFO - [2025-04-02T11:17:14.466+0000] {dagbag.py:588} INFO - Filling up the DagBag from /home/airflow/.local/lib/python3.12/site-packages/airflow/example_dags/example_sla_dag.py
[2025-04-02T11:17:14.477+0000] {processor.py:925} INFO - DAG(s) 'example_sla_dag' retrieved from /home/airflow/.local/lib/python3.12/site-packages/airflow/example_dags/example_sla_dag.py
[2025-04-02T11:17:14.500+0000] {logging_mixin.py:190} INFO - [2025-04-02T11:17:14.500+0000] {dag.py:3239} INFO - Sync 1 DAGs
[2025-04-02T11:17:14.523+0000] {logging_mixin.py:190} INFO - [2025-04-02T11:17:14.523+0000] {dag.py:4180} INFO - Setting next_dagrun for example_sla_dag to 2025-04-02 11:14:00+00:00, run_after=2025-04-02 11:16:00+00:00
[2025-04-02T11:17:14.543+0000] {processor.py:208} INFO - Processing /home/airflow/.local/lib/python3.12/site-packages/airflow/example_dags/example_sla_dag.py took 0.087 seconds
[2025-04-02T11:17:46.245+0000] {processor.py:186} INFO - Started process (PID=1835) to work on /home/airflow/.local/lib/python3.12/site-packages/airflow/example_dags/example_sla_dag.py
[2025-04-02T11:17:46.248+0000] {processor.py:914} INFO - Processing file /home/airflow/.local/lib/python3.12/site-packages/airflow/example_dags/example_sla_dag.py for tasks to queue
[2025-04-02T11:17:46.253+0000] {logging_mixin.py:190} INFO - [2025-04-02T11:17:46.252+0000] {dagbag.py:588} INFO - Filling up the DagBag from /home/airflow/.local/lib/python3.12/site-packages/airflow/example_dags/example_sla_dag.py
[2025-04-02T11:17:46.269+0000] {processor.py:925} INFO - DAG(s) 'example_sla_dag' retrieved from /home/airflow/.local/lib/python3.12/site-packages/airflow/example_dags/example_sla_dag.py
[2025-04-02T11:17:46.295+0000] {logging_mixin.py:190} INFO - [2025-04-02T11:17:46.295+0000] {dag.py:3239} INFO - Sync 1 DAGs
[2025-04-02T11:17:46.329+0000] {logging_mixin.py:190} INFO - [2025-04-02T11:17:46.329+0000] {dag.py:4180} INFO - Setting next_dagrun for example_sla_dag to 2025-04-02 11:14:00+00:00, run_after=2025-04-02 11:16:00+00:00
[2025-04-02T11:17:46.351+0000] {processor.py:208} INFO - Processing /home/airflow/.local/lib/python3.12/site-packages/airflow/example_dags/example_sla_dag.py took 0.116 seconds
[2025-04-02T11:18:17.420+0000] {processor.py:186} INFO - Started process (PID=1899) to work on /home/airflow/.local/lib/python3.12/site-packages/airflow/example_dags/example_sla_dag.py
[2025-04-02T11:18:17.422+0000] {processor.py:914} INFO - Processing file /home/airflow/.local/lib/python3.12/site-packages/airflow/example_dags/example_sla_dag.py for tasks to queue
[2025-04-02T11:18:17.426+0000] {logging_mixin.py:190} INFO - [2025-04-02T11:18:17.426+0000] {dagbag.py:588} INFO - Filling up the DagBag from /home/airflow/.local/lib/python3.12/site-packages/airflow/example_dags/example_sla_dag.py
[2025-04-02T11:18:17.437+0000] {processor.py:925} INFO - DAG(s) 'example_sla_dag' retrieved from /home/airflow/.local/lib/python3.12/site-packages/airflow/example_dags/example_sla_dag.py
[2025-04-02T11:18:17.457+0000] {logging_mixin.py:190} INFO - [2025-04-02T11:18:17.456+0000] {dag.py:3239} INFO - Sync 1 DAGs
[2025-04-02T11:18:17.479+0000] {logging_mixin.py:190} INFO - [2025-04-02T11:18:17.479+0000] {dag.py:4180} INFO - Setting next_dagrun for example_sla_dag to 2025-04-02 11:16:00+00:00, run_after=2025-04-02 11:18:00+00:00
[2025-04-02T11:18:17.497+0000] {processor.py:208} INFO - Processing /home/airflow/.local/lib/python3.12/site-packages/airflow/example_dags/example_sla_dag.py took 0.082 seconds
[2025-04-02T11:18:48.237+0000] {processor.py:186} INFO - Started process (PID=1964) to work on /home/airflow/.local/lib/python3.12/site-packages/airflow/example_dags/example_sla_dag.py
[2025-04-02T11:18:48.239+0000] {processor.py:914} INFO - Processing file /home/airflow/.local/lib/python3.12/site-packages/airflow/example_dags/example_sla_dag.py for tasks to queue
[2025-04-02T11:18:48.242+0000] {logging_mixin.py:190} INFO - [2025-04-02T11:18:48.242+0000] {dagbag.py:588} INFO - Filling up the DagBag from /home/airflow/.local/lib/python3.12/site-packages/airflow/example_dags/example_sla_dag.py
[2025-04-02T11:18:48.253+0000] {processor.py:925} INFO - DAG(s) 'example_sla_dag' retrieved from /home/airflow/.local/lib/python3.12/site-packages/airflow/example_dags/example_sla_dag.py
[2025-04-02T11:18:48.293+0000] {logging_mixin.py:190} INFO - [2025-04-02T11:18:48.293+0000] {dag.py:3239} INFO - Sync 1 DAGs
[2025-04-02T11:18:48.325+0000] {logging_mixin.py:190} INFO - [2025-04-02T11:18:48.325+0000] {dag.py:4180} INFO - Setting next_dagrun for example_sla_dag to 2025-04-02 11:16:00+00:00, run_after=2025-04-02 11:18:00+00:00
[2025-04-02T11:18:48.355+0000] {processor.py:208} INFO - Processing /home/airflow/.local/lib/python3.12/site-packages/airflow/example_dags/example_sla_dag.py took 0.123 seconds
[2025-04-02T11:19:19.024+0000] {processor.py:186} INFO - Started process (PID=2029) to work on /home/airflow/.local/lib/python3.12/site-packages/airflow/example_dags/example_sla_dag.py
[2025-04-02T11:19:19.026+0000] {processor.py:914} INFO - Processing file /home/airflow/.local/lib/python3.12/site-packages/airflow/example_dags/example_sla_dag.py for tasks to queue
[2025-04-02T11:19:19.029+0000] {logging_mixin.py:190} INFO - [2025-04-02T11:19:19.029+0000] {dagbag.py:588} INFO - Filling up the DagBag from /home/airflow/.local/lib/python3.12/site-packages/airflow/example_dags/example_sla_dag.py
[2025-04-02T11:19:19.040+0000] {processor.py:925} INFO - DAG(s) 'example_sla_dag' retrieved from /home/airflow/.local/lib/python3.12/site-packages/airflow/example_dags/example_sla_dag.py
[2025-04-02T11:19:19.064+0000] {logging_mixin.py:190} INFO - [2025-04-02T11:19:19.064+0000] {dag.py:3239} INFO - Sync 1 DAGs
[2025-04-02T11:19:19.088+0000] {logging_mixin.py:190} INFO - [2025-04-02T11:19:19.088+0000] {dag.py:4180} INFO - Setting next_dagrun for example_sla_dag to 2025-04-02 11:16:00+00:00, run_after=2025-04-02 11:18:00+00:00
[2025-04-02T11:19:19.108+0000] {processor.py:208} INFO - Processing /home/airflow/.local/lib/python3.12/site-packages/airflow/example_dags/example_sla_dag.py took 0.089 seconds
[2025-04-02T11:19:50.012+0000] {processor.py:186} INFO - Started process (PID=2094) to work on /home/airflow/.local/lib/python3.12/site-packages/airflow/example_dags/example_sla_dag.py
[2025-04-02T11:19:50.014+0000] {processor.py:914} INFO - Processing file /home/airflow/.local/lib/python3.12/site-packages/airflow/example_dags/example_sla_dag.py for tasks to queue
[2025-04-02T11:19:50.020+0000] {logging_mixin.py:190} INFO - [2025-04-02T11:19:50.019+0000] {dagbag.py:588} INFO - Filling up the DagBag from /home/airflow/.local/lib/python3.12/site-packages/airflow/example_dags/example_sla_dag.py
[2025-04-02T11:19:50.034+0000] {processor.py:925} INFO - DAG(s) 'example_sla_dag' retrieved from /home/airflow/.local/lib/python3.12/site-packages/airflow/example_dags/example_sla_dag.py
[2025-04-02T11:19:50.062+0000] {logging_mixin.py:190} INFO - [2025-04-02T11:19:50.062+0000] {dag.py:3239} INFO - Sync 1 DAGs
[2025-04-02T11:19:50.096+0000] {logging_mixin.py:190} INFO - [2025-04-02T11:19:50.096+0000] {dag.py:4180} INFO - Setting next_dagrun for example_sla_dag to 2025-04-02 11:16:00+00:00, run_after=2025-04-02 11:18:00+00:00
[2025-04-02T11:19:50.127+0000] {processor.py:208} INFO - Processing /home/airflow/.local/lib/python3.12/site-packages/airflow/example_dags/example_sla_dag.py took 0.120 seconds
[2025-04-02T11:20:21.231+0000] {processor.py:186} INFO - Started process (PID=2166) to work on /home/airflow/.local/lib/python3.12/site-packages/airflow/example_dags/example_sla_dag.py
[2025-04-02T11:20:21.232+0000] {processor.py:914} INFO - Processing file /home/airflow/.local/lib/python3.12/site-packages/airflow/example_dags/example_sla_dag.py for tasks to queue
[2025-04-02T11:20:21.236+0000] {logging_mixin.py:190} INFO - [2025-04-02T11:20:21.236+0000] {dagbag.py:588} INFO - Filling up the DagBag from /home/airflow/.local/lib/python3.12/site-packages/airflow/example_dags/example_sla_dag.py
[2025-04-02T11:20:21.248+0000] {processor.py:925} INFO - DAG(s) 'example_sla_dag' retrieved from /home/airflow/.local/lib/python3.12/site-packages/airflow/example_dags/example_sla_dag.py
[2025-04-02T11:20:21.272+0000] {logging_mixin.py:190} INFO - [2025-04-02T11:20:21.272+0000] {dag.py:3239} INFO - Sync 1 DAGs
[2025-04-02T11:20:21.303+0000] {logging_mixin.py:190} INFO - [2025-04-02T11:20:21.303+0000] {dag.py:4180} INFO - Setting next_dagrun for example_sla_dag to 2025-04-02 11:18:00+00:00, run_after=2025-04-02 11:20:00+00:00
[2025-04-02T11:20:21.330+0000] {processor.py:208} INFO - Processing /home/airflow/.local/lib/python3.12/site-packages/airflow/example_dags/example_sla_dag.py took 0.105 seconds
[2025-04-02T11:20:52.387+0000] {processor.py:186} INFO - Started process (PID=2232) to work on /home/airflow/.local/lib/python3.12/site-packages/airflow/example_dags/example_sla_dag.py
[2025-04-02T11:20:52.388+0000] {processor.py:914} INFO - Processing file /home/airflow/.local/lib/python3.12/site-packages/airflow/example_dags/example_sla_dag.py for tasks to queue
[2025-04-02T11:20:52.392+0000] {logging_mixin.py:190} INFO - [2025-04-02T11:20:52.392+0000] {dagbag.py:588} INFO - Filling up the DagBag from /home/airflow/.local/lib/python3.12/site-packages/airflow/example_dags/example_sla_dag.py
[2025-04-02T11:20:52.403+0000] {processor.py:925} INFO - DAG(s) 'example_sla_dag' retrieved from /home/airflow/.local/lib/python3.12/site-packages/airflow/example_dags/example_sla_dag.py
[2025-04-02T11:20:52.439+0000] {logging_mixin.py:190} INFO - [2025-04-02T11:20:52.438+0000] {dag.py:3239} INFO - Sync 1 DAGs
[2025-04-02T11:20:52.466+0000] {logging_mixin.py:190} INFO - [2025-04-02T11:20:52.466+0000] {dag.py:4180} INFO - Setting next_dagrun for example_sla_dag to 2025-04-02 11:18:00+00:00, run_after=2025-04-02 11:20:00+00:00
[2025-04-02T11:20:52.497+0000] {processor.py:208} INFO - Processing /home/airflow/.local/lib/python3.12/site-packages/airflow/example_dags/example_sla_dag.py took 0.116 seconds
[2025-04-02T11:21:23.860+0000] {processor.py:186} INFO - Started process (PID=2297) to work on /home/airflow/.local/lib/python3.12/site-packages/airflow/example_dags/example_sla_dag.py
[2025-04-02T11:21:23.862+0000] {processor.py:914} INFO - Processing file /home/airflow/.local/lib/python3.12/site-packages/airflow/example_dags/example_sla_dag.py for tasks to queue
[2025-04-02T11:21:23.867+0000] {logging_mixin.py:190} INFO - [2025-04-02T11:21:23.866+0000] {dagbag.py:588} INFO - Filling up the DagBag from /home/airflow/.local/lib/python3.12/site-packages/airflow/example_dags/example_sla_dag.py
[2025-04-02T11:21:23.877+0000] {processor.py:925} INFO - DAG(s) 'example_sla_dag' retrieved from /home/airflow/.local/lib/python3.12/site-packages/airflow/example_dags/example_sla_dag.py
[2025-04-02T11:21:23.907+0000] {logging_mixin.py:190} INFO - [2025-04-02T11:21:23.906+0000] {dag.py:3239} INFO - Sync 1 DAGs
[2025-04-02T11:21:23.948+0000] {logging_mixin.py:190} INFO - [2025-04-02T11:21:23.947+0000] {dag.py:4180} INFO - Setting next_dagrun for example_sla_dag to 2025-04-02 11:18:00+00:00, run_after=2025-04-02 11:20:00+00:00
[2025-04-02T11:21:23.977+0000] {processor.py:208} INFO - Processing /home/airflow/.local/lib/python3.12/site-packages/airflow/example_dags/example_sla_dag.py took 0.124 seconds
[2025-04-02T11:21:54.850+0000] {processor.py:186} INFO - Started process (PID=2362) to work on /home/airflow/.local/lib/python3.12/site-packages/airflow/example_dags/example_sla_dag.py
[2025-04-02T11:21:54.852+0000] {processor.py:914} INFO - Processing file /home/airflow/.local/lib/python3.12/site-packages/airflow/example_dags/example_sla_dag.py for tasks to queue
[2025-04-02T11:21:54.856+0000] {logging_mixin.py:190} INFO - [2025-04-02T11:21:54.855+0000] {dagbag.py:588} INFO - Filling up the DagBag from /home/airflow/.local/lib/python3.12/site-packages/airflow/example_dags/example_sla_dag.py
[2025-04-02T11:21:54.865+0000] {processor.py:925} INFO - DAG(s) 'example_sla_dag' retrieved from /home/airflow/.local/lib/python3.12/site-packages/airflow/example_dags/example_sla_dag.py
[2025-04-02T11:21:54.890+0000] {logging_mixin.py:190} INFO - [2025-04-02T11:21:54.889+0000] {dag.py:3239} INFO - Sync 1 DAGs
[2025-04-02T11:21:54.912+0000] {logging_mixin.py:190} INFO - [2025-04-02T11:21:54.912+0000] {dag.py:4180} INFO - Setting next_dagrun for example_sla_dag to 2025-04-02 11:18:00+00:00, run_after=2025-04-02 11:20:00+00:00
[2025-04-02T11:21:54.931+0000] {processor.py:208} INFO - Processing /home/airflow/.local/lib/python3.12/site-packages/airflow/example_dags/example_sla_dag.py took 0.086 seconds
[2025-04-02T11:22:25.749+0000] {processor.py:186} INFO - Started process (PID=2428) to work on /home/airflow/.local/lib/python3.12/site-packages/airflow/example_dags/example_sla_dag.py
[2025-04-02T11:22:25.752+0000] {processor.py:914} INFO - Processing file /home/airflow/.local/lib/python3.12/site-packages/airflow/example_dags/example_sla_dag.py for tasks to queue
[2025-04-02T11:22:25.758+0000] {logging_mixin.py:190} INFO - [2025-04-02T11:22:25.757+0000] {dagbag.py:588} INFO - Filling up the DagBag from /home/airflow/.local/lib/python3.12/site-packages/airflow/example_dags/example_sla_dag.py
[2025-04-02T11:22:25.769+0000] {processor.py:925} INFO - DAG(s) 'example_sla_dag' retrieved from /home/airflow/.local/lib/python3.12/site-packages/airflow/example_dags/example_sla_dag.py
[2025-04-02T11:22:25.813+0000] {logging_mixin.py:190} INFO - [2025-04-02T11:22:25.812+0000] {dag.py:3239} INFO - Sync 1 DAGs
[2025-04-02T11:22:25.853+0000] {logging_mixin.py:190} INFO - [2025-04-02T11:22:25.853+0000] {dag.py:4180} INFO - Setting next_dagrun for example_sla_dag to 2025-04-02 11:20:00+00:00, run_after=2025-04-02 11:22:00+00:00
[2025-04-02T11:22:25.890+0000] {processor.py:208} INFO - Processing /home/airflow/.local/lib/python3.12/site-packages/airflow/example_dags/example_sla_dag.py took 0.154 seconds
[2025-04-02T11:22:57.389+0000] {processor.py:186} INFO - Started process (PID=2493) to work on /home/airflow/.local/lib/python3.12/site-packages/airflow/example_dags/example_sla_dag.py
[2025-04-02T11:22:57.391+0000] {processor.py:914} INFO - Processing file /home/airflow/.local/lib/python3.12/site-packages/airflow/example_dags/example_sla_dag.py for tasks to queue
[2025-04-02T11:22:57.395+0000] {logging_mixin.py:190} INFO - [2025-04-02T11:22:57.395+0000] {dagbag.py:588} INFO - Filling up the DagBag from /home/airflow/.local/lib/python3.12/site-packages/airflow/example_dags/example_sla_dag.py
[2025-04-02T11:22:57.415+0000] {processor.py:925} INFO - DAG(s) 'example_sla_dag' retrieved from /home/airflow/.local/lib/python3.12/site-packages/airflow/example_dags/example_sla_dag.py
[2025-04-02T11:22:57.440+0000] {logging_mixin.py:190} INFO - [2025-04-02T11:22:57.440+0000] {dag.py:3239} INFO - Sync 1 DAGs
[2025-04-02T11:22:57.465+0000] {logging_mixin.py:190} INFO - [2025-04-02T11:22:57.465+0000] {dag.py:4180} INFO - Setting next_dagrun for example_sla_dag to 2025-04-02 11:20:00+00:00, run_after=2025-04-02 11:22:00+00:00
[2025-04-02T11:22:57.487+0000] {processor.py:208} INFO - Processing /home/airflow/.local/lib/python3.12/site-packages/airflow/example_dags/example_sla_dag.py took 0.103 seconds
[2025-04-02T11:23:28.991+0000] {processor.py:186} INFO - Started process (PID=2558) to work on /home/airflow/.local/lib/python3.12/site-packages/airflow/example_dags/example_sla_dag.py
[2025-04-02T11:23:28.994+0000] {processor.py:914} INFO - Processing file /home/airflow/.local/lib/python3.12/site-packages/airflow/example_dags/example_sla_dag.py for tasks to queue
[2025-04-02T11:23:28.999+0000] {logging_mixin.py:190} INFO - [2025-04-02T11:23:28.998+0000] {dagbag.py:588} INFO - Filling up the DagBag from /home/airflow/.local/lib/python3.12/site-packages/airflow/example_dags/example_sla_dag.py
[2025-04-02T11:23:29.010+0000] {processor.py:925} INFO - DAG(s) 'example_sla_dag' retrieved from /home/airflow/.local/lib/python3.12/site-packages/airflow/example_dags/example_sla_dag.py
[2025-04-02T11:23:29.053+0000] {logging_mixin.py:190} INFO - [2025-04-02T11:23:29.052+0000] {dag.py:3239} INFO - Sync 1 DAGs
[2025-04-02T11:23:29.110+0000] {logging_mixin.py:190} INFO - [2025-04-02T11:23:29.109+0000] {dag.py:4180} INFO - Setting next_dagrun for example_sla_dag to 2025-04-02 11:20:00+00:00, run_after=2025-04-02 11:22:00+00:00
[2025-04-02T11:23:29.152+0000] {processor.py:208} INFO - Processing /home/airflow/.local/lib/python3.12/site-packages/airflow/example_dags/example_sla_dag.py took 0.166 seconds
