[2025-04-02T06:22:14.332+0000] {processor.py:186} INFO - Started process (PID=7917) to work on /home/airflow/.local/lib/python3.12/site-packages/airflow/example_dags/example_python_decorator.py
[2025-04-02T06:22:14.334+0000] {processor.py:914} INFO - Processing file /home/airflow/.local/lib/python3.12/site-packages/airflow/example_dags/example_python_decorator.py for tasks to queue
[2025-04-02T06:22:14.336+0000] {logging_mixin.py:190} INFO - [2025-04-02T06:22:14.336+0000] {dagbag.py:588} INFO - Filling up the DagBag from /home/airflow/.local/lib/python3.12/site-packages/airflow/example_dags/example_python_decorator.py
[2025-04-02T06:22:14.349+0000] {processor.py:925} INFO - DAG(s) 'example_python_decorator' retrieved from /home/airflow/.local/lib/python3.12/site-packages/airflow/example_dags/example_python_decorator.py
[2025-04-02T06:22:14.374+0000] {logging_mixin.py:190} INFO - [2025-04-02T06:22:14.374+0000] {dag.py:3239} INFO - Sync 1 DAGs
[2025-04-02T06:22:14.544+0000] {logging_mixin.py:190} INFO - [2025-04-02T06:22:14.543+0000] {dag.py:4180} INFO - Setting next_dagrun for example_python_decorator to None, run_after=None
[2025-04-02T06:22:14.560+0000] {processor.py:208} INFO - Processing /home/airflow/.local/lib/python3.12/site-packages/airflow/example_dags/example_python_decorator.py took 0.233 seconds
[2025-04-02T09:06:47.036+0000] {processor.py:186} INFO - Started process (PID=7983) to work on /home/airflow/.local/lib/python3.12/site-packages/airflow/example_dags/example_python_decorator.py
[2025-04-02T09:06:47.039+0000] {processor.py:914} INFO - Processing file /home/airflow/.local/lib/python3.12/site-packages/airflow/example_dags/example_python_decorator.py for tasks to queue
[2025-04-02T09:06:47.044+0000] {logging_mixin.py:190} INFO - [2025-04-02T09:06:47.043+0000] {dagbag.py:588} INFO - Filling up the DagBag from /home/airflow/.local/lib/python3.12/site-packages/airflow/example_dags/example_python_decorator.py
[2025-04-02T09:06:47.072+0000] {processor.py:925} INFO - DAG(s) 'example_python_decorator' retrieved from /home/airflow/.local/lib/python3.12/site-packages/airflow/example_dags/example_python_decorator.py
[2025-04-02T09:06:47.129+0000] {logging_mixin.py:190} INFO - [2025-04-02T09:06:47.128+0000] {dag.py:3239} INFO - Sync 1 DAGs
[2025-04-02T09:06:47.476+0000] {logging_mixin.py:190} INFO - [2025-04-02T09:06:47.475+0000] {dag.py:4180} INFO - Setting next_dagrun for example_python_decorator to None, run_after=None
[2025-04-02T09:06:47.512+0000] {processor.py:208} INFO - Processing /home/airflow/.local/lib/python3.12/site-packages/airflow/example_dags/example_python_decorator.py took 0.495 seconds
[2025-04-02T11:03:40.564+0000] {processor.py:186} INFO - Started process (PID=52) to work on /home/airflow/.local/lib/python3.12/site-packages/airflow/example_dags/example_python_decorator.py
[2025-04-02T11:03:40.567+0000] {processor.py:914} INFO - Processing file /home/airflow/.local/lib/python3.12/site-packages/airflow/example_dags/example_python_decorator.py for tasks to queue
[2025-04-02T11:03:40.573+0000] {logging_mixin.py:190} INFO - [2025-04-02T11:03:40.572+0000] {dagbag.py:588} INFO - Filling up the DagBag from /home/airflow/.local/lib/python3.12/site-packages/airflow/example_dags/example_python_decorator.py
[2025-04-02T11:03:40.604+0000] {processor.py:925} INFO - DAG(s) 'example_python_decorator' retrieved from /home/airflow/.local/lib/python3.12/site-packages/airflow/example_dags/example_python_decorator.py
[2025-04-02T11:03:40.803+0000] {logging_mixin.py:190} INFO - [2025-04-02T11:03:40.803+0000] {dag.py:3239} INFO - Sync 1 DAGs
[2025-04-02T11:03:40.834+0000] {logging_mixin.py:190} INFO - [2025-04-02T11:03:40.833+0000] {dag.py:4180} INFO - Setting next_dagrun for example_python_decorator to None, run_after=None
[2025-04-02T11:03:40.876+0000] {processor.py:208} INFO - Processing /home/airflow/.local/lib/python3.12/site-packages/airflow/example_dags/example_python_decorator.py took 0.324 seconds
[2025-04-02T11:04:11.612+0000] {processor.py:186} INFO - Started process (PID=117) to work on /home/airflow/.local/lib/python3.12/site-packages/airflow/example_dags/example_python_decorator.py
[2025-04-02T11:04:11.616+0000] {processor.py:914} INFO - Processing file /home/airflow/.local/lib/python3.12/site-packages/airflow/example_dags/example_python_decorator.py for tasks to queue
[2025-04-02T11:04:11.620+0000] {logging_mixin.py:190} INFO - [2025-04-02T11:04:11.620+0000] {dagbag.py:588} INFO - Filling up the DagBag from /home/airflow/.local/lib/python3.12/site-packages/airflow/example_dags/example_python_decorator.py
[2025-04-02T11:04:11.642+0000] {processor.py:925} INFO - DAG(s) 'example_python_decorator' retrieved from /home/airflow/.local/lib/python3.12/site-packages/airflow/example_dags/example_python_decorator.py
[2025-04-02T11:04:11.673+0000] {logging_mixin.py:190} INFO - [2025-04-02T11:04:11.673+0000] {dag.py:3239} INFO - Sync 1 DAGs
[2025-04-02T11:04:11.688+0000] {logging_mixin.py:190} INFO - [2025-04-02T11:04:11.688+0000] {dag.py:4180} INFO - Setting next_dagrun for example_python_decorator to None, run_after=None
[2025-04-02T11:04:11.719+0000] {processor.py:208} INFO - Processing /home/airflow/.local/lib/python3.12/site-packages/airflow/example_dags/example_python_decorator.py took 0.112 seconds
[2025-04-02T11:04:42.789+0000] {processor.py:186} INFO - Started process (PID=182) to work on /home/airflow/.local/lib/python3.12/site-packages/airflow/example_dags/example_python_decorator.py
[2025-04-02T11:04:42.791+0000] {processor.py:914} INFO - Processing file /home/airflow/.local/lib/python3.12/site-packages/airflow/example_dags/example_python_decorator.py for tasks to queue
[2025-04-02T11:04:42.794+0000] {logging_mixin.py:190} INFO - [2025-04-02T11:04:42.794+0000] {dagbag.py:588} INFO - Filling up the DagBag from /home/airflow/.local/lib/python3.12/site-packages/airflow/example_dags/example_python_decorator.py
[2025-04-02T11:04:42.808+0000] {processor.py:925} INFO - DAG(s) 'example_python_decorator' retrieved from /home/airflow/.local/lib/python3.12/site-packages/airflow/example_dags/example_python_decorator.py
[2025-04-02T11:04:42.838+0000] {logging_mixin.py:190} INFO - [2025-04-02T11:04:42.838+0000] {dag.py:3239} INFO - Sync 1 DAGs
[2025-04-02T11:04:42.854+0000] {logging_mixin.py:190} INFO - [2025-04-02T11:04:42.854+0000] {dag.py:4180} INFO - Setting next_dagrun for example_python_decorator to None, run_after=None
[2025-04-02T11:04:42.882+0000] {processor.py:208} INFO - Processing /home/airflow/.local/lib/python3.12/site-packages/airflow/example_dags/example_python_decorator.py took 0.099 seconds
[2025-04-02T11:05:14.015+0000] {processor.py:186} INFO - Started process (PID=247) to work on /home/airflow/.local/lib/python3.12/site-packages/airflow/example_dags/example_python_decorator.py
[2025-04-02T11:05:14.016+0000] {processor.py:914} INFO - Processing file /home/airflow/.local/lib/python3.12/site-packages/airflow/example_dags/example_python_decorator.py for tasks to queue
[2025-04-02T11:05:14.019+0000] {logging_mixin.py:190} INFO - [2025-04-02T11:05:14.019+0000] {dagbag.py:588} INFO - Filling up the DagBag from /home/airflow/.local/lib/python3.12/site-packages/airflow/example_dags/example_python_decorator.py
[2025-04-02T11:05:14.038+0000] {processor.py:925} INFO - DAG(s) 'example_python_decorator' retrieved from /home/airflow/.local/lib/python3.12/site-packages/airflow/example_dags/example_python_decorator.py
[2025-04-02T11:05:14.067+0000] {logging_mixin.py:190} INFO - [2025-04-02T11:05:14.066+0000] {dag.py:3239} INFO - Sync 1 DAGs
[2025-04-02T11:05:14.083+0000] {logging_mixin.py:190} INFO - [2025-04-02T11:05:14.083+0000] {dag.py:4180} INFO - Setting next_dagrun for example_python_decorator to None, run_after=None
[2025-04-02T11:05:14.117+0000] {processor.py:208} INFO - Processing /home/airflow/.local/lib/python3.12/site-packages/airflow/example_dags/example_python_decorator.py took 0.109 seconds
[2025-04-02T11:05:44.626+0000] {processor.py:186} INFO - Started process (PID=313) to work on /home/airflow/.local/lib/python3.12/site-packages/airflow/example_dags/example_python_decorator.py
[2025-04-02T11:05:44.628+0000] {processor.py:914} INFO - Processing file /home/airflow/.local/lib/python3.12/site-packages/airflow/example_dags/example_python_decorator.py for tasks to queue
[2025-04-02T11:05:44.632+0000] {logging_mixin.py:190} INFO - [2025-04-02T11:05:44.632+0000] {dagbag.py:588} INFO - Filling up the DagBag from /home/airflow/.local/lib/python3.12/site-packages/airflow/example_dags/example_python_decorator.py
[2025-04-02T11:05:44.651+0000] {processor.py:925} INFO - DAG(s) 'example_python_decorator' retrieved from /home/airflow/.local/lib/python3.12/site-packages/airflow/example_dags/example_python_decorator.py
[2025-04-02T11:05:44.680+0000] {logging_mixin.py:190} INFO - [2025-04-02T11:05:44.680+0000] {dag.py:3239} INFO - Sync 1 DAGs
[2025-04-02T11:05:44.695+0000] {logging_mixin.py:190} INFO - [2025-04-02T11:05:44.695+0000] {dag.py:4180} INFO - Setting next_dagrun for example_python_decorator to None, run_after=None
[2025-04-02T11:05:44.716+0000] {processor.py:208} INFO - Processing /home/airflow/.local/lib/python3.12/site-packages/airflow/example_dags/example_python_decorator.py took 0.101 seconds
[2025-04-02T11:06:14.880+0000] {processor.py:186} INFO - Started process (PID=377) to work on /home/airflow/.local/lib/python3.12/site-packages/airflow/example_dags/example_python_decorator.py
[2025-04-02T11:06:14.884+0000] {processor.py:914} INFO - Processing file /home/airflow/.local/lib/python3.12/site-packages/airflow/example_dags/example_python_decorator.py for tasks to queue
[2025-04-02T11:06:14.888+0000] {logging_mixin.py:190} INFO - [2025-04-02T11:06:14.888+0000] {dagbag.py:588} INFO - Filling up the DagBag from /home/airflow/.local/lib/python3.12/site-packages/airflow/example_dags/example_python_decorator.py
[2025-04-02T11:06:14.903+0000] {processor.py:925} INFO - DAG(s) 'example_python_decorator' retrieved from /home/airflow/.local/lib/python3.12/site-packages/airflow/example_dags/example_python_decorator.py
[2025-04-02T11:06:14.931+0000] {logging_mixin.py:190} INFO - [2025-04-02T11:06:14.931+0000] {dag.py:3239} INFO - Sync 1 DAGs
[2025-04-02T11:06:14.946+0000] {logging_mixin.py:190} INFO - [2025-04-02T11:06:14.945+0000] {dag.py:4180} INFO - Setting next_dagrun for example_python_decorator to None, run_after=None
[2025-04-02T11:06:14.971+0000] {processor.py:208} INFO - Processing /home/airflow/.local/lib/python3.12/site-packages/airflow/example_dags/example_python_decorator.py took 0.100 seconds
[2025-04-02T11:06:45.270+0000] {processor.py:186} INFO - Started process (PID=442) to work on /home/airflow/.local/lib/python3.12/site-packages/airflow/example_dags/example_python_decorator.py
[2025-04-02T11:06:45.272+0000] {processor.py:914} INFO - Processing file /home/airflow/.local/lib/python3.12/site-packages/airflow/example_dags/example_python_decorator.py for tasks to queue
[2025-04-02T11:06:45.275+0000] {logging_mixin.py:190} INFO - [2025-04-02T11:06:45.275+0000] {dagbag.py:588} INFO - Filling up the DagBag from /home/airflow/.local/lib/python3.12/site-packages/airflow/example_dags/example_python_decorator.py
[2025-04-02T11:06:45.288+0000] {processor.py:925} INFO - DAG(s) 'example_python_decorator' retrieved from /home/airflow/.local/lib/python3.12/site-packages/airflow/example_dags/example_python_decorator.py
[2025-04-02T11:06:45.313+0000] {logging_mixin.py:190} INFO - [2025-04-02T11:06:45.313+0000] {dag.py:3239} INFO - Sync 1 DAGs
[2025-04-02T11:06:45.327+0000] {logging_mixin.py:190} INFO - [2025-04-02T11:06:45.327+0000] {dag.py:4180} INFO - Setting next_dagrun for example_python_decorator to None, run_after=None
[2025-04-02T11:06:45.358+0000] {processor.py:208} INFO - Processing /home/airflow/.local/lib/python3.12/site-packages/airflow/example_dags/example_python_decorator.py took 0.093 seconds
[2025-04-02T11:07:16.068+0000] {processor.py:186} INFO - Started process (PID=507) to work on /home/airflow/.local/lib/python3.12/site-packages/airflow/example_dags/example_python_decorator.py
[2025-04-02T11:07:16.070+0000] {processor.py:914} INFO - Processing file /home/airflow/.local/lib/python3.12/site-packages/airflow/example_dags/example_python_decorator.py for tasks to queue
[2025-04-02T11:07:16.075+0000] {logging_mixin.py:190} INFO - [2025-04-02T11:07:16.074+0000] {dagbag.py:588} INFO - Filling up the DagBag from /home/airflow/.local/lib/python3.12/site-packages/airflow/example_dags/example_python_decorator.py
[2025-04-02T11:07:16.092+0000] {processor.py:925} INFO - DAG(s) 'example_python_decorator' retrieved from /home/airflow/.local/lib/python3.12/site-packages/airflow/example_dags/example_python_decorator.py
[2025-04-02T11:07:16.122+0000] {logging_mixin.py:190} INFO - [2025-04-02T11:07:16.121+0000] {dag.py:3239} INFO - Sync 1 DAGs
[2025-04-02T11:07:16.140+0000] {logging_mixin.py:190} INFO - [2025-04-02T11:07:16.140+0000] {dag.py:4180} INFO - Setting next_dagrun for example_python_decorator to None, run_after=None
[2025-04-02T11:07:16.166+0000] {processor.py:208} INFO - Processing /home/airflow/.local/lib/python3.12/site-packages/airflow/example_dags/example_python_decorator.py took 0.104 seconds
[2025-04-02T11:07:46.819+0000] {processor.py:186} INFO - Started process (PID=572) to work on /home/airflow/.local/lib/python3.12/site-packages/airflow/example_dags/example_python_decorator.py
[2025-04-02T11:07:46.822+0000] {processor.py:914} INFO - Processing file /home/airflow/.local/lib/python3.12/site-packages/airflow/example_dags/example_python_decorator.py for tasks to queue
[2025-04-02T11:07:46.826+0000] {logging_mixin.py:190} INFO - [2025-04-02T11:07:46.826+0000] {dagbag.py:588} INFO - Filling up the DagBag from /home/airflow/.local/lib/python3.12/site-packages/airflow/example_dags/example_python_decorator.py
[2025-04-02T11:07:46.845+0000] {processor.py:925} INFO - DAG(s) 'example_python_decorator' retrieved from /home/airflow/.local/lib/python3.12/site-packages/airflow/example_dags/example_python_decorator.py
[2025-04-02T11:07:46.883+0000] {logging_mixin.py:190} INFO - [2025-04-02T11:07:46.882+0000] {dag.py:3239} INFO - Sync 1 DAGs
[2025-04-02T11:07:46.901+0000] {logging_mixin.py:190} INFO - [2025-04-02T11:07:46.901+0000] {dag.py:4180} INFO - Setting next_dagrun for example_python_decorator to None, run_after=None
[2025-04-02T11:07:46.930+0000] {processor.py:208} INFO - Processing /home/airflow/.local/lib/python3.12/site-packages/airflow/example_dags/example_python_decorator.py took 0.123 seconds
[2025-04-02T11:08:17.709+0000] {processor.py:186} INFO - Started process (PID=637) to work on /home/airflow/.local/lib/python3.12/site-packages/airflow/example_dags/example_python_decorator.py
[2025-04-02T11:08:17.712+0000] {processor.py:914} INFO - Processing file /home/airflow/.local/lib/python3.12/site-packages/airflow/example_dags/example_python_decorator.py for tasks to queue
[2025-04-02T11:08:17.717+0000] {logging_mixin.py:190} INFO - [2025-04-02T11:08:17.717+0000] {dagbag.py:588} INFO - Filling up the DagBag from /home/airflow/.local/lib/python3.12/site-packages/airflow/example_dags/example_python_decorator.py
[2025-04-02T11:08:17.732+0000] {processor.py:925} INFO - DAG(s) 'example_python_decorator' retrieved from /home/airflow/.local/lib/python3.12/site-packages/airflow/example_dags/example_python_decorator.py
[2025-04-02T11:08:17.776+0000] {logging_mixin.py:190} INFO - [2025-04-02T11:08:17.775+0000] {dag.py:3239} INFO - Sync 1 DAGs
[2025-04-02T11:08:17.794+0000] {logging_mixin.py:190} INFO - [2025-04-02T11:08:17.793+0000] {dag.py:4180} INFO - Setting next_dagrun for example_python_decorator to None, run_after=None
[2025-04-02T11:08:17.825+0000] {processor.py:208} INFO - Processing /home/airflow/.local/lib/python3.12/site-packages/airflow/example_dags/example_python_decorator.py took 0.121 seconds
[2025-04-02T11:08:48.570+0000] {processor.py:186} INFO - Started process (PID=708) to work on /home/airflow/.local/lib/python3.12/site-packages/airflow/example_dags/example_python_decorator.py
[2025-04-02T11:08:48.571+0000] {processor.py:914} INFO - Processing file /home/airflow/.local/lib/python3.12/site-packages/airflow/example_dags/example_python_decorator.py for tasks to queue
[2025-04-02T11:08:48.574+0000] {logging_mixin.py:190} INFO - [2025-04-02T11:08:48.573+0000] {dagbag.py:588} INFO - Filling up the DagBag from /home/airflow/.local/lib/python3.12/site-packages/airflow/example_dags/example_python_decorator.py
[2025-04-02T11:08:48.594+0000] {processor.py:925} INFO - DAG(s) 'example_python_decorator' retrieved from /home/airflow/.local/lib/python3.12/site-packages/airflow/example_dags/example_python_decorator.py
[2025-04-02T11:08:48.618+0000] {logging_mixin.py:190} INFO - [2025-04-02T11:08:48.617+0000] {dag.py:3239} INFO - Sync 1 DAGs
[2025-04-02T11:08:48.632+0000] {logging_mixin.py:190} INFO - [2025-04-02T11:08:48.632+0000] {dag.py:4180} INFO - Setting next_dagrun for example_python_decorator to None, run_after=None
[2025-04-02T11:08:48.651+0000] {processor.py:208} INFO - Processing /home/airflow/.local/lib/python3.12/site-packages/airflow/example_dags/example_python_decorator.py took 0.086 seconds
[2025-04-02T11:09:19.650+0000] {processor.py:186} INFO - Started process (PID=773) to work on /home/airflow/.local/lib/python3.12/site-packages/airflow/example_dags/example_python_decorator.py
[2025-04-02T11:09:19.653+0000] {processor.py:914} INFO - Processing file /home/airflow/.local/lib/python3.12/site-packages/airflow/example_dags/example_python_decorator.py for tasks to queue
[2025-04-02T11:09:19.657+0000] {logging_mixin.py:190} INFO - [2025-04-02T11:09:19.656+0000] {dagbag.py:588} INFO - Filling up the DagBag from /home/airflow/.local/lib/python3.12/site-packages/airflow/example_dags/example_python_decorator.py
[2025-04-02T11:09:19.672+0000] {processor.py:925} INFO - DAG(s) 'example_python_decorator' retrieved from /home/airflow/.local/lib/python3.12/site-packages/airflow/example_dags/example_python_decorator.py
[2025-04-02T11:09:19.701+0000] {logging_mixin.py:190} INFO - [2025-04-02T11:09:19.700+0000] {dag.py:3239} INFO - Sync 1 DAGs
[2025-04-02T11:09:19.718+0000] {logging_mixin.py:190} INFO - [2025-04-02T11:09:19.718+0000] {dag.py:4180} INFO - Setting next_dagrun for example_python_decorator to None, run_after=None
[2025-04-02T11:09:19.759+0000] {processor.py:208} INFO - Processing /home/airflow/.local/lib/python3.12/site-packages/airflow/example_dags/example_python_decorator.py took 0.123 seconds
[2025-04-02T11:09:49.996+0000] {processor.py:186} INFO - Started process (PID=838) to work on /home/airflow/.local/lib/python3.12/site-packages/airflow/example_dags/example_python_decorator.py
[2025-04-02T11:09:49.998+0000] {processor.py:914} INFO - Processing file /home/airflow/.local/lib/python3.12/site-packages/airflow/example_dags/example_python_decorator.py for tasks to queue
[2025-04-02T11:09:50.003+0000] {logging_mixin.py:190} INFO - [2025-04-02T11:09:50.002+0000] {dagbag.py:588} INFO - Filling up the DagBag from /home/airflow/.local/lib/python3.12/site-packages/airflow/example_dags/example_python_decorator.py
[2025-04-02T11:09:50.022+0000] {processor.py:925} INFO - DAG(s) 'example_python_decorator' retrieved from /home/airflow/.local/lib/python3.12/site-packages/airflow/example_dags/example_python_decorator.py
[2025-04-02T11:09:50.063+0000] {logging_mixin.py:190} INFO - [2025-04-02T11:09:50.063+0000] {dag.py:3239} INFO - Sync 1 DAGs
[2025-04-02T11:09:50.084+0000] {logging_mixin.py:190} INFO - [2025-04-02T11:09:50.084+0000] {dag.py:4180} INFO - Setting next_dagrun for example_python_decorator to None, run_after=None
[2025-04-02T11:09:50.122+0000] {processor.py:208} INFO - Processing /home/airflow/.local/lib/python3.12/site-packages/airflow/example_dags/example_python_decorator.py took 0.135 seconds
[2025-04-02T11:10:20.785+0000] {processor.py:186} INFO - Started process (PID=903) to work on /home/airflow/.local/lib/python3.12/site-packages/airflow/example_dags/example_python_decorator.py
[2025-04-02T11:10:20.787+0000] {processor.py:914} INFO - Processing file /home/airflow/.local/lib/python3.12/site-packages/airflow/example_dags/example_python_decorator.py for tasks to queue
[2025-04-02T11:10:20.792+0000] {logging_mixin.py:190} INFO - [2025-04-02T11:10:20.792+0000] {dagbag.py:588} INFO - Filling up the DagBag from /home/airflow/.local/lib/python3.12/site-packages/airflow/example_dags/example_python_decorator.py
[2025-04-02T11:10:20.807+0000] {processor.py:925} INFO - DAG(s) 'example_python_decorator' retrieved from /home/airflow/.local/lib/python3.12/site-packages/airflow/example_dags/example_python_decorator.py
[2025-04-02T11:10:20.832+0000] {logging_mixin.py:190} INFO - [2025-04-02T11:10:20.832+0000] {dag.py:3239} INFO - Sync 1 DAGs
[2025-04-02T11:10:20.847+0000] {logging_mixin.py:190} INFO - [2025-04-02T11:10:20.846+0000] {dag.py:4180} INFO - Setting next_dagrun for example_python_decorator to None, run_after=None
[2025-04-02T11:10:20.869+0000] {processor.py:208} INFO - Processing /home/airflow/.local/lib/python3.12/site-packages/airflow/example_dags/example_python_decorator.py took 0.089 seconds
[2025-04-02T11:10:51.396+0000] {processor.py:186} INFO - Started process (PID=968) to work on /home/airflow/.local/lib/python3.12/site-packages/airflow/example_dags/example_python_decorator.py
[2025-04-02T11:10:51.398+0000] {processor.py:914} INFO - Processing file /home/airflow/.local/lib/python3.12/site-packages/airflow/example_dags/example_python_decorator.py for tasks to queue
[2025-04-02T11:10:51.402+0000] {logging_mixin.py:190} INFO - [2025-04-02T11:10:51.401+0000] {dagbag.py:588} INFO - Filling up the DagBag from /home/airflow/.local/lib/python3.12/site-packages/airflow/example_dags/example_python_decorator.py
[2025-04-02T11:10:51.430+0000] {processor.py:925} INFO - DAG(s) 'example_python_decorator' retrieved from /home/airflow/.local/lib/python3.12/site-packages/airflow/example_dags/example_python_decorator.py
[2025-04-02T11:10:51.459+0000] {logging_mixin.py:190} INFO - [2025-04-02T11:10:51.459+0000] {dag.py:3239} INFO - Sync 1 DAGs
[2025-04-02T11:10:51.496+0000] {logging_mixin.py:190} INFO - [2025-04-02T11:10:51.495+0000] {dag.py:4180} INFO - Setting next_dagrun for example_python_decorator to None, run_after=None
[2025-04-02T11:10:51.529+0000] {processor.py:208} INFO - Processing /home/airflow/.local/lib/python3.12/site-packages/airflow/example_dags/example_python_decorator.py took 0.140 seconds
[2025-04-02T11:11:21.996+0000] {processor.py:186} INFO - Started process (PID=1033) to work on /home/airflow/.local/lib/python3.12/site-packages/airflow/example_dags/example_python_decorator.py
[2025-04-02T11:11:21.998+0000] {processor.py:914} INFO - Processing file /home/airflow/.local/lib/python3.12/site-packages/airflow/example_dags/example_python_decorator.py for tasks to queue
[2025-04-02T11:11:22.003+0000] {logging_mixin.py:190} INFO - [2025-04-02T11:11:22.002+0000] {dagbag.py:588} INFO - Filling up the DagBag from /home/airflow/.local/lib/python3.12/site-packages/airflow/example_dags/example_python_decorator.py
[2025-04-02T11:11:22.021+0000] {processor.py:925} INFO - DAG(s) 'example_python_decorator' retrieved from /home/airflow/.local/lib/python3.12/site-packages/airflow/example_dags/example_python_decorator.py
[2025-04-02T11:11:22.051+0000] {logging_mixin.py:190} INFO - [2025-04-02T11:11:22.051+0000] {dag.py:3239} INFO - Sync 1 DAGs
[2025-04-02T11:11:22.067+0000] {logging_mixin.py:190} INFO - [2025-04-02T11:11:22.067+0000] {dag.py:4180} INFO - Setting next_dagrun for example_python_decorator to None, run_after=None
[2025-04-02T11:11:22.106+0000] {processor.py:208} INFO - Processing /home/airflow/.local/lib/python3.12/site-packages/airflow/example_dags/example_python_decorator.py took 0.117 seconds
[2025-04-02T11:11:52.721+0000] {processor.py:186} INFO - Started process (PID=1098) to work on /home/airflow/.local/lib/python3.12/site-packages/airflow/example_dags/example_python_decorator.py
[2025-04-02T11:11:52.723+0000] {processor.py:914} INFO - Processing file /home/airflow/.local/lib/python3.12/site-packages/airflow/example_dags/example_python_decorator.py for tasks to queue
[2025-04-02T11:11:52.728+0000] {logging_mixin.py:190} INFO - [2025-04-02T11:11:52.727+0000] {dagbag.py:588} INFO - Filling up the DagBag from /home/airflow/.local/lib/python3.12/site-packages/airflow/example_dags/example_python_decorator.py
[2025-04-02T11:11:52.745+0000] {processor.py:925} INFO - DAG(s) 'example_python_decorator' retrieved from /home/airflow/.local/lib/python3.12/site-packages/airflow/example_dags/example_python_decorator.py
[2025-04-02T11:11:52.773+0000] {logging_mixin.py:190} INFO - [2025-04-02T11:11:52.773+0000] {dag.py:3239} INFO - Sync 1 DAGs
[2025-04-02T11:11:52.791+0000] {logging_mixin.py:190} INFO - [2025-04-02T11:11:52.791+0000] {dag.py:4180} INFO - Setting next_dagrun for example_python_decorator to None, run_after=None
[2025-04-02T11:11:52.819+0000] {processor.py:208} INFO - Processing /home/airflow/.local/lib/python3.12/site-packages/airflow/example_dags/example_python_decorator.py took 0.105 seconds
[2025-04-02T11:12:23.309+0000] {processor.py:186} INFO - Started process (PID=1163) to work on /home/airflow/.local/lib/python3.12/site-packages/airflow/example_dags/example_python_decorator.py
[2025-04-02T11:12:23.312+0000] {processor.py:914} INFO - Processing file /home/airflow/.local/lib/python3.12/site-packages/airflow/example_dags/example_python_decorator.py for tasks to queue
[2025-04-02T11:12:23.315+0000] {logging_mixin.py:190} INFO - [2025-04-02T11:12:23.314+0000] {dagbag.py:588} INFO - Filling up the DagBag from /home/airflow/.local/lib/python3.12/site-packages/airflow/example_dags/example_python_decorator.py
[2025-04-02T11:12:23.327+0000] {processor.py:925} INFO - DAG(s) 'example_python_decorator' retrieved from /home/airflow/.local/lib/python3.12/site-packages/airflow/example_dags/example_python_decorator.py
[2025-04-02T11:12:23.352+0000] {logging_mixin.py:190} INFO - [2025-04-02T11:12:23.351+0000] {dag.py:3239} INFO - Sync 1 DAGs
[2025-04-02T11:12:23.365+0000] {logging_mixin.py:190} INFO - [2025-04-02T11:12:23.364+0000] {dag.py:4180} INFO - Setting next_dagrun for example_python_decorator to None, run_after=None
[2025-04-02T11:12:23.387+0000] {processor.py:208} INFO - Processing /home/airflow/.local/lib/python3.12/site-packages/airflow/example_dags/example_python_decorator.py took 0.083 seconds
[2025-04-02T11:12:53.649+0000] {processor.py:186} INFO - Started process (PID=1229) to work on /home/airflow/.local/lib/python3.12/site-packages/airflow/example_dags/example_python_decorator.py
[2025-04-02T11:12:53.651+0000] {processor.py:914} INFO - Processing file /home/airflow/.local/lib/python3.12/site-packages/airflow/example_dags/example_python_decorator.py for tasks to queue
[2025-04-02T11:12:53.657+0000] {logging_mixin.py:190} INFO - [2025-04-02T11:12:53.656+0000] {dagbag.py:588} INFO - Filling up the DagBag from /home/airflow/.local/lib/python3.12/site-packages/airflow/example_dags/example_python_decorator.py
[2025-04-02T11:12:53.672+0000] {processor.py:925} INFO - DAG(s) 'example_python_decorator' retrieved from /home/airflow/.local/lib/python3.12/site-packages/airflow/example_dags/example_python_decorator.py
[2025-04-02T11:12:53.707+0000] {logging_mixin.py:190} INFO - [2025-04-02T11:12:53.707+0000] {dag.py:3239} INFO - Sync 1 DAGs
[2025-04-02T11:12:53.722+0000] {logging_mixin.py:190} INFO - [2025-04-02T11:12:53.722+0000] {dag.py:4180} INFO - Setting next_dagrun for example_python_decorator to None, run_after=None
[2025-04-02T11:12:53.751+0000] {processor.py:208} INFO - Processing /home/airflow/.local/lib/python3.12/site-packages/airflow/example_dags/example_python_decorator.py took 0.108 seconds
[2025-04-02T11:13:24.727+0000] {processor.py:186} INFO - Started process (PID=1294) to work on /home/airflow/.local/lib/python3.12/site-packages/airflow/example_dags/example_python_decorator.py
[2025-04-02T11:13:24.729+0000] {processor.py:914} INFO - Processing file /home/airflow/.local/lib/python3.12/site-packages/airflow/example_dags/example_python_decorator.py for tasks to queue
[2025-04-02T11:13:24.733+0000] {logging_mixin.py:190} INFO - [2025-04-02T11:13:24.732+0000] {dagbag.py:588} INFO - Filling up the DagBag from /home/airflow/.local/lib/python3.12/site-packages/airflow/example_dags/example_python_decorator.py
[2025-04-02T11:13:24.751+0000] {processor.py:925} INFO - DAG(s) 'example_python_decorator' retrieved from /home/airflow/.local/lib/python3.12/site-packages/airflow/example_dags/example_python_decorator.py
[2025-04-02T11:13:24.775+0000] {logging_mixin.py:190} INFO - [2025-04-02T11:13:24.774+0000] {dag.py:3239} INFO - Sync 1 DAGs
[2025-04-02T11:13:24.792+0000] {logging_mixin.py:190} INFO - [2025-04-02T11:13:24.792+0000] {dag.py:4180} INFO - Setting next_dagrun for example_python_decorator to None, run_after=None
[2025-04-02T11:13:24.821+0000] {processor.py:208} INFO - Processing /home/airflow/.local/lib/python3.12/site-packages/airflow/example_dags/example_python_decorator.py took 0.104 seconds
[2025-04-02T11:13:54.955+0000] {processor.py:186} INFO - Started process (PID=1359) to work on /home/airflow/.local/lib/python3.12/site-packages/airflow/example_dags/example_python_decorator.py
[2025-04-02T11:13:54.957+0000] {processor.py:914} INFO - Processing file /home/airflow/.local/lib/python3.12/site-packages/airflow/example_dags/example_python_decorator.py for tasks to queue
[2025-04-02T11:13:54.963+0000] {logging_mixin.py:190} INFO - [2025-04-02T11:13:54.962+0000] {dagbag.py:588} INFO - Filling up the DagBag from /home/airflow/.local/lib/python3.12/site-packages/airflow/example_dags/example_python_decorator.py
[2025-04-02T11:13:54.989+0000] {processor.py:925} INFO - DAG(s) 'example_python_decorator' retrieved from /home/airflow/.local/lib/python3.12/site-packages/airflow/example_dags/example_python_decorator.py
[2025-04-02T11:13:55.025+0000] {logging_mixin.py:190} INFO - [2025-04-02T11:13:55.024+0000] {dag.py:3239} INFO - Sync 1 DAGs
[2025-04-02T11:13:55.055+0000] {logging_mixin.py:190} INFO - [2025-04-02T11:13:55.055+0000] {dag.py:4180} INFO - Setting next_dagrun for example_python_decorator to None, run_after=None
[2025-04-02T11:13:55.092+0000] {processor.py:208} INFO - Processing /home/airflow/.local/lib/python3.12/site-packages/airflow/example_dags/example_python_decorator.py took 0.145 seconds
[2025-04-02T11:14:25.182+0000] {processor.py:186} INFO - Started process (PID=1424) to work on /home/airflow/.local/lib/python3.12/site-packages/airflow/example_dags/example_python_decorator.py
[2025-04-02T11:14:25.185+0000] {processor.py:914} INFO - Processing file /home/airflow/.local/lib/python3.12/site-packages/airflow/example_dags/example_python_decorator.py for tasks to queue
[2025-04-02T11:14:25.190+0000] {logging_mixin.py:190} INFO - [2025-04-02T11:14:25.189+0000] {dagbag.py:588} INFO - Filling up the DagBag from /home/airflow/.local/lib/python3.12/site-packages/airflow/example_dags/example_python_decorator.py
[2025-04-02T11:14:25.220+0000] {processor.py:925} INFO - DAG(s) 'example_python_decorator' retrieved from /home/airflow/.local/lib/python3.12/site-packages/airflow/example_dags/example_python_decorator.py
[2025-04-02T11:14:25.254+0000] {logging_mixin.py:190} INFO - [2025-04-02T11:14:25.253+0000] {dag.py:3239} INFO - Sync 1 DAGs
[2025-04-02T11:14:25.269+0000] {logging_mixin.py:190} INFO - [2025-04-02T11:14:25.269+0000] {dag.py:4180} INFO - Setting next_dagrun for example_python_decorator to None, run_after=None
[2025-04-02T11:14:25.298+0000] {processor.py:208} INFO - Processing /home/airflow/.local/lib/python3.12/site-packages/airflow/example_dags/example_python_decorator.py took 0.121 seconds
[2025-04-02T11:14:55.664+0000] {processor.py:186} INFO - Started process (PID=1489) to work on /home/airflow/.local/lib/python3.12/site-packages/airflow/example_dags/example_python_decorator.py
[2025-04-02T11:14:55.666+0000] {processor.py:914} INFO - Processing file /home/airflow/.local/lib/python3.12/site-packages/airflow/example_dags/example_python_decorator.py for tasks to queue
[2025-04-02T11:14:55.670+0000] {logging_mixin.py:190} INFO - [2025-04-02T11:14:55.669+0000] {dagbag.py:588} INFO - Filling up the DagBag from /home/airflow/.local/lib/python3.12/site-packages/airflow/example_dags/example_python_decorator.py
[2025-04-02T11:14:55.686+0000] {processor.py:925} INFO - DAG(s) 'example_python_decorator' retrieved from /home/airflow/.local/lib/python3.12/site-packages/airflow/example_dags/example_python_decorator.py
[2025-04-02T11:14:55.717+0000] {logging_mixin.py:190} INFO - [2025-04-02T11:14:55.717+0000] {dag.py:3239} INFO - Sync 1 DAGs
[2025-04-02T11:14:55.737+0000] {logging_mixin.py:190} INFO - [2025-04-02T11:14:55.737+0000] {dag.py:4180} INFO - Setting next_dagrun for example_python_decorator to None, run_after=None
[2025-04-02T11:14:55.768+0000] {processor.py:208} INFO - Processing /home/airflow/.local/lib/python3.12/site-packages/airflow/example_dags/example_python_decorator.py took 0.112 seconds
[2025-04-02T11:15:26.752+0000] {processor.py:186} INFO - Started process (PID=1554) to work on /home/airflow/.local/lib/python3.12/site-packages/airflow/example_dags/example_python_decorator.py
[2025-04-02T11:15:26.755+0000] {processor.py:914} INFO - Processing file /home/airflow/.local/lib/python3.12/site-packages/airflow/example_dags/example_python_decorator.py for tasks to queue
[2025-04-02T11:15:26.759+0000] {logging_mixin.py:190} INFO - [2025-04-02T11:15:26.759+0000] {dagbag.py:588} INFO - Filling up the DagBag from /home/airflow/.local/lib/python3.12/site-packages/airflow/example_dags/example_python_decorator.py
[2025-04-02T11:15:26.778+0000] {processor.py:925} INFO - DAG(s) 'example_python_decorator' retrieved from /home/airflow/.local/lib/python3.12/site-packages/airflow/example_dags/example_python_decorator.py
[2025-04-02T11:15:26.813+0000] {logging_mixin.py:190} INFO - [2025-04-02T11:15:26.812+0000] {dag.py:3239} INFO - Sync 1 DAGs
[2025-04-02T11:15:26.830+0000] {logging_mixin.py:190} INFO - [2025-04-02T11:15:26.830+0000] {dag.py:4180} INFO - Setting next_dagrun for example_python_decorator to None, run_after=None
[2025-04-02T11:15:26.856+0000] {processor.py:208} INFO - Processing /home/airflow/.local/lib/python3.12/site-packages/airflow/example_dags/example_python_decorator.py took 0.110 seconds
[2025-04-02T11:15:57.621+0000] {processor.py:186} INFO - Started process (PID=1619) to work on /home/airflow/.local/lib/python3.12/site-packages/airflow/example_dags/example_python_decorator.py
[2025-04-02T11:15:57.624+0000] {processor.py:914} INFO - Processing file /home/airflow/.local/lib/python3.12/site-packages/airflow/example_dags/example_python_decorator.py for tasks to queue
[2025-04-02T11:15:57.628+0000] {logging_mixin.py:190} INFO - [2025-04-02T11:15:57.627+0000] {dagbag.py:588} INFO - Filling up the DagBag from /home/airflow/.local/lib/python3.12/site-packages/airflow/example_dags/example_python_decorator.py
[2025-04-02T11:15:57.642+0000] {processor.py:925} INFO - DAG(s) 'example_python_decorator' retrieved from /home/airflow/.local/lib/python3.12/site-packages/airflow/example_dags/example_python_decorator.py
[2025-04-02T11:15:57.684+0000] {logging_mixin.py:190} INFO - [2025-04-02T11:15:57.683+0000] {dag.py:3239} INFO - Sync 1 DAGs
[2025-04-02T11:15:57.703+0000] {logging_mixin.py:190} INFO - [2025-04-02T11:15:57.703+0000] {dag.py:4180} INFO - Setting next_dagrun for example_python_decorator to None, run_after=None
[2025-04-02T11:15:57.730+0000] {processor.py:208} INFO - Processing /home/airflow/.local/lib/python3.12/site-packages/airflow/example_dags/example_python_decorator.py took 0.115 seconds
[2025-04-02T11:16:27.846+0000] {processor.py:186} INFO - Started process (PID=1684) to work on /home/airflow/.local/lib/python3.12/site-packages/airflow/example_dags/example_python_decorator.py
[2025-04-02T11:16:27.849+0000] {processor.py:914} INFO - Processing file /home/airflow/.local/lib/python3.12/site-packages/airflow/example_dags/example_python_decorator.py for tasks to queue
[2025-04-02T11:16:27.854+0000] {logging_mixin.py:190} INFO - [2025-04-02T11:16:27.853+0000] {dagbag.py:588} INFO - Filling up the DagBag from /home/airflow/.local/lib/python3.12/site-packages/airflow/example_dags/example_python_decorator.py
[2025-04-02T11:16:27.876+0000] {processor.py:925} INFO - DAG(s) 'example_python_decorator' retrieved from /home/airflow/.local/lib/python3.12/site-packages/airflow/example_dags/example_python_decorator.py
[2025-04-02T11:16:27.914+0000] {logging_mixin.py:190} INFO - [2025-04-02T11:16:27.913+0000] {dag.py:3239} INFO - Sync 1 DAGs
[2025-04-02T11:16:27.939+0000] {logging_mixin.py:190} INFO - [2025-04-02T11:16:27.939+0000] {dag.py:4180} INFO - Setting next_dagrun for example_python_decorator to None, run_after=None
[2025-04-02T11:16:27.988+0000] {processor.py:208} INFO - Processing /home/airflow/.local/lib/python3.12/site-packages/airflow/example_dags/example_python_decorator.py took 0.151 seconds
[2025-04-02T11:16:58.756+0000] {processor.py:186} INFO - Started process (PID=1749) to work on /home/airflow/.local/lib/python3.12/site-packages/airflow/example_dags/example_python_decorator.py
[2025-04-02T11:16:58.758+0000] {processor.py:914} INFO - Processing file /home/airflow/.local/lib/python3.12/site-packages/airflow/example_dags/example_python_decorator.py for tasks to queue
[2025-04-02T11:16:58.762+0000] {logging_mixin.py:190} INFO - [2025-04-02T11:16:58.762+0000] {dagbag.py:588} INFO - Filling up the DagBag from /home/airflow/.local/lib/python3.12/site-packages/airflow/example_dags/example_python_decorator.py
[2025-04-02T11:16:58.777+0000] {processor.py:925} INFO - DAG(s) 'example_python_decorator' retrieved from /home/airflow/.local/lib/python3.12/site-packages/airflow/example_dags/example_python_decorator.py
[2025-04-02T11:16:58.814+0000] {logging_mixin.py:190} INFO - [2025-04-02T11:16:58.813+0000] {dag.py:3239} INFO - Sync 1 DAGs
[2025-04-02T11:16:58.841+0000] {logging_mixin.py:190} INFO - [2025-04-02T11:16:58.841+0000] {dag.py:4180} INFO - Setting next_dagrun for example_python_decorator to None, run_after=None
[2025-04-02T11:16:58.873+0000] {processor.py:208} INFO - Processing /home/airflow/.local/lib/python3.12/site-packages/airflow/example_dags/example_python_decorator.py took 0.124 seconds
[2025-04-02T11:17:29.321+0000] {processor.py:186} INFO - Started process (PID=1814) to work on /home/airflow/.local/lib/python3.12/site-packages/airflow/example_dags/example_python_decorator.py
[2025-04-02T11:17:29.323+0000] {processor.py:914} INFO - Processing file /home/airflow/.local/lib/python3.12/site-packages/airflow/example_dags/example_python_decorator.py for tasks to queue
[2025-04-02T11:17:29.327+0000] {logging_mixin.py:190} INFO - [2025-04-02T11:17:29.327+0000] {dagbag.py:588} INFO - Filling up the DagBag from /home/airflow/.local/lib/python3.12/site-packages/airflow/example_dags/example_python_decorator.py
[2025-04-02T11:17:29.345+0000] {processor.py:925} INFO - DAG(s) 'example_python_decorator' retrieved from /home/airflow/.local/lib/python3.12/site-packages/airflow/example_dags/example_python_decorator.py
[2025-04-02T11:17:29.376+0000] {logging_mixin.py:190} INFO - [2025-04-02T11:17:29.375+0000] {dag.py:3239} INFO - Sync 1 DAGs
[2025-04-02T11:17:29.391+0000] {logging_mixin.py:190} INFO - [2025-04-02T11:17:29.390+0000] {dag.py:4180} INFO - Setting next_dagrun for example_python_decorator to None, run_after=None
[2025-04-02T11:17:29.415+0000] {processor.py:208} INFO - Processing /home/airflow/.local/lib/python3.12/site-packages/airflow/example_dags/example_python_decorator.py took 0.102 seconds
[2025-04-02T11:17:59.630+0000] {processor.py:186} INFO - Started process (PID=1879) to work on /home/airflow/.local/lib/python3.12/site-packages/airflow/example_dags/example_python_decorator.py
[2025-04-02T11:17:59.632+0000] {processor.py:914} INFO - Processing file /home/airflow/.local/lib/python3.12/site-packages/airflow/example_dags/example_python_decorator.py for tasks to queue
[2025-04-02T11:17:59.637+0000] {logging_mixin.py:190} INFO - [2025-04-02T11:17:59.636+0000] {dagbag.py:588} INFO - Filling up the DagBag from /home/airflow/.local/lib/python3.12/site-packages/airflow/example_dags/example_python_decorator.py
[2025-04-02T11:17:59.650+0000] {processor.py:925} INFO - DAG(s) 'example_python_decorator' retrieved from /home/airflow/.local/lib/python3.12/site-packages/airflow/example_dags/example_python_decorator.py
[2025-04-02T11:17:59.675+0000] {logging_mixin.py:190} INFO - [2025-04-02T11:17:59.675+0000] {dag.py:3239} INFO - Sync 1 DAGs
[2025-04-02T11:17:59.690+0000] {logging_mixin.py:190} INFO - [2025-04-02T11:17:59.690+0000] {dag.py:4180} INFO - Setting next_dagrun for example_python_decorator to None, run_after=None
[2025-04-02T11:17:59.710+0000] {processor.py:208} INFO - Processing /home/airflow/.local/lib/python3.12/site-packages/airflow/example_dags/example_python_decorator.py took 0.085 seconds
[2025-04-02T11:18:30.459+0000] {processor.py:186} INFO - Started process (PID=1944) to work on /home/airflow/.local/lib/python3.12/site-packages/airflow/example_dags/example_python_decorator.py
[2025-04-02T11:18:30.461+0000] {processor.py:914} INFO - Processing file /home/airflow/.local/lib/python3.12/site-packages/airflow/example_dags/example_python_decorator.py for tasks to queue
[2025-04-02T11:18:30.464+0000] {logging_mixin.py:190} INFO - [2025-04-02T11:18:30.464+0000] {dagbag.py:588} INFO - Filling up the DagBag from /home/airflow/.local/lib/python3.12/site-packages/airflow/example_dags/example_python_decorator.py
[2025-04-02T11:18:30.479+0000] {processor.py:925} INFO - DAG(s) 'example_python_decorator' retrieved from /home/airflow/.local/lib/python3.12/site-packages/airflow/example_dags/example_python_decorator.py
[2025-04-02T11:18:30.511+0000] {logging_mixin.py:190} INFO - [2025-04-02T11:18:30.510+0000] {dag.py:3239} INFO - Sync 1 DAGs
[2025-04-02T11:18:30.525+0000] {logging_mixin.py:190} INFO - [2025-04-02T11:18:30.525+0000] {dag.py:4180} INFO - Setting next_dagrun for example_python_decorator to None, run_after=None
[2025-04-02T11:18:30.557+0000] {processor.py:208} INFO - Processing /home/airflow/.local/lib/python3.12/site-packages/airflow/example_dags/example_python_decorator.py took 0.105 seconds
[2025-04-02T11:19:01.372+0000] {processor.py:186} INFO - Started process (PID=2009) to work on /home/airflow/.local/lib/python3.12/site-packages/airflow/example_dags/example_python_decorator.py
[2025-04-02T11:19:01.374+0000] {processor.py:914} INFO - Processing file /home/airflow/.local/lib/python3.12/site-packages/airflow/example_dags/example_python_decorator.py for tasks to queue
[2025-04-02T11:19:01.378+0000] {logging_mixin.py:190} INFO - [2025-04-02T11:19:01.377+0000] {dagbag.py:588} INFO - Filling up the DagBag from /home/airflow/.local/lib/python3.12/site-packages/airflow/example_dags/example_python_decorator.py
[2025-04-02T11:19:01.390+0000] {processor.py:925} INFO - DAG(s) 'example_python_decorator' retrieved from /home/airflow/.local/lib/python3.12/site-packages/airflow/example_dags/example_python_decorator.py
[2025-04-02T11:19:01.414+0000] {logging_mixin.py:190} INFO - [2025-04-02T11:19:01.414+0000] {dag.py:3239} INFO - Sync 1 DAGs
[2025-04-02T11:19:01.429+0000] {logging_mixin.py:190} INFO - [2025-04-02T11:19:01.429+0000] {dag.py:4180} INFO - Setting next_dagrun for example_python_decorator to None, run_after=None
[2025-04-02T11:19:01.451+0000] {processor.py:208} INFO - Processing /home/airflow/.local/lib/python3.12/site-packages/airflow/example_dags/example_python_decorator.py took 0.086 seconds
[2025-04-02T11:19:32.159+0000] {processor.py:186} INFO - Started process (PID=2074) to work on /home/airflow/.local/lib/python3.12/site-packages/airflow/example_dags/example_python_decorator.py
[2025-04-02T11:19:32.161+0000] {processor.py:914} INFO - Processing file /home/airflow/.local/lib/python3.12/site-packages/airflow/example_dags/example_python_decorator.py for tasks to queue
[2025-04-02T11:19:32.167+0000] {logging_mixin.py:190} INFO - [2025-04-02T11:19:32.166+0000] {dagbag.py:588} INFO - Filling up the DagBag from /home/airflow/.local/lib/python3.12/site-packages/airflow/example_dags/example_python_decorator.py
[2025-04-02T11:19:32.181+0000] {processor.py:925} INFO - DAG(s) 'example_python_decorator' retrieved from /home/airflow/.local/lib/python3.12/site-packages/airflow/example_dags/example_python_decorator.py
[2025-04-02T11:19:32.203+0000] {logging_mixin.py:190} INFO - [2025-04-02T11:19:32.203+0000] {dag.py:3239} INFO - Sync 1 DAGs
[2025-04-02T11:19:32.219+0000] {logging_mixin.py:190} INFO - [2025-04-02T11:19:32.218+0000] {dag.py:4180} INFO - Setting next_dagrun for example_python_decorator to None, run_after=None
[2025-04-02T11:19:32.247+0000] {processor.py:208} INFO - Processing /home/airflow/.local/lib/python3.12/site-packages/airflow/example_dags/example_python_decorator.py took 0.094 seconds
[2025-04-02T11:20:03.183+0000] {processor.py:186} INFO - Started process (PID=2139) to work on /home/airflow/.local/lib/python3.12/site-packages/airflow/example_dags/example_python_decorator.py
[2025-04-02T11:20:03.185+0000] {processor.py:914} INFO - Processing file /home/airflow/.local/lib/python3.12/site-packages/airflow/example_dags/example_python_decorator.py for tasks to queue
[2025-04-02T11:20:03.189+0000] {logging_mixin.py:190} INFO - [2025-04-02T11:20:03.189+0000] {dagbag.py:588} INFO - Filling up the DagBag from /home/airflow/.local/lib/python3.12/site-packages/airflow/example_dags/example_python_decorator.py
[2025-04-02T11:20:03.206+0000] {processor.py:925} INFO - DAG(s) 'example_python_decorator' retrieved from /home/airflow/.local/lib/python3.12/site-packages/airflow/example_dags/example_python_decorator.py
[2025-04-02T11:20:03.230+0000] {logging_mixin.py:190} INFO - [2025-04-02T11:20:03.229+0000] {dag.py:3239} INFO - Sync 1 DAGs
[2025-04-02T11:20:03.246+0000] {logging_mixin.py:190} INFO - [2025-04-02T11:20:03.245+0000] {dag.py:4180} INFO - Setting next_dagrun for example_python_decorator to None, run_after=None
[2025-04-02T11:20:03.267+0000] {processor.py:208} INFO - Processing /home/airflow/.local/lib/python3.12/site-packages/airflow/example_dags/example_python_decorator.py took 0.090 seconds
[2025-04-02T11:20:33.521+0000] {processor.py:186} INFO - Started process (PID=2204) to work on /home/airflow/.local/lib/python3.12/site-packages/airflow/example_dags/example_python_decorator.py
[2025-04-02T11:20:33.523+0000] {processor.py:914} INFO - Processing file /home/airflow/.local/lib/python3.12/site-packages/airflow/example_dags/example_python_decorator.py for tasks to queue
[2025-04-02T11:20:33.527+0000] {logging_mixin.py:190} INFO - [2025-04-02T11:20:33.527+0000] {dagbag.py:588} INFO - Filling up the DagBag from /home/airflow/.local/lib/python3.12/site-packages/airflow/example_dags/example_python_decorator.py
[2025-04-02T11:20:33.541+0000] {processor.py:925} INFO - DAG(s) 'example_python_decorator' retrieved from /home/airflow/.local/lib/python3.12/site-packages/airflow/example_dags/example_python_decorator.py
[2025-04-02T11:20:33.565+0000] {logging_mixin.py:190} INFO - [2025-04-02T11:20:33.565+0000] {dag.py:3239} INFO - Sync 1 DAGs
[2025-04-02T11:20:33.577+0000] {logging_mixin.py:190} INFO - [2025-04-02T11:20:33.577+0000] {dag.py:4180} INFO - Setting next_dagrun for example_python_decorator to None, run_after=None
[2025-04-02T11:20:33.595+0000] {processor.py:208} INFO - Processing /home/airflow/.local/lib/python3.12/site-packages/airflow/example_dags/example_python_decorator.py took 0.080 seconds
[2025-04-02T11:21:04.748+0000] {processor.py:186} INFO - Started process (PID=2270) to work on /home/airflow/.local/lib/python3.12/site-packages/airflow/example_dags/example_python_decorator.py
[2025-04-02T11:21:04.751+0000] {processor.py:914} INFO - Processing file /home/airflow/.local/lib/python3.12/site-packages/airflow/example_dags/example_python_decorator.py for tasks to queue
[2025-04-02T11:21:04.754+0000] {logging_mixin.py:190} INFO - [2025-04-02T11:21:04.754+0000] {dagbag.py:588} INFO - Filling up the DagBag from /home/airflow/.local/lib/python3.12/site-packages/airflow/example_dags/example_python_decorator.py
[2025-04-02T11:21:04.768+0000] {processor.py:925} INFO - DAG(s) 'example_python_decorator' retrieved from /home/airflow/.local/lib/python3.12/site-packages/airflow/example_dags/example_python_decorator.py
[2025-04-02T11:21:04.793+0000] {logging_mixin.py:190} INFO - [2025-04-02T11:21:04.793+0000] {dag.py:3239} INFO - Sync 1 DAGs
[2025-04-02T11:21:04.807+0000] {logging_mixin.py:190} INFO - [2025-04-02T11:21:04.807+0000] {dag.py:4180} INFO - Setting next_dagrun for example_python_decorator to None, run_after=None
[2025-04-02T11:21:04.826+0000] {processor.py:208} INFO - Processing /home/airflow/.local/lib/python3.12/site-packages/airflow/example_dags/example_python_decorator.py took 0.084 seconds
[2025-04-02T11:21:35.162+0000] {processor.py:186} INFO - Started process (PID=2335) to work on /home/airflow/.local/lib/python3.12/site-packages/airflow/example_dags/example_python_decorator.py
[2025-04-02T11:21:35.166+0000] {processor.py:914} INFO - Processing file /home/airflow/.local/lib/python3.12/site-packages/airflow/example_dags/example_python_decorator.py for tasks to queue
[2025-04-02T11:21:35.170+0000] {logging_mixin.py:190} INFO - [2025-04-02T11:21:35.169+0000] {dagbag.py:588} INFO - Filling up the DagBag from /home/airflow/.local/lib/python3.12/site-packages/airflow/example_dags/example_python_decorator.py
[2025-04-02T11:21:35.187+0000] {processor.py:925} INFO - DAG(s) 'example_python_decorator' retrieved from /home/airflow/.local/lib/python3.12/site-packages/airflow/example_dags/example_python_decorator.py
[2025-04-02T11:21:35.218+0000] {logging_mixin.py:190} INFO - [2025-04-02T11:21:35.218+0000] {dag.py:3239} INFO - Sync 1 DAGs
[2025-04-02T11:21:35.234+0000] {logging_mixin.py:190} INFO - [2025-04-02T11:21:35.233+0000] {dag.py:4180} INFO - Setting next_dagrun for example_python_decorator to None, run_after=None
[2025-04-02T11:21:35.259+0000] {processor.py:208} INFO - Processing /home/airflow/.local/lib/python3.12/site-packages/airflow/example_dags/example_python_decorator.py took 0.102 seconds
[2025-04-02T11:22:05.674+0000] {processor.py:186} INFO - Started process (PID=2400) to work on /home/airflow/.local/lib/python3.12/site-packages/airflow/example_dags/example_python_decorator.py
[2025-04-02T11:22:05.676+0000] {processor.py:914} INFO - Processing file /home/airflow/.local/lib/python3.12/site-packages/airflow/example_dags/example_python_decorator.py for tasks to queue
[2025-04-02T11:22:05.679+0000] {logging_mixin.py:190} INFO - [2025-04-02T11:22:05.678+0000] {dagbag.py:588} INFO - Filling up the DagBag from /home/airflow/.local/lib/python3.12/site-packages/airflow/example_dags/example_python_decorator.py
[2025-04-02T11:22:05.693+0000] {processor.py:925} INFO - DAG(s) 'example_python_decorator' retrieved from /home/airflow/.local/lib/python3.12/site-packages/airflow/example_dags/example_python_decorator.py
[2025-04-02T11:22:05.727+0000] {logging_mixin.py:190} INFO - [2025-04-02T11:22:05.726+0000] {dag.py:3239} INFO - Sync 1 DAGs
[2025-04-02T11:22:05.741+0000] {logging_mixin.py:190} INFO - [2025-04-02T11:22:05.740+0000] {dag.py:4180} INFO - Setting next_dagrun for example_python_decorator to None, run_after=None
[2025-04-02T11:22:05.765+0000] {processor.py:208} INFO - Processing /home/airflow/.local/lib/python3.12/site-packages/airflow/example_dags/example_python_decorator.py took 0.096 seconds
[2025-04-02T11:22:36.163+0000] {processor.py:186} INFO - Started process (PID=2466) to work on /home/airflow/.local/lib/python3.12/site-packages/airflow/example_dags/example_python_decorator.py
[2025-04-02T11:22:36.165+0000] {processor.py:914} INFO - Processing file /home/airflow/.local/lib/python3.12/site-packages/airflow/example_dags/example_python_decorator.py for tasks to queue
[2025-04-02T11:22:36.171+0000] {logging_mixin.py:190} INFO - [2025-04-02T11:22:36.170+0000] {dagbag.py:588} INFO - Filling up the DagBag from /home/airflow/.local/lib/python3.12/site-packages/airflow/example_dags/example_python_decorator.py
[2025-04-02T11:22:36.187+0000] {processor.py:925} INFO - DAG(s) 'example_python_decorator' retrieved from /home/airflow/.local/lib/python3.12/site-packages/airflow/example_dags/example_python_decorator.py
[2025-04-02T11:22:36.210+0000] {logging_mixin.py:190} INFO - [2025-04-02T11:22:36.210+0000] {dag.py:3239} INFO - Sync 1 DAGs
[2025-04-02T11:22:36.225+0000] {logging_mixin.py:190} INFO - [2025-04-02T11:22:36.225+0000] {dag.py:4180} INFO - Setting next_dagrun for example_python_decorator to None, run_after=None
[2025-04-02T11:22:36.246+0000] {processor.py:208} INFO - Processing /home/airflow/.local/lib/python3.12/site-packages/airflow/example_dags/example_python_decorator.py took 0.089 seconds
[2025-04-02T11:23:06.537+0000] {processor.py:186} INFO - Started process (PID=2531) to work on /home/airflow/.local/lib/python3.12/site-packages/airflow/example_dags/example_python_decorator.py
[2025-04-02T11:23:06.540+0000] {processor.py:914} INFO - Processing file /home/airflow/.local/lib/python3.12/site-packages/airflow/example_dags/example_python_decorator.py for tasks to queue
[2025-04-02T11:23:06.543+0000] {logging_mixin.py:190} INFO - [2025-04-02T11:23:06.543+0000] {dagbag.py:588} INFO - Filling up the DagBag from /home/airflow/.local/lib/python3.12/site-packages/airflow/example_dags/example_python_decorator.py
[2025-04-02T11:23:06.561+0000] {processor.py:925} INFO - DAG(s) 'example_python_decorator' retrieved from /home/airflow/.local/lib/python3.12/site-packages/airflow/example_dags/example_python_decorator.py
[2025-04-02T11:23:06.589+0000] {logging_mixin.py:190} INFO - [2025-04-02T11:23:06.589+0000] {dag.py:3239} INFO - Sync 1 DAGs
[2025-04-02T11:23:06.609+0000] {logging_mixin.py:190} INFO - [2025-04-02T11:23:06.609+0000] {dag.py:4180} INFO - Setting next_dagrun for example_python_decorator to None, run_after=None
[2025-04-02T11:23:06.635+0000] {processor.py:208} INFO - Processing /home/airflow/.local/lib/python3.12/site-packages/airflow/example_dags/example_python_decorator.py took 0.104 seconds
[2025-04-02T11:23:37.557+0000] {processor.py:186} INFO - Started process (PID=2596) to work on /home/airflow/.local/lib/python3.12/site-packages/airflow/example_dags/example_python_decorator.py
[2025-04-02T11:23:37.559+0000] {processor.py:914} INFO - Processing file /home/airflow/.local/lib/python3.12/site-packages/airflow/example_dags/example_python_decorator.py for tasks to queue
[2025-04-02T11:23:37.563+0000] {logging_mixin.py:190} INFO - [2025-04-02T11:23:37.562+0000] {dagbag.py:588} INFO - Filling up the DagBag from /home/airflow/.local/lib/python3.12/site-packages/airflow/example_dags/example_python_decorator.py
[2025-04-02T11:23:37.576+0000] {processor.py:925} INFO - DAG(s) 'example_python_decorator' retrieved from /home/airflow/.local/lib/python3.12/site-packages/airflow/example_dags/example_python_decorator.py
[2025-04-02T11:23:37.599+0000] {logging_mixin.py:190} INFO - [2025-04-02T11:23:37.599+0000] {dag.py:3239} INFO - Sync 1 DAGs
[2025-04-02T11:23:37.617+0000] {logging_mixin.py:190} INFO - [2025-04-02T11:23:37.616+0000] {dag.py:4180} INFO - Setting next_dagrun for example_python_decorator to None, run_after=None
[2025-04-02T11:23:37.639+0000] {processor.py:208} INFO - Processing /home/airflow/.local/lib/python3.12/site-packages/airflow/example_dags/example_python_decorator.py took 0.087 seconds
