[2025-04-02T06:22:14.461+0000] {processor.py:186} INFO - Started process (PID=7918) to work on /home/airflow/.local/lib/python3.12/site-packages/airflow/example_dags/example_dataset_alias.py
[2025-04-02T06:22:14.463+0000] {processor.py:914} INFO - Processing file /home/airflow/.local/lib/python3.12/site-packages/airflow/example_dags/example_dataset_alias.py for tasks to queue
[2025-04-02T06:22:14.464+0000] {logging_mixin.py:190} INFO - [2025-04-02T06:22:14.464+0000] {dagbag.py:588} INFO - Filling up the DagBag from /home/airflow/.local/lib/python3.12/site-packages/airflow/example_dags/example_dataset_alias.py
[2025-04-02T06:22:14.939+0000] {processor.py:925} INFO - DAG(s) 'dataset_alias_example_alias_consumer', 'dataset_s3_bucket_consumer', 'dataset_s3_bucket_producer', 'dataset_alias_example_alias_producer' retrieved from /home/airflow/.local/lib/python3.12/site-packages/airflow/example_dags/example_dataset_alias.py
[2025-04-02T06:22:14.964+0000] {logging_mixin.py:190} INFO - [2025-04-02T06:22:14.964+0000] {dag.py:3239} INFO - Sync 4 DAGs
[2025-04-02T06:22:14.983+0000] {logging_mixin.py:190} INFO - [2025-04-02T06:22:14.983+0000] {dag.py:4180} INFO - Setting next_dagrun for dataset_alias_example_alias_consumer to None, run_after=None
[2025-04-02T06:22:14.987+0000] {logging_mixin.py:190} INFO - [2025-04-02T06:22:14.987+0000] {dag.py:4180} INFO - Setting next_dagrun for dataset_alias_example_alias_producer to None, run_after=None
[2025-04-02T06:22:14.989+0000] {logging_mixin.py:190} INFO - [2025-04-02T06:22:14.989+0000] {dag.py:4180} INFO - Setting next_dagrun for dataset_s3_bucket_consumer to None, run_after=None
[2025-04-02T06:22:14.992+0000] {logging_mixin.py:190} INFO - [2025-04-02T06:22:14.992+0000] {dag.py:4180} INFO - Setting next_dagrun for dataset_s3_bucket_producer to None, run_after=None
[2025-04-02T06:22:15.021+0000] {processor.py:208} INFO - Processing /home/airflow/.local/lib/python3.12/site-packages/airflow/example_dags/example_dataset_alias.py took 0.565 seconds
[2025-04-02T09:06:47.313+0000] {processor.py:186} INFO - Started process (PID=7984) to work on /home/airflow/.local/lib/python3.12/site-packages/airflow/example_dags/example_dataset_alias.py
[2025-04-02T09:06:47.316+0000] {processor.py:914} INFO - Processing file /home/airflow/.local/lib/python3.12/site-packages/airflow/example_dags/example_dataset_alias.py for tasks to queue
[2025-04-02T09:06:47.319+0000] {logging_mixin.py:190} INFO - [2025-04-02T09:06:47.318+0000] {dagbag.py:588} INFO - Filling up the DagBag from /home/airflow/.local/lib/python3.12/site-packages/airflow/example_dags/example_dataset_alias.py
[2025-04-02T09:06:48.749+0000] {processor.py:925} INFO - DAG(s) 'dataset_alias_example_alias_consumer', 'dataset_s3_bucket_producer', 'dataset_s3_bucket_consumer', 'dataset_alias_example_alias_producer' retrieved from /home/airflow/.local/lib/python3.12/site-packages/airflow/example_dags/example_dataset_alias.py
[2025-04-02T09:06:48.792+0000] {logging_mixin.py:190} INFO - [2025-04-02T09:06:48.791+0000] {dag.py:3239} INFO - Sync 4 DAGs
[2025-04-02T09:06:48.839+0000] {logging_mixin.py:190} INFO - [2025-04-02T09:06:48.838+0000] {dag.py:4180} INFO - Setting next_dagrun for dataset_alias_example_alias_consumer to None, run_after=None
[2025-04-02T09:06:48.847+0000] {logging_mixin.py:190} INFO - [2025-04-02T09:06:48.847+0000] {dag.py:4180} INFO - Setting next_dagrun for dataset_alias_example_alias_producer to None, run_after=None
[2025-04-02T09:06:48.852+0000] {logging_mixin.py:190} INFO - [2025-04-02T09:06:48.851+0000] {dag.py:4180} INFO - Setting next_dagrun for dataset_s3_bucket_consumer to None, run_after=None
[2025-04-02T09:06:48.857+0000] {logging_mixin.py:190} INFO - [2025-04-02T09:06:48.856+0000] {dag.py:4180} INFO - Setting next_dagrun for dataset_s3_bucket_producer to None, run_after=None
[2025-04-02T09:06:48.898+0000] {processor.py:208} INFO - Processing /home/airflow/.local/lib/python3.12/site-packages/airflow/example_dags/example_dataset_alias.py took 1.602 seconds
[2025-04-02T11:03:40.877+0000] {processor.py:186} INFO - Started process (PID=53) to work on /home/airflow/.local/lib/python3.12/site-packages/airflow/example_dags/example_dataset_alias.py
[2025-04-02T11:03:40.880+0000] {processor.py:914} INFO - Processing file /home/airflow/.local/lib/python3.12/site-packages/airflow/example_dags/example_dataset_alias.py for tasks to queue
[2025-04-02T11:03:40.885+0000] {logging_mixin.py:190} INFO - [2025-04-02T11:03:40.885+0000] {dagbag.py:588} INFO - Filling up the DagBag from /home/airflow/.local/lib/python3.12/site-packages/airflow/example_dags/example_dataset_alias.py
[2025-04-02T11:03:41.737+0000] {processor.py:925} INFO - DAG(s) 'dataset_s3_bucket_producer', 'dataset_s3_bucket_consumer', 'dataset_alias_example_alias_producer', 'dataset_alias_example_alias_consumer' retrieved from /home/airflow/.local/lib/python3.12/site-packages/airflow/example_dags/example_dataset_alias.py
[2025-04-02T11:03:41.778+0000] {logging_mixin.py:190} INFO - [2025-04-02T11:03:41.777+0000] {dag.py:3239} INFO - Sync 4 DAGs
[2025-04-02T11:03:41.811+0000] {logging_mixin.py:190} INFO - [2025-04-02T11:03:41.811+0000] {dag.py:4180} INFO - Setting next_dagrun for dataset_alias_example_alias_consumer to None, run_after=None
[2025-04-02T11:03:41.818+0000] {logging_mixin.py:190} INFO - [2025-04-02T11:03:41.818+0000] {dag.py:4180} INFO - Setting next_dagrun for dataset_alias_example_alias_producer to None, run_after=None
[2025-04-02T11:03:41.823+0000] {logging_mixin.py:190} INFO - [2025-04-02T11:03:41.822+0000] {dag.py:4180} INFO - Setting next_dagrun for dataset_s3_bucket_consumer to None, run_after=None
[2025-04-02T11:03:41.827+0000] {logging_mixin.py:190} INFO - [2025-04-02T11:03:41.827+0000] {dag.py:4180} INFO - Setting next_dagrun for dataset_s3_bucket_producer to None, run_after=None
[2025-04-02T11:03:41.874+0000] {processor.py:208} INFO - Processing /home/airflow/.local/lib/python3.12/site-packages/airflow/example_dags/example_dataset_alias.py took 1.008 seconds
[2025-04-02T11:04:12.088+0000] {processor.py:186} INFO - Started process (PID=123) to work on /home/airflow/.local/lib/python3.12/site-packages/airflow/example_dags/example_dataset_alias.py
[2025-04-02T11:04:12.091+0000] {processor.py:914} INFO - Processing file /home/airflow/.local/lib/python3.12/site-packages/airflow/example_dags/example_dataset_alias.py for tasks to queue
[2025-04-02T11:04:12.095+0000] {logging_mixin.py:190} INFO - [2025-04-02T11:04:12.094+0000] {dagbag.py:588} INFO - Filling up the DagBag from /home/airflow/.local/lib/python3.12/site-packages/airflow/example_dags/example_dataset_alias.py
[2025-04-02T11:04:12.680+0000] {processor.py:925} INFO - DAG(s) 'dataset_alias_example_alias_consumer', 'dataset_s3_bucket_consumer', 'dataset_s3_bucket_producer', 'dataset_alias_example_alias_producer' retrieved from /home/airflow/.local/lib/python3.12/site-packages/airflow/example_dags/example_dataset_alias.py
[2025-04-02T11:04:12.717+0000] {logging_mixin.py:190} INFO - [2025-04-02T11:04:12.716+0000] {dag.py:3239} INFO - Sync 4 DAGs
[2025-04-02T11:04:12.758+0000] {logging_mixin.py:190} INFO - [2025-04-02T11:04:12.758+0000] {dag.py:4180} INFO - Setting next_dagrun for dataset_alias_example_alias_consumer to None, run_after=None
[2025-04-02T11:04:12.766+0000] {logging_mixin.py:190} INFO - [2025-04-02T11:04:12.766+0000] {dag.py:4180} INFO - Setting next_dagrun for dataset_alias_example_alias_producer to None, run_after=None
[2025-04-02T11:04:12.771+0000] {logging_mixin.py:190} INFO - [2025-04-02T11:04:12.771+0000] {dag.py:4180} INFO - Setting next_dagrun for dataset_s3_bucket_consumer to None, run_after=None
[2025-04-02T11:04:12.776+0000] {logging_mixin.py:190} INFO - [2025-04-02T11:04:12.775+0000] {dag.py:4180} INFO - Setting next_dagrun for dataset_s3_bucket_producer to None, run_after=None
[2025-04-02T11:04:12.819+0000] {processor.py:208} INFO - Processing /home/airflow/.local/lib/python3.12/site-packages/airflow/example_dags/example_dataset_alias.py took 0.739 seconds
[2025-04-02T11:04:43.170+0000] {processor.py:186} INFO - Started process (PID=187) to work on /home/airflow/.local/lib/python3.12/site-packages/airflow/example_dags/example_dataset_alias.py
[2025-04-02T11:04:43.173+0000] {processor.py:914} INFO - Processing file /home/airflow/.local/lib/python3.12/site-packages/airflow/example_dags/example_dataset_alias.py for tasks to queue
[2025-04-02T11:04:43.177+0000] {logging_mixin.py:190} INFO - [2025-04-02T11:04:43.177+0000] {dagbag.py:588} INFO - Filling up the DagBag from /home/airflow/.local/lib/python3.12/site-packages/airflow/example_dags/example_dataset_alias.py
[2025-04-02T11:04:43.726+0000] {processor.py:925} INFO - DAG(s) 'dataset_alias_example_alias_producer', 'dataset_alias_example_alias_consumer', 'dataset_s3_bucket_producer', 'dataset_s3_bucket_consumer' retrieved from /home/airflow/.local/lib/python3.12/site-packages/airflow/example_dags/example_dataset_alias.py
[2025-04-02T11:04:43.751+0000] {logging_mixin.py:190} INFO - [2025-04-02T11:04:43.751+0000] {dag.py:3239} INFO - Sync 4 DAGs
[2025-04-02T11:04:43.775+0000] {logging_mixin.py:190} INFO - [2025-04-02T11:04:43.774+0000] {dag.py:4180} INFO - Setting next_dagrun for dataset_alias_example_alias_consumer to None, run_after=None
[2025-04-02T11:04:43.778+0000] {logging_mixin.py:190} INFO - [2025-04-02T11:04:43.778+0000] {dag.py:4180} INFO - Setting next_dagrun for dataset_alias_example_alias_producer to None, run_after=None
[2025-04-02T11:04:43.782+0000] {logging_mixin.py:190} INFO - [2025-04-02T11:04:43.782+0000] {dag.py:4180} INFO - Setting next_dagrun for dataset_s3_bucket_consumer to None, run_after=None
[2025-04-02T11:04:43.785+0000] {logging_mixin.py:190} INFO - [2025-04-02T11:04:43.784+0000] {dag.py:4180} INFO - Setting next_dagrun for dataset_s3_bucket_producer to None, run_after=None
[2025-04-02T11:04:43.816+0000] {processor.py:208} INFO - Processing /home/airflow/.local/lib/python3.12/site-packages/airflow/example_dags/example_dataset_alias.py took 0.652 seconds
[2025-04-02T11:05:14.206+0000] {processor.py:186} INFO - Started process (PID=249) to work on /home/airflow/.local/lib/python3.12/site-packages/airflow/example_dags/example_dataset_alias.py
[2025-04-02T11:05:14.207+0000] {processor.py:914} INFO - Processing file /home/airflow/.local/lib/python3.12/site-packages/airflow/example_dags/example_dataset_alias.py for tasks to queue
[2025-04-02T11:05:14.210+0000] {logging_mixin.py:190} INFO - [2025-04-02T11:05:14.209+0000] {dagbag.py:588} INFO - Filling up the DagBag from /home/airflow/.local/lib/python3.12/site-packages/airflow/example_dags/example_dataset_alias.py
[2025-04-02T11:05:14.863+0000] {processor.py:925} INFO - DAG(s) 'dataset_alias_example_alias_producer', 'dataset_s3_bucket_consumer', 'dataset_s3_bucket_producer', 'dataset_alias_example_alias_consumer' retrieved from /home/airflow/.local/lib/python3.12/site-packages/airflow/example_dags/example_dataset_alias.py
[2025-04-02T11:05:14.891+0000] {logging_mixin.py:190} INFO - [2025-04-02T11:05:14.891+0000] {dag.py:3239} INFO - Sync 4 DAGs
[2025-04-02T11:05:14.913+0000] {logging_mixin.py:190} INFO - [2025-04-02T11:05:14.912+0000] {dag.py:4180} INFO - Setting next_dagrun for dataset_alias_example_alias_consumer to None, run_after=None
[2025-04-02T11:05:14.916+0000] {logging_mixin.py:190} INFO - [2025-04-02T11:05:14.916+0000] {dag.py:4180} INFO - Setting next_dagrun for dataset_alias_example_alias_producer to None, run_after=None
[2025-04-02T11:05:14.918+0000] {logging_mixin.py:190} INFO - [2025-04-02T11:05:14.918+0000] {dag.py:4180} INFO - Setting next_dagrun for dataset_s3_bucket_consumer to None, run_after=None
[2025-04-02T11:05:14.920+0000] {logging_mixin.py:190} INFO - [2025-04-02T11:05:14.920+0000] {dag.py:4180} INFO - Setting next_dagrun for dataset_s3_bucket_producer to None, run_after=None
[2025-04-02T11:05:14.946+0000] {processor.py:208} INFO - Processing /home/airflow/.local/lib/python3.12/site-packages/airflow/example_dags/example_dataset_alias.py took 0.746 seconds
[2025-04-02T11:05:45.205+0000] {processor.py:186} INFO - Started process (PID=317) to work on /home/airflow/.local/lib/python3.12/site-packages/airflow/example_dags/example_dataset_alias.py
[2025-04-02T11:05:45.208+0000] {processor.py:914} INFO - Processing file /home/airflow/.local/lib/python3.12/site-packages/airflow/example_dags/example_dataset_alias.py for tasks to queue
[2025-04-02T11:05:45.214+0000] {logging_mixin.py:190} INFO - [2025-04-02T11:05:45.214+0000] {dagbag.py:588} INFO - Filling up the DagBag from /home/airflow/.local/lib/python3.12/site-packages/airflow/example_dags/example_dataset_alias.py
[2025-04-02T11:05:45.733+0000] {processor.py:925} INFO - DAG(s) 'dataset_s3_bucket_producer', 'dataset_alias_example_alias_consumer', 'dataset_alias_example_alias_producer', 'dataset_s3_bucket_consumer' retrieved from /home/airflow/.local/lib/python3.12/site-packages/airflow/example_dags/example_dataset_alias.py
[2025-04-02T11:05:45.753+0000] {logging_mixin.py:190} INFO - [2025-04-02T11:05:45.753+0000] {dag.py:3239} INFO - Sync 4 DAGs
[2025-04-02T11:05:45.774+0000] {logging_mixin.py:190} INFO - [2025-04-02T11:05:45.774+0000] {dag.py:4180} INFO - Setting next_dagrun for dataset_alias_example_alias_consumer to None, run_after=None
[2025-04-02T11:05:45.778+0000] {logging_mixin.py:190} INFO - [2025-04-02T11:05:45.777+0000] {dag.py:4180} INFO - Setting next_dagrun for dataset_alias_example_alias_producer to None, run_after=None
[2025-04-02T11:05:45.780+0000] {logging_mixin.py:190} INFO - [2025-04-02T11:05:45.780+0000] {dag.py:4180} INFO - Setting next_dagrun for dataset_s3_bucket_consumer to None, run_after=None
[2025-04-02T11:05:45.782+0000] {logging_mixin.py:190} INFO - [2025-04-02T11:05:45.782+0000] {dag.py:4180} INFO - Setting next_dagrun for dataset_s3_bucket_producer to None, run_after=None
[2025-04-02T11:05:45.807+0000] {processor.py:208} INFO - Processing /home/airflow/.local/lib/python3.12/site-packages/airflow/example_dags/example_dataset_alias.py took 0.608 seconds
[2025-04-02T11:06:16.198+0000] {processor.py:186} INFO - Started process (PID=382) to work on /home/airflow/.local/lib/python3.12/site-packages/airflow/example_dags/example_dataset_alias.py
[2025-04-02T11:06:16.200+0000] {processor.py:914} INFO - Processing file /home/airflow/.local/lib/python3.12/site-packages/airflow/example_dags/example_dataset_alias.py for tasks to queue
[2025-04-02T11:06:16.204+0000] {logging_mixin.py:190} INFO - [2025-04-02T11:06:16.204+0000] {dagbag.py:588} INFO - Filling up the DagBag from /home/airflow/.local/lib/python3.12/site-packages/airflow/example_dags/example_dataset_alias.py
[2025-04-02T11:06:16.745+0000] {processor.py:925} INFO - DAG(s) 'dataset_s3_bucket_producer', 'dataset_s3_bucket_consumer', 'dataset_alias_example_alias_consumer', 'dataset_alias_example_alias_producer' retrieved from /home/airflow/.local/lib/python3.12/site-packages/airflow/example_dags/example_dataset_alias.py
[2025-04-02T11:06:16.782+0000] {logging_mixin.py:190} INFO - [2025-04-02T11:06:16.781+0000] {dag.py:3239} INFO - Sync 4 DAGs
[2025-04-02T11:06:16.813+0000] {logging_mixin.py:190} INFO - [2025-04-02T11:06:16.813+0000] {dag.py:4180} INFO - Setting next_dagrun for dataset_alias_example_alias_consumer to None, run_after=None
[2025-04-02T11:06:16.818+0000] {logging_mixin.py:190} INFO - [2025-04-02T11:06:16.818+0000] {dag.py:4180} INFO - Setting next_dagrun for dataset_alias_example_alias_producer to None, run_after=None
[2025-04-02T11:06:16.821+0000] {logging_mixin.py:190} INFO - [2025-04-02T11:06:16.821+0000] {dag.py:4180} INFO - Setting next_dagrun for dataset_s3_bucket_consumer to None, run_after=None
[2025-04-02T11:06:16.826+0000] {logging_mixin.py:190} INFO - [2025-04-02T11:06:16.825+0000] {dag.py:4180} INFO - Setting next_dagrun for dataset_s3_bucket_producer to None, run_after=None
[2025-04-02T11:06:16.870+0000] {processor.py:208} INFO - Processing /home/airflow/.local/lib/python3.12/site-packages/airflow/example_dags/example_dataset_alias.py took 0.678 seconds
[2025-04-02T11:06:47.188+0000] {processor.py:186} INFO - Started process (PID=450) to work on /home/airflow/.local/lib/python3.12/site-packages/airflow/example_dags/example_dataset_alias.py
[2025-04-02T11:06:47.190+0000] {processor.py:914} INFO - Processing file /home/airflow/.local/lib/python3.12/site-packages/airflow/example_dags/example_dataset_alias.py for tasks to queue
[2025-04-02T11:06:47.194+0000] {logging_mixin.py:190} INFO - [2025-04-02T11:06:47.194+0000] {dagbag.py:588} INFO - Filling up the DagBag from /home/airflow/.local/lib/python3.12/site-packages/airflow/example_dags/example_dataset_alias.py
[2025-04-02T11:06:47.707+0000] {processor.py:925} INFO - DAG(s) 'dataset_alias_example_alias_producer', 'dataset_alias_example_alias_consumer', 'dataset_s3_bucket_consumer', 'dataset_s3_bucket_producer' retrieved from /home/airflow/.local/lib/python3.12/site-packages/airflow/example_dags/example_dataset_alias.py
[2025-04-02T11:06:47.739+0000] {logging_mixin.py:190} INFO - [2025-04-02T11:06:47.738+0000] {dag.py:3239} INFO - Sync 4 DAGs
[2025-04-02T11:06:47.762+0000] {logging_mixin.py:190} INFO - [2025-04-02T11:06:47.761+0000] {dag.py:4180} INFO - Setting next_dagrun for dataset_alias_example_alias_consumer to None, run_after=None
[2025-04-02T11:06:47.766+0000] {logging_mixin.py:190} INFO - [2025-04-02T11:06:47.766+0000] {dag.py:4180} INFO - Setting next_dagrun for dataset_alias_example_alias_producer to None, run_after=None
[2025-04-02T11:06:47.770+0000] {logging_mixin.py:190} INFO - [2025-04-02T11:06:47.769+0000] {dag.py:4180} INFO - Setting next_dagrun for dataset_s3_bucket_consumer to None, run_after=None
[2025-04-02T11:06:47.773+0000] {logging_mixin.py:190} INFO - [2025-04-02T11:06:47.773+0000] {dag.py:4180} INFO - Setting next_dagrun for dataset_s3_bucket_producer to None, run_after=None
[2025-04-02T11:06:47.815+0000] {processor.py:208} INFO - Processing /home/airflow/.local/lib/python3.12/site-packages/airflow/example_dags/example_dataset_alias.py took 0.632 seconds
[2025-04-02T11:07:18.158+0000] {processor.py:186} INFO - Started process (PID=523) to work on /home/airflow/.local/lib/python3.12/site-packages/airflow/example_dags/example_dataset_alias.py
[2025-04-02T11:07:18.161+0000] {processor.py:914} INFO - Processing file /home/airflow/.local/lib/python3.12/site-packages/airflow/example_dags/example_dataset_alias.py for tasks to queue
[2025-04-02T11:07:18.166+0000] {logging_mixin.py:190} INFO - [2025-04-02T11:07:18.165+0000] {dagbag.py:588} INFO - Filling up the DagBag from /home/airflow/.local/lib/python3.12/site-packages/airflow/example_dags/example_dataset_alias.py
[2025-04-02T11:07:18.662+0000] {processor.py:925} INFO - DAG(s) 'dataset_alias_example_alias_producer', 'dataset_alias_example_alias_consumer', 'dataset_s3_bucket_producer', 'dataset_s3_bucket_consumer' retrieved from /home/airflow/.local/lib/python3.12/site-packages/airflow/example_dags/example_dataset_alias.py
[2025-04-02T11:07:18.689+0000] {logging_mixin.py:190} INFO - [2025-04-02T11:07:18.688+0000] {dag.py:3239} INFO - Sync 4 DAGs
[2025-04-02T11:07:18.714+0000] {logging_mixin.py:190} INFO - [2025-04-02T11:07:18.714+0000] {dag.py:4180} INFO - Setting next_dagrun for dataset_alias_example_alias_consumer to None, run_after=None
[2025-04-02T11:07:18.718+0000] {logging_mixin.py:190} INFO - [2025-04-02T11:07:18.718+0000] {dag.py:4180} INFO - Setting next_dagrun for dataset_alias_example_alias_producer to None, run_after=None
[2025-04-02T11:07:18.721+0000] {logging_mixin.py:190} INFO - [2025-04-02T11:07:18.721+0000] {dag.py:4180} INFO - Setting next_dagrun for dataset_s3_bucket_consumer to None, run_after=None
[2025-04-02T11:07:18.724+0000] {logging_mixin.py:190} INFO - [2025-04-02T11:07:18.724+0000] {dag.py:4180} INFO - Setting next_dagrun for dataset_s3_bucket_producer to None, run_after=None
[2025-04-02T11:07:18.760+0000] {processor.py:208} INFO - Processing /home/airflow/.local/lib/python3.12/site-packages/airflow/example_dags/example_dataset_alias.py took 0.608 seconds
[2025-04-02T11:07:49.578+0000] {processor.py:186} INFO - Started process (PID=588) to work on /home/airflow/.local/lib/python3.12/site-packages/airflow/example_dags/example_dataset_alias.py
[2025-04-02T11:07:49.581+0000] {processor.py:914} INFO - Processing file /home/airflow/.local/lib/python3.12/site-packages/airflow/example_dags/example_dataset_alias.py for tasks to queue
[2025-04-02T11:07:49.587+0000] {logging_mixin.py:190} INFO - [2025-04-02T11:07:49.586+0000] {dagbag.py:588} INFO - Filling up the DagBag from /home/airflow/.local/lib/python3.12/site-packages/airflow/example_dags/example_dataset_alias.py
[2025-04-02T11:07:50.171+0000] {processor.py:925} INFO - DAG(s) 'dataset_alias_example_alias_consumer', 'dataset_s3_bucket_consumer', 'dataset_s3_bucket_producer', 'dataset_alias_example_alias_producer' retrieved from /home/airflow/.local/lib/python3.12/site-packages/airflow/example_dags/example_dataset_alias.py
[2025-04-02T11:07:50.197+0000] {logging_mixin.py:190} INFO - [2025-04-02T11:07:50.197+0000] {dag.py:3239} INFO - Sync 4 DAGs
[2025-04-02T11:07:50.219+0000] {logging_mixin.py:190} INFO - [2025-04-02T11:07:50.219+0000] {dag.py:4180} INFO - Setting next_dagrun for dataset_alias_example_alias_consumer to None, run_after=None
[2025-04-02T11:07:50.224+0000] {logging_mixin.py:190} INFO - [2025-04-02T11:07:50.223+0000] {dag.py:4180} INFO - Setting next_dagrun for dataset_alias_example_alias_producer to None, run_after=None
[2025-04-02T11:07:50.228+0000] {logging_mixin.py:190} INFO - [2025-04-02T11:07:50.228+0000] {dag.py:4180} INFO - Setting next_dagrun for dataset_s3_bucket_consumer to None, run_after=None
[2025-04-02T11:07:50.232+0000] {logging_mixin.py:190} INFO - [2025-04-02T11:07:50.232+0000] {dag.py:4180} INFO - Setting next_dagrun for dataset_s3_bucket_producer to None, run_after=None
[2025-04-02T11:07:50.265+0000] {processor.py:208} INFO - Processing /home/airflow/.local/lib/python3.12/site-packages/airflow/example_dags/example_dataset_alias.py took 0.699 seconds
[2025-04-02T11:08:20.396+0000] {processor.py:186} INFO - Started process (PID=653) to work on /home/airflow/.local/lib/python3.12/site-packages/airflow/example_dags/example_dataset_alias.py
[2025-04-02T11:08:20.399+0000] {processor.py:914} INFO - Processing file /home/airflow/.local/lib/python3.12/site-packages/airflow/example_dags/example_dataset_alias.py for tasks to queue
[2025-04-02T11:08:20.403+0000] {logging_mixin.py:190} INFO - [2025-04-02T11:08:20.403+0000] {dagbag.py:588} INFO - Filling up the DagBag from /home/airflow/.local/lib/python3.12/site-packages/airflow/example_dags/example_dataset_alias.py
[2025-04-02T11:08:21.054+0000] {processor.py:925} INFO - DAG(s) 'dataset_s3_bucket_consumer', 'dataset_alias_example_alias_producer', 'dataset_alias_example_alias_consumer', 'dataset_s3_bucket_producer' retrieved from /home/airflow/.local/lib/python3.12/site-packages/airflow/example_dags/example_dataset_alias.py
[2025-04-02T11:08:21.075+0000] {logging_mixin.py:190} INFO - [2025-04-02T11:08:21.074+0000] {dag.py:3239} INFO - Sync 4 DAGs
[2025-04-02T11:08:21.101+0000] {logging_mixin.py:190} INFO - [2025-04-02T11:08:21.101+0000] {dag.py:4180} INFO - Setting next_dagrun for dataset_alias_example_alias_consumer to None, run_after=None
[2025-04-02T11:08:21.105+0000] {logging_mixin.py:190} INFO - [2025-04-02T11:08:21.104+0000] {dag.py:4180} INFO - Setting next_dagrun for dataset_alias_example_alias_producer to None, run_after=None
[2025-04-02T11:08:21.107+0000] {logging_mixin.py:190} INFO - [2025-04-02T11:08:21.107+0000] {dag.py:4180} INFO - Setting next_dagrun for dataset_s3_bucket_consumer to None, run_after=None
[2025-04-02T11:08:21.110+0000] {logging_mixin.py:190} INFO - [2025-04-02T11:08:21.110+0000] {dag.py:4180} INFO - Setting next_dagrun for dataset_s3_bucket_producer to None, run_after=None
[2025-04-02T11:08:21.134+0000] {processor.py:208} INFO - Processing /home/airflow/.local/lib/python3.12/site-packages/airflow/example_dags/example_dataset_alias.py took 0.745 seconds
[2025-04-02T11:08:51.369+0000] {processor.py:186} INFO - Started process (PID=718) to work on /home/airflow/.local/lib/python3.12/site-packages/airflow/example_dags/example_dataset_alias.py
[2025-04-02T11:08:51.372+0000] {processor.py:914} INFO - Processing file /home/airflow/.local/lib/python3.12/site-packages/airflow/example_dags/example_dataset_alias.py for tasks to queue
[2025-04-02T11:08:51.377+0000] {logging_mixin.py:190} INFO - [2025-04-02T11:08:51.377+0000] {dagbag.py:588} INFO - Filling up the DagBag from /home/airflow/.local/lib/python3.12/site-packages/airflow/example_dags/example_dataset_alias.py
[2025-04-02T11:08:51.988+0000] {processor.py:925} INFO - DAG(s) 'dataset_s3_bucket_consumer', 'dataset_alias_example_alias_consumer', 'dataset_s3_bucket_producer', 'dataset_alias_example_alias_producer' retrieved from /home/airflow/.local/lib/python3.12/site-packages/airflow/example_dags/example_dataset_alias.py
[2025-04-02T11:08:52.018+0000] {logging_mixin.py:190} INFO - [2025-04-02T11:08:52.017+0000] {dag.py:3239} INFO - Sync 4 DAGs
[2025-04-02T11:08:52.043+0000] {logging_mixin.py:190} INFO - [2025-04-02T11:08:52.042+0000] {dag.py:4180} INFO - Setting next_dagrun for dataset_alias_example_alias_consumer to None, run_after=None
[2025-04-02T11:08:52.051+0000] {logging_mixin.py:190} INFO - [2025-04-02T11:08:52.051+0000] {dag.py:4180} INFO - Setting next_dagrun for dataset_alias_example_alias_producer to None, run_after=None
[2025-04-02T11:08:52.056+0000] {logging_mixin.py:190} INFO - [2025-04-02T11:08:52.055+0000] {dag.py:4180} INFO - Setting next_dagrun for dataset_s3_bucket_consumer to None, run_after=None
[2025-04-02T11:08:52.059+0000] {logging_mixin.py:190} INFO - [2025-04-02T11:08:52.059+0000] {dag.py:4180} INFO - Setting next_dagrun for dataset_s3_bucket_producer to None, run_after=None
[2025-04-02T11:08:52.097+0000] {processor.py:208} INFO - Processing /home/airflow/.local/lib/python3.12/site-packages/airflow/example_dags/example_dataset_alias.py took 0.736 seconds
[2025-04-02T11:09:22.458+0000] {processor.py:186} INFO - Started process (PID=783) to work on /home/airflow/.local/lib/python3.12/site-packages/airflow/example_dags/example_dataset_alias.py
[2025-04-02T11:09:22.461+0000] {processor.py:914} INFO - Processing file /home/airflow/.local/lib/python3.12/site-packages/airflow/example_dags/example_dataset_alias.py for tasks to queue
[2025-04-02T11:09:22.466+0000] {logging_mixin.py:190} INFO - [2025-04-02T11:09:22.465+0000] {dagbag.py:588} INFO - Filling up the DagBag from /home/airflow/.local/lib/python3.12/site-packages/airflow/example_dags/example_dataset_alias.py
[2025-04-02T11:09:23.218+0000] {processor.py:925} INFO - DAG(s) 'dataset_s3_bucket_producer', 'dataset_alias_example_alias_producer', 'dataset_s3_bucket_consumer', 'dataset_alias_example_alias_consumer' retrieved from /home/airflow/.local/lib/python3.12/site-packages/airflow/example_dags/example_dataset_alias.py
[2025-04-02T11:09:23.251+0000] {logging_mixin.py:190} INFO - [2025-04-02T11:09:23.250+0000] {dag.py:3239} INFO - Sync 4 DAGs
[2025-04-02T11:09:23.282+0000] {logging_mixin.py:190} INFO - [2025-04-02T11:09:23.281+0000] {dag.py:4180} INFO - Setting next_dagrun for dataset_alias_example_alias_consumer to None, run_after=None
[2025-04-02T11:09:23.289+0000] {logging_mixin.py:190} INFO - [2025-04-02T11:09:23.289+0000] {dag.py:4180} INFO - Setting next_dagrun for dataset_alias_example_alias_producer to None, run_after=None
[2025-04-02T11:09:23.295+0000] {logging_mixin.py:190} INFO - [2025-04-02T11:09:23.295+0000] {dag.py:4180} INFO - Setting next_dagrun for dataset_s3_bucket_consumer to None, run_after=None
[2025-04-02T11:09:23.299+0000] {logging_mixin.py:190} INFO - [2025-04-02T11:09:23.299+0000] {dag.py:4180} INFO - Setting next_dagrun for dataset_s3_bucket_producer to None, run_after=None
[2025-04-02T11:09:23.333+0000] {processor.py:208} INFO - Processing /home/airflow/.local/lib/python3.12/site-packages/airflow/example_dags/example_dataset_alias.py took 0.883 seconds
[2025-04-02T11:09:53.826+0000] {processor.py:186} INFO - Started process (PID=848) to work on /home/airflow/.local/lib/python3.12/site-packages/airflow/example_dags/example_dataset_alias.py
[2025-04-02T11:09:53.828+0000] {processor.py:914} INFO - Processing file /home/airflow/.local/lib/python3.12/site-packages/airflow/example_dags/example_dataset_alias.py for tasks to queue
[2025-04-02T11:09:53.833+0000] {logging_mixin.py:190} INFO - [2025-04-02T11:09:53.833+0000] {dagbag.py:588} INFO - Filling up the DagBag from /home/airflow/.local/lib/python3.12/site-packages/airflow/example_dags/example_dataset_alias.py
[2025-04-02T11:09:54.457+0000] {processor.py:925} INFO - DAG(s) 'dataset_s3_bucket_consumer', 'dataset_alias_example_alias_producer', 'dataset_alias_example_alias_consumer', 'dataset_s3_bucket_producer' retrieved from /home/airflow/.local/lib/python3.12/site-packages/airflow/example_dags/example_dataset_alias.py
[2025-04-02T11:09:54.483+0000] {logging_mixin.py:190} INFO - [2025-04-02T11:09:54.482+0000] {dag.py:3239} INFO - Sync 4 DAGs
[2025-04-02T11:09:54.503+0000] {logging_mixin.py:190} INFO - [2025-04-02T11:09:54.503+0000] {dag.py:4180} INFO - Setting next_dagrun for dataset_alias_example_alias_consumer to None, run_after=None
[2025-04-02T11:09:54.507+0000] {logging_mixin.py:190} INFO - [2025-04-02T11:09:54.507+0000] {dag.py:4180} INFO - Setting next_dagrun for dataset_alias_example_alias_producer to None, run_after=None
[2025-04-02T11:09:54.511+0000] {logging_mixin.py:190} INFO - [2025-04-02T11:09:54.511+0000] {dag.py:4180} INFO - Setting next_dagrun for dataset_s3_bucket_consumer to None, run_after=None
[2025-04-02T11:09:54.514+0000] {logging_mixin.py:190} INFO - [2025-04-02T11:09:54.514+0000] {dag.py:4180} INFO - Setting next_dagrun for dataset_s3_bucket_producer to None, run_after=None
[2025-04-02T11:09:54.541+0000] {processor.py:208} INFO - Processing /home/airflow/.local/lib/python3.12/site-packages/airflow/example_dags/example_dataset_alias.py took 0.726 seconds
[2025-04-02T11:10:24.626+0000] {processor.py:186} INFO - Started process (PID=913) to work on /home/airflow/.local/lib/python3.12/site-packages/airflow/example_dags/example_dataset_alias.py
[2025-04-02T11:10:24.631+0000] {processor.py:914} INFO - Processing file /home/airflow/.local/lib/python3.12/site-packages/airflow/example_dags/example_dataset_alias.py for tasks to queue
[2025-04-02T11:10:24.640+0000] {logging_mixin.py:190} INFO - [2025-04-02T11:10:24.639+0000] {dagbag.py:588} INFO - Filling up the DagBag from /home/airflow/.local/lib/python3.12/site-packages/airflow/example_dags/example_dataset_alias.py
[2025-04-02T11:10:25.399+0000] {processor.py:925} INFO - DAG(s) 'dataset_s3_bucket_consumer', 'dataset_s3_bucket_producer', 'dataset_alias_example_alias_consumer', 'dataset_alias_example_alias_producer' retrieved from /home/airflow/.local/lib/python3.12/site-packages/airflow/example_dags/example_dataset_alias.py
[2025-04-02T11:10:25.446+0000] {logging_mixin.py:190} INFO - [2025-04-02T11:10:25.445+0000] {dag.py:3239} INFO - Sync 4 DAGs
[2025-04-02T11:10:25.489+0000] {logging_mixin.py:190} INFO - [2025-04-02T11:10:25.488+0000] {dag.py:4180} INFO - Setting next_dagrun for dataset_alias_example_alias_consumer to None, run_after=None
[2025-04-02T11:10:25.495+0000] {logging_mixin.py:190} INFO - [2025-04-02T11:10:25.495+0000] {dag.py:4180} INFO - Setting next_dagrun for dataset_alias_example_alias_producer to None, run_after=None
[2025-04-02T11:10:25.500+0000] {logging_mixin.py:190} INFO - [2025-04-02T11:10:25.499+0000] {dag.py:4180} INFO - Setting next_dagrun for dataset_s3_bucket_consumer to None, run_after=None
[2025-04-02T11:10:25.504+0000] {logging_mixin.py:190} INFO - [2025-04-02T11:10:25.503+0000] {dag.py:4180} INFO - Setting next_dagrun for dataset_s3_bucket_producer to None, run_after=None
[2025-04-02T11:10:25.543+0000] {processor.py:208} INFO - Processing /home/airflow/.local/lib/python3.12/site-packages/airflow/example_dags/example_dataset_alias.py took 0.929 seconds
[2025-04-02T11:10:56.228+0000] {processor.py:186} INFO - Started process (PID=978) to work on /home/airflow/.local/lib/python3.12/site-packages/airflow/example_dags/example_dataset_alias.py
[2025-04-02T11:10:56.231+0000] {processor.py:914} INFO - Processing file /home/airflow/.local/lib/python3.12/site-packages/airflow/example_dags/example_dataset_alias.py for tasks to queue
[2025-04-02T11:10:56.238+0000] {logging_mixin.py:190} INFO - [2025-04-02T11:10:56.237+0000] {dagbag.py:588} INFO - Filling up the DagBag from /home/airflow/.local/lib/python3.12/site-packages/airflow/example_dags/example_dataset_alias.py
[2025-04-02T11:10:56.861+0000] {processor.py:925} INFO - DAG(s) 'dataset_alias_example_alias_consumer', 'dataset_s3_bucket_producer', 'dataset_s3_bucket_consumer', 'dataset_alias_example_alias_producer' retrieved from /home/airflow/.local/lib/python3.12/site-packages/airflow/example_dags/example_dataset_alias.py
[2025-04-02T11:10:56.890+0000] {logging_mixin.py:190} INFO - [2025-04-02T11:10:56.889+0000] {dag.py:3239} INFO - Sync 4 DAGs
[2025-04-02T11:10:56.918+0000] {logging_mixin.py:190} INFO - [2025-04-02T11:10:56.917+0000] {dag.py:4180} INFO - Setting next_dagrun for dataset_alias_example_alias_consumer to None, run_after=None
[2025-04-02T11:10:56.925+0000] {logging_mixin.py:190} INFO - [2025-04-02T11:10:56.925+0000] {dag.py:4180} INFO - Setting next_dagrun for dataset_alias_example_alias_producer to None, run_after=None
[2025-04-02T11:10:56.930+0000] {logging_mixin.py:190} INFO - [2025-04-02T11:10:56.929+0000] {dag.py:4180} INFO - Setting next_dagrun for dataset_s3_bucket_consumer to None, run_after=None
[2025-04-02T11:10:56.934+0000] {logging_mixin.py:190} INFO - [2025-04-02T11:10:56.934+0000] {dag.py:4180} INFO - Setting next_dagrun for dataset_s3_bucket_producer to None, run_after=None
[2025-04-02T11:10:56.974+0000] {processor.py:208} INFO - Processing /home/airflow/.local/lib/python3.12/site-packages/airflow/example_dags/example_dataset_alias.py took 0.750 seconds
[2025-04-02T11:11:27.901+0000] {processor.py:186} INFO - Started process (PID=1043) to work on /home/airflow/.local/lib/python3.12/site-packages/airflow/example_dags/example_dataset_alias.py
[2025-04-02T11:11:27.904+0000] {processor.py:914} INFO - Processing file /home/airflow/.local/lib/python3.12/site-packages/airflow/example_dags/example_dataset_alias.py for tasks to queue
[2025-04-02T11:11:27.909+0000] {logging_mixin.py:190} INFO - [2025-04-02T11:11:27.909+0000] {dagbag.py:588} INFO - Filling up the DagBag from /home/airflow/.local/lib/python3.12/site-packages/airflow/example_dags/example_dataset_alias.py
[2025-04-02T11:11:28.549+0000] {processor.py:925} INFO - DAG(s) 'dataset_alias_example_alias_producer', 'dataset_alias_example_alias_consumer', 'dataset_s3_bucket_producer', 'dataset_s3_bucket_consumer' retrieved from /home/airflow/.local/lib/python3.12/site-packages/airflow/example_dags/example_dataset_alias.py
[2025-04-02T11:11:28.590+0000] {logging_mixin.py:190} INFO - [2025-04-02T11:11:28.589+0000] {dag.py:3239} INFO - Sync 4 DAGs
[2025-04-02T11:11:28.612+0000] {logging_mixin.py:190} INFO - [2025-04-02T11:11:28.612+0000] {dag.py:4180} INFO - Setting next_dagrun for dataset_alias_example_alias_consumer to None, run_after=None
[2025-04-02T11:11:28.620+0000] {logging_mixin.py:190} INFO - [2025-04-02T11:11:28.619+0000] {dag.py:4180} INFO - Setting next_dagrun for dataset_alias_example_alias_producer to None, run_after=None
[2025-04-02T11:11:28.625+0000] {logging_mixin.py:190} INFO - [2025-04-02T11:11:28.624+0000] {dag.py:4180} INFO - Setting next_dagrun for dataset_s3_bucket_consumer to None, run_after=None
[2025-04-02T11:11:28.630+0000] {logging_mixin.py:190} INFO - [2025-04-02T11:11:28.630+0000] {dag.py:4180} INFO - Setting next_dagrun for dataset_s3_bucket_producer to None, run_after=None
[2025-04-02T11:11:28.670+0000] {processor.py:208} INFO - Processing /home/airflow/.local/lib/python3.12/site-packages/airflow/example_dags/example_dataset_alias.py took 0.780 seconds
[2025-04-02T11:11:59.603+0000] {processor.py:186} INFO - Started process (PID=1108) to work on /home/airflow/.local/lib/python3.12/site-packages/airflow/example_dags/example_dataset_alias.py
[2025-04-02T11:11:59.606+0000] {processor.py:914} INFO - Processing file /home/airflow/.local/lib/python3.12/site-packages/airflow/example_dags/example_dataset_alias.py for tasks to queue
[2025-04-02T11:11:59.611+0000] {logging_mixin.py:190} INFO - [2025-04-02T11:11:59.611+0000] {dagbag.py:588} INFO - Filling up the DagBag from /home/airflow/.local/lib/python3.12/site-packages/airflow/example_dags/example_dataset_alias.py
[2025-04-02T11:12:00.186+0000] {processor.py:925} INFO - DAG(s) 'dataset_alias_example_alias_producer', 'dataset_s3_bucket_consumer', 'dataset_alias_example_alias_consumer', 'dataset_s3_bucket_producer' retrieved from /home/airflow/.local/lib/python3.12/site-packages/airflow/example_dags/example_dataset_alias.py
[2025-04-02T11:12:00.214+0000] {logging_mixin.py:190} INFO - [2025-04-02T11:12:00.213+0000] {dag.py:3239} INFO - Sync 4 DAGs
[2025-04-02T11:12:00.235+0000] {logging_mixin.py:190} INFO - [2025-04-02T11:12:00.235+0000] {dag.py:4180} INFO - Setting next_dagrun for dataset_alias_example_alias_consumer to None, run_after=None
[2025-04-02T11:12:00.240+0000] {logging_mixin.py:190} INFO - [2025-04-02T11:12:00.239+0000] {dag.py:4180} INFO - Setting next_dagrun for dataset_alias_example_alias_producer to None, run_after=None
[2025-04-02T11:12:00.243+0000] {logging_mixin.py:190} INFO - [2025-04-02T11:12:00.243+0000] {dag.py:4180} INFO - Setting next_dagrun for dataset_s3_bucket_consumer to None, run_after=None
[2025-04-02T11:12:00.246+0000] {logging_mixin.py:190} INFO - [2025-04-02T11:12:00.246+0000] {dag.py:4180} INFO - Setting next_dagrun for dataset_s3_bucket_producer to None, run_after=None
[2025-04-02T11:12:00.277+0000] {processor.py:208} INFO - Processing /home/airflow/.local/lib/python3.12/site-packages/airflow/example_dags/example_dataset_alias.py took 0.684 seconds
[2025-04-02T11:12:31.101+0000] {processor.py:186} INFO - Started process (PID=1173) to work on /home/airflow/.local/lib/python3.12/site-packages/airflow/example_dags/example_dataset_alias.py
[2025-04-02T11:12:31.105+0000] {processor.py:914} INFO - Processing file /home/airflow/.local/lib/python3.12/site-packages/airflow/example_dags/example_dataset_alias.py for tasks to queue
[2025-04-02T11:12:31.110+0000] {logging_mixin.py:190} INFO - [2025-04-02T11:12:31.110+0000] {dagbag.py:588} INFO - Filling up the DagBag from /home/airflow/.local/lib/python3.12/site-packages/airflow/example_dags/example_dataset_alias.py
[2025-04-02T11:12:31.629+0000] {processor.py:925} INFO - DAG(s) 'dataset_s3_bucket_producer', 'dataset_alias_example_alias_consumer', 'dataset_s3_bucket_consumer', 'dataset_alias_example_alias_producer' retrieved from /home/airflow/.local/lib/python3.12/site-packages/airflow/example_dags/example_dataset_alias.py
[2025-04-02T11:12:31.654+0000] {logging_mixin.py:190} INFO - [2025-04-02T11:12:31.653+0000] {dag.py:3239} INFO - Sync 4 DAGs
[2025-04-02T11:12:31.676+0000] {logging_mixin.py:190} INFO - [2025-04-02T11:12:31.675+0000] {dag.py:4180} INFO - Setting next_dagrun for dataset_alias_example_alias_consumer to None, run_after=None
[2025-04-02T11:12:31.680+0000] {logging_mixin.py:190} INFO - [2025-04-02T11:12:31.679+0000] {dag.py:4180} INFO - Setting next_dagrun for dataset_alias_example_alias_producer to None, run_after=None
[2025-04-02T11:12:31.682+0000] {logging_mixin.py:190} INFO - [2025-04-02T11:12:31.682+0000] {dag.py:4180} INFO - Setting next_dagrun for dataset_s3_bucket_consumer to None, run_after=None
[2025-04-02T11:12:31.683+0000] {logging_mixin.py:190} INFO - [2025-04-02T11:12:31.683+0000] {dag.py:4180} INFO - Setting next_dagrun for dataset_s3_bucket_producer to None, run_after=None
[2025-04-02T11:12:31.707+0000] {processor.py:208} INFO - Processing /home/airflow/.local/lib/python3.12/site-packages/airflow/example_dags/example_dataset_alias.py took 0.615 seconds
[2025-04-02T11:13:02.500+0000] {processor.py:186} INFO - Started process (PID=1239) to work on /home/airflow/.local/lib/python3.12/site-packages/airflow/example_dags/example_dataset_alias.py
[2025-04-02T11:13:02.503+0000] {processor.py:914} INFO - Processing file /home/airflow/.local/lib/python3.12/site-packages/airflow/example_dags/example_dataset_alias.py for tasks to queue
[2025-04-02T11:13:02.509+0000] {logging_mixin.py:190} INFO - [2025-04-02T11:13:02.508+0000] {dagbag.py:588} INFO - Filling up the DagBag from /home/airflow/.local/lib/python3.12/site-packages/airflow/example_dags/example_dataset_alias.py
[2025-04-02T11:13:03.122+0000] {processor.py:925} INFO - DAG(s) 'dataset_alias_example_alias_consumer', 'dataset_s3_bucket_producer', 'dataset_s3_bucket_consumer', 'dataset_alias_example_alias_producer' retrieved from /home/airflow/.local/lib/python3.12/site-packages/airflow/example_dags/example_dataset_alias.py
[2025-04-02T11:13:03.147+0000] {logging_mixin.py:190} INFO - [2025-04-02T11:13:03.147+0000] {dag.py:3239} INFO - Sync 4 DAGs
[2025-04-02T11:13:03.166+0000] {logging_mixin.py:190} INFO - [2025-04-02T11:13:03.166+0000] {dag.py:4180} INFO - Setting next_dagrun for dataset_alias_example_alias_consumer to None, run_after=None
[2025-04-02T11:13:03.170+0000] {logging_mixin.py:190} INFO - [2025-04-02T11:13:03.170+0000] {dag.py:4180} INFO - Setting next_dagrun for dataset_alias_example_alias_producer to None, run_after=None
[2025-04-02T11:13:03.175+0000] {logging_mixin.py:190} INFO - [2025-04-02T11:13:03.174+0000] {dag.py:4180} INFO - Setting next_dagrun for dataset_s3_bucket_consumer to None, run_after=None
[2025-04-02T11:13:03.178+0000] {logging_mixin.py:190} INFO - [2025-04-02T11:13:03.178+0000] {dag.py:4180} INFO - Setting next_dagrun for dataset_s3_bucket_producer to None, run_after=None
[2025-04-02T11:13:03.210+0000] {processor.py:208} INFO - Processing /home/airflow/.local/lib/python3.12/site-packages/airflow/example_dags/example_dataset_alias.py took 0.721 seconds
[2025-04-02T11:13:33.476+0000] {processor.py:186} INFO - Started process (PID=1304) to work on /home/airflow/.local/lib/python3.12/site-packages/airflow/example_dags/example_dataset_alias.py
[2025-04-02T11:13:33.479+0000] {processor.py:914} INFO - Processing file /home/airflow/.local/lib/python3.12/site-packages/airflow/example_dags/example_dataset_alias.py for tasks to queue
[2025-04-02T11:13:33.487+0000] {logging_mixin.py:190} INFO - [2025-04-02T11:13:33.486+0000] {dagbag.py:588} INFO - Filling up the DagBag from /home/airflow/.local/lib/python3.12/site-packages/airflow/example_dags/example_dataset_alias.py
[2025-04-02T11:13:34.494+0000] {processor.py:925} INFO - DAG(s) 'dataset_s3_bucket_consumer', 'dataset_alias_example_alias_consumer', 'dataset_alias_example_alias_producer', 'dataset_s3_bucket_producer' retrieved from /home/airflow/.local/lib/python3.12/site-packages/airflow/example_dags/example_dataset_alias.py
[2025-04-02T11:13:34.516+0000] {logging_mixin.py:190} INFO - [2025-04-02T11:13:34.516+0000] {dag.py:3239} INFO - Sync 4 DAGs
[2025-04-02T11:13:34.536+0000] {logging_mixin.py:190} INFO - [2025-04-02T11:13:34.535+0000] {dag.py:4180} INFO - Setting next_dagrun for dataset_alias_example_alias_consumer to None, run_after=None
[2025-04-02T11:13:34.540+0000] {logging_mixin.py:190} INFO - [2025-04-02T11:13:34.540+0000] {dag.py:4180} INFO - Setting next_dagrun for dataset_alias_example_alias_producer to None, run_after=None
[2025-04-02T11:13:34.542+0000] {logging_mixin.py:190} INFO - [2025-04-02T11:13:34.542+0000] {dag.py:4180} INFO - Setting next_dagrun for dataset_s3_bucket_consumer to None, run_after=None
[2025-04-02T11:13:34.545+0000] {logging_mixin.py:190} INFO - [2025-04-02T11:13:34.544+0000] {dag.py:4180} INFO - Setting next_dagrun for dataset_s3_bucket_producer to None, run_after=None
[2025-04-02T11:13:34.569+0000] {processor.py:208} INFO - Processing /home/airflow/.local/lib/python3.12/site-packages/airflow/example_dags/example_dataset_alias.py took 1.106 seconds
[2025-04-02T11:14:04.825+0000] {processor.py:186} INFO - Started process (PID=1369) to work on /home/airflow/.local/lib/python3.12/site-packages/airflow/example_dags/example_dataset_alias.py
[2025-04-02T11:14:04.828+0000] {processor.py:914} INFO - Processing file /home/airflow/.local/lib/python3.12/site-packages/airflow/example_dags/example_dataset_alias.py for tasks to queue
[2025-04-02T11:14:04.833+0000] {logging_mixin.py:190} INFO - [2025-04-02T11:14:04.832+0000] {dagbag.py:588} INFO - Filling up the DagBag from /home/airflow/.local/lib/python3.12/site-packages/airflow/example_dags/example_dataset_alias.py
[2025-04-02T11:14:05.485+0000] {processor.py:925} INFO - DAG(s) 'dataset_s3_bucket_consumer', 'dataset_alias_example_alias_consumer', 'dataset_alias_example_alias_producer', 'dataset_s3_bucket_producer' retrieved from /home/airflow/.local/lib/python3.12/site-packages/airflow/example_dags/example_dataset_alias.py
[2025-04-02T11:14:05.520+0000] {logging_mixin.py:190} INFO - [2025-04-02T11:14:05.519+0000] {dag.py:3239} INFO - Sync 4 DAGs
[2025-04-02T11:14:05.546+0000] {logging_mixin.py:190} INFO - [2025-04-02T11:14:05.545+0000] {dag.py:4180} INFO - Setting next_dagrun for dataset_alias_example_alias_consumer to None, run_after=None
[2025-04-02T11:14:05.551+0000] {logging_mixin.py:190} INFO - [2025-04-02T11:14:05.551+0000] {dag.py:4180} INFO - Setting next_dagrun for dataset_alias_example_alias_producer to None, run_after=None
[2025-04-02T11:14:05.555+0000] {logging_mixin.py:190} INFO - [2025-04-02T11:14:05.554+0000] {dag.py:4180} INFO - Setting next_dagrun for dataset_s3_bucket_consumer to None, run_after=None
[2025-04-02T11:14:05.559+0000] {logging_mixin.py:190} INFO - [2025-04-02T11:14:05.559+0000] {dag.py:4180} INFO - Setting next_dagrun for dataset_s3_bucket_producer to None, run_after=None
[2025-04-02T11:14:05.600+0000] {processor.py:208} INFO - Processing /home/airflow/.local/lib/python3.12/site-packages/airflow/example_dags/example_dataset_alias.py took 0.786 seconds
[2025-04-02T11:14:36.146+0000] {processor.py:186} INFO - Started process (PID=1434) to work on /home/airflow/.local/lib/python3.12/site-packages/airflow/example_dags/example_dataset_alias.py
[2025-04-02T11:14:36.148+0000] {processor.py:914} INFO - Processing file /home/airflow/.local/lib/python3.12/site-packages/airflow/example_dags/example_dataset_alias.py for tasks to queue
[2025-04-02T11:14:36.152+0000] {logging_mixin.py:190} INFO - [2025-04-02T11:14:36.152+0000] {dagbag.py:588} INFO - Filling up the DagBag from /home/airflow/.local/lib/python3.12/site-packages/airflow/example_dags/example_dataset_alias.py
[2025-04-02T11:14:36.668+0000] {processor.py:925} INFO - DAG(s) 'dataset_alias_example_alias_consumer', 'dataset_s3_bucket_consumer', 'dataset_s3_bucket_producer', 'dataset_alias_example_alias_producer' retrieved from /home/airflow/.local/lib/python3.12/site-packages/airflow/example_dags/example_dataset_alias.py
[2025-04-02T11:14:36.693+0000] {logging_mixin.py:190} INFO - [2025-04-02T11:14:36.692+0000] {dag.py:3239} INFO - Sync 4 DAGs
[2025-04-02T11:14:36.714+0000] {logging_mixin.py:190} INFO - [2025-04-02T11:14:36.714+0000] {dag.py:4180} INFO - Setting next_dagrun for dataset_alias_example_alias_consumer to None, run_after=None
[2025-04-02T11:14:36.718+0000] {logging_mixin.py:190} INFO - [2025-04-02T11:14:36.718+0000] {dag.py:4180} INFO - Setting next_dagrun for dataset_alias_example_alias_producer to None, run_after=None
[2025-04-02T11:14:36.721+0000] {logging_mixin.py:190} INFO - [2025-04-02T11:14:36.721+0000] {dag.py:4180} INFO - Setting next_dagrun for dataset_s3_bucket_consumer to None, run_after=None
[2025-04-02T11:14:36.726+0000] {logging_mixin.py:190} INFO - [2025-04-02T11:14:36.726+0000] {dag.py:4180} INFO - Setting next_dagrun for dataset_s3_bucket_producer to None, run_after=None
[2025-04-02T11:14:36.761+0000] {processor.py:208} INFO - Processing /home/airflow/.local/lib/python3.12/site-packages/airflow/example_dags/example_dataset_alias.py took 0.622 seconds
[2025-04-02T11:15:07.575+0000] {processor.py:186} INFO - Started process (PID=1499) to work on /home/airflow/.local/lib/python3.12/site-packages/airflow/example_dags/example_dataset_alias.py
[2025-04-02T11:15:07.578+0000] {processor.py:914} INFO - Processing file /home/airflow/.local/lib/python3.12/site-packages/airflow/example_dags/example_dataset_alias.py for tasks to queue
[2025-04-02T11:15:07.584+0000] {logging_mixin.py:190} INFO - [2025-04-02T11:15:07.584+0000] {dagbag.py:588} INFO - Filling up the DagBag from /home/airflow/.local/lib/python3.12/site-packages/airflow/example_dags/example_dataset_alias.py
[2025-04-02T11:15:08.231+0000] {processor.py:925} INFO - DAG(s) 'dataset_alias_example_alias_consumer', 'dataset_s3_bucket_producer', 'dataset_s3_bucket_consumer', 'dataset_alias_example_alias_producer' retrieved from /home/airflow/.local/lib/python3.12/site-packages/airflow/example_dags/example_dataset_alias.py
[2025-04-02T11:15:08.256+0000] {logging_mixin.py:190} INFO - [2025-04-02T11:15:08.255+0000] {dag.py:3239} INFO - Sync 4 DAGs
[2025-04-02T11:15:08.276+0000] {logging_mixin.py:190} INFO - [2025-04-02T11:15:08.276+0000] {dag.py:4180} INFO - Setting next_dagrun for dataset_alias_example_alias_consumer to None, run_after=None
[2025-04-02T11:15:08.280+0000] {logging_mixin.py:190} INFO - [2025-04-02T11:15:08.280+0000] {dag.py:4180} INFO - Setting next_dagrun for dataset_alias_example_alias_producer to None, run_after=None
[2025-04-02T11:15:08.284+0000] {logging_mixin.py:190} INFO - [2025-04-02T11:15:08.283+0000] {dag.py:4180} INFO - Setting next_dagrun for dataset_s3_bucket_consumer to None, run_after=None
[2025-04-02T11:15:08.287+0000] {logging_mixin.py:190} INFO - [2025-04-02T11:15:08.287+0000] {dag.py:4180} INFO - Setting next_dagrun for dataset_s3_bucket_producer to None, run_after=None
[2025-04-02T11:15:08.322+0000] {processor.py:208} INFO - Processing /home/airflow/.local/lib/python3.12/site-packages/airflow/example_dags/example_dataset_alias.py took 0.757 seconds
[2025-04-02T11:15:38.676+0000] {processor.py:186} INFO - Started process (PID=1564) to work on /home/airflow/.local/lib/python3.12/site-packages/airflow/example_dags/example_dataset_alias.py
[2025-04-02T11:15:38.678+0000] {processor.py:914} INFO - Processing file /home/airflow/.local/lib/python3.12/site-packages/airflow/example_dags/example_dataset_alias.py for tasks to queue
[2025-04-02T11:15:38.684+0000] {logging_mixin.py:190} INFO - [2025-04-02T11:15:38.683+0000] {dagbag.py:588} INFO - Filling up the DagBag from /home/airflow/.local/lib/python3.12/site-packages/airflow/example_dags/example_dataset_alias.py
[2025-04-02T11:15:39.297+0000] {processor.py:925} INFO - DAG(s) 'dataset_s3_bucket_producer', 'dataset_alias_example_alias_producer', 'dataset_s3_bucket_consumer', 'dataset_alias_example_alias_consumer' retrieved from /home/airflow/.local/lib/python3.12/site-packages/airflow/example_dags/example_dataset_alias.py
[2025-04-02T11:15:39.337+0000] {logging_mixin.py:190} INFO - [2025-04-02T11:15:39.337+0000] {dag.py:3239} INFO - Sync 4 DAGs
[2025-04-02T11:15:39.369+0000] {logging_mixin.py:190} INFO - [2025-04-02T11:15:39.369+0000] {dag.py:4180} INFO - Setting next_dagrun for dataset_alias_example_alias_consumer to None, run_after=None
[2025-04-02T11:15:39.378+0000] {logging_mixin.py:190} INFO - [2025-04-02T11:15:39.378+0000] {dag.py:4180} INFO - Setting next_dagrun for dataset_alias_example_alias_producer to None, run_after=None
[2025-04-02T11:15:39.384+0000] {logging_mixin.py:190} INFO - [2025-04-02T11:15:39.383+0000] {dag.py:4180} INFO - Setting next_dagrun for dataset_s3_bucket_consumer to None, run_after=None
[2025-04-02T11:15:39.386+0000] {logging_mixin.py:190} INFO - [2025-04-02T11:15:39.386+0000] {dag.py:4180} INFO - Setting next_dagrun for dataset_s3_bucket_producer to None, run_after=None
[2025-04-02T11:15:39.412+0000] {processor.py:208} INFO - Processing /home/airflow/.local/lib/python3.12/site-packages/airflow/example_dags/example_dataset_alias.py took 0.745 seconds
[2025-04-02T11:16:09.613+0000] {processor.py:186} INFO - Started process (PID=1629) to work on /home/airflow/.local/lib/python3.12/site-packages/airflow/example_dags/example_dataset_alias.py
[2025-04-02T11:16:09.616+0000] {processor.py:914} INFO - Processing file /home/airflow/.local/lib/python3.12/site-packages/airflow/example_dags/example_dataset_alias.py for tasks to queue
[2025-04-02T11:16:09.622+0000] {logging_mixin.py:190} INFO - [2025-04-02T11:16:09.621+0000] {dagbag.py:588} INFO - Filling up the DagBag from /home/airflow/.local/lib/python3.12/site-packages/airflow/example_dags/example_dataset_alias.py
[2025-04-02T11:16:10.138+0000] {processor.py:925} INFO - DAG(s) 'dataset_alias_example_alias_producer', 'dataset_alias_example_alias_consumer', 'dataset_s3_bucket_producer', 'dataset_s3_bucket_consumer' retrieved from /home/airflow/.local/lib/python3.12/site-packages/airflow/example_dags/example_dataset_alias.py
[2025-04-02T11:16:10.164+0000] {logging_mixin.py:190} INFO - [2025-04-02T11:16:10.164+0000] {dag.py:3239} INFO - Sync 4 DAGs
[2025-04-02T11:16:10.187+0000] {logging_mixin.py:190} INFO - [2025-04-02T11:16:10.187+0000] {dag.py:4180} INFO - Setting next_dagrun for dataset_alias_example_alias_consumer to None, run_after=None
[2025-04-02T11:16:10.192+0000] {logging_mixin.py:190} INFO - [2025-04-02T11:16:10.191+0000] {dag.py:4180} INFO - Setting next_dagrun for dataset_alias_example_alias_producer to None, run_after=None
[2025-04-02T11:16:10.195+0000] {logging_mixin.py:190} INFO - [2025-04-02T11:16:10.195+0000] {dag.py:4180} INFO - Setting next_dagrun for dataset_s3_bucket_consumer to None, run_after=None
[2025-04-02T11:16:10.199+0000] {logging_mixin.py:190} INFO - [2025-04-02T11:16:10.199+0000] {dag.py:4180} INFO - Setting next_dagrun for dataset_s3_bucket_producer to None, run_after=None
[2025-04-02T11:16:10.228+0000] {processor.py:208} INFO - Processing /home/airflow/.local/lib/python3.12/site-packages/airflow/example_dags/example_dataset_alias.py took 0.622 seconds
[2025-04-02T11:16:40.596+0000] {processor.py:186} INFO - Started process (PID=1694) to work on /home/airflow/.local/lib/python3.12/site-packages/airflow/example_dags/example_dataset_alias.py
[2025-04-02T11:16:40.599+0000] {processor.py:914} INFO - Processing file /home/airflow/.local/lib/python3.12/site-packages/airflow/example_dags/example_dataset_alias.py for tasks to queue
[2025-04-02T11:16:40.608+0000] {logging_mixin.py:190} INFO - [2025-04-02T11:16:40.607+0000] {dagbag.py:588} INFO - Filling up the DagBag from /home/airflow/.local/lib/python3.12/site-packages/airflow/example_dags/example_dataset_alias.py
[2025-04-02T11:16:41.137+0000] {processor.py:925} INFO - DAG(s) 'dataset_s3_bucket_consumer', 'dataset_s3_bucket_producer', 'dataset_alias_example_alias_producer', 'dataset_alias_example_alias_consumer' retrieved from /home/airflow/.local/lib/python3.12/site-packages/airflow/example_dags/example_dataset_alias.py
[2025-04-02T11:16:41.162+0000] {logging_mixin.py:190} INFO - [2025-04-02T11:16:41.162+0000] {dag.py:3239} INFO - Sync 4 DAGs
[2025-04-02T11:16:41.180+0000] {logging_mixin.py:190} INFO - [2025-04-02T11:16:41.180+0000] {dag.py:4180} INFO - Setting next_dagrun for dataset_alias_example_alias_consumer to None, run_after=None
[2025-04-02T11:16:41.183+0000] {logging_mixin.py:190} INFO - [2025-04-02T11:16:41.183+0000] {dag.py:4180} INFO - Setting next_dagrun for dataset_alias_example_alias_producer to None, run_after=None
[2025-04-02T11:16:41.186+0000] {logging_mixin.py:190} INFO - [2025-04-02T11:16:41.186+0000] {dag.py:4180} INFO - Setting next_dagrun for dataset_s3_bucket_consumer to None, run_after=None
[2025-04-02T11:16:41.188+0000] {logging_mixin.py:190} INFO - [2025-04-02T11:16:41.188+0000] {dag.py:4180} INFO - Setting next_dagrun for dataset_s3_bucket_producer to None, run_after=None
[2025-04-02T11:16:41.220+0000] {processor.py:208} INFO - Processing /home/airflow/.local/lib/python3.12/site-packages/airflow/example_dags/example_dataset_alias.py took 0.640 seconds
[2025-04-02T11:17:11.567+0000] {processor.py:186} INFO - Started process (PID=1759) to work on /home/airflow/.local/lib/python3.12/site-packages/airflow/example_dags/example_dataset_alias.py
[2025-04-02T11:17:11.570+0000] {processor.py:914} INFO - Processing file /home/airflow/.local/lib/python3.12/site-packages/airflow/example_dags/example_dataset_alias.py for tasks to queue
[2025-04-02T11:17:11.576+0000] {logging_mixin.py:190} INFO - [2025-04-02T11:17:11.576+0000] {dagbag.py:588} INFO - Filling up the DagBag from /home/airflow/.local/lib/python3.12/site-packages/airflow/example_dags/example_dataset_alias.py
[2025-04-02T11:17:12.140+0000] {processor.py:925} INFO - DAG(s) 'dataset_alias_example_alias_consumer', 'dataset_s3_bucket_producer', 'dataset_s3_bucket_consumer', 'dataset_alias_example_alias_producer' retrieved from /home/airflow/.local/lib/python3.12/site-packages/airflow/example_dags/example_dataset_alias.py
[2025-04-02T11:17:12.168+0000] {logging_mixin.py:190} INFO - [2025-04-02T11:17:12.167+0000] {dag.py:3239} INFO - Sync 4 DAGs
[2025-04-02T11:17:12.190+0000] {logging_mixin.py:190} INFO - [2025-04-02T11:17:12.190+0000] {dag.py:4180} INFO - Setting next_dagrun for dataset_alias_example_alias_consumer to None, run_after=None
[2025-04-02T11:17:12.194+0000] {logging_mixin.py:190} INFO - [2025-04-02T11:17:12.194+0000] {dag.py:4180} INFO - Setting next_dagrun for dataset_alias_example_alias_producer to None, run_after=None
[2025-04-02T11:17:12.197+0000] {logging_mixin.py:190} INFO - [2025-04-02T11:17:12.197+0000] {dag.py:4180} INFO - Setting next_dagrun for dataset_s3_bucket_consumer to None, run_after=None
[2025-04-02T11:17:12.200+0000] {logging_mixin.py:190} INFO - [2025-04-02T11:17:12.199+0000] {dag.py:4180} INFO - Setting next_dagrun for dataset_s3_bucket_producer to None, run_after=None
[2025-04-02T11:17:12.227+0000] {processor.py:208} INFO - Processing /home/airflow/.local/lib/python3.12/site-packages/airflow/example_dags/example_dataset_alias.py took 0.674 seconds
[2025-04-02T11:17:43.130+0000] {processor.py:186} INFO - Started process (PID=1824) to work on /home/airflow/.local/lib/python3.12/site-packages/airflow/example_dags/example_dataset_alias.py
[2025-04-02T11:17:43.133+0000] {processor.py:914} INFO - Processing file /home/airflow/.local/lib/python3.12/site-packages/airflow/example_dags/example_dataset_alias.py for tasks to queue
[2025-04-02T11:17:43.140+0000] {logging_mixin.py:190} INFO - [2025-04-02T11:17:43.139+0000] {dagbag.py:588} INFO - Filling up the DagBag from /home/airflow/.local/lib/python3.12/site-packages/airflow/example_dags/example_dataset_alias.py
[2025-04-02T11:17:43.666+0000] {processor.py:925} INFO - DAG(s) 'dataset_alias_example_alias_consumer', 'dataset_alias_example_alias_producer', 'dataset_s3_bucket_producer', 'dataset_s3_bucket_consumer' retrieved from /home/airflow/.local/lib/python3.12/site-packages/airflow/example_dags/example_dataset_alias.py
[2025-04-02T11:17:43.691+0000] {logging_mixin.py:190} INFO - [2025-04-02T11:17:43.690+0000] {dag.py:3239} INFO - Sync 4 DAGs
[2025-04-02T11:17:43.712+0000] {logging_mixin.py:190} INFO - [2025-04-02T11:17:43.712+0000] {dag.py:4180} INFO - Setting next_dagrun for dataset_alias_example_alias_consumer to None, run_after=None
[2025-04-02T11:17:43.717+0000] {logging_mixin.py:190} INFO - [2025-04-02T11:17:43.717+0000] {dag.py:4180} INFO - Setting next_dagrun for dataset_alias_example_alias_producer to None, run_after=None
[2025-04-02T11:17:43.720+0000] {logging_mixin.py:190} INFO - [2025-04-02T11:17:43.720+0000] {dag.py:4180} INFO - Setting next_dagrun for dataset_s3_bucket_consumer to None, run_after=None
[2025-04-02T11:17:43.722+0000] {logging_mixin.py:190} INFO - [2025-04-02T11:17:43.722+0000] {dag.py:4180} INFO - Setting next_dagrun for dataset_s3_bucket_producer to None, run_after=None
[2025-04-02T11:17:43.748+0000] {processor.py:208} INFO - Processing /home/airflow/.local/lib/python3.12/site-packages/airflow/example_dags/example_dataset_alias.py took 0.628 seconds
[2025-04-02T11:18:14.336+0000] {processor.py:186} INFO - Started process (PID=1889) to work on /home/airflow/.local/lib/python3.12/site-packages/airflow/example_dags/example_dataset_alias.py
[2025-04-02T11:18:14.339+0000] {processor.py:914} INFO - Processing file /home/airflow/.local/lib/python3.12/site-packages/airflow/example_dags/example_dataset_alias.py for tasks to queue
[2025-04-02T11:18:14.348+0000] {logging_mixin.py:190} INFO - [2025-04-02T11:18:14.347+0000] {dagbag.py:588} INFO - Filling up the DagBag from /home/airflow/.local/lib/python3.12/site-packages/airflow/example_dags/example_dataset_alias.py
[2025-04-02T11:18:15.025+0000] {processor.py:925} INFO - DAG(s) 'dataset_s3_bucket_producer', 'dataset_s3_bucket_consumer', 'dataset_alias_example_alias_producer', 'dataset_alias_example_alias_consumer' retrieved from /home/airflow/.local/lib/python3.12/site-packages/airflow/example_dags/example_dataset_alias.py
[2025-04-02T11:18:15.052+0000] {logging_mixin.py:190} INFO - [2025-04-02T11:18:15.051+0000] {dag.py:3239} INFO - Sync 4 DAGs
[2025-04-02T11:18:15.073+0000] {logging_mixin.py:190} INFO - [2025-04-02T11:18:15.073+0000] {dag.py:4180} INFO - Setting next_dagrun for dataset_alias_example_alias_consumer to None, run_after=None
[2025-04-02T11:18:15.079+0000] {logging_mixin.py:190} INFO - [2025-04-02T11:18:15.078+0000] {dag.py:4180} INFO - Setting next_dagrun for dataset_alias_example_alias_producer to None, run_after=None
[2025-04-02T11:18:15.082+0000] {logging_mixin.py:190} INFO - [2025-04-02T11:18:15.082+0000] {dag.py:4180} INFO - Setting next_dagrun for dataset_s3_bucket_consumer to None, run_after=None
[2025-04-02T11:18:15.085+0000] {logging_mixin.py:190} INFO - [2025-04-02T11:18:15.085+0000] {dag.py:4180} INFO - Setting next_dagrun for dataset_s3_bucket_producer to None, run_after=None
[2025-04-02T11:18:15.118+0000] {processor.py:208} INFO - Processing /home/airflow/.local/lib/python3.12/site-packages/airflow/example_dags/example_dataset_alias.py took 0.796 seconds
[2025-04-02T11:18:45.254+0000] {processor.py:186} INFO - Started process (PID=1954) to work on /home/airflow/.local/lib/python3.12/site-packages/airflow/example_dags/example_dataset_alias.py
[2025-04-02T11:18:45.257+0000] {processor.py:914} INFO - Processing file /home/airflow/.local/lib/python3.12/site-packages/airflow/example_dags/example_dataset_alias.py for tasks to queue
[2025-04-02T11:18:45.263+0000] {logging_mixin.py:190} INFO - [2025-04-02T11:18:45.262+0000] {dagbag.py:588} INFO - Filling up the DagBag from /home/airflow/.local/lib/python3.12/site-packages/airflow/example_dags/example_dataset_alias.py
[2025-04-02T11:18:45.833+0000] {processor.py:925} INFO - DAG(s) 'dataset_alias_example_alias_producer', 'dataset_alias_example_alias_consumer', 'dataset_s3_bucket_consumer', 'dataset_s3_bucket_producer' retrieved from /home/airflow/.local/lib/python3.12/site-packages/airflow/example_dags/example_dataset_alias.py
[2025-04-02T11:18:45.859+0000] {logging_mixin.py:190} INFO - [2025-04-02T11:18:45.858+0000] {dag.py:3239} INFO - Sync 4 DAGs
[2025-04-02T11:18:45.881+0000] {logging_mixin.py:190} INFO - [2025-04-02T11:18:45.880+0000] {dag.py:4180} INFO - Setting next_dagrun for dataset_alias_example_alias_consumer to None, run_after=None
[2025-04-02T11:18:45.886+0000] {logging_mixin.py:190} INFO - [2025-04-02T11:18:45.886+0000] {dag.py:4180} INFO - Setting next_dagrun for dataset_alias_example_alias_producer to None, run_after=None
[2025-04-02T11:18:45.888+0000] {logging_mixin.py:190} INFO - [2025-04-02T11:18:45.888+0000] {dag.py:4180} INFO - Setting next_dagrun for dataset_s3_bucket_consumer to None, run_after=None
[2025-04-02T11:18:45.890+0000] {logging_mixin.py:190} INFO - [2025-04-02T11:18:45.889+0000] {dag.py:4180} INFO - Setting next_dagrun for dataset_s3_bucket_producer to None, run_after=None
[2025-04-02T11:18:45.915+0000] {processor.py:208} INFO - Processing /home/airflow/.local/lib/python3.12/site-packages/airflow/example_dags/example_dataset_alias.py took 0.670 seconds
[2025-04-02T11:19:16.046+0000] {processor.py:186} INFO - Started process (PID=2019) to work on /home/airflow/.local/lib/python3.12/site-packages/airflow/example_dags/example_dataset_alias.py
[2025-04-02T11:19:16.049+0000] {processor.py:914} INFO - Processing file /home/airflow/.local/lib/python3.12/site-packages/airflow/example_dags/example_dataset_alias.py for tasks to queue
[2025-04-02T11:19:16.056+0000] {logging_mixin.py:190} INFO - [2025-04-02T11:19:16.055+0000] {dagbag.py:588} INFO - Filling up the DagBag from /home/airflow/.local/lib/python3.12/site-packages/airflow/example_dags/example_dataset_alias.py
[2025-04-02T11:19:16.660+0000] {processor.py:925} INFO - DAG(s) 'dataset_s3_bucket_producer', 'dataset_alias_example_alias_consumer', 'dataset_s3_bucket_consumer', 'dataset_alias_example_alias_producer' retrieved from /home/airflow/.local/lib/python3.12/site-packages/airflow/example_dags/example_dataset_alias.py
[2025-04-02T11:19:16.689+0000] {logging_mixin.py:190} INFO - [2025-04-02T11:19:16.688+0000] {dag.py:3239} INFO - Sync 4 DAGs
[2025-04-02T11:19:16.710+0000] {logging_mixin.py:190} INFO - [2025-04-02T11:19:16.710+0000] {dag.py:4180} INFO - Setting next_dagrun for dataset_alias_example_alias_consumer to None, run_after=None
[2025-04-02T11:19:16.715+0000] {logging_mixin.py:190} INFO - [2025-04-02T11:19:16.715+0000] {dag.py:4180} INFO - Setting next_dagrun for dataset_alias_example_alias_producer to None, run_after=None
[2025-04-02T11:19:16.720+0000] {logging_mixin.py:190} INFO - [2025-04-02T11:19:16.719+0000] {dag.py:4180} INFO - Setting next_dagrun for dataset_s3_bucket_consumer to None, run_after=None
[2025-04-02T11:19:16.724+0000] {logging_mixin.py:190} INFO - [2025-04-02T11:19:16.723+0000] {dag.py:4180} INFO - Setting next_dagrun for dataset_s3_bucket_producer to None, run_after=None
[2025-04-02T11:19:16.752+0000] {processor.py:208} INFO - Processing /home/airflow/.local/lib/python3.12/site-packages/airflow/example_dags/example_dataset_alias.py took 0.718 seconds
[2025-04-02T11:19:46.899+0000] {processor.py:186} INFO - Started process (PID=2084) to work on /home/airflow/.local/lib/python3.12/site-packages/airflow/example_dags/example_dataset_alias.py
[2025-04-02T11:19:46.902+0000] {processor.py:914} INFO - Processing file /home/airflow/.local/lib/python3.12/site-packages/airflow/example_dags/example_dataset_alias.py for tasks to queue
[2025-04-02T11:19:46.907+0000] {logging_mixin.py:190} INFO - [2025-04-02T11:19:46.907+0000] {dagbag.py:588} INFO - Filling up the DagBag from /home/airflow/.local/lib/python3.12/site-packages/airflow/example_dags/example_dataset_alias.py
[2025-04-02T11:19:47.486+0000] {processor.py:925} INFO - DAG(s) 'dataset_s3_bucket_producer', 'dataset_s3_bucket_consumer', 'dataset_alias_example_alias_producer', 'dataset_alias_example_alias_consumer' retrieved from /home/airflow/.local/lib/python3.12/site-packages/airflow/example_dags/example_dataset_alias.py
[2025-04-02T11:19:47.523+0000] {logging_mixin.py:190} INFO - [2025-04-02T11:19:47.522+0000] {dag.py:3239} INFO - Sync 4 DAGs
[2025-04-02T11:19:47.566+0000] {logging_mixin.py:190} INFO - [2025-04-02T11:19:47.566+0000] {dag.py:4180} INFO - Setting next_dagrun for dataset_alias_example_alias_consumer to None, run_after=None
[2025-04-02T11:19:47.571+0000] {logging_mixin.py:190} INFO - [2025-04-02T11:19:47.571+0000] {dag.py:4180} INFO - Setting next_dagrun for dataset_alias_example_alias_producer to None, run_after=None
[2025-04-02T11:19:47.575+0000] {logging_mixin.py:190} INFO - [2025-04-02T11:19:47.575+0000] {dag.py:4180} INFO - Setting next_dagrun for dataset_s3_bucket_consumer to None, run_after=None
[2025-04-02T11:19:47.578+0000] {logging_mixin.py:190} INFO - [2025-04-02T11:19:47.578+0000] {dag.py:4180} INFO - Setting next_dagrun for dataset_s3_bucket_producer to None, run_after=None
[2025-04-02T11:19:47.628+0000] {processor.py:208} INFO - Processing /home/airflow/.local/lib/python3.12/site-packages/airflow/example_dags/example_dataset_alias.py took 0.741 seconds
[2025-04-02T11:20:18.102+0000] {processor.py:186} INFO - Started process (PID=2150) to work on /home/airflow/.local/lib/python3.12/site-packages/airflow/example_dags/example_dataset_alias.py
[2025-04-02T11:20:18.105+0000] {processor.py:914} INFO - Processing file /home/airflow/.local/lib/python3.12/site-packages/airflow/example_dags/example_dataset_alias.py for tasks to queue
[2025-04-02T11:20:18.111+0000] {logging_mixin.py:190} INFO - [2025-04-02T11:20:18.110+0000] {dagbag.py:588} INFO - Filling up the DagBag from /home/airflow/.local/lib/python3.12/site-packages/airflow/example_dags/example_dataset_alias.py
[2025-04-02T11:20:18.775+0000] {processor.py:925} INFO - DAG(s) 'dataset_s3_bucket_consumer', 'dataset_alias_example_alias_consumer', 'dataset_alias_example_alias_producer', 'dataset_s3_bucket_producer' retrieved from /home/airflow/.local/lib/python3.12/site-packages/airflow/example_dags/example_dataset_alias.py
[2025-04-02T11:20:18.812+0000] {logging_mixin.py:190} INFO - [2025-04-02T11:20:18.811+0000] {dag.py:3239} INFO - Sync 4 DAGs
[2025-04-02T11:20:18.834+0000] {logging_mixin.py:190} INFO - [2025-04-02T11:20:18.833+0000] {dag.py:4180} INFO - Setting next_dagrun for dataset_alias_example_alias_consumer to None, run_after=None
[2025-04-02T11:20:18.840+0000] {logging_mixin.py:190} INFO - [2025-04-02T11:20:18.839+0000] {dag.py:4180} INFO - Setting next_dagrun for dataset_alias_example_alias_producer to None, run_after=None
[2025-04-02T11:20:18.846+0000] {logging_mixin.py:190} INFO - [2025-04-02T11:20:18.846+0000] {dag.py:4180} INFO - Setting next_dagrun for dataset_s3_bucket_consumer to None, run_after=None
[2025-04-02T11:20:18.851+0000] {logging_mixin.py:190} INFO - [2025-04-02T11:20:18.851+0000] {dag.py:4180} INFO - Setting next_dagrun for dataset_s3_bucket_producer to None, run_after=None
[2025-04-02T11:20:18.900+0000] {processor.py:208} INFO - Processing /home/airflow/.local/lib/python3.12/site-packages/airflow/example_dags/example_dataset_alias.py took 0.813 seconds
[2025-04-02T11:20:49.372+0000] {processor.py:186} INFO - Started process (PID=2215) to work on /home/airflow/.local/lib/python3.12/site-packages/airflow/example_dags/example_dataset_alias.py
[2025-04-02T11:20:49.375+0000] {processor.py:914} INFO - Processing file /home/airflow/.local/lib/python3.12/site-packages/airflow/example_dags/example_dataset_alias.py for tasks to queue
[2025-04-02T11:20:49.382+0000] {logging_mixin.py:190} INFO - [2025-04-02T11:20:49.381+0000] {dagbag.py:588} INFO - Filling up the DagBag from /home/airflow/.local/lib/python3.12/site-packages/airflow/example_dags/example_dataset_alias.py
[2025-04-02T11:20:49.960+0000] {processor.py:925} INFO - DAG(s) 'dataset_s3_bucket_producer', 'dataset_alias_example_alias_consumer', 'dataset_alias_example_alias_producer', 'dataset_s3_bucket_consumer' retrieved from /home/airflow/.local/lib/python3.12/site-packages/airflow/example_dags/example_dataset_alias.py
[2025-04-02T11:20:49.992+0000] {logging_mixin.py:190} INFO - [2025-04-02T11:20:49.990+0000] {dag.py:3239} INFO - Sync 4 DAGs
[2025-04-02T11:20:50.015+0000] {logging_mixin.py:190} INFO - [2025-04-02T11:20:50.015+0000] {dag.py:4180} INFO - Setting next_dagrun for dataset_alias_example_alias_consumer to None, run_after=None
[2025-04-02T11:20:50.019+0000] {logging_mixin.py:190} INFO - [2025-04-02T11:20:50.019+0000] {dag.py:4180} INFO - Setting next_dagrun for dataset_alias_example_alias_producer to None, run_after=None
[2025-04-02T11:20:50.023+0000] {logging_mixin.py:190} INFO - [2025-04-02T11:20:50.022+0000] {dag.py:4180} INFO - Setting next_dagrun for dataset_s3_bucket_consumer to None, run_after=None
[2025-04-02T11:20:50.026+0000] {logging_mixin.py:190} INFO - [2025-04-02T11:20:50.026+0000] {dag.py:4180} INFO - Setting next_dagrun for dataset_s3_bucket_producer to None, run_after=None
[2025-04-02T11:20:50.054+0000] {processor.py:208} INFO - Processing /home/airflow/.local/lib/python3.12/site-packages/airflow/example_dags/example_dataset_alias.py took 0.695 seconds
[2025-04-02T11:21:20.718+0000] {processor.py:186} INFO - Started process (PID=2281) to work on /home/airflow/.local/lib/python3.12/site-packages/airflow/example_dags/example_dataset_alias.py
[2025-04-02T11:21:20.722+0000] {processor.py:914} INFO - Processing file /home/airflow/.local/lib/python3.12/site-packages/airflow/example_dags/example_dataset_alias.py for tasks to queue
[2025-04-02T11:21:20.733+0000] {logging_mixin.py:190} INFO - [2025-04-02T11:21:20.731+0000] {dagbag.py:588} INFO - Filling up the DagBag from /home/airflow/.local/lib/python3.12/site-packages/airflow/example_dags/example_dataset_alias.py
[2025-04-02T11:21:21.357+0000] {processor.py:925} INFO - DAG(s) 'dataset_alias_example_alias_producer', 'dataset_s3_bucket_producer', 'dataset_alias_example_alias_consumer', 'dataset_s3_bucket_consumer' retrieved from /home/airflow/.local/lib/python3.12/site-packages/airflow/example_dags/example_dataset_alias.py
[2025-04-02T11:21:21.397+0000] {logging_mixin.py:190} INFO - [2025-04-02T11:21:21.396+0000] {dag.py:3239} INFO - Sync 4 DAGs
[2025-04-02T11:21:21.417+0000] {logging_mixin.py:190} INFO - [2025-04-02T11:21:21.417+0000] {dag.py:4180} INFO - Setting next_dagrun for dataset_alias_example_alias_consumer to None, run_after=None
[2025-04-02T11:21:21.424+0000] {logging_mixin.py:190} INFO - [2025-04-02T11:21:21.424+0000] {dag.py:4180} INFO - Setting next_dagrun for dataset_alias_example_alias_producer to None, run_after=None
[2025-04-02T11:21:21.432+0000] {logging_mixin.py:190} INFO - [2025-04-02T11:21:21.432+0000] {dag.py:4180} INFO - Setting next_dagrun for dataset_s3_bucket_consumer to None, run_after=None
[2025-04-02T11:21:21.437+0000] {logging_mixin.py:190} INFO - [2025-04-02T11:21:21.437+0000] {dag.py:4180} INFO - Setting next_dagrun for dataset_s3_bucket_producer to None, run_after=None
[2025-04-02T11:21:21.461+0000] {processor.py:208} INFO - Processing /home/airflow/.local/lib/python3.12/site-packages/airflow/example_dags/example_dataset_alias.py took 0.755 seconds
[2025-04-02T11:21:51.946+0000] {processor.py:186} INFO - Started process (PID=2352) to work on /home/airflow/.local/lib/python3.12/site-packages/airflow/example_dags/example_dataset_alias.py
[2025-04-02T11:21:51.949+0000] {processor.py:914} INFO - Processing file /home/airflow/.local/lib/python3.12/site-packages/airflow/example_dags/example_dataset_alias.py for tasks to queue
[2025-04-02T11:21:51.955+0000] {logging_mixin.py:190} INFO - [2025-04-02T11:21:51.954+0000] {dagbag.py:588} INFO - Filling up the DagBag from /home/airflow/.local/lib/python3.12/site-packages/airflow/example_dags/example_dataset_alias.py
[2025-04-02T11:21:52.484+0000] {processor.py:925} INFO - DAG(s) 'dataset_alias_example_alias_producer', 'dataset_s3_bucket_consumer', 'dataset_s3_bucket_producer', 'dataset_alias_example_alias_consumer' retrieved from /home/airflow/.local/lib/python3.12/site-packages/airflow/example_dags/example_dataset_alias.py
[2025-04-02T11:21:52.512+0000] {logging_mixin.py:190} INFO - [2025-04-02T11:21:52.512+0000] {dag.py:3239} INFO - Sync 4 DAGs
[2025-04-02T11:21:52.534+0000] {logging_mixin.py:190} INFO - [2025-04-02T11:21:52.534+0000] {dag.py:4180} INFO - Setting next_dagrun for dataset_alias_example_alias_consumer to None, run_after=None
[2025-04-02T11:21:52.538+0000] {logging_mixin.py:190} INFO - [2025-04-02T11:21:52.538+0000] {dag.py:4180} INFO - Setting next_dagrun for dataset_alias_example_alias_producer to None, run_after=None
[2025-04-02T11:21:52.541+0000] {logging_mixin.py:190} INFO - [2025-04-02T11:21:52.541+0000] {dag.py:4180} INFO - Setting next_dagrun for dataset_s3_bucket_consumer to None, run_after=None
[2025-04-02T11:21:52.544+0000] {logging_mixin.py:190} INFO - [2025-04-02T11:21:52.543+0000] {dag.py:4180} INFO - Setting next_dagrun for dataset_s3_bucket_producer to None, run_after=None
[2025-04-02T11:21:52.576+0000] {processor.py:208} INFO - Processing /home/airflow/.local/lib/python3.12/site-packages/airflow/example_dags/example_dataset_alias.py took 0.641 seconds
[2025-04-02T11:22:23.606+0000] {processor.py:186} INFO - Started process (PID=2418) to work on /home/airflow/.local/lib/python3.12/site-packages/airflow/example_dags/example_dataset_alias.py
[2025-04-02T11:22:23.610+0000] {processor.py:914} INFO - Processing file /home/airflow/.local/lib/python3.12/site-packages/airflow/example_dags/example_dataset_alias.py for tasks to queue
[2025-04-02T11:22:23.615+0000] {logging_mixin.py:190} INFO - [2025-04-02T11:22:23.614+0000] {dagbag.py:588} INFO - Filling up the DagBag from /home/airflow/.local/lib/python3.12/site-packages/airflow/example_dags/example_dataset_alias.py
[2025-04-02T11:22:24.126+0000] {processor.py:925} INFO - DAG(s) 'dataset_s3_bucket_consumer', 'dataset_alias_example_alias_producer', 'dataset_s3_bucket_producer', 'dataset_alias_example_alias_consumer' retrieved from /home/airflow/.local/lib/python3.12/site-packages/airflow/example_dags/example_dataset_alias.py
[2025-04-02T11:22:24.168+0000] {logging_mixin.py:190} INFO - [2025-04-02T11:22:24.167+0000] {dag.py:3239} INFO - Sync 4 DAGs
[2025-04-02T11:22:24.193+0000] {logging_mixin.py:190} INFO - [2025-04-02T11:22:24.193+0000] {dag.py:4180} INFO - Setting next_dagrun for dataset_alias_example_alias_consumer to None, run_after=None
[2025-04-02T11:22:24.199+0000] {logging_mixin.py:190} INFO - [2025-04-02T11:22:24.199+0000] {dag.py:4180} INFO - Setting next_dagrun for dataset_alias_example_alias_producer to None, run_after=None
[2025-04-02T11:22:24.206+0000] {logging_mixin.py:190} INFO - [2025-04-02T11:22:24.205+0000] {dag.py:4180} INFO - Setting next_dagrun for dataset_s3_bucket_consumer to None, run_after=None
[2025-04-02T11:22:24.212+0000] {logging_mixin.py:190} INFO - [2025-04-02T11:22:24.212+0000] {dag.py:4180} INFO - Setting next_dagrun for dataset_s3_bucket_producer to None, run_after=None
[2025-04-02T11:22:24.248+0000] {processor.py:208} INFO - Processing /home/airflow/.local/lib/python3.12/site-packages/airflow/example_dags/example_dataset_alias.py took 0.651 seconds
[2025-04-02T11:22:55.113+0000] {processor.py:186} INFO - Started process (PID=2483) to work on /home/airflow/.local/lib/python3.12/site-packages/airflow/example_dags/example_dataset_alias.py
[2025-04-02T11:22:55.116+0000] {processor.py:914} INFO - Processing file /home/airflow/.local/lib/python3.12/site-packages/airflow/example_dags/example_dataset_alias.py for tasks to queue
[2025-04-02T11:22:55.119+0000] {logging_mixin.py:190} INFO - [2025-04-02T11:22:55.119+0000] {dagbag.py:588} INFO - Filling up the DagBag from /home/airflow/.local/lib/python3.12/site-packages/airflow/example_dags/example_dataset_alias.py
[2025-04-02T11:22:55.658+0000] {processor.py:925} INFO - DAG(s) 'dataset_s3_bucket_producer', 'dataset_s3_bucket_consumer', 'dataset_alias_example_alias_producer', 'dataset_alias_example_alias_consumer' retrieved from /home/airflow/.local/lib/python3.12/site-packages/airflow/example_dags/example_dataset_alias.py
[2025-04-02T11:22:55.700+0000] {logging_mixin.py:190} INFO - [2025-04-02T11:22:55.699+0000] {dag.py:3239} INFO - Sync 4 DAGs
[2025-04-02T11:22:55.729+0000] {logging_mixin.py:190} INFO - [2025-04-02T11:22:55.729+0000] {dag.py:4180} INFO - Setting next_dagrun for dataset_alias_example_alias_consumer to None, run_after=None
[2025-04-02T11:22:55.735+0000] {logging_mixin.py:190} INFO - [2025-04-02T11:22:55.734+0000] {dag.py:4180} INFO - Setting next_dagrun for dataset_alias_example_alias_producer to None, run_after=None
[2025-04-02T11:22:55.740+0000] {logging_mixin.py:190} INFO - [2025-04-02T11:22:55.740+0000] {dag.py:4180} INFO - Setting next_dagrun for dataset_s3_bucket_consumer to None, run_after=None
[2025-04-02T11:22:55.745+0000] {logging_mixin.py:190} INFO - [2025-04-02T11:22:55.744+0000] {dag.py:4180} INFO - Setting next_dagrun for dataset_s3_bucket_producer to None, run_after=None
[2025-04-02T11:22:55.782+0000] {processor.py:208} INFO - Processing /home/airflow/.local/lib/python3.12/site-packages/airflow/example_dags/example_dataset_alias.py took 0.680 seconds
[2025-04-02T11:23:26.600+0000] {processor.py:186} INFO - Started process (PID=2548) to work on /home/airflow/.local/lib/python3.12/site-packages/airflow/example_dags/example_dataset_alias.py
[2025-04-02T11:23:26.604+0000] {processor.py:914} INFO - Processing file /home/airflow/.local/lib/python3.12/site-packages/airflow/example_dags/example_dataset_alias.py for tasks to queue
[2025-04-02T11:23:26.610+0000] {logging_mixin.py:190} INFO - [2025-04-02T11:23:26.609+0000] {dagbag.py:588} INFO - Filling up the DagBag from /home/airflow/.local/lib/python3.12/site-packages/airflow/example_dags/example_dataset_alias.py
[2025-04-02T11:23:27.231+0000] {processor.py:925} INFO - DAG(s) 'dataset_s3_bucket_consumer', 'dataset_s3_bucket_producer', 'dataset_alias_example_alias_producer', 'dataset_alias_example_alias_consumer' retrieved from /home/airflow/.local/lib/python3.12/site-packages/airflow/example_dags/example_dataset_alias.py
[2025-04-02T11:23:27.259+0000] {logging_mixin.py:190} INFO - [2025-04-02T11:23:27.258+0000] {dag.py:3239} INFO - Sync 4 DAGs
[2025-04-02T11:23:27.282+0000] {logging_mixin.py:190} INFO - [2025-04-02T11:23:27.281+0000] {dag.py:4180} INFO - Setting next_dagrun for dataset_alias_example_alias_consumer to None, run_after=None
[2025-04-02T11:23:27.288+0000] {logging_mixin.py:190} INFO - [2025-04-02T11:23:27.287+0000] {dag.py:4180} INFO - Setting next_dagrun for dataset_alias_example_alias_producer to None, run_after=None
[2025-04-02T11:23:27.294+0000] {logging_mixin.py:190} INFO - [2025-04-02T11:23:27.294+0000] {dag.py:4180} INFO - Setting next_dagrun for dataset_s3_bucket_consumer to None, run_after=None
[2025-04-02T11:23:27.302+0000] {logging_mixin.py:190} INFO - [2025-04-02T11:23:27.302+0000] {dag.py:4180} INFO - Setting next_dagrun for dataset_s3_bucket_producer to None, run_after=None
[2025-04-02T11:23:27.336+0000] {processor.py:208} INFO - Processing /home/airflow/.local/lib/python3.12/site-packages/airflow/example_dags/example_dataset_alias.py took 0.748 seconds
