[2025-04-02T09:06:40.174+0000] {processor.py:186} INFO - Started process (PID=7957) to work on /home/airflow/.local/lib/python3.12/site-packages/airflow/example_dags/example_sensors.py
[2025-04-02T09:06:40.179+0000] {processor.py:914} INFO - Processing file /home/airflow/.local/lib/python3.12/site-packages/airflow/example_dags/example_sensors.py for tasks to queue
[2025-04-02T09:06:40.205+0000] {logging_mixin.py:190} INFO - [2025-04-02T09:06:40.205+0000] {dagbag.py:588} INFO - Filling up the DagBag from /home/airflow/.local/lib/python3.12/site-packages/airflow/example_dags/example_sensors.py
[2025-04-02T09:06:40.266+0000] {processor.py:925} INFO - DAG(s) 'example_sensors' retrieved from /home/airflow/.local/lib/python3.12/site-packages/airflow/example_dags/example_sensors.py
[2025-04-02T09:06:40.368+0000] {logging_mixin.py:190} INFO - [2025-04-02T09:06:40.367+0000] {dag.py:3239} INFO - Sync 1 DAGs
[2025-04-02T09:06:40.421+0000] {logging_mixin.py:190} INFO - [2025-04-02T09:06:40.420+0000] {dag.py:4180} INFO - Setting next_dagrun for example_sensors to None, run_after=None
[2025-04-02T09:06:40.507+0000] {processor.py:208} INFO - Processing /home/airflow/.local/lib/python3.12/site-packages/airflow/example_dags/example_sensors.py took 0.353 seconds
[2025-04-02T11:03:45.742+0000] {processor.py:186} INFO - Started process (PID=85) to work on /home/airflow/.local/lib/python3.12/site-packages/airflow/example_dags/example_sensors.py
[2025-04-02T11:03:45.744+0000] {processor.py:914} INFO - Processing file /home/airflow/.local/lib/python3.12/site-packages/airflow/example_dags/example_sensors.py for tasks to queue
[2025-04-02T11:03:45.748+0000] {logging_mixin.py:190} INFO - [2025-04-02T11:03:45.747+0000] {dagbag.py:588} INFO - Filling up the DagBag from /home/airflow/.local/lib/python3.12/site-packages/airflow/example_dags/example_sensors.py
[2025-04-02T11:03:45.759+0000] {processor.py:925} INFO - DAG(s) 'example_sensors' retrieved from /home/airflow/.local/lib/python3.12/site-packages/airflow/example_dags/example_sensors.py
[2025-04-02T11:03:45.795+0000] {logging_mixin.py:190} INFO - [2025-04-02T11:03:45.794+0000] {dag.py:3239} INFO - Sync 1 DAGs
[2025-04-02T11:03:45.817+0000] {logging_mixin.py:190} INFO - [2025-04-02T11:03:45.816+0000] {dag.py:4180} INFO - Setting next_dagrun for example_sensors to None, run_after=None
[2025-04-02T11:03:45.838+0000] {processor.py:208} INFO - Processing /home/airflow/.local/lib/python3.12/site-packages/airflow/example_dags/example_sensors.py took 0.102 seconds
[2025-04-02T11:04:16.514+0000] {processor.py:186} INFO - Started process (PID=150) to work on /home/airflow/.local/lib/python3.12/site-packages/airflow/example_dags/example_sensors.py
[2025-04-02T11:04:16.516+0000] {processor.py:914} INFO - Processing file /home/airflow/.local/lib/python3.12/site-packages/airflow/example_dags/example_sensors.py for tasks to queue
[2025-04-02T11:04:16.520+0000] {logging_mixin.py:190} INFO - [2025-04-02T11:04:16.519+0000] {dagbag.py:588} INFO - Filling up the DagBag from /home/airflow/.local/lib/python3.12/site-packages/airflow/example_dags/example_sensors.py
[2025-04-02T11:04:16.532+0000] {processor.py:925} INFO - DAG(s) 'example_sensors' retrieved from /home/airflow/.local/lib/python3.12/site-packages/airflow/example_dags/example_sensors.py
[2025-04-02T11:04:16.562+0000] {logging_mixin.py:190} INFO - [2025-04-02T11:04:16.561+0000] {dag.py:3239} INFO - Sync 1 DAGs
[2025-04-02T11:04:16.576+0000] {logging_mixin.py:190} INFO - [2025-04-02T11:04:16.576+0000] {dag.py:4180} INFO - Setting next_dagrun for example_sensors to None, run_after=None
[2025-04-02T11:04:16.598+0000] {processor.py:208} INFO - Processing /home/airflow/.local/lib/python3.12/site-packages/airflow/example_dags/example_sensors.py took 0.089 seconds
[2025-04-02T11:04:47.449+0000] {processor.py:186} INFO - Started process (PID=215) to work on /home/airflow/.local/lib/python3.12/site-packages/airflow/example_dags/example_sensors.py
[2025-04-02T11:04:47.451+0000] {processor.py:914} INFO - Processing file /home/airflow/.local/lib/python3.12/site-packages/airflow/example_dags/example_sensors.py for tasks to queue
[2025-04-02T11:04:47.455+0000] {logging_mixin.py:190} INFO - [2025-04-02T11:04:47.454+0000] {dagbag.py:588} INFO - Filling up the DagBag from /home/airflow/.local/lib/python3.12/site-packages/airflow/example_dags/example_sensors.py
[2025-04-02T11:04:47.465+0000] {processor.py:925} INFO - DAG(s) 'example_sensors' retrieved from /home/airflow/.local/lib/python3.12/site-packages/airflow/example_dags/example_sensors.py
[2025-04-02T11:04:47.490+0000] {logging_mixin.py:190} INFO - [2025-04-02T11:04:47.489+0000] {dag.py:3239} INFO - Sync 1 DAGs
[2025-04-02T11:04:47.506+0000] {logging_mixin.py:190} INFO - [2025-04-02T11:04:47.506+0000] {dag.py:4180} INFO - Setting next_dagrun for example_sensors to None, run_after=None
[2025-04-02T11:04:47.526+0000] {processor.py:208} INFO - Processing /home/airflow/.local/lib/python3.12/site-packages/airflow/example_dags/example_sensors.py took 0.082 seconds
[2025-04-02T11:05:19.167+0000] {processor.py:186} INFO - Started process (PID=287) to work on /home/airflow/.local/lib/python3.12/site-packages/airflow/example_dags/example_sensors.py
[2025-04-02T11:05:19.169+0000] {processor.py:914} INFO - Processing file /home/airflow/.local/lib/python3.12/site-packages/airflow/example_dags/example_sensors.py for tasks to queue
[2025-04-02T11:05:19.172+0000] {logging_mixin.py:190} INFO - [2025-04-02T11:05:19.172+0000] {dagbag.py:588} INFO - Filling up the DagBag from /home/airflow/.local/lib/python3.12/site-packages/airflow/example_dags/example_sensors.py
[2025-04-02T11:05:19.189+0000] {processor.py:925} INFO - DAG(s) 'example_sensors' retrieved from /home/airflow/.local/lib/python3.12/site-packages/airflow/example_dags/example_sensors.py
[2025-04-02T11:05:19.226+0000] {logging_mixin.py:190} INFO - [2025-04-02T11:05:19.226+0000] {dag.py:3239} INFO - Sync 1 DAGs
[2025-04-02T11:05:19.241+0000] {logging_mixin.py:190} INFO - [2025-04-02T11:05:19.241+0000] {dag.py:4180} INFO - Setting next_dagrun for example_sensors to None, run_after=None
[2025-04-02T11:05:19.271+0000] {processor.py:208} INFO - Processing /home/airflow/.local/lib/python3.12/site-packages/airflow/example_dags/example_sensors.py took 0.108 seconds
[2025-04-02T11:05:49.793+0000] {processor.py:186} INFO - Started process (PID=352) to work on /home/airflow/.local/lib/python3.12/site-packages/airflow/example_dags/example_sensors.py
[2025-04-02T11:05:49.796+0000] {processor.py:914} INFO - Processing file /home/airflow/.local/lib/python3.12/site-packages/airflow/example_dags/example_sensors.py for tasks to queue
[2025-04-02T11:05:49.799+0000] {logging_mixin.py:190} INFO - [2025-04-02T11:05:49.798+0000] {dagbag.py:588} INFO - Filling up the DagBag from /home/airflow/.local/lib/python3.12/site-packages/airflow/example_dags/example_sensors.py
[2025-04-02T11:05:49.812+0000] {processor.py:925} INFO - DAG(s) 'example_sensors' retrieved from /home/airflow/.local/lib/python3.12/site-packages/airflow/example_dags/example_sensors.py
[2025-04-02T11:05:49.841+0000] {logging_mixin.py:190} INFO - [2025-04-02T11:05:49.841+0000] {dag.py:3239} INFO - Sync 1 DAGs
[2025-04-02T11:05:49.856+0000] {logging_mixin.py:190} INFO - [2025-04-02T11:05:49.856+0000] {dag.py:4180} INFO - Setting next_dagrun for example_sensors to None, run_after=None
[2025-04-02T11:05:49.885+0000] {processor.py:208} INFO - Processing /home/airflow/.local/lib/python3.12/site-packages/airflow/example_dags/example_sensors.py took 0.097 seconds
[2025-04-02T11:06:21.179+0000] {processor.py:186} INFO - Started process (PID=417) to work on /home/airflow/.local/lib/python3.12/site-packages/airflow/example_dags/example_sensors.py
[2025-04-02T11:06:21.181+0000] {processor.py:914} INFO - Processing file /home/airflow/.local/lib/python3.12/site-packages/airflow/example_dags/example_sensors.py for tasks to queue
[2025-04-02T11:06:21.184+0000] {logging_mixin.py:190} INFO - [2025-04-02T11:06:21.184+0000] {dagbag.py:588} INFO - Filling up the DagBag from /home/airflow/.local/lib/python3.12/site-packages/airflow/example_dags/example_sensors.py
[2025-04-02T11:06:21.194+0000] {processor.py:925} INFO - DAG(s) 'example_sensors' retrieved from /home/airflow/.local/lib/python3.12/site-packages/airflow/example_dags/example_sensors.py
[2025-04-02T11:06:21.233+0000] {logging_mixin.py:190} INFO - [2025-04-02T11:06:21.232+0000] {dag.py:3239} INFO - Sync 1 DAGs
[2025-04-02T11:06:21.250+0000] {logging_mixin.py:190} INFO - [2025-04-02T11:06:21.250+0000] {dag.py:4180} INFO - Setting next_dagrun for example_sensors to None, run_after=None
[2025-04-02T11:06:21.272+0000] {processor.py:208} INFO - Processing /home/airflow/.local/lib/python3.12/site-packages/airflow/example_dags/example_sensors.py took 0.099 seconds
[2025-04-02T11:06:51.957+0000] {processor.py:186} INFO - Started process (PID=482) to work on /home/airflow/.local/lib/python3.12/site-packages/airflow/example_dags/example_sensors.py
[2025-04-02T11:06:51.959+0000] {processor.py:914} INFO - Processing file /home/airflow/.local/lib/python3.12/site-packages/airflow/example_dags/example_sensors.py for tasks to queue
[2025-04-02T11:06:51.965+0000] {logging_mixin.py:190} INFO - [2025-04-02T11:06:51.964+0000] {dagbag.py:588} INFO - Filling up the DagBag from /home/airflow/.local/lib/python3.12/site-packages/airflow/example_dags/example_sensors.py
[2025-04-02T11:06:51.979+0000] {processor.py:925} INFO - DAG(s) 'example_sensors' retrieved from /home/airflow/.local/lib/python3.12/site-packages/airflow/example_dags/example_sensors.py
[2025-04-02T11:06:52.014+0000] {logging_mixin.py:190} INFO - [2025-04-02T11:06:52.014+0000] {dag.py:3239} INFO - Sync 1 DAGs
[2025-04-02T11:06:52.029+0000] {logging_mixin.py:190} INFO - [2025-04-02T11:06:52.029+0000] {dag.py:4180} INFO - Setting next_dagrun for example_sensors to None, run_after=None
[2025-04-02T11:06:52.053+0000] {processor.py:208} INFO - Processing /home/airflow/.local/lib/python3.12/site-packages/airflow/example_dags/example_sensors.py took 0.102 seconds
[2025-04-02T11:07:22.737+0000] {processor.py:186} INFO - Started process (PID=547) to work on /home/airflow/.local/lib/python3.12/site-packages/airflow/example_dags/example_sensors.py
[2025-04-02T11:07:22.740+0000] {processor.py:914} INFO - Processing file /home/airflow/.local/lib/python3.12/site-packages/airflow/example_dags/example_sensors.py for tasks to queue
[2025-04-02T11:07:22.746+0000] {logging_mixin.py:190} INFO - [2025-04-02T11:07:22.746+0000] {dagbag.py:588} INFO - Filling up the DagBag from /home/airflow/.local/lib/python3.12/site-packages/airflow/example_dags/example_sensors.py
[2025-04-02T11:07:22.761+0000] {processor.py:925} INFO - DAG(s) 'example_sensors' retrieved from /home/airflow/.local/lib/python3.12/site-packages/airflow/example_dags/example_sensors.py
[2025-04-02T11:07:22.795+0000] {logging_mixin.py:190} INFO - [2025-04-02T11:07:22.794+0000] {dag.py:3239} INFO - Sync 1 DAGs
[2025-04-02T11:07:22.810+0000] {logging_mixin.py:190} INFO - [2025-04-02T11:07:22.810+0000] {dag.py:4180} INFO - Setting next_dagrun for example_sensors to None, run_after=None
[2025-04-02T11:07:22.837+0000] {processor.py:208} INFO - Processing /home/airflow/.local/lib/python3.12/site-packages/airflow/example_dags/example_sensors.py took 0.105 seconds
[2025-04-02T11:07:53.725+0000] {processor.py:186} INFO - Started process (PID=612) to work on /home/airflow/.local/lib/python3.12/site-packages/airflow/example_dags/example_sensors.py
[2025-04-02T11:07:53.727+0000] {processor.py:914} INFO - Processing file /home/airflow/.local/lib/python3.12/site-packages/airflow/example_dags/example_sensors.py for tasks to queue
[2025-04-02T11:07:53.730+0000] {logging_mixin.py:190} INFO - [2025-04-02T11:07:53.730+0000] {dagbag.py:588} INFO - Filling up the DagBag from /home/airflow/.local/lib/python3.12/site-packages/airflow/example_dags/example_sensors.py
[2025-04-02T11:07:53.740+0000] {processor.py:925} INFO - DAG(s) 'example_sensors' retrieved from /home/airflow/.local/lib/python3.12/site-packages/airflow/example_dags/example_sensors.py
[2025-04-02T11:07:53.764+0000] {logging_mixin.py:190} INFO - [2025-04-02T11:07:53.764+0000] {dag.py:3239} INFO - Sync 1 DAGs
[2025-04-02T11:07:53.780+0000] {logging_mixin.py:190} INFO - [2025-04-02T11:07:53.779+0000] {dag.py:4180} INFO - Setting next_dagrun for example_sensors to None, run_after=None
[2025-04-02T11:07:53.805+0000] {processor.py:208} INFO - Processing /home/airflow/.local/lib/python3.12/site-packages/airflow/example_dags/example_sensors.py took 0.086 seconds
[2025-04-02T11:08:25.228+0000] {processor.py:186} INFO - Started process (PID=677) to work on /home/airflow/.local/lib/python3.12/site-packages/airflow/example_dags/example_sensors.py
[2025-04-02T11:08:25.230+0000] {processor.py:914} INFO - Processing file /home/airflow/.local/lib/python3.12/site-packages/airflow/example_dags/example_sensors.py for tasks to queue
[2025-04-02T11:08:25.233+0000] {logging_mixin.py:190} INFO - [2025-04-02T11:08:25.233+0000] {dagbag.py:588} INFO - Filling up the DagBag from /home/airflow/.local/lib/python3.12/site-packages/airflow/example_dags/example_sensors.py
[2025-04-02T11:08:25.244+0000] {processor.py:925} INFO - DAG(s) 'example_sensors' retrieved from /home/airflow/.local/lib/python3.12/site-packages/airflow/example_dags/example_sensors.py
[2025-04-02T11:08:25.275+0000] {logging_mixin.py:190} INFO - [2025-04-02T11:08:25.275+0000] {dag.py:3239} INFO - Sync 1 DAGs
[2025-04-02T11:08:25.289+0000] {logging_mixin.py:190} INFO - [2025-04-02T11:08:25.289+0000] {dag.py:4180} INFO - Setting next_dagrun for example_sensors to None, run_after=None
[2025-04-02T11:08:25.323+0000] {processor.py:208} INFO - Processing /home/airflow/.local/lib/python3.12/site-packages/airflow/example_dags/example_sensors.py took 0.100 seconds
[2025-04-02T11:08:56.513+0000] {processor.py:186} INFO - Started process (PID=742) to work on /home/airflow/.local/lib/python3.12/site-packages/airflow/example_dags/example_sensors.py
[2025-04-02T11:08:56.515+0000] {processor.py:914} INFO - Processing file /home/airflow/.local/lib/python3.12/site-packages/airflow/example_dags/example_sensors.py for tasks to queue
[2025-04-02T11:08:56.518+0000] {logging_mixin.py:190} INFO - [2025-04-02T11:08:56.518+0000] {dagbag.py:588} INFO - Filling up the DagBag from /home/airflow/.local/lib/python3.12/site-packages/airflow/example_dags/example_sensors.py
[2025-04-02T11:08:56.529+0000] {processor.py:925} INFO - DAG(s) 'example_sensors' retrieved from /home/airflow/.local/lib/python3.12/site-packages/airflow/example_dags/example_sensors.py
[2025-04-02T11:08:56.556+0000] {logging_mixin.py:190} INFO - [2025-04-02T11:08:56.556+0000] {dag.py:3239} INFO - Sync 1 DAGs
[2025-04-02T11:08:56.570+0000] {logging_mixin.py:190} INFO - [2025-04-02T11:08:56.570+0000] {dag.py:4180} INFO - Setting next_dagrun for example_sensors to None, run_after=None
[2025-04-02T11:08:56.595+0000] {processor.py:208} INFO - Processing /home/airflow/.local/lib/python3.12/site-packages/airflow/example_dags/example_sensors.py took 0.087 seconds
[2025-04-02T11:09:27.851+0000] {processor.py:186} INFO - Started process (PID=807) to work on /home/airflow/.local/lib/python3.12/site-packages/airflow/example_dags/example_sensors.py
[2025-04-02T11:09:27.853+0000] {processor.py:914} INFO - Processing file /home/airflow/.local/lib/python3.12/site-packages/airflow/example_dags/example_sensors.py for tasks to queue
[2025-04-02T11:09:27.856+0000] {logging_mixin.py:190} INFO - [2025-04-02T11:09:27.856+0000] {dagbag.py:588} INFO - Filling up the DagBag from /home/airflow/.local/lib/python3.12/site-packages/airflow/example_dags/example_sensors.py
[2025-04-02T11:09:27.866+0000] {processor.py:925} INFO - DAG(s) 'example_sensors' retrieved from /home/airflow/.local/lib/python3.12/site-packages/airflow/example_dags/example_sensors.py
[2025-04-02T11:09:27.895+0000] {logging_mixin.py:190} INFO - [2025-04-02T11:09:27.895+0000] {dag.py:3239} INFO - Sync 1 DAGs
[2025-04-02T11:09:27.909+0000] {logging_mixin.py:190} INFO - [2025-04-02T11:09:27.909+0000] {dag.py:4180} INFO - Setting next_dagrun for example_sensors to None, run_after=None
[2025-04-02T11:09:27.932+0000] {processor.py:208} INFO - Processing /home/airflow/.local/lib/python3.12/site-packages/airflow/example_dags/example_sensors.py took 0.086 seconds
[2025-04-02T11:09:58.932+0000] {processor.py:186} INFO - Started process (PID=872) to work on /home/airflow/.local/lib/python3.12/site-packages/airflow/example_dags/example_sensors.py
[2025-04-02T11:09:58.934+0000] {processor.py:914} INFO - Processing file /home/airflow/.local/lib/python3.12/site-packages/airflow/example_dags/example_sensors.py for tasks to queue
[2025-04-02T11:09:58.937+0000] {logging_mixin.py:190} INFO - [2025-04-02T11:09:58.937+0000] {dagbag.py:588} INFO - Filling up the DagBag from /home/airflow/.local/lib/python3.12/site-packages/airflow/example_dags/example_sensors.py
[2025-04-02T11:09:58.949+0000] {processor.py:925} INFO - DAG(s) 'example_sensors' retrieved from /home/airflow/.local/lib/python3.12/site-packages/airflow/example_dags/example_sensors.py
[2025-04-02T11:09:58.981+0000] {logging_mixin.py:190} INFO - [2025-04-02T11:09:58.981+0000] {dag.py:3239} INFO - Sync 1 DAGs
[2025-04-02T11:09:58.995+0000] {logging_mixin.py:190} INFO - [2025-04-02T11:09:58.995+0000] {dag.py:4180} INFO - Setting next_dagrun for example_sensors to None, run_after=None
[2025-04-02T11:09:59.017+0000] {processor.py:208} INFO - Processing /home/airflow/.local/lib/python3.12/site-packages/airflow/example_dags/example_sensors.py took 0.091 seconds
[2025-04-02T11:10:29.443+0000] {processor.py:186} INFO - Started process (PID=937) to work on /home/airflow/.local/lib/python3.12/site-packages/airflow/example_dags/example_sensors.py
[2025-04-02T11:10:29.445+0000] {processor.py:914} INFO - Processing file /home/airflow/.local/lib/python3.12/site-packages/airflow/example_dags/example_sensors.py for tasks to queue
[2025-04-02T11:10:29.449+0000] {logging_mixin.py:190} INFO - [2025-04-02T11:10:29.448+0000] {dagbag.py:588} INFO - Filling up the DagBag from /home/airflow/.local/lib/python3.12/site-packages/airflow/example_dags/example_sensors.py
[2025-04-02T11:10:29.460+0000] {processor.py:925} INFO - DAG(s) 'example_sensors' retrieved from /home/airflow/.local/lib/python3.12/site-packages/airflow/example_dags/example_sensors.py
[2025-04-02T11:10:29.487+0000] {logging_mixin.py:190} INFO - [2025-04-02T11:10:29.486+0000] {dag.py:3239} INFO - Sync 1 DAGs
[2025-04-02T11:10:29.499+0000] {logging_mixin.py:190} INFO - [2025-04-02T11:10:29.499+0000] {dag.py:4180} INFO - Setting next_dagrun for example_sensors to None, run_after=None
[2025-04-02T11:10:29.519+0000] {processor.py:208} INFO - Processing /home/airflow/.local/lib/python3.12/site-packages/airflow/example_dags/example_sensors.py took 0.082 seconds
[2025-04-02T11:11:01.044+0000] {processor.py:186} INFO - Started process (PID=1002) to work on /home/airflow/.local/lib/python3.12/site-packages/airflow/example_dags/example_sensors.py
[2025-04-02T11:11:01.046+0000] {processor.py:914} INFO - Processing file /home/airflow/.local/lib/python3.12/site-packages/airflow/example_dags/example_sensors.py for tasks to queue
[2025-04-02T11:11:01.049+0000] {logging_mixin.py:190} INFO - [2025-04-02T11:11:01.049+0000] {dagbag.py:588} INFO - Filling up the DagBag from /home/airflow/.local/lib/python3.12/site-packages/airflow/example_dags/example_sensors.py
[2025-04-02T11:11:01.059+0000] {processor.py:925} INFO - DAG(s) 'example_sensors' retrieved from /home/airflow/.local/lib/python3.12/site-packages/airflow/example_dags/example_sensors.py
[2025-04-02T11:11:01.083+0000] {logging_mixin.py:190} INFO - [2025-04-02T11:11:01.083+0000] {dag.py:3239} INFO - Sync 1 DAGs
[2025-04-02T11:11:01.095+0000] {logging_mixin.py:190} INFO - [2025-04-02T11:11:01.095+0000] {dag.py:4180} INFO - Setting next_dagrun for example_sensors to None, run_after=None
[2025-04-02T11:11:01.116+0000] {processor.py:208} INFO - Processing /home/airflow/.local/lib/python3.12/site-packages/airflow/example_dags/example_sensors.py took 0.077 seconds
[2025-04-02T11:11:32.790+0000] {processor.py:186} INFO - Started process (PID=1067) to work on /home/airflow/.local/lib/python3.12/site-packages/airflow/example_dags/example_sensors.py
[2025-04-02T11:11:32.792+0000] {processor.py:914} INFO - Processing file /home/airflow/.local/lib/python3.12/site-packages/airflow/example_dags/example_sensors.py for tasks to queue
[2025-04-02T11:11:32.798+0000] {logging_mixin.py:190} INFO - [2025-04-02T11:11:32.797+0000] {dagbag.py:588} INFO - Filling up the DagBag from /home/airflow/.local/lib/python3.12/site-packages/airflow/example_dags/example_sensors.py
[2025-04-02T11:11:32.826+0000] {processor.py:925} INFO - DAG(s) 'example_sensors' retrieved from /home/airflow/.local/lib/python3.12/site-packages/airflow/example_dags/example_sensors.py
[2025-04-02T11:11:32.859+0000] {logging_mixin.py:190} INFO - [2025-04-02T11:11:32.858+0000] {dag.py:3239} INFO - Sync 1 DAGs
[2025-04-02T11:11:32.881+0000] {logging_mixin.py:190} INFO - [2025-04-02T11:11:32.880+0000] {dag.py:4180} INFO - Setting next_dagrun for example_sensors to None, run_after=None
[2025-04-02T11:11:32.908+0000] {processor.py:208} INFO - Processing /home/airflow/.local/lib/python3.12/site-packages/airflow/example_dags/example_sensors.py took 0.127 seconds
[2025-04-02T11:12:04.244+0000] {processor.py:186} INFO - Started process (PID=1132) to work on /home/airflow/.local/lib/python3.12/site-packages/airflow/example_dags/example_sensors.py
[2025-04-02T11:12:04.246+0000] {processor.py:914} INFO - Processing file /home/airflow/.local/lib/python3.12/site-packages/airflow/example_dags/example_sensors.py for tasks to queue
[2025-04-02T11:12:04.251+0000] {logging_mixin.py:190} INFO - [2025-04-02T11:12:04.250+0000] {dagbag.py:588} INFO - Filling up the DagBag from /home/airflow/.local/lib/python3.12/site-packages/airflow/example_dags/example_sensors.py
[2025-04-02T11:12:04.265+0000] {processor.py:925} INFO - DAG(s) 'example_sensors' retrieved from /home/airflow/.local/lib/python3.12/site-packages/airflow/example_dags/example_sensors.py
[2025-04-02T11:12:04.304+0000] {logging_mixin.py:190} INFO - [2025-04-02T11:12:04.303+0000] {dag.py:3239} INFO - Sync 1 DAGs
[2025-04-02T11:12:04.327+0000] {logging_mixin.py:190} INFO - [2025-04-02T11:12:04.327+0000] {dag.py:4180} INFO - Setting next_dagrun for example_sensors to None, run_after=None
[2025-04-02T11:12:04.360+0000] {processor.py:208} INFO - Processing /home/airflow/.local/lib/python3.12/site-packages/airflow/example_dags/example_sensors.py took 0.122 seconds
[2025-04-02T11:12:35.703+0000] {processor.py:186} INFO - Started process (PID=1197) to work on /home/airflow/.local/lib/python3.12/site-packages/airflow/example_dags/example_sensors.py
[2025-04-02T11:12:35.704+0000] {processor.py:914} INFO - Processing file /home/airflow/.local/lib/python3.12/site-packages/airflow/example_dags/example_sensors.py for tasks to queue
[2025-04-02T11:12:35.708+0000] {logging_mixin.py:190} INFO - [2025-04-02T11:12:35.707+0000] {dagbag.py:588} INFO - Filling up the DagBag from /home/airflow/.local/lib/python3.12/site-packages/airflow/example_dags/example_sensors.py
[2025-04-02T11:12:35.721+0000] {processor.py:925} INFO - DAG(s) 'example_sensors' retrieved from /home/airflow/.local/lib/python3.12/site-packages/airflow/example_dags/example_sensors.py
[2025-04-02T11:12:35.748+0000] {logging_mixin.py:190} INFO - [2025-04-02T11:12:35.747+0000] {dag.py:3239} INFO - Sync 1 DAGs
[2025-04-02T11:12:35.763+0000] {logging_mixin.py:190} INFO - [2025-04-02T11:12:35.762+0000] {dag.py:4180} INFO - Setting next_dagrun for example_sensors to None, run_after=None
[2025-04-02T11:12:35.788+0000] {processor.py:208} INFO - Processing /home/airflow/.local/lib/python3.12/site-packages/airflow/example_dags/example_sensors.py took 0.090 seconds
[2025-04-02T11:13:06.815+0000] {processor.py:186} INFO - Started process (PID=1263) to work on /home/airflow/.local/lib/python3.12/site-packages/airflow/example_dags/example_sensors.py
[2025-04-02T11:13:06.817+0000] {processor.py:914} INFO - Processing file /home/airflow/.local/lib/python3.12/site-packages/airflow/example_dags/example_sensors.py for tasks to queue
[2025-04-02T11:13:06.819+0000] {logging_mixin.py:190} INFO - [2025-04-02T11:13:06.819+0000] {dagbag.py:588} INFO - Filling up the DagBag from /home/airflow/.local/lib/python3.12/site-packages/airflow/example_dags/example_sensors.py
[2025-04-02T11:13:06.830+0000] {processor.py:925} INFO - DAG(s) 'example_sensors' retrieved from /home/airflow/.local/lib/python3.12/site-packages/airflow/example_dags/example_sensors.py
[2025-04-02T11:13:06.857+0000] {logging_mixin.py:190} INFO - [2025-04-02T11:13:06.856+0000] {dag.py:3239} INFO - Sync 1 DAGs
[2025-04-02T11:13:06.870+0000] {logging_mixin.py:190} INFO - [2025-04-02T11:13:06.870+0000] {dag.py:4180} INFO - Setting next_dagrun for example_sensors to None, run_after=None
[2025-04-02T11:13:06.891+0000] {processor.py:208} INFO - Processing /home/airflow/.local/lib/python3.12/site-packages/airflow/example_dags/example_sensors.py took 0.081 seconds
[2025-04-02T11:13:38.153+0000] {processor.py:186} INFO - Started process (PID=1328) to work on /home/airflow/.local/lib/python3.12/site-packages/airflow/example_dags/example_sensors.py
[2025-04-02T11:13:38.155+0000] {processor.py:914} INFO - Processing file /home/airflow/.local/lib/python3.12/site-packages/airflow/example_dags/example_sensors.py for tasks to queue
[2025-04-02T11:13:38.158+0000] {logging_mixin.py:190} INFO - [2025-04-02T11:13:38.158+0000] {dagbag.py:588} INFO - Filling up the DagBag from /home/airflow/.local/lib/python3.12/site-packages/airflow/example_dags/example_sensors.py
[2025-04-02T11:13:38.168+0000] {processor.py:925} INFO - DAG(s) 'example_sensors' retrieved from /home/airflow/.local/lib/python3.12/site-packages/airflow/example_dags/example_sensors.py
[2025-04-02T11:13:38.196+0000] {logging_mixin.py:190} INFO - [2025-04-02T11:13:38.196+0000] {dag.py:3239} INFO - Sync 1 DAGs
[2025-04-02T11:13:38.210+0000] {logging_mixin.py:190} INFO - [2025-04-02T11:13:38.210+0000] {dag.py:4180} INFO - Setting next_dagrun for example_sensors to None, run_after=None
[2025-04-02T11:13:38.233+0000] {processor.py:208} INFO - Processing /home/airflow/.local/lib/python3.12/site-packages/airflow/example_dags/example_sensors.py took 0.085 seconds
[2025-04-02T11:14:09.266+0000] {processor.py:186} INFO - Started process (PID=1393) to work on /home/airflow/.local/lib/python3.12/site-packages/airflow/example_dags/example_sensors.py
[2025-04-02T11:14:09.267+0000] {processor.py:914} INFO - Processing file /home/airflow/.local/lib/python3.12/site-packages/airflow/example_dags/example_sensors.py for tasks to queue
[2025-04-02T11:14:09.270+0000] {logging_mixin.py:190} INFO - [2025-04-02T11:14:09.269+0000] {dagbag.py:588} INFO - Filling up the DagBag from /home/airflow/.local/lib/python3.12/site-packages/airflow/example_dags/example_sensors.py
[2025-04-02T11:14:09.280+0000] {processor.py:925} INFO - DAG(s) 'example_sensors' retrieved from /home/airflow/.local/lib/python3.12/site-packages/airflow/example_dags/example_sensors.py
[2025-04-02T11:14:09.303+0000] {logging_mixin.py:190} INFO - [2025-04-02T11:14:09.303+0000] {dag.py:3239} INFO - Sync 1 DAGs
[2025-04-02T11:14:09.316+0000] {logging_mixin.py:190} INFO - [2025-04-02T11:14:09.316+0000] {dag.py:4180} INFO - Setting next_dagrun for example_sensors to None, run_after=None
[2025-04-02T11:14:09.337+0000] {processor.py:208} INFO - Processing /home/airflow/.local/lib/python3.12/site-packages/airflow/example_dags/example_sensors.py took 0.077 seconds
[2025-04-02T11:14:40.728+0000] {processor.py:186} INFO - Started process (PID=1458) to work on /home/airflow/.local/lib/python3.12/site-packages/airflow/example_dags/example_sensors.py
[2025-04-02T11:14:40.731+0000] {processor.py:914} INFO - Processing file /home/airflow/.local/lib/python3.12/site-packages/airflow/example_dags/example_sensors.py for tasks to queue
[2025-04-02T11:14:40.736+0000] {logging_mixin.py:190} INFO - [2025-04-02T11:14:40.735+0000] {dagbag.py:588} INFO - Filling up the DagBag from /home/airflow/.local/lib/python3.12/site-packages/airflow/example_dags/example_sensors.py
[2025-04-02T11:14:40.749+0000] {processor.py:925} INFO - DAG(s) 'example_sensors' retrieved from /home/airflow/.local/lib/python3.12/site-packages/airflow/example_dags/example_sensors.py
[2025-04-02T11:14:40.783+0000] {logging_mixin.py:190} INFO - [2025-04-02T11:14:40.782+0000] {dag.py:3239} INFO - Sync 1 DAGs
[2025-04-02T11:14:40.798+0000] {logging_mixin.py:190} INFO - [2025-04-02T11:14:40.798+0000] {dag.py:4180} INFO - Setting next_dagrun for example_sensors to None, run_after=None
[2025-04-02T11:14:40.827+0000] {processor.py:208} INFO - Processing /home/airflow/.local/lib/python3.12/site-packages/airflow/example_dags/example_sensors.py took 0.104 seconds
[2025-04-02T11:15:11.947+0000] {processor.py:186} INFO - Started process (PID=1523) to work on /home/airflow/.local/lib/python3.12/site-packages/airflow/example_dags/example_sensors.py
[2025-04-02T11:15:11.949+0000] {processor.py:914} INFO - Processing file /home/airflow/.local/lib/python3.12/site-packages/airflow/example_dags/example_sensors.py for tasks to queue
[2025-04-02T11:15:11.952+0000] {logging_mixin.py:190} INFO - [2025-04-02T11:15:11.952+0000] {dagbag.py:588} INFO - Filling up the DagBag from /home/airflow/.local/lib/python3.12/site-packages/airflow/example_dags/example_sensors.py
[2025-04-02T11:15:11.963+0000] {processor.py:925} INFO - DAG(s) 'example_sensors' retrieved from /home/airflow/.local/lib/python3.12/site-packages/airflow/example_dags/example_sensors.py
[2025-04-02T11:15:11.990+0000] {logging_mixin.py:190} INFO - [2025-04-02T11:15:11.990+0000] {dag.py:3239} INFO - Sync 1 DAGs
[2025-04-02T11:15:12.003+0000] {logging_mixin.py:190} INFO - [2025-04-02T11:15:12.003+0000] {dag.py:4180} INFO - Setting next_dagrun for example_sensors to None, run_after=None
[2025-04-02T11:15:12.026+0000] {processor.py:208} INFO - Processing /home/airflow/.local/lib/python3.12/site-packages/airflow/example_dags/example_sensors.py took 0.084 seconds
[2025-04-02T11:15:43.496+0000] {processor.py:186} INFO - Started process (PID=1588) to work on /home/airflow/.local/lib/python3.12/site-packages/airflow/example_dags/example_sensors.py
[2025-04-02T11:15:43.498+0000] {processor.py:914} INFO - Processing file /home/airflow/.local/lib/python3.12/site-packages/airflow/example_dags/example_sensors.py for tasks to queue
[2025-04-02T11:15:43.503+0000] {logging_mixin.py:190} INFO - [2025-04-02T11:15:43.503+0000] {dagbag.py:588} INFO - Filling up the DagBag from /home/airflow/.local/lib/python3.12/site-packages/airflow/example_dags/example_sensors.py
[2025-04-02T11:15:43.519+0000] {processor.py:925} INFO - DAG(s) 'example_sensors' retrieved from /home/airflow/.local/lib/python3.12/site-packages/airflow/example_dags/example_sensors.py
[2025-04-02T11:15:43.560+0000] {logging_mixin.py:190} INFO - [2025-04-02T11:15:43.560+0000] {dag.py:3239} INFO - Sync 1 DAGs
[2025-04-02T11:15:43.577+0000] {logging_mixin.py:190} INFO - [2025-04-02T11:15:43.577+0000] {dag.py:4180} INFO - Setting next_dagrun for example_sensors to None, run_after=None
[2025-04-02T11:15:43.609+0000] {processor.py:208} INFO - Processing /home/airflow/.local/lib/python3.12/site-packages/airflow/example_dags/example_sensors.py took 0.119 seconds
[2025-04-02T11:16:13.778+0000] {processor.py:186} INFO - Started process (PID=1653) to work on /home/airflow/.local/lib/python3.12/site-packages/airflow/example_dags/example_sensors.py
[2025-04-02T11:16:13.780+0000] {processor.py:914} INFO - Processing file /home/airflow/.local/lib/python3.12/site-packages/airflow/example_dags/example_sensors.py for tasks to queue
[2025-04-02T11:16:13.783+0000] {logging_mixin.py:190} INFO - [2025-04-02T11:16:13.783+0000] {dagbag.py:588} INFO - Filling up the DagBag from /home/airflow/.local/lib/python3.12/site-packages/airflow/example_dags/example_sensors.py
[2025-04-02T11:16:13.792+0000] {processor.py:925} INFO - DAG(s) 'example_sensors' retrieved from /home/airflow/.local/lib/python3.12/site-packages/airflow/example_dags/example_sensors.py
[2025-04-02T11:16:13.816+0000] {logging_mixin.py:190} INFO - [2025-04-02T11:16:13.816+0000] {dag.py:3239} INFO - Sync 1 DAGs
[2025-04-02T11:16:13.827+0000] {logging_mixin.py:190} INFO - [2025-04-02T11:16:13.827+0000] {dag.py:4180} INFO - Setting next_dagrun for example_sensors to None, run_after=None
[2025-04-02T11:16:13.848+0000] {processor.py:208} INFO - Processing /home/airflow/.local/lib/python3.12/site-packages/airflow/example_dags/example_sensors.py took 0.074 seconds
[2025-04-02T11:16:44.638+0000] {processor.py:186} INFO - Started process (PID=1718) to work on /home/airflow/.local/lib/python3.12/site-packages/airflow/example_dags/example_sensors.py
[2025-04-02T11:16:44.640+0000] {processor.py:914} INFO - Processing file /home/airflow/.local/lib/python3.12/site-packages/airflow/example_dags/example_sensors.py for tasks to queue
[2025-04-02T11:16:44.643+0000] {logging_mixin.py:190} INFO - [2025-04-02T11:16:44.642+0000] {dagbag.py:588} INFO - Filling up the DagBag from /home/airflow/.local/lib/python3.12/site-packages/airflow/example_dags/example_sensors.py
[2025-04-02T11:16:44.653+0000] {processor.py:925} INFO - DAG(s) 'example_sensors' retrieved from /home/airflow/.local/lib/python3.12/site-packages/airflow/example_dags/example_sensors.py
[2025-04-02T11:16:44.679+0000] {logging_mixin.py:190} INFO - [2025-04-02T11:16:44.679+0000] {dag.py:3239} INFO - Sync 1 DAGs
[2025-04-02T11:16:44.694+0000] {logging_mixin.py:190} INFO - [2025-04-02T11:16:44.694+0000] {dag.py:4180} INFO - Setting next_dagrun for example_sensors to None, run_after=None
[2025-04-02T11:16:44.718+0000] {processor.py:208} INFO - Processing /home/airflow/.local/lib/python3.12/site-packages/airflow/example_dags/example_sensors.py took 0.086 seconds
[2025-04-02T11:17:15.619+0000] {processor.py:186} INFO - Started process (PID=1783) to work on /home/airflow/.local/lib/python3.12/site-packages/airflow/example_dags/example_sensors.py
[2025-04-02T11:17:15.621+0000] {processor.py:914} INFO - Processing file /home/airflow/.local/lib/python3.12/site-packages/airflow/example_dags/example_sensors.py for tasks to queue
[2025-04-02T11:17:15.624+0000] {logging_mixin.py:190} INFO - [2025-04-02T11:17:15.624+0000] {dagbag.py:588} INFO - Filling up the DagBag from /home/airflow/.local/lib/python3.12/site-packages/airflow/example_dags/example_sensors.py
[2025-04-02T11:17:15.636+0000] {processor.py:925} INFO - DAG(s) 'example_sensors' retrieved from /home/airflow/.local/lib/python3.12/site-packages/airflow/example_dags/example_sensors.py
[2025-04-02T11:17:15.666+0000] {logging_mixin.py:190} INFO - [2025-04-02T11:17:15.666+0000] {dag.py:3239} INFO - Sync 1 DAGs
[2025-04-02T11:17:15.681+0000] {logging_mixin.py:190} INFO - [2025-04-02T11:17:15.681+0000] {dag.py:4180} INFO - Setting next_dagrun for example_sensors to None, run_after=None
[2025-04-02T11:17:15.703+0000] {processor.py:208} INFO - Processing /home/airflow/.local/lib/python3.12/site-packages/airflow/example_dags/example_sensors.py took 0.089 seconds
[2025-04-02T11:17:47.551+0000] {processor.py:186} INFO - Started process (PID=1848) to work on /home/airflow/.local/lib/python3.12/site-packages/airflow/example_dags/example_sensors.py
[2025-04-02T11:17:47.553+0000] {processor.py:914} INFO - Processing file /home/airflow/.local/lib/python3.12/site-packages/airflow/example_dags/example_sensors.py for tasks to queue
[2025-04-02T11:17:47.556+0000] {logging_mixin.py:190} INFO - [2025-04-02T11:17:47.556+0000] {dagbag.py:588} INFO - Filling up the DagBag from /home/airflow/.local/lib/python3.12/site-packages/airflow/example_dags/example_sensors.py
[2025-04-02T11:17:47.565+0000] {processor.py:925} INFO - DAG(s) 'example_sensors' retrieved from /home/airflow/.local/lib/python3.12/site-packages/airflow/example_dags/example_sensors.py
[2025-04-02T11:17:47.590+0000] {logging_mixin.py:190} INFO - [2025-04-02T11:17:47.590+0000] {dag.py:3239} INFO - Sync 1 DAGs
[2025-04-02T11:17:47.602+0000] {logging_mixin.py:190} INFO - [2025-04-02T11:17:47.602+0000] {dag.py:4180} INFO - Setting next_dagrun for example_sensors to None, run_after=None
[2025-04-02T11:17:47.622+0000] {processor.py:208} INFO - Processing /home/airflow/.local/lib/python3.12/site-packages/airflow/example_dags/example_sensors.py took 0.076 seconds
[2025-04-02T11:18:18.662+0000] {processor.py:186} INFO - Started process (PID=1913) to work on /home/airflow/.local/lib/python3.12/site-packages/airflow/example_dags/example_sensors.py
[2025-04-02T11:18:18.664+0000] {processor.py:914} INFO - Processing file /home/airflow/.local/lib/python3.12/site-packages/airflow/example_dags/example_sensors.py for tasks to queue
[2025-04-02T11:18:18.667+0000] {logging_mixin.py:190} INFO - [2025-04-02T11:18:18.667+0000] {dagbag.py:588} INFO - Filling up the DagBag from /home/airflow/.local/lib/python3.12/site-packages/airflow/example_dags/example_sensors.py
[2025-04-02T11:18:18.677+0000] {processor.py:925} INFO - DAG(s) 'example_sensors' retrieved from /home/airflow/.local/lib/python3.12/site-packages/airflow/example_dags/example_sensors.py
[2025-04-02T11:18:18.698+0000] {logging_mixin.py:190} INFO - [2025-04-02T11:18:18.698+0000] {dag.py:3239} INFO - Sync 1 DAGs
[2025-04-02T11:18:18.709+0000] {logging_mixin.py:190} INFO - [2025-04-02T11:18:18.709+0000] {dag.py:4180} INFO - Setting next_dagrun for example_sensors to None, run_after=None
[2025-04-02T11:18:18.725+0000] {processor.py:208} INFO - Processing /home/airflow/.local/lib/python3.12/site-packages/airflow/example_dags/example_sensors.py took 0.068 seconds
[2025-04-02T11:18:49.427+0000] {processor.py:186} INFO - Started process (PID=1978) to work on /home/airflow/.local/lib/python3.12/site-packages/airflow/example_dags/example_sensors.py
[2025-04-02T11:18:49.428+0000] {processor.py:914} INFO - Processing file /home/airflow/.local/lib/python3.12/site-packages/airflow/example_dags/example_sensors.py for tasks to queue
[2025-04-02T11:18:49.431+0000] {logging_mixin.py:190} INFO - [2025-04-02T11:18:49.431+0000] {dagbag.py:588} INFO - Filling up the DagBag from /home/airflow/.local/lib/python3.12/site-packages/airflow/example_dags/example_sensors.py
[2025-04-02T11:18:49.441+0000] {processor.py:925} INFO - DAG(s) 'example_sensors' retrieved from /home/airflow/.local/lib/python3.12/site-packages/airflow/example_dags/example_sensors.py
[2025-04-02T11:18:49.469+0000] {logging_mixin.py:190} INFO - [2025-04-02T11:18:49.468+0000] {dag.py:3239} INFO - Sync 1 DAGs
[2025-04-02T11:18:49.481+0000] {logging_mixin.py:190} INFO - [2025-04-02T11:18:49.480+0000] {dag.py:4180} INFO - Setting next_dagrun for example_sensors to None, run_after=None
[2025-04-02T11:18:49.498+0000] {processor.py:208} INFO - Processing /home/airflow/.local/lib/python3.12/site-packages/airflow/example_dags/example_sensors.py took 0.077 seconds
[2025-04-02T11:19:20.486+0000] {processor.py:186} INFO - Started process (PID=2044) to work on /home/airflow/.local/lib/python3.12/site-packages/airflow/example_dags/example_sensors.py
[2025-04-02T11:19:20.488+0000] {processor.py:914} INFO - Processing file /home/airflow/.local/lib/python3.12/site-packages/airflow/example_dags/example_sensors.py for tasks to queue
[2025-04-02T11:19:20.496+0000] {logging_mixin.py:190} INFO - [2025-04-02T11:19:20.495+0000] {dagbag.py:588} INFO - Filling up the DagBag from /home/airflow/.local/lib/python3.12/site-packages/airflow/example_dags/example_sensors.py
[2025-04-02T11:19:20.517+0000] {processor.py:925} INFO - DAG(s) 'example_sensors' retrieved from /home/airflow/.local/lib/python3.12/site-packages/airflow/example_dags/example_sensors.py
[2025-04-02T11:19:20.551+0000] {logging_mixin.py:190} INFO - [2025-04-02T11:19:20.551+0000] {dag.py:3239} INFO - Sync 1 DAGs
[2025-04-02T11:19:20.565+0000] {logging_mixin.py:190} INFO - [2025-04-02T11:19:20.565+0000] {dag.py:4180} INFO - Setting next_dagrun for example_sensors to None, run_after=None
[2025-04-02T11:19:20.589+0000] {processor.py:208} INFO - Processing /home/airflow/.local/lib/python3.12/site-packages/airflow/example_dags/example_sensors.py took 0.108 seconds
[2025-04-02T11:19:51.324+0000] {processor.py:186} INFO - Started process (PID=2115) to work on /home/airflow/.local/lib/python3.12/site-packages/airflow/example_dags/example_sensors.py
[2025-04-02T11:19:51.326+0000] {processor.py:914} INFO - Processing file /home/airflow/.local/lib/python3.12/site-packages/airflow/example_dags/example_sensors.py for tasks to queue
[2025-04-02T11:19:51.328+0000] {logging_mixin.py:190} INFO - [2025-04-02T11:19:51.328+0000] {dagbag.py:588} INFO - Filling up the DagBag from /home/airflow/.local/lib/python3.12/site-packages/airflow/example_dags/example_sensors.py
[2025-04-02T11:19:51.340+0000] {processor.py:925} INFO - DAG(s) 'example_sensors' retrieved from /home/airflow/.local/lib/python3.12/site-packages/airflow/example_dags/example_sensors.py
[2025-04-02T11:19:51.366+0000] {logging_mixin.py:190} INFO - [2025-04-02T11:19:51.366+0000] {dag.py:3239} INFO - Sync 1 DAGs
[2025-04-02T11:19:51.380+0000] {logging_mixin.py:190} INFO - [2025-04-02T11:19:51.380+0000] {dag.py:4180} INFO - Setting next_dagrun for example_sensors to None, run_after=None
[2025-04-02T11:19:51.401+0000] {processor.py:208} INFO - Processing /home/airflow/.local/lib/python3.12/site-packages/airflow/example_dags/example_sensors.py took 0.084 seconds
[2025-04-02T11:20:22.612+0000] {processor.py:186} INFO - Started process (PID=2180) to work on /home/airflow/.local/lib/python3.12/site-packages/airflow/example_dags/example_sensors.py
[2025-04-02T11:20:22.613+0000] {processor.py:914} INFO - Processing file /home/airflow/.local/lib/python3.12/site-packages/airflow/example_dags/example_sensors.py for tasks to queue
[2025-04-02T11:20:22.618+0000] {logging_mixin.py:190} INFO - [2025-04-02T11:20:22.617+0000] {dagbag.py:588} INFO - Filling up the DagBag from /home/airflow/.local/lib/python3.12/site-packages/airflow/example_dags/example_sensors.py
[2025-04-02T11:20:22.628+0000] {processor.py:925} INFO - DAG(s) 'example_sensors' retrieved from /home/airflow/.local/lib/python3.12/site-packages/airflow/example_dags/example_sensors.py
[2025-04-02T11:20:22.650+0000] {logging_mixin.py:190} INFO - [2025-04-02T11:20:22.649+0000] {dag.py:3239} INFO - Sync 1 DAGs
[2025-04-02T11:20:22.662+0000] {logging_mixin.py:190} INFO - [2025-04-02T11:20:22.662+0000] {dag.py:4180} INFO - Setting next_dagrun for example_sensors to None, run_after=None
[2025-04-02T11:20:22.681+0000] {processor.py:208} INFO - Processing /home/airflow/.local/lib/python3.12/site-packages/airflow/example_dags/example_sensors.py took 0.075 seconds
[2025-04-02T11:20:53.772+0000] {processor.py:186} INFO - Started process (PID=2246) to work on /home/airflow/.local/lib/python3.12/site-packages/airflow/example_dags/example_sensors.py
[2025-04-02T11:20:53.775+0000] {processor.py:914} INFO - Processing file /home/airflow/.local/lib/python3.12/site-packages/airflow/example_dags/example_sensors.py for tasks to queue
[2025-04-02T11:20:53.782+0000] {logging_mixin.py:190} INFO - [2025-04-02T11:20:53.781+0000] {dagbag.py:588} INFO - Filling up the DagBag from /home/airflow/.local/lib/python3.12/site-packages/airflow/example_dags/example_sensors.py
[2025-04-02T11:20:53.794+0000] {processor.py:925} INFO - DAG(s) 'example_sensors' retrieved from /home/airflow/.local/lib/python3.12/site-packages/airflow/example_dags/example_sensors.py
[2025-04-02T11:20:53.819+0000] {logging_mixin.py:190} INFO - [2025-04-02T11:20:53.818+0000] {dag.py:3239} INFO - Sync 1 DAGs
[2025-04-02T11:20:53.832+0000] {logging_mixin.py:190} INFO - [2025-04-02T11:20:53.832+0000] {dag.py:4180} INFO - Setting next_dagrun for example_sensors to None, run_after=None
[2025-04-02T11:20:53.850+0000] {processor.py:208} INFO - Processing /home/airflow/.local/lib/python3.12/site-packages/airflow/example_dags/example_sensors.py took 0.084 seconds
[2025-04-02T11:21:25.332+0000] {processor.py:186} INFO - Started process (PID=2311) to work on /home/airflow/.local/lib/python3.12/site-packages/airflow/example_dags/example_sensors.py
[2025-04-02T11:21:25.334+0000] {processor.py:914} INFO - Processing file /home/airflow/.local/lib/python3.12/site-packages/airflow/example_dags/example_sensors.py for tasks to queue
[2025-04-02T11:21:25.338+0000] {logging_mixin.py:190} INFO - [2025-04-02T11:21:25.338+0000] {dagbag.py:588} INFO - Filling up the DagBag from /home/airflow/.local/lib/python3.12/site-packages/airflow/example_dags/example_sensors.py
[2025-04-02T11:21:25.351+0000] {processor.py:925} INFO - DAG(s) 'example_sensors' retrieved from /home/airflow/.local/lib/python3.12/site-packages/airflow/example_dags/example_sensors.py
[2025-04-02T11:21:25.384+0000] {logging_mixin.py:190} INFO - [2025-04-02T11:21:25.383+0000] {dag.py:3239} INFO - Sync 1 DAGs
[2025-04-02T11:21:25.405+0000] {logging_mixin.py:190} INFO - [2025-04-02T11:21:25.404+0000] {dag.py:4180} INFO - Setting next_dagrun for example_sensors to None, run_after=None
[2025-04-02T11:21:25.431+0000] {processor.py:208} INFO - Processing /home/airflow/.local/lib/python3.12/site-packages/airflow/example_dags/example_sensors.py took 0.106 seconds
[2025-04-02T11:21:55.958+0000] {processor.py:186} INFO - Started process (PID=2376) to work on /home/airflow/.local/lib/python3.12/site-packages/airflow/example_dags/example_sensors.py
[2025-04-02T11:21:55.960+0000] {processor.py:914} INFO - Processing file /home/airflow/.local/lib/python3.12/site-packages/airflow/example_dags/example_sensors.py for tasks to queue
[2025-04-02T11:21:55.963+0000] {logging_mixin.py:190} INFO - [2025-04-02T11:21:55.963+0000] {dagbag.py:588} INFO - Filling up the DagBag from /home/airflow/.local/lib/python3.12/site-packages/airflow/example_dags/example_sensors.py
[2025-04-02T11:21:55.973+0000] {processor.py:925} INFO - DAG(s) 'example_sensors' retrieved from /home/airflow/.local/lib/python3.12/site-packages/airflow/example_dags/example_sensors.py
[2025-04-02T11:21:55.998+0000] {logging_mixin.py:190} INFO - [2025-04-02T11:21:55.997+0000] {dag.py:3239} INFO - Sync 1 DAGs
[2025-04-02T11:21:56.013+0000] {logging_mixin.py:190} INFO - [2025-04-02T11:21:56.012+0000] {dag.py:4180} INFO - Setting next_dagrun for example_sensors to None, run_after=None
[2025-04-02T11:21:56.036+0000] {processor.py:208} INFO - Processing /home/airflow/.local/lib/python3.12/site-packages/airflow/example_dags/example_sensors.py took 0.082 seconds
[2025-04-02T11:22:27.071+0000] {processor.py:186} INFO - Started process (PID=2442) to work on /home/airflow/.local/lib/python3.12/site-packages/airflow/example_dags/example_sensors.py
[2025-04-02T11:22:27.073+0000] {processor.py:914} INFO - Processing file /home/airflow/.local/lib/python3.12/site-packages/airflow/example_dags/example_sensors.py for tasks to queue
[2025-04-02T11:22:27.077+0000] {logging_mixin.py:190} INFO - [2025-04-02T11:22:27.076+0000] {dagbag.py:588} INFO - Filling up the DagBag from /home/airflow/.local/lib/python3.12/site-packages/airflow/example_dags/example_sensors.py
[2025-04-02T11:22:27.102+0000] {processor.py:925} INFO - DAG(s) 'example_sensors' retrieved from /home/airflow/.local/lib/python3.12/site-packages/airflow/example_dags/example_sensors.py
[2025-04-02T11:22:27.143+0000] {logging_mixin.py:190} INFO - [2025-04-02T11:22:27.143+0000] {dag.py:3239} INFO - Sync 1 DAGs
[2025-04-02T11:22:27.159+0000] {logging_mixin.py:190} INFO - [2025-04-02T11:22:27.159+0000] {dag.py:4180} INFO - Setting next_dagrun for example_sensors to None, run_after=None
[2025-04-02T11:22:27.184+0000] {processor.py:208} INFO - Processing /home/airflow/.local/lib/python3.12/site-packages/airflow/example_dags/example_sensors.py took 0.118 seconds
[2025-04-02T11:22:58.527+0000] {processor.py:186} INFO - Started process (PID=2507) to work on /home/airflow/.local/lib/python3.12/site-packages/airflow/example_dags/example_sensors.py
[2025-04-02T11:22:58.530+0000] {processor.py:914} INFO - Processing file /home/airflow/.local/lib/python3.12/site-packages/airflow/example_dags/example_sensors.py for tasks to queue
[2025-04-02T11:22:58.534+0000] {logging_mixin.py:190} INFO - [2025-04-02T11:22:58.533+0000] {dagbag.py:588} INFO - Filling up the DagBag from /home/airflow/.local/lib/python3.12/site-packages/airflow/example_dags/example_sensors.py
[2025-04-02T11:22:58.545+0000] {processor.py:925} INFO - DAG(s) 'example_sensors' retrieved from /home/airflow/.local/lib/python3.12/site-packages/airflow/example_dags/example_sensors.py
[2025-04-02T11:22:58.571+0000] {logging_mixin.py:190} INFO - [2025-04-02T11:22:58.571+0000] {dag.py:3239} INFO - Sync 1 DAGs
[2025-04-02T11:22:58.585+0000] {logging_mixin.py:190} INFO - [2025-04-02T11:22:58.585+0000] {dag.py:4180} INFO - Setting next_dagrun for example_sensors to None, run_after=None
[2025-04-02T11:22:58.607+0000] {processor.py:208} INFO - Processing /home/airflow/.local/lib/python3.12/site-packages/airflow/example_dags/example_sensors.py took 0.085 seconds
[2025-04-02T11:23:30.674+0000] {processor.py:186} INFO - Started process (PID=2572) to work on /home/airflow/.local/lib/python3.12/site-packages/airflow/example_dags/example_sensors.py
[2025-04-02T11:23:30.677+0000] {processor.py:914} INFO - Processing file /home/airflow/.local/lib/python3.12/site-packages/airflow/example_dags/example_sensors.py for tasks to queue
[2025-04-02T11:23:30.681+0000] {logging_mixin.py:190} INFO - [2025-04-02T11:23:30.681+0000] {dagbag.py:588} INFO - Filling up the DagBag from /home/airflow/.local/lib/python3.12/site-packages/airflow/example_dags/example_sensors.py
[2025-04-02T11:23:30.693+0000] {processor.py:925} INFO - DAG(s) 'example_sensors' retrieved from /home/airflow/.local/lib/python3.12/site-packages/airflow/example_dags/example_sensors.py
[2025-04-02T11:23:30.724+0000] {logging_mixin.py:190} INFO - [2025-04-02T11:23:30.724+0000] {dag.py:3239} INFO - Sync 1 DAGs
[2025-04-02T11:23:30.739+0000] {logging_mixin.py:190} INFO - [2025-04-02T11:23:30.739+0000] {dag.py:4180} INFO - Setting next_dagrun for example_sensors to None, run_after=None
[2025-04-02T11:23:30.771+0000] {processor.py:208} INFO - Processing /home/airflow/.local/lib/python3.12/site-packages/airflow/example_dags/example_sensors.py took 0.110 seconds
