[2025-04-02T06:22:13.072+0000] {processor.py:186} INFO - Started process (PID=7910) to work on /home/airflow/.local/lib/python3.12/site-packages/airflow/example_dags/example_inlet_event_extra.py
[2025-04-02T06:22:13.075+0000] {processor.py:914} INFO - Processing file /home/airflow/.local/lib/python3.12/site-packages/airflow/example_dags/example_inlet_event_extra.py for tasks to queue
[2025-04-02T06:22:13.077+0000] {logging_mixin.py:190} INFO - [2025-04-02T06:22:13.077+0000] {dagbag.py:588} INFO - Filling up the DagBag from /home/airflow/.local/lib/python3.12/site-packages/airflow/example_dags/example_inlet_event_extra.py
[2025-04-02T06:22:13.598+0000] {processor.py:925} INFO - DAG(s) 'read_dataset_event_from_classic', 'read_dataset_event' retrieved from /home/airflow/.local/lib/python3.12/site-packages/airflow/example_dags/example_inlet_event_extra.py
[2025-04-02T06:22:13.636+0000] {logging_mixin.py:190} INFO - [2025-04-02T06:22:13.636+0000] {dag.py:3239} INFO - Sync 2 DAGs
[2025-04-02T06:22:13.656+0000] {logging_mixin.py:190} INFO - [2025-04-02T06:22:13.656+0000] {dag.py:4180} INFO - Setting next_dagrun for read_dataset_event to 2025-04-01 00:00:00+00:00, run_after=2025-04-02 00:00:00+00:00
[2025-04-02T06:22:13.662+0000] {logging_mixin.py:190} INFO - [2025-04-02T06:22:13.662+0000] {dag.py:4180} INFO - Setting next_dagrun for read_dataset_event_from_classic to 2025-04-01 00:00:00+00:00, run_after=2025-04-02 00:00:00+00:00
[2025-04-02T06:22:13.685+0000] {processor.py:208} INFO - Processing /home/airflow/.local/lib/python3.12/site-packages/airflow/example_dags/example_inlet_event_extra.py took 0.618 seconds
[2025-04-02T09:06:43.959+0000] {processor.py:186} INFO - Started process (PID=7976) to work on /home/airflow/.local/lib/python3.12/site-packages/airflow/example_dags/example_inlet_event_extra.py
[2025-04-02T09:06:43.962+0000] {processor.py:914} INFO - Processing file /home/airflow/.local/lib/python3.12/site-packages/airflow/example_dags/example_inlet_event_extra.py for tasks to queue
[2025-04-02T09:06:43.965+0000] {logging_mixin.py:190} INFO - [2025-04-02T09:06:43.964+0000] {dagbag.py:588} INFO - Filling up the DagBag from /home/airflow/.local/lib/python3.12/site-packages/airflow/example_dags/example_inlet_event_extra.py
[2025-04-02T09:06:45.508+0000] {processor.py:925} INFO - DAG(s) 'read_dataset_event_from_classic', 'read_dataset_event' retrieved from /home/airflow/.local/lib/python3.12/site-packages/airflow/example_dags/example_inlet_event_extra.py
[2025-04-02T09:06:45.610+0000] {logging_mixin.py:190} INFO - [2025-04-02T09:06:45.609+0000] {dag.py:3239} INFO - Sync 2 DAGs
[2025-04-02T09:06:45.694+0000] {logging_mixin.py:190} INFO - [2025-04-02T09:06:45.693+0000] {dag.py:4180} INFO - Setting next_dagrun for read_dataset_event to 2025-04-01 00:00:00+00:00, run_after=2025-04-02 00:00:00+00:00
[2025-04-02T09:06:45.715+0000] {logging_mixin.py:190} INFO - [2025-04-02T09:06:45.714+0000] {dag.py:4180} INFO - Setting next_dagrun for read_dataset_event_from_classic to 2025-04-01 00:00:00+00:00, run_after=2025-04-02 00:00:00+00:00
[2025-04-02T09:06:45.778+0000] {processor.py:208} INFO - Processing /home/airflow/.local/lib/python3.12/site-packages/airflow/example_dags/example_inlet_event_extra.py took 1.829 seconds
[2025-04-02T11:03:39.165+0000] {processor.py:186} INFO - Started process (PID=45) to work on /home/airflow/.local/lib/python3.12/site-packages/airflow/example_dags/example_inlet_event_extra.py
[2025-04-02T11:03:39.169+0000] {processor.py:914} INFO - Processing file /home/airflow/.local/lib/python3.12/site-packages/airflow/example_dags/example_inlet_event_extra.py for tasks to queue
[2025-04-02T11:03:39.175+0000] {logging_mixin.py:190} INFO - [2025-04-02T11:03:39.174+0000] {dagbag.py:588} INFO - Filling up the DagBag from /home/airflow/.local/lib/python3.12/site-packages/airflow/example_dags/example_inlet_event_extra.py
[2025-04-02T11:03:40.203+0000] {processor.py:925} INFO - DAG(s) 'read_dataset_event_from_classic', 'read_dataset_event' retrieved from /home/airflow/.local/lib/python3.12/site-packages/airflow/example_dags/example_inlet_event_extra.py
[2025-04-02T11:03:40.247+0000] {logging_mixin.py:190} INFO - [2025-04-02T11:03:40.246+0000] {dag.py:3239} INFO - Sync 2 DAGs
[2025-04-02T11:03:40.305+0000] {logging_mixin.py:190} INFO - [2025-04-02T11:03:40.305+0000] {dag.py:4180} INFO - Setting next_dagrun for read_dataset_event to 2025-04-01 00:00:00+00:00, run_after=2025-04-02 00:00:00+00:00
[2025-04-02T11:03:40.318+0000] {logging_mixin.py:190} INFO - [2025-04-02T11:03:40.317+0000] {dag.py:4180} INFO - Setting next_dagrun for read_dataset_event_from_classic to 2025-04-01 00:00:00+00:00, run_after=2025-04-02 00:00:00+00:00
[2025-04-02T11:03:40.354+0000] {processor.py:208} INFO - Processing /home/airflow/.local/lib/python3.12/site-packages/airflow/example_dags/example_inlet_event_extra.py took 1.203 seconds
[2025-04-02T11:04:10.943+0000] {processor.py:186} INFO - Started process (PID=112) to work on /home/airflow/.local/lib/python3.12/site-packages/airflow/example_dags/example_inlet_event_extra.py
[2025-04-02T11:04:10.946+0000] {processor.py:914} INFO - Processing file /home/airflow/.local/lib/python3.12/site-packages/airflow/example_dags/example_inlet_event_extra.py for tasks to queue
[2025-04-02T11:04:10.951+0000] {logging_mixin.py:190} INFO - [2025-04-02T11:04:10.950+0000] {dagbag.py:588} INFO - Filling up the DagBag from /home/airflow/.local/lib/python3.12/site-packages/airflow/example_dags/example_inlet_event_extra.py
[2025-04-02T11:04:11.436+0000] {processor.py:925} INFO - DAG(s) 'read_dataset_event_from_classic', 'read_dataset_event' retrieved from /home/airflow/.local/lib/python3.12/site-packages/airflow/example_dags/example_inlet_event_extra.py
[2025-04-02T11:04:11.473+0000] {logging_mixin.py:190} INFO - [2025-04-02T11:04:11.473+0000] {dag.py:3239} INFO - Sync 2 DAGs
[2025-04-02T11:04:11.498+0000] {logging_mixin.py:190} INFO - [2025-04-02T11:04:11.498+0000] {dag.py:4180} INFO - Setting next_dagrun for read_dataset_event to 2025-04-01 00:00:00+00:00, run_after=2025-04-02 00:00:00+00:00
[2025-04-02T11:04:11.512+0000] {logging_mixin.py:190} INFO - [2025-04-02T11:04:11.512+0000] {dag.py:4180} INFO - Setting next_dagrun for read_dataset_event_from_classic to 2025-04-01 00:00:00+00:00, run_after=2025-04-02 00:00:00+00:00
[2025-04-02T11:04:11.543+0000] {processor.py:208} INFO - Processing /home/airflow/.local/lib/python3.12/site-packages/airflow/example_dags/example_inlet_event_extra.py took 0.609 seconds
[2025-04-02T11:04:42.210+0000] {processor.py:186} INFO - Started process (PID=177) to work on /home/airflow/.local/lib/python3.12/site-packages/airflow/example_dags/example_inlet_event_extra.py
[2025-04-02T11:04:42.212+0000] {processor.py:914} INFO - Processing file /home/airflow/.local/lib/python3.12/site-packages/airflow/example_dags/example_inlet_event_extra.py for tasks to queue
[2025-04-02T11:04:42.217+0000] {logging_mixin.py:190} INFO - [2025-04-02T11:04:42.216+0000] {dagbag.py:588} INFO - Filling up the DagBag from /home/airflow/.local/lib/python3.12/site-packages/airflow/example_dags/example_inlet_event_extra.py
[2025-04-02T11:04:42.724+0000] {processor.py:925} INFO - DAG(s) 'read_dataset_event_from_classic', 'read_dataset_event' retrieved from /home/airflow/.local/lib/python3.12/site-packages/airflow/example_dags/example_inlet_event_extra.py
[2025-04-02T11:04:42.755+0000] {logging_mixin.py:190} INFO - [2025-04-02T11:04:42.755+0000] {dag.py:3239} INFO - Sync 2 DAGs
[2025-04-02T11:04:42.780+0000] {logging_mixin.py:190} INFO - [2025-04-02T11:04:42.779+0000] {dag.py:4180} INFO - Setting next_dagrun for read_dataset_event to 2025-04-01 00:00:00+00:00, run_after=2025-04-02 00:00:00+00:00
[2025-04-02T11:04:42.787+0000] {logging_mixin.py:190} INFO - [2025-04-02T11:04:42.786+0000] {dag.py:4180} INFO - Setting next_dagrun for read_dataset_event_from_classic to 2025-04-01 00:00:00+00:00, run_after=2025-04-02 00:00:00+00:00
[2025-04-02T11:04:42.812+0000] {processor.py:208} INFO - Processing /home/airflow/.local/lib/python3.12/site-packages/airflow/example_dags/example_inlet_event_extra.py took 0.610 seconds
[2025-04-02T11:05:13.202+0000] {processor.py:186} INFO - Started process (PID=242) to work on /home/airflow/.local/lib/python3.12/site-packages/airflow/example_dags/example_inlet_event_extra.py
[2025-04-02T11:05:13.207+0000] {processor.py:914} INFO - Processing file /home/airflow/.local/lib/python3.12/site-packages/airflow/example_dags/example_inlet_event_extra.py for tasks to queue
[2025-04-02T11:05:13.216+0000] {logging_mixin.py:190} INFO - [2025-04-02T11:05:13.216+0000] {dagbag.py:588} INFO - Filling up the DagBag from /home/airflow/.local/lib/python3.12/site-packages/airflow/example_dags/example_inlet_event_extra.py
[2025-04-02T11:05:14.053+0000] {processor.py:925} INFO - DAG(s) 'read_dataset_event', 'read_dataset_event_from_classic' retrieved from /home/airflow/.local/lib/python3.12/site-packages/airflow/example_dags/example_inlet_event_extra.py
[2025-04-02T11:05:14.081+0000] {logging_mixin.py:190} INFO - [2025-04-02T11:05:14.081+0000] {dag.py:3239} INFO - Sync 2 DAGs
[2025-04-02T11:05:14.108+0000] {logging_mixin.py:190} INFO - [2025-04-02T11:05:14.108+0000] {dag.py:4180} INFO - Setting next_dagrun for read_dataset_event to 2025-04-01 00:00:00+00:00, run_after=2025-04-02 00:00:00+00:00
[2025-04-02T11:05:14.114+0000] {logging_mixin.py:190} INFO - [2025-04-02T11:05:14.114+0000] {dag.py:4180} INFO - Setting next_dagrun for read_dataset_event_from_classic to 2025-04-01 00:00:00+00:00, run_after=2025-04-02 00:00:00+00:00
[2025-04-02T11:05:14.136+0000] {processor.py:208} INFO - Processing /home/airflow/.local/lib/python3.12/site-packages/airflow/example_dags/example_inlet_event_extra.py took 0.952 seconds
[2025-04-02T11:05:44.622+0000] {processor.py:186} INFO - Started process (PID=312) to work on /home/airflow/.local/lib/python3.12/site-packages/airflow/example_dags/example_inlet_event_extra.py
[2025-04-02T11:05:44.624+0000] {processor.py:914} INFO - Processing file /home/airflow/.local/lib/python3.12/site-packages/airflow/example_dags/example_inlet_event_extra.py for tasks to queue
[2025-04-02T11:05:44.628+0000] {logging_mixin.py:190} INFO - [2025-04-02T11:05:44.627+0000] {dagbag.py:588} INFO - Filling up the DagBag from /home/airflow/.local/lib/python3.12/site-packages/airflow/example_dags/example_inlet_event_extra.py
[2025-04-02T11:05:45.152+0000] {processor.py:925} INFO - DAG(s) 'read_dataset_event_from_classic', 'read_dataset_event' retrieved from /home/airflow/.local/lib/python3.12/site-packages/airflow/example_dags/example_inlet_event_extra.py
[2025-04-02T11:05:45.177+0000] {logging_mixin.py:190} INFO - [2025-04-02T11:05:45.177+0000] {dag.py:3239} INFO - Sync 2 DAGs
[2025-04-02T11:05:45.204+0000] {logging_mixin.py:190} INFO - [2025-04-02T11:05:45.203+0000] {dag.py:4180} INFO - Setting next_dagrun for read_dataset_event to 2025-04-01 00:00:00+00:00, run_after=2025-04-02 00:00:00+00:00
[2025-04-02T11:05:45.212+0000] {logging_mixin.py:190} INFO - [2025-04-02T11:05:45.211+0000] {dag.py:4180} INFO - Setting next_dagrun for read_dataset_event_from_classic to 2025-04-01 00:00:00+00:00, run_after=2025-04-02 00:00:00+00:00
[2025-04-02T11:05:45.239+0000] {processor.py:208} INFO - Processing /home/airflow/.local/lib/python3.12/site-packages/airflow/example_dags/example_inlet_event_extra.py took 0.624 seconds
[2025-04-02T11:06:15.413+0000] {processor.py:186} INFO - Started process (PID=381) to work on /home/airflow/.local/lib/python3.12/site-packages/airflow/example_dags/example_inlet_event_extra.py
[2025-04-02T11:06:15.415+0000] {processor.py:914} INFO - Processing file /home/airflow/.local/lib/python3.12/site-packages/airflow/example_dags/example_inlet_event_extra.py for tasks to queue
[2025-04-02T11:06:15.418+0000] {logging_mixin.py:190} INFO - [2025-04-02T11:06:15.418+0000] {dagbag.py:588} INFO - Filling up the DagBag from /home/airflow/.local/lib/python3.12/site-packages/airflow/example_dags/example_inlet_event_extra.py
[2025-04-02T11:06:16.029+0000] {processor.py:925} INFO - DAG(s) 'read_dataset_event_from_classic', 'read_dataset_event' retrieved from /home/airflow/.local/lib/python3.12/site-packages/airflow/example_dags/example_inlet_event_extra.py
[2025-04-02T11:06:16.057+0000] {logging_mixin.py:190} INFO - [2025-04-02T11:06:16.056+0000] {dag.py:3239} INFO - Sync 2 DAGs
[2025-04-02T11:06:16.084+0000] {logging_mixin.py:190} INFO - [2025-04-02T11:06:16.084+0000] {dag.py:4180} INFO - Setting next_dagrun for read_dataset_event to 2025-04-01 00:00:00+00:00, run_after=2025-04-02 00:00:00+00:00
[2025-04-02T11:06:16.092+0000] {logging_mixin.py:190} INFO - [2025-04-02T11:06:16.092+0000] {dag.py:4180} INFO - Setting next_dagrun for read_dataset_event_from_classic to 2025-04-01 00:00:00+00:00, run_after=2025-04-02 00:00:00+00:00
[2025-04-02T11:06:16.125+0000] {processor.py:208} INFO - Processing /home/airflow/.local/lib/python3.12/site-packages/airflow/example_dags/example_inlet_event_extra.py took 0.719 seconds
[2025-04-02T11:06:46.714+0000] {processor.py:186} INFO - Started process (PID=446) to work on /home/airflow/.local/lib/python3.12/site-packages/airflow/example_dags/example_inlet_event_extra.py
[2025-04-02T11:06:46.717+0000] {processor.py:914} INFO - Processing file /home/airflow/.local/lib/python3.12/site-packages/airflow/example_dags/example_inlet_event_extra.py for tasks to queue
[2025-04-02T11:06:46.723+0000] {logging_mixin.py:190} INFO - [2025-04-02T11:06:46.722+0000] {dagbag.py:588} INFO - Filling up the DagBag from /home/airflow/.local/lib/python3.12/site-packages/airflow/example_dags/example_inlet_event_extra.py
[2025-04-02T11:06:47.281+0000] {processor.py:925} INFO - DAG(s) 'read_dataset_event', 'read_dataset_event_from_classic' retrieved from /home/airflow/.local/lib/python3.12/site-packages/airflow/example_dags/example_inlet_event_extra.py
[2025-04-02T11:06:47.310+0000] {logging_mixin.py:190} INFO - [2025-04-02T11:06:47.310+0000] {dag.py:3239} INFO - Sync 2 DAGs
[2025-04-02T11:06:47.333+0000] {logging_mixin.py:190} INFO - [2025-04-02T11:06:47.333+0000] {dag.py:4180} INFO - Setting next_dagrun for read_dataset_event to 2025-04-01 00:00:00+00:00, run_after=2025-04-02 00:00:00+00:00
[2025-04-02T11:06:47.341+0000] {logging_mixin.py:190} INFO - [2025-04-02T11:06:47.341+0000] {dag.py:4180} INFO - Setting next_dagrun for read_dataset_event_from_classic to 2025-04-01 00:00:00+00:00, run_after=2025-04-02 00:00:00+00:00
[2025-04-02T11:06:47.373+0000] {processor.py:208} INFO - Processing /home/airflow/.local/lib/python3.12/site-packages/airflow/example_dags/example_inlet_event_extra.py took 0.670 seconds
[2025-04-02T11:07:17.791+0000] {processor.py:186} INFO - Started process (PID=514) to work on /home/airflow/.local/lib/python3.12/site-packages/airflow/example_dags/example_inlet_event_extra.py
[2025-04-02T11:07:17.794+0000] {processor.py:914} INFO - Processing file /home/airflow/.local/lib/python3.12/site-packages/airflow/example_dags/example_inlet_event_extra.py for tasks to queue
[2025-04-02T11:07:17.798+0000] {logging_mixin.py:190} INFO - [2025-04-02T11:07:17.798+0000] {dagbag.py:588} INFO - Filling up the DagBag from /home/airflow/.local/lib/python3.12/site-packages/airflow/example_dags/example_inlet_event_extra.py
[2025-04-02T11:07:18.439+0000] {processor.py:925} INFO - DAG(s) 'read_dataset_event', 'read_dataset_event_from_classic' retrieved from /home/airflow/.local/lib/python3.12/site-packages/airflow/example_dags/example_inlet_event_extra.py
[2025-04-02T11:07:18.463+0000] {logging_mixin.py:190} INFO - [2025-04-02T11:07:18.462+0000] {dag.py:3239} INFO - Sync 2 DAGs
[2025-04-02T11:07:18.486+0000] {logging_mixin.py:190} INFO - [2025-04-02T11:07:18.486+0000] {dag.py:4180} INFO - Setting next_dagrun for read_dataset_event to 2025-04-01 00:00:00+00:00, run_after=2025-04-02 00:00:00+00:00
[2025-04-02T11:07:18.492+0000] {logging_mixin.py:190} INFO - [2025-04-02T11:07:18.492+0000] {dag.py:4180} INFO - Setting next_dagrun for read_dataset_event_from_classic to 2025-04-01 00:00:00+00:00, run_after=2025-04-02 00:00:00+00:00
[2025-04-02T11:07:18.521+0000] {processor.py:208} INFO - Processing /home/airflow/.local/lib/python3.12/site-packages/airflow/example_dags/example_inlet_event_extra.py took 0.736 seconds
[2025-04-02T11:07:49.570+0000] {processor.py:186} INFO - Started process (PID=587) to work on /home/airflow/.local/lib/python3.12/site-packages/airflow/example_dags/example_inlet_event_extra.py
[2025-04-02T11:07:49.575+0000] {processor.py:914} INFO - Processing file /home/airflow/.local/lib/python3.12/site-packages/airflow/example_dags/example_inlet_event_extra.py for tasks to queue
[2025-04-02T11:07:49.582+0000] {logging_mixin.py:190} INFO - [2025-04-02T11:07:49.582+0000] {dagbag.py:588} INFO - Filling up the DagBag from /home/airflow/.local/lib/python3.12/site-packages/airflow/example_dags/example_inlet_event_extra.py
[2025-04-02T11:07:50.167+0000] {processor.py:925} INFO - DAG(s) 'read_dataset_event_from_classic', 'read_dataset_event' retrieved from /home/airflow/.local/lib/python3.12/site-packages/airflow/example_dags/example_inlet_event_extra.py
[2025-04-02T11:07:50.194+0000] {logging_mixin.py:190} INFO - [2025-04-02T11:07:50.194+0000] {dag.py:3239} INFO - Sync 2 DAGs
[2025-04-02T11:07:50.218+0000] {logging_mixin.py:190} INFO - [2025-04-02T11:07:50.218+0000] {dag.py:4180} INFO - Setting next_dagrun for read_dataset_event to 2025-04-01 00:00:00+00:00, run_after=2025-04-02 00:00:00+00:00
[2025-04-02T11:07:50.225+0000] {logging_mixin.py:190} INFO - [2025-04-02T11:07:50.224+0000] {dag.py:4180} INFO - Setting next_dagrun for read_dataset_event_from_classic to 2025-04-01 00:00:00+00:00, run_after=2025-04-02 00:00:00+00:00
[2025-04-02T11:07:50.248+0000] {processor.py:208} INFO - Processing /home/airflow/.local/lib/python3.12/site-packages/airflow/example_dags/example_inlet_event_extra.py took 0.689 seconds
[2025-04-02T11:08:20.397+0000] {processor.py:186} INFO - Started process (PID=652) to work on /home/airflow/.local/lib/python3.12/site-packages/airflow/example_dags/example_inlet_event_extra.py
[2025-04-02T11:08:20.399+0000] {processor.py:914} INFO - Processing file /home/airflow/.local/lib/python3.12/site-packages/airflow/example_dags/example_inlet_event_extra.py for tasks to queue
[2025-04-02T11:08:20.403+0000] {logging_mixin.py:190} INFO - [2025-04-02T11:08:20.403+0000] {dagbag.py:588} INFO - Filling up the DagBag from /home/airflow/.local/lib/python3.12/site-packages/airflow/example_dags/example_inlet_event_extra.py
[2025-04-02T11:08:21.002+0000] {processor.py:925} INFO - DAG(s) 'read_dataset_event_from_classic', 'read_dataset_event' retrieved from /home/airflow/.local/lib/python3.12/site-packages/airflow/example_dags/example_inlet_event_extra.py
[2025-04-02T11:08:21.025+0000] {logging_mixin.py:190} INFO - [2025-04-02T11:08:21.025+0000] {dag.py:3239} INFO - Sync 2 DAGs
[2025-04-02T11:08:21.047+0000] {logging_mixin.py:190} INFO - [2025-04-02T11:08:21.047+0000] {dag.py:4180} INFO - Setting next_dagrun for read_dataset_event to 2025-04-01 00:00:00+00:00, run_after=2025-04-02 00:00:00+00:00
[2025-04-02T11:08:21.053+0000] {logging_mixin.py:190} INFO - [2025-04-02T11:08:21.052+0000] {dag.py:4180} INFO - Setting next_dagrun for read_dataset_event_from_classic to 2025-04-01 00:00:00+00:00, run_after=2025-04-02 00:00:00+00:00
[2025-04-02T11:08:21.071+0000] {processor.py:208} INFO - Processing /home/airflow/.local/lib/python3.12/site-packages/airflow/example_dags/example_inlet_event_extra.py took 0.683 seconds
[2025-04-02T11:08:51.369+0000] {processor.py:186} INFO - Started process (PID=717) to work on /home/airflow/.local/lib/python3.12/site-packages/airflow/example_dags/example_inlet_event_extra.py
[2025-04-02T11:08:51.372+0000] {processor.py:914} INFO - Processing file /home/airflow/.local/lib/python3.12/site-packages/airflow/example_dags/example_inlet_event_extra.py for tasks to queue
[2025-04-02T11:08:51.378+0000] {logging_mixin.py:190} INFO - [2025-04-02T11:08:51.377+0000] {dagbag.py:588} INFO - Filling up the DagBag from /home/airflow/.local/lib/python3.12/site-packages/airflow/example_dags/example_inlet_event_extra.py
[2025-04-02T11:08:51.943+0000] {processor.py:925} INFO - DAG(s) 'read_dataset_event_from_classic', 'read_dataset_event' retrieved from /home/airflow/.local/lib/python3.12/site-packages/airflow/example_dags/example_inlet_event_extra.py
[2025-04-02T11:08:51.974+0000] {logging_mixin.py:190} INFO - [2025-04-02T11:08:51.973+0000] {dag.py:3239} INFO - Sync 2 DAGs
[2025-04-02T11:08:52.001+0000] {logging_mixin.py:190} INFO - [2025-04-02T11:08:52.000+0000] {dag.py:4180} INFO - Setting next_dagrun for read_dataset_event to 2025-04-01 00:00:00+00:00, run_after=2025-04-02 00:00:00+00:00
[2025-04-02T11:08:52.008+0000] {logging_mixin.py:190} INFO - [2025-04-02T11:08:52.008+0000] {dag.py:4180} INFO - Setting next_dagrun for read_dataset_event_from_classic to 2025-04-01 00:00:00+00:00, run_after=2025-04-02 00:00:00+00:00
[2025-04-02T11:08:52.035+0000] {processor.py:208} INFO - Processing /home/airflow/.local/lib/python3.12/site-packages/airflow/example_dags/example_inlet_event_extra.py took 0.675 seconds
[2025-04-02T11:09:22.451+0000] {processor.py:186} INFO - Started process (PID=782) to work on /home/airflow/.local/lib/python3.12/site-packages/airflow/example_dags/example_inlet_event_extra.py
[2025-04-02T11:09:22.454+0000] {processor.py:914} INFO - Processing file /home/airflow/.local/lib/python3.12/site-packages/airflow/example_dags/example_inlet_event_extra.py for tasks to queue
[2025-04-02T11:09:22.460+0000] {logging_mixin.py:190} INFO - [2025-04-02T11:09:22.460+0000] {dagbag.py:588} INFO - Filling up the DagBag from /home/airflow/.local/lib/python3.12/site-packages/airflow/example_dags/example_inlet_event_extra.py
[2025-04-02T11:09:23.163+0000] {processor.py:925} INFO - DAG(s) 'read_dataset_event', 'read_dataset_event_from_classic' retrieved from /home/airflow/.local/lib/python3.12/site-packages/airflow/example_dags/example_inlet_event_extra.py
[2025-04-02T11:09:23.197+0000] {logging_mixin.py:190} INFO - [2025-04-02T11:09:23.197+0000] {dag.py:3239} INFO - Sync 2 DAGs
[2025-04-02T11:09:23.223+0000] {logging_mixin.py:190} INFO - [2025-04-02T11:09:23.223+0000] {dag.py:4180} INFO - Setting next_dagrun for read_dataset_event to 2025-04-01 00:00:00+00:00, run_after=2025-04-02 00:00:00+00:00
[2025-04-02T11:09:23.232+0000] {logging_mixin.py:190} INFO - [2025-04-02T11:09:23.232+0000] {dag.py:4180} INFO - Setting next_dagrun for read_dataset_event_from_classic to 2025-04-01 00:00:00+00:00, run_after=2025-04-02 00:00:00+00:00
[2025-04-02T11:09:23.264+0000] {processor.py:208} INFO - Processing /home/airflow/.local/lib/python3.12/site-packages/airflow/example_dags/example_inlet_event_extra.py took 0.823 seconds
[2025-04-02T11:09:53.822+0000] {processor.py:186} INFO - Started process (PID=847) to work on /home/airflow/.local/lib/python3.12/site-packages/airflow/example_dags/example_inlet_event_extra.py
[2025-04-02T11:09:53.825+0000] {processor.py:914} INFO - Processing file /home/airflow/.local/lib/python3.12/site-packages/airflow/example_dags/example_inlet_event_extra.py for tasks to queue
[2025-04-02T11:09:53.831+0000] {logging_mixin.py:190} INFO - [2025-04-02T11:09:53.831+0000] {dagbag.py:588} INFO - Filling up the DagBag from /home/airflow/.local/lib/python3.12/site-packages/airflow/example_dags/example_inlet_event_extra.py
[2025-04-02T11:09:54.413+0000] {processor.py:925} INFO - DAG(s) 'read_dataset_event_from_classic', 'read_dataset_event' retrieved from /home/airflow/.local/lib/python3.12/site-packages/airflow/example_dags/example_inlet_event_extra.py
[2025-04-02T11:09:54.442+0000] {logging_mixin.py:190} INFO - [2025-04-02T11:09:54.442+0000] {dag.py:3239} INFO - Sync 2 DAGs
[2025-04-02T11:09:54.464+0000] {logging_mixin.py:190} INFO - [2025-04-02T11:09:54.464+0000] {dag.py:4180} INFO - Setting next_dagrun for read_dataset_event to 2025-04-01 00:00:00+00:00, run_after=2025-04-02 00:00:00+00:00
[2025-04-02T11:09:54.473+0000] {logging_mixin.py:190} INFO - [2025-04-02T11:09:54.473+0000] {dag.py:4180} INFO - Setting next_dagrun for read_dataset_event_from_classic to 2025-04-01 00:00:00+00:00, run_after=2025-04-02 00:00:00+00:00
[2025-04-02T11:09:54.505+0000] {processor.py:208} INFO - Processing /home/airflow/.local/lib/python3.12/site-packages/airflow/example_dags/example_inlet_event_extra.py took 0.691 seconds
[2025-04-02T11:10:24.588+0000] {processor.py:186} INFO - Started process (PID=912) to work on /home/airflow/.local/lib/python3.12/site-packages/airflow/example_dags/example_inlet_event_extra.py
[2025-04-02T11:10:24.592+0000] {processor.py:914} INFO - Processing file /home/airflow/.local/lib/python3.12/site-packages/airflow/example_dags/example_inlet_event_extra.py for tasks to queue
[2025-04-02T11:10:24.599+0000] {logging_mixin.py:190} INFO - [2025-04-02T11:10:24.598+0000] {dagbag.py:588} INFO - Filling up the DagBag from /home/airflow/.local/lib/python3.12/site-packages/airflow/example_dags/example_inlet_event_extra.py
[2025-04-02T11:10:25.264+0000] {processor.py:925} INFO - DAG(s) 'read_dataset_event', 'read_dataset_event_from_classic' retrieved from /home/airflow/.local/lib/python3.12/site-packages/airflow/example_dags/example_inlet_event_extra.py
[2025-04-02T11:10:25.312+0000] {logging_mixin.py:190} INFO - [2025-04-02T11:10:25.312+0000] {dag.py:3239} INFO - Sync 2 DAGs
[2025-04-02T11:10:25.348+0000] {logging_mixin.py:190} INFO - [2025-04-02T11:10:25.348+0000] {dag.py:4180} INFO - Setting next_dagrun for read_dataset_event to 2025-04-01 00:00:00+00:00, run_after=2025-04-02 00:00:00+00:00
[2025-04-02T11:10:25.358+0000] {logging_mixin.py:190} INFO - [2025-04-02T11:10:25.358+0000] {dag.py:4180} INFO - Setting next_dagrun for read_dataset_event_from_classic to 2025-04-01 00:00:00+00:00, run_after=2025-04-02 00:00:00+00:00
[2025-04-02T11:10:25.388+0000] {processor.py:208} INFO - Processing /home/airflow/.local/lib/python3.12/site-packages/airflow/example_dags/example_inlet_event_extra.py took 0.809 seconds
[2025-04-02T11:10:56.219+0000] {processor.py:186} INFO - Started process (PID=977) to work on /home/airflow/.local/lib/python3.12/site-packages/airflow/example_dags/example_inlet_event_extra.py
[2025-04-02T11:10:56.221+0000] {processor.py:914} INFO - Processing file /home/airflow/.local/lib/python3.12/site-packages/airflow/example_dags/example_inlet_event_extra.py for tasks to queue
[2025-04-02T11:10:56.226+0000] {logging_mixin.py:190} INFO - [2025-04-02T11:10:56.225+0000] {dagbag.py:588} INFO - Filling up the DagBag from /home/airflow/.local/lib/python3.12/site-packages/airflow/example_dags/example_inlet_event_extra.py
[2025-04-02T11:10:56.764+0000] {processor.py:925} INFO - DAG(s) 'read_dataset_event', 'read_dataset_event_from_classic' retrieved from /home/airflow/.local/lib/python3.12/site-packages/airflow/example_dags/example_inlet_event_extra.py
[2025-04-02T11:10:56.811+0000] {logging_mixin.py:190} INFO - [2025-04-02T11:10:56.811+0000] {dag.py:3239} INFO - Sync 2 DAGs
[2025-04-02T11:10:56.847+0000] {logging_mixin.py:190} INFO - [2025-04-02T11:10:56.847+0000] {dag.py:4180} INFO - Setting next_dagrun for read_dataset_event to 2025-04-01 00:00:00+00:00, run_after=2025-04-02 00:00:00+00:00
[2025-04-02T11:10:56.853+0000] {logging_mixin.py:190} INFO - [2025-04-02T11:10:56.853+0000] {dag.py:4180} INFO - Setting next_dagrun for read_dataset_event_from_classic to 2025-04-01 00:00:00+00:00, run_after=2025-04-02 00:00:00+00:00
[2025-04-02T11:10:56.884+0000] {processor.py:208} INFO - Processing /home/airflow/.local/lib/python3.12/site-packages/airflow/example_dags/example_inlet_event_extra.py took 0.671 seconds
[2025-04-02T11:11:27.893+0000] {processor.py:186} INFO - Started process (PID=1042) to work on /home/airflow/.local/lib/python3.12/site-packages/airflow/example_dags/example_inlet_event_extra.py
[2025-04-02T11:11:27.897+0000] {processor.py:914} INFO - Processing file /home/airflow/.local/lib/python3.12/site-packages/airflow/example_dags/example_inlet_event_extra.py for tasks to queue
[2025-04-02T11:11:27.904+0000] {logging_mixin.py:190} INFO - [2025-04-02T11:11:27.903+0000] {dagbag.py:588} INFO - Filling up the DagBag from /home/airflow/.local/lib/python3.12/site-packages/airflow/example_dags/example_inlet_event_extra.py
[2025-04-02T11:11:28.495+0000] {processor.py:925} INFO - DAG(s) 'read_dataset_event', 'read_dataset_event_from_classic' retrieved from /home/airflow/.local/lib/python3.12/site-packages/airflow/example_dags/example_inlet_event_extra.py
[2025-04-02T11:11:28.538+0000] {logging_mixin.py:190} INFO - [2025-04-02T11:11:28.537+0000] {dag.py:3239} INFO - Sync 2 DAGs
[2025-04-02T11:11:28.568+0000] {logging_mixin.py:190} INFO - [2025-04-02T11:11:28.568+0000] {dag.py:4180} INFO - Setting next_dagrun for read_dataset_event to 2025-04-01 00:00:00+00:00, run_after=2025-04-02 00:00:00+00:00
[2025-04-02T11:11:28.575+0000] {logging_mixin.py:190} INFO - [2025-04-02T11:11:28.575+0000] {dag.py:4180} INFO - Setting next_dagrun for read_dataset_event_from_classic to 2025-04-01 00:00:00+00:00, run_after=2025-04-02 00:00:00+00:00
[2025-04-02T11:11:28.610+0000] {processor.py:208} INFO - Processing /home/airflow/.local/lib/python3.12/site-packages/airflow/example_dags/example_inlet_event_extra.py took 0.730 seconds
[2025-04-02T11:11:59.593+0000] {processor.py:186} INFO - Started process (PID=1107) to work on /home/airflow/.local/lib/python3.12/site-packages/airflow/example_dags/example_inlet_event_extra.py
[2025-04-02T11:11:59.596+0000] {processor.py:914} INFO - Processing file /home/airflow/.local/lib/python3.12/site-packages/airflow/example_dags/example_inlet_event_extra.py for tasks to queue
[2025-04-02T11:11:59.603+0000] {logging_mixin.py:190} INFO - [2025-04-02T11:11:59.602+0000] {dagbag.py:588} INFO - Filling up the DagBag from /home/airflow/.local/lib/python3.12/site-packages/airflow/example_dags/example_inlet_event_extra.py
[2025-04-02T11:12:00.172+0000] {processor.py:925} INFO - DAG(s) 'read_dataset_event_from_classic', 'read_dataset_event' retrieved from /home/airflow/.local/lib/python3.12/site-packages/airflow/example_dags/example_inlet_event_extra.py
[2025-04-02T11:12:00.197+0000] {logging_mixin.py:190} INFO - [2025-04-02T11:12:00.196+0000] {dag.py:3239} INFO - Sync 2 DAGs
[2025-04-02T11:12:00.217+0000] {logging_mixin.py:190} INFO - [2025-04-02T11:12:00.217+0000] {dag.py:4180} INFO - Setting next_dagrun for read_dataset_event to 2025-04-01 00:00:00+00:00, run_after=2025-04-02 00:00:00+00:00
[2025-04-02T11:12:00.224+0000] {logging_mixin.py:190} INFO - [2025-04-02T11:12:00.224+0000] {dag.py:4180} INFO - Setting next_dagrun for read_dataset_event_from_classic to 2025-04-01 00:00:00+00:00, run_after=2025-04-02 00:00:00+00:00
[2025-04-02T11:12:00.256+0000] {processor.py:208} INFO - Processing /home/airflow/.local/lib/python3.12/site-packages/airflow/example_dags/example_inlet_event_extra.py took 0.674 seconds
[2025-04-02T11:12:31.101+0000] {processor.py:186} INFO - Started process (PID=1172) to work on /home/airflow/.local/lib/python3.12/site-packages/airflow/example_dags/example_inlet_event_extra.py
[2025-04-02T11:12:31.105+0000] {processor.py:914} INFO - Processing file /home/airflow/.local/lib/python3.12/site-packages/airflow/example_dags/example_inlet_event_extra.py for tasks to queue
[2025-04-02T11:12:31.110+0000] {logging_mixin.py:190} INFO - [2025-04-02T11:12:31.110+0000] {dagbag.py:588} INFO - Filling up the DagBag from /home/airflow/.local/lib/python3.12/site-packages/airflow/example_dags/example_inlet_event_extra.py
[2025-04-02T11:12:31.615+0000] {processor.py:925} INFO - DAG(s) 'read_dataset_event_from_classic', 'read_dataset_event' retrieved from /home/airflow/.local/lib/python3.12/site-packages/airflow/example_dags/example_inlet_event_extra.py
[2025-04-02T11:12:31.640+0000] {logging_mixin.py:190} INFO - [2025-04-02T11:12:31.640+0000] {dag.py:3239} INFO - Sync 2 DAGs
[2025-04-02T11:12:31.663+0000] {logging_mixin.py:190} INFO - [2025-04-02T11:12:31.662+0000] {dag.py:4180} INFO - Setting next_dagrun for read_dataset_event to 2025-04-01 00:00:00+00:00, run_after=2025-04-02 00:00:00+00:00
[2025-04-02T11:12:31.670+0000] {logging_mixin.py:190} INFO - [2025-04-02T11:12:31.669+0000] {dag.py:4180} INFO - Setting next_dagrun for read_dataset_event_from_classic to 2025-04-01 00:00:00+00:00, run_after=2025-04-02 00:00:00+00:00
[2025-04-02T11:12:31.699+0000] {processor.py:208} INFO - Processing /home/airflow/.local/lib/python3.12/site-packages/airflow/example_dags/example_inlet_event_extra.py took 0.608 seconds
[2025-04-02T11:13:02.497+0000] {processor.py:186} INFO - Started process (PID=1238) to work on /home/airflow/.local/lib/python3.12/site-packages/airflow/example_dags/example_inlet_event_extra.py
[2025-04-02T11:13:02.501+0000] {processor.py:914} INFO - Processing file /home/airflow/.local/lib/python3.12/site-packages/airflow/example_dags/example_inlet_event_extra.py for tasks to queue
[2025-04-02T11:13:02.507+0000] {logging_mixin.py:190} INFO - [2025-04-02T11:13:02.506+0000] {dagbag.py:588} INFO - Filling up the DagBag from /home/airflow/.local/lib/python3.12/site-packages/airflow/example_dags/example_inlet_event_extra.py
[2025-04-02T11:13:03.130+0000] {processor.py:925} INFO - DAG(s) 'read_dataset_event', 'read_dataset_event_from_classic' retrieved from /home/airflow/.local/lib/python3.12/site-packages/airflow/example_dags/example_inlet_event_extra.py
[2025-04-02T11:13:03.151+0000] {logging_mixin.py:190} INFO - [2025-04-02T11:13:03.151+0000] {dag.py:3239} INFO - Sync 2 DAGs
[2025-04-02T11:13:03.172+0000] {logging_mixin.py:190} INFO - [2025-04-02T11:13:03.172+0000] {dag.py:4180} INFO - Setting next_dagrun for read_dataset_event to 2025-04-01 00:00:00+00:00, run_after=2025-04-02 00:00:00+00:00
[2025-04-02T11:13:03.179+0000] {logging_mixin.py:190} INFO - [2025-04-02T11:13:03.179+0000] {dag.py:4180} INFO - Setting next_dagrun for read_dataset_event_from_classic to 2025-04-01 00:00:00+00:00, run_after=2025-04-02 00:00:00+00:00
[2025-04-02T11:13:03.207+0000] {processor.py:208} INFO - Processing /home/airflow/.local/lib/python3.12/site-packages/airflow/example_dags/example_inlet_event_extra.py took 0.721 seconds
[2025-04-02T11:13:33.464+0000] {processor.py:186} INFO - Started process (PID=1303) to work on /home/airflow/.local/lib/python3.12/site-packages/airflow/example_dags/example_inlet_event_extra.py
[2025-04-02T11:13:33.468+0000] {processor.py:914} INFO - Processing file /home/airflow/.local/lib/python3.12/site-packages/airflow/example_dags/example_inlet_event_extra.py for tasks to queue
[2025-04-02T11:13:33.478+0000] {logging_mixin.py:190} INFO - [2025-04-02T11:13:33.477+0000] {dagbag.py:588} INFO - Filling up the DagBag from /home/airflow/.local/lib/python3.12/site-packages/airflow/example_dags/example_inlet_event_extra.py
[2025-04-02T11:13:34.473+0000] {processor.py:925} INFO - DAG(s) 'read_dataset_event', 'read_dataset_event_from_classic' retrieved from /home/airflow/.local/lib/python3.12/site-packages/airflow/example_dags/example_inlet_event_extra.py
[2025-04-02T11:13:34.495+0000] {logging_mixin.py:190} INFO - [2025-04-02T11:13:34.494+0000] {dag.py:3239} INFO - Sync 2 DAGs
[2025-04-02T11:13:34.515+0000] {logging_mixin.py:190} INFO - [2025-04-02T11:13:34.514+0000] {dag.py:4180} INFO - Setting next_dagrun for read_dataset_event to 2025-04-01 00:00:00+00:00, run_after=2025-04-02 00:00:00+00:00
[2025-04-02T11:13:34.520+0000] {logging_mixin.py:190} INFO - [2025-04-02T11:13:34.520+0000] {dag.py:4180} INFO - Setting next_dagrun for read_dataset_event_from_classic to 2025-04-01 00:00:00+00:00, run_after=2025-04-02 00:00:00+00:00
[2025-04-02T11:13:34.549+0000] {processor.py:208} INFO - Processing /home/airflow/.local/lib/python3.12/site-packages/airflow/example_dags/example_inlet_event_extra.py took 1.098 seconds
[2025-04-02T11:14:04.825+0000] {processor.py:186} INFO - Started process (PID=1368) to work on /home/airflow/.local/lib/python3.12/site-packages/airflow/example_dags/example_inlet_event_extra.py
[2025-04-02T11:14:04.828+0000] {processor.py:914} INFO - Processing file /home/airflow/.local/lib/python3.12/site-packages/airflow/example_dags/example_inlet_event_extra.py for tasks to queue
[2025-04-02T11:14:04.833+0000] {logging_mixin.py:190} INFO - [2025-04-02T11:14:04.832+0000] {dagbag.py:588} INFO - Filling up the DagBag from /home/airflow/.local/lib/python3.12/site-packages/airflow/example_dags/example_inlet_event_extra.py
[2025-04-02T11:14:05.467+0000] {processor.py:925} INFO - DAG(s) 'read_dataset_event', 'read_dataset_event_from_classic' retrieved from /home/airflow/.local/lib/python3.12/site-packages/airflow/example_dags/example_inlet_event_extra.py
[2025-04-02T11:14:05.496+0000] {logging_mixin.py:190} INFO - [2025-04-02T11:14:05.496+0000] {dag.py:3239} INFO - Sync 2 DAGs
[2025-04-02T11:14:05.525+0000] {logging_mixin.py:190} INFO - [2025-04-02T11:14:05.525+0000] {dag.py:4180} INFO - Setting next_dagrun for read_dataset_event to 2025-04-01 00:00:00+00:00, run_after=2025-04-02 00:00:00+00:00
[2025-04-02T11:14:05.532+0000] {logging_mixin.py:190} INFO - [2025-04-02T11:14:05.532+0000] {dag.py:4180} INFO - Setting next_dagrun for read_dataset_event_from_classic to 2025-04-01 00:00:00+00:00, run_after=2025-04-02 00:00:00+00:00
[2025-04-02T11:14:05.559+0000] {processor.py:208} INFO - Processing /home/airflow/.local/lib/python3.12/site-packages/airflow/example_dags/example_inlet_event_extra.py took 0.744 seconds
[2025-04-02T11:14:36.144+0000] {processor.py:186} INFO - Started process (PID=1433) to work on /home/airflow/.local/lib/python3.12/site-packages/airflow/example_dags/example_inlet_event_extra.py
[2025-04-02T11:14:36.147+0000] {processor.py:914} INFO - Processing file /home/airflow/.local/lib/python3.12/site-packages/airflow/example_dags/example_inlet_event_extra.py for tasks to queue
[2025-04-02T11:14:36.152+0000] {logging_mixin.py:190} INFO - [2025-04-02T11:14:36.152+0000] {dagbag.py:588} INFO - Filling up the DagBag from /home/airflow/.local/lib/python3.12/site-packages/airflow/example_dags/example_inlet_event_extra.py
[2025-04-02T11:14:36.644+0000] {processor.py:925} INFO - DAG(s) 'read_dataset_event', 'read_dataset_event_from_classic' retrieved from /home/airflow/.local/lib/python3.12/site-packages/airflow/example_dags/example_inlet_event_extra.py
[2025-04-02T11:14:36.671+0000] {logging_mixin.py:190} INFO - [2025-04-02T11:14:36.671+0000] {dag.py:3239} INFO - Sync 2 DAGs
[2025-04-02T11:14:36.693+0000] {logging_mixin.py:190} INFO - [2025-04-02T11:14:36.692+0000] {dag.py:4180} INFO - Setting next_dagrun for read_dataset_event to 2025-04-01 00:00:00+00:00, run_after=2025-04-02 00:00:00+00:00
[2025-04-02T11:14:36.699+0000] {logging_mixin.py:190} INFO - [2025-04-02T11:14:36.699+0000] {dag.py:4180} INFO - Setting next_dagrun for read_dataset_event_from_classic to 2025-04-01 00:00:00+00:00, run_after=2025-04-02 00:00:00+00:00
[2025-04-02T11:14:36.734+0000] {processor.py:208} INFO - Processing /home/airflow/.local/lib/python3.12/site-packages/airflow/example_dags/example_inlet_event_extra.py took 0.600 seconds
[2025-04-02T11:15:07.575+0000] {processor.py:186} INFO - Started process (PID=1498) to work on /home/airflow/.local/lib/python3.12/site-packages/airflow/example_dags/example_inlet_event_extra.py
[2025-04-02T11:15:07.578+0000] {processor.py:914} INFO - Processing file /home/airflow/.local/lib/python3.12/site-packages/airflow/example_dags/example_inlet_event_extra.py for tasks to queue
[2025-04-02T11:15:07.584+0000] {logging_mixin.py:190} INFO - [2025-04-02T11:15:07.584+0000] {dagbag.py:588} INFO - Filling up the DagBag from /home/airflow/.local/lib/python3.12/site-packages/airflow/example_dags/example_inlet_event_extra.py
[2025-04-02T11:15:08.221+0000] {processor.py:925} INFO - DAG(s) 'read_dataset_event_from_classic', 'read_dataset_event' retrieved from /home/airflow/.local/lib/python3.12/site-packages/airflow/example_dags/example_inlet_event_extra.py
[2025-04-02T11:15:08.245+0000] {logging_mixin.py:190} INFO - [2025-04-02T11:15:08.244+0000] {dag.py:3239} INFO - Sync 2 DAGs
[2025-04-02T11:15:08.266+0000] {logging_mixin.py:190} INFO - [2025-04-02T11:15:08.266+0000] {dag.py:4180} INFO - Setting next_dagrun for read_dataset_event to 2025-04-01 00:00:00+00:00, run_after=2025-04-02 00:00:00+00:00
[2025-04-02T11:15:08.272+0000] {logging_mixin.py:190} INFO - [2025-04-02T11:15:08.272+0000] {dag.py:4180} INFO - Setting next_dagrun for read_dataset_event_from_classic to 2025-04-01 00:00:00+00:00, run_after=2025-04-02 00:00:00+00:00
[2025-04-02T11:15:08.294+0000] {processor.py:208} INFO - Processing /home/airflow/.local/lib/python3.12/site-packages/airflow/example_dags/example_inlet_event_extra.py took 0.730 seconds
[2025-04-02T11:15:38.675+0000] {processor.py:186} INFO - Started process (PID=1563) to work on /home/airflow/.local/lib/python3.12/site-packages/airflow/example_dags/example_inlet_event_extra.py
[2025-04-02T11:15:38.680+0000] {processor.py:914} INFO - Processing file /home/airflow/.local/lib/python3.12/site-packages/airflow/example_dags/example_inlet_event_extra.py for tasks to queue
[2025-04-02T11:15:38.686+0000] {logging_mixin.py:190} INFO - [2025-04-02T11:15:38.685+0000] {dagbag.py:588} INFO - Filling up the DagBag from /home/airflow/.local/lib/python3.12/site-packages/airflow/example_dags/example_inlet_event_extra.py
[2025-04-02T11:15:39.256+0000] {processor.py:925} INFO - DAG(s) 'read_dataset_event', 'read_dataset_event_from_classic' retrieved from /home/airflow/.local/lib/python3.12/site-packages/airflow/example_dags/example_inlet_event_extra.py
[2025-04-02T11:15:39.286+0000] {logging_mixin.py:190} INFO - [2025-04-02T11:15:39.286+0000] {dag.py:3239} INFO - Sync 2 DAGs
[2025-04-02T11:15:39.315+0000] {logging_mixin.py:190} INFO - [2025-04-02T11:15:39.315+0000] {dag.py:4180} INFO - Setting next_dagrun for read_dataset_event to 2025-04-01 00:00:00+00:00, run_after=2025-04-02 00:00:00+00:00
[2025-04-02T11:15:39.326+0000] {logging_mixin.py:190} INFO - [2025-04-02T11:15:39.326+0000] {dag.py:4180} INFO - Setting next_dagrun for read_dataset_event_from_classic to 2025-04-01 00:00:00+00:00, run_after=2025-04-02 00:00:00+00:00
[2025-04-02T11:15:39.354+0000] {processor.py:208} INFO - Processing /home/airflow/.local/lib/python3.12/site-packages/airflow/example_dags/example_inlet_event_extra.py took 0.688 seconds
[2025-04-02T11:16:09.603+0000] {processor.py:186} INFO - Started process (PID=1628) to work on /home/airflow/.local/lib/python3.12/site-packages/airflow/example_dags/example_inlet_event_extra.py
[2025-04-02T11:16:09.606+0000] {processor.py:914} INFO - Processing file /home/airflow/.local/lib/python3.12/site-packages/airflow/example_dags/example_inlet_event_extra.py for tasks to queue
[2025-04-02T11:16:09.615+0000] {logging_mixin.py:190} INFO - [2025-04-02T11:16:09.614+0000] {dagbag.py:588} INFO - Filling up the DagBag from /home/airflow/.local/lib/python3.12/site-packages/airflow/example_dags/example_inlet_event_extra.py
[2025-04-02T11:16:10.094+0000] {processor.py:925} INFO - DAG(s) 'read_dataset_event_from_classic', 'read_dataset_event' retrieved from /home/airflow/.local/lib/python3.12/site-packages/airflow/example_dags/example_inlet_event_extra.py
[2025-04-02T11:16:10.124+0000] {logging_mixin.py:190} INFO - [2025-04-02T11:16:10.124+0000] {dag.py:3239} INFO - Sync 2 DAGs
[2025-04-02T11:16:10.147+0000] {logging_mixin.py:190} INFO - [2025-04-02T11:16:10.147+0000] {dag.py:4180} INFO - Setting next_dagrun for read_dataset_event to 2025-04-01 00:00:00+00:00, run_after=2025-04-02 00:00:00+00:00
[2025-04-02T11:16:10.154+0000] {logging_mixin.py:190} INFO - [2025-04-02T11:16:10.153+0000] {dag.py:4180} INFO - Setting next_dagrun for read_dataset_event_from_classic to 2025-04-01 00:00:00+00:00, run_after=2025-04-02 00:00:00+00:00
[2025-04-02T11:16:10.175+0000] {processor.py:208} INFO - Processing /home/airflow/.local/lib/python3.12/site-packages/airflow/example_dags/example_inlet_event_extra.py took 0.580 seconds
[2025-04-02T11:16:40.591+0000] {processor.py:186} INFO - Started process (PID=1693) to work on /home/airflow/.local/lib/python3.12/site-packages/airflow/example_dags/example_inlet_event_extra.py
[2025-04-02T11:16:40.594+0000] {processor.py:914} INFO - Processing file /home/airflow/.local/lib/python3.12/site-packages/airflow/example_dags/example_inlet_event_extra.py for tasks to queue
[2025-04-02T11:16:40.601+0000] {logging_mixin.py:190} INFO - [2025-04-02T11:16:40.600+0000] {dagbag.py:588} INFO - Filling up the DagBag from /home/airflow/.local/lib/python3.12/site-packages/airflow/example_dags/example_inlet_event_extra.py
[2025-04-02T11:16:41.111+0000] {processor.py:925} INFO - DAG(s) 'read_dataset_event_from_classic', 'read_dataset_event' retrieved from /home/airflow/.local/lib/python3.12/site-packages/airflow/example_dags/example_inlet_event_extra.py
[2025-04-02T11:16:41.135+0000] {logging_mixin.py:190} INFO - [2025-04-02T11:16:41.135+0000] {dag.py:3239} INFO - Sync 2 DAGs
[2025-04-02T11:16:41.158+0000] {logging_mixin.py:190} INFO - [2025-04-02T11:16:41.158+0000] {dag.py:4180} INFO - Setting next_dagrun for read_dataset_event to 2025-04-01 00:00:00+00:00, run_after=2025-04-02 00:00:00+00:00
[2025-04-02T11:16:41.165+0000] {logging_mixin.py:190} INFO - [2025-04-02T11:16:41.164+0000] {dag.py:4180} INFO - Setting next_dagrun for read_dataset_event_from_classic to 2025-04-01 00:00:00+00:00, run_after=2025-04-02 00:00:00+00:00
[2025-04-02T11:16:41.194+0000] {processor.py:208} INFO - Processing /home/airflow/.local/lib/python3.12/site-packages/airflow/example_dags/example_inlet_event_extra.py took 0.614 seconds
[2025-04-02T11:17:11.556+0000] {processor.py:186} INFO - Started process (PID=1758) to work on /home/airflow/.local/lib/python3.12/site-packages/airflow/example_dags/example_inlet_event_extra.py
[2025-04-02T11:17:11.560+0000] {processor.py:914} INFO - Processing file /home/airflow/.local/lib/python3.12/site-packages/airflow/example_dags/example_inlet_event_extra.py for tasks to queue
[2025-04-02T11:17:11.566+0000] {logging_mixin.py:190} INFO - [2025-04-02T11:17:11.565+0000] {dagbag.py:588} INFO - Filling up the DagBag from /home/airflow/.local/lib/python3.12/site-packages/airflow/example_dags/example_inlet_event_extra.py
[2025-04-02T11:17:12.124+0000] {processor.py:925} INFO - DAG(s) 'read_dataset_event_from_classic', 'read_dataset_event' retrieved from /home/airflow/.local/lib/python3.12/site-packages/airflow/example_dags/example_inlet_event_extra.py
[2025-04-02T11:17:12.154+0000] {logging_mixin.py:190} INFO - [2025-04-02T11:17:12.154+0000] {dag.py:3239} INFO - Sync 2 DAGs
[2025-04-02T11:17:12.179+0000] {logging_mixin.py:190} INFO - [2025-04-02T11:17:12.179+0000] {dag.py:4180} INFO - Setting next_dagrun for read_dataset_event to 2025-04-01 00:00:00+00:00, run_after=2025-04-02 00:00:00+00:00
[2025-04-02T11:17:12.186+0000] {logging_mixin.py:190} INFO - [2025-04-02T11:17:12.186+0000] {dag.py:4180} INFO - Setting next_dagrun for read_dataset_event_from_classic to 2025-04-01 00:00:00+00:00, run_after=2025-04-02 00:00:00+00:00
[2025-04-02T11:17:12.204+0000] {processor.py:208} INFO - Processing /home/airflow/.local/lib/python3.12/site-packages/airflow/example_dags/example_inlet_event_extra.py took 0.658 seconds
[2025-04-02T11:17:43.130+0000] {processor.py:186} INFO - Started process (PID=1823) to work on /home/airflow/.local/lib/python3.12/site-packages/airflow/example_dags/example_inlet_event_extra.py
[2025-04-02T11:17:43.133+0000] {processor.py:914} INFO - Processing file /home/airflow/.local/lib/python3.12/site-packages/airflow/example_dags/example_inlet_event_extra.py for tasks to queue
[2025-04-02T11:17:43.140+0000] {logging_mixin.py:190} INFO - [2025-04-02T11:17:43.139+0000] {dagbag.py:588} INFO - Filling up the DagBag from /home/airflow/.local/lib/python3.12/site-packages/airflow/example_dags/example_inlet_event_extra.py
[2025-04-02T11:17:43.653+0000] {processor.py:925} INFO - DAG(s) 'read_dataset_event', 'read_dataset_event_from_classic' retrieved from /home/airflow/.local/lib/python3.12/site-packages/airflow/example_dags/example_inlet_event_extra.py
[2025-04-02T11:17:43.678+0000] {logging_mixin.py:190} INFO - [2025-04-02T11:17:43.678+0000] {dag.py:3239} INFO - Sync 2 DAGs
[2025-04-02T11:17:43.700+0000] {logging_mixin.py:190} INFO - [2025-04-02T11:17:43.699+0000] {dag.py:4180} INFO - Setting next_dagrun for read_dataset_event to 2025-04-01 00:00:00+00:00, run_after=2025-04-02 00:00:00+00:00
[2025-04-02T11:17:43.706+0000] {logging_mixin.py:190} INFO - [2025-04-02T11:17:43.706+0000] {dag.py:4180} INFO - Setting next_dagrun for read_dataset_event_from_classic to 2025-04-01 00:00:00+00:00, run_after=2025-04-02 00:00:00+00:00
[2025-04-02T11:17:43.736+0000] {processor.py:208} INFO - Processing /home/airflow/.local/lib/python3.12/site-packages/airflow/example_dags/example_inlet_event_extra.py took 0.617 seconds
[2025-04-02T11:18:14.331+0000] {processor.py:186} INFO - Started process (PID=1888) to work on /home/airflow/.local/lib/python3.12/site-packages/airflow/example_dags/example_inlet_event_extra.py
[2025-04-02T11:18:14.337+0000] {processor.py:914} INFO - Processing file /home/airflow/.local/lib/python3.12/site-packages/airflow/example_dags/example_inlet_event_extra.py for tasks to queue
[2025-04-02T11:18:14.347+0000] {logging_mixin.py:190} INFO - [2025-04-02T11:18:14.346+0000] {dagbag.py:588} INFO - Filling up the DagBag from /home/airflow/.local/lib/python3.12/site-packages/airflow/example_dags/example_inlet_event_extra.py
[2025-04-02T11:18:15.004+0000] {processor.py:925} INFO - DAG(s) 'read_dataset_event_from_classic', 'read_dataset_event' retrieved from /home/airflow/.local/lib/python3.12/site-packages/airflow/example_dags/example_inlet_event_extra.py
[2025-04-02T11:18:15.027+0000] {logging_mixin.py:190} INFO - [2025-04-02T11:18:15.027+0000] {dag.py:3239} INFO - Sync 2 DAGs
[2025-04-02T11:18:15.048+0000] {logging_mixin.py:190} INFO - [2025-04-02T11:18:15.048+0000] {dag.py:4180} INFO - Setting next_dagrun for read_dataset_event to 2025-04-01 00:00:00+00:00, run_after=2025-04-02 00:00:00+00:00
[2025-04-02T11:18:15.055+0000] {logging_mixin.py:190} INFO - [2025-04-02T11:18:15.054+0000] {dag.py:4180} INFO - Setting next_dagrun for read_dataset_event_from_classic to 2025-04-01 00:00:00+00:00, run_after=2025-04-02 00:00:00+00:00
[2025-04-02T11:18:15.087+0000] {processor.py:208} INFO - Processing /home/airflow/.local/lib/python3.12/site-packages/airflow/example_dags/example_inlet_event_extra.py took 0.765 seconds
[2025-04-02T11:18:45.243+0000] {processor.py:186} INFO - Started process (PID=1953) to work on /home/airflow/.local/lib/python3.12/site-packages/airflow/example_dags/example_inlet_event_extra.py
[2025-04-02T11:18:45.246+0000] {processor.py:914} INFO - Processing file /home/airflow/.local/lib/python3.12/site-packages/airflow/example_dags/example_inlet_event_extra.py for tasks to queue
[2025-04-02T11:18:45.252+0000] {logging_mixin.py:190} INFO - [2025-04-02T11:18:45.252+0000] {dagbag.py:588} INFO - Filling up the DagBag from /home/airflow/.local/lib/python3.12/site-packages/airflow/example_dags/example_inlet_event_extra.py
[2025-04-02T11:18:45.818+0000] {processor.py:925} INFO - DAG(s) 'read_dataset_event_from_classic', 'read_dataset_event' retrieved from /home/airflow/.local/lib/python3.12/site-packages/airflow/example_dags/example_inlet_event_extra.py
[2025-04-02T11:18:45.844+0000] {logging_mixin.py:190} INFO - [2025-04-02T11:18:45.843+0000] {dag.py:3239} INFO - Sync 2 DAGs
[2025-04-02T11:18:45.867+0000] {logging_mixin.py:190} INFO - [2025-04-02T11:18:45.866+0000] {dag.py:4180} INFO - Setting next_dagrun for read_dataset_event to 2025-04-01 00:00:00+00:00, run_after=2025-04-02 00:00:00+00:00
[2025-04-02T11:18:45.873+0000] {logging_mixin.py:190} INFO - [2025-04-02T11:18:45.873+0000] {dag.py:4180} INFO - Setting next_dagrun for read_dataset_event_from_classic to 2025-04-01 00:00:00+00:00, run_after=2025-04-02 00:00:00+00:00
[2025-04-02T11:18:45.906+0000] {processor.py:208} INFO - Processing /home/airflow/.local/lib/python3.12/site-packages/airflow/example_dags/example_inlet_event_extra.py took 0.674 seconds
[2025-04-02T11:19:16.045+0000] {processor.py:186} INFO - Started process (PID=2018) to work on /home/airflow/.local/lib/python3.12/site-packages/airflow/example_dags/example_inlet_event_extra.py
[2025-04-02T11:19:16.049+0000] {processor.py:914} INFO - Processing file /home/airflow/.local/lib/python3.12/site-packages/airflow/example_dags/example_inlet_event_extra.py for tasks to queue
[2025-04-02T11:19:16.056+0000] {logging_mixin.py:190} INFO - [2025-04-02T11:19:16.055+0000] {dagbag.py:588} INFO - Filling up the DagBag from /home/airflow/.local/lib/python3.12/site-packages/airflow/example_dags/example_inlet_event_extra.py
[2025-04-02T11:19:16.638+0000] {processor.py:925} INFO - DAG(s) 'read_dataset_event', 'read_dataset_event_from_classic' retrieved from /home/airflow/.local/lib/python3.12/site-packages/airflow/example_dags/example_inlet_event_extra.py
[2025-04-02T11:19:16.663+0000] {logging_mixin.py:190} INFO - [2025-04-02T11:19:16.663+0000] {dag.py:3239} INFO - Sync 2 DAGs
[2025-04-02T11:19:16.688+0000] {logging_mixin.py:190} INFO - [2025-04-02T11:19:16.688+0000] {dag.py:4180} INFO - Setting next_dagrun for read_dataset_event to 2025-04-01 00:00:00+00:00, run_after=2025-04-02 00:00:00+00:00
[2025-04-02T11:19:16.696+0000] {logging_mixin.py:190} INFO - [2025-04-02T11:19:16.696+0000] {dag.py:4180} INFO - Setting next_dagrun for read_dataset_event_from_classic to 2025-04-01 00:00:00+00:00, run_after=2025-04-02 00:00:00+00:00
[2025-04-02T11:19:16.717+0000] {processor.py:208} INFO - Processing /home/airflow/.local/lib/python3.12/site-packages/airflow/example_dags/example_inlet_event_extra.py took 0.684 seconds
[2025-04-02T11:19:46.887+0000] {processor.py:186} INFO - Started process (PID=2083) to work on /home/airflow/.local/lib/python3.12/site-packages/airflow/example_dags/example_inlet_event_extra.py
[2025-04-02T11:19:46.891+0000] {processor.py:914} INFO - Processing file /home/airflow/.local/lib/python3.12/site-packages/airflow/example_dags/example_inlet_event_extra.py for tasks to queue
[2025-04-02T11:19:46.900+0000] {logging_mixin.py:190} INFO - [2025-04-02T11:19:46.899+0000] {dagbag.py:588} INFO - Filling up the DagBag from /home/airflow/.local/lib/python3.12/site-packages/airflow/example_dags/example_inlet_event_extra.py
[2025-04-02T11:19:47.559+0000] {processor.py:925} INFO - DAG(s) 'read_dataset_event', 'read_dataset_event_from_classic' retrieved from /home/airflow/.local/lib/python3.12/site-packages/airflow/example_dags/example_inlet_event_extra.py
[2025-04-02T11:19:47.592+0000] {logging_mixin.py:190} INFO - [2025-04-02T11:19:47.591+0000] {dag.py:3239} INFO - Sync 2 DAGs
[2025-04-02T11:19:47.618+0000] {logging_mixin.py:190} INFO - [2025-04-02T11:19:47.617+0000] {dag.py:4180} INFO - Setting next_dagrun for read_dataset_event to 2025-04-01 00:00:00+00:00, run_after=2025-04-02 00:00:00+00:00
[2025-04-02T11:19:47.625+0000] {logging_mixin.py:190} INFO - [2025-04-02T11:19:47.625+0000] {dag.py:4180} INFO - Setting next_dagrun for read_dataset_event_from_classic to 2025-04-01 00:00:00+00:00, run_after=2025-04-02 00:00:00+00:00
[2025-04-02T11:19:47.654+0000] {processor.py:208} INFO - Processing /home/airflow/.local/lib/python3.12/site-packages/airflow/example_dags/example_inlet_event_extra.py took 0.777 seconds
[2025-04-02T11:20:18.095+0000] {processor.py:186} INFO - Started process (PID=2149) to work on /home/airflow/.local/lib/python3.12/site-packages/airflow/example_dags/example_inlet_event_extra.py
[2025-04-02T11:20:18.099+0000] {processor.py:914} INFO - Processing file /home/airflow/.local/lib/python3.12/site-packages/airflow/example_dags/example_inlet_event_extra.py for tasks to queue
[2025-04-02T11:20:18.104+0000] {logging_mixin.py:190} INFO - [2025-04-02T11:20:18.104+0000] {dagbag.py:588} INFO - Filling up the DagBag from /home/airflow/.local/lib/python3.12/site-packages/airflow/example_dags/example_inlet_event_extra.py
[2025-04-02T11:20:18.666+0000] {processor.py:925} INFO - DAG(s) 'read_dataset_event_from_classic', 'read_dataset_event' retrieved from /home/airflow/.local/lib/python3.12/site-packages/airflow/example_dags/example_inlet_event_extra.py
[2025-04-02T11:20:18.697+0000] {logging_mixin.py:190} INFO - [2025-04-02T11:20:18.697+0000] {dag.py:3239} INFO - Sync 2 DAGs
[2025-04-02T11:20:18.722+0000] {logging_mixin.py:190} INFO - [2025-04-02T11:20:18.722+0000] {dag.py:4180} INFO - Setting next_dagrun for read_dataset_event to 2025-04-01 00:00:00+00:00, run_after=2025-04-02 00:00:00+00:00
[2025-04-02T11:20:18.729+0000] {logging_mixin.py:190} INFO - [2025-04-02T11:20:18.728+0000] {dag.py:4180} INFO - Setting next_dagrun for read_dataset_event_from_classic to 2025-04-01 00:00:00+00:00, run_after=2025-04-02 00:00:00+00:00
[2025-04-02T11:20:18.760+0000] {processor.py:208} INFO - Processing /home/airflow/.local/lib/python3.12/site-packages/airflow/example_dags/example_inlet_event_extra.py took 0.674 seconds
[2025-04-02T11:20:49.367+0000] {processor.py:186} INFO - Started process (PID=2214) to work on /home/airflow/.local/lib/python3.12/site-packages/airflow/example_dags/example_inlet_event_extra.py
[2025-04-02T11:20:49.371+0000] {processor.py:914} INFO - Processing file /home/airflow/.local/lib/python3.12/site-packages/airflow/example_dags/example_inlet_event_extra.py for tasks to queue
[2025-04-02T11:20:49.378+0000] {logging_mixin.py:190} INFO - [2025-04-02T11:20:49.377+0000] {dagbag.py:588} INFO - Filling up the DagBag from /home/airflow/.local/lib/python3.12/site-packages/airflow/example_dags/example_inlet_event_extra.py
[2025-04-02T11:20:49.942+0000] {processor.py:925} INFO - DAG(s) 'read_dataset_event', 'read_dataset_event_from_classic' retrieved from /home/airflow/.local/lib/python3.12/site-packages/airflow/example_dags/example_inlet_event_extra.py
[2025-04-02T11:20:49.967+0000] {logging_mixin.py:190} INFO - [2025-04-02T11:20:49.967+0000] {dag.py:3239} INFO - Sync 2 DAGs
[2025-04-02T11:20:49.988+0000] {logging_mixin.py:190} INFO - [2025-04-02T11:20:49.988+0000] {dag.py:4180} INFO - Setting next_dagrun for read_dataset_event to 2025-04-01 00:00:00+00:00, run_after=2025-04-02 00:00:00+00:00
[2025-04-02T11:20:49.995+0000] {logging_mixin.py:190} INFO - [2025-04-02T11:20:49.994+0000] {dag.py:4180} INFO - Setting next_dagrun for read_dataset_event_from_classic to 2025-04-01 00:00:00+00:00, run_after=2025-04-02 00:00:00+00:00
[2025-04-02T11:20:50.019+0000] {processor.py:208} INFO - Processing /home/airflow/.local/lib/python3.12/site-packages/airflow/example_dags/example_inlet_event_extra.py took 0.663 seconds
[2025-04-02T11:21:20.715+0000] {processor.py:186} INFO - Started process (PID=2280) to work on /home/airflow/.local/lib/python3.12/site-packages/airflow/example_dags/example_inlet_event_extra.py
[2025-04-02T11:21:20.718+0000] {processor.py:914} INFO - Processing file /home/airflow/.local/lib/python3.12/site-packages/airflow/example_dags/example_inlet_event_extra.py for tasks to queue
[2025-04-02T11:21:20.727+0000] {logging_mixin.py:190} INFO - [2025-04-02T11:21:20.725+0000] {dagbag.py:588} INFO - Filling up the DagBag from /home/airflow/.local/lib/python3.12/site-packages/airflow/example_dags/example_inlet_event_extra.py
[2025-04-02T11:21:21.321+0000] {processor.py:925} INFO - DAG(s) 'read_dataset_event', 'read_dataset_event_from_classic' retrieved from /home/airflow/.local/lib/python3.12/site-packages/airflow/example_dags/example_inlet_event_extra.py
[2025-04-02T11:21:21.350+0000] {logging_mixin.py:190} INFO - [2025-04-02T11:21:21.350+0000] {dag.py:3239} INFO - Sync 2 DAGs
[2025-04-02T11:21:21.378+0000] {logging_mixin.py:190} INFO - [2025-04-02T11:21:21.378+0000] {dag.py:4180} INFO - Setting next_dagrun for read_dataset_event to 2025-04-01 00:00:00+00:00, run_after=2025-04-02 00:00:00+00:00
[2025-04-02T11:21:21.387+0000] {logging_mixin.py:190} INFO - [2025-04-02T11:21:21.387+0000] {dag.py:4180} INFO - Setting next_dagrun for read_dataset_event_from_classic to 2025-04-01 00:00:00+00:00, run_after=2025-04-02 00:00:00+00:00
[2025-04-02T11:21:21.415+0000] {processor.py:208} INFO - Processing /home/airflow/.local/lib/python3.12/site-packages/airflow/example_dags/example_inlet_event_extra.py took 0.710 seconds
[2025-04-02T11:21:51.935+0000] {processor.py:186} INFO - Started process (PID=2351) to work on /home/airflow/.local/lib/python3.12/site-packages/airflow/example_dags/example_inlet_event_extra.py
[2025-04-02T11:21:51.938+0000] {processor.py:914} INFO - Processing file /home/airflow/.local/lib/python3.12/site-packages/airflow/example_dags/example_inlet_event_extra.py for tasks to queue
[2025-04-02T11:21:51.945+0000] {logging_mixin.py:190} INFO - [2025-04-02T11:21:51.944+0000] {dagbag.py:588} INFO - Filling up the DagBag from /home/airflow/.local/lib/python3.12/site-packages/airflow/example_dags/example_inlet_event_extra.py
[2025-04-02T11:21:52.459+0000] {processor.py:925} INFO - DAG(s) 'read_dataset_event_from_classic', 'read_dataset_event' retrieved from /home/airflow/.local/lib/python3.12/site-packages/airflow/example_dags/example_inlet_event_extra.py
[2025-04-02T11:21:52.484+0000] {logging_mixin.py:190} INFO - [2025-04-02T11:21:52.484+0000] {dag.py:3239} INFO - Sync 2 DAGs
[2025-04-02T11:21:52.508+0000] {logging_mixin.py:190} INFO - [2025-04-02T11:21:52.508+0000] {dag.py:4180} INFO - Setting next_dagrun for read_dataset_event to 2025-04-01 00:00:00+00:00, run_after=2025-04-02 00:00:00+00:00
[2025-04-02T11:21:52.516+0000] {logging_mixin.py:190} INFO - [2025-04-02T11:21:52.516+0000] {dag.py:4180} INFO - Setting next_dagrun for read_dataset_event_from_classic to 2025-04-01 00:00:00+00:00, run_after=2025-04-02 00:00:00+00:00
[2025-04-02T11:21:52.551+0000] {processor.py:208} INFO - Processing /home/airflow/.local/lib/python3.12/site-packages/airflow/example_dags/example_inlet_event_extra.py took 0.627 seconds
[2025-04-02T11:22:23.602+0000] {processor.py:186} INFO - Started process (PID=2417) to work on /home/airflow/.local/lib/python3.12/site-packages/airflow/example_dags/example_inlet_event_extra.py
[2025-04-02T11:22:23.605+0000] {processor.py:914} INFO - Processing file /home/airflow/.local/lib/python3.12/site-packages/airflow/example_dags/example_inlet_event_extra.py for tasks to queue
[2025-04-02T11:22:23.609+0000] {logging_mixin.py:190} INFO - [2025-04-02T11:22:23.609+0000] {dagbag.py:588} INFO - Filling up the DagBag from /home/airflow/.local/lib/python3.12/site-packages/airflow/example_dags/example_inlet_event_extra.py
[2025-04-02T11:22:24.162+0000] {processor.py:925} INFO - DAG(s) 'read_dataset_event', 'read_dataset_event_from_classic' retrieved from /home/airflow/.local/lib/python3.12/site-packages/airflow/example_dags/example_inlet_event_extra.py
[2025-04-02T11:22:24.198+0000] {logging_mixin.py:190} INFO - [2025-04-02T11:22:24.197+0000] {dag.py:3239} INFO - Sync 2 DAGs
[2025-04-02T11:22:24.226+0000] {logging_mixin.py:190} INFO - [2025-04-02T11:22:24.225+0000] {dag.py:4180} INFO - Setting next_dagrun for read_dataset_event to 2025-04-01 00:00:00+00:00, run_after=2025-04-02 00:00:00+00:00
[2025-04-02T11:22:24.233+0000] {logging_mixin.py:190} INFO - [2025-04-02T11:22:24.233+0000] {dag.py:4180} INFO - Setting next_dagrun for read_dataset_event_from_classic to 2025-04-01 00:00:00+00:00, run_after=2025-04-02 00:00:00+00:00
[2025-04-02T11:22:24.259+0000] {processor.py:208} INFO - Processing /home/airflow/.local/lib/python3.12/site-packages/airflow/example_dags/example_inlet_event_extra.py took 0.663 seconds
[2025-04-02T11:22:55.108+0000] {processor.py:186} INFO - Started process (PID=2482) to work on /home/airflow/.local/lib/python3.12/site-packages/airflow/example_dags/example_inlet_event_extra.py
[2025-04-02T11:22:55.111+0000] {processor.py:914} INFO - Processing file /home/airflow/.local/lib/python3.12/site-packages/airflow/example_dags/example_inlet_event_extra.py for tasks to queue
[2025-04-02T11:22:55.117+0000] {logging_mixin.py:190} INFO - [2025-04-02T11:22:55.116+0000] {dagbag.py:588} INFO - Filling up the DagBag from /home/airflow/.local/lib/python3.12/site-packages/airflow/example_dags/example_inlet_event_extra.py
[2025-04-02T11:22:55.676+0000] {processor.py:925} INFO - DAG(s) 'read_dataset_event_from_classic', 'read_dataset_event' retrieved from /home/airflow/.local/lib/python3.12/site-packages/airflow/example_dags/example_inlet_event_extra.py
[2025-04-02T11:22:55.703+0000] {logging_mixin.py:190} INFO - [2025-04-02T11:22:55.703+0000] {dag.py:3239} INFO - Sync 2 DAGs
[2025-04-02T11:22:55.731+0000] {logging_mixin.py:190} INFO - [2025-04-02T11:22:55.731+0000] {dag.py:4180} INFO - Setting next_dagrun for read_dataset_event to 2025-04-01 00:00:00+00:00, run_after=2025-04-02 00:00:00+00:00
[2025-04-02T11:22:55.738+0000] {logging_mixin.py:190} INFO - [2025-04-02T11:22:55.738+0000] {dag.py:4180} INFO - Setting next_dagrun for read_dataset_event_from_classic to 2025-04-01 00:00:00+00:00, run_after=2025-04-02 00:00:00+00:00
[2025-04-02T11:22:55.765+0000] {processor.py:208} INFO - Processing /home/airflow/.local/lib/python3.12/site-packages/airflow/example_dags/example_inlet_event_extra.py took 0.666 seconds
[2025-04-02T11:23:26.597+0000] {processor.py:186} INFO - Started process (PID=2547) to work on /home/airflow/.local/lib/python3.12/site-packages/airflow/example_dags/example_inlet_event_extra.py
[2025-04-02T11:23:26.600+0000] {processor.py:914} INFO - Processing file /home/airflow/.local/lib/python3.12/site-packages/airflow/example_dags/example_inlet_event_extra.py for tasks to queue
[2025-04-02T11:23:26.608+0000] {logging_mixin.py:190} INFO - [2025-04-02T11:23:26.607+0000] {dagbag.py:588} INFO - Filling up the DagBag from /home/airflow/.local/lib/python3.12/site-packages/airflow/example_dags/example_inlet_event_extra.py
[2025-04-02T11:23:27.210+0000] {processor.py:925} INFO - DAG(s) 'read_dataset_event', 'read_dataset_event_from_classic' retrieved from /home/airflow/.local/lib/python3.12/site-packages/airflow/example_dags/example_inlet_event_extra.py
[2025-04-02T11:23:27.237+0000] {logging_mixin.py:190} INFO - [2025-04-02T11:23:27.237+0000] {dag.py:3239} INFO - Sync 2 DAGs
[2025-04-02T11:23:27.259+0000] {logging_mixin.py:190} INFO - [2025-04-02T11:23:27.259+0000] {dag.py:4180} INFO - Setting next_dagrun for read_dataset_event to 2025-04-01 00:00:00+00:00, run_after=2025-04-02 00:00:00+00:00
[2025-04-02T11:23:27.266+0000] {logging_mixin.py:190} INFO - [2025-04-02T11:23:27.266+0000] {dag.py:4180} INFO - Setting next_dagrun for read_dataset_event_from_classic to 2025-04-01 00:00:00+00:00, run_after=2025-04-02 00:00:00+00:00
[2025-04-02T11:23:27.290+0000] {processor.py:208} INFO - Processing /home/airflow/.local/lib/python3.12/site-packages/airflow/example_dags/example_inlet_event_extra.py took 0.703 seconds
