[2025-04-02T06:22:15.746+0000] {processor.py:186} INFO - Started process (PID=7926) to work on /home/airflow/.local/lib/python3.12/site-packages/airflow/example_dags/example_bash_operator.py
[2025-04-02T06:22:15.748+0000] {processor.py:914} INFO - Processing file /home/airflow/.local/lib/python3.12/site-packages/airflow/example_dags/example_bash_operator.py for tasks to queue
[2025-04-02T06:22:15.749+0000] {logging_mixin.py:190} INFO - [2025-04-02T06:22:15.749+0000] {dagbag.py:588} INFO - Filling up the DagBag from /home/airflow/.local/lib/python3.12/site-packages/airflow/example_dags/example_bash_operator.py
[2025-04-02T06:22:15.759+0000] {processor.py:925} INFO - DAG(s) 'example_bash_operator' retrieved from /home/airflow/.local/lib/python3.12/site-packages/airflow/example_dags/example_bash_operator.py
[2025-04-02T06:22:15.789+0000] {logging_mixin.py:190} INFO - [2025-04-02T06:22:15.789+0000] {dag.py:3239} INFO - Sync 1 DAGs
[2025-04-02T06:22:15.960+0000] {logging_mixin.py:190} INFO - [2025-04-02T06:22:15.960+0000] {dag.py:4180} INFO - Setting next_dagrun for example_bash_operator to 2025-04-01 00:00:00+00:00, run_after=2025-04-02 00:00:00+00:00
[2025-04-02T06:22:15.974+0000] {processor.py:208} INFO - Processing /home/airflow/.local/lib/python3.12/site-packages/airflow/example_dags/example_bash_operator.py took 0.233 seconds
[2025-04-02T09:06:49.999+0000] {processor.py:186} INFO - Started process (PID=7992) to work on /home/airflow/.local/lib/python3.12/site-packages/airflow/example_dags/example_bash_operator.py
[2025-04-02T09:06:50.002+0000] {processor.py:914} INFO - Processing file /home/airflow/.local/lib/python3.12/site-packages/airflow/example_dags/example_bash_operator.py for tasks to queue
[2025-04-02T09:06:50.005+0000] {logging_mixin.py:190} INFO - [2025-04-02T09:06:50.005+0000] {dagbag.py:588} INFO - Filling up the DagBag from /home/airflow/.local/lib/python3.12/site-packages/airflow/example_dags/example_bash_operator.py
[2025-04-02T09:06:50.032+0000] {processor.py:925} INFO - DAG(s) 'example_bash_operator' retrieved from /home/airflow/.local/lib/python3.12/site-packages/airflow/example_dags/example_bash_operator.py
[2025-04-02T09:06:50.120+0000] {logging_mixin.py:190} INFO - [2025-04-02T09:06:50.119+0000] {dag.py:3239} INFO - Sync 1 DAGs
[2025-04-02T09:06:50.432+0000] {logging_mixin.py:190} INFO - [2025-04-02T09:06:50.431+0000] {dag.py:4180} INFO - Setting next_dagrun for example_bash_operator to 2025-04-01 00:00:00+00:00, run_after=2025-04-02 00:00:00+00:00
[2025-04-02T09:06:50.465+0000] {processor.py:208} INFO - Processing /home/airflow/.local/lib/python3.12/site-packages/airflow/example_dags/example_bash_operator.py took 0.477 seconds
[2025-04-02T11:03:42.090+0000] {processor.py:186} INFO - Started process (PID=61) to work on /home/airflow/.local/lib/python3.12/site-packages/airflow/example_dags/example_bash_operator.py
[2025-04-02T11:03:42.092+0000] {processor.py:914} INFO - Processing file /home/airflow/.local/lib/python3.12/site-packages/airflow/example_dags/example_bash_operator.py for tasks to queue
[2025-04-02T11:03:42.097+0000] {logging_mixin.py:190} INFO - [2025-04-02T11:03:42.096+0000] {dagbag.py:588} INFO - Filling up the DagBag from /home/airflow/.local/lib/python3.12/site-packages/airflow/example_dags/example_bash_operator.py
[2025-04-02T11:03:42.123+0000] {processor.py:925} INFO - DAG(s) 'example_bash_operator' retrieved from /home/airflow/.local/lib/python3.12/site-packages/airflow/example_dags/example_bash_operator.py
[2025-04-02T11:03:42.177+0000] {logging_mixin.py:190} INFO - [2025-04-02T11:03:42.177+0000] {dag.py:3239} INFO - Sync 1 DAGs
[2025-04-02T11:03:42.220+0000] {logging_mixin.py:190} INFO - [2025-04-02T11:03:42.219+0000] {dag.py:4180} INFO - Setting next_dagrun for example_bash_operator to 2025-04-01 00:00:00+00:00, run_after=2025-04-02 00:00:00+00:00
[2025-04-02T11:03:42.257+0000] {processor.py:208} INFO - Processing /home/airflow/.local/lib/python3.12/site-packages/airflow/example_dags/example_bash_operator.py took 0.173 seconds
[2025-04-02T11:04:12.515+0000] {processor.py:186} INFO - Started process (PID=126) to work on /home/airflow/.local/lib/python3.12/site-packages/airflow/example_dags/example_bash_operator.py
[2025-04-02T11:04:12.519+0000] {processor.py:914} INFO - Processing file /home/airflow/.local/lib/python3.12/site-packages/airflow/example_dags/example_bash_operator.py for tasks to queue
[2025-04-02T11:04:12.525+0000] {logging_mixin.py:190} INFO - [2025-04-02T11:04:12.524+0000] {dagbag.py:588} INFO - Filling up the DagBag from /home/airflow/.local/lib/python3.12/site-packages/airflow/example_dags/example_bash_operator.py
[2025-04-02T11:04:12.544+0000] {processor.py:925} INFO - DAG(s) 'example_bash_operator' retrieved from /home/airflow/.local/lib/python3.12/site-packages/airflow/example_dags/example_bash_operator.py
[2025-04-02T11:04:12.583+0000] {logging_mixin.py:190} INFO - [2025-04-02T11:04:12.583+0000] {dag.py:3239} INFO - Sync 1 DAGs
[2025-04-02T11:04:12.616+0000] {logging_mixin.py:190} INFO - [2025-04-02T11:04:12.616+0000] {dag.py:4180} INFO - Setting next_dagrun for example_bash_operator to 2025-04-01 00:00:00+00:00, run_after=2025-04-02 00:00:00+00:00
[2025-04-02T11:04:12.654+0000] {processor.py:208} INFO - Processing /home/airflow/.local/lib/python3.12/site-packages/airflow/example_dags/example_bash_operator.py took 0.150 seconds
[2025-04-02T11:04:43.737+0000] {processor.py:186} INFO - Started process (PID=191) to work on /home/airflow/.local/lib/python3.12/site-packages/airflow/example_dags/example_bash_operator.py
[2025-04-02T11:04:43.738+0000] {processor.py:914} INFO - Processing file /home/airflow/.local/lib/python3.12/site-packages/airflow/example_dags/example_bash_operator.py for tasks to queue
[2025-04-02T11:04:43.743+0000] {logging_mixin.py:190} INFO - [2025-04-02T11:04:43.742+0000] {dagbag.py:588} INFO - Filling up the DagBag from /home/airflow/.local/lib/python3.12/site-packages/airflow/example_dags/example_bash_operator.py
[2025-04-02T11:04:43.758+0000] {processor.py:925} INFO - DAG(s) 'example_bash_operator' retrieved from /home/airflow/.local/lib/python3.12/site-packages/airflow/example_dags/example_bash_operator.py
[2025-04-02T11:04:43.786+0000] {logging_mixin.py:190} INFO - [2025-04-02T11:04:43.786+0000] {dag.py:3239} INFO - Sync 1 DAGs
[2025-04-02T11:04:43.809+0000] {logging_mixin.py:190} INFO - [2025-04-02T11:04:43.809+0000] {dag.py:4180} INFO - Setting next_dagrun for example_bash_operator to 2025-04-01 00:00:00+00:00, run_after=2025-04-02 00:00:00+00:00
[2025-04-02T11:04:43.834+0000] {processor.py:208} INFO - Processing /home/airflow/.local/lib/python3.12/site-packages/airflow/example_dags/example_bash_operator.py took 0.103 seconds
[2025-04-02T11:05:15.109+0000] {processor.py:186} INFO - Started process (PID=256) to work on /home/airflow/.local/lib/python3.12/site-packages/airflow/example_dags/example_bash_operator.py
[2025-04-02T11:05:15.111+0000] {processor.py:914} INFO - Processing file /home/airflow/.local/lib/python3.12/site-packages/airflow/example_dags/example_bash_operator.py for tasks to queue
[2025-04-02T11:05:15.114+0000] {logging_mixin.py:190} INFO - [2025-04-02T11:05:15.114+0000] {dagbag.py:588} INFO - Filling up the DagBag from /home/airflow/.local/lib/python3.12/site-packages/airflow/example_dags/example_bash_operator.py
[2025-04-02T11:05:15.126+0000] {processor.py:925} INFO - DAG(s) 'example_bash_operator' retrieved from /home/airflow/.local/lib/python3.12/site-packages/airflow/example_dags/example_bash_operator.py
[2025-04-02T11:05:15.149+0000] {logging_mixin.py:190} INFO - [2025-04-02T11:05:15.149+0000] {dag.py:3239} INFO - Sync 1 DAGs
[2025-04-02T11:05:15.172+0000] {logging_mixin.py:190} INFO - [2025-04-02T11:05:15.172+0000] {dag.py:4180} INFO - Setting next_dagrun for example_bash_operator to 2025-04-01 00:00:00+00:00, run_after=2025-04-02 00:00:00+00:00
[2025-04-02T11:05:15.195+0000] {processor.py:208} INFO - Processing /home/airflow/.local/lib/python3.12/site-packages/airflow/example_dags/example_bash_operator.py took 0.092 seconds
[2025-04-02T11:05:45.836+0000] {processor.py:186} INFO - Started process (PID=322) to work on /home/airflow/.local/lib/python3.12/site-packages/airflow/example_dags/example_bash_operator.py
[2025-04-02T11:05:45.839+0000] {processor.py:914} INFO - Processing file /home/airflow/.local/lib/python3.12/site-packages/airflow/example_dags/example_bash_operator.py for tasks to queue
[2025-04-02T11:05:45.842+0000] {logging_mixin.py:190} INFO - [2025-04-02T11:05:45.841+0000] {dagbag.py:588} INFO - Filling up the DagBag from /home/airflow/.local/lib/python3.12/site-packages/airflow/example_dags/example_bash_operator.py
[2025-04-02T11:05:45.856+0000] {processor.py:925} INFO - DAG(s) 'example_bash_operator' retrieved from /home/airflow/.local/lib/python3.12/site-packages/airflow/example_dags/example_bash_operator.py
[2025-04-02T11:05:45.885+0000] {logging_mixin.py:190} INFO - [2025-04-02T11:05:45.884+0000] {dag.py:3239} INFO - Sync 1 DAGs
[2025-04-02T11:05:45.914+0000] {logging_mixin.py:190} INFO - [2025-04-02T11:05:45.913+0000] {dag.py:4180} INFO - Setting next_dagrun for example_bash_operator to 2025-04-01 00:00:00+00:00, run_after=2025-04-02 00:00:00+00:00
[2025-04-02T11:05:45.946+0000] {processor.py:208} INFO - Processing /home/airflow/.local/lib/python3.12/site-packages/airflow/example_dags/example_bash_operator.py took 0.118 seconds
[2025-04-02T11:06:16.829+0000] {processor.py:186} INFO - Started process (PID=387) to work on /home/airflow/.local/lib/python3.12/site-packages/airflow/example_dags/example_bash_operator.py
[2025-04-02T11:06:16.831+0000] {processor.py:914} INFO - Processing file /home/airflow/.local/lib/python3.12/site-packages/airflow/example_dags/example_bash_operator.py for tasks to queue
[2025-04-02T11:06:16.835+0000] {logging_mixin.py:190} INFO - [2025-04-02T11:06:16.835+0000] {dagbag.py:588} INFO - Filling up the DagBag from /home/airflow/.local/lib/python3.12/site-packages/airflow/example_dags/example_bash_operator.py
[2025-04-02T11:06:16.850+0000] {processor.py:925} INFO - DAG(s) 'example_bash_operator' retrieved from /home/airflow/.local/lib/python3.12/site-packages/airflow/example_dags/example_bash_operator.py
[2025-04-02T11:06:16.886+0000] {logging_mixin.py:190} INFO - [2025-04-02T11:06:16.885+0000] {dag.py:3239} INFO - Sync 1 DAGs
[2025-04-02T11:06:16.920+0000] {logging_mixin.py:190} INFO - [2025-04-02T11:06:16.919+0000] {dag.py:4180} INFO - Setting next_dagrun for example_bash_operator to 2025-04-01 00:00:00+00:00, run_after=2025-04-02 00:00:00+00:00
[2025-04-02T11:06:16.956+0000] {processor.py:208} INFO - Processing /home/airflow/.local/lib/python3.12/site-packages/airflow/example_dags/example_bash_operator.py took 0.133 seconds
[2025-04-02T11:06:47.572+0000] {processor.py:186} INFO - Started process (PID=452) to work on /home/airflow/.local/lib/python3.12/site-packages/airflow/example_dags/example_bash_operator.py
[2025-04-02T11:06:47.575+0000] {processor.py:914} INFO - Processing file /home/airflow/.local/lib/python3.12/site-packages/airflow/example_dags/example_bash_operator.py for tasks to queue
[2025-04-02T11:06:47.579+0000] {logging_mixin.py:190} INFO - [2025-04-02T11:06:47.579+0000] {dagbag.py:588} INFO - Filling up the DagBag from /home/airflow/.local/lib/python3.12/site-packages/airflow/example_dags/example_bash_operator.py
[2025-04-02T11:06:47.593+0000] {processor.py:925} INFO - DAG(s) 'example_bash_operator' retrieved from /home/airflow/.local/lib/python3.12/site-packages/airflow/example_dags/example_bash_operator.py
[2025-04-02T11:06:47.641+0000] {logging_mixin.py:190} INFO - [2025-04-02T11:06:47.640+0000] {dag.py:3239} INFO - Sync 1 DAGs
[2025-04-02T11:06:47.669+0000] {logging_mixin.py:190} INFO - [2025-04-02T11:06:47.668+0000] {dag.py:4180} INFO - Setting next_dagrun for example_bash_operator to 2025-04-01 00:00:00+00:00, run_after=2025-04-02 00:00:00+00:00
[2025-04-02T11:06:47.697+0000] {processor.py:208} INFO - Processing /home/airflow/.local/lib/python3.12/site-packages/airflow/example_dags/example_bash_operator.py took 0.131 seconds
[2025-04-02T11:07:18.011+0000] {processor.py:186} INFO - Started process (PID=522) to work on /home/airflow/.local/lib/python3.12/site-packages/airflow/example_dags/example_bash_operator.py
[2025-04-02T11:07:18.014+0000] {processor.py:914} INFO - Processing file /home/airflow/.local/lib/python3.12/site-packages/airflow/example_dags/example_bash_operator.py for tasks to queue
[2025-04-02T11:07:18.019+0000] {logging_mixin.py:190} INFO - [2025-04-02T11:07:18.018+0000] {dagbag.py:588} INFO - Filling up the DagBag from /home/airflow/.local/lib/python3.12/site-packages/airflow/example_dags/example_bash_operator.py
[2025-04-02T11:07:18.038+0000] {processor.py:925} INFO - DAG(s) 'example_bash_operator' retrieved from /home/airflow/.local/lib/python3.12/site-packages/airflow/example_dags/example_bash_operator.py
[2025-04-02T11:07:18.066+0000] {logging_mixin.py:190} INFO - [2025-04-02T11:07:18.066+0000] {dag.py:3239} INFO - Sync 1 DAGs
[2025-04-02T11:07:18.096+0000] {logging_mixin.py:190} INFO - [2025-04-02T11:07:18.096+0000] {dag.py:4180} INFO - Setting next_dagrun for example_bash_operator to 2025-04-01 00:00:00+00:00, run_after=2025-04-02 00:00:00+00:00
[2025-04-02T11:07:18.117+0000] {processor.py:208} INFO - Processing /home/airflow/.local/lib/python3.12/site-packages/airflow/example_dags/example_bash_operator.py took 0.114 seconds
[2025-04-02T11:07:48.417+0000] {processor.py:186} INFO - Started process (PID=586) to work on /home/airflow/.local/lib/python3.12/site-packages/airflow/example_dags/example_bash_operator.py
[2025-04-02T11:07:48.418+0000] {processor.py:914} INFO - Processing file /home/airflow/.local/lib/python3.12/site-packages/airflow/example_dags/example_bash_operator.py for tasks to queue
[2025-04-02T11:07:48.421+0000] {logging_mixin.py:190} INFO - [2025-04-02T11:07:48.420+0000] {dagbag.py:588} INFO - Filling up the DagBag from /home/airflow/.local/lib/python3.12/site-packages/airflow/example_dags/example_bash_operator.py
[2025-04-02T11:07:48.432+0000] {processor.py:925} INFO - DAG(s) 'example_bash_operator' retrieved from /home/airflow/.local/lib/python3.12/site-packages/airflow/example_dags/example_bash_operator.py
[2025-04-02T11:07:48.458+0000] {logging_mixin.py:190} INFO - [2025-04-02T11:07:48.458+0000] {dag.py:3239} INFO - Sync 1 DAGs
[2025-04-02T11:07:48.479+0000] {logging_mixin.py:190} INFO - [2025-04-02T11:07:48.478+0000] {dag.py:4180} INFO - Setting next_dagrun for example_bash_operator to 2025-04-01 00:00:00+00:00, run_after=2025-04-02 00:00:00+00:00
[2025-04-02T11:07:48.505+0000] {processor.py:208} INFO - Processing /home/airflow/.local/lib/python3.12/site-packages/airflow/example_dags/example_bash_operator.py took 0.094 seconds
[2025-04-02T11:08:19.364+0000] {processor.py:186} INFO - Started process (PID=651) to work on /home/airflow/.local/lib/python3.12/site-packages/airflow/example_dags/example_bash_operator.py
[2025-04-02T11:08:19.366+0000] {processor.py:914} INFO - Processing file /home/airflow/.local/lib/python3.12/site-packages/airflow/example_dags/example_bash_operator.py for tasks to queue
[2025-04-02T11:08:19.370+0000] {logging_mixin.py:190} INFO - [2025-04-02T11:08:19.369+0000] {dagbag.py:588} INFO - Filling up the DagBag from /home/airflow/.local/lib/python3.12/site-packages/airflow/example_dags/example_bash_operator.py
[2025-04-02T11:08:19.383+0000] {processor.py:925} INFO - DAG(s) 'example_bash_operator' retrieved from /home/airflow/.local/lib/python3.12/site-packages/airflow/example_dags/example_bash_operator.py
[2025-04-02T11:08:19.409+0000] {logging_mixin.py:190} INFO - [2025-04-02T11:08:19.409+0000] {dag.py:3239} INFO - Sync 1 DAGs
[2025-04-02T11:08:19.432+0000] {logging_mixin.py:190} INFO - [2025-04-02T11:08:19.432+0000] {dag.py:4180} INFO - Setting next_dagrun for example_bash_operator to 2025-04-01 00:00:00+00:00, run_after=2025-04-02 00:00:00+00:00
[2025-04-02T11:08:19.452+0000] {processor.py:208} INFO - Processing /home/airflow/.local/lib/python3.12/site-packages/airflow/example_dags/example_bash_operator.py took 0.094 seconds
[2025-04-02T11:08:50.196+0000] {processor.py:186} INFO - Started process (PID=716) to work on /home/airflow/.local/lib/python3.12/site-packages/airflow/example_dags/example_bash_operator.py
[2025-04-02T11:08:50.198+0000] {processor.py:914} INFO - Processing file /home/airflow/.local/lib/python3.12/site-packages/airflow/example_dags/example_bash_operator.py for tasks to queue
[2025-04-02T11:08:50.203+0000] {logging_mixin.py:190} INFO - [2025-04-02T11:08:50.203+0000] {dagbag.py:588} INFO - Filling up the DagBag from /home/airflow/.local/lib/python3.12/site-packages/airflow/example_dags/example_bash_operator.py
[2025-04-02T11:08:50.217+0000] {processor.py:925} INFO - DAG(s) 'example_bash_operator' retrieved from /home/airflow/.local/lib/python3.12/site-packages/airflow/example_dags/example_bash_operator.py
[2025-04-02T11:08:50.258+0000] {logging_mixin.py:190} INFO - [2025-04-02T11:08:50.257+0000] {dag.py:3239} INFO - Sync 1 DAGs
[2025-04-02T11:08:50.283+0000] {logging_mixin.py:190} INFO - [2025-04-02T11:08:50.282+0000] {dag.py:4180} INFO - Setting next_dagrun for example_bash_operator to 2025-04-01 00:00:00+00:00, run_after=2025-04-02 00:00:00+00:00
[2025-04-02T11:08:50.307+0000] {processor.py:208} INFO - Processing /home/airflow/.local/lib/python3.12/site-packages/airflow/example_dags/example_bash_operator.py took 0.118 seconds
[2025-04-02T11:09:21.293+0000] {processor.py:186} INFO - Started process (PID=781) to work on /home/airflow/.local/lib/python3.12/site-packages/airflow/example_dags/example_bash_operator.py
[2025-04-02T11:09:21.294+0000] {processor.py:914} INFO - Processing file /home/airflow/.local/lib/python3.12/site-packages/airflow/example_dags/example_bash_operator.py for tasks to queue
[2025-04-02T11:09:21.298+0000] {logging_mixin.py:190} INFO - [2025-04-02T11:09:21.298+0000] {dagbag.py:588} INFO - Filling up the DagBag from /home/airflow/.local/lib/python3.12/site-packages/airflow/example_dags/example_bash_operator.py
[2025-04-02T11:09:21.318+0000] {processor.py:925} INFO - DAG(s) 'example_bash_operator' retrieved from /home/airflow/.local/lib/python3.12/site-packages/airflow/example_dags/example_bash_operator.py
[2025-04-02T11:09:21.357+0000] {logging_mixin.py:190} INFO - [2025-04-02T11:09:21.356+0000] {dag.py:3239} INFO - Sync 1 DAGs
[2025-04-02T11:09:21.380+0000] {logging_mixin.py:190} INFO - [2025-04-02T11:09:21.380+0000] {dag.py:4180} INFO - Setting next_dagrun for example_bash_operator to 2025-04-01 00:00:00+00:00, run_after=2025-04-02 00:00:00+00:00
[2025-04-02T11:09:21.402+0000] {processor.py:208} INFO - Processing /home/airflow/.local/lib/python3.12/site-packages/airflow/example_dags/example_bash_operator.py took 0.117 seconds
[2025-04-02T11:09:51.786+0000] {processor.py:186} INFO - Started process (PID=846) to work on /home/airflow/.local/lib/python3.12/site-packages/airflow/example_dags/example_bash_operator.py
[2025-04-02T11:09:51.788+0000] {processor.py:914} INFO - Processing file /home/airflow/.local/lib/python3.12/site-packages/airflow/example_dags/example_bash_operator.py for tasks to queue
[2025-04-02T11:09:51.793+0000] {logging_mixin.py:190} INFO - [2025-04-02T11:09:51.793+0000] {dagbag.py:588} INFO - Filling up the DagBag from /home/airflow/.local/lib/python3.12/site-packages/airflow/example_dags/example_bash_operator.py
[2025-04-02T11:09:51.809+0000] {processor.py:925} INFO - DAG(s) 'example_bash_operator' retrieved from /home/airflow/.local/lib/python3.12/site-packages/airflow/example_dags/example_bash_operator.py
[2025-04-02T11:09:51.855+0000] {logging_mixin.py:190} INFO - [2025-04-02T11:09:51.854+0000] {dag.py:3239} INFO - Sync 1 DAGs
[2025-04-02T11:09:51.901+0000] {logging_mixin.py:190} INFO - [2025-04-02T11:09:51.900+0000] {dag.py:4180} INFO - Setting next_dagrun for example_bash_operator to 2025-04-01 00:00:00+00:00, run_after=2025-04-02 00:00:00+00:00
[2025-04-02T11:09:51.933+0000] {processor.py:208} INFO - Processing /home/airflow/.local/lib/python3.12/site-packages/airflow/example_dags/example_bash_operator.py took 0.158 seconds
[2025-04-02T11:10:22.429+0000] {processor.py:186} INFO - Started process (PID=911) to work on /home/airflow/.local/lib/python3.12/site-packages/airflow/example_dags/example_bash_operator.py
[2025-04-02T11:10:22.431+0000] {processor.py:914} INFO - Processing file /home/airflow/.local/lib/python3.12/site-packages/airflow/example_dags/example_bash_operator.py for tasks to queue
[2025-04-02T11:10:22.435+0000] {logging_mixin.py:190} INFO - [2025-04-02T11:10:22.435+0000] {dagbag.py:588} INFO - Filling up the DagBag from /home/airflow/.local/lib/python3.12/site-packages/airflow/example_dags/example_bash_operator.py
[2025-04-02T11:10:22.451+0000] {processor.py:925} INFO - DAG(s) 'example_bash_operator' retrieved from /home/airflow/.local/lib/python3.12/site-packages/airflow/example_dags/example_bash_operator.py
[2025-04-02T11:10:22.486+0000] {logging_mixin.py:190} INFO - [2025-04-02T11:10:22.486+0000] {dag.py:3239} INFO - Sync 1 DAGs
[2025-04-02T11:10:22.512+0000] {logging_mixin.py:190} INFO - [2025-04-02T11:10:22.512+0000] {dag.py:4180} INFO - Setting next_dagrun for example_bash_operator to 2025-04-01 00:00:00+00:00, run_after=2025-04-02 00:00:00+00:00
[2025-04-02T11:10:22.542+0000] {processor.py:208} INFO - Processing /home/airflow/.local/lib/python3.12/site-packages/airflow/example_dags/example_bash_operator.py took 0.120 seconds
[2025-04-02T11:10:53.058+0000] {processor.py:186} INFO - Started process (PID=976) to work on /home/airflow/.local/lib/python3.12/site-packages/airflow/example_dags/example_bash_operator.py
[2025-04-02T11:10:53.060+0000] {processor.py:914} INFO - Processing file /home/airflow/.local/lib/python3.12/site-packages/airflow/example_dags/example_bash_operator.py for tasks to queue
[2025-04-02T11:10:53.064+0000] {logging_mixin.py:190} INFO - [2025-04-02T11:10:53.063+0000] {dagbag.py:588} INFO - Filling up the DagBag from /home/airflow/.local/lib/python3.12/site-packages/airflow/example_dags/example_bash_operator.py
[2025-04-02T11:10:53.079+0000] {processor.py:925} INFO - DAG(s) 'example_bash_operator' retrieved from /home/airflow/.local/lib/python3.12/site-packages/airflow/example_dags/example_bash_operator.py
[2025-04-02T11:10:53.116+0000] {logging_mixin.py:190} INFO - [2025-04-02T11:10:53.116+0000] {dag.py:3239} INFO - Sync 1 DAGs
[2025-04-02T11:10:53.145+0000] {logging_mixin.py:190} INFO - [2025-04-02T11:10:53.145+0000] {dag.py:4180} INFO - Setting next_dagrun for example_bash_operator to 2025-04-01 00:00:00+00:00, run_after=2025-04-02 00:00:00+00:00
[2025-04-02T11:10:53.170+0000] {processor.py:208} INFO - Processing /home/airflow/.local/lib/python3.12/site-packages/airflow/example_dags/example_bash_operator.py took 0.119 seconds
[2025-04-02T11:11:23.686+0000] {processor.py:186} INFO - Started process (PID=1041) to work on /home/airflow/.local/lib/python3.12/site-packages/airflow/example_dags/example_bash_operator.py
[2025-04-02T11:11:23.689+0000] {processor.py:914} INFO - Processing file /home/airflow/.local/lib/python3.12/site-packages/airflow/example_dags/example_bash_operator.py for tasks to queue
[2025-04-02T11:11:23.693+0000] {logging_mixin.py:190} INFO - [2025-04-02T11:11:23.693+0000] {dagbag.py:588} INFO - Filling up the DagBag from /home/airflow/.local/lib/python3.12/site-packages/airflow/example_dags/example_bash_operator.py
[2025-04-02T11:11:23.709+0000] {processor.py:925} INFO - DAG(s) 'example_bash_operator' retrieved from /home/airflow/.local/lib/python3.12/site-packages/airflow/example_dags/example_bash_operator.py
[2025-04-02T11:11:23.742+0000] {logging_mixin.py:190} INFO - [2025-04-02T11:11:23.742+0000] {dag.py:3239} INFO - Sync 1 DAGs
[2025-04-02T11:11:23.770+0000] {logging_mixin.py:190} INFO - [2025-04-02T11:11:23.770+0000] {dag.py:4180} INFO - Setting next_dagrun for example_bash_operator to 2025-04-01 00:00:00+00:00, run_after=2025-04-02 00:00:00+00:00
[2025-04-02T11:11:23.797+0000] {processor.py:208} INFO - Processing /home/airflow/.local/lib/python3.12/site-packages/airflow/example_dags/example_bash_operator.py took 0.118 seconds
[2025-04-02T11:11:54.378+0000] {processor.py:186} INFO - Started process (PID=1106) to work on /home/airflow/.local/lib/python3.12/site-packages/airflow/example_dags/example_bash_operator.py
[2025-04-02T11:11:54.380+0000] {processor.py:914} INFO - Processing file /home/airflow/.local/lib/python3.12/site-packages/airflow/example_dags/example_bash_operator.py for tasks to queue
[2025-04-02T11:11:54.385+0000] {logging_mixin.py:190} INFO - [2025-04-02T11:11:54.384+0000] {dagbag.py:588} INFO - Filling up the DagBag from /home/airflow/.local/lib/python3.12/site-packages/airflow/example_dags/example_bash_operator.py
[2025-04-02T11:11:54.401+0000] {processor.py:925} INFO - DAG(s) 'example_bash_operator' retrieved from /home/airflow/.local/lib/python3.12/site-packages/airflow/example_dags/example_bash_operator.py
[2025-04-02T11:11:54.438+0000] {logging_mixin.py:190} INFO - [2025-04-02T11:11:54.438+0000] {dag.py:3239} INFO - Sync 1 DAGs
[2025-04-02T11:11:54.468+0000] {logging_mixin.py:190} INFO - [2025-04-02T11:11:54.467+0000] {dag.py:4180} INFO - Setting next_dagrun for example_bash_operator to 2025-04-01 00:00:00+00:00, run_after=2025-04-02 00:00:00+00:00
[2025-04-02T11:11:54.499+0000] {processor.py:208} INFO - Processing /home/airflow/.local/lib/python3.12/site-packages/airflow/example_dags/example_bash_operator.py took 0.129 seconds
[2025-04-02T11:12:24.982+0000] {processor.py:186} INFO - Started process (PID=1171) to work on /home/airflow/.local/lib/python3.12/site-packages/airflow/example_dags/example_bash_operator.py
[2025-04-02T11:12:24.984+0000] {processor.py:914} INFO - Processing file /home/airflow/.local/lib/python3.12/site-packages/airflow/example_dags/example_bash_operator.py for tasks to queue
[2025-04-02T11:12:24.988+0000] {logging_mixin.py:190} INFO - [2025-04-02T11:12:24.987+0000] {dagbag.py:588} INFO - Filling up the DagBag from /home/airflow/.local/lib/python3.12/site-packages/airflow/example_dags/example_bash_operator.py
[2025-04-02T11:12:25.001+0000] {processor.py:925} INFO - DAG(s) 'example_bash_operator' retrieved from /home/airflow/.local/lib/python3.12/site-packages/airflow/example_dags/example_bash_operator.py
[2025-04-02T11:12:25.040+0000] {logging_mixin.py:190} INFO - [2025-04-02T11:12:25.040+0000] {dag.py:3239} INFO - Sync 1 DAGs
[2025-04-02T11:12:25.071+0000] {logging_mixin.py:190} INFO - [2025-04-02T11:12:25.071+0000] {dag.py:4180} INFO - Setting next_dagrun for example_bash_operator to 2025-04-01 00:00:00+00:00, run_after=2025-04-02 00:00:00+00:00
[2025-04-02T11:12:25.099+0000] {processor.py:208} INFO - Processing /home/airflow/.local/lib/python3.12/site-packages/airflow/example_dags/example_bash_operator.py took 0.125 seconds
[2025-04-02T11:12:55.268+0000] {processor.py:186} INFO - Started process (PID=1237) to work on /home/airflow/.local/lib/python3.12/site-packages/airflow/example_dags/example_bash_operator.py
[2025-04-02T11:12:55.271+0000] {processor.py:914} INFO - Processing file /home/airflow/.local/lib/python3.12/site-packages/airflow/example_dags/example_bash_operator.py for tasks to queue
[2025-04-02T11:12:55.276+0000] {logging_mixin.py:190} INFO - [2025-04-02T11:12:55.275+0000] {dagbag.py:588} INFO - Filling up the DagBag from /home/airflow/.local/lib/python3.12/site-packages/airflow/example_dags/example_bash_operator.py
[2025-04-02T11:12:55.291+0000] {processor.py:925} INFO - DAG(s) 'example_bash_operator' retrieved from /home/airflow/.local/lib/python3.12/site-packages/airflow/example_dags/example_bash_operator.py
[2025-04-02T11:12:55.319+0000] {logging_mixin.py:190} INFO - [2025-04-02T11:12:55.319+0000] {dag.py:3239} INFO - Sync 1 DAGs
[2025-04-02T11:12:55.341+0000] {logging_mixin.py:190} INFO - [2025-04-02T11:12:55.341+0000] {dag.py:4180} INFO - Setting next_dagrun for example_bash_operator to 2025-04-01 00:00:00+00:00, run_after=2025-04-02 00:00:00+00:00
[2025-04-02T11:12:55.364+0000] {processor.py:208} INFO - Processing /home/airflow/.local/lib/python3.12/site-packages/airflow/example_dags/example_bash_operator.py took 0.102 seconds
[2025-04-02T11:13:26.339+0000] {processor.py:186} INFO - Started process (PID=1302) to work on /home/airflow/.local/lib/python3.12/site-packages/airflow/example_dags/example_bash_operator.py
[2025-04-02T11:13:26.341+0000] {processor.py:914} INFO - Processing file /home/airflow/.local/lib/python3.12/site-packages/airflow/example_dags/example_bash_operator.py for tasks to queue
[2025-04-02T11:13:26.344+0000] {logging_mixin.py:190} INFO - [2025-04-02T11:13:26.344+0000] {dagbag.py:588} INFO - Filling up the DagBag from /home/airflow/.local/lib/python3.12/site-packages/airflow/example_dags/example_bash_operator.py
[2025-04-02T11:13:26.355+0000] {processor.py:925} INFO - DAG(s) 'example_bash_operator' retrieved from /home/airflow/.local/lib/python3.12/site-packages/airflow/example_dags/example_bash_operator.py
[2025-04-02T11:13:26.377+0000] {logging_mixin.py:190} INFO - [2025-04-02T11:13:26.376+0000] {dag.py:3239} INFO - Sync 1 DAGs
[2025-04-02T11:13:26.399+0000] {logging_mixin.py:190} INFO - [2025-04-02T11:13:26.399+0000] {dag.py:4180} INFO - Setting next_dagrun for example_bash_operator to 2025-04-01 00:00:00+00:00, run_after=2025-04-02 00:00:00+00:00
[2025-04-02T11:13:26.418+0000] {processor.py:208} INFO - Processing /home/airflow/.local/lib/python3.12/site-packages/airflow/example_dags/example_bash_operator.py took 0.084 seconds
[2025-04-02T11:13:56.574+0000] {processor.py:186} INFO - Started process (PID=1367) to work on /home/airflow/.local/lib/python3.12/site-packages/airflow/example_dags/example_bash_operator.py
[2025-04-02T11:13:56.575+0000] {processor.py:914} INFO - Processing file /home/airflow/.local/lib/python3.12/site-packages/airflow/example_dags/example_bash_operator.py for tasks to queue
[2025-04-02T11:13:56.579+0000] {logging_mixin.py:190} INFO - [2025-04-02T11:13:56.578+0000] {dagbag.py:588} INFO - Filling up the DagBag from /home/airflow/.local/lib/python3.12/site-packages/airflow/example_dags/example_bash_operator.py
[2025-04-02T11:13:56.592+0000] {processor.py:925} INFO - DAG(s) 'example_bash_operator' retrieved from /home/airflow/.local/lib/python3.12/site-packages/airflow/example_dags/example_bash_operator.py
[2025-04-02T11:13:56.622+0000] {logging_mixin.py:190} INFO - [2025-04-02T11:13:56.621+0000] {dag.py:3239} INFO - Sync 1 DAGs
[2025-04-02T11:13:56.644+0000] {logging_mixin.py:190} INFO - [2025-04-02T11:13:56.644+0000] {dag.py:4180} INFO - Setting next_dagrun for example_bash_operator to 2025-04-01 00:00:00+00:00, run_after=2025-04-02 00:00:00+00:00
[2025-04-02T11:13:56.668+0000] {processor.py:208} INFO - Processing /home/airflow/.local/lib/python3.12/site-packages/airflow/example_dags/example_bash_operator.py took 0.100 seconds
[2025-04-02T11:14:26.900+0000] {processor.py:186} INFO - Started process (PID=1432) to work on /home/airflow/.local/lib/python3.12/site-packages/airflow/example_dags/example_bash_operator.py
[2025-04-02T11:14:26.901+0000] {processor.py:914} INFO - Processing file /home/airflow/.local/lib/python3.12/site-packages/airflow/example_dags/example_bash_operator.py for tasks to queue
[2025-04-02T11:14:26.904+0000] {logging_mixin.py:190} INFO - [2025-04-02T11:14:26.904+0000] {dagbag.py:588} INFO - Filling up the DagBag from /home/airflow/.local/lib/python3.12/site-packages/airflow/example_dags/example_bash_operator.py
[2025-04-02T11:14:26.918+0000] {processor.py:925} INFO - DAG(s) 'example_bash_operator' retrieved from /home/airflow/.local/lib/python3.12/site-packages/airflow/example_dags/example_bash_operator.py
[2025-04-02T11:14:26.944+0000] {logging_mixin.py:190} INFO - [2025-04-02T11:14:26.944+0000] {dag.py:3239} INFO - Sync 1 DAGs
[2025-04-02T11:14:26.967+0000] {logging_mixin.py:190} INFO - [2025-04-02T11:14:26.966+0000] {dag.py:4180} INFO - Setting next_dagrun for example_bash_operator to 2025-04-01 00:00:00+00:00, run_after=2025-04-02 00:00:00+00:00
[2025-04-02T11:14:26.989+0000] {processor.py:208} INFO - Processing /home/airflow/.local/lib/python3.12/site-packages/airflow/example_dags/example_bash_operator.py took 0.096 seconds
[2025-04-02T11:14:57.410+0000] {processor.py:186} INFO - Started process (PID=1497) to work on /home/airflow/.local/lib/python3.12/site-packages/airflow/example_dags/example_bash_operator.py
[2025-04-02T11:14:57.412+0000] {processor.py:914} INFO - Processing file /home/airflow/.local/lib/python3.12/site-packages/airflow/example_dags/example_bash_operator.py for tasks to queue
[2025-04-02T11:14:57.416+0000] {logging_mixin.py:190} INFO - [2025-04-02T11:14:57.415+0000] {dagbag.py:588} INFO - Filling up the DagBag from /home/airflow/.local/lib/python3.12/site-packages/airflow/example_dags/example_bash_operator.py
[2025-04-02T11:14:57.429+0000] {processor.py:925} INFO - DAG(s) 'example_bash_operator' retrieved from /home/airflow/.local/lib/python3.12/site-packages/airflow/example_dags/example_bash_operator.py
[2025-04-02T11:14:57.453+0000] {logging_mixin.py:190} INFO - [2025-04-02T11:14:57.453+0000] {dag.py:3239} INFO - Sync 1 DAGs
[2025-04-02T11:14:57.475+0000] {logging_mixin.py:190} INFO - [2025-04-02T11:14:57.475+0000] {dag.py:4180} INFO - Setting next_dagrun for example_bash_operator to 2025-04-01 00:00:00+00:00, run_after=2025-04-02 00:00:00+00:00
[2025-04-02T11:14:57.493+0000] {processor.py:208} INFO - Processing /home/airflow/.local/lib/python3.12/site-packages/airflow/example_dags/example_bash_operator.py took 0.089 seconds
[2025-04-02T11:15:28.397+0000] {processor.py:186} INFO - Started process (PID=1562) to work on /home/airflow/.local/lib/python3.12/site-packages/airflow/example_dags/example_bash_operator.py
[2025-04-02T11:15:28.399+0000] {processor.py:914} INFO - Processing file /home/airflow/.local/lib/python3.12/site-packages/airflow/example_dags/example_bash_operator.py for tasks to queue
[2025-04-02T11:15:28.403+0000] {logging_mixin.py:190} INFO - [2025-04-02T11:15:28.402+0000] {dagbag.py:588} INFO - Filling up the DagBag from /home/airflow/.local/lib/python3.12/site-packages/airflow/example_dags/example_bash_operator.py
[2025-04-02T11:15:28.418+0000] {processor.py:925} INFO - DAG(s) 'example_bash_operator' retrieved from /home/airflow/.local/lib/python3.12/site-packages/airflow/example_dags/example_bash_operator.py
[2025-04-02T11:15:28.452+0000] {logging_mixin.py:190} INFO - [2025-04-02T11:15:28.452+0000] {dag.py:3239} INFO - Sync 1 DAGs
[2025-04-02T11:15:28.481+0000] {logging_mixin.py:190} INFO - [2025-04-02T11:15:28.481+0000] {dag.py:4180} INFO - Setting next_dagrun for example_bash_operator to 2025-04-01 00:00:00+00:00, run_after=2025-04-02 00:00:00+00:00
[2025-04-02T11:15:28.511+0000] {processor.py:208} INFO - Processing /home/airflow/.local/lib/python3.12/site-packages/airflow/example_dags/example_bash_operator.py took 0.121 seconds
[2025-04-02T11:15:59.280+0000] {processor.py:186} INFO - Started process (PID=1627) to work on /home/airflow/.local/lib/python3.12/site-packages/airflow/example_dags/example_bash_operator.py
[2025-04-02T11:15:59.282+0000] {processor.py:914} INFO - Processing file /home/airflow/.local/lib/python3.12/site-packages/airflow/example_dags/example_bash_operator.py for tasks to queue
[2025-04-02T11:15:59.286+0000] {logging_mixin.py:190} INFO - [2025-04-02T11:15:59.286+0000] {dagbag.py:588} INFO - Filling up the DagBag from /home/airflow/.local/lib/python3.12/site-packages/airflow/example_dags/example_bash_operator.py
[2025-04-02T11:15:59.304+0000] {processor.py:925} INFO - DAG(s) 'example_bash_operator' retrieved from /home/airflow/.local/lib/python3.12/site-packages/airflow/example_dags/example_bash_operator.py
[2025-04-02T11:15:59.345+0000] {logging_mixin.py:190} INFO - [2025-04-02T11:15:59.345+0000] {dag.py:3239} INFO - Sync 1 DAGs
[2025-04-02T11:15:59.379+0000] {logging_mixin.py:190} INFO - [2025-04-02T11:15:59.379+0000] {dag.py:4180} INFO - Setting next_dagrun for example_bash_operator to 2025-04-01 00:00:00+00:00, run_after=2025-04-02 00:00:00+00:00
[2025-04-02T11:15:59.422+0000] {processor.py:208} INFO - Processing /home/airflow/.local/lib/python3.12/site-packages/airflow/example_dags/example_bash_operator.py took 0.151 seconds
[2025-04-02T11:16:30.452+0000] {processor.py:186} INFO - Started process (PID=1692) to work on /home/airflow/.local/lib/python3.12/site-packages/airflow/example_dags/example_bash_operator.py
[2025-04-02T11:16:30.456+0000] {processor.py:914} INFO - Processing file /home/airflow/.local/lib/python3.12/site-packages/airflow/example_dags/example_bash_operator.py for tasks to queue
[2025-04-02T11:16:30.461+0000] {logging_mixin.py:190} INFO - [2025-04-02T11:16:30.460+0000] {dagbag.py:588} INFO - Filling up the DagBag from /home/airflow/.local/lib/python3.12/site-packages/airflow/example_dags/example_bash_operator.py
[2025-04-02T11:16:30.480+0000] {processor.py:925} INFO - DAG(s) 'example_bash_operator' retrieved from /home/airflow/.local/lib/python3.12/site-packages/airflow/example_dags/example_bash_operator.py
[2025-04-02T11:16:30.515+0000] {logging_mixin.py:190} INFO - [2025-04-02T11:16:30.514+0000] {dag.py:3239} INFO - Sync 1 DAGs
[2025-04-02T11:16:30.541+0000] {logging_mixin.py:190} INFO - [2025-04-02T11:16:30.541+0000] {dag.py:4180} INFO - Setting next_dagrun for example_bash_operator to 2025-04-01 00:00:00+00:00, run_after=2025-04-02 00:00:00+00:00
[2025-04-02T11:16:30.557+0000] {processor.py:208} INFO - Processing /home/airflow/.local/lib/python3.12/site-packages/airflow/example_dags/example_bash_operator.py took 0.113 seconds
[2025-04-02T11:17:01.412+0000] {processor.py:186} INFO - Started process (PID=1757) to work on /home/airflow/.local/lib/python3.12/site-packages/airflow/example_dags/example_bash_operator.py
[2025-04-02T11:17:01.415+0000] {processor.py:914} INFO - Processing file /home/airflow/.local/lib/python3.12/site-packages/airflow/example_dags/example_bash_operator.py for tasks to queue
[2025-04-02T11:17:01.418+0000] {logging_mixin.py:190} INFO - [2025-04-02T11:17:01.418+0000] {dagbag.py:588} INFO - Filling up the DagBag from /home/airflow/.local/lib/python3.12/site-packages/airflow/example_dags/example_bash_operator.py
[2025-04-02T11:17:01.431+0000] {processor.py:925} INFO - DAG(s) 'example_bash_operator' retrieved from /home/airflow/.local/lib/python3.12/site-packages/airflow/example_dags/example_bash_operator.py
[2025-04-02T11:17:01.461+0000] {logging_mixin.py:190} INFO - [2025-04-02T11:17:01.461+0000] {dag.py:3239} INFO - Sync 1 DAGs
[2025-04-02T11:17:01.485+0000] {logging_mixin.py:190} INFO - [2025-04-02T11:17:01.484+0000] {dag.py:4180} INFO - Setting next_dagrun for example_bash_operator to 2025-04-01 00:00:00+00:00, run_after=2025-04-02 00:00:00+00:00
[2025-04-02T11:17:01.510+0000] {processor.py:208} INFO - Processing /home/airflow/.local/lib/python3.12/site-packages/airflow/example_dags/example_bash_operator.py took 0.104 seconds
[2025-04-02T11:17:31.966+0000] {processor.py:186} INFO - Started process (PID=1822) to work on /home/airflow/.local/lib/python3.12/site-packages/airflow/example_dags/example_bash_operator.py
[2025-04-02T11:17:31.968+0000] {processor.py:914} INFO - Processing file /home/airflow/.local/lib/python3.12/site-packages/airflow/example_dags/example_bash_operator.py for tasks to queue
[2025-04-02T11:17:31.971+0000] {logging_mixin.py:190} INFO - [2025-04-02T11:17:31.971+0000] {dagbag.py:588} INFO - Filling up the DagBag from /home/airflow/.local/lib/python3.12/site-packages/airflow/example_dags/example_bash_operator.py
[2025-04-02T11:17:31.983+0000] {processor.py:925} INFO - DAG(s) 'example_bash_operator' retrieved from /home/airflow/.local/lib/python3.12/site-packages/airflow/example_dags/example_bash_operator.py
[2025-04-02T11:17:32.016+0000] {logging_mixin.py:190} INFO - [2025-04-02T11:17:32.016+0000] {dag.py:3239} INFO - Sync 1 DAGs
[2025-04-02T11:17:32.038+0000] {logging_mixin.py:190} INFO - [2025-04-02T11:17:32.038+0000] {dag.py:4180} INFO - Setting next_dagrun for example_bash_operator to 2025-04-01 00:00:00+00:00, run_after=2025-04-02 00:00:00+00:00
[2025-04-02T11:17:32.060+0000] {processor.py:208} INFO - Processing /home/airflow/.local/lib/python3.12/site-packages/airflow/example_dags/example_bash_operator.py took 0.100 seconds
[2025-04-02T11:18:02.162+0000] {processor.py:186} INFO - Started process (PID=1887) to work on /home/airflow/.local/lib/python3.12/site-packages/airflow/example_dags/example_bash_operator.py
[2025-04-02T11:18:02.164+0000] {processor.py:914} INFO - Processing file /home/airflow/.local/lib/python3.12/site-packages/airflow/example_dags/example_bash_operator.py for tasks to queue
[2025-04-02T11:18:02.169+0000] {logging_mixin.py:190} INFO - [2025-04-02T11:18:02.168+0000] {dagbag.py:588} INFO - Filling up the DagBag from /home/airflow/.local/lib/python3.12/site-packages/airflow/example_dags/example_bash_operator.py
[2025-04-02T11:18:02.189+0000] {processor.py:925} INFO - DAG(s) 'example_bash_operator' retrieved from /home/airflow/.local/lib/python3.12/site-packages/airflow/example_dags/example_bash_operator.py
[2025-04-02T11:18:02.220+0000] {logging_mixin.py:190} INFO - [2025-04-02T11:18:02.220+0000] {dag.py:3239} INFO - Sync 1 DAGs
[2025-04-02T11:18:02.244+0000] {logging_mixin.py:190} INFO - [2025-04-02T11:18:02.244+0000] {dag.py:4180} INFO - Setting next_dagrun for example_bash_operator to 2025-04-01 00:00:00+00:00, run_after=2025-04-02 00:00:00+00:00
[2025-04-02T11:18:02.285+0000] {processor.py:208} INFO - Processing /home/airflow/.local/lib/python3.12/site-packages/airflow/example_dags/example_bash_operator.py took 0.129 seconds
[2025-04-02T11:18:32.951+0000] {processor.py:186} INFO - Started process (PID=1952) to work on /home/airflow/.local/lib/python3.12/site-packages/airflow/example_dags/example_bash_operator.py
[2025-04-02T11:18:32.953+0000] {processor.py:914} INFO - Processing file /home/airflow/.local/lib/python3.12/site-packages/airflow/example_dags/example_bash_operator.py for tasks to queue
[2025-04-02T11:18:32.957+0000] {logging_mixin.py:190} INFO - [2025-04-02T11:18:32.956+0000] {dagbag.py:588} INFO - Filling up the DagBag from /home/airflow/.local/lib/python3.12/site-packages/airflow/example_dags/example_bash_operator.py
[2025-04-02T11:18:32.970+0000] {processor.py:925} INFO - DAG(s) 'example_bash_operator' retrieved from /home/airflow/.local/lib/python3.12/site-packages/airflow/example_dags/example_bash_operator.py
[2025-04-02T11:18:32.994+0000] {logging_mixin.py:190} INFO - [2025-04-02T11:18:32.994+0000] {dag.py:3239} INFO - Sync 1 DAGs
[2025-04-02T11:18:33.015+0000] {logging_mixin.py:190} INFO - [2025-04-02T11:18:33.015+0000] {dag.py:4180} INFO - Setting next_dagrun for example_bash_operator to 2025-04-01 00:00:00+00:00, run_after=2025-04-02 00:00:00+00:00
[2025-04-02T11:18:33.032+0000] {processor.py:208} INFO - Processing /home/airflow/.local/lib/python3.12/site-packages/airflow/example_dags/example_bash_operator.py took 0.087 seconds
[2025-04-02T11:19:03.864+0000] {processor.py:186} INFO - Started process (PID=2017) to work on /home/airflow/.local/lib/python3.12/site-packages/airflow/example_dags/example_bash_operator.py
[2025-04-02T11:19:03.866+0000] {processor.py:914} INFO - Processing file /home/airflow/.local/lib/python3.12/site-packages/airflow/example_dags/example_bash_operator.py for tasks to queue
[2025-04-02T11:19:03.870+0000] {logging_mixin.py:190} INFO - [2025-04-02T11:19:03.870+0000] {dagbag.py:588} INFO - Filling up the DagBag from /home/airflow/.local/lib/python3.12/site-packages/airflow/example_dags/example_bash_operator.py
[2025-04-02T11:19:03.885+0000] {processor.py:925} INFO - DAG(s) 'example_bash_operator' retrieved from /home/airflow/.local/lib/python3.12/site-packages/airflow/example_dags/example_bash_operator.py
[2025-04-02T11:19:03.913+0000] {logging_mixin.py:190} INFO - [2025-04-02T11:19:03.913+0000] {dag.py:3239} INFO - Sync 1 DAGs
[2025-04-02T11:19:03.937+0000] {logging_mixin.py:190} INFO - [2025-04-02T11:19:03.936+0000] {dag.py:4180} INFO - Setting next_dagrun for example_bash_operator to 2025-04-01 00:00:00+00:00, run_after=2025-04-02 00:00:00+00:00
[2025-04-02T11:19:03.953+0000] {processor.py:208} INFO - Processing /home/airflow/.local/lib/python3.12/site-packages/airflow/example_dags/example_bash_operator.py took 0.095 seconds
[2025-04-02T11:19:34.723+0000] {processor.py:186} INFO - Started process (PID=2082) to work on /home/airflow/.local/lib/python3.12/site-packages/airflow/example_dags/example_bash_operator.py
[2025-04-02T11:19:34.725+0000] {processor.py:914} INFO - Processing file /home/airflow/.local/lib/python3.12/site-packages/airflow/example_dags/example_bash_operator.py for tasks to queue
[2025-04-02T11:19:34.729+0000] {logging_mixin.py:190} INFO - [2025-04-02T11:19:34.729+0000] {dagbag.py:588} INFO - Filling up the DagBag from /home/airflow/.local/lib/python3.12/site-packages/airflow/example_dags/example_bash_operator.py
[2025-04-02T11:19:34.744+0000] {processor.py:925} INFO - DAG(s) 'example_bash_operator' retrieved from /home/airflow/.local/lib/python3.12/site-packages/airflow/example_dags/example_bash_operator.py
[2025-04-02T11:19:34.774+0000] {logging_mixin.py:190} INFO - [2025-04-02T11:19:34.774+0000] {dag.py:3239} INFO - Sync 1 DAGs
[2025-04-02T11:19:34.800+0000] {logging_mixin.py:190} INFO - [2025-04-02T11:19:34.800+0000] {dag.py:4180} INFO - Setting next_dagrun for example_bash_operator to 2025-04-01 00:00:00+00:00, run_after=2025-04-02 00:00:00+00:00
[2025-04-02T11:19:34.820+0000] {processor.py:208} INFO - Processing /home/airflow/.local/lib/python3.12/site-packages/airflow/example_dags/example_bash_operator.py took 0.105 seconds
[2025-04-02T11:20:05.783+0000] {processor.py:186} INFO - Started process (PID=2147) to work on /home/airflow/.local/lib/python3.12/site-packages/airflow/example_dags/example_bash_operator.py
[2025-04-02T11:20:05.785+0000] {processor.py:914} INFO - Processing file /home/airflow/.local/lib/python3.12/site-packages/airflow/example_dags/example_bash_operator.py for tasks to queue
[2025-04-02T11:20:05.788+0000] {logging_mixin.py:190} INFO - [2025-04-02T11:20:05.788+0000] {dagbag.py:588} INFO - Filling up the DagBag from /home/airflow/.local/lib/python3.12/site-packages/airflow/example_dags/example_bash_operator.py
[2025-04-02T11:20:05.802+0000] {processor.py:925} INFO - DAG(s) 'example_bash_operator' retrieved from /home/airflow/.local/lib/python3.12/site-packages/airflow/example_dags/example_bash_operator.py
[2025-04-02T11:20:05.827+0000] {logging_mixin.py:190} INFO - [2025-04-02T11:20:05.826+0000] {dag.py:3239} INFO - Sync 1 DAGs
[2025-04-02T11:20:05.851+0000] {logging_mixin.py:190} INFO - [2025-04-02T11:20:05.851+0000] {dag.py:4180} INFO - Setting next_dagrun for example_bash_operator to 2025-04-01 00:00:00+00:00, run_after=2025-04-02 00:00:00+00:00
[2025-04-02T11:20:05.870+0000] {processor.py:208} INFO - Processing /home/airflow/.local/lib/python3.12/site-packages/airflow/example_dags/example_bash_operator.py took 0.093 seconds
[2025-04-02T11:20:36.012+0000] {processor.py:186} INFO - Started process (PID=2212) to work on /home/airflow/.local/lib/python3.12/site-packages/airflow/example_dags/example_bash_operator.py
[2025-04-02T11:20:36.014+0000] {processor.py:914} INFO - Processing file /home/airflow/.local/lib/python3.12/site-packages/airflow/example_dags/example_bash_operator.py for tasks to queue
[2025-04-02T11:20:36.017+0000] {logging_mixin.py:190} INFO - [2025-04-02T11:20:36.017+0000] {dagbag.py:588} INFO - Filling up the DagBag from /home/airflow/.local/lib/python3.12/site-packages/airflow/example_dags/example_bash_operator.py
[2025-04-02T11:20:36.034+0000] {processor.py:925} INFO - DAG(s) 'example_bash_operator' retrieved from /home/airflow/.local/lib/python3.12/site-packages/airflow/example_dags/example_bash_operator.py
[2025-04-02T11:20:36.069+0000] {logging_mixin.py:190} INFO - [2025-04-02T11:20:36.068+0000] {dag.py:3239} INFO - Sync 1 DAGs
[2025-04-02T11:20:36.095+0000] {logging_mixin.py:190} INFO - [2025-04-02T11:20:36.095+0000] {dag.py:4180} INFO - Setting next_dagrun for example_bash_operator to 2025-04-01 00:00:00+00:00, run_after=2025-04-02 00:00:00+00:00
[2025-04-02T11:20:36.126+0000] {processor.py:208} INFO - Processing /home/airflow/.local/lib/python3.12/site-packages/airflow/example_dags/example_bash_operator.py took 0.121 seconds
[2025-04-02T11:21:06.347+0000] {processor.py:186} INFO - Started process (PID=2278) to work on /home/airflow/.local/lib/python3.12/site-packages/airflow/example_dags/example_bash_operator.py
[2025-04-02T11:21:06.349+0000] {processor.py:914} INFO - Processing file /home/airflow/.local/lib/python3.12/site-packages/airflow/example_dags/example_bash_operator.py for tasks to queue
[2025-04-02T11:21:06.353+0000] {logging_mixin.py:190} INFO - [2025-04-02T11:21:06.353+0000] {dagbag.py:588} INFO - Filling up the DagBag from /home/airflow/.local/lib/python3.12/site-packages/airflow/example_dags/example_bash_operator.py
[2025-04-02T11:21:06.372+0000] {processor.py:925} INFO - DAG(s) 'example_bash_operator' retrieved from /home/airflow/.local/lib/python3.12/site-packages/airflow/example_dags/example_bash_operator.py
[2025-04-02T11:21:06.412+0000] {logging_mixin.py:190} INFO - [2025-04-02T11:21:06.411+0000] {dag.py:3239} INFO - Sync 1 DAGs
[2025-04-02T11:21:06.443+0000] {logging_mixin.py:190} INFO - [2025-04-02T11:21:06.443+0000] {dag.py:4180} INFO - Setting next_dagrun for example_bash_operator to 2025-04-01 00:00:00+00:00, run_after=2025-04-02 00:00:00+00:00
[2025-04-02T11:21:06.479+0000] {processor.py:208} INFO - Processing /home/airflow/.local/lib/python3.12/site-packages/airflow/example_dags/example_bash_operator.py took 0.140 seconds
[2025-04-02T11:21:36.718+0000] {processor.py:186} INFO - Started process (PID=2343) to work on /home/airflow/.local/lib/python3.12/site-packages/airflow/example_dags/example_bash_operator.py
[2025-04-02T11:21:36.720+0000] {processor.py:914} INFO - Processing file /home/airflow/.local/lib/python3.12/site-packages/airflow/example_dags/example_bash_operator.py for tasks to queue
[2025-04-02T11:21:36.723+0000] {logging_mixin.py:190} INFO - [2025-04-02T11:21:36.722+0000] {dagbag.py:588} INFO - Filling up the DagBag from /home/airflow/.local/lib/python3.12/site-packages/airflow/example_dags/example_bash_operator.py
[2025-04-02T11:21:36.735+0000] {processor.py:925} INFO - DAG(s) 'example_bash_operator' retrieved from /home/airflow/.local/lib/python3.12/site-packages/airflow/example_dags/example_bash_operator.py
[2025-04-02T11:21:36.765+0000] {logging_mixin.py:190} INFO - [2025-04-02T11:21:36.764+0000] {dag.py:3239} INFO - Sync 1 DAGs
[2025-04-02T11:21:36.788+0000] {logging_mixin.py:190} INFO - [2025-04-02T11:21:36.787+0000] {dag.py:4180} INFO - Setting next_dagrun for example_bash_operator to 2025-04-01 00:00:00+00:00, run_after=2025-04-02 00:00:00+00:00
[2025-04-02T11:21:36.808+0000] {processor.py:208} INFO - Processing /home/airflow/.local/lib/python3.12/site-packages/airflow/example_dags/example_bash_operator.py took 0.096 seconds
[2025-04-02T11:22:07.285+0000] {processor.py:186} INFO - Started process (PID=2409) to work on /home/airflow/.local/lib/python3.12/site-packages/airflow/example_dags/example_bash_operator.py
[2025-04-02T11:22:07.287+0000] {processor.py:914} INFO - Processing file /home/airflow/.local/lib/python3.12/site-packages/airflow/example_dags/example_bash_operator.py for tasks to queue
[2025-04-02T11:22:07.291+0000] {logging_mixin.py:190} INFO - [2025-04-02T11:22:07.290+0000] {dagbag.py:588} INFO - Filling up the DagBag from /home/airflow/.local/lib/python3.12/site-packages/airflow/example_dags/example_bash_operator.py
[2025-04-02T11:22:07.304+0000] {processor.py:925} INFO - DAG(s) 'example_bash_operator' retrieved from /home/airflow/.local/lib/python3.12/site-packages/airflow/example_dags/example_bash_operator.py
[2025-04-02T11:22:07.336+0000] {logging_mixin.py:190} INFO - [2025-04-02T11:22:07.336+0000] {dag.py:3239} INFO - Sync 1 DAGs
[2025-04-02T11:22:07.360+0000] {logging_mixin.py:190} INFO - [2025-04-02T11:22:07.360+0000] {dag.py:4180} INFO - Setting next_dagrun for example_bash_operator to 2025-04-01 00:00:00+00:00, run_after=2025-04-02 00:00:00+00:00
[2025-04-02T11:22:07.381+0000] {processor.py:208} INFO - Processing /home/airflow/.local/lib/python3.12/site-packages/airflow/example_dags/example_bash_operator.py took 0.102 seconds
[2025-04-02T11:22:37.728+0000] {processor.py:186} INFO - Started process (PID=2475) to work on /home/airflow/.local/lib/python3.12/site-packages/airflow/example_dags/example_bash_operator.py
[2025-04-02T11:22:37.730+0000] {processor.py:914} INFO - Processing file /home/airflow/.local/lib/python3.12/site-packages/airflow/example_dags/example_bash_operator.py for tasks to queue
[2025-04-02T11:22:37.734+0000] {logging_mixin.py:190} INFO - [2025-04-02T11:22:37.733+0000] {dagbag.py:588} INFO - Filling up the DagBag from /home/airflow/.local/lib/python3.12/site-packages/airflow/example_dags/example_bash_operator.py
[2025-04-02T11:22:37.748+0000] {processor.py:925} INFO - DAG(s) 'example_bash_operator' retrieved from /home/airflow/.local/lib/python3.12/site-packages/airflow/example_dags/example_bash_operator.py
[2025-04-02T11:22:37.789+0000] {logging_mixin.py:190} INFO - [2025-04-02T11:22:37.788+0000] {dag.py:3239} INFO - Sync 1 DAGs
[2025-04-02T11:22:37.820+0000] {logging_mixin.py:190} INFO - [2025-04-02T11:22:37.820+0000] {dag.py:4180} INFO - Setting next_dagrun for example_bash_operator to 2025-04-01 00:00:00+00:00, run_after=2025-04-02 00:00:00+00:00
[2025-04-02T11:22:37.844+0000] {processor.py:208} INFO - Processing /home/airflow/.local/lib/python3.12/site-packages/airflow/example_dags/example_bash_operator.py took 0.124 seconds
[2025-04-02T11:23:08.245+0000] {processor.py:186} INFO - Started process (PID=2540) to work on /home/airflow/.local/lib/python3.12/site-packages/airflow/example_dags/example_bash_operator.py
[2025-04-02T11:23:08.248+0000] {processor.py:914} INFO - Processing file /home/airflow/.local/lib/python3.12/site-packages/airflow/example_dags/example_bash_operator.py for tasks to queue
[2025-04-02T11:23:08.252+0000] {logging_mixin.py:190} INFO - [2025-04-02T11:23:08.252+0000] {dagbag.py:588} INFO - Filling up the DagBag from /home/airflow/.local/lib/python3.12/site-packages/airflow/example_dags/example_bash_operator.py
[2025-04-02T11:23:08.270+0000] {processor.py:925} INFO - DAG(s) 'example_bash_operator' retrieved from /home/airflow/.local/lib/python3.12/site-packages/airflow/example_dags/example_bash_operator.py
[2025-04-02T11:23:08.307+0000] {logging_mixin.py:190} INFO - [2025-04-02T11:23:08.306+0000] {dag.py:3239} INFO - Sync 1 DAGs
[2025-04-02T11:23:08.337+0000] {logging_mixin.py:190} INFO - [2025-04-02T11:23:08.337+0000] {dag.py:4180} INFO - Setting next_dagrun for example_bash_operator to 2025-04-01 00:00:00+00:00, run_after=2025-04-02 00:00:00+00:00
[2025-04-02T11:23:08.360+0000] {processor.py:208} INFO - Processing /home/airflow/.local/lib/python3.12/site-packages/airflow/example_dags/example_bash_operator.py took 0.122 seconds
[2025-04-02T11:23:39.266+0000] {processor.py:186} INFO - Started process (PID=2605) to work on /home/airflow/.local/lib/python3.12/site-packages/airflow/example_dags/example_bash_operator.py
[2025-04-02T11:23:39.269+0000] {processor.py:914} INFO - Processing file /home/airflow/.local/lib/python3.12/site-packages/airflow/example_dags/example_bash_operator.py for tasks to queue
[2025-04-02T11:23:39.272+0000] {logging_mixin.py:190} INFO - [2025-04-02T11:23:39.272+0000] {dagbag.py:588} INFO - Filling up the DagBag from /home/airflow/.local/lib/python3.12/site-packages/airflow/example_dags/example_bash_operator.py
[2025-04-02T11:23:39.309+0000] {processor.py:925} INFO - DAG(s) 'example_bash_operator' retrieved from /home/airflow/.local/lib/python3.12/site-packages/airflow/example_dags/example_bash_operator.py
[2025-04-02T11:23:39.685+0000] {logging_mixin.py:190} INFO - [2025-04-02T11:23:39.685+0000] {process_utils.py:266} INFO - Waiting up to 5 seconds for processes to exit...
