[2025-04-02T09:06:39.149+0000] {processor.py:186} INFO - Started process (PID=7955) to work on /home/airflow/.local/lib/python3.12/site-packages/airflow/example_dags/example_latest_only.py
[2025-04-02T09:06:39.214+0000] {processor.py:914} INFO - Processing file /home/airflow/.local/lib/python3.12/site-packages/airflow/example_dags/example_latest_only.py for tasks to queue
[2025-04-02T09:06:39.221+0000] {logging_mixin.py:190} INFO - [2025-04-02T09:06:39.220+0000] {dagbag.py:588} INFO - Filling up the DagBag from /home/airflow/.local/lib/python3.12/site-packages/airflow/example_dags/example_latest_only.py
[2025-04-02T09:06:39.275+0000] {processor.py:925} INFO - DAG(s) 'latest_only' retrieved from /home/airflow/.local/lib/python3.12/site-packages/airflow/example_dags/example_latest_only.py
[2025-04-02T09:06:39.385+0000] {logging_mixin.py:190} INFO - [2025-04-02T09:06:39.384+0000] {dag.py:3239} INFO - Sync 1 DAGs
[2025-04-02T09:06:39.490+0000] {logging_mixin.py:190} INFO - [2025-04-02T09:06:39.479+0000] {dag.py:4180} INFO - Setting next_dagrun for latest_only to 2025-04-02 04:00:00+00:00, run_after=2025-04-02 08:00:00+00:00
[2025-04-02T09:06:39.571+0000] {processor.py:208} INFO - Processing /home/airflow/.local/lib/python3.12/site-packages/airflow/example_dags/example_latest_only.py took 0.457 seconds
[2025-04-02T11:03:45.560+0000] {processor.py:186} INFO - Started process (PID=83) to work on /home/airflow/.local/lib/python3.12/site-packages/airflow/example_dags/example_latest_only.py
[2025-04-02T11:03:45.563+0000] {processor.py:914} INFO - Processing file /home/airflow/.local/lib/python3.12/site-packages/airflow/example_dags/example_latest_only.py for tasks to queue
[2025-04-02T11:03:45.568+0000] {logging_mixin.py:190} INFO - [2025-04-02T11:03:45.567+0000] {dagbag.py:588} INFO - Filling up the DagBag from /home/airflow/.local/lib/python3.12/site-packages/airflow/example_dags/example_latest_only.py
[2025-04-02T11:03:45.576+0000] {processor.py:925} INFO - DAG(s) 'latest_only' retrieved from /home/airflow/.local/lib/python3.12/site-packages/airflow/example_dags/example_latest_only.py
[2025-04-02T11:03:45.609+0000] {logging_mixin.py:190} INFO - [2025-04-02T11:03:45.609+0000] {dag.py:3239} INFO - Sync 1 DAGs
[2025-04-02T11:03:45.652+0000] {logging_mixin.py:190} INFO - [2025-04-02T11:03:45.651+0000] {dag.py:4180} INFO - Setting next_dagrun for latest_only to 2025-04-02 04:00:00+00:00, run_after=2025-04-02 08:00:00+00:00
[2025-04-02T11:03:45.684+0000] {processor.py:208} INFO - Processing /home/airflow/.local/lib/python3.12/site-packages/airflow/example_dags/example_latest_only.py took 0.134 seconds
[2025-04-02T11:04:16.393+0000] {processor.py:186} INFO - Started process (PID=148) to work on /home/airflow/.local/lib/python3.12/site-packages/airflow/example_dags/example_latest_only.py
[2025-04-02T11:04:16.395+0000] {processor.py:914} INFO - Processing file /home/airflow/.local/lib/python3.12/site-packages/airflow/example_dags/example_latest_only.py for tasks to queue
[2025-04-02T11:04:16.398+0000] {logging_mixin.py:190} INFO - [2025-04-02T11:04:16.398+0000] {dagbag.py:588} INFO - Filling up the DagBag from /home/airflow/.local/lib/python3.12/site-packages/airflow/example_dags/example_latest_only.py
[2025-04-02T11:04:16.406+0000] {processor.py:925} INFO - DAG(s) 'latest_only' retrieved from /home/airflow/.local/lib/python3.12/site-packages/airflow/example_dags/example_latest_only.py
[2025-04-02T11:04:16.427+0000] {logging_mixin.py:190} INFO - [2025-04-02T11:04:16.427+0000] {dag.py:3239} INFO - Sync 1 DAGs
[2025-04-02T11:04:16.449+0000] {logging_mixin.py:190} INFO - [2025-04-02T11:04:16.449+0000] {dag.py:4180} INFO - Setting next_dagrun for latest_only to 2025-04-02 04:00:00+00:00, run_after=2025-04-02 08:00:00+00:00
[2025-04-02T11:04:16.471+0000] {processor.py:208} INFO - Processing /home/airflow/.local/lib/python3.12/site-packages/airflow/example_dags/example_latest_only.py took 0.083 seconds
[2025-04-02T11:04:47.336+0000] {processor.py:186} INFO - Started process (PID=213) to work on /home/airflow/.local/lib/python3.12/site-packages/airflow/example_dags/example_latest_only.py
[2025-04-02T11:04:47.338+0000] {processor.py:914} INFO - Processing file /home/airflow/.local/lib/python3.12/site-packages/airflow/example_dags/example_latest_only.py for tasks to queue
[2025-04-02T11:04:47.341+0000] {logging_mixin.py:190} INFO - [2025-04-02T11:04:47.341+0000] {dagbag.py:588} INFO - Filling up the DagBag from /home/airflow/.local/lib/python3.12/site-packages/airflow/example_dags/example_latest_only.py
[2025-04-02T11:04:47.349+0000] {processor.py:925} INFO - DAG(s) 'latest_only' retrieved from /home/airflow/.local/lib/python3.12/site-packages/airflow/example_dags/example_latest_only.py
[2025-04-02T11:04:47.367+0000] {logging_mixin.py:190} INFO - [2025-04-02T11:04:47.367+0000] {dag.py:3239} INFO - Sync 1 DAGs
[2025-04-02T11:04:47.389+0000] {logging_mixin.py:190} INFO - [2025-04-02T11:04:47.389+0000] {dag.py:4180} INFO - Setting next_dagrun for latest_only to 2025-04-02 04:00:00+00:00, run_after=2025-04-02 08:00:00+00:00
[2025-04-02T11:04:47.408+0000] {processor.py:208} INFO - Processing /home/airflow/.local/lib/python3.12/site-packages/airflow/example_dags/example_latest_only.py took 0.077 seconds
[2025-04-02T11:05:18.994+0000] {processor.py:186} INFO - Started process (PID=285) to work on /home/airflow/.local/lib/python3.12/site-packages/airflow/example_dags/example_latest_only.py
[2025-04-02T11:05:18.996+0000] {processor.py:914} INFO - Processing file /home/airflow/.local/lib/python3.12/site-packages/airflow/example_dags/example_latest_only.py for tasks to queue
[2025-04-02T11:05:19.000+0000] {logging_mixin.py:190} INFO - [2025-04-02T11:05:18.999+0000] {dagbag.py:588} INFO - Filling up the DagBag from /home/airflow/.local/lib/python3.12/site-packages/airflow/example_dags/example_latest_only.py
[2025-04-02T11:05:19.011+0000] {processor.py:925} INFO - DAG(s) 'latest_only' retrieved from /home/airflow/.local/lib/python3.12/site-packages/airflow/example_dags/example_latest_only.py
[2025-04-02T11:05:19.038+0000] {logging_mixin.py:190} INFO - [2025-04-02T11:05:19.038+0000] {dag.py:3239} INFO - Sync 1 DAGs
[2025-04-02T11:05:19.067+0000] {logging_mixin.py:190} INFO - [2025-04-02T11:05:19.066+0000] {dag.py:4180} INFO - Setting next_dagrun for latest_only to 2025-04-02 04:00:00+00:00, run_after=2025-04-02 08:00:00+00:00
[2025-04-02T11:05:19.111+0000] {processor.py:208} INFO - Processing /home/airflow/.local/lib/python3.12/site-packages/airflow/example_dags/example_latest_only.py took 0.123 seconds
[2025-04-02T11:05:49.663+0000] {processor.py:186} INFO - Started process (PID=350) to work on /home/airflow/.local/lib/python3.12/site-packages/airflow/example_dags/example_latest_only.py
[2025-04-02T11:05:49.665+0000] {processor.py:914} INFO - Processing file /home/airflow/.local/lib/python3.12/site-packages/airflow/example_dags/example_latest_only.py for tasks to queue
[2025-04-02T11:05:49.669+0000] {logging_mixin.py:190} INFO - [2025-04-02T11:05:49.669+0000] {dagbag.py:588} INFO - Filling up the DagBag from /home/airflow/.local/lib/python3.12/site-packages/airflow/example_dags/example_latest_only.py
[2025-04-02T11:05:49.679+0000] {processor.py:925} INFO - DAG(s) 'latest_only' retrieved from /home/airflow/.local/lib/python3.12/site-packages/airflow/example_dags/example_latest_only.py
[2025-04-02T11:05:49.703+0000] {logging_mixin.py:190} INFO - [2025-04-02T11:05:49.702+0000] {dag.py:3239} INFO - Sync 1 DAGs
[2025-04-02T11:05:49.727+0000] {logging_mixin.py:190} INFO - [2025-04-02T11:05:49.727+0000] {dag.py:4180} INFO - Setting next_dagrun for latest_only to 2025-04-02 04:00:00+00:00, run_after=2025-04-02 08:00:00+00:00
[2025-04-02T11:05:49.750+0000] {processor.py:208} INFO - Processing /home/airflow/.local/lib/python3.12/site-packages/airflow/example_dags/example_latest_only.py took 0.091 seconds
[2025-04-02T11:06:21.049+0000] {processor.py:186} INFO - Started process (PID=415) to work on /home/airflow/.local/lib/python3.12/site-packages/airflow/example_dags/example_latest_only.py
[2025-04-02T11:06:21.051+0000] {processor.py:914} INFO - Processing file /home/airflow/.local/lib/python3.12/site-packages/airflow/example_dags/example_latest_only.py for tasks to queue
[2025-04-02T11:06:21.055+0000] {logging_mixin.py:190} INFO - [2025-04-02T11:06:21.055+0000] {dagbag.py:588} INFO - Filling up the DagBag from /home/airflow/.local/lib/python3.12/site-packages/airflow/example_dags/example_latest_only.py
[2025-04-02T11:06:21.062+0000] {processor.py:925} INFO - DAG(s) 'latest_only' retrieved from /home/airflow/.local/lib/python3.12/site-packages/airflow/example_dags/example_latest_only.py
[2025-04-02T11:06:21.083+0000] {logging_mixin.py:190} INFO - [2025-04-02T11:06:21.083+0000] {dag.py:3239} INFO - Sync 1 DAGs
[2025-04-02T11:06:21.104+0000] {logging_mixin.py:190} INFO - [2025-04-02T11:06:21.104+0000] {dag.py:4180} INFO - Setting next_dagrun for latest_only to 2025-04-02 04:00:00+00:00, run_after=2025-04-02 08:00:00+00:00
[2025-04-02T11:06:21.125+0000] {processor.py:208} INFO - Processing /home/airflow/.local/lib/python3.12/site-packages/airflow/example_dags/example_latest_only.py took 0.081 seconds
[2025-04-02T11:06:51.821+0000] {processor.py:186} INFO - Started process (PID=480) to work on /home/airflow/.local/lib/python3.12/site-packages/airflow/example_dags/example_latest_only.py
[2025-04-02T11:06:51.824+0000] {processor.py:914} INFO - Processing file /home/airflow/.local/lib/python3.12/site-packages/airflow/example_dags/example_latest_only.py for tasks to queue
[2025-04-02T11:06:51.829+0000] {logging_mixin.py:190} INFO - [2025-04-02T11:06:51.829+0000] {dagbag.py:588} INFO - Filling up the DagBag from /home/airflow/.local/lib/python3.12/site-packages/airflow/example_dags/example_latest_only.py
[2025-04-02T11:06:51.837+0000] {processor.py:925} INFO - DAG(s) 'latest_only' retrieved from /home/airflow/.local/lib/python3.12/site-packages/airflow/example_dags/example_latest_only.py
[2025-04-02T11:06:51.858+0000] {logging_mixin.py:190} INFO - [2025-04-02T11:06:51.857+0000] {dag.py:3239} INFO - Sync 1 DAGs
[2025-04-02T11:06:51.880+0000] {logging_mixin.py:190} INFO - [2025-04-02T11:06:51.880+0000] {dag.py:4180} INFO - Setting next_dagrun for latest_only to 2025-04-02 04:00:00+00:00, run_after=2025-04-02 08:00:00+00:00
[2025-04-02T11:06:51.905+0000] {processor.py:208} INFO - Processing /home/airflow/.local/lib/python3.12/site-packages/airflow/example_dags/example_latest_only.py took 0.089 seconds
[2025-04-02T11:07:22.572+0000] {processor.py:186} INFO - Started process (PID=545) to work on /home/airflow/.local/lib/python3.12/site-packages/airflow/example_dags/example_latest_only.py
[2025-04-02T11:07:22.574+0000] {processor.py:914} INFO - Processing file /home/airflow/.local/lib/python3.12/site-packages/airflow/example_dags/example_latest_only.py for tasks to queue
[2025-04-02T11:07:22.579+0000] {logging_mixin.py:190} INFO - [2025-04-02T11:07:22.579+0000] {dagbag.py:588} INFO - Filling up the DagBag from /home/airflow/.local/lib/python3.12/site-packages/airflow/example_dags/example_latest_only.py
[2025-04-02T11:07:22.590+0000] {processor.py:925} INFO - DAG(s) 'latest_only' retrieved from /home/airflow/.local/lib/python3.12/site-packages/airflow/example_dags/example_latest_only.py
[2025-04-02T11:07:22.617+0000] {logging_mixin.py:190} INFO - [2025-04-02T11:07:22.617+0000] {dag.py:3239} INFO - Sync 1 DAGs
[2025-04-02T11:07:22.652+0000] {logging_mixin.py:190} INFO - [2025-04-02T11:07:22.651+0000] {dag.py:4180} INFO - Setting next_dagrun for latest_only to 2025-04-02 04:00:00+00:00, run_after=2025-04-02 08:00:00+00:00
[2025-04-02T11:07:22.687+0000] {processor.py:208} INFO - Processing /home/airflow/.local/lib/python3.12/site-packages/airflow/example_dags/example_latest_only.py took 0.122 seconds
[2025-04-02T11:07:53.577+0000] {processor.py:186} INFO - Started process (PID=610) to work on /home/airflow/.local/lib/python3.12/site-packages/airflow/example_dags/example_latest_only.py
[2025-04-02T11:07:53.579+0000] {processor.py:914} INFO - Processing file /home/airflow/.local/lib/python3.12/site-packages/airflow/example_dags/example_latest_only.py for tasks to queue
[2025-04-02T11:07:53.582+0000] {logging_mixin.py:190} INFO - [2025-04-02T11:07:53.581+0000] {dagbag.py:588} INFO - Filling up the DagBag from /home/airflow/.local/lib/python3.12/site-packages/airflow/example_dags/example_latest_only.py
[2025-04-02T11:07:53.591+0000] {processor.py:925} INFO - DAG(s) 'latest_only' retrieved from /home/airflow/.local/lib/python3.12/site-packages/airflow/example_dags/example_latest_only.py
[2025-04-02T11:07:53.617+0000] {logging_mixin.py:190} INFO - [2025-04-02T11:07:53.616+0000] {dag.py:3239} INFO - Sync 1 DAGs
[2025-04-02T11:07:53.643+0000] {logging_mixin.py:190} INFO - [2025-04-02T11:07:53.642+0000] {dag.py:4180} INFO - Setting next_dagrun for latest_only to 2025-04-02 04:00:00+00:00, run_after=2025-04-02 08:00:00+00:00
[2025-04-02T11:07:53.674+0000] {processor.py:208} INFO - Processing /home/airflow/.local/lib/python3.12/site-packages/airflow/example_dags/example_latest_only.py took 0.102 seconds
[2025-04-02T11:08:25.099+0000] {processor.py:186} INFO - Started process (PID=675) to work on /home/airflow/.local/lib/python3.12/site-packages/airflow/example_dags/example_latest_only.py
[2025-04-02T11:08:25.100+0000] {processor.py:914} INFO - Processing file /home/airflow/.local/lib/python3.12/site-packages/airflow/example_dags/example_latest_only.py for tasks to queue
[2025-04-02T11:08:25.104+0000] {logging_mixin.py:190} INFO - [2025-04-02T11:08:25.103+0000] {dagbag.py:588} INFO - Filling up the DagBag from /home/airflow/.local/lib/python3.12/site-packages/airflow/example_dags/example_latest_only.py
[2025-04-02T11:08:25.111+0000] {processor.py:925} INFO - DAG(s) 'latest_only' retrieved from /home/airflow/.local/lib/python3.12/site-packages/airflow/example_dags/example_latest_only.py
[2025-04-02T11:08:25.135+0000] {logging_mixin.py:190} INFO - [2025-04-02T11:08:25.134+0000] {dag.py:3239} INFO - Sync 1 DAGs
[2025-04-02T11:08:25.158+0000] {logging_mixin.py:190} INFO - [2025-04-02T11:08:25.157+0000] {dag.py:4180} INFO - Setting next_dagrun for latest_only to 2025-04-02 04:00:00+00:00, run_after=2025-04-02 08:00:00+00:00
[2025-04-02T11:08:25.180+0000] {processor.py:208} INFO - Processing /home/airflow/.local/lib/python3.12/site-packages/airflow/example_dags/example_latest_only.py took 0.087 seconds
[2025-04-02T11:08:56.375+0000] {processor.py:186} INFO - Started process (PID=740) to work on /home/airflow/.local/lib/python3.12/site-packages/airflow/example_dags/example_latest_only.py
[2025-04-02T11:08:56.378+0000] {processor.py:914} INFO - Processing file /home/airflow/.local/lib/python3.12/site-packages/airflow/example_dags/example_latest_only.py for tasks to queue
[2025-04-02T11:08:56.381+0000] {logging_mixin.py:190} INFO - [2025-04-02T11:08:56.381+0000] {dagbag.py:588} INFO - Filling up the DagBag from /home/airflow/.local/lib/python3.12/site-packages/airflow/example_dags/example_latest_only.py
[2025-04-02T11:08:56.389+0000] {processor.py:925} INFO - DAG(s) 'latest_only' retrieved from /home/airflow/.local/lib/python3.12/site-packages/airflow/example_dags/example_latest_only.py
[2025-04-02T11:08:56.420+0000] {logging_mixin.py:190} INFO - [2025-04-02T11:08:56.420+0000] {dag.py:3239} INFO - Sync 1 DAGs
[2025-04-02T11:08:56.444+0000] {logging_mixin.py:190} INFO - [2025-04-02T11:08:56.444+0000] {dag.py:4180} INFO - Setting next_dagrun for latest_only to 2025-04-02 04:00:00+00:00, run_after=2025-04-02 08:00:00+00:00
[2025-04-02T11:08:56.470+0000] {processor.py:208} INFO - Processing /home/airflow/.local/lib/python3.12/site-packages/airflow/example_dags/example_latest_only.py took 0.100 seconds
[2025-04-02T11:09:27.725+0000] {processor.py:186} INFO - Started process (PID=805) to work on /home/airflow/.local/lib/python3.12/site-packages/airflow/example_dags/example_latest_only.py
[2025-04-02T11:09:27.726+0000] {processor.py:914} INFO - Processing file /home/airflow/.local/lib/python3.12/site-packages/airflow/example_dags/example_latest_only.py for tasks to queue
[2025-04-02T11:09:27.729+0000] {logging_mixin.py:190} INFO - [2025-04-02T11:09:27.729+0000] {dagbag.py:588} INFO - Filling up the DagBag from /home/airflow/.local/lib/python3.12/site-packages/airflow/example_dags/example_latest_only.py
[2025-04-02T11:09:27.737+0000] {processor.py:925} INFO - DAG(s) 'latest_only' retrieved from /home/airflow/.local/lib/python3.12/site-packages/airflow/example_dags/example_latest_only.py
[2025-04-02T11:09:27.760+0000] {logging_mixin.py:190} INFO - [2025-04-02T11:09:27.760+0000] {dag.py:3239} INFO - Sync 1 DAGs
[2025-04-02T11:09:27.785+0000] {logging_mixin.py:190} INFO - [2025-04-02T11:09:27.784+0000] {dag.py:4180} INFO - Setting next_dagrun for latest_only to 2025-04-02 04:00:00+00:00, run_after=2025-04-02 08:00:00+00:00
[2025-04-02T11:09:27.805+0000] {processor.py:208} INFO - Processing /home/airflow/.local/lib/python3.12/site-packages/airflow/example_dags/example_latest_only.py took 0.086 seconds
[2025-04-02T11:09:58.744+0000] {processor.py:186} INFO - Started process (PID=870) to work on /home/airflow/.local/lib/python3.12/site-packages/airflow/example_dags/example_latest_only.py
[2025-04-02T11:09:58.746+0000] {processor.py:914} INFO - Processing file /home/airflow/.local/lib/python3.12/site-packages/airflow/example_dags/example_latest_only.py for tasks to queue
[2025-04-02T11:09:58.754+0000] {logging_mixin.py:190} INFO - [2025-04-02T11:09:58.753+0000] {dagbag.py:588} INFO - Filling up the DagBag from /home/airflow/.local/lib/python3.12/site-packages/airflow/example_dags/example_latest_only.py
[2025-04-02T11:09:58.763+0000] {processor.py:925} INFO - DAG(s) 'latest_only' retrieved from /home/airflow/.local/lib/python3.12/site-packages/airflow/example_dags/example_latest_only.py
[2025-04-02T11:09:58.799+0000] {logging_mixin.py:190} INFO - [2025-04-02T11:09:58.799+0000] {dag.py:3239} INFO - Sync 1 DAGs
[2025-04-02T11:09:58.836+0000] {logging_mixin.py:190} INFO - [2025-04-02T11:09:58.835+0000] {dag.py:4180} INFO - Setting next_dagrun for latest_only to 2025-04-02 04:00:00+00:00, run_after=2025-04-02 08:00:00+00:00
[2025-04-02T11:09:58.889+0000] {processor.py:208} INFO - Processing /home/airflow/.local/lib/python3.12/site-packages/airflow/example_dags/example_latest_only.py took 0.155 seconds
[2025-04-02T11:10:29.314+0000] {processor.py:186} INFO - Started process (PID=935) to work on /home/airflow/.local/lib/python3.12/site-packages/airflow/example_dags/example_latest_only.py
[2025-04-02T11:10:29.316+0000] {processor.py:914} INFO - Processing file /home/airflow/.local/lib/python3.12/site-packages/airflow/example_dags/example_latest_only.py for tasks to queue
[2025-04-02T11:10:29.319+0000] {logging_mixin.py:190} INFO - [2025-04-02T11:10:29.319+0000] {dagbag.py:588} INFO - Filling up the DagBag from /home/airflow/.local/lib/python3.12/site-packages/airflow/example_dags/example_latest_only.py
[2025-04-02T11:10:29.326+0000] {processor.py:925} INFO - DAG(s) 'latest_only' retrieved from /home/airflow/.local/lib/python3.12/site-packages/airflow/example_dags/example_latest_only.py
[2025-04-02T11:10:29.356+0000] {logging_mixin.py:190} INFO - [2025-04-02T11:10:29.356+0000] {dag.py:3239} INFO - Sync 1 DAGs
[2025-04-02T11:10:29.378+0000] {logging_mixin.py:190} INFO - [2025-04-02T11:10:29.377+0000] {dag.py:4180} INFO - Setting next_dagrun for latest_only to 2025-04-02 04:00:00+00:00, run_after=2025-04-02 08:00:00+00:00
[2025-04-02T11:10:29.397+0000] {processor.py:208} INFO - Processing /home/airflow/.local/lib/python3.12/site-packages/airflow/example_dags/example_latest_only.py took 0.089 seconds
[2025-04-02T11:11:00.941+0000] {processor.py:186} INFO - Started process (PID=1000) to work on /home/airflow/.local/lib/python3.12/site-packages/airflow/example_dags/example_latest_only.py
[2025-04-02T11:11:00.942+0000] {processor.py:914} INFO - Processing file /home/airflow/.local/lib/python3.12/site-packages/airflow/example_dags/example_latest_only.py for tasks to queue
[2025-04-02T11:11:00.945+0000] {logging_mixin.py:190} INFO - [2025-04-02T11:11:00.944+0000] {dagbag.py:588} INFO - Filling up the DagBag from /home/airflow/.local/lib/python3.12/site-packages/airflow/example_dags/example_latest_only.py
[2025-04-02T11:11:00.952+0000] {processor.py:925} INFO - DAG(s) 'latest_only' retrieved from /home/airflow/.local/lib/python3.12/site-packages/airflow/example_dags/example_latest_only.py
[2025-04-02T11:11:00.971+0000] {logging_mixin.py:190} INFO - [2025-04-02T11:11:00.971+0000] {dag.py:3239} INFO - Sync 1 DAGs
[2025-04-02T11:11:00.991+0000] {logging_mixin.py:190} INFO - [2025-04-02T11:11:00.991+0000] {dag.py:4180} INFO - Setting next_dagrun for latest_only to 2025-04-02 04:00:00+00:00, run_after=2025-04-02 08:00:00+00:00
[2025-04-02T11:11:01.010+0000] {processor.py:208} INFO - Processing /home/airflow/.local/lib/python3.12/site-packages/airflow/example_dags/example_latest_only.py took 0.075 seconds
[2025-04-02T11:11:32.598+0000] {processor.py:186} INFO - Started process (PID=1065) to work on /home/airflow/.local/lib/python3.12/site-packages/airflow/example_dags/example_latest_only.py
[2025-04-02T11:11:32.600+0000] {processor.py:914} INFO - Processing file /home/airflow/.local/lib/python3.12/site-packages/airflow/example_dags/example_latest_only.py for tasks to queue
[2025-04-02T11:11:32.606+0000] {logging_mixin.py:190} INFO - [2025-04-02T11:11:32.605+0000] {dagbag.py:588} INFO - Filling up the DagBag from /home/airflow/.local/lib/python3.12/site-packages/airflow/example_dags/example_latest_only.py
[2025-04-02T11:11:32.617+0000] {processor.py:925} INFO - DAG(s) 'latest_only' retrieved from /home/airflow/.local/lib/python3.12/site-packages/airflow/example_dags/example_latest_only.py
[2025-04-02T11:11:32.645+0000] {logging_mixin.py:190} INFO - [2025-04-02T11:11:32.645+0000] {dag.py:3239} INFO - Sync 1 DAGs
[2025-04-02T11:11:32.689+0000] {logging_mixin.py:190} INFO - [2025-04-02T11:11:32.688+0000] {dag.py:4180} INFO - Setting next_dagrun for latest_only to 2025-04-02 04:00:00+00:00, run_after=2025-04-02 08:00:00+00:00
[2025-04-02T11:11:32.728+0000] {processor.py:208} INFO - Processing /home/airflow/.local/lib/python3.12/site-packages/airflow/example_dags/example_latest_only.py took 0.137 seconds
[2025-04-02T11:12:04.053+0000] {processor.py:186} INFO - Started process (PID=1130) to work on /home/airflow/.local/lib/python3.12/site-packages/airflow/example_dags/example_latest_only.py
[2025-04-02T11:12:04.055+0000] {processor.py:914} INFO - Processing file /home/airflow/.local/lib/python3.12/site-packages/airflow/example_dags/example_latest_only.py for tasks to queue
[2025-04-02T11:12:04.060+0000] {logging_mixin.py:190} INFO - [2025-04-02T11:12:04.059+0000] {dagbag.py:588} INFO - Filling up the DagBag from /home/airflow/.local/lib/python3.12/site-packages/airflow/example_dags/example_latest_only.py
[2025-04-02T11:12:04.074+0000] {processor.py:925} INFO - DAG(s) 'latest_only' retrieved from /home/airflow/.local/lib/python3.12/site-packages/airflow/example_dags/example_latest_only.py
[2025-04-02T11:12:04.117+0000] {logging_mixin.py:190} INFO - [2025-04-02T11:12:04.117+0000] {dag.py:3239} INFO - Sync 1 DAGs
[2025-04-02T11:12:04.145+0000] {logging_mixin.py:190} INFO - [2025-04-02T11:12:04.145+0000] {dag.py:4180} INFO - Setting next_dagrun for latest_only to 2025-04-02 04:00:00+00:00, run_after=2025-04-02 08:00:00+00:00
[2025-04-02T11:12:04.184+0000] {processor.py:208} INFO - Processing /home/airflow/.local/lib/python3.12/site-packages/airflow/example_dags/example_latest_only.py took 0.138 seconds
[2025-04-02T11:12:35.577+0000] {processor.py:186} INFO - Started process (PID=1195) to work on /home/airflow/.local/lib/python3.12/site-packages/airflow/example_dags/example_latest_only.py
[2025-04-02T11:12:35.579+0000] {processor.py:914} INFO - Processing file /home/airflow/.local/lib/python3.12/site-packages/airflow/example_dags/example_latest_only.py for tasks to queue
[2025-04-02T11:12:35.582+0000] {logging_mixin.py:190} INFO - [2025-04-02T11:12:35.582+0000] {dagbag.py:588} INFO - Filling up the DagBag from /home/airflow/.local/lib/python3.12/site-packages/airflow/example_dags/example_latest_only.py
[2025-04-02T11:12:35.593+0000] {processor.py:925} INFO - DAG(s) 'latest_only' retrieved from /home/airflow/.local/lib/python3.12/site-packages/airflow/example_dags/example_latest_only.py
[2025-04-02T11:12:35.614+0000] {logging_mixin.py:190} INFO - [2025-04-02T11:12:35.614+0000] {dag.py:3239} INFO - Sync 1 DAGs
[2025-04-02T11:12:35.637+0000] {logging_mixin.py:190} INFO - [2025-04-02T11:12:35.637+0000] {dag.py:4180} INFO - Setting next_dagrun for latest_only to 2025-04-02 04:00:00+00:00, run_after=2025-04-02 08:00:00+00:00
[2025-04-02T11:12:35.661+0000] {processor.py:208} INFO - Processing /home/airflow/.local/lib/python3.12/site-packages/airflow/example_dags/example_latest_only.py took 0.090 seconds
[2025-04-02T11:13:06.703+0000] {processor.py:186} INFO - Started process (PID=1261) to work on /home/airflow/.local/lib/python3.12/site-packages/airflow/example_dags/example_latest_only.py
[2025-04-02T11:13:06.704+0000] {processor.py:914} INFO - Processing file /home/airflow/.local/lib/python3.12/site-packages/airflow/example_dags/example_latest_only.py for tasks to queue
[2025-04-02T11:13:06.707+0000] {logging_mixin.py:190} INFO - [2025-04-02T11:13:06.707+0000] {dagbag.py:588} INFO - Filling up the DagBag from /home/airflow/.local/lib/python3.12/site-packages/airflow/example_dags/example_latest_only.py
[2025-04-02T11:13:06.715+0000] {processor.py:925} INFO - DAG(s) 'latest_only' retrieved from /home/airflow/.local/lib/python3.12/site-packages/airflow/example_dags/example_latest_only.py
[2025-04-02T11:13:06.737+0000] {logging_mixin.py:190} INFO - [2025-04-02T11:13:06.737+0000] {dag.py:3239} INFO - Sync 1 DAGs
[2025-04-02T11:13:06.759+0000] {logging_mixin.py:190} INFO - [2025-04-02T11:13:06.758+0000] {dag.py:4180} INFO - Setting next_dagrun for latest_only to 2025-04-02 04:00:00+00:00, run_after=2025-04-02 08:00:00+00:00
[2025-04-02T11:13:06.778+0000] {processor.py:208} INFO - Processing /home/airflow/.local/lib/python3.12/site-packages/airflow/example_dags/example_latest_only.py took 0.081 seconds
[2025-04-02T11:13:37.927+0000] {processor.py:186} INFO - Started process (PID=1326) to work on /home/airflow/.local/lib/python3.12/site-packages/airflow/example_dags/example_latest_only.py
[2025-04-02T11:13:37.929+0000] {processor.py:914} INFO - Processing file /home/airflow/.local/lib/python3.12/site-packages/airflow/example_dags/example_latest_only.py for tasks to queue
[2025-04-02T11:13:37.933+0000] {logging_mixin.py:190} INFO - [2025-04-02T11:13:37.932+0000] {dagbag.py:588} INFO - Filling up the DagBag from /home/airflow/.local/lib/python3.12/site-packages/airflow/example_dags/example_latest_only.py
[2025-04-02T11:13:37.940+0000] {processor.py:925} INFO - DAG(s) 'latest_only' retrieved from /home/airflow/.local/lib/python3.12/site-packages/airflow/example_dags/example_latest_only.py
[2025-04-02T11:13:37.960+0000] {logging_mixin.py:190} INFO - [2025-04-02T11:13:37.960+0000] {dag.py:3239} INFO - Sync 1 DAGs
[2025-04-02T11:13:37.982+0000] {logging_mixin.py:190} INFO - [2025-04-02T11:13:37.981+0000] {dag.py:4180} INFO - Setting next_dagrun for latest_only to 2025-04-02 04:00:00+00:00, run_after=2025-04-02 08:00:00+00:00
[2025-04-02T11:13:38.002+0000] {processor.py:208} INFO - Processing /home/airflow/.local/lib/python3.12/site-packages/airflow/example_dags/example_latest_only.py took 0.080 seconds
[2025-04-02T11:14:09.128+0000] {processor.py:186} INFO - Started process (PID=1391) to work on /home/airflow/.local/lib/python3.12/site-packages/airflow/example_dags/example_latest_only.py
[2025-04-02T11:14:09.129+0000] {processor.py:914} INFO - Processing file /home/airflow/.local/lib/python3.12/site-packages/airflow/example_dags/example_latest_only.py for tasks to queue
[2025-04-02T11:14:09.139+0000] {logging_mixin.py:190} INFO - [2025-04-02T11:14:09.137+0000] {dagbag.py:588} INFO - Filling up the DagBag from /home/airflow/.local/lib/python3.12/site-packages/airflow/example_dags/example_latest_only.py
[2025-04-02T11:14:09.157+0000] {processor.py:925} INFO - DAG(s) 'latest_only' retrieved from /home/airflow/.local/lib/python3.12/site-packages/airflow/example_dags/example_latest_only.py
[2025-04-02T11:14:09.180+0000] {logging_mixin.py:190} INFO - [2025-04-02T11:14:09.179+0000] {dag.py:3239} INFO - Sync 1 DAGs
[2025-04-02T11:14:09.204+0000] {logging_mixin.py:190} INFO - [2025-04-02T11:14:09.204+0000] {dag.py:4180} INFO - Setting next_dagrun for latest_only to 2025-04-02 04:00:00+00:00, run_after=2025-04-02 08:00:00+00:00
[2025-04-02T11:14:09.224+0000] {processor.py:208} INFO - Processing /home/airflow/.local/lib/python3.12/site-packages/airflow/example_dags/example_latest_only.py took 0.103 seconds
[2025-04-02T11:14:40.588+0000] {processor.py:186} INFO - Started process (PID=1456) to work on /home/airflow/.local/lib/python3.12/site-packages/airflow/example_dags/example_latest_only.py
[2025-04-02T11:14:40.590+0000] {processor.py:914} INFO - Processing file /home/airflow/.local/lib/python3.12/site-packages/airflow/example_dags/example_latest_only.py for tasks to queue
[2025-04-02T11:14:40.595+0000] {logging_mixin.py:190} INFO - [2025-04-02T11:14:40.594+0000] {dagbag.py:588} INFO - Filling up the DagBag from /home/airflow/.local/lib/python3.12/site-packages/airflow/example_dags/example_latest_only.py
[2025-04-02T11:14:40.603+0000] {processor.py:925} INFO - DAG(s) 'latest_only' retrieved from /home/airflow/.local/lib/python3.12/site-packages/airflow/example_dags/example_latest_only.py
[2025-04-02T11:14:40.632+0000] {logging_mixin.py:190} INFO - [2025-04-02T11:14:40.631+0000] {dag.py:3239} INFO - Sync 1 DAGs
[2025-04-02T11:14:40.656+0000] {logging_mixin.py:190} INFO - [2025-04-02T11:14:40.656+0000] {dag.py:4180} INFO - Setting next_dagrun for latest_only to 2025-04-02 04:00:00+00:00, run_after=2025-04-02 08:00:00+00:00
[2025-04-02T11:14:40.680+0000] {processor.py:208} INFO - Processing /home/airflow/.local/lib/python3.12/site-packages/airflow/example_dags/example_latest_only.py took 0.098 seconds
[2025-04-02T11:15:11.819+0000] {processor.py:186} INFO - Started process (PID=1521) to work on /home/airflow/.local/lib/python3.12/site-packages/airflow/example_dags/example_latest_only.py
[2025-04-02T11:15:11.821+0000] {processor.py:914} INFO - Processing file /home/airflow/.local/lib/python3.12/site-packages/airflow/example_dags/example_latest_only.py for tasks to queue
[2025-04-02T11:15:11.827+0000] {logging_mixin.py:190} INFO - [2025-04-02T11:15:11.826+0000] {dagbag.py:588} INFO - Filling up the DagBag from /home/airflow/.local/lib/python3.12/site-packages/airflow/example_dags/example_latest_only.py
[2025-04-02T11:15:11.838+0000] {processor.py:925} INFO - DAG(s) 'latest_only' retrieved from /home/airflow/.local/lib/python3.12/site-packages/airflow/example_dags/example_latest_only.py
[2025-04-02T11:15:11.862+0000] {logging_mixin.py:190} INFO - [2025-04-02T11:15:11.862+0000] {dag.py:3239} INFO - Sync 1 DAGs
[2025-04-02T11:15:11.885+0000] {logging_mixin.py:190} INFO - [2025-04-02T11:15:11.885+0000] {dag.py:4180} INFO - Setting next_dagrun for latest_only to 2025-04-02 04:00:00+00:00, run_after=2025-04-02 08:00:00+00:00
[2025-04-02T11:15:11.907+0000] {processor.py:208} INFO - Processing /home/airflow/.local/lib/python3.12/site-packages/airflow/example_dags/example_latest_only.py took 0.094 seconds
[2025-04-02T11:15:43.327+0000] {processor.py:186} INFO - Started process (PID=1586) to work on /home/airflow/.local/lib/python3.12/site-packages/airflow/example_dags/example_latest_only.py
[2025-04-02T11:15:43.329+0000] {processor.py:914} INFO - Processing file /home/airflow/.local/lib/python3.12/site-packages/airflow/example_dags/example_latest_only.py for tasks to queue
[2025-04-02T11:15:43.334+0000] {logging_mixin.py:190} INFO - [2025-04-02T11:15:43.333+0000] {dagbag.py:588} INFO - Filling up the DagBag from /home/airflow/.local/lib/python3.12/site-packages/airflow/example_dags/example_latest_only.py
[2025-04-02T11:15:43.345+0000] {processor.py:925} INFO - DAG(s) 'latest_only' retrieved from /home/airflow/.local/lib/python3.12/site-packages/airflow/example_dags/example_latest_only.py
[2025-04-02T11:15:43.372+0000] {logging_mixin.py:190} INFO - [2025-04-02T11:15:43.372+0000] {dag.py:3239} INFO - Sync 1 DAGs
[2025-04-02T11:15:43.408+0000] {logging_mixin.py:190} INFO - [2025-04-02T11:15:43.408+0000] {dag.py:4180} INFO - Setting next_dagrun for latest_only to 2025-04-02 04:00:00+00:00, run_after=2025-04-02 08:00:00+00:00
[2025-04-02T11:15:43.444+0000] {processor.py:208} INFO - Processing /home/airflow/.local/lib/python3.12/site-packages/airflow/example_dags/example_latest_only.py took 0.124 seconds
[2025-04-02T11:16:13.673+0000] {processor.py:186} INFO - Started process (PID=1651) to work on /home/airflow/.local/lib/python3.12/site-packages/airflow/example_dags/example_latest_only.py
[2025-04-02T11:16:13.674+0000] {processor.py:914} INFO - Processing file /home/airflow/.local/lib/python3.12/site-packages/airflow/example_dags/example_latest_only.py for tasks to queue
[2025-04-02T11:16:13.677+0000] {logging_mixin.py:190} INFO - [2025-04-02T11:16:13.677+0000] {dagbag.py:588} INFO - Filling up the DagBag from /home/airflow/.local/lib/python3.12/site-packages/airflow/example_dags/example_latest_only.py
[2025-04-02T11:16:13.685+0000] {processor.py:925} INFO - DAG(s) 'latest_only' retrieved from /home/airflow/.local/lib/python3.12/site-packages/airflow/example_dags/example_latest_only.py
[2025-04-02T11:16:13.705+0000] {logging_mixin.py:190} INFO - [2025-04-02T11:16:13.704+0000] {dag.py:3239} INFO - Sync 1 DAGs
[2025-04-02T11:16:13.724+0000] {logging_mixin.py:190} INFO - [2025-04-02T11:16:13.724+0000] {dag.py:4180} INFO - Setting next_dagrun for latest_only to 2025-04-02 04:00:00+00:00, run_after=2025-04-02 08:00:00+00:00
[2025-04-02T11:16:13.742+0000] {processor.py:208} INFO - Processing /home/airflow/.local/lib/python3.12/site-packages/airflow/example_dags/example_latest_only.py took 0.074 seconds
[2025-04-02T11:16:44.514+0000] {processor.py:186} INFO - Started process (PID=1716) to work on /home/airflow/.local/lib/python3.12/site-packages/airflow/example_dags/example_latest_only.py
[2025-04-02T11:16:44.516+0000] {processor.py:914} INFO - Processing file /home/airflow/.local/lib/python3.12/site-packages/airflow/example_dags/example_latest_only.py for tasks to queue
[2025-04-02T11:16:44.519+0000] {logging_mixin.py:190} INFO - [2025-04-02T11:16:44.519+0000] {dagbag.py:588} INFO - Filling up the DagBag from /home/airflow/.local/lib/python3.12/site-packages/airflow/example_dags/example_latest_only.py
[2025-04-02T11:16:44.526+0000] {processor.py:925} INFO - DAG(s) 'latest_only' retrieved from /home/airflow/.local/lib/python3.12/site-packages/airflow/example_dags/example_latest_only.py
[2025-04-02T11:16:44.550+0000] {logging_mixin.py:190} INFO - [2025-04-02T11:16:44.549+0000] {dag.py:3239} INFO - Sync 1 DAGs
[2025-04-02T11:16:44.575+0000] {logging_mixin.py:190} INFO - [2025-04-02T11:16:44.574+0000] {dag.py:4180} INFO - Setting next_dagrun for latest_only to 2025-04-02 04:00:00+00:00, run_after=2025-04-02 08:00:00+00:00
[2025-04-02T11:16:44.597+0000] {processor.py:208} INFO - Processing /home/airflow/.local/lib/python3.12/site-packages/airflow/example_dags/example_latest_only.py took 0.092 seconds
[2025-04-02T11:17:15.482+0000] {processor.py:186} INFO - Started process (PID=1781) to work on /home/airflow/.local/lib/python3.12/site-packages/airflow/example_dags/example_latest_only.py
[2025-04-02T11:17:15.484+0000] {processor.py:914} INFO - Processing file /home/airflow/.local/lib/python3.12/site-packages/airflow/example_dags/example_latest_only.py for tasks to queue
[2025-04-02T11:17:15.488+0000] {logging_mixin.py:190} INFO - [2025-04-02T11:17:15.487+0000] {dagbag.py:588} INFO - Filling up the DagBag from /home/airflow/.local/lib/python3.12/site-packages/airflow/example_dags/example_latest_only.py
[2025-04-02T11:17:15.496+0000] {processor.py:925} INFO - DAG(s) 'latest_only' retrieved from /home/airflow/.local/lib/python3.12/site-packages/airflow/example_dags/example_latest_only.py
[2025-04-02T11:17:15.528+0000] {logging_mixin.py:190} INFO - [2025-04-02T11:17:15.528+0000] {dag.py:3239} INFO - Sync 1 DAGs
[2025-04-02T11:17:15.554+0000] {logging_mixin.py:190} INFO - [2025-04-02T11:17:15.554+0000] {dag.py:4180} INFO - Setting next_dagrun for latest_only to 2025-04-02 04:00:00+00:00, run_after=2025-04-02 08:00:00+00:00
[2025-04-02T11:17:15.577+0000] {processor.py:208} INFO - Processing /home/airflow/.local/lib/python3.12/site-packages/airflow/example_dags/example_latest_only.py took 0.101 seconds
[2025-04-02T11:17:47.332+0000] {processor.py:186} INFO - Started process (PID=1846) to work on /home/airflow/.local/lib/python3.12/site-packages/airflow/example_dags/example_latest_only.py
[2025-04-02T11:17:47.334+0000] {processor.py:914} INFO - Processing file /home/airflow/.local/lib/python3.12/site-packages/airflow/example_dags/example_latest_only.py for tasks to queue
[2025-04-02T11:17:47.336+0000] {logging_mixin.py:190} INFO - [2025-04-02T11:17:47.336+0000] {dagbag.py:588} INFO - Filling up the DagBag from /home/airflow/.local/lib/python3.12/site-packages/airflow/example_dags/example_latest_only.py
[2025-04-02T11:17:47.344+0000] {processor.py:925} INFO - DAG(s) 'latest_only' retrieved from /home/airflow/.local/lib/python3.12/site-packages/airflow/example_dags/example_latest_only.py
[2025-04-02T11:17:47.369+0000] {logging_mixin.py:190} INFO - [2025-04-02T11:17:47.368+0000] {dag.py:3239} INFO - Sync 1 DAGs
[2025-04-02T11:17:47.391+0000] {logging_mixin.py:190} INFO - [2025-04-02T11:17:47.391+0000] {dag.py:4180} INFO - Setting next_dagrun for latest_only to 2025-04-02 04:00:00+00:00, run_after=2025-04-02 08:00:00+00:00
[2025-04-02T11:17:47.413+0000] {processor.py:208} INFO - Processing /home/airflow/.local/lib/python3.12/site-packages/airflow/example_dags/example_latest_only.py took 0.085 seconds
[2025-04-02T11:18:18.536+0000] {processor.py:186} INFO - Started process (PID=1911) to work on /home/airflow/.local/lib/python3.12/site-packages/airflow/example_dags/example_latest_only.py
[2025-04-02T11:18:18.539+0000] {processor.py:914} INFO - Processing file /home/airflow/.local/lib/python3.12/site-packages/airflow/example_dags/example_latest_only.py for tasks to queue
[2025-04-02T11:18:18.543+0000] {logging_mixin.py:190} INFO - [2025-04-02T11:18:18.542+0000] {dagbag.py:588} INFO - Filling up the DagBag from /home/airflow/.local/lib/python3.12/site-packages/airflow/example_dags/example_latest_only.py
[2025-04-02T11:18:18.550+0000] {processor.py:925} INFO - DAG(s) 'latest_only' retrieved from /home/airflow/.local/lib/python3.12/site-packages/airflow/example_dags/example_latest_only.py
[2025-04-02T11:18:18.577+0000] {logging_mixin.py:190} INFO - [2025-04-02T11:18:18.576+0000] {dag.py:3239} INFO - Sync 1 DAGs
[2025-04-02T11:18:18.600+0000] {logging_mixin.py:190} INFO - [2025-04-02T11:18:18.600+0000] {dag.py:4180} INFO - Setting next_dagrun for latest_only to 2025-04-02 04:00:00+00:00, run_after=2025-04-02 08:00:00+00:00
[2025-04-02T11:18:18.624+0000] {processor.py:208} INFO - Processing /home/airflow/.local/lib/python3.12/site-packages/airflow/example_dags/example_latest_only.py took 0.093 seconds
[2025-04-02T11:18:49.315+0000] {processor.py:186} INFO - Started process (PID=1976) to work on /home/airflow/.local/lib/python3.12/site-packages/airflow/example_dags/example_latest_only.py
[2025-04-02T11:18:49.317+0000] {processor.py:914} INFO - Processing file /home/airflow/.local/lib/python3.12/site-packages/airflow/example_dags/example_latest_only.py for tasks to queue
[2025-04-02T11:18:49.321+0000] {logging_mixin.py:190} INFO - [2025-04-02T11:18:49.321+0000] {dagbag.py:588} INFO - Filling up the DagBag from /home/airflow/.local/lib/python3.12/site-packages/airflow/example_dags/example_latest_only.py
[2025-04-02T11:18:49.328+0000] {processor.py:925} INFO - DAG(s) 'latest_only' retrieved from /home/airflow/.local/lib/python3.12/site-packages/airflow/example_dags/example_latest_only.py
[2025-04-02T11:18:49.351+0000] {logging_mixin.py:190} INFO - [2025-04-02T11:18:49.350+0000] {dag.py:3239} INFO - Sync 1 DAGs
[2025-04-02T11:18:49.371+0000] {logging_mixin.py:190} INFO - [2025-04-02T11:18:49.371+0000] {dag.py:4180} INFO - Setting next_dagrun for latest_only to 2025-04-02 04:00:00+00:00, run_after=2025-04-02 08:00:00+00:00
[2025-04-02T11:18:49.390+0000] {processor.py:208} INFO - Processing /home/airflow/.local/lib/python3.12/site-packages/airflow/example_dags/example_latest_only.py took 0.080 seconds
[2025-04-02T11:19:20.233+0000] {processor.py:186} INFO - Started process (PID=2042) to work on /home/airflow/.local/lib/python3.12/site-packages/airflow/example_dags/example_latest_only.py
[2025-04-02T11:19:20.235+0000] {processor.py:914} INFO - Processing file /home/airflow/.local/lib/python3.12/site-packages/airflow/example_dags/example_latest_only.py for tasks to queue
[2025-04-02T11:19:20.238+0000] {logging_mixin.py:190} INFO - [2025-04-02T11:19:20.238+0000] {dagbag.py:588} INFO - Filling up the DagBag from /home/airflow/.local/lib/python3.12/site-packages/airflow/example_dags/example_latest_only.py
[2025-04-02T11:19:20.246+0000] {processor.py:925} INFO - DAG(s) 'latest_only' retrieved from /home/airflow/.local/lib/python3.12/site-packages/airflow/example_dags/example_latest_only.py
[2025-04-02T11:19:20.266+0000] {logging_mixin.py:190} INFO - [2025-04-02T11:19:20.265+0000] {dag.py:3239} INFO - Sync 1 DAGs
[2025-04-02T11:19:20.291+0000] {logging_mixin.py:190} INFO - [2025-04-02T11:19:20.291+0000] {dag.py:4180} INFO - Setting next_dagrun for latest_only to 2025-04-02 04:00:00+00:00, run_after=2025-04-02 08:00:00+00:00
[2025-04-02T11:19:20.313+0000] {processor.py:208} INFO - Processing /home/airflow/.local/lib/python3.12/site-packages/airflow/example_dags/example_latest_only.py took 0.086 seconds
[2025-04-02T11:19:51.206+0000] {processor.py:186} INFO - Started process (PID=2113) to work on /home/airflow/.local/lib/python3.12/site-packages/airflow/example_dags/example_latest_only.py
[2025-04-02T11:19:51.207+0000] {processor.py:914} INFO - Processing file /home/airflow/.local/lib/python3.12/site-packages/airflow/example_dags/example_latest_only.py for tasks to queue
[2025-04-02T11:19:51.210+0000] {logging_mixin.py:190} INFO - [2025-04-02T11:19:51.210+0000] {dagbag.py:588} INFO - Filling up the DagBag from /home/airflow/.local/lib/python3.12/site-packages/airflow/example_dags/example_latest_only.py
[2025-04-02T11:19:51.218+0000] {processor.py:925} INFO - DAG(s) 'latest_only' retrieved from /home/airflow/.local/lib/python3.12/site-packages/airflow/example_dags/example_latest_only.py
[2025-04-02T11:19:51.241+0000] {logging_mixin.py:190} INFO - [2025-04-02T11:19:51.241+0000] {dag.py:3239} INFO - Sync 1 DAGs
[2025-04-02T11:19:51.264+0000] {logging_mixin.py:190} INFO - [2025-04-02T11:19:51.264+0000] {dag.py:4180} INFO - Setting next_dagrun for latest_only to 2025-04-02 04:00:00+00:00, run_after=2025-04-02 08:00:00+00:00
[2025-04-02T11:19:51.284+0000] {processor.py:208} INFO - Processing /home/airflow/.local/lib/python3.12/site-packages/airflow/example_dags/example_latest_only.py took 0.084 seconds
[2025-04-02T11:20:22.485+0000] {processor.py:186} INFO - Started process (PID=2178) to work on /home/airflow/.local/lib/python3.12/site-packages/airflow/example_dags/example_latest_only.py
[2025-04-02T11:20:22.487+0000] {processor.py:914} INFO - Processing file /home/airflow/.local/lib/python3.12/site-packages/airflow/example_dags/example_latest_only.py for tasks to queue
[2025-04-02T11:20:22.491+0000] {logging_mixin.py:190} INFO - [2025-04-02T11:20:22.490+0000] {dagbag.py:588} INFO - Filling up the DagBag from /home/airflow/.local/lib/python3.12/site-packages/airflow/example_dags/example_latest_only.py
[2025-04-02T11:20:22.503+0000] {processor.py:925} INFO - DAG(s) 'latest_only' retrieved from /home/airflow/.local/lib/python3.12/site-packages/airflow/example_dags/example_latest_only.py
[2025-04-02T11:20:22.529+0000] {logging_mixin.py:190} INFO - [2025-04-02T11:20:22.528+0000] {dag.py:3239} INFO - Sync 1 DAGs
[2025-04-02T11:20:22.551+0000] {logging_mixin.py:190} INFO - [2025-04-02T11:20:22.550+0000] {dag.py:4180} INFO - Setting next_dagrun for latest_only to 2025-04-02 04:00:00+00:00, run_after=2025-04-02 08:00:00+00:00
[2025-04-02T11:20:22.572+0000] {processor.py:208} INFO - Processing /home/airflow/.local/lib/python3.12/site-packages/airflow/example_dags/example_latest_only.py took 0.092 seconds
[2025-04-02T11:20:53.646+0000] {processor.py:186} INFO - Started process (PID=2244) to work on /home/airflow/.local/lib/python3.12/site-packages/airflow/example_dags/example_latest_only.py
[2025-04-02T11:20:53.648+0000] {processor.py:914} INFO - Processing file /home/airflow/.local/lib/python3.12/site-packages/airflow/example_dags/example_latest_only.py for tasks to queue
[2025-04-02T11:20:53.653+0000] {logging_mixin.py:190} INFO - [2025-04-02T11:20:53.652+0000] {dagbag.py:588} INFO - Filling up the DagBag from /home/airflow/.local/lib/python3.12/site-packages/airflow/example_dags/example_latest_only.py
[2025-04-02T11:20:53.661+0000] {processor.py:925} INFO - DAG(s) 'latest_only' retrieved from /home/airflow/.local/lib/python3.12/site-packages/airflow/example_dags/example_latest_only.py
[2025-04-02T11:20:53.685+0000] {logging_mixin.py:190} INFO - [2025-04-02T11:20:53.685+0000] {dag.py:3239} INFO - Sync 1 DAGs
[2025-04-02T11:20:53.706+0000] {logging_mixin.py:190} INFO - [2025-04-02T11:20:53.705+0000] {dag.py:4180} INFO - Setting next_dagrun for latest_only to 2025-04-02 04:00:00+00:00, run_after=2025-04-02 08:00:00+00:00
[2025-04-02T11:20:53.725+0000] {processor.py:208} INFO - Processing /home/airflow/.local/lib/python3.12/site-packages/airflow/example_dags/example_latest_only.py took 0.084 seconds
[2025-04-02T11:21:25.176+0000] {processor.py:186} INFO - Started process (PID=2309) to work on /home/airflow/.local/lib/python3.12/site-packages/airflow/example_dags/example_latest_only.py
[2025-04-02T11:21:25.178+0000] {processor.py:914} INFO - Processing file /home/airflow/.local/lib/python3.12/site-packages/airflow/example_dags/example_latest_only.py for tasks to queue
[2025-04-02T11:21:25.181+0000] {logging_mixin.py:190} INFO - [2025-04-02T11:21:25.181+0000] {dagbag.py:588} INFO - Filling up the DagBag from /home/airflow/.local/lib/python3.12/site-packages/airflow/example_dags/example_latest_only.py
[2025-04-02T11:21:25.190+0000] {processor.py:925} INFO - DAG(s) 'latest_only' retrieved from /home/airflow/.local/lib/python3.12/site-packages/airflow/example_dags/example_latest_only.py
[2025-04-02T11:21:25.215+0000] {logging_mixin.py:190} INFO - [2025-04-02T11:21:25.215+0000] {dag.py:3239} INFO - Sync 1 DAGs
[2025-04-02T11:21:25.244+0000] {logging_mixin.py:190} INFO - [2025-04-02T11:21:25.244+0000] {dag.py:4180} INFO - Setting next_dagrun for latest_only to 2025-04-02 04:00:00+00:00, run_after=2025-04-02 08:00:00+00:00
[2025-04-02T11:21:25.272+0000] {processor.py:208} INFO - Processing /home/airflow/.local/lib/python3.12/site-packages/airflow/example_dags/example_latest_only.py took 0.105 seconds
[2025-04-02T11:21:55.801+0000] {processor.py:186} INFO - Started process (PID=2374) to work on /home/airflow/.local/lib/python3.12/site-packages/airflow/example_dags/example_latest_only.py
[2025-04-02T11:21:55.804+0000] {processor.py:914} INFO - Processing file /home/airflow/.local/lib/python3.12/site-packages/airflow/example_dags/example_latest_only.py for tasks to queue
[2025-04-02T11:21:55.806+0000] {logging_mixin.py:190} INFO - [2025-04-02T11:21:55.806+0000] {dagbag.py:588} INFO - Filling up the DagBag from /home/airflow/.local/lib/python3.12/site-packages/airflow/example_dags/example_latest_only.py
[2025-04-02T11:21:55.814+0000] {processor.py:925} INFO - DAG(s) 'latest_only' retrieved from /home/airflow/.local/lib/python3.12/site-packages/airflow/example_dags/example_latest_only.py
[2025-04-02T11:21:55.838+0000] {logging_mixin.py:190} INFO - [2025-04-02T11:21:55.838+0000] {dag.py:3239} INFO - Sync 1 DAGs
[2025-04-02T11:21:55.859+0000] {logging_mixin.py:190} INFO - [2025-04-02T11:21:55.859+0000] {dag.py:4180} INFO - Setting next_dagrun for latest_only to 2025-04-02 04:00:00+00:00, run_after=2025-04-02 08:00:00+00:00
[2025-04-02T11:21:55.882+0000] {processor.py:208} INFO - Processing /home/airflow/.local/lib/python3.12/site-packages/airflow/example_dags/example_latest_only.py took 0.086 seconds
[2025-04-02T11:22:26.798+0000] {processor.py:186} INFO - Started process (PID=2439) to work on /home/airflow/.local/lib/python3.12/site-packages/airflow/example_dags/example_latest_only.py
[2025-04-02T11:22:26.800+0000] {processor.py:914} INFO - Processing file /home/airflow/.local/lib/python3.12/site-packages/airflow/example_dags/example_latest_only.py for tasks to queue
[2025-04-02T11:22:26.804+0000] {logging_mixin.py:190} INFO - [2025-04-02T11:22:26.804+0000] {dagbag.py:588} INFO - Filling up the DagBag from /home/airflow/.local/lib/python3.12/site-packages/airflow/example_dags/example_latest_only.py
[2025-04-02T11:22:26.813+0000] {processor.py:925} INFO - DAG(s) 'latest_only' retrieved from /home/airflow/.local/lib/python3.12/site-packages/airflow/example_dags/example_latest_only.py
[2025-04-02T11:22:26.835+0000] {logging_mixin.py:190} INFO - [2025-04-02T11:22:26.835+0000] {dag.py:3239} INFO - Sync 1 DAGs
[2025-04-02T11:22:26.858+0000] {logging_mixin.py:190} INFO - [2025-04-02T11:22:26.857+0000] {dag.py:4180} INFO - Setting next_dagrun for latest_only to 2025-04-02 04:00:00+00:00, run_after=2025-04-02 08:00:00+00:00
[2025-04-02T11:22:26.881+0000] {processor.py:208} INFO - Processing /home/airflow/.local/lib/python3.12/site-packages/airflow/example_dags/example_latest_only.py took 0.088 seconds
[2025-04-02T11:22:58.402+0000] {processor.py:186} INFO - Started process (PID=2505) to work on /home/airflow/.local/lib/python3.12/site-packages/airflow/example_dags/example_latest_only.py
[2025-04-02T11:22:58.404+0000] {processor.py:914} INFO - Processing file /home/airflow/.local/lib/python3.12/site-packages/airflow/example_dags/example_latest_only.py for tasks to queue
[2025-04-02T11:22:58.408+0000] {logging_mixin.py:190} INFO - [2025-04-02T11:22:58.408+0000] {dagbag.py:588} INFO - Filling up the DagBag from /home/airflow/.local/lib/python3.12/site-packages/airflow/example_dags/example_latest_only.py
[2025-04-02T11:22:58.415+0000] {processor.py:925} INFO - DAG(s) 'latest_only' retrieved from /home/airflow/.local/lib/python3.12/site-packages/airflow/example_dags/example_latest_only.py
[2025-04-02T11:22:58.440+0000] {logging_mixin.py:190} INFO - [2025-04-02T11:22:58.440+0000] {dag.py:3239} INFO - Sync 1 DAGs
[2025-04-02T11:22:58.461+0000] {logging_mixin.py:190} INFO - [2025-04-02T11:22:58.460+0000] {dag.py:4180} INFO - Setting next_dagrun for latest_only to 2025-04-02 04:00:00+00:00, run_after=2025-04-02 08:00:00+00:00
[2025-04-02T11:22:58.484+0000] {processor.py:208} INFO - Processing /home/airflow/.local/lib/python3.12/site-packages/airflow/example_dags/example_latest_only.py took 0.087 seconds
[2025-04-02T11:23:30.539+0000] {processor.py:186} INFO - Started process (PID=2570) to work on /home/airflow/.local/lib/python3.12/site-packages/airflow/example_dags/example_latest_only.py
[2025-04-02T11:23:30.542+0000] {processor.py:914} INFO - Processing file /home/airflow/.local/lib/python3.12/site-packages/airflow/example_dags/example_latest_only.py for tasks to queue
[2025-04-02T11:23:30.546+0000] {logging_mixin.py:190} INFO - [2025-04-02T11:23:30.546+0000] {dagbag.py:588} INFO - Filling up the DagBag from /home/airflow/.local/lib/python3.12/site-packages/airflow/example_dags/example_latest_only.py
[2025-04-02T11:23:30.555+0000] {processor.py:925} INFO - DAG(s) 'latest_only' retrieved from /home/airflow/.local/lib/python3.12/site-packages/airflow/example_dags/example_latest_only.py
[2025-04-02T11:23:30.579+0000] {logging_mixin.py:190} INFO - [2025-04-02T11:23:30.579+0000] {dag.py:3239} INFO - Sync 1 DAGs
[2025-04-02T11:23:30.600+0000] {logging_mixin.py:190} INFO - [2025-04-02T11:23:30.600+0000] {dag.py:4180} INFO - Setting next_dagrun for latest_only to 2025-04-02 04:00:00+00:00, run_after=2025-04-02 08:00:00+00:00
[2025-04-02T11:23:30.621+0000] {processor.py:208} INFO - Processing /home/airflow/.local/lib/python3.12/site-packages/airflow/example_dags/example_latest_only.py took 0.087 seconds
