[2025-04-02T09:06:35.918+0000] {processor.py:186} INFO - Started process (PID=7946) to work on /home/airflow/.local/lib/python3.12/site-packages/airflow/example_dags/example_short_circuit_operator.py
[2025-04-02T09:06:35.921+0000] {processor.py:914} INFO - Processing file /home/airflow/.local/lib/python3.12/site-packages/airflow/example_dags/example_short_circuit_operator.py for tasks to queue
[2025-04-02T09:06:35.926+0000] {logging_mixin.py:190} INFO - [2025-04-02T09:06:35.925+0000] {dagbag.py:588} INFO - Filling up the DagBag from /home/airflow/.local/lib/python3.12/site-packages/airflow/example_dags/example_short_circuit_operator.py
[2025-04-02T09:06:35.947+0000] {processor.py:925} INFO - DAG(s) 'example_short_circuit_operator' retrieved from /home/airflow/.local/lib/python3.12/site-packages/airflow/example_dags/example_short_circuit_operator.py
[2025-04-02T09:06:36.083+0000] {logging_mixin.py:190} INFO - [2025-04-02T09:06:36.082+0000] {dag.py:3239} INFO - Sync 1 DAGs
[2025-04-02T09:06:36.159+0000] {logging_mixin.py:190} INFO - [2025-04-02T09:06:36.159+0000] {dag.py:4180} INFO - Setting next_dagrun for example_short_circuit_operator to None, run_after=None
[2025-04-02T09:06:36.241+0000] {processor.py:208} INFO - Processing /home/airflow/.local/lib/python3.12/site-packages/airflow/example_dags/example_short_circuit_operator.py took 0.340 seconds
[2025-04-02T11:03:44.628+0000] {processor.py:186} INFO - Started process (PID=74) to work on /home/airflow/.local/lib/python3.12/site-packages/airflow/example_dags/example_short_circuit_operator.py
[2025-04-02T11:03:44.631+0000] {processor.py:914} INFO - Processing file /home/airflow/.local/lib/python3.12/site-packages/airflow/example_dags/example_short_circuit_operator.py for tasks to queue
[2025-04-02T11:03:44.639+0000] {logging_mixin.py:190} INFO - [2025-04-02T11:03:44.637+0000] {dagbag.py:588} INFO - Filling up the DagBag from /home/airflow/.local/lib/python3.12/site-packages/airflow/example_dags/example_short_circuit_operator.py
[2025-04-02T11:03:44.650+0000] {processor.py:925} INFO - DAG(s) 'example_short_circuit_operator' retrieved from /home/airflow/.local/lib/python3.12/site-packages/airflow/example_dags/example_short_circuit_operator.py
[2025-04-02T11:03:44.694+0000] {logging_mixin.py:190} INFO - [2025-04-02T11:03:44.693+0000] {dag.py:3239} INFO - Sync 1 DAGs
[2025-04-02T11:03:44.725+0000] {logging_mixin.py:190} INFO - [2025-04-02T11:03:44.724+0000] {dag.py:4180} INFO - Setting next_dagrun for example_short_circuit_operator to None, run_after=None
[2025-04-02T11:03:44.760+0000] {processor.py:208} INFO - Processing /home/airflow/.local/lib/python3.12/site-packages/airflow/example_dags/example_short_circuit_operator.py took 0.143 seconds
[2025-04-02T11:04:15.743+0000] {processor.py:186} INFO - Started process (PID=139) to work on /home/airflow/.local/lib/python3.12/site-packages/airflow/example_dags/example_short_circuit_operator.py
[2025-04-02T11:04:15.746+0000] {processor.py:914} INFO - Processing file /home/airflow/.local/lib/python3.12/site-packages/airflow/example_dags/example_short_circuit_operator.py for tasks to queue
[2025-04-02T11:04:15.752+0000] {logging_mixin.py:190} INFO - [2025-04-02T11:04:15.751+0000] {dagbag.py:588} INFO - Filling up the DagBag from /home/airflow/.local/lib/python3.12/site-packages/airflow/example_dags/example_short_circuit_operator.py
[2025-04-02T11:04:15.767+0000] {processor.py:925} INFO - DAG(s) 'example_short_circuit_operator' retrieved from /home/airflow/.local/lib/python3.12/site-packages/airflow/example_dags/example_short_circuit_operator.py
[2025-04-02T11:04:15.798+0000] {logging_mixin.py:190} INFO - [2025-04-02T11:04:15.798+0000] {dag.py:3239} INFO - Sync 1 DAGs
[2025-04-02T11:04:15.813+0000] {logging_mixin.py:190} INFO - [2025-04-02T11:04:15.813+0000] {dag.py:4180} INFO - Setting next_dagrun for example_short_circuit_operator to None, run_after=None
[2025-04-02T11:04:15.841+0000] {processor.py:208} INFO - Processing /home/airflow/.local/lib/python3.12/site-packages/airflow/example_dags/example_short_circuit_operator.py took 0.106 seconds
[2025-04-02T11:04:46.766+0000] {processor.py:186} INFO - Started process (PID=204) to work on /home/airflow/.local/lib/python3.12/site-packages/airflow/example_dags/example_short_circuit_operator.py
[2025-04-02T11:04:46.767+0000] {processor.py:914} INFO - Processing file /home/airflow/.local/lib/python3.12/site-packages/airflow/example_dags/example_short_circuit_operator.py for tasks to queue
[2025-04-02T11:04:46.771+0000] {logging_mixin.py:190} INFO - [2025-04-02T11:04:46.770+0000] {dagbag.py:588} INFO - Filling up the DagBag from /home/airflow/.local/lib/python3.12/site-packages/airflow/example_dags/example_short_circuit_operator.py
[2025-04-02T11:04:46.780+0000] {processor.py:925} INFO - DAG(s) 'example_short_circuit_operator' retrieved from /home/airflow/.local/lib/python3.12/site-packages/airflow/example_dags/example_short_circuit_operator.py
[2025-04-02T11:04:46.804+0000] {logging_mixin.py:190} INFO - [2025-04-02T11:04:46.804+0000] {dag.py:3239} INFO - Sync 1 DAGs
[2025-04-02T11:04:46.819+0000] {logging_mixin.py:190} INFO - [2025-04-02T11:04:46.818+0000] {dag.py:4180} INFO - Setting next_dagrun for example_short_circuit_operator to None, run_after=None
[2025-04-02T11:04:46.839+0000] {processor.py:208} INFO - Processing /home/airflow/.local/lib/python3.12/site-packages/airflow/example_dags/example_short_circuit_operator.py took 0.078 seconds
[2025-04-02T11:05:18.131+0000] {processor.py:186} INFO - Started process (PID=276) to work on /home/airflow/.local/lib/python3.12/site-packages/airflow/example_dags/example_short_circuit_operator.py
[2025-04-02T11:05:18.133+0000] {processor.py:914} INFO - Processing file /home/airflow/.local/lib/python3.12/site-packages/airflow/example_dags/example_short_circuit_operator.py for tasks to queue
[2025-04-02T11:05:18.136+0000] {logging_mixin.py:190} INFO - [2025-04-02T11:05:18.135+0000] {dagbag.py:588} INFO - Filling up the DagBag from /home/airflow/.local/lib/python3.12/site-packages/airflow/example_dags/example_short_circuit_operator.py
[2025-04-02T11:05:18.143+0000] {processor.py:925} INFO - DAG(s) 'example_short_circuit_operator' retrieved from /home/airflow/.local/lib/python3.12/site-packages/airflow/example_dags/example_short_circuit_operator.py
[2025-04-02T11:05:18.169+0000] {logging_mixin.py:190} INFO - [2025-04-02T11:05:18.168+0000] {dag.py:3239} INFO - Sync 1 DAGs
[2025-04-02T11:05:18.182+0000] {logging_mixin.py:190} INFO - [2025-04-02T11:05:18.181+0000] {dag.py:4180} INFO - Setting next_dagrun for example_short_circuit_operator to None, run_after=None
[2025-04-02T11:05:18.206+0000] {processor.py:208} INFO - Processing /home/airflow/.local/lib/python3.12/site-packages/airflow/example_dags/example_short_circuit_operator.py took 0.081 seconds
[2025-04-02T11:05:49.044+0000] {processor.py:186} INFO - Started process (PID=341) to work on /home/airflow/.local/lib/python3.12/site-packages/airflow/example_dags/example_short_circuit_operator.py
[2025-04-02T11:05:49.046+0000] {processor.py:914} INFO - Processing file /home/airflow/.local/lib/python3.12/site-packages/airflow/example_dags/example_short_circuit_operator.py for tasks to queue
[2025-04-02T11:05:49.050+0000] {logging_mixin.py:190} INFO - [2025-04-02T11:05:49.049+0000] {dagbag.py:588} INFO - Filling up the DagBag from /home/airflow/.local/lib/python3.12/site-packages/airflow/example_dags/example_short_circuit_operator.py
[2025-04-02T11:05:49.058+0000] {processor.py:925} INFO - DAG(s) 'example_short_circuit_operator' retrieved from /home/airflow/.local/lib/python3.12/site-packages/airflow/example_dags/example_short_circuit_operator.py
[2025-04-02T11:05:49.089+0000] {logging_mixin.py:190} INFO - [2025-04-02T11:05:49.089+0000] {dag.py:3239} INFO - Sync 1 DAGs
[2025-04-02T11:05:49.103+0000] {logging_mixin.py:190} INFO - [2025-04-02T11:05:49.103+0000] {dag.py:4180} INFO - Setting next_dagrun for example_short_circuit_operator to None, run_after=None
[2025-04-02T11:05:49.128+0000] {processor.py:208} INFO - Processing /home/airflow/.local/lib/python3.12/site-packages/airflow/example_dags/example_short_circuit_operator.py took 0.090 seconds
[2025-04-02T11:06:20.292+0000] {processor.py:186} INFO - Started process (PID=406) to work on /home/airflow/.local/lib/python3.12/site-packages/airflow/example_dags/example_short_circuit_operator.py
[2025-04-02T11:06:20.294+0000] {processor.py:914} INFO - Processing file /home/airflow/.local/lib/python3.12/site-packages/airflow/example_dags/example_short_circuit_operator.py for tasks to queue
[2025-04-02T11:06:20.297+0000] {logging_mixin.py:190} INFO - [2025-04-02T11:06:20.297+0000] {dagbag.py:588} INFO - Filling up the DagBag from /home/airflow/.local/lib/python3.12/site-packages/airflow/example_dags/example_short_circuit_operator.py
[2025-04-02T11:06:20.308+0000] {processor.py:925} INFO - DAG(s) 'example_short_circuit_operator' retrieved from /home/airflow/.local/lib/python3.12/site-packages/airflow/example_dags/example_short_circuit_operator.py
[2025-04-02T11:06:20.331+0000] {logging_mixin.py:190} INFO - [2025-04-02T11:06:20.331+0000] {dag.py:3239} INFO - Sync 1 DAGs
[2025-04-02T11:06:20.345+0000] {logging_mixin.py:190} INFO - [2025-04-02T11:06:20.345+0000] {dag.py:4180} INFO - Setting next_dagrun for example_short_circuit_operator to None, run_after=None
[2025-04-02T11:06:20.369+0000] {processor.py:208} INFO - Processing /home/airflow/.local/lib/python3.12/site-packages/airflow/example_dags/example_short_circuit_operator.py took 0.081 seconds
[2025-04-02T11:06:51.147+0000] {processor.py:186} INFO - Started process (PID=471) to work on /home/airflow/.local/lib/python3.12/site-packages/airflow/example_dags/example_short_circuit_operator.py
[2025-04-02T11:06:51.149+0000] {processor.py:914} INFO - Processing file /home/airflow/.local/lib/python3.12/site-packages/airflow/example_dags/example_short_circuit_operator.py for tasks to queue
[2025-04-02T11:06:51.152+0000] {logging_mixin.py:190} INFO - [2025-04-02T11:06:51.152+0000] {dagbag.py:588} INFO - Filling up the DagBag from /home/airflow/.local/lib/python3.12/site-packages/airflow/example_dags/example_short_circuit_operator.py
[2025-04-02T11:06:51.161+0000] {processor.py:925} INFO - DAG(s) 'example_short_circuit_operator' retrieved from /home/airflow/.local/lib/python3.12/site-packages/airflow/example_dags/example_short_circuit_operator.py
[2025-04-02T11:06:51.185+0000] {logging_mixin.py:190} INFO - [2025-04-02T11:06:51.185+0000] {dag.py:3239} INFO - Sync 1 DAGs
[2025-04-02T11:06:51.199+0000] {logging_mixin.py:190} INFO - [2025-04-02T11:06:51.199+0000] {dag.py:4180} INFO - Setting next_dagrun for example_short_circuit_operator to None, run_after=None
[2025-04-02T11:06:51.221+0000] {processor.py:208} INFO - Processing /home/airflow/.local/lib/python3.12/site-packages/airflow/example_dags/example_short_circuit_operator.py took 0.080 seconds
[2025-04-02T11:07:21.981+0000] {processor.py:186} INFO - Started process (PID=536) to work on /home/airflow/.local/lib/python3.12/site-packages/airflow/example_dags/example_short_circuit_operator.py
[2025-04-02T11:07:21.983+0000] {processor.py:914} INFO - Processing file /home/airflow/.local/lib/python3.12/site-packages/airflow/example_dags/example_short_circuit_operator.py for tasks to queue
[2025-04-02T11:07:21.986+0000] {logging_mixin.py:190} INFO - [2025-04-02T11:07:21.986+0000] {dagbag.py:588} INFO - Filling up the DagBag from /home/airflow/.local/lib/python3.12/site-packages/airflow/example_dags/example_short_circuit_operator.py
[2025-04-02T11:07:21.995+0000] {processor.py:925} INFO - DAG(s) 'example_short_circuit_operator' retrieved from /home/airflow/.local/lib/python3.12/site-packages/airflow/example_dags/example_short_circuit_operator.py
[2025-04-02T11:07:22.018+0000] {logging_mixin.py:190} INFO - [2025-04-02T11:07:22.018+0000] {dag.py:3239} INFO - Sync 1 DAGs
[2025-04-02T11:07:22.031+0000] {logging_mixin.py:190} INFO - [2025-04-02T11:07:22.031+0000] {dag.py:4180} INFO - Setting next_dagrun for example_short_circuit_operator to None, run_after=None
[2025-04-02T11:07:22.053+0000] {processor.py:208} INFO - Processing /home/airflow/.local/lib/python3.12/site-packages/airflow/example_dags/example_short_circuit_operator.py took 0.077 seconds
[2025-04-02T11:07:52.957+0000] {processor.py:186} INFO - Started process (PID=601) to work on /home/airflow/.local/lib/python3.12/site-packages/airflow/example_dags/example_short_circuit_operator.py
[2025-04-02T11:07:52.958+0000] {processor.py:914} INFO - Processing file /home/airflow/.local/lib/python3.12/site-packages/airflow/example_dags/example_short_circuit_operator.py for tasks to queue
[2025-04-02T11:07:52.961+0000] {logging_mixin.py:190} INFO - [2025-04-02T11:07:52.961+0000] {dagbag.py:588} INFO - Filling up the DagBag from /home/airflow/.local/lib/python3.12/site-packages/airflow/example_dags/example_short_circuit_operator.py
[2025-04-02T11:07:52.969+0000] {processor.py:925} INFO - DAG(s) 'example_short_circuit_operator' retrieved from /home/airflow/.local/lib/python3.12/site-packages/airflow/example_dags/example_short_circuit_operator.py
[2025-04-02T11:07:52.991+0000] {logging_mixin.py:190} INFO - [2025-04-02T11:07:52.991+0000] {dag.py:3239} INFO - Sync 1 DAGs
[2025-04-02T11:07:53.003+0000] {logging_mixin.py:190} INFO - [2025-04-02T11:07:53.002+0000] {dag.py:4180} INFO - Setting next_dagrun for example_short_circuit_operator to None, run_after=None
[2025-04-02T11:07:53.023+0000] {processor.py:208} INFO - Processing /home/airflow/.local/lib/python3.12/site-packages/airflow/example_dags/example_short_circuit_operator.py took 0.071 seconds
[2025-04-02T11:08:24.448+0000] {processor.py:186} INFO - Started process (PID=666) to work on /home/airflow/.local/lib/python3.12/site-packages/airflow/example_dags/example_short_circuit_operator.py
[2025-04-02T11:08:24.449+0000] {processor.py:914} INFO - Processing file /home/airflow/.local/lib/python3.12/site-packages/airflow/example_dags/example_short_circuit_operator.py for tasks to queue
[2025-04-02T11:08:24.453+0000] {logging_mixin.py:190} INFO - [2025-04-02T11:08:24.452+0000] {dagbag.py:588} INFO - Filling up the DagBag from /home/airflow/.local/lib/python3.12/site-packages/airflow/example_dags/example_short_circuit_operator.py
[2025-04-02T11:08:24.462+0000] {processor.py:925} INFO - DAG(s) 'example_short_circuit_operator' retrieved from /home/airflow/.local/lib/python3.12/site-packages/airflow/example_dags/example_short_circuit_operator.py
[2025-04-02T11:08:24.500+0000] {logging_mixin.py:190} INFO - [2025-04-02T11:08:24.499+0000] {dag.py:3239} INFO - Sync 1 DAGs
[2025-04-02T11:08:24.517+0000] {logging_mixin.py:190} INFO - [2025-04-02T11:08:24.516+0000] {dag.py:4180} INFO - Setting next_dagrun for example_short_circuit_operator to None, run_after=None
[2025-04-02T11:08:24.543+0000] {processor.py:208} INFO - Processing /home/airflow/.local/lib/python3.12/site-packages/airflow/example_dags/example_short_circuit_operator.py took 0.101 seconds
[2025-04-02T11:08:55.634+0000] {processor.py:186} INFO - Started process (PID=731) to work on /home/airflow/.local/lib/python3.12/site-packages/airflow/example_dags/example_short_circuit_operator.py
[2025-04-02T11:08:55.636+0000] {processor.py:914} INFO - Processing file /home/airflow/.local/lib/python3.12/site-packages/airflow/example_dags/example_short_circuit_operator.py for tasks to queue
[2025-04-02T11:08:55.640+0000] {logging_mixin.py:190} INFO - [2025-04-02T11:08:55.639+0000] {dagbag.py:588} INFO - Filling up the DagBag from /home/airflow/.local/lib/python3.12/site-packages/airflow/example_dags/example_short_circuit_operator.py
[2025-04-02T11:08:55.649+0000] {processor.py:925} INFO - DAG(s) 'example_short_circuit_operator' retrieved from /home/airflow/.local/lib/python3.12/site-packages/airflow/example_dags/example_short_circuit_operator.py
[2025-04-02T11:08:55.676+0000] {logging_mixin.py:190} INFO - [2025-04-02T11:08:55.675+0000] {dag.py:3239} INFO - Sync 1 DAGs
[2025-04-02T11:08:55.692+0000] {logging_mixin.py:190} INFO - [2025-04-02T11:08:55.691+0000] {dag.py:4180} INFO - Setting next_dagrun for example_short_circuit_operator to None, run_after=None
[2025-04-02T11:08:55.713+0000] {processor.py:208} INFO - Processing /home/airflow/.local/lib/python3.12/site-packages/airflow/example_dags/example_short_circuit_operator.py took 0.086 seconds
[2025-04-02T11:09:26.971+0000] {processor.py:186} INFO - Started process (PID=796) to work on /home/airflow/.local/lib/python3.12/site-packages/airflow/example_dags/example_short_circuit_operator.py
[2025-04-02T11:09:26.973+0000] {processor.py:914} INFO - Processing file /home/airflow/.local/lib/python3.12/site-packages/airflow/example_dags/example_short_circuit_operator.py for tasks to queue
[2025-04-02T11:09:26.977+0000] {logging_mixin.py:190} INFO - [2025-04-02T11:09:26.977+0000] {dagbag.py:588} INFO - Filling up the DagBag from /home/airflow/.local/lib/python3.12/site-packages/airflow/example_dags/example_short_circuit_operator.py
[2025-04-02T11:09:26.986+0000] {processor.py:925} INFO - DAG(s) 'example_short_circuit_operator' retrieved from /home/airflow/.local/lib/python3.12/site-packages/airflow/example_dags/example_short_circuit_operator.py
[2025-04-02T11:09:27.017+0000] {logging_mixin.py:190} INFO - [2025-04-02T11:09:27.017+0000] {dag.py:3239} INFO - Sync 1 DAGs
[2025-04-02T11:09:27.036+0000] {logging_mixin.py:190} INFO - [2025-04-02T11:09:27.036+0000] {dag.py:4180} INFO - Setting next_dagrun for example_short_circuit_operator to None, run_after=None
[2025-04-02T11:09:27.068+0000] {processor.py:208} INFO - Processing /home/airflow/.local/lib/python3.12/site-packages/airflow/example_dags/example_short_circuit_operator.py took 0.103 seconds
[2025-04-02T11:09:57.914+0000] {processor.py:186} INFO - Started process (PID=861) to work on /home/airflow/.local/lib/python3.12/site-packages/airflow/example_dags/example_short_circuit_operator.py
[2025-04-02T11:09:57.916+0000] {processor.py:914} INFO - Processing file /home/airflow/.local/lib/python3.12/site-packages/airflow/example_dags/example_short_circuit_operator.py for tasks to queue
[2025-04-02T11:09:57.919+0000] {logging_mixin.py:190} INFO - [2025-04-02T11:09:57.919+0000] {dagbag.py:588} INFO - Filling up the DagBag from /home/airflow/.local/lib/python3.12/site-packages/airflow/example_dags/example_short_circuit_operator.py
[2025-04-02T11:09:57.929+0000] {processor.py:925} INFO - DAG(s) 'example_short_circuit_operator' retrieved from /home/airflow/.local/lib/python3.12/site-packages/airflow/example_dags/example_short_circuit_operator.py
[2025-04-02T11:09:57.963+0000] {logging_mixin.py:190} INFO - [2025-04-02T11:09:57.963+0000] {dag.py:3239} INFO - Sync 1 DAGs
[2025-04-02T11:09:57.983+0000] {logging_mixin.py:190} INFO - [2025-04-02T11:09:57.983+0000] {dag.py:4180} INFO - Setting next_dagrun for example_short_circuit_operator to None, run_after=None
[2025-04-02T11:09:58.017+0000] {processor.py:208} INFO - Processing /home/airflow/.local/lib/python3.12/site-packages/airflow/example_dags/example_short_circuit_operator.py took 0.109 seconds
[2025-04-02T11:10:28.726+0000] {processor.py:186} INFO - Started process (PID=926) to work on /home/airflow/.local/lib/python3.12/site-packages/airflow/example_dags/example_short_circuit_operator.py
[2025-04-02T11:10:28.728+0000] {processor.py:914} INFO - Processing file /home/airflow/.local/lib/python3.12/site-packages/airflow/example_dags/example_short_circuit_operator.py for tasks to queue
[2025-04-02T11:10:28.732+0000] {logging_mixin.py:190} INFO - [2025-04-02T11:10:28.732+0000] {dagbag.py:588} INFO - Filling up the DagBag from /home/airflow/.local/lib/python3.12/site-packages/airflow/example_dags/example_short_circuit_operator.py
[2025-04-02T11:10:28.744+0000] {processor.py:925} INFO - DAG(s) 'example_short_circuit_operator' retrieved from /home/airflow/.local/lib/python3.12/site-packages/airflow/example_dags/example_short_circuit_operator.py
[2025-04-02T11:10:28.772+0000] {logging_mixin.py:190} INFO - [2025-04-02T11:10:28.772+0000] {dag.py:3239} INFO - Sync 1 DAGs
[2025-04-02T11:10:28.787+0000] {logging_mixin.py:190} INFO - [2025-04-02T11:10:28.787+0000] {dag.py:4180} INFO - Setting next_dagrun for example_short_circuit_operator to None, run_after=None
[2025-04-02T11:10:28.809+0000] {processor.py:208} INFO - Processing /home/airflow/.local/lib/python3.12/site-packages/airflow/example_dags/example_short_circuit_operator.py took 0.089 seconds
[2025-04-02T11:11:00.057+0000] {processor.py:186} INFO - Started process (PID=991) to work on /home/airflow/.local/lib/python3.12/site-packages/airflow/example_dags/example_short_circuit_operator.py
[2025-04-02T11:11:00.061+0000] {processor.py:914} INFO - Processing file /home/airflow/.local/lib/python3.12/site-packages/airflow/example_dags/example_short_circuit_operator.py for tasks to queue
[2025-04-02T11:11:00.066+0000] {logging_mixin.py:190} INFO - [2025-04-02T11:11:00.065+0000] {dagbag.py:588} INFO - Filling up the DagBag from /home/airflow/.local/lib/python3.12/site-packages/airflow/example_dags/example_short_circuit_operator.py
[2025-04-02T11:11:00.083+0000] {processor.py:925} INFO - DAG(s) 'example_short_circuit_operator' retrieved from /home/airflow/.local/lib/python3.12/site-packages/airflow/example_dags/example_short_circuit_operator.py
[2025-04-02T11:11:00.119+0000] {logging_mixin.py:190} INFO - [2025-04-02T11:11:00.119+0000] {dag.py:3239} INFO - Sync 1 DAGs
[2025-04-02T11:11:00.141+0000] {logging_mixin.py:190} INFO - [2025-04-02T11:11:00.141+0000] {dag.py:4180} INFO - Setting next_dagrun for example_short_circuit_operator to None, run_after=None
[2025-04-02T11:11:00.171+0000] {processor.py:208} INFO - Processing /home/airflow/.local/lib/python3.12/site-packages/airflow/example_dags/example_short_circuit_operator.py took 0.125 seconds
[2025-04-02T11:11:31.425+0000] {processor.py:186} INFO - Started process (PID=1055) to work on /home/airflow/.local/lib/python3.12/site-packages/airflow/example_dags/example_short_circuit_operator.py
[2025-04-02T11:11:31.427+0000] {processor.py:914} INFO - Processing file /home/airflow/.local/lib/python3.12/site-packages/airflow/example_dags/example_short_circuit_operator.py for tasks to queue
[2025-04-02T11:11:31.432+0000] {logging_mixin.py:190} INFO - [2025-04-02T11:11:31.431+0000] {dagbag.py:588} INFO - Filling up the DagBag from /home/airflow/.local/lib/python3.12/site-packages/airflow/example_dags/example_short_circuit_operator.py
[2025-04-02T11:11:31.442+0000] {processor.py:925} INFO - DAG(s) 'example_short_circuit_operator' retrieved from /home/airflow/.local/lib/python3.12/site-packages/airflow/example_dags/example_short_circuit_operator.py
[2025-04-02T11:11:31.490+0000] {logging_mixin.py:190} INFO - [2025-04-02T11:11:31.489+0000] {dag.py:3239} INFO - Sync 1 DAGs
[2025-04-02T11:11:31.522+0000] {logging_mixin.py:190} INFO - [2025-04-02T11:11:31.522+0000] {dag.py:4180} INFO - Setting next_dagrun for example_short_circuit_operator to None, run_after=None
[2025-04-02T11:11:31.565+0000] {processor.py:208} INFO - Processing /home/airflow/.local/lib/python3.12/site-packages/airflow/example_dags/example_short_circuit_operator.py took 0.145 seconds
[2025-04-02T11:12:02.859+0000] {processor.py:186} INFO - Started process (PID=1120) to work on /home/airflow/.local/lib/python3.12/site-packages/airflow/example_dags/example_short_circuit_operator.py
[2025-04-02T11:12:02.862+0000] {processor.py:914} INFO - Processing file /home/airflow/.local/lib/python3.12/site-packages/airflow/example_dags/example_short_circuit_operator.py for tasks to queue
[2025-04-02T11:12:02.865+0000] {logging_mixin.py:190} INFO - [2025-04-02T11:12:02.865+0000] {dagbag.py:588} INFO - Filling up the DagBag from /home/airflow/.local/lib/python3.12/site-packages/airflow/example_dags/example_short_circuit_operator.py
[2025-04-02T11:12:02.874+0000] {processor.py:925} INFO - DAG(s) 'example_short_circuit_operator' retrieved from /home/airflow/.local/lib/python3.12/site-packages/airflow/example_dags/example_short_circuit_operator.py
[2025-04-02T11:12:02.903+0000] {logging_mixin.py:190} INFO - [2025-04-02T11:12:02.903+0000] {dag.py:3239} INFO - Sync 1 DAGs
[2025-04-02T11:12:02.917+0000] {logging_mixin.py:190} INFO - [2025-04-02T11:12:02.916+0000] {dag.py:4180} INFO - Setting next_dagrun for example_short_circuit_operator to None, run_after=None
[2025-04-02T11:12:02.938+0000] {processor.py:208} INFO - Processing /home/airflow/.local/lib/python3.12/site-packages/airflow/example_dags/example_short_circuit_operator.py took 0.085 seconds
[2025-04-02T11:12:34.385+0000] {processor.py:186} INFO - Started process (PID=1185) to work on /home/airflow/.local/lib/python3.12/site-packages/airflow/example_dags/example_short_circuit_operator.py
[2025-04-02T11:12:34.388+0000] {processor.py:914} INFO - Processing file /home/airflow/.local/lib/python3.12/site-packages/airflow/example_dags/example_short_circuit_operator.py for tasks to queue
[2025-04-02T11:12:34.393+0000] {logging_mixin.py:190} INFO - [2025-04-02T11:12:34.392+0000] {dagbag.py:588} INFO - Filling up the DagBag from /home/airflow/.local/lib/python3.12/site-packages/airflow/example_dags/example_short_circuit_operator.py
[2025-04-02T11:12:34.402+0000] {processor.py:925} INFO - DAG(s) 'example_short_circuit_operator' retrieved from /home/airflow/.local/lib/python3.12/site-packages/airflow/example_dags/example_short_circuit_operator.py
[2025-04-02T11:12:34.439+0000] {logging_mixin.py:190} INFO - [2025-04-02T11:12:34.438+0000] {dag.py:3239} INFO - Sync 1 DAGs
[2025-04-02T11:12:34.460+0000] {logging_mixin.py:190} INFO - [2025-04-02T11:12:34.460+0000] {dag.py:4180} INFO - Setting next_dagrun for example_short_circuit_operator to None, run_after=None
[2025-04-02T11:12:34.506+0000] {processor.py:208} INFO - Processing /home/airflow/.local/lib/python3.12/site-packages/airflow/example_dags/example_short_circuit_operator.py took 0.127 seconds
[2025-04-02T11:13:05.813+0000] {processor.py:186} INFO - Started process (PID=1251) to work on /home/airflow/.local/lib/python3.12/site-packages/airflow/example_dags/example_short_circuit_operator.py
[2025-04-02T11:13:05.815+0000] {processor.py:914} INFO - Processing file /home/airflow/.local/lib/python3.12/site-packages/airflow/example_dags/example_short_circuit_operator.py for tasks to queue
[2025-04-02T11:13:05.819+0000] {logging_mixin.py:190} INFO - [2025-04-02T11:13:05.818+0000] {dagbag.py:588} INFO - Filling up the DagBag from /home/airflow/.local/lib/python3.12/site-packages/airflow/example_dags/example_short_circuit_operator.py
[2025-04-02T11:13:05.828+0000] {processor.py:925} INFO - DAG(s) 'example_short_circuit_operator' retrieved from /home/airflow/.local/lib/python3.12/site-packages/airflow/example_dags/example_short_circuit_operator.py
[2025-04-02T11:13:05.852+0000] {logging_mixin.py:190} INFO - [2025-04-02T11:13:05.852+0000] {dag.py:3239} INFO - Sync 1 DAGs
[2025-04-02T11:13:05.866+0000] {logging_mixin.py:190} INFO - [2025-04-02T11:13:05.866+0000] {dag.py:4180} INFO - Setting next_dagrun for example_short_circuit_operator to None, run_after=None
[2025-04-02T11:13:05.886+0000] {processor.py:208} INFO - Processing /home/airflow/.local/lib/python3.12/site-packages/airflow/example_dags/example_short_circuit_operator.py took 0.078 seconds
[2025-04-02T11:13:36.946+0000] {processor.py:186} INFO - Started process (PID=1316) to work on /home/airflow/.local/lib/python3.12/site-packages/airflow/example_dags/example_short_circuit_operator.py
[2025-04-02T11:13:36.949+0000] {processor.py:914} INFO - Processing file /home/airflow/.local/lib/python3.12/site-packages/airflow/example_dags/example_short_circuit_operator.py for tasks to queue
[2025-04-02T11:13:36.952+0000] {logging_mixin.py:190} INFO - [2025-04-02T11:13:36.952+0000] {dagbag.py:588} INFO - Filling up the DagBag from /home/airflow/.local/lib/python3.12/site-packages/airflow/example_dags/example_short_circuit_operator.py
[2025-04-02T11:13:36.961+0000] {processor.py:925} INFO - DAG(s) 'example_short_circuit_operator' retrieved from /home/airflow/.local/lib/python3.12/site-packages/airflow/example_dags/example_short_circuit_operator.py
[2025-04-02T11:13:36.986+0000] {logging_mixin.py:190} INFO - [2025-04-02T11:13:36.985+0000] {dag.py:3239} INFO - Sync 1 DAGs
[2025-04-02T11:13:36.999+0000] {logging_mixin.py:190} INFO - [2025-04-02T11:13:36.999+0000] {dag.py:4180} INFO - Setting next_dagrun for example_short_circuit_operator to None, run_after=None
[2025-04-02T11:13:37.020+0000] {processor.py:208} INFO - Processing /home/airflow/.local/lib/python3.12/site-packages/airflow/example_dags/example_short_circuit_operator.py took 0.079 seconds
[2025-04-02T11:14:08.119+0000] {processor.py:186} INFO - Started process (PID=1381) to work on /home/airflow/.local/lib/python3.12/site-packages/airflow/example_dags/example_short_circuit_operator.py
[2025-04-02T11:14:08.121+0000] {processor.py:914} INFO - Processing file /home/airflow/.local/lib/python3.12/site-packages/airflow/example_dags/example_short_circuit_operator.py for tasks to queue
[2025-04-02T11:14:08.123+0000] {logging_mixin.py:190} INFO - [2025-04-02T11:14:08.123+0000] {dagbag.py:588} INFO - Filling up the DagBag from /home/airflow/.local/lib/python3.12/site-packages/airflow/example_dags/example_short_circuit_operator.py
[2025-04-02T11:14:08.132+0000] {processor.py:925} INFO - DAG(s) 'example_short_circuit_operator' retrieved from /home/airflow/.local/lib/python3.12/site-packages/airflow/example_dags/example_short_circuit_operator.py
[2025-04-02T11:14:08.154+0000] {logging_mixin.py:190} INFO - [2025-04-02T11:14:08.154+0000] {dag.py:3239} INFO - Sync 1 DAGs
[2025-04-02T11:14:08.171+0000] {logging_mixin.py:190} INFO - [2025-04-02T11:14:08.170+0000] {dag.py:4180} INFO - Setting next_dagrun for example_short_circuit_operator to None, run_after=None
[2025-04-02T11:14:08.193+0000] {processor.py:208} INFO - Processing /home/airflow/.local/lib/python3.12/site-packages/airflow/example_dags/example_short_circuit_operator.py took 0.083 seconds
[2025-04-02T11:14:39.387+0000] {processor.py:186} INFO - Started process (PID=1446) to work on /home/airflow/.local/lib/python3.12/site-packages/airflow/example_dags/example_short_circuit_operator.py
[2025-04-02T11:14:39.390+0000] {processor.py:914} INFO - Processing file /home/airflow/.local/lib/python3.12/site-packages/airflow/example_dags/example_short_circuit_operator.py for tasks to queue
[2025-04-02T11:14:39.397+0000] {logging_mixin.py:190} INFO - [2025-04-02T11:14:39.396+0000] {dagbag.py:588} INFO - Filling up the DagBag from /home/airflow/.local/lib/python3.12/site-packages/airflow/example_dags/example_short_circuit_operator.py
[2025-04-02T11:14:39.406+0000] {processor.py:925} INFO - DAG(s) 'example_short_circuit_operator' retrieved from /home/airflow/.local/lib/python3.12/site-packages/airflow/example_dags/example_short_circuit_operator.py
[2025-04-02T11:14:39.443+0000] {logging_mixin.py:190} INFO - [2025-04-02T11:14:39.442+0000] {dag.py:3239} INFO - Sync 1 DAGs
[2025-04-02T11:14:39.466+0000] {logging_mixin.py:190} INFO - [2025-04-02T11:14:39.466+0000] {dag.py:4180} INFO - Setting next_dagrun for example_short_circuit_operator to None, run_after=None
[2025-04-02T11:14:39.498+0000] {processor.py:208} INFO - Processing /home/airflow/.local/lib/python3.12/site-packages/airflow/example_dags/example_short_circuit_operator.py took 0.118 seconds
[2025-04-02T11:15:10.894+0000] {processor.py:186} INFO - Started process (PID=1511) to work on /home/airflow/.local/lib/python3.12/site-packages/airflow/example_dags/example_short_circuit_operator.py
[2025-04-02T11:15:10.896+0000] {processor.py:914} INFO - Processing file /home/airflow/.local/lib/python3.12/site-packages/airflow/example_dags/example_short_circuit_operator.py for tasks to queue
[2025-04-02T11:15:10.899+0000] {logging_mixin.py:190} INFO - [2025-04-02T11:15:10.899+0000] {dagbag.py:588} INFO - Filling up the DagBag from /home/airflow/.local/lib/python3.12/site-packages/airflow/example_dags/example_short_circuit_operator.py
[2025-04-02T11:15:10.908+0000] {processor.py:925} INFO - DAG(s) 'example_short_circuit_operator' retrieved from /home/airflow/.local/lib/python3.12/site-packages/airflow/example_dags/example_short_circuit_operator.py
[2025-04-02T11:15:10.937+0000] {logging_mixin.py:190} INFO - [2025-04-02T11:15:10.936+0000] {dag.py:3239} INFO - Sync 1 DAGs
[2025-04-02T11:15:10.952+0000] {logging_mixin.py:190} INFO - [2025-04-02T11:15:10.951+0000] {dag.py:4180} INFO - Setting next_dagrun for example_short_circuit_operator to None, run_after=None
[2025-04-02T11:15:10.974+0000] {processor.py:208} INFO - Processing /home/airflow/.local/lib/python3.12/site-packages/airflow/example_dags/example_short_circuit_operator.py took 0.086 seconds
[2025-04-02T11:15:42.082+0000] {processor.py:186} INFO - Started process (PID=1577) to work on /home/airflow/.local/lib/python3.12/site-packages/airflow/example_dags/example_short_circuit_operator.py
[2025-04-02T11:15:42.087+0000] {processor.py:914} INFO - Processing file /home/airflow/.local/lib/python3.12/site-packages/airflow/example_dags/example_short_circuit_operator.py for tasks to queue
[2025-04-02T11:15:42.095+0000] {logging_mixin.py:190} INFO - [2025-04-02T11:15:42.094+0000] {dagbag.py:588} INFO - Filling up the DagBag from /home/airflow/.local/lib/python3.12/site-packages/airflow/example_dags/example_short_circuit_operator.py
[2025-04-02T11:15:42.118+0000] {processor.py:925} INFO - DAG(s) 'example_short_circuit_operator' retrieved from /home/airflow/.local/lib/python3.12/site-packages/airflow/example_dags/example_short_circuit_operator.py
[2025-04-02T11:15:42.156+0000] {logging_mixin.py:190} INFO - [2025-04-02T11:15:42.156+0000] {dag.py:3239} INFO - Sync 1 DAGs
[2025-04-02T11:15:42.173+0000] {logging_mixin.py:190} INFO - [2025-04-02T11:15:42.173+0000] {dag.py:4180} INFO - Setting next_dagrun for example_short_circuit_operator to None, run_after=None
[2025-04-02T11:15:42.215+0000] {processor.py:208} INFO - Processing /home/airflow/.local/lib/python3.12/site-packages/airflow/example_dags/example_short_circuit_operator.py took 0.151 seconds
[2025-04-02T11:16:12.788+0000] {processor.py:186} INFO - Started process (PID=1641) to work on /home/airflow/.local/lib/python3.12/site-packages/airflow/example_dags/example_short_circuit_operator.py
[2025-04-02T11:16:12.791+0000] {processor.py:914} INFO - Processing file /home/airflow/.local/lib/python3.12/site-packages/airflow/example_dags/example_short_circuit_operator.py for tasks to queue
[2025-04-02T11:16:12.797+0000] {logging_mixin.py:190} INFO - [2025-04-02T11:16:12.796+0000] {dagbag.py:588} INFO - Filling up the DagBag from /home/airflow/.local/lib/python3.12/site-packages/airflow/example_dags/example_short_circuit_operator.py
[2025-04-02T11:16:12.805+0000] {processor.py:925} INFO - DAG(s) 'example_short_circuit_operator' retrieved from /home/airflow/.local/lib/python3.12/site-packages/airflow/example_dags/example_short_circuit_operator.py
[2025-04-02T11:16:12.831+0000] {logging_mixin.py:190} INFO - [2025-04-02T11:16:12.831+0000] {dag.py:3239} INFO - Sync 1 DAGs
[2025-04-02T11:16:12.845+0000] {logging_mixin.py:190} INFO - [2025-04-02T11:16:12.845+0000] {dag.py:4180} INFO - Setting next_dagrun for example_short_circuit_operator to None, run_after=None
[2025-04-02T11:16:12.867+0000] {processor.py:208} INFO - Processing /home/airflow/.local/lib/python3.12/site-packages/airflow/example_dags/example_short_circuit_operator.py took 0.085 seconds
[2025-04-02T11:16:43.626+0000] {processor.py:186} INFO - Started process (PID=1707) to work on /home/airflow/.local/lib/python3.12/site-packages/airflow/example_dags/example_short_circuit_operator.py
[2025-04-02T11:16:43.628+0000] {processor.py:914} INFO - Processing file /home/airflow/.local/lib/python3.12/site-packages/airflow/example_dags/example_short_circuit_operator.py for tasks to queue
[2025-04-02T11:16:43.632+0000] {logging_mixin.py:190} INFO - [2025-04-02T11:16:43.631+0000] {dagbag.py:588} INFO - Filling up the DagBag from /home/airflow/.local/lib/python3.12/site-packages/airflow/example_dags/example_short_circuit_operator.py
[2025-04-02T11:16:43.640+0000] {processor.py:925} INFO - DAG(s) 'example_short_circuit_operator' retrieved from /home/airflow/.local/lib/python3.12/site-packages/airflow/example_dags/example_short_circuit_operator.py
[2025-04-02T11:16:43.665+0000] {logging_mixin.py:190} INFO - [2025-04-02T11:16:43.665+0000] {dag.py:3239} INFO - Sync 1 DAGs
[2025-04-02T11:16:43.680+0000] {logging_mixin.py:190} INFO - [2025-04-02T11:16:43.679+0000] {dag.py:4180} INFO - Setting next_dagrun for example_short_circuit_operator to None, run_after=None
[2025-04-02T11:16:43.708+0000] {processor.py:208} INFO - Processing /home/airflow/.local/lib/python3.12/site-packages/airflow/example_dags/example_short_circuit_operator.py took 0.087 seconds
[2025-04-02T11:17:14.584+0000] {processor.py:186} INFO - Started process (PID=1771) to work on /home/airflow/.local/lib/python3.12/site-packages/airflow/example_dags/example_short_circuit_operator.py
[2025-04-02T11:17:14.585+0000] {processor.py:914} INFO - Processing file /home/airflow/.local/lib/python3.12/site-packages/airflow/example_dags/example_short_circuit_operator.py for tasks to queue
[2025-04-02T11:17:14.588+0000] {logging_mixin.py:190} INFO - [2025-04-02T11:17:14.588+0000] {dagbag.py:588} INFO - Filling up the DagBag from /home/airflow/.local/lib/python3.12/site-packages/airflow/example_dags/example_short_circuit_operator.py
[2025-04-02T11:17:14.598+0000] {processor.py:925} INFO - DAG(s) 'example_short_circuit_operator' retrieved from /home/airflow/.local/lib/python3.12/site-packages/airflow/example_dags/example_short_circuit_operator.py
[2025-04-02T11:17:14.621+0000] {logging_mixin.py:190} INFO - [2025-04-02T11:17:14.620+0000] {dag.py:3239} INFO - Sync 1 DAGs
[2025-04-02T11:17:14.634+0000] {logging_mixin.py:190} INFO - [2025-04-02T11:17:14.634+0000] {dag.py:4180} INFO - Setting next_dagrun for example_short_circuit_operator to None, run_after=None
[2025-04-02T11:17:14.655+0000] {processor.py:208} INFO - Processing /home/airflow/.local/lib/python3.12/site-packages/airflow/example_dags/example_short_circuit_operator.py took 0.077 seconds
[2025-04-02T11:17:46.533+0000] {processor.py:186} INFO - Started process (PID=1837) to work on /home/airflow/.local/lib/python3.12/site-packages/airflow/example_dags/example_short_circuit_operator.py
[2025-04-02T11:17:46.535+0000] {processor.py:914} INFO - Processing file /home/airflow/.local/lib/python3.12/site-packages/airflow/example_dags/example_short_circuit_operator.py for tasks to queue
[2025-04-02T11:17:46.538+0000] {logging_mixin.py:190} INFO - [2025-04-02T11:17:46.537+0000] {dagbag.py:588} INFO - Filling up the DagBag from /home/airflow/.local/lib/python3.12/site-packages/airflow/example_dags/example_short_circuit_operator.py
[2025-04-02T11:17:46.545+0000] {processor.py:925} INFO - DAG(s) 'example_short_circuit_operator' retrieved from /home/airflow/.local/lib/python3.12/site-packages/airflow/example_dags/example_short_circuit_operator.py
[2025-04-02T11:17:46.573+0000] {logging_mixin.py:190} INFO - [2025-04-02T11:17:46.572+0000] {dag.py:3239} INFO - Sync 1 DAGs
[2025-04-02T11:17:46.588+0000] {logging_mixin.py:190} INFO - [2025-04-02T11:17:46.587+0000] {dag.py:4180} INFO - Setting next_dagrun for example_short_circuit_operator to None, run_after=None
[2025-04-02T11:17:46.616+0000] {processor.py:208} INFO - Processing /home/airflow/.local/lib/python3.12/site-packages/airflow/example_dags/example_short_circuit_operator.py took 0.087 seconds
[2025-04-02T11:18:17.536+0000] {processor.py:186} INFO - Started process (PID=1901) to work on /home/airflow/.local/lib/python3.12/site-packages/airflow/example_dags/example_short_circuit_operator.py
[2025-04-02T11:18:17.538+0000] {processor.py:914} INFO - Processing file /home/airflow/.local/lib/python3.12/site-packages/airflow/example_dags/example_short_circuit_operator.py for tasks to queue
[2025-04-02T11:18:17.541+0000] {logging_mixin.py:190} INFO - [2025-04-02T11:18:17.541+0000] {dagbag.py:588} INFO - Filling up the DagBag from /home/airflow/.local/lib/python3.12/site-packages/airflow/example_dags/example_short_circuit_operator.py
[2025-04-02T11:18:17.550+0000] {processor.py:925} INFO - DAG(s) 'example_short_circuit_operator' retrieved from /home/airflow/.local/lib/python3.12/site-packages/airflow/example_dags/example_short_circuit_operator.py
[2025-04-02T11:18:17.578+0000] {logging_mixin.py:190} INFO - [2025-04-02T11:18:17.578+0000] {dag.py:3239} INFO - Sync 1 DAGs
[2025-04-02T11:18:17.593+0000] {logging_mixin.py:190} INFO - [2025-04-02T11:18:17.593+0000] {dag.py:4180} INFO - Setting next_dagrun for example_short_circuit_operator to None, run_after=None
[2025-04-02T11:18:17.615+0000] {processor.py:208} INFO - Processing /home/airflow/.local/lib/python3.12/site-packages/airflow/example_dags/example_short_circuit_operator.py took 0.083 seconds
[2025-04-02T11:18:48.530+0000] {processor.py:186} INFO - Started process (PID=1967) to work on /home/airflow/.local/lib/python3.12/site-packages/airflow/example_dags/example_short_circuit_operator.py
[2025-04-02T11:18:48.532+0000] {processor.py:914} INFO - Processing file /home/airflow/.local/lib/python3.12/site-packages/airflow/example_dags/example_short_circuit_operator.py for tasks to queue
[2025-04-02T11:18:48.536+0000] {logging_mixin.py:190} INFO - [2025-04-02T11:18:48.535+0000] {dagbag.py:588} INFO - Filling up the DagBag from /home/airflow/.local/lib/python3.12/site-packages/airflow/example_dags/example_short_circuit_operator.py
[2025-04-02T11:18:48.545+0000] {processor.py:925} INFO - DAG(s) 'example_short_circuit_operator' retrieved from /home/airflow/.local/lib/python3.12/site-packages/airflow/example_dags/example_short_circuit_operator.py
[2025-04-02T11:18:48.572+0000] {logging_mixin.py:190} INFO - [2025-04-02T11:18:48.571+0000] {dag.py:3239} INFO - Sync 1 DAGs
[2025-04-02T11:18:48.585+0000] {logging_mixin.py:190} INFO - [2025-04-02T11:18:48.585+0000] {dag.py:4180} INFO - Setting next_dagrun for example_short_circuit_operator to None, run_after=None
[2025-04-02T11:18:48.611+0000] {processor.py:208} INFO - Processing /home/airflow/.local/lib/python3.12/site-packages/airflow/example_dags/example_short_circuit_operator.py took 0.087 seconds
[2025-04-02T11:19:19.384+0000] {processor.py:186} INFO - Started process (PID=2033) to work on /home/airflow/.local/lib/python3.12/site-packages/airflow/example_dags/example_short_circuit_operator.py
[2025-04-02T11:19:19.386+0000] {processor.py:914} INFO - Processing file /home/airflow/.local/lib/python3.12/site-packages/airflow/example_dags/example_short_circuit_operator.py for tasks to queue
[2025-04-02T11:19:19.391+0000] {logging_mixin.py:190} INFO - [2025-04-02T11:19:19.390+0000] {dagbag.py:588} INFO - Filling up the DagBag from /home/airflow/.local/lib/python3.12/site-packages/airflow/example_dags/example_short_circuit_operator.py
[2025-04-02T11:19:19.401+0000] {processor.py:925} INFO - DAG(s) 'example_short_circuit_operator' retrieved from /home/airflow/.local/lib/python3.12/site-packages/airflow/example_dags/example_short_circuit_operator.py
[2025-04-02T11:19:19.424+0000] {logging_mixin.py:190} INFO - [2025-04-02T11:19:19.423+0000] {dag.py:3239} INFO - Sync 1 DAGs
[2025-04-02T11:19:19.437+0000] {logging_mixin.py:190} INFO - [2025-04-02T11:19:19.436+0000] {dag.py:4180} INFO - Setting next_dagrun for example_short_circuit_operator to None, run_after=None
[2025-04-02T11:19:19.456+0000] {processor.py:208} INFO - Processing /home/airflow/.local/lib/python3.12/site-packages/airflow/example_dags/example_short_circuit_operator.py took 0.081 seconds
[2025-04-02T11:19:50.363+0000] {processor.py:186} INFO - Started process (PID=2098) to work on /home/airflow/.local/lib/python3.12/site-packages/airflow/example_dags/example_short_circuit_operator.py
[2025-04-02T11:19:50.365+0000] {processor.py:914} INFO - Processing file /home/airflow/.local/lib/python3.12/site-packages/airflow/example_dags/example_short_circuit_operator.py for tasks to queue
[2025-04-02T11:19:50.368+0000] {logging_mixin.py:190} INFO - [2025-04-02T11:19:50.368+0000] {dagbag.py:588} INFO - Filling up the DagBag from /home/airflow/.local/lib/python3.12/site-packages/airflow/example_dags/example_short_circuit_operator.py
[2025-04-02T11:19:50.378+0000] {processor.py:925} INFO - DAG(s) 'example_short_circuit_operator' retrieved from /home/airflow/.local/lib/python3.12/site-packages/airflow/example_dags/example_short_circuit_operator.py
[2025-04-02T11:19:50.406+0000] {logging_mixin.py:190} INFO - [2025-04-02T11:19:50.406+0000] {dag.py:3239} INFO - Sync 1 DAGs
[2025-04-02T11:19:50.420+0000] {logging_mixin.py:190} INFO - [2025-04-02T11:19:50.420+0000] {dag.py:4180} INFO - Setting next_dagrun for example_short_circuit_operator to None, run_after=None
[2025-04-02T11:19:50.444+0000] {processor.py:208} INFO - Processing /home/airflow/.local/lib/python3.12/site-packages/airflow/example_dags/example_short_circuit_operator.py took 0.087 seconds
[2025-04-02T11:20:21.378+0000] {processor.py:186} INFO - Started process (PID=2168) to work on /home/airflow/.local/lib/python3.12/site-packages/airflow/example_dags/example_short_circuit_operator.py
[2025-04-02T11:20:21.381+0000] {processor.py:914} INFO - Processing file /home/airflow/.local/lib/python3.12/site-packages/airflow/example_dags/example_short_circuit_operator.py for tasks to queue
[2025-04-02T11:20:21.387+0000] {logging_mixin.py:190} INFO - [2025-04-02T11:20:21.386+0000] {dagbag.py:588} INFO - Filling up the DagBag from /home/airflow/.local/lib/python3.12/site-packages/airflow/example_dags/example_short_circuit_operator.py
[2025-04-02T11:20:21.400+0000] {processor.py:925} INFO - DAG(s) 'example_short_circuit_operator' retrieved from /home/airflow/.local/lib/python3.12/site-packages/airflow/example_dags/example_short_circuit_operator.py
[2025-04-02T11:20:21.424+0000] {logging_mixin.py:190} INFO - [2025-04-02T11:20:21.423+0000] {dag.py:3239} INFO - Sync 1 DAGs
[2025-04-02T11:20:21.440+0000] {logging_mixin.py:190} INFO - [2025-04-02T11:20:21.439+0000] {dag.py:4180} INFO - Setting next_dagrun for example_short_circuit_operator to None, run_after=None
[2025-04-02T11:20:21.472+0000] {processor.py:208} INFO - Processing /home/airflow/.local/lib/python3.12/site-packages/airflow/example_dags/example_short_circuit_operator.py took 0.102 seconds
[2025-04-02T11:20:52.550+0000] {processor.py:186} INFO - Started process (PID=2234) to work on /home/airflow/.local/lib/python3.12/site-packages/airflow/example_dags/example_short_circuit_operator.py
[2025-04-02T11:20:52.552+0000] {processor.py:914} INFO - Processing file /home/airflow/.local/lib/python3.12/site-packages/airflow/example_dags/example_short_circuit_operator.py for tasks to queue
[2025-04-02T11:20:52.555+0000] {logging_mixin.py:190} INFO - [2025-04-02T11:20:52.555+0000] {dagbag.py:588} INFO - Filling up the DagBag from /home/airflow/.local/lib/python3.12/site-packages/airflow/example_dags/example_short_circuit_operator.py
[2025-04-02T11:20:52.566+0000] {processor.py:925} INFO - DAG(s) 'example_short_circuit_operator' retrieved from /home/airflow/.local/lib/python3.12/site-packages/airflow/example_dags/example_short_circuit_operator.py
[2025-04-02T11:20:52.602+0000] {logging_mixin.py:190} INFO - [2025-04-02T11:20:52.602+0000] {dag.py:3239} INFO - Sync 1 DAGs
[2025-04-02T11:20:52.621+0000] {logging_mixin.py:190} INFO - [2025-04-02T11:20:52.621+0000] {dag.py:4180} INFO - Setting next_dagrun for example_short_circuit_operator to None, run_after=None
[2025-04-02T11:20:52.648+0000] {processor.py:208} INFO - Processing /home/airflow/.local/lib/python3.12/site-packages/airflow/example_dags/example_short_circuit_operator.py took 0.103 seconds
[2025-04-02T11:21:24.029+0000] {processor.py:186} INFO - Started process (PID=2299) to work on /home/airflow/.local/lib/python3.12/site-packages/airflow/example_dags/example_short_circuit_operator.py
[2025-04-02T11:21:24.032+0000] {processor.py:914} INFO - Processing file /home/airflow/.local/lib/python3.12/site-packages/airflow/example_dags/example_short_circuit_operator.py for tasks to queue
[2025-04-02T11:21:24.037+0000] {logging_mixin.py:190} INFO - [2025-04-02T11:21:24.036+0000] {dagbag.py:588} INFO - Filling up the DagBag from /home/airflow/.local/lib/python3.12/site-packages/airflow/example_dags/example_short_circuit_operator.py
[2025-04-02T11:21:24.048+0000] {processor.py:925} INFO - DAG(s) 'example_short_circuit_operator' retrieved from /home/airflow/.local/lib/python3.12/site-packages/airflow/example_dags/example_short_circuit_operator.py
[2025-04-02T11:21:24.079+0000] {logging_mixin.py:190} INFO - [2025-04-02T11:21:24.078+0000] {dag.py:3239} INFO - Sync 1 DAGs
[2025-04-02T11:21:24.100+0000] {logging_mixin.py:190} INFO - [2025-04-02T11:21:24.100+0000] {dag.py:4180} INFO - Setting next_dagrun for example_short_circuit_operator to None, run_after=None
[2025-04-02T11:21:24.129+0000] {processor.py:208} INFO - Processing /home/airflow/.local/lib/python3.12/site-packages/airflow/example_dags/example_short_circuit_operator.py took 0.108 seconds
[2025-04-02T11:21:54.970+0000] {processor.py:186} INFO - Started process (PID=2364) to work on /home/airflow/.local/lib/python3.12/site-packages/airflow/example_dags/example_short_circuit_operator.py
[2025-04-02T11:21:54.972+0000] {processor.py:914} INFO - Processing file /home/airflow/.local/lib/python3.12/site-packages/airflow/example_dags/example_short_circuit_operator.py for tasks to queue
[2025-04-02T11:21:54.975+0000] {logging_mixin.py:190} INFO - [2025-04-02T11:21:54.974+0000] {dagbag.py:588} INFO - Filling up the DagBag from /home/airflow/.local/lib/python3.12/site-packages/airflow/example_dags/example_short_circuit_operator.py
[2025-04-02T11:21:54.982+0000] {processor.py:925} INFO - DAG(s) 'example_short_circuit_operator' retrieved from /home/airflow/.local/lib/python3.12/site-packages/airflow/example_dags/example_short_circuit_operator.py
[2025-04-02T11:21:55.010+0000] {logging_mixin.py:190} INFO - [2025-04-02T11:21:55.009+0000] {dag.py:3239} INFO - Sync 1 DAGs
[2025-04-02T11:21:55.023+0000] {logging_mixin.py:190} INFO - [2025-04-02T11:21:55.023+0000] {dag.py:4180} INFO - Setting next_dagrun for example_short_circuit_operator to None, run_after=None
[2025-04-02T11:21:55.046+0000] {processor.py:208} INFO - Processing /home/airflow/.local/lib/python3.12/site-packages/airflow/example_dags/example_short_circuit_operator.py took 0.081 seconds
[2025-04-02T11:22:25.962+0000] {processor.py:186} INFO - Started process (PID=2430) to work on /home/airflow/.local/lib/python3.12/site-packages/airflow/example_dags/example_short_circuit_operator.py
[2025-04-02T11:22:25.966+0000] {processor.py:914} INFO - Processing file /home/airflow/.local/lib/python3.12/site-packages/airflow/example_dags/example_short_circuit_operator.py for tasks to queue
[2025-04-02T11:22:25.973+0000] {logging_mixin.py:190} INFO - [2025-04-02T11:22:25.972+0000] {dagbag.py:588} INFO - Filling up the DagBag from /home/airflow/.local/lib/python3.12/site-packages/airflow/example_dags/example_short_circuit_operator.py
[2025-04-02T11:22:25.996+0000] {processor.py:925} INFO - DAG(s) 'example_short_circuit_operator' retrieved from /home/airflow/.local/lib/python3.12/site-packages/airflow/example_dags/example_short_circuit_operator.py
[2025-04-02T11:22:26.054+0000] {logging_mixin.py:190} INFO - [2025-04-02T11:22:26.053+0000] {dag.py:3239} INFO - Sync 1 DAGs
[2025-04-02T11:22:26.074+0000] {logging_mixin.py:190} INFO - [2025-04-02T11:22:26.073+0000] {dag.py:4180} INFO - Setting next_dagrun for example_short_circuit_operator to None, run_after=None
[2025-04-02T11:22:26.124+0000] {processor.py:208} INFO - Processing /home/airflow/.local/lib/python3.12/site-packages/airflow/example_dags/example_short_circuit_operator.py took 0.177 seconds
[2025-04-02T11:22:57.528+0000] {processor.py:186} INFO - Started process (PID=2495) to work on /home/airflow/.local/lib/python3.12/site-packages/airflow/example_dags/example_short_circuit_operator.py
[2025-04-02T11:22:57.530+0000] {processor.py:914} INFO - Processing file /home/airflow/.local/lib/python3.12/site-packages/airflow/example_dags/example_short_circuit_operator.py for tasks to queue
[2025-04-02T11:22:57.533+0000] {logging_mixin.py:190} INFO - [2025-04-02T11:22:57.533+0000] {dagbag.py:588} INFO - Filling up the DagBag from /home/airflow/.local/lib/python3.12/site-packages/airflow/example_dags/example_short_circuit_operator.py
[2025-04-02T11:22:57.543+0000] {processor.py:925} INFO - DAG(s) 'example_short_circuit_operator' retrieved from /home/airflow/.local/lib/python3.12/site-packages/airflow/example_dags/example_short_circuit_operator.py
[2025-04-02T11:22:57.570+0000] {logging_mixin.py:190} INFO - [2025-04-02T11:22:57.570+0000] {dag.py:3239} INFO - Sync 1 DAGs
[2025-04-02T11:22:57.585+0000] {logging_mixin.py:190} INFO - [2025-04-02T11:22:57.585+0000] {dag.py:4180} INFO - Setting next_dagrun for example_short_circuit_operator to None, run_after=None
[2025-04-02T11:22:57.608+0000] {processor.py:208} INFO - Processing /home/airflow/.local/lib/python3.12/site-packages/airflow/example_dags/example_short_circuit_operator.py took 0.085 seconds
[2025-04-02T11:23:29.388+0000] {processor.py:186} INFO - Started process (PID=2560) to work on /home/airflow/.local/lib/python3.12/site-packages/airflow/example_dags/example_short_circuit_operator.py
[2025-04-02T11:23:29.391+0000] {processor.py:914} INFO - Processing file /home/airflow/.local/lib/python3.12/site-packages/airflow/example_dags/example_short_circuit_operator.py for tasks to queue
[2025-04-02T11:23:29.396+0000] {logging_mixin.py:190} INFO - [2025-04-02T11:23:29.395+0000] {dagbag.py:588} INFO - Filling up the DagBag from /home/airflow/.local/lib/python3.12/site-packages/airflow/example_dags/example_short_circuit_operator.py
[2025-04-02T11:23:29.405+0000] {processor.py:925} INFO - DAG(s) 'example_short_circuit_operator' retrieved from /home/airflow/.local/lib/python3.12/site-packages/airflow/example_dags/example_short_circuit_operator.py
[2025-04-02T11:23:29.444+0000] {logging_mixin.py:190} INFO - [2025-04-02T11:23:29.443+0000] {dag.py:3239} INFO - Sync 1 DAGs
[2025-04-02T11:23:29.458+0000] {logging_mixin.py:190} INFO - [2025-04-02T11:23:29.458+0000] {dag.py:4180} INFO - Setting next_dagrun for example_short_circuit_operator to None, run_after=None
[2025-04-02T11:23:29.486+0000] {processor.py:208} INFO - Processing /home/airflow/.local/lib/python3.12/site-packages/airflow/example_dags/example_short_circuit_operator.py took 0.104 seconds
