[2025-04-02T09:06:38.426+0000] {processor.py:186} INFO - Started process (PID=7953) to work on /home/airflow/.local/lib/python3.12/site-packages/airflow/example_dags/example_branch_operator.py
[2025-04-02T09:06:38.444+0000] {processor.py:914} INFO - Processing file /home/airflow/.local/lib/python3.12/site-packages/airflow/example_dags/example_branch_operator.py for tasks to queue
[2025-04-02T09:06:38.461+0000] {logging_mixin.py:190} INFO - [2025-04-02T09:06:38.460+0000] {dagbag.py:588} INFO - Filling up the DagBag from /home/airflow/.local/lib/python3.12/site-packages/airflow/example_dags/example_branch_operator.py
[2025-04-02T09:06:38.571+0000] {processor.py:925} INFO - DAG(s) 'example_branch_operator' retrieved from /home/airflow/.local/lib/python3.12/site-packages/airflow/example_dags/example_branch_operator.py
[2025-04-02T09:06:38.690+0000] {logging_mixin.py:190} INFO - [2025-04-02T09:06:38.689+0000] {dag.py:3239} INFO - Sync 1 DAGs
[2025-04-02T09:06:38.783+0000] {logging_mixin.py:190} INFO - [2025-04-02T09:06:38.783+0000] {dag.py:4180} INFO - Setting next_dagrun for example_branch_operator to 2025-04-01 00:00:00+00:00, run_after=2025-04-02 00:00:00+00:00
[2025-04-02T09:06:38.915+0000] {processor.py:208} INFO - Processing /home/airflow/.local/lib/python3.12/site-packages/airflow/example_dags/example_branch_operator.py took 0.509 seconds
[2025-04-02T11:03:45.198+0000] {processor.py:186} INFO - Started process (PID=81) to work on /home/airflow/.local/lib/python3.12/site-packages/airflow/example_dags/example_branch_operator.py
[2025-04-02T11:03:45.199+0000] {processor.py:914} INFO - Processing file /home/airflow/.local/lib/python3.12/site-packages/airflow/example_dags/example_branch_operator.py for tasks to queue
[2025-04-02T11:03:45.204+0000] {logging_mixin.py:190} INFO - [2025-04-02T11:03:45.203+0000] {dagbag.py:588} INFO - Filling up the DagBag from /home/airflow/.local/lib/python3.12/site-packages/airflow/example_dags/example_branch_operator.py
[2025-04-02T11:03:45.224+0000] {processor.py:925} INFO - DAG(s) 'example_branch_operator' retrieved from /home/airflow/.local/lib/python3.12/site-packages/airflow/example_dags/example_branch_operator.py
[2025-04-02T11:03:45.393+0000] {logging_mixin.py:190} INFO - [2025-04-02T11:03:45.393+0000] {dag.py:3239} INFO - Sync 1 DAGs
[2025-04-02T11:03:45.423+0000] {logging_mixin.py:190} INFO - [2025-04-02T11:03:45.423+0000] {dag.py:4180} INFO - Setting next_dagrun for example_branch_operator to 2025-04-01 00:00:00+00:00, run_after=2025-04-02 00:00:00+00:00
[2025-04-02T11:03:45.511+0000] {processor.py:208} INFO - Processing /home/airflow/.local/lib/python3.12/site-packages/airflow/example_dags/example_branch_operator.py took 0.322 seconds
[2025-04-02T11:04:16.260+0000] {processor.py:186} INFO - Started process (PID=146) to work on /home/airflow/.local/lib/python3.12/site-packages/airflow/example_dags/example_branch_operator.py
[2025-04-02T11:04:16.262+0000] {processor.py:914} INFO - Processing file /home/airflow/.local/lib/python3.12/site-packages/airflow/example_dags/example_branch_operator.py for tasks to queue
[2025-04-02T11:04:16.265+0000] {logging_mixin.py:190} INFO - [2025-04-02T11:04:16.265+0000] {dagbag.py:588} INFO - Filling up the DagBag from /home/airflow/.local/lib/python3.12/site-packages/airflow/example_dags/example_branch_operator.py
[2025-04-02T11:04:16.282+0000] {processor.py:925} INFO - DAG(s) 'example_branch_operator' retrieved from /home/airflow/.local/lib/python3.12/site-packages/airflow/example_dags/example_branch_operator.py
[2025-04-02T11:04:16.310+0000] {logging_mixin.py:190} INFO - [2025-04-02T11:04:16.310+0000] {dag.py:3239} INFO - Sync 1 DAGs
[2025-04-02T11:04:16.332+0000] {logging_mixin.py:190} INFO - [2025-04-02T11:04:16.332+0000] {dag.py:4180} INFO - Setting next_dagrun for example_branch_operator to 2025-04-01 00:00:00+00:00, run_after=2025-04-02 00:00:00+00:00
[2025-04-02T11:04:16.353+0000] {processor.py:208} INFO - Processing /home/airflow/.local/lib/python3.12/site-packages/airflow/example_dags/example_branch_operator.py took 0.098 seconds
[2025-04-02T11:04:47.197+0000] {processor.py:186} INFO - Started process (PID=211) to work on /home/airflow/.local/lib/python3.12/site-packages/airflow/example_dags/example_branch_operator.py
[2025-04-02T11:04:47.199+0000] {processor.py:914} INFO - Processing file /home/airflow/.local/lib/python3.12/site-packages/airflow/example_dags/example_branch_operator.py for tasks to queue
[2025-04-02T11:04:47.202+0000] {logging_mixin.py:190} INFO - [2025-04-02T11:04:47.202+0000] {dagbag.py:588} INFO - Filling up the DagBag from /home/airflow/.local/lib/python3.12/site-packages/airflow/example_dags/example_branch_operator.py
[2025-04-02T11:04:47.219+0000] {processor.py:925} INFO - DAG(s) 'example_branch_operator' retrieved from /home/airflow/.local/lib/python3.12/site-packages/airflow/example_dags/example_branch_operator.py
[2025-04-02T11:04:47.248+0000] {logging_mixin.py:190} INFO - [2025-04-02T11:04:47.247+0000] {dag.py:3239} INFO - Sync 1 DAGs
[2025-04-02T11:04:47.275+0000] {logging_mixin.py:190} INFO - [2025-04-02T11:04:47.275+0000] {dag.py:4180} INFO - Setting next_dagrun for example_branch_operator to 2025-04-01 00:00:00+00:00, run_after=2025-04-02 00:00:00+00:00
[2025-04-02T11:04:47.296+0000] {processor.py:208} INFO - Processing /home/airflow/.local/lib/python3.12/site-packages/airflow/example_dags/example_branch_operator.py took 0.105 seconds
[2025-04-02T11:05:18.822+0000] {processor.py:186} INFO - Started process (PID=283) to work on /home/airflow/.local/lib/python3.12/site-packages/airflow/example_dags/example_branch_operator.py
[2025-04-02T11:05:18.824+0000] {processor.py:914} INFO - Processing file /home/airflow/.local/lib/python3.12/site-packages/airflow/example_dags/example_branch_operator.py for tasks to queue
[2025-04-02T11:05:18.830+0000] {logging_mixin.py:190} INFO - [2025-04-02T11:05:18.830+0000] {dagbag.py:588} INFO - Filling up the DagBag from /home/airflow/.local/lib/python3.12/site-packages/airflow/example_dags/example_branch_operator.py
[2025-04-02T11:05:18.852+0000] {processor.py:925} INFO - DAG(s) 'example_branch_operator' retrieved from /home/airflow/.local/lib/python3.12/site-packages/airflow/example_dags/example_branch_operator.py
[2025-04-02T11:05:18.885+0000] {logging_mixin.py:190} INFO - [2025-04-02T11:05:18.885+0000] {dag.py:3239} INFO - Sync 1 DAGs
[2025-04-02T11:05:18.912+0000] {logging_mixin.py:190} INFO - [2025-04-02T11:05:18.912+0000] {dag.py:4180} INFO - Setting next_dagrun for example_branch_operator to 2025-04-01 00:00:00+00:00, run_after=2025-04-02 00:00:00+00:00
[2025-04-02T11:05:18.937+0000] {processor.py:208} INFO - Processing /home/airflow/.local/lib/python3.12/site-packages/airflow/example_dags/example_branch_operator.py took 0.121 seconds
[2025-04-02T11:05:49.525+0000] {processor.py:186} INFO - Started process (PID=348) to work on /home/airflow/.local/lib/python3.12/site-packages/airflow/example_dags/example_branch_operator.py
[2025-04-02T11:05:49.527+0000] {processor.py:914} INFO - Processing file /home/airflow/.local/lib/python3.12/site-packages/airflow/example_dags/example_branch_operator.py for tasks to queue
[2025-04-02T11:05:49.530+0000] {logging_mixin.py:190} INFO - [2025-04-02T11:05:49.529+0000] {dagbag.py:588} INFO - Filling up the DagBag from /home/airflow/.local/lib/python3.12/site-packages/airflow/example_dags/example_branch_operator.py
[2025-04-02T11:05:49.546+0000] {processor.py:925} INFO - DAG(s) 'example_branch_operator' retrieved from /home/airflow/.local/lib/python3.12/site-packages/airflow/example_dags/example_branch_operator.py
[2025-04-02T11:05:49.572+0000] {logging_mixin.py:190} INFO - [2025-04-02T11:05:49.571+0000] {dag.py:3239} INFO - Sync 1 DAGs
[2025-04-02T11:05:49.596+0000] {logging_mixin.py:190} INFO - [2025-04-02T11:05:49.596+0000] {dag.py:4180} INFO - Setting next_dagrun for example_branch_operator to 2025-04-01 00:00:00+00:00, run_after=2025-04-02 00:00:00+00:00
[2025-04-02T11:05:49.621+0000] {processor.py:208} INFO - Processing /home/airflow/.local/lib/python3.12/site-packages/airflow/example_dags/example_branch_operator.py took 0.101 seconds
[2025-04-02T11:06:20.897+0000] {processor.py:186} INFO - Started process (PID=413) to work on /home/airflow/.local/lib/python3.12/site-packages/airflow/example_dags/example_branch_operator.py
[2025-04-02T11:06:20.900+0000] {processor.py:914} INFO - Processing file /home/airflow/.local/lib/python3.12/site-packages/airflow/example_dags/example_branch_operator.py for tasks to queue
[2025-04-02T11:06:20.904+0000] {logging_mixin.py:190} INFO - [2025-04-02T11:06:20.903+0000] {dagbag.py:588} INFO - Filling up the DagBag from /home/airflow/.local/lib/python3.12/site-packages/airflow/example_dags/example_branch_operator.py
[2025-04-02T11:06:20.919+0000] {processor.py:925} INFO - DAG(s) 'example_branch_operator' retrieved from /home/airflow/.local/lib/python3.12/site-packages/airflow/example_dags/example_branch_operator.py
[2025-04-02T11:06:20.956+0000] {logging_mixin.py:190} INFO - [2025-04-02T11:06:20.955+0000] {dag.py:3239} INFO - Sync 1 DAGs
[2025-04-02T11:06:20.979+0000] {logging_mixin.py:190} INFO - [2025-04-02T11:06:20.979+0000] {dag.py:4180} INFO - Setting next_dagrun for example_branch_operator to 2025-04-01 00:00:00+00:00, run_after=2025-04-02 00:00:00+00:00
[2025-04-02T11:06:21.004+0000] {processor.py:208} INFO - Processing /home/airflow/.local/lib/python3.12/site-packages/airflow/example_dags/example_branch_operator.py took 0.114 seconds
[2025-04-02T11:06:51.651+0000] {processor.py:186} INFO - Started process (PID=478) to work on /home/airflow/.local/lib/python3.12/site-packages/airflow/example_dags/example_branch_operator.py
[2025-04-02T11:06:51.653+0000] {processor.py:914} INFO - Processing file /home/airflow/.local/lib/python3.12/site-packages/airflow/example_dags/example_branch_operator.py for tasks to queue
[2025-04-02T11:06:51.656+0000] {logging_mixin.py:190} INFO - [2025-04-02T11:06:51.655+0000] {dagbag.py:588} INFO - Filling up the DagBag from /home/airflow/.local/lib/python3.12/site-packages/airflow/example_dags/example_branch_operator.py
[2025-04-02T11:06:51.672+0000] {processor.py:925} INFO - DAG(s) 'example_branch_operator' retrieved from /home/airflow/.local/lib/python3.12/site-packages/airflow/example_dags/example_branch_operator.py
[2025-04-02T11:06:51.701+0000] {logging_mixin.py:190} INFO - [2025-04-02T11:06:51.701+0000] {dag.py:3239} INFO - Sync 1 DAGs
[2025-04-02T11:06:51.741+0000] {logging_mixin.py:190} INFO - [2025-04-02T11:06:51.741+0000] {dag.py:4180} INFO - Setting next_dagrun for example_branch_operator to 2025-04-01 00:00:00+00:00, run_after=2025-04-02 00:00:00+00:00
[2025-04-02T11:06:51.768+0000] {processor.py:208} INFO - Processing /home/airflow/.local/lib/python3.12/site-packages/airflow/example_dags/example_branch_operator.py took 0.122 seconds
[2025-04-02T11:07:22.430+0000] {processor.py:186} INFO - Started process (PID=543) to work on /home/airflow/.local/lib/python3.12/site-packages/airflow/example_dags/example_branch_operator.py
[2025-04-02T11:07:22.432+0000] {processor.py:914} INFO - Processing file /home/airflow/.local/lib/python3.12/site-packages/airflow/example_dags/example_branch_operator.py for tasks to queue
[2025-04-02T11:07:22.435+0000] {logging_mixin.py:190} INFO - [2025-04-02T11:07:22.435+0000] {dagbag.py:588} INFO - Filling up the DagBag from /home/airflow/.local/lib/python3.12/site-packages/airflow/example_dags/example_branch_operator.py
[2025-04-02T11:07:22.451+0000] {processor.py:925} INFO - DAG(s) 'example_branch_operator' retrieved from /home/airflow/.local/lib/python3.12/site-packages/airflow/example_dags/example_branch_operator.py
[2025-04-02T11:07:22.480+0000] {logging_mixin.py:190} INFO - [2025-04-02T11:07:22.480+0000] {dag.py:3239} INFO - Sync 1 DAGs
[2025-04-02T11:07:22.503+0000] {logging_mixin.py:190} INFO - [2025-04-02T11:07:22.503+0000] {dag.py:4180} INFO - Setting next_dagrun for example_branch_operator to 2025-04-01 00:00:00+00:00, run_after=2025-04-02 00:00:00+00:00
[2025-04-02T11:07:22.526+0000] {processor.py:208} INFO - Processing /home/airflow/.local/lib/python3.12/site-packages/airflow/example_dags/example_branch_operator.py took 0.100 seconds
[2025-04-02T11:07:53.437+0000] {processor.py:186} INFO - Started process (PID=608) to work on /home/airflow/.local/lib/python3.12/site-packages/airflow/example_dags/example_branch_operator.py
[2025-04-02T11:07:53.441+0000] {processor.py:914} INFO - Processing file /home/airflow/.local/lib/python3.12/site-packages/airflow/example_dags/example_branch_operator.py for tasks to queue
[2025-04-02T11:07:53.444+0000] {logging_mixin.py:190} INFO - [2025-04-02T11:07:53.444+0000] {dagbag.py:588} INFO - Filling up the DagBag from /home/airflow/.local/lib/python3.12/site-packages/airflow/example_dags/example_branch_operator.py
[2025-04-02T11:07:53.459+0000] {processor.py:925} INFO - DAG(s) 'example_branch_operator' retrieved from /home/airflow/.local/lib/python3.12/site-packages/airflow/example_dags/example_branch_operator.py
[2025-04-02T11:07:53.486+0000] {logging_mixin.py:190} INFO - [2025-04-02T11:07:53.486+0000] {dag.py:3239} INFO - Sync 1 DAGs
[2025-04-02T11:07:53.512+0000] {logging_mixin.py:190} INFO - [2025-04-02T11:07:53.511+0000] {dag.py:4180} INFO - Setting next_dagrun for example_branch_operator to 2025-04-01 00:00:00+00:00, run_after=2025-04-02 00:00:00+00:00
[2025-04-02T11:07:53.535+0000] {processor.py:208} INFO - Processing /home/airflow/.local/lib/python3.12/site-packages/airflow/example_dags/example_branch_operator.py took 0.102 seconds
[2025-04-02T11:08:24.947+0000] {processor.py:186} INFO - Started process (PID=673) to work on /home/airflow/.local/lib/python3.12/site-packages/airflow/example_dags/example_branch_operator.py
[2025-04-02T11:08:24.949+0000] {processor.py:914} INFO - Processing file /home/airflow/.local/lib/python3.12/site-packages/airflow/example_dags/example_branch_operator.py for tasks to queue
[2025-04-02T11:08:24.953+0000] {logging_mixin.py:190} INFO - [2025-04-02T11:08:24.953+0000] {dagbag.py:588} INFO - Filling up the DagBag from /home/airflow/.local/lib/python3.12/site-packages/airflow/example_dags/example_branch_operator.py
[2025-04-02T11:08:24.969+0000] {processor.py:925} INFO - DAG(s) 'example_branch_operator' retrieved from /home/airflow/.local/lib/python3.12/site-packages/airflow/example_dags/example_branch_operator.py
[2025-04-02T11:08:25.008+0000] {logging_mixin.py:190} INFO - [2025-04-02T11:08:25.008+0000] {dag.py:3239} INFO - Sync 1 DAGs
[2025-04-02T11:08:25.031+0000] {logging_mixin.py:190} INFO - [2025-04-02T11:08:25.031+0000] {dag.py:4180} INFO - Setting next_dagrun for example_branch_operator to 2025-04-01 00:00:00+00:00, run_after=2025-04-02 00:00:00+00:00
[2025-04-02T11:08:25.052+0000] {processor.py:208} INFO - Processing /home/airflow/.local/lib/python3.12/site-packages/airflow/example_dags/example_branch_operator.py took 0.111 seconds
[2025-04-02T11:08:56.221+0000] {processor.py:186} INFO - Started process (PID=738) to work on /home/airflow/.local/lib/python3.12/site-packages/airflow/example_dags/example_branch_operator.py
[2025-04-02T11:08:56.223+0000] {processor.py:914} INFO - Processing file /home/airflow/.local/lib/python3.12/site-packages/airflow/example_dags/example_branch_operator.py for tasks to queue
[2025-04-02T11:08:56.226+0000] {logging_mixin.py:190} INFO - [2025-04-02T11:08:56.226+0000] {dagbag.py:588} INFO - Filling up the DagBag from /home/airflow/.local/lib/python3.12/site-packages/airflow/example_dags/example_branch_operator.py
[2025-04-02T11:08:56.244+0000] {processor.py:925} INFO - DAG(s) 'example_branch_operator' retrieved from /home/airflow/.local/lib/python3.12/site-packages/airflow/example_dags/example_branch_operator.py
[2025-04-02T11:08:56.274+0000] {logging_mixin.py:190} INFO - [2025-04-02T11:08:56.273+0000] {dag.py:3239} INFO - Sync 1 DAGs
[2025-04-02T11:08:56.300+0000] {logging_mixin.py:190} INFO - [2025-04-02T11:08:56.300+0000] {dag.py:4180} INFO - Setting next_dagrun for example_branch_operator to 2025-04-01 00:00:00+00:00, run_after=2025-04-02 00:00:00+00:00
[2025-04-02T11:08:56.325+0000] {processor.py:208} INFO - Processing /home/airflow/.local/lib/python3.12/site-packages/airflow/example_dags/example_branch_operator.py took 0.109 seconds
[2025-04-02T11:09:27.550+0000] {processor.py:186} INFO - Started process (PID=803) to work on /home/airflow/.local/lib/python3.12/site-packages/airflow/example_dags/example_branch_operator.py
[2025-04-02T11:09:27.553+0000] {processor.py:914} INFO - Processing file /home/airflow/.local/lib/python3.12/site-packages/airflow/example_dags/example_branch_operator.py for tasks to queue
[2025-04-02T11:09:27.557+0000] {logging_mixin.py:190} INFO - [2025-04-02T11:09:27.556+0000] {dagbag.py:588} INFO - Filling up the DagBag from /home/airflow/.local/lib/python3.12/site-packages/airflow/example_dags/example_branch_operator.py
[2025-04-02T11:09:27.574+0000] {processor.py:925} INFO - DAG(s) 'example_branch_operator' retrieved from /home/airflow/.local/lib/python3.12/site-packages/airflow/example_dags/example_branch_operator.py
[2025-04-02T11:09:27.609+0000] {logging_mixin.py:190} INFO - [2025-04-02T11:09:27.609+0000] {dag.py:3239} INFO - Sync 1 DAGs
[2025-04-02T11:09:27.640+0000] {logging_mixin.py:190} INFO - [2025-04-02T11:09:27.640+0000] {dag.py:4180} INFO - Setting next_dagrun for example_branch_operator to 2025-04-01 00:00:00+00:00, run_after=2025-04-02 00:00:00+00:00
[2025-04-02T11:09:27.676+0000] {processor.py:208} INFO - Processing /home/airflow/.local/lib/python3.12/site-packages/airflow/example_dags/example_branch_operator.py took 0.131 seconds
[2025-04-02T11:09:58.460+0000] {processor.py:186} INFO - Started process (PID=868) to work on /home/airflow/.local/lib/python3.12/site-packages/airflow/example_dags/example_branch_operator.py
[2025-04-02T11:09:58.461+0000] {processor.py:914} INFO - Processing file /home/airflow/.local/lib/python3.12/site-packages/airflow/example_dags/example_branch_operator.py for tasks to queue
[2025-04-02T11:09:58.465+0000] {logging_mixin.py:190} INFO - [2025-04-02T11:09:58.465+0000] {dagbag.py:588} INFO - Filling up the DagBag from /home/airflow/.local/lib/python3.12/site-packages/airflow/example_dags/example_branch_operator.py
[2025-04-02T11:09:58.485+0000] {processor.py:925} INFO - DAG(s) 'example_branch_operator' retrieved from /home/airflow/.local/lib/python3.12/site-packages/airflow/example_dags/example_branch_operator.py
[2025-04-02T11:09:58.517+0000] {logging_mixin.py:190} INFO - [2025-04-02T11:09:58.517+0000] {dag.py:3239} INFO - Sync 1 DAGs
[2025-04-02T11:09:58.540+0000] {logging_mixin.py:190} INFO - [2025-04-02T11:09:58.539+0000] {dag.py:4180} INFO - Setting next_dagrun for example_branch_operator to 2025-04-01 00:00:00+00:00, run_after=2025-04-02 00:00:00+00:00
[2025-04-02T11:09:58.567+0000] {processor.py:208} INFO - Processing /home/airflow/.local/lib/python3.12/site-packages/airflow/example_dags/example_branch_operator.py took 0.112 seconds
[2025-04-02T11:10:29.177+0000] {processor.py:186} INFO - Started process (PID=933) to work on /home/airflow/.local/lib/python3.12/site-packages/airflow/example_dags/example_branch_operator.py
[2025-04-02T11:10:29.179+0000] {processor.py:914} INFO - Processing file /home/airflow/.local/lib/python3.12/site-packages/airflow/example_dags/example_branch_operator.py for tasks to queue
[2025-04-02T11:10:29.183+0000] {logging_mixin.py:190} INFO - [2025-04-02T11:10:29.182+0000] {dagbag.py:588} INFO - Filling up the DagBag from /home/airflow/.local/lib/python3.12/site-packages/airflow/example_dags/example_branch_operator.py
[2025-04-02T11:10:29.199+0000] {processor.py:925} INFO - DAG(s) 'example_branch_operator' retrieved from /home/airflow/.local/lib/python3.12/site-packages/airflow/example_dags/example_branch_operator.py
[2025-04-02T11:10:29.230+0000] {logging_mixin.py:190} INFO - [2025-04-02T11:10:29.229+0000] {dag.py:3239} INFO - Sync 1 DAGs
[2025-04-02T11:10:29.252+0000] {logging_mixin.py:190} INFO - [2025-04-02T11:10:29.252+0000] {dag.py:4180} INFO - Setting next_dagrun for example_branch_operator to 2025-04-01 00:00:00+00:00, run_after=2025-04-02 00:00:00+00:00
[2025-04-02T11:10:29.272+0000] {processor.py:208} INFO - Processing /home/airflow/.local/lib/python3.12/site-packages/airflow/example_dags/example_branch_operator.py took 0.100 seconds
[2025-04-02T11:11:00.785+0000] {processor.py:186} INFO - Started process (PID=998) to work on /home/airflow/.local/lib/python3.12/site-packages/airflow/example_dags/example_branch_operator.py
[2025-04-02T11:11:00.788+0000] {processor.py:914} INFO - Processing file /home/airflow/.local/lib/python3.12/site-packages/airflow/example_dags/example_branch_operator.py for tasks to queue
[2025-04-02T11:11:00.792+0000] {logging_mixin.py:190} INFO - [2025-04-02T11:11:00.791+0000] {dagbag.py:588} INFO - Filling up the DagBag from /home/airflow/.local/lib/python3.12/site-packages/airflow/example_dags/example_branch_operator.py
[2025-04-02T11:11:00.812+0000] {processor.py:925} INFO - DAG(s) 'example_branch_operator' retrieved from /home/airflow/.local/lib/python3.12/site-packages/airflow/example_dags/example_branch_operator.py
[2025-04-02T11:11:00.844+0000] {logging_mixin.py:190} INFO - [2025-04-02T11:11:00.843+0000] {dag.py:3239} INFO - Sync 1 DAGs
[2025-04-02T11:11:00.872+0000] {logging_mixin.py:190} INFO - [2025-04-02T11:11:00.871+0000] {dag.py:4180} INFO - Setting next_dagrun for example_branch_operator to 2025-04-01 00:00:00+00:00, run_after=2025-04-02 00:00:00+00:00
[2025-04-02T11:11:00.900+0000] {processor.py:208} INFO - Processing /home/airflow/.local/lib/python3.12/site-packages/airflow/example_dags/example_branch_operator.py took 0.123 seconds
[2025-04-02T11:11:32.400+0000] {processor.py:186} INFO - Started process (PID=1063) to work on /home/airflow/.local/lib/python3.12/site-packages/airflow/example_dags/example_branch_operator.py
[2025-04-02T11:11:32.403+0000] {processor.py:914} INFO - Processing file /home/airflow/.local/lib/python3.12/site-packages/airflow/example_dags/example_branch_operator.py for tasks to queue
[2025-04-02T11:11:32.409+0000] {logging_mixin.py:190} INFO - [2025-04-02T11:11:32.408+0000] {dagbag.py:588} INFO - Filling up the DagBag from /home/airflow/.local/lib/python3.12/site-packages/airflow/example_dags/example_branch_operator.py
[2025-04-02T11:11:32.432+0000] {processor.py:925} INFO - DAG(s) 'example_branch_operator' retrieved from /home/airflow/.local/lib/python3.12/site-packages/airflow/example_dags/example_branch_operator.py
[2025-04-02T11:11:32.465+0000] {logging_mixin.py:190} INFO - [2025-04-02T11:11:32.465+0000] {dag.py:3239} INFO - Sync 1 DAGs
[2025-04-02T11:11:32.495+0000] {logging_mixin.py:190} INFO - [2025-04-02T11:11:32.494+0000] {dag.py:4180} INFO - Setting next_dagrun for example_branch_operator to 2025-04-01 00:00:00+00:00, run_after=2025-04-02 00:00:00+00:00
[2025-04-02T11:11:32.528+0000] {processor.py:208} INFO - Processing /home/airflow/.local/lib/python3.12/site-packages/airflow/example_dags/example_branch_operator.py took 0.135 seconds
[2025-04-02T11:12:03.868+0000] {processor.py:186} INFO - Started process (PID=1128) to work on /home/airflow/.local/lib/python3.12/site-packages/airflow/example_dags/example_branch_operator.py
[2025-04-02T11:12:03.871+0000] {processor.py:914} INFO - Processing file /home/airflow/.local/lib/python3.12/site-packages/airflow/example_dags/example_branch_operator.py for tasks to queue
[2025-04-02T11:12:03.875+0000] {logging_mixin.py:190} INFO - [2025-04-02T11:12:03.874+0000] {dagbag.py:588} INFO - Filling up the DagBag from /home/airflow/.local/lib/python3.12/site-packages/airflow/example_dags/example_branch_operator.py
[2025-04-02T11:12:03.893+0000] {processor.py:925} INFO - DAG(s) 'example_branch_operator' retrieved from /home/airflow/.local/lib/python3.12/site-packages/airflow/example_dags/example_branch_operator.py
[2025-04-02T11:12:03.937+0000] {logging_mixin.py:190} INFO - [2025-04-02T11:12:03.937+0000] {dag.py:3239} INFO - Sync 1 DAGs
[2025-04-02T11:12:03.967+0000] {logging_mixin.py:190} INFO - [2025-04-02T11:12:03.966+0000] {dag.py:4180} INFO - Setting next_dagrun for example_branch_operator to 2025-04-01 00:00:00+00:00, run_after=2025-04-02 00:00:00+00:00
[2025-04-02T11:12:03.997+0000] {processor.py:208} INFO - Processing /home/airflow/.local/lib/python3.12/site-packages/airflow/example_dags/example_branch_operator.py took 0.135 seconds
[2025-04-02T11:12:35.421+0000] {processor.py:186} INFO - Started process (PID=1193) to work on /home/airflow/.local/lib/python3.12/site-packages/airflow/example_dags/example_branch_operator.py
[2025-04-02T11:12:35.425+0000] {processor.py:914} INFO - Processing file /home/airflow/.local/lib/python3.12/site-packages/airflow/example_dags/example_branch_operator.py for tasks to queue
[2025-04-02T11:12:35.429+0000] {logging_mixin.py:190} INFO - [2025-04-02T11:12:35.428+0000] {dagbag.py:588} INFO - Filling up the DagBag from /home/airflow/.local/lib/python3.12/site-packages/airflow/example_dags/example_branch_operator.py
[2025-04-02T11:12:35.447+0000] {processor.py:925} INFO - DAG(s) 'example_branch_operator' retrieved from /home/airflow/.local/lib/python3.12/site-packages/airflow/example_dags/example_branch_operator.py
[2025-04-02T11:12:35.482+0000] {logging_mixin.py:190} INFO - [2025-04-02T11:12:35.482+0000] {dag.py:3239} INFO - Sync 1 DAGs
[2025-04-02T11:12:35.511+0000] {logging_mixin.py:190} INFO - [2025-04-02T11:12:35.511+0000] {dag.py:4180} INFO - Setting next_dagrun for example_branch_operator to 2025-04-01 00:00:00+00:00, run_after=2025-04-02 00:00:00+00:00
[2025-04-02T11:12:35.534+0000] {processor.py:208} INFO - Processing /home/airflow/.local/lib/python3.12/site-packages/airflow/example_dags/example_branch_operator.py took 0.119 seconds
[2025-04-02T11:13:06.569+0000] {processor.py:186} INFO - Started process (PID=1259) to work on /home/airflow/.local/lib/python3.12/site-packages/airflow/example_dags/example_branch_operator.py
[2025-04-02T11:13:06.571+0000] {processor.py:914} INFO - Processing file /home/airflow/.local/lib/python3.12/site-packages/airflow/example_dags/example_branch_operator.py for tasks to queue
[2025-04-02T11:13:06.574+0000] {logging_mixin.py:190} INFO - [2025-04-02T11:13:06.574+0000] {dagbag.py:588} INFO - Filling up the DagBag from /home/airflow/.local/lib/python3.12/site-packages/airflow/example_dags/example_branch_operator.py
[2025-04-02T11:13:06.590+0000] {processor.py:925} INFO - DAG(s) 'example_branch_operator' retrieved from /home/airflow/.local/lib/python3.12/site-packages/airflow/example_dags/example_branch_operator.py
[2025-04-02T11:13:06.617+0000] {logging_mixin.py:190} INFO - [2025-04-02T11:13:06.617+0000] {dag.py:3239} INFO - Sync 1 DAGs
[2025-04-02T11:13:06.639+0000] {logging_mixin.py:190} INFO - [2025-04-02T11:13:06.639+0000] {dag.py:4180} INFO - Setting next_dagrun for example_branch_operator to 2025-04-01 00:00:00+00:00, run_after=2025-04-02 00:00:00+00:00
[2025-04-02T11:13:06.658+0000] {processor.py:208} INFO - Processing /home/airflow/.local/lib/python3.12/site-packages/airflow/example_dags/example_branch_operator.py took 0.095 seconds
[2025-04-02T11:13:37.743+0000] {processor.py:186} INFO - Started process (PID=1324) to work on /home/airflow/.local/lib/python3.12/site-packages/airflow/example_dags/example_branch_operator.py
[2025-04-02T11:13:37.744+0000] {processor.py:914} INFO - Processing file /home/airflow/.local/lib/python3.12/site-packages/airflow/example_dags/example_branch_operator.py for tasks to queue
[2025-04-02T11:13:37.748+0000] {logging_mixin.py:190} INFO - [2025-04-02T11:13:37.747+0000] {dagbag.py:588} INFO - Filling up the DagBag from /home/airflow/.local/lib/python3.12/site-packages/airflow/example_dags/example_branch_operator.py
[2025-04-02T11:13:37.762+0000] {processor.py:925} INFO - DAG(s) 'example_branch_operator' retrieved from /home/airflow/.local/lib/python3.12/site-packages/airflow/example_dags/example_branch_operator.py
[2025-04-02T11:13:37.785+0000] {logging_mixin.py:190} INFO - [2025-04-02T11:13:37.785+0000] {dag.py:3239} INFO - Sync 1 DAGs
[2025-04-02T11:13:37.805+0000] {logging_mixin.py:190} INFO - [2025-04-02T11:13:37.805+0000] {dag.py:4180} INFO - Setting next_dagrun for example_branch_operator to 2025-04-01 00:00:00+00:00, run_after=2025-04-02 00:00:00+00:00
[2025-04-02T11:13:37.821+0000] {processor.py:208} INFO - Processing /home/airflow/.local/lib/python3.12/site-packages/airflow/example_dags/example_branch_operator.py took 0.083 seconds
[2025-04-02T11:14:08.947+0000] {processor.py:186} INFO - Started process (PID=1389) to work on /home/airflow/.local/lib/python3.12/site-packages/airflow/example_dags/example_branch_operator.py
[2025-04-02T11:14:08.949+0000] {processor.py:914} INFO - Processing file /home/airflow/.local/lib/python3.12/site-packages/airflow/example_dags/example_branch_operator.py for tasks to queue
[2025-04-02T11:14:08.953+0000] {logging_mixin.py:190} INFO - [2025-04-02T11:14:08.953+0000] {dagbag.py:588} INFO - Filling up the DagBag from /home/airflow/.local/lib/python3.12/site-packages/airflow/example_dags/example_branch_operator.py
[2025-04-02T11:14:08.978+0000] {processor.py:925} INFO - DAG(s) 'example_branch_operator' retrieved from /home/airflow/.local/lib/python3.12/site-packages/airflow/example_dags/example_branch_operator.py
[2025-04-02T11:14:09.016+0000] {logging_mixin.py:190} INFO - [2025-04-02T11:14:09.016+0000] {dag.py:3239} INFO - Sync 1 DAGs
[2025-04-02T11:14:09.043+0000] {logging_mixin.py:190} INFO - [2025-04-02T11:14:09.043+0000] {dag.py:4180} INFO - Setting next_dagrun for example_branch_operator to 2025-04-01 00:00:00+00:00, run_after=2025-04-02 00:00:00+00:00
[2025-04-02T11:14:09.069+0000] {processor.py:208} INFO - Processing /home/airflow/.local/lib/python3.12/site-packages/airflow/example_dags/example_branch_operator.py took 0.127 seconds
[2025-04-02T11:14:40.401+0000] {processor.py:186} INFO - Started process (PID=1454) to work on /home/airflow/.local/lib/python3.12/site-packages/airflow/example_dags/example_branch_operator.py
[2025-04-02T11:14:40.404+0000] {processor.py:914} INFO - Processing file /home/airflow/.local/lib/python3.12/site-packages/airflow/example_dags/example_branch_operator.py for tasks to queue
[2025-04-02T11:14:40.409+0000] {logging_mixin.py:190} INFO - [2025-04-02T11:14:40.408+0000] {dagbag.py:588} INFO - Filling up the DagBag from /home/airflow/.local/lib/python3.12/site-packages/airflow/example_dags/example_branch_operator.py
[2025-04-02T11:14:40.427+0000] {processor.py:925} INFO - DAG(s) 'example_branch_operator' retrieved from /home/airflow/.local/lib/python3.12/site-packages/airflow/example_dags/example_branch_operator.py
[2025-04-02T11:14:40.464+0000] {logging_mixin.py:190} INFO - [2025-04-02T11:14:40.464+0000] {dag.py:3239} INFO - Sync 1 DAGs
[2025-04-02T11:14:40.500+0000] {logging_mixin.py:190} INFO - [2025-04-02T11:14:40.500+0000] {dag.py:4180} INFO - Setting next_dagrun for example_branch_operator to 2025-04-01 00:00:00+00:00, run_after=2025-04-02 00:00:00+00:00
[2025-04-02T11:14:40.534+0000] {processor.py:208} INFO - Processing /home/airflow/.local/lib/python3.12/site-packages/airflow/example_dags/example_branch_operator.py took 0.139 seconds
[2025-04-02T11:15:11.657+0000] {processor.py:186} INFO - Started process (PID=1519) to work on /home/airflow/.local/lib/python3.12/site-packages/airflow/example_dags/example_branch_operator.py
[2025-04-02T11:15:11.659+0000] {processor.py:914} INFO - Processing file /home/airflow/.local/lib/python3.12/site-packages/airflow/example_dags/example_branch_operator.py for tasks to queue
[2025-04-02T11:15:11.662+0000] {logging_mixin.py:190} INFO - [2025-04-02T11:15:11.661+0000] {dagbag.py:588} INFO - Filling up the DagBag from /home/airflow/.local/lib/python3.12/site-packages/airflow/example_dags/example_branch_operator.py
[2025-04-02T11:15:11.681+0000] {processor.py:925} INFO - DAG(s) 'example_branch_operator' retrieved from /home/airflow/.local/lib/python3.12/site-packages/airflow/example_dags/example_branch_operator.py
[2025-04-02T11:15:11.723+0000] {logging_mixin.py:190} INFO - [2025-04-02T11:15:11.722+0000] {dag.py:3239} INFO - Sync 1 DAGs
[2025-04-02T11:15:11.746+0000] {logging_mixin.py:190} INFO - [2025-04-02T11:15:11.746+0000] {dag.py:4180} INFO - Setting next_dagrun for example_branch_operator to 2025-04-01 00:00:00+00:00, run_after=2025-04-02 00:00:00+00:00
[2025-04-02T11:15:11.770+0000] {processor.py:208} INFO - Processing /home/airflow/.local/lib/python3.12/site-packages/airflow/example_dags/example_branch_operator.py took 0.119 seconds
[2025-04-02T11:15:43.099+0000] {processor.py:186} INFO - Started process (PID=1584) to work on /home/airflow/.local/lib/python3.12/site-packages/airflow/example_dags/example_branch_operator.py
[2025-04-02T11:15:43.103+0000] {processor.py:914} INFO - Processing file /home/airflow/.local/lib/python3.12/site-packages/airflow/example_dags/example_branch_operator.py for tasks to queue
[2025-04-02T11:15:43.106+0000] {logging_mixin.py:190} INFO - [2025-04-02T11:15:43.106+0000] {dagbag.py:588} INFO - Filling up the DagBag from /home/airflow/.local/lib/python3.12/site-packages/airflow/example_dags/example_branch_operator.py
[2025-04-02T11:15:43.126+0000] {processor.py:925} INFO - DAG(s) 'example_branch_operator' retrieved from /home/airflow/.local/lib/python3.12/site-packages/airflow/example_dags/example_branch_operator.py
[2025-04-02T11:15:43.189+0000] {logging_mixin.py:190} INFO - [2025-04-02T11:15:43.189+0000] {dag.py:3239} INFO - Sync 1 DAGs
[2025-04-02T11:15:43.224+0000] {logging_mixin.py:190} INFO - [2025-04-02T11:15:43.223+0000] {dag.py:4180} INFO - Setting next_dagrun for example_branch_operator to 2025-04-01 00:00:00+00:00, run_after=2025-04-02 00:00:00+00:00
[2025-04-02T11:15:43.263+0000] {processor.py:208} INFO - Processing /home/airflow/.local/lib/python3.12/site-packages/airflow/example_dags/example_branch_operator.py took 0.170 seconds
[2025-04-02T11:16:13.523+0000] {processor.py:186} INFO - Started process (PID=1649) to work on /home/airflow/.local/lib/python3.12/site-packages/airflow/example_dags/example_branch_operator.py
[2025-04-02T11:16:13.525+0000] {processor.py:914} INFO - Processing file /home/airflow/.local/lib/python3.12/site-packages/airflow/example_dags/example_branch_operator.py for tasks to queue
[2025-04-02T11:16:13.528+0000] {logging_mixin.py:190} INFO - [2025-04-02T11:16:13.528+0000] {dagbag.py:588} INFO - Filling up the DagBag from /home/airflow/.local/lib/python3.12/site-packages/airflow/example_dags/example_branch_operator.py
[2025-04-02T11:16:13.545+0000] {processor.py:925} INFO - DAG(s) 'example_branch_operator' retrieved from /home/airflow/.local/lib/python3.12/site-packages/airflow/example_dags/example_branch_operator.py
[2025-04-02T11:16:13.576+0000] {logging_mixin.py:190} INFO - [2025-04-02T11:16:13.576+0000] {dag.py:3239} INFO - Sync 1 DAGs
[2025-04-02T11:16:13.603+0000] {logging_mixin.py:190} INFO - [2025-04-02T11:16:13.602+0000] {dag.py:4180} INFO - Setting next_dagrun for example_branch_operator to 2025-04-01 00:00:00+00:00, run_after=2025-04-02 00:00:00+00:00
[2025-04-02T11:16:13.626+0000] {processor.py:208} INFO - Processing /home/airflow/.local/lib/python3.12/site-packages/airflow/example_dags/example_branch_operator.py took 0.107 seconds
[2025-04-02T11:16:44.335+0000] {processor.py:186} INFO - Started process (PID=1714) to work on /home/airflow/.local/lib/python3.12/site-packages/airflow/example_dags/example_branch_operator.py
[2025-04-02T11:16:44.337+0000] {processor.py:914} INFO - Processing file /home/airflow/.local/lib/python3.12/site-packages/airflow/example_dags/example_branch_operator.py for tasks to queue
[2025-04-02T11:16:44.340+0000] {logging_mixin.py:190} INFO - [2025-04-02T11:16:44.340+0000] {dagbag.py:588} INFO - Filling up the DagBag from /home/airflow/.local/lib/python3.12/site-packages/airflow/example_dags/example_branch_operator.py
[2025-04-02T11:16:44.359+0000] {processor.py:925} INFO - DAG(s) 'example_branch_operator' retrieved from /home/airflow/.local/lib/python3.12/site-packages/airflow/example_dags/example_branch_operator.py
[2025-04-02T11:16:44.390+0000] {logging_mixin.py:190} INFO - [2025-04-02T11:16:44.389+0000] {dag.py:3239} INFO - Sync 1 DAGs
[2025-04-02T11:16:44.422+0000] {logging_mixin.py:190} INFO - [2025-04-02T11:16:44.422+0000] {dag.py:4180} INFO - Setting next_dagrun for example_branch_operator to 2025-04-01 00:00:00+00:00, run_after=2025-04-02 00:00:00+00:00
[2025-04-02T11:16:44.452+0000] {processor.py:208} INFO - Processing /home/airflow/.local/lib/python3.12/site-packages/airflow/example_dags/example_branch_operator.py took 0.122 seconds
[2025-04-02T11:17:15.319+0000] {processor.py:186} INFO - Started process (PID=1779) to work on /home/airflow/.local/lib/python3.12/site-packages/airflow/example_dags/example_branch_operator.py
[2025-04-02T11:17:15.322+0000] {processor.py:914} INFO - Processing file /home/airflow/.local/lib/python3.12/site-packages/airflow/example_dags/example_branch_operator.py for tasks to queue
[2025-04-02T11:17:15.328+0000] {logging_mixin.py:190} INFO - [2025-04-02T11:17:15.328+0000] {dagbag.py:588} INFO - Filling up the DagBag from /home/airflow/.local/lib/python3.12/site-packages/airflow/example_dags/example_branch_operator.py
[2025-04-02T11:17:15.345+0000] {processor.py:925} INFO - DAG(s) 'example_branch_operator' retrieved from /home/airflow/.local/lib/python3.12/site-packages/airflow/example_dags/example_branch_operator.py
[2025-04-02T11:17:15.378+0000] {logging_mixin.py:190} INFO - [2025-04-02T11:17:15.378+0000] {dag.py:3239} INFO - Sync 1 DAGs
[2025-04-02T11:17:15.404+0000] {logging_mixin.py:190} INFO - [2025-04-02T11:17:15.404+0000] {dag.py:4180} INFO - Setting next_dagrun for example_branch_operator to 2025-04-01 00:00:00+00:00, run_after=2025-04-02 00:00:00+00:00
[2025-04-02T11:17:15.427+0000] {processor.py:208} INFO - Processing /home/airflow/.local/lib/python3.12/site-packages/airflow/example_dags/example_branch_operator.py took 0.114 seconds
[2025-04-02T11:17:47.200+0000] {processor.py:186} INFO - Started process (PID=1844) to work on /home/airflow/.local/lib/python3.12/site-packages/airflow/example_dags/example_branch_operator.py
[2025-04-02T11:17:47.202+0000] {processor.py:914} INFO - Processing file /home/airflow/.local/lib/python3.12/site-packages/airflow/example_dags/example_branch_operator.py for tasks to queue
[2025-04-02T11:17:47.205+0000] {logging_mixin.py:190} INFO - [2025-04-02T11:17:47.204+0000] {dagbag.py:588} INFO - Filling up the DagBag from /home/airflow/.local/lib/python3.12/site-packages/airflow/example_dags/example_branch_operator.py
[2025-04-02T11:17:47.220+0000] {processor.py:925} INFO - DAG(s) 'example_branch_operator' retrieved from /home/airflow/.local/lib/python3.12/site-packages/airflow/example_dags/example_branch_operator.py
[2025-04-02T11:17:47.248+0000] {logging_mixin.py:190} INFO - [2025-04-02T11:17:47.247+0000] {dag.py:3239} INFO - Sync 1 DAGs
[2025-04-02T11:17:47.269+0000] {logging_mixin.py:190} INFO - [2025-04-02T11:17:47.269+0000] {dag.py:4180} INFO - Setting next_dagrun for example_branch_operator to 2025-04-01 00:00:00+00:00, run_after=2025-04-02 00:00:00+00:00
[2025-04-02T11:17:47.292+0000] {processor.py:208} INFO - Processing /home/airflow/.local/lib/python3.12/site-packages/airflow/example_dags/example_branch_operator.py took 0.097 seconds
[2025-04-02T11:18:18.301+0000] {processor.py:186} INFO - Started process (PID=1909) to work on /home/airflow/.local/lib/python3.12/site-packages/airflow/example_dags/example_branch_operator.py
[2025-04-02T11:18:18.302+0000] {processor.py:914} INFO - Processing file /home/airflow/.local/lib/python3.12/site-packages/airflow/example_dags/example_branch_operator.py for tasks to queue
[2025-04-02T11:18:18.305+0000] {logging_mixin.py:190} INFO - [2025-04-02T11:18:18.305+0000] {dagbag.py:588} INFO - Filling up the DagBag from /home/airflow/.local/lib/python3.12/site-packages/airflow/example_dags/example_branch_operator.py
[2025-04-02T11:18:18.321+0000] {processor.py:925} INFO - DAG(s) 'example_branch_operator' retrieved from /home/airflow/.local/lib/python3.12/site-packages/airflow/example_dags/example_branch_operator.py
[2025-04-02T11:18:18.351+0000] {logging_mixin.py:190} INFO - [2025-04-02T11:18:18.351+0000] {dag.py:3239} INFO - Sync 1 DAGs
[2025-04-02T11:18:18.375+0000] {logging_mixin.py:190} INFO - [2025-04-02T11:18:18.374+0000] {dag.py:4180} INFO - Setting next_dagrun for example_branch_operator to 2025-04-01 00:00:00+00:00, run_after=2025-04-02 00:00:00+00:00
[2025-04-02T11:18:18.396+0000] {processor.py:208} INFO - Processing /home/airflow/.local/lib/python3.12/site-packages/airflow/example_dags/example_branch_operator.py took 0.101 seconds
[2025-04-02T11:18:49.173+0000] {processor.py:186} INFO - Started process (PID=1974) to work on /home/airflow/.local/lib/python3.12/site-packages/airflow/example_dags/example_branch_operator.py
[2025-04-02T11:18:49.175+0000] {processor.py:914} INFO - Processing file /home/airflow/.local/lib/python3.12/site-packages/airflow/example_dags/example_branch_operator.py for tasks to queue
[2025-04-02T11:18:49.179+0000] {logging_mixin.py:190} INFO - [2025-04-02T11:18:49.179+0000] {dagbag.py:588} INFO - Filling up the DagBag from /home/airflow/.local/lib/python3.12/site-packages/airflow/example_dags/example_branch_operator.py
[2025-04-02T11:18:49.196+0000] {processor.py:925} INFO - DAG(s) 'example_branch_operator' retrieved from /home/airflow/.local/lib/python3.12/site-packages/airflow/example_dags/example_branch_operator.py
[2025-04-02T11:18:49.229+0000] {logging_mixin.py:190} INFO - [2025-04-02T11:18:49.229+0000] {dag.py:3239} INFO - Sync 1 DAGs
[2025-04-02T11:18:49.252+0000] {logging_mixin.py:190} INFO - [2025-04-02T11:18:49.252+0000] {dag.py:4180} INFO - Setting next_dagrun for example_branch_operator to 2025-04-01 00:00:00+00:00, run_after=2025-04-02 00:00:00+00:00
[2025-04-02T11:18:49.274+0000] {processor.py:208} INFO - Processing /home/airflow/.local/lib/python3.12/site-packages/airflow/example_dags/example_branch_operator.py took 0.106 seconds
[2025-04-02T11:19:20.086+0000] {processor.py:186} INFO - Started process (PID=2040) to work on /home/airflow/.local/lib/python3.12/site-packages/airflow/example_dags/example_branch_operator.py
[2025-04-02T11:19:20.088+0000] {processor.py:914} INFO - Processing file /home/airflow/.local/lib/python3.12/site-packages/airflow/example_dags/example_branch_operator.py for tasks to queue
[2025-04-02T11:19:20.091+0000] {logging_mixin.py:190} INFO - [2025-04-02T11:19:20.091+0000] {dagbag.py:588} INFO - Filling up the DagBag from /home/airflow/.local/lib/python3.12/site-packages/airflow/example_dags/example_branch_operator.py
[2025-04-02T11:19:20.109+0000] {processor.py:925} INFO - DAG(s) 'example_branch_operator' retrieved from /home/airflow/.local/lib/python3.12/site-packages/airflow/example_dags/example_branch_operator.py
[2025-04-02T11:19:20.140+0000] {logging_mixin.py:190} INFO - [2025-04-02T11:19:20.140+0000] {dag.py:3239} INFO - Sync 1 DAGs
[2025-04-02T11:19:20.163+0000] {logging_mixin.py:190} INFO - [2025-04-02T11:19:20.163+0000] {dag.py:4180} INFO - Setting next_dagrun for example_branch_operator to 2025-04-01 00:00:00+00:00, run_after=2025-04-02 00:00:00+00:00
[2025-04-02T11:19:20.188+0000] {processor.py:208} INFO - Processing /home/airflow/.local/lib/python3.12/site-packages/airflow/example_dags/example_branch_operator.py took 0.107 seconds
[2025-04-02T11:19:51.070+0000] {processor.py:186} INFO - Started process (PID=2111) to work on /home/airflow/.local/lib/python3.12/site-packages/airflow/example_dags/example_branch_operator.py
[2025-04-02T11:19:51.073+0000] {processor.py:914} INFO - Processing file /home/airflow/.local/lib/python3.12/site-packages/airflow/example_dags/example_branch_operator.py for tasks to queue
[2025-04-02T11:19:51.076+0000] {logging_mixin.py:190} INFO - [2025-04-02T11:19:51.075+0000] {dagbag.py:588} INFO - Filling up the DagBag from /home/airflow/.local/lib/python3.12/site-packages/airflow/example_dags/example_branch_operator.py
[2025-04-02T11:19:51.093+0000] {processor.py:925} INFO - DAG(s) 'example_branch_operator' retrieved from /home/airflow/.local/lib/python3.12/site-packages/airflow/example_dags/example_branch_operator.py
[2025-04-02T11:19:51.123+0000] {logging_mixin.py:190} INFO - [2025-04-02T11:19:51.123+0000] {dag.py:3239} INFO - Sync 1 DAGs
[2025-04-02T11:19:51.145+0000] {logging_mixin.py:190} INFO - [2025-04-02T11:19:51.145+0000] {dag.py:4180} INFO - Setting next_dagrun for example_branch_operator to 2025-04-01 00:00:00+00:00, run_after=2025-04-02 00:00:00+00:00
[2025-04-02T11:19:51.165+0000] {processor.py:208} INFO - Processing /home/airflow/.local/lib/python3.12/site-packages/airflow/example_dags/example_branch_operator.py took 0.100 seconds
[2025-04-02T11:20:22.329+0000] {processor.py:186} INFO - Started process (PID=2176) to work on /home/airflow/.local/lib/python3.12/site-packages/airflow/example_dags/example_branch_operator.py
[2025-04-02T11:20:22.331+0000] {processor.py:914} INFO - Processing file /home/airflow/.local/lib/python3.12/site-packages/airflow/example_dags/example_branch_operator.py for tasks to queue
[2025-04-02T11:20:22.337+0000] {logging_mixin.py:190} INFO - [2025-04-02T11:20:22.337+0000] {dagbag.py:588} INFO - Filling up the DagBag from /home/airflow/.local/lib/python3.12/site-packages/airflow/example_dags/example_branch_operator.py
[2025-04-02T11:20:22.358+0000] {processor.py:925} INFO - DAG(s) 'example_branch_operator' retrieved from /home/airflow/.local/lib/python3.12/site-packages/airflow/example_dags/example_branch_operator.py
[2025-04-02T11:20:22.387+0000] {logging_mixin.py:190} INFO - [2025-04-02T11:20:22.387+0000] {dag.py:3239} INFO - Sync 1 DAGs
[2025-04-02T11:20:22.411+0000] {logging_mixin.py:190} INFO - [2025-04-02T11:20:22.411+0000] {dag.py:4180} INFO - Setting next_dagrun for example_branch_operator to 2025-04-01 00:00:00+00:00, run_after=2025-04-02 00:00:00+00:00
[2025-04-02T11:20:22.439+0000] {processor.py:208} INFO - Processing /home/airflow/.local/lib/python3.12/site-packages/airflow/example_dags/example_branch_operator.py took 0.116 seconds
[2025-04-02T11:20:53.477+0000] {processor.py:186} INFO - Started process (PID=2242) to work on /home/airflow/.local/lib/python3.12/site-packages/airflow/example_dags/example_branch_operator.py
[2025-04-02T11:20:53.479+0000] {processor.py:914} INFO - Processing file /home/airflow/.local/lib/python3.12/site-packages/airflow/example_dags/example_branch_operator.py for tasks to queue
[2025-04-02T11:20:53.484+0000] {logging_mixin.py:190} INFO - [2025-04-02T11:20:53.484+0000] {dagbag.py:588} INFO - Filling up the DagBag from /home/airflow/.local/lib/python3.12/site-packages/airflow/example_dags/example_branch_operator.py
[2025-04-02T11:20:53.506+0000] {processor.py:925} INFO - DAG(s) 'example_branch_operator' retrieved from /home/airflow/.local/lib/python3.12/site-packages/airflow/example_dags/example_branch_operator.py
[2025-04-02T11:20:53.549+0000] {logging_mixin.py:190} INFO - [2025-04-02T11:20:53.548+0000] {dag.py:3239} INFO - Sync 1 DAGs
[2025-04-02T11:20:53.578+0000] {logging_mixin.py:190} INFO - [2025-04-02T11:20:53.578+0000] {dag.py:4180} INFO - Setting next_dagrun for example_branch_operator to 2025-04-01 00:00:00+00:00, run_after=2025-04-02 00:00:00+00:00
[2025-04-02T11:20:53.604+0000] {processor.py:208} INFO - Processing /home/airflow/.local/lib/python3.12/site-packages/airflow/example_dags/example_branch_operator.py took 0.134 seconds
[2025-04-02T11:21:25.000+0000] {processor.py:186} INFO - Started process (PID=2307) to work on /home/airflow/.local/lib/python3.12/site-packages/airflow/example_dags/example_branch_operator.py
[2025-04-02T11:21:25.002+0000] {processor.py:914} INFO - Processing file /home/airflow/.local/lib/python3.12/site-packages/airflow/example_dags/example_branch_operator.py for tasks to queue
[2025-04-02T11:21:25.007+0000] {logging_mixin.py:190} INFO - [2025-04-02T11:21:25.006+0000] {dagbag.py:588} INFO - Filling up the DagBag from /home/airflow/.local/lib/python3.12/site-packages/airflow/example_dags/example_branch_operator.py
[2025-04-02T11:21:25.028+0000] {processor.py:925} INFO - DAG(s) 'example_branch_operator' retrieved from /home/airflow/.local/lib/python3.12/site-packages/airflow/example_dags/example_branch_operator.py
[2025-04-02T11:21:25.064+0000] {logging_mixin.py:190} INFO - [2025-04-02T11:21:25.064+0000] {dag.py:3239} INFO - Sync 1 DAGs
[2025-04-02T11:21:25.099+0000] {logging_mixin.py:190} INFO - [2025-04-02T11:21:25.098+0000] {dag.py:4180} INFO - Setting next_dagrun for example_branch_operator to 2025-04-01 00:00:00+00:00, run_after=2025-04-02 00:00:00+00:00
[2025-04-02T11:21:25.126+0000] {processor.py:208} INFO - Processing /home/airflow/.local/lib/python3.12/site-packages/airflow/example_dags/example_branch_operator.py took 0.132 seconds
[2025-04-02T11:21:55.507+0000] {processor.py:186} INFO - Started process (PID=2372) to work on /home/airflow/.local/lib/python3.12/site-packages/airflow/example_dags/example_branch_operator.py
[2025-04-02T11:21:55.511+0000] {processor.py:914} INFO - Processing file /home/airflow/.local/lib/python3.12/site-packages/airflow/example_dags/example_branch_operator.py for tasks to queue
[2025-04-02T11:21:55.514+0000] {logging_mixin.py:190} INFO - [2025-04-02T11:21:55.514+0000] {dagbag.py:588} INFO - Filling up the DagBag from /home/airflow/.local/lib/python3.12/site-packages/airflow/example_dags/example_branch_operator.py
[2025-04-02T11:21:55.533+0000] {processor.py:925} INFO - DAG(s) 'example_branch_operator' retrieved from /home/airflow/.local/lib/python3.12/site-packages/airflow/example_dags/example_branch_operator.py
[2025-04-02T11:21:55.562+0000] {logging_mixin.py:190} INFO - [2025-04-02T11:21:55.561+0000] {dag.py:3239} INFO - Sync 1 DAGs
[2025-04-02T11:21:55.585+0000] {logging_mixin.py:190} INFO - [2025-04-02T11:21:55.585+0000] {dag.py:4180} INFO - Setting next_dagrun for example_branch_operator to 2025-04-01 00:00:00+00:00, run_after=2025-04-02 00:00:00+00:00
[2025-04-02T11:21:55.608+0000] {processor.py:208} INFO - Processing /home/airflow/.local/lib/python3.12/site-packages/airflow/example_dags/example_branch_operator.py took 0.106 seconds
[2025-04-02T11:22:26.648+0000] {processor.py:186} INFO - Started process (PID=2437) to work on /home/airflow/.local/lib/python3.12/site-packages/airflow/example_dags/example_branch_operator.py
[2025-04-02T11:22:26.650+0000] {processor.py:914} INFO - Processing file /home/airflow/.local/lib/python3.12/site-packages/airflow/example_dags/example_branch_operator.py for tasks to queue
[2025-04-02T11:22:26.653+0000] {logging_mixin.py:190} INFO - [2025-04-02T11:22:26.652+0000] {dagbag.py:588} INFO - Filling up the DagBag from /home/airflow/.local/lib/python3.12/site-packages/airflow/example_dags/example_branch_operator.py
[2025-04-02T11:22:26.671+0000] {processor.py:925} INFO - DAG(s) 'example_branch_operator' retrieved from /home/airflow/.local/lib/python3.12/site-packages/airflow/example_dags/example_branch_operator.py
[2025-04-02T11:22:26.706+0000] {logging_mixin.py:190} INFO - [2025-04-02T11:22:26.705+0000] {dag.py:3239} INFO - Sync 1 DAGs
[2025-04-02T11:22:26.731+0000] {logging_mixin.py:190} INFO - [2025-04-02T11:22:26.731+0000] {dag.py:4180} INFO - Setting next_dagrun for example_branch_operator to 2025-04-01 00:00:00+00:00, run_after=2025-04-02 00:00:00+00:00
[2025-04-02T11:22:26.754+0000] {processor.py:208} INFO - Processing /home/airflow/.local/lib/python3.12/site-packages/airflow/example_dags/example_branch_operator.py took 0.112 seconds
[2025-04-02T11:22:58.143+0000] {processor.py:186} INFO - Started process (PID=2503) to work on /home/airflow/.local/lib/python3.12/site-packages/airflow/example_dags/example_branch_operator.py
[2025-04-02T11:22:58.145+0000] {processor.py:914} INFO - Processing file /home/airflow/.local/lib/python3.12/site-packages/airflow/example_dags/example_branch_operator.py for tasks to queue
[2025-04-02T11:22:58.148+0000] {logging_mixin.py:190} INFO - [2025-04-02T11:22:58.148+0000] {dagbag.py:588} INFO - Filling up the DagBag from /home/airflow/.local/lib/python3.12/site-packages/airflow/example_dags/example_branch_operator.py
[2025-04-02T11:22:58.163+0000] {processor.py:925} INFO - DAG(s) 'example_branch_operator' retrieved from /home/airflow/.local/lib/python3.12/site-packages/airflow/example_dags/example_branch_operator.py
[2025-04-02T11:22:58.193+0000] {logging_mixin.py:190} INFO - [2025-04-02T11:22:58.193+0000] {dag.py:3239} INFO - Sync 1 DAGs
[2025-04-02T11:22:58.215+0000] {logging_mixin.py:190} INFO - [2025-04-02T11:22:58.215+0000] {dag.py:4180} INFO - Setting next_dagrun for example_branch_operator to 2025-04-01 00:00:00+00:00, run_after=2025-04-02 00:00:00+00:00
[2025-04-02T11:22:58.239+0000] {processor.py:208} INFO - Processing /home/airflow/.local/lib/python3.12/site-packages/airflow/example_dags/example_branch_operator.py took 0.101 seconds
[2025-04-02T11:23:30.266+0000] {processor.py:186} INFO - Started process (PID=2568) to work on /home/airflow/.local/lib/python3.12/site-packages/airflow/example_dags/example_branch_operator.py
[2025-04-02T11:23:30.271+0000] {processor.py:914} INFO - Processing file /home/airflow/.local/lib/python3.12/site-packages/airflow/example_dags/example_branch_operator.py for tasks to queue
[2025-04-02T11:23:30.274+0000] {logging_mixin.py:190} INFO - [2025-04-02T11:23:30.273+0000] {dagbag.py:588} INFO - Filling up the DagBag from /home/airflow/.local/lib/python3.12/site-packages/airflow/example_dags/example_branch_operator.py
[2025-04-02T11:23:30.291+0000] {processor.py:925} INFO - DAG(s) 'example_branch_operator' retrieved from /home/airflow/.local/lib/python3.12/site-packages/airflow/example_dags/example_branch_operator.py
[2025-04-02T11:23:30.321+0000] {logging_mixin.py:190} INFO - [2025-04-02T11:23:30.321+0000] {dag.py:3239} INFO - Sync 1 DAGs
[2025-04-02T11:23:30.345+0000] {logging_mixin.py:190} INFO - [2025-04-02T11:23:30.345+0000] {dag.py:4180} INFO - Setting next_dagrun for example_branch_operator to 2025-04-01 00:00:00+00:00, run_after=2025-04-02 00:00:00+00:00
[2025-04-02T11:23:30.371+0000] {processor.py:208} INFO - Processing /home/airflow/.local/lib/python3.12/site-packages/airflow/example_dags/example_branch_operator.py took 0.110 seconds
