[2025-04-02T09:06:39.716+0000] {processor.py:186} INFO - Started process (PID=7956) to work on /home/airflow/.local/lib/python3.12/site-packages/airflow/example_dags/example_branch_python_dop_operator_3.py
[2025-04-02T09:06:39.719+0000] {processor.py:914} INFO - Processing file /home/airflow/.local/lib/python3.12/site-packages/airflow/example_dags/example_branch_python_dop_operator_3.py for tasks to queue
[2025-04-02T09:06:39.723+0000] {logging_mixin.py:190} INFO - [2025-04-02T09:06:39.722+0000] {dagbag.py:588} INFO - Filling up the DagBag from /home/airflow/.local/lib/python3.12/site-packages/airflow/example_dags/example_branch_python_dop_operator_3.py
[2025-04-02T09:06:39.749+0000] {processor.py:925} INFO - DAG(s) 'example_branch_dop_operator_v3' retrieved from /home/airflow/.local/lib/python3.12/site-packages/airflow/example_dags/example_branch_python_dop_operator_3.py
[2025-04-02T09:06:39.837+0000] {logging_mixin.py:190} INFO - [2025-04-02T09:06:39.836+0000] {dag.py:3239} INFO - Sync 1 DAGs
[2025-04-02T09:06:39.956+0000] {logging_mixin.py:190} INFO - [2025-04-02T09:06:39.955+0000] {dag.py:4180} INFO - Setting next_dagrun for example_branch_dop_operator_v3 to 2025-04-02 09:05:00+00:00, run_after=2025-04-02 09:06:00+00:00
[2025-04-02T09:06:40.021+0000] {processor.py:208} INFO - Processing /home/airflow/.local/lib/python3.12/site-packages/airflow/example_dags/example_branch_python_dop_operator_3.py took 0.322 seconds
[2025-04-02T11:03:45.733+0000] {processor.py:186} INFO - Started process (PID=84) to work on /home/airflow/.local/lib/python3.12/site-packages/airflow/example_dags/example_branch_python_dop_operator_3.py
[2025-04-02T11:03:45.735+0000] {processor.py:914} INFO - Processing file /home/airflow/.local/lib/python3.12/site-packages/airflow/example_dags/example_branch_python_dop_operator_3.py for tasks to queue
[2025-04-02T11:03:45.739+0000] {logging_mixin.py:190} INFO - [2025-04-02T11:03:45.738+0000] {dagbag.py:588} INFO - Filling up the DagBag from /home/airflow/.local/lib/python3.12/site-packages/airflow/example_dags/example_branch_python_dop_operator_3.py
[2025-04-02T11:03:45.750+0000] {processor.py:925} INFO - DAG(s) 'example_branch_dop_operator_v3' retrieved from /home/airflow/.local/lib/python3.12/site-packages/airflow/example_dags/example_branch_python_dop_operator_3.py
[2025-04-02T11:03:45.780+0000] {logging_mixin.py:190} INFO - [2025-04-02T11:03:45.780+0000] {dag.py:3239} INFO - Sync 1 DAGs
[2025-04-02T11:03:45.814+0000] {logging_mixin.py:190} INFO - [2025-04-02T11:03:45.814+0000] {dag.py:4180} INFO - Setting next_dagrun for example_branch_dop_operator_v3 to 2025-04-02 11:02:00+00:00, run_after=2025-04-02 11:03:00+00:00
[2025-04-02T11:03:45.839+0000] {processor.py:208} INFO - Processing /home/airflow/.local/lib/python3.12/site-packages/airflow/example_dags/example_branch_python_dop_operator_3.py took 0.112 seconds
[2025-04-02T11:04:16.472+0000] {processor.py:186} INFO - Started process (PID=149) to work on /home/airflow/.local/lib/python3.12/site-packages/airflow/example_dags/example_branch_python_dop_operator_3.py
[2025-04-02T11:04:16.474+0000] {processor.py:914} INFO - Processing file /home/airflow/.local/lib/python3.12/site-packages/airflow/example_dags/example_branch_python_dop_operator_3.py for tasks to queue
[2025-04-02T11:04:16.477+0000] {logging_mixin.py:190} INFO - [2025-04-02T11:04:16.477+0000] {dagbag.py:588} INFO - Filling up the DagBag from /home/airflow/.local/lib/python3.12/site-packages/airflow/example_dags/example_branch_python_dop_operator_3.py
[2025-04-02T11:04:16.489+0000] {processor.py:925} INFO - DAG(s) 'example_branch_dop_operator_v3' retrieved from /home/airflow/.local/lib/python3.12/site-packages/airflow/example_dags/example_branch_python_dop_operator_3.py
[2025-04-02T11:04:16.510+0000] {logging_mixin.py:190} INFO - [2025-04-02T11:04:16.510+0000] {dag.py:3239} INFO - Sync 1 DAGs
[2025-04-02T11:04:16.540+0000] {logging_mixin.py:190} INFO - [2025-04-02T11:04:16.539+0000] {dag.py:4180} INFO - Setting next_dagrun for example_branch_dop_operator_v3 to 2025-04-02 11:03:00+00:00, run_after=2025-04-02 11:04:00+00:00
[2025-04-02T11:04:16.563+0000] {processor.py:208} INFO - Processing /home/airflow/.local/lib/python3.12/site-packages/airflow/example_dags/example_branch_python_dop_operator_3.py took 0.097 seconds
[2025-04-02T11:04:47.407+0000] {processor.py:186} INFO - Started process (PID=214) to work on /home/airflow/.local/lib/python3.12/site-packages/airflow/example_dags/example_branch_python_dop_operator_3.py
[2025-04-02T11:04:47.408+0000] {processor.py:914} INFO - Processing file /home/airflow/.local/lib/python3.12/site-packages/airflow/example_dags/example_branch_python_dop_operator_3.py for tasks to queue
[2025-04-02T11:04:47.411+0000] {logging_mixin.py:190} INFO - [2025-04-02T11:04:47.411+0000] {dagbag.py:588} INFO - Filling up the DagBag from /home/airflow/.local/lib/python3.12/site-packages/airflow/example_dags/example_branch_python_dop_operator_3.py
[2025-04-02T11:04:47.422+0000] {processor.py:925} INFO - DAG(s) 'example_branch_dop_operator_v3' retrieved from /home/airflow/.local/lib/python3.12/site-packages/airflow/example_dags/example_branch_python_dop_operator_3.py
[2025-04-02T11:04:47.442+0000] {logging_mixin.py:190} INFO - [2025-04-02T11:04:47.442+0000] {dag.py:3239} INFO - Sync 1 DAGs
[2025-04-02T11:04:47.467+0000] {logging_mixin.py:190} INFO - [2025-04-02T11:04:47.467+0000] {dag.py:4180} INFO - Setting next_dagrun for example_branch_dop_operator_v3 to 2025-04-02 11:03:00+00:00, run_after=2025-04-02 11:04:00+00:00
[2025-04-02T11:04:47.490+0000] {processor.py:208} INFO - Processing /home/airflow/.local/lib/python3.12/site-packages/airflow/example_dags/example_branch_python_dop_operator_3.py took 0.089 seconds
[2025-04-02T11:05:19.139+0000] {processor.py:186} INFO - Started process (PID=286) to work on /home/airflow/.local/lib/python3.12/site-packages/airflow/example_dags/example_branch_python_dop_operator_3.py
[2025-04-02T11:05:19.142+0000] {processor.py:914} INFO - Processing file /home/airflow/.local/lib/python3.12/site-packages/airflow/example_dags/example_branch_python_dop_operator_3.py for tasks to queue
[2025-04-02T11:05:19.146+0000] {logging_mixin.py:190} INFO - [2025-04-02T11:05:19.145+0000] {dagbag.py:588} INFO - Filling up the DagBag from /home/airflow/.local/lib/python3.12/site-packages/airflow/example_dags/example_branch_python_dop_operator_3.py
[2025-04-02T11:05:19.161+0000] {processor.py:925} INFO - DAG(s) 'example_branch_dop_operator_v3' retrieved from /home/airflow/.local/lib/python3.12/site-packages/airflow/example_dags/example_branch_python_dop_operator_3.py
[2025-04-02T11:05:19.190+0000] {logging_mixin.py:190} INFO - [2025-04-02T11:05:19.189+0000] {dag.py:3239} INFO - Sync 1 DAGs
[2025-04-02T11:05:19.226+0000] {logging_mixin.py:190} INFO - [2025-04-02T11:05:19.226+0000] {dag.py:4180} INFO - Setting next_dagrun for example_branch_dop_operator_v3 to 2025-04-02 11:04:00+00:00, run_after=2025-04-02 11:05:00+00:00
[2025-04-02T11:05:19.256+0000] {processor.py:208} INFO - Processing /home/airflow/.local/lib/python3.12/site-packages/airflow/example_dags/example_branch_python_dop_operator_3.py took 0.125 seconds
[2025-04-02T11:05:49.754+0000] {processor.py:186} INFO - Started process (PID=351) to work on /home/airflow/.local/lib/python3.12/site-packages/airflow/example_dags/example_branch_python_dop_operator_3.py
[2025-04-02T11:05:49.757+0000] {processor.py:914} INFO - Processing file /home/airflow/.local/lib/python3.12/site-packages/airflow/example_dags/example_branch_python_dop_operator_3.py for tasks to queue
[2025-04-02T11:05:49.760+0000] {logging_mixin.py:190} INFO - [2025-04-02T11:05:49.760+0000] {dagbag.py:588} INFO - Filling up the DagBag from /home/airflow/.local/lib/python3.12/site-packages/airflow/example_dags/example_branch_python_dop_operator_3.py
[2025-04-02T11:05:49.772+0000] {processor.py:925} INFO - DAG(s) 'example_branch_dop_operator_v3' retrieved from /home/airflow/.local/lib/python3.12/site-packages/airflow/example_dags/example_branch_python_dop_operator_3.py
[2025-04-02T11:05:49.795+0000] {logging_mixin.py:190} INFO - [2025-04-02T11:05:49.795+0000] {dag.py:3239} INFO - Sync 1 DAGs
[2025-04-02T11:05:49.822+0000] {logging_mixin.py:190} INFO - [2025-04-02T11:05:49.821+0000] {dag.py:4180} INFO - Setting next_dagrun for example_branch_dop_operator_v3 to 2025-04-02 11:04:00+00:00, run_after=2025-04-02 11:05:00+00:00
[2025-04-02T11:05:49.851+0000] {processor.py:208} INFO - Processing /home/airflow/.local/lib/python3.12/site-packages/airflow/example_dags/example_branch_python_dop_operator_3.py took 0.102 seconds
[2025-04-02T11:06:21.078+0000] {processor.py:186} INFO - Started process (PID=416) to work on /home/airflow/.local/lib/python3.12/site-packages/airflow/example_dags/example_branch_python_dop_operator_3.py
[2025-04-02T11:06:21.079+0000] {processor.py:914} INFO - Processing file /home/airflow/.local/lib/python3.12/site-packages/airflow/example_dags/example_branch_python_dop_operator_3.py for tasks to queue
[2025-04-02T11:06:21.082+0000] {logging_mixin.py:190} INFO - [2025-04-02T11:06:21.082+0000] {dagbag.py:588} INFO - Filling up the DagBag from /home/airflow/.local/lib/python3.12/site-packages/airflow/example_dags/example_branch_python_dop_operator_3.py
[2025-04-02T11:06:21.092+0000] {processor.py:925} INFO - DAG(s) 'example_branch_dop_operator_v3' retrieved from /home/airflow/.local/lib/python3.12/site-packages/airflow/example_dags/example_branch_python_dop_operator_3.py
[2025-04-02T11:06:21.113+0000] {logging_mixin.py:190} INFO - [2025-04-02T11:06:21.112+0000] {dag.py:3239} INFO - Sync 1 DAGs
[2025-04-02T11:06:21.136+0000] {logging_mixin.py:190} INFO - [2025-04-02T11:06:21.136+0000] {dag.py:4180} INFO - Setting next_dagrun for example_branch_dop_operator_v3 to 2025-04-02 11:05:00+00:00, run_after=2025-04-02 11:06:00+00:00
[2025-04-02T11:06:21.160+0000] {processor.py:208} INFO - Processing /home/airflow/.local/lib/python3.12/site-packages/airflow/example_dags/example_branch_python_dop_operator_3.py took 0.088 seconds
[2025-04-02T11:06:51.930+0000] {processor.py:186} INFO - Started process (PID=481) to work on /home/airflow/.local/lib/python3.12/site-packages/airflow/example_dags/example_branch_python_dop_operator_3.py
[2025-04-02T11:06:51.933+0000] {processor.py:914} INFO - Processing file /home/airflow/.local/lib/python3.12/site-packages/airflow/example_dags/example_branch_python_dop_operator_3.py for tasks to queue
[2025-04-02T11:06:51.937+0000] {logging_mixin.py:190} INFO - [2025-04-02T11:06:51.936+0000] {dagbag.py:588} INFO - Filling up the DagBag from /home/airflow/.local/lib/python3.12/site-packages/airflow/example_dags/example_branch_python_dop_operator_3.py
[2025-04-02T11:06:51.949+0000] {processor.py:925} INFO - DAG(s) 'example_branch_dop_operator_v3' retrieved from /home/airflow/.local/lib/python3.12/site-packages/airflow/example_dags/example_branch_python_dop_operator_3.py
[2025-04-02T11:06:51.977+0000] {logging_mixin.py:190} INFO - [2025-04-02T11:06:51.976+0000] {dag.py:3239} INFO - Sync 1 DAGs
[2025-04-02T11:06:52.004+0000] {logging_mixin.py:190} INFO - [2025-04-02T11:06:52.004+0000] {dag.py:4180} INFO - Setting next_dagrun for example_branch_dop_operator_v3 to 2025-04-02 11:05:00+00:00, run_after=2025-04-02 11:06:00+00:00
[2025-04-02T11:06:52.031+0000] {processor.py:208} INFO - Processing /home/airflow/.local/lib/python3.12/site-packages/airflow/example_dags/example_branch_python_dop_operator_3.py took 0.106 seconds
[2025-04-02T11:07:22.685+0000] {processor.py:186} INFO - Started process (PID=546) to work on /home/airflow/.local/lib/python3.12/site-packages/airflow/example_dags/example_branch_python_dop_operator_3.py
[2025-04-02T11:07:22.688+0000] {processor.py:914} INFO - Processing file /home/airflow/.local/lib/python3.12/site-packages/airflow/example_dags/example_branch_python_dop_operator_3.py for tasks to queue
[2025-04-02T11:07:22.692+0000] {logging_mixin.py:190} INFO - [2025-04-02T11:07:22.692+0000] {dagbag.py:588} INFO - Filling up the DagBag from /home/airflow/.local/lib/python3.12/site-packages/airflow/example_dags/example_branch_python_dop_operator_3.py
[2025-04-02T11:07:22.705+0000] {processor.py:925} INFO - DAG(s) 'example_branch_dop_operator_v3' retrieved from /home/airflow/.local/lib/python3.12/site-packages/airflow/example_dags/example_branch_python_dop_operator_3.py
[2025-04-02T11:07:22.733+0000] {logging_mixin.py:190} INFO - [2025-04-02T11:07:22.733+0000] {dag.py:3239} INFO - Sync 1 DAGs
[2025-04-02T11:07:22.765+0000] {logging_mixin.py:190} INFO - [2025-04-02T11:07:22.765+0000] {dag.py:4180} INFO - Setting next_dagrun for example_branch_dop_operator_v3 to 2025-04-02 11:06:00+00:00, run_after=2025-04-02 11:07:00+00:00
[2025-04-02T11:07:22.791+0000] {processor.py:208} INFO - Processing /home/airflow/.local/lib/python3.12/site-packages/airflow/example_dags/example_branch_python_dop_operator_3.py took 0.112 seconds
[2025-04-02T11:07:53.689+0000] {processor.py:186} INFO - Started process (PID=611) to work on /home/airflow/.local/lib/python3.12/site-packages/airflow/example_dags/example_branch_python_dop_operator_3.py
[2025-04-02T11:07:53.692+0000] {processor.py:914} INFO - Processing file /home/airflow/.local/lib/python3.12/site-packages/airflow/example_dags/example_branch_python_dop_operator_3.py for tasks to queue
[2025-04-02T11:07:53.696+0000] {logging_mixin.py:190} INFO - [2025-04-02T11:07:53.695+0000] {dagbag.py:588} INFO - Filling up the DagBag from /home/airflow/.local/lib/python3.12/site-packages/airflow/example_dags/example_branch_python_dop_operator_3.py
[2025-04-02T11:07:53.709+0000] {processor.py:925} INFO - DAG(s) 'example_branch_dop_operator_v3' retrieved from /home/airflow/.local/lib/python3.12/site-packages/airflow/example_dags/example_branch_python_dop_operator_3.py
[2025-04-02T11:07:53.736+0000] {logging_mixin.py:190} INFO - [2025-04-02T11:07:53.736+0000] {dag.py:3239} INFO - Sync 1 DAGs
[2025-04-02T11:07:53.765+0000] {logging_mixin.py:190} INFO - [2025-04-02T11:07:53.764+0000] {dag.py:4180} INFO - Setting next_dagrun for example_branch_dop_operator_v3 to 2025-04-02 11:06:00+00:00, run_after=2025-04-02 11:07:00+00:00
[2025-04-02T11:07:53.798+0000] {processor.py:208} INFO - Processing /home/airflow/.local/lib/python3.12/site-packages/airflow/example_dags/example_branch_python_dop_operator_3.py took 0.113 seconds
[2025-04-02T11:08:25.159+0000] {processor.py:186} INFO - Started process (PID=676) to work on /home/airflow/.local/lib/python3.12/site-packages/airflow/example_dags/example_branch_python_dop_operator_3.py
[2025-04-02T11:08:25.161+0000] {processor.py:914} INFO - Processing file /home/airflow/.local/lib/python3.12/site-packages/airflow/example_dags/example_branch_python_dop_operator_3.py for tasks to queue
[2025-04-02T11:08:25.164+0000] {logging_mixin.py:190} INFO - [2025-04-02T11:08:25.164+0000] {dagbag.py:588} INFO - Filling up the DagBag from /home/airflow/.local/lib/python3.12/site-packages/airflow/example_dags/example_branch_python_dop_operator_3.py
[2025-04-02T11:08:25.175+0000] {processor.py:925} INFO - DAG(s) 'example_branch_dop_operator_v3' retrieved from /home/airflow/.local/lib/python3.12/site-packages/airflow/example_dags/example_branch_python_dop_operator_3.py
[2025-04-02T11:08:25.201+0000] {logging_mixin.py:190} INFO - [2025-04-02T11:08:25.201+0000] {dag.py:3239} INFO - Sync 1 DAGs
[2025-04-02T11:08:25.226+0000] {logging_mixin.py:190} INFO - [2025-04-02T11:08:25.226+0000] {dag.py:4180} INFO - Setting next_dagrun for example_branch_dop_operator_v3 to 2025-04-02 11:07:00+00:00, run_after=2025-04-02 11:08:00+00:00
[2025-04-02T11:08:25.247+0000] {processor.py:208} INFO - Processing /home/airflow/.local/lib/python3.12/site-packages/airflow/example_dags/example_branch_python_dop_operator_3.py took 0.093 seconds
[2025-04-02T11:08:56.489+0000] {processor.py:186} INFO - Started process (PID=741) to work on /home/airflow/.local/lib/python3.12/site-packages/airflow/example_dags/example_branch_python_dop_operator_3.py
[2025-04-02T11:08:56.491+0000] {processor.py:914} INFO - Processing file /home/airflow/.local/lib/python3.12/site-packages/airflow/example_dags/example_branch_python_dop_operator_3.py for tasks to queue
[2025-04-02T11:08:56.494+0000] {logging_mixin.py:190} INFO - [2025-04-02T11:08:56.494+0000] {dagbag.py:588} INFO - Filling up the DagBag from /home/airflow/.local/lib/python3.12/site-packages/airflow/example_dags/example_branch_python_dop_operator_3.py
[2025-04-02T11:08:56.506+0000] {processor.py:925} INFO - DAG(s) 'example_branch_dop_operator_v3' retrieved from /home/airflow/.local/lib/python3.12/site-packages/airflow/example_dags/example_branch_python_dop_operator_3.py
[2025-04-02T11:08:56.529+0000] {logging_mixin.py:190} INFO - [2025-04-02T11:08:56.529+0000] {dag.py:3239} INFO - Sync 1 DAGs
[2025-04-02T11:08:56.553+0000] {logging_mixin.py:190} INFO - [2025-04-02T11:08:56.553+0000] {dag.py:4180} INFO - Setting next_dagrun for example_branch_dop_operator_v3 to 2025-04-02 11:07:00+00:00, run_after=2025-04-02 11:08:00+00:00
[2025-04-02T11:08:56.577+0000] {processor.py:208} INFO - Processing /home/airflow/.local/lib/python3.12/site-packages/airflow/example_dags/example_branch_python_dop_operator_3.py took 0.093 seconds
[2025-04-02T11:09:27.779+0000] {processor.py:186} INFO - Started process (PID=806) to work on /home/airflow/.local/lib/python3.12/site-packages/airflow/example_dags/example_branch_python_dop_operator_3.py
[2025-04-02T11:09:27.781+0000] {processor.py:914} INFO - Processing file /home/airflow/.local/lib/python3.12/site-packages/airflow/example_dags/example_branch_python_dop_operator_3.py for tasks to queue
[2025-04-02T11:09:27.785+0000] {logging_mixin.py:190} INFO - [2025-04-02T11:09:27.785+0000] {dagbag.py:588} INFO - Filling up the DagBag from /home/airflow/.local/lib/python3.12/site-packages/airflow/example_dags/example_branch_python_dop_operator_3.py
[2025-04-02T11:09:27.795+0000] {processor.py:925} INFO - DAG(s) 'example_branch_dop_operator_v3' retrieved from /home/airflow/.local/lib/python3.12/site-packages/airflow/example_dags/example_branch_python_dop_operator_3.py
[2025-04-02T11:09:27.820+0000] {logging_mixin.py:190} INFO - [2025-04-02T11:09:27.820+0000] {dag.py:3239} INFO - Sync 1 DAGs
[2025-04-02T11:09:27.844+0000] {logging_mixin.py:190} INFO - [2025-04-02T11:09:27.844+0000] {dag.py:4180} INFO - Setting next_dagrun for example_branch_dop_operator_v3 to 2025-04-02 11:08:00+00:00, run_after=2025-04-02 11:09:00+00:00
[2025-04-02T11:09:27.865+0000] {processor.py:208} INFO - Processing /home/airflow/.local/lib/python3.12/site-packages/airflow/example_dags/example_branch_python_dop_operator_3.py took 0.091 seconds
[2025-04-02T11:09:58.746+0000] {processor.py:186} INFO - Started process (PID=871) to work on /home/airflow/.local/lib/python3.12/site-packages/airflow/example_dags/example_branch_python_dop_operator_3.py
[2025-04-02T11:09:58.749+0000] {processor.py:914} INFO - Processing file /home/airflow/.local/lib/python3.12/site-packages/airflow/example_dags/example_branch_python_dop_operator_3.py for tasks to queue
[2025-04-02T11:09:58.755+0000] {logging_mixin.py:190} INFO - [2025-04-02T11:09:58.754+0000] {dagbag.py:588} INFO - Filling up the DagBag from /home/airflow/.local/lib/python3.12/site-packages/airflow/example_dags/example_branch_python_dop_operator_3.py
[2025-04-02T11:09:58.766+0000] {processor.py:925} INFO - DAG(s) 'example_branch_dop_operator_v3' retrieved from /home/airflow/.local/lib/python3.12/site-packages/airflow/example_dags/example_branch_python_dop_operator_3.py
[2025-04-02T11:09:58.797+0000] {logging_mixin.py:190} INFO - [2025-04-02T11:09:58.796+0000] {dag.py:3239} INFO - Sync 1 DAGs
[2025-04-02T11:09:58.829+0000] {logging_mixin.py:190} INFO - [2025-04-02T11:09:58.828+0000] {dag.py:4180} INFO - Setting next_dagrun for example_branch_dop_operator_v3 to 2025-04-02 11:08:00+00:00, run_after=2025-04-02 11:09:00+00:00
[2025-04-02T11:09:58.879+0000] {processor.py:208} INFO - Processing /home/airflow/.local/lib/python3.12/site-packages/airflow/example_dags/example_branch_python_dop_operator_3.py took 0.138 seconds
[2025-04-02T11:10:29.378+0000] {processor.py:186} INFO - Started process (PID=936) to work on /home/airflow/.local/lib/python3.12/site-packages/airflow/example_dags/example_branch_python_dop_operator_3.py
[2025-04-02T11:10:29.379+0000] {processor.py:914} INFO - Processing file /home/airflow/.local/lib/python3.12/site-packages/airflow/example_dags/example_branch_python_dop_operator_3.py for tasks to queue
[2025-04-02T11:10:29.384+0000] {logging_mixin.py:190} INFO - [2025-04-02T11:10:29.383+0000] {dagbag.py:588} INFO - Filling up the DagBag from /home/airflow/.local/lib/python3.12/site-packages/airflow/example_dags/example_branch_python_dop_operator_3.py
[2025-04-02T11:10:29.394+0000] {processor.py:925} INFO - DAG(s) 'example_branch_dop_operator_v3' retrieved from /home/airflow/.local/lib/python3.12/site-packages/airflow/example_dags/example_branch_python_dop_operator_3.py
[2025-04-02T11:10:29.420+0000] {logging_mixin.py:190} INFO - [2025-04-02T11:10:29.419+0000] {dag.py:3239} INFO - Sync 1 DAGs
[2025-04-02T11:10:29.448+0000] {logging_mixin.py:190} INFO - [2025-04-02T11:10:29.447+0000] {dag.py:4180} INFO - Setting next_dagrun for example_branch_dop_operator_v3 to 2025-04-02 11:09:00+00:00, run_after=2025-04-02 11:10:00+00:00
[2025-04-02T11:10:29.469+0000] {processor.py:208} INFO - Processing /home/airflow/.local/lib/python3.12/site-packages/airflow/example_dags/example_branch_python_dop_operator_3.py took 0.096 seconds
[2025-04-02T11:11:01.000+0000] {processor.py:186} INFO - Started process (PID=1001) to work on /home/airflow/.local/lib/python3.12/site-packages/airflow/example_dags/example_branch_python_dop_operator_3.py
[2025-04-02T11:11:01.002+0000] {processor.py:914} INFO - Processing file /home/airflow/.local/lib/python3.12/site-packages/airflow/example_dags/example_branch_python_dop_operator_3.py for tasks to queue
[2025-04-02T11:11:01.005+0000] {logging_mixin.py:190} INFO - [2025-04-02T11:11:01.004+0000] {dagbag.py:588} INFO - Filling up the DagBag from /home/airflow/.local/lib/python3.12/site-packages/airflow/example_dags/example_branch_python_dop_operator_3.py
[2025-04-02T11:11:01.015+0000] {processor.py:925} INFO - DAG(s) 'example_branch_dop_operator_v3' retrieved from /home/airflow/.local/lib/python3.12/site-packages/airflow/example_dags/example_branch_python_dop_operator_3.py
[2025-04-02T11:11:01.033+0000] {logging_mixin.py:190} INFO - [2025-04-02T11:11:01.033+0000] {dag.py:3239} INFO - Sync 1 DAGs
[2025-04-02T11:11:01.057+0000] {logging_mixin.py:190} INFO - [2025-04-02T11:11:01.056+0000] {dag.py:4180} INFO - Setting next_dagrun for example_branch_dop_operator_v3 to 2025-04-02 11:10:00+00:00, run_after=2025-04-02 11:11:00+00:00
[2025-04-02T11:11:01.074+0000] {processor.py:208} INFO - Processing /home/airflow/.local/lib/python3.12/site-packages/airflow/example_dags/example_branch_python_dop_operator_3.py took 0.079 seconds
[2025-04-02T11:11:32.692+0000] {processor.py:186} INFO - Started process (PID=1066) to work on /home/airflow/.local/lib/python3.12/site-packages/airflow/example_dags/example_branch_python_dop_operator_3.py
[2025-04-02T11:11:32.696+0000] {processor.py:914} INFO - Processing file /home/airflow/.local/lib/python3.12/site-packages/airflow/example_dags/example_branch_python_dop_operator_3.py for tasks to queue
[2025-04-02T11:11:32.702+0000] {logging_mixin.py:190} INFO - [2025-04-02T11:11:32.701+0000] {dagbag.py:588} INFO - Filling up the DagBag from /home/airflow/.local/lib/python3.12/site-packages/airflow/example_dags/example_branch_python_dop_operator_3.py
[2025-04-02T11:11:32.715+0000] {processor.py:925} INFO - DAG(s) 'example_branch_dop_operator_v3' retrieved from /home/airflow/.local/lib/python3.12/site-packages/airflow/example_dags/example_branch_python_dop_operator_3.py
[2025-04-02T11:11:32.744+0000] {logging_mixin.py:190} INFO - [2025-04-02T11:11:32.743+0000] {dag.py:3239} INFO - Sync 1 DAGs
[2025-04-02T11:11:32.777+0000] {logging_mixin.py:190} INFO - [2025-04-02T11:11:32.777+0000] {dag.py:4180} INFO - Setting next_dagrun for example_branch_dop_operator_v3 to 2025-04-02 11:10:00+00:00, run_after=2025-04-02 11:11:00+00:00
[2025-04-02T11:11:32.809+0000] {processor.py:208} INFO - Processing /home/airflow/.local/lib/python3.12/site-packages/airflow/example_dags/example_branch_python_dop_operator_3.py took 0.124 seconds
[2025-04-02T11:12:04.132+0000] {processor.py:186} INFO - Started process (PID=1131) to work on /home/airflow/.local/lib/python3.12/site-packages/airflow/example_dags/example_branch_python_dop_operator_3.py
[2025-04-02T11:12:04.135+0000] {processor.py:914} INFO - Processing file /home/airflow/.local/lib/python3.12/site-packages/airflow/example_dags/example_branch_python_dop_operator_3.py for tasks to queue
[2025-04-02T11:12:04.140+0000] {logging_mixin.py:190} INFO - [2025-04-02T11:12:04.140+0000] {dagbag.py:588} INFO - Filling up the DagBag from /home/airflow/.local/lib/python3.12/site-packages/airflow/example_dags/example_branch_python_dop_operator_3.py
[2025-04-02T11:12:04.162+0000] {processor.py:925} INFO - DAG(s) 'example_branch_dop_operator_v3' retrieved from /home/airflow/.local/lib/python3.12/site-packages/airflow/example_dags/example_branch_python_dop_operator_3.py
[2025-04-02T11:12:04.198+0000] {logging_mixin.py:190} INFO - [2025-04-02T11:12:04.197+0000] {dag.py:3239} INFO - Sync 1 DAGs
[2025-04-02T11:12:04.243+0000] {logging_mixin.py:190} INFO - [2025-04-02T11:12:04.243+0000] {dag.py:4180} INFO - Setting next_dagrun for example_branch_dop_operator_v3 to 2025-04-02 11:11:00+00:00, run_after=2025-04-02 11:12:00+00:00
[2025-04-02T11:12:04.274+0000] {processor.py:208} INFO - Processing /home/airflow/.local/lib/python3.12/site-packages/airflow/example_dags/example_branch_python_dop_operator_3.py took 0.154 seconds
[2025-04-02T11:12:35.656+0000] {processor.py:186} INFO - Started process (PID=1196) to work on /home/airflow/.local/lib/python3.12/site-packages/airflow/example_dags/example_branch_python_dop_operator_3.py
[2025-04-02T11:12:35.657+0000] {processor.py:914} INFO - Processing file /home/airflow/.local/lib/python3.12/site-packages/airflow/example_dags/example_branch_python_dop_operator_3.py for tasks to queue
[2025-04-02T11:12:35.660+0000] {logging_mixin.py:190} INFO - [2025-04-02T11:12:35.660+0000] {dagbag.py:588} INFO - Filling up the DagBag from /home/airflow/.local/lib/python3.12/site-packages/airflow/example_dags/example_branch_python_dop_operator_3.py
[2025-04-02T11:12:35.669+0000] {processor.py:925} INFO - DAG(s) 'example_branch_dop_operator_v3' retrieved from /home/airflow/.local/lib/python3.12/site-packages/airflow/example_dags/example_branch_python_dop_operator_3.py
[2025-04-02T11:12:35.695+0000] {logging_mixin.py:190} INFO - [2025-04-02T11:12:35.695+0000] {dag.py:3239} INFO - Sync 1 DAGs
[2025-04-02T11:12:35.724+0000] {logging_mixin.py:190} INFO - [2025-04-02T11:12:35.723+0000] {dag.py:4180} INFO - Setting next_dagrun for example_branch_dop_operator_v3 to 2025-04-02 11:11:00+00:00, run_after=2025-04-02 11:12:00+00:00
[2025-04-02T11:12:35.749+0000] {processor.py:208} INFO - Processing /home/airflow/.local/lib/python3.12/site-packages/airflow/example_dags/example_branch_python_dop_operator_3.py took 0.098 seconds
[2025-04-02T11:13:06.747+0000] {processor.py:186} INFO - Started process (PID=1262) to work on /home/airflow/.local/lib/python3.12/site-packages/airflow/example_dags/example_branch_python_dop_operator_3.py
[2025-04-02T11:13:06.749+0000] {processor.py:914} INFO - Processing file /home/airflow/.local/lib/python3.12/site-packages/airflow/example_dags/example_branch_python_dop_operator_3.py for tasks to queue
[2025-04-02T11:13:06.752+0000] {logging_mixin.py:190} INFO - [2025-04-02T11:13:06.751+0000] {dagbag.py:588} INFO - Filling up the DagBag from /home/airflow/.local/lib/python3.12/site-packages/airflow/example_dags/example_branch_python_dop_operator_3.py
[2025-04-02T11:13:06.761+0000] {processor.py:925} INFO - DAG(s) 'example_branch_dop_operator_v3' retrieved from /home/airflow/.local/lib/python3.12/site-packages/airflow/example_dags/example_branch_python_dop_operator_3.py
[2025-04-02T11:13:06.783+0000] {logging_mixin.py:190} INFO - [2025-04-02T11:13:06.782+0000] {dag.py:3239} INFO - Sync 1 DAGs
[2025-04-02T11:13:06.805+0000] {logging_mixin.py:190} INFO - [2025-04-02T11:13:06.805+0000] {dag.py:4180} INFO - Setting next_dagrun for example_branch_dop_operator_v3 to 2025-04-02 11:12:00+00:00, run_after=2025-04-02 11:13:00+00:00
[2025-04-02T11:13:06.825+0000] {processor.py:208} INFO - Processing /home/airflow/.local/lib/python3.12/site-packages/airflow/example_dags/example_branch_python_dop_operator_3.py took 0.082 seconds
[2025-04-02T11:13:38.038+0000] {processor.py:186} INFO - Started process (PID=1327) to work on /home/airflow/.local/lib/python3.12/site-packages/airflow/example_dags/example_branch_python_dop_operator_3.py
[2025-04-02T11:13:38.039+0000] {processor.py:914} INFO - Processing file /home/airflow/.local/lib/python3.12/site-packages/airflow/example_dags/example_branch_python_dop_operator_3.py for tasks to queue
[2025-04-02T11:13:38.042+0000] {logging_mixin.py:190} INFO - [2025-04-02T11:13:38.041+0000] {dagbag.py:588} INFO - Filling up the DagBag from /home/airflow/.local/lib/python3.12/site-packages/airflow/example_dags/example_branch_python_dop_operator_3.py
[2025-04-02T11:13:38.051+0000] {processor.py:925} INFO - DAG(s) 'example_branch_dop_operator_v3' retrieved from /home/airflow/.local/lib/python3.12/site-packages/airflow/example_dags/example_branch_python_dop_operator_3.py
[2025-04-02T11:13:38.068+0000] {logging_mixin.py:190} INFO - [2025-04-02T11:13:38.068+0000] {dag.py:3239} INFO - Sync 1 DAGs
[2025-04-02T11:13:38.088+0000] {logging_mixin.py:190} INFO - [2025-04-02T11:13:38.088+0000] {dag.py:4180} INFO - Setting next_dagrun for example_branch_dop_operator_v3 to 2025-04-02 11:12:00+00:00, run_after=2025-04-02 11:13:00+00:00
[2025-04-02T11:13:38.109+0000] {processor.py:208} INFO - Processing /home/airflow/.local/lib/python3.12/site-packages/airflow/example_dags/example_branch_python_dop_operator_3.py took 0.076 seconds
[2025-04-02T11:14:09.225+0000] {processor.py:186} INFO - Started process (PID=1392) to work on /home/airflow/.local/lib/python3.12/site-packages/airflow/example_dags/example_branch_python_dop_operator_3.py
[2025-04-02T11:14:09.227+0000] {processor.py:914} INFO - Processing file /home/airflow/.local/lib/python3.12/site-packages/airflow/example_dags/example_branch_python_dop_operator_3.py for tasks to queue
[2025-04-02T11:14:09.230+0000] {logging_mixin.py:190} INFO - [2025-04-02T11:14:09.230+0000] {dagbag.py:588} INFO - Filling up the DagBag from /home/airflow/.local/lib/python3.12/site-packages/airflow/example_dags/example_branch_python_dop_operator_3.py
[2025-04-02T11:14:09.241+0000] {processor.py:925} INFO - DAG(s) 'example_branch_dop_operator_v3' retrieved from /home/airflow/.local/lib/python3.12/site-packages/airflow/example_dags/example_branch_python_dop_operator_3.py
[2025-04-02T11:14:09.260+0000] {logging_mixin.py:190} INFO - [2025-04-02T11:14:09.260+0000] {dag.py:3239} INFO - Sync 1 DAGs
[2025-04-02T11:14:09.283+0000] {logging_mixin.py:190} INFO - [2025-04-02T11:14:09.283+0000] {dag.py:4180} INFO - Setting next_dagrun for example_branch_dop_operator_v3 to 2025-04-02 11:13:00+00:00, run_after=2025-04-02 11:14:00+00:00
[2025-04-02T11:14:09.301+0000] {processor.py:208} INFO - Processing /home/airflow/.local/lib/python3.12/site-packages/airflow/example_dags/example_branch_python_dop_operator_3.py took 0.082 seconds
[2025-04-02T11:14:40.696+0000] {processor.py:186} INFO - Started process (PID=1457) to work on /home/airflow/.local/lib/python3.12/site-packages/airflow/example_dags/example_branch_python_dop_operator_3.py
[2025-04-02T11:14:40.698+0000] {processor.py:914} INFO - Processing file /home/airflow/.local/lib/python3.12/site-packages/airflow/example_dags/example_branch_python_dop_operator_3.py for tasks to queue
[2025-04-02T11:14:40.701+0000] {logging_mixin.py:190} INFO - [2025-04-02T11:14:40.701+0000] {dagbag.py:588} INFO - Filling up the DagBag from /home/airflow/.local/lib/python3.12/site-packages/airflow/example_dags/example_branch_python_dop_operator_3.py
[2025-04-02T11:14:40.711+0000] {processor.py:925} INFO - DAG(s) 'example_branch_dop_operator_v3' retrieved from /home/airflow/.local/lib/python3.12/site-packages/airflow/example_dags/example_branch_python_dop_operator_3.py
[2025-04-02T11:14:40.741+0000] {logging_mixin.py:190} INFO - [2025-04-02T11:14:40.740+0000] {dag.py:3239} INFO - Sync 1 DAGs
[2025-04-02T11:14:40.770+0000] {logging_mixin.py:190} INFO - [2025-04-02T11:14:40.770+0000] {dag.py:4180} INFO - Setting next_dagrun for example_branch_dop_operator_v3 to 2025-04-02 11:13:00+00:00, run_after=2025-04-02 11:14:00+00:00
[2025-04-02T11:14:40.799+0000] {processor.py:208} INFO - Processing /home/airflow/.local/lib/python3.12/site-packages/airflow/example_dags/example_branch_python_dop_operator_3.py took 0.108 seconds
[2025-04-02T11:15:11.862+0000] {processor.py:186} INFO - Started process (PID=1522) to work on /home/airflow/.local/lib/python3.12/site-packages/airflow/example_dags/example_branch_python_dop_operator_3.py
[2025-04-02T11:15:11.864+0000] {processor.py:914} INFO - Processing file /home/airflow/.local/lib/python3.12/site-packages/airflow/example_dags/example_branch_python_dop_operator_3.py for tasks to queue
[2025-04-02T11:15:11.867+0000] {logging_mixin.py:190} INFO - [2025-04-02T11:15:11.866+0000] {dagbag.py:588} INFO - Filling up the DagBag from /home/airflow/.local/lib/python3.12/site-packages/airflow/example_dags/example_branch_python_dop_operator_3.py
[2025-04-02T11:15:11.877+0000] {processor.py:925} INFO - DAG(s) 'example_branch_dop_operator_v3' retrieved from /home/airflow/.local/lib/python3.12/site-packages/airflow/example_dags/example_branch_python_dop_operator_3.py
[2025-04-02T11:15:11.901+0000] {logging_mixin.py:190} INFO - [2025-04-02T11:15:11.901+0000] {dag.py:3239} INFO - Sync 1 DAGs
[2025-04-02T11:15:11.926+0000] {logging_mixin.py:190} INFO - [2025-04-02T11:15:11.926+0000] {dag.py:4180} INFO - Setting next_dagrun for example_branch_dop_operator_v3 to 2025-04-02 11:14:00+00:00, run_after=2025-04-02 11:15:00+00:00
[2025-04-02T11:15:11.949+0000] {processor.py:208} INFO - Processing /home/airflow/.local/lib/python3.12/site-packages/airflow/example_dags/example_branch_python_dop_operator_3.py took 0.093 seconds
[2025-04-02T11:15:43.378+0000] {processor.py:186} INFO - Started process (PID=1587) to work on /home/airflow/.local/lib/python3.12/site-packages/airflow/example_dags/example_branch_python_dop_operator_3.py
[2025-04-02T11:15:43.380+0000] {processor.py:914} INFO - Processing file /home/airflow/.local/lib/python3.12/site-packages/airflow/example_dags/example_branch_python_dop_operator_3.py for tasks to queue
[2025-04-02T11:15:43.384+0000] {logging_mixin.py:190} INFO - [2025-04-02T11:15:43.384+0000] {dagbag.py:588} INFO - Filling up the DagBag from /home/airflow/.local/lib/python3.12/site-packages/airflow/example_dags/example_branch_python_dop_operator_3.py
[2025-04-02T11:15:43.395+0000] {processor.py:925} INFO - DAG(s) 'example_branch_dop_operator_v3' retrieved from /home/airflow/.local/lib/python3.12/site-packages/airflow/example_dags/example_branch_python_dop_operator_3.py
[2025-04-02T11:15:43.430+0000] {logging_mixin.py:190} INFO - [2025-04-02T11:15:43.430+0000] {dag.py:3239} INFO - Sync 1 DAGs
[2025-04-02T11:15:43.463+0000] {logging_mixin.py:190} INFO - [2025-04-02T11:15:43.463+0000] {dag.py:4180} INFO - Setting next_dagrun for example_branch_dop_operator_v3 to 2025-04-02 11:14:00+00:00, run_after=2025-04-02 11:15:00+00:00
[2025-04-02T11:15:43.498+0000] {processor.py:208} INFO - Processing /home/airflow/.local/lib/python3.12/site-packages/airflow/example_dags/example_branch_python_dop_operator_3.py took 0.126 seconds
[2025-04-02T11:16:13.752+0000] {processor.py:186} INFO - Started process (PID=1652) to work on /home/airflow/.local/lib/python3.12/site-packages/airflow/example_dags/example_branch_python_dop_operator_3.py
[2025-04-02T11:16:13.753+0000] {processor.py:914} INFO - Processing file /home/airflow/.local/lib/python3.12/site-packages/airflow/example_dags/example_branch_python_dop_operator_3.py for tasks to queue
[2025-04-02T11:16:13.756+0000] {logging_mixin.py:190} INFO - [2025-04-02T11:16:13.756+0000] {dagbag.py:588} INFO - Filling up the DagBag from /home/airflow/.local/lib/python3.12/site-packages/airflow/example_dags/example_branch_python_dop_operator_3.py
[2025-04-02T11:16:13.765+0000] {processor.py:925} INFO - DAG(s) 'example_branch_dop_operator_v3' retrieved from /home/airflow/.local/lib/python3.12/site-packages/airflow/example_dags/example_branch_python_dop_operator_3.py
[2025-04-02T11:16:13.784+0000] {logging_mixin.py:190} INFO - [2025-04-02T11:16:13.784+0000] {dag.py:3239} INFO - Sync 1 DAGs
[2025-04-02T11:16:13.805+0000] {logging_mixin.py:190} INFO - [2025-04-02T11:16:13.805+0000] {dag.py:4180} INFO - Setting next_dagrun for example_branch_dop_operator_v3 to 2025-04-02 11:15:00+00:00, run_after=2025-04-02 11:16:00+00:00
[2025-04-02T11:16:13.825+0000] {processor.py:208} INFO - Processing /home/airflow/.local/lib/python3.12/site-packages/airflow/example_dags/example_branch_python_dop_operator_3.py took 0.078 seconds
[2025-04-02T11:16:44.594+0000] {processor.py:186} INFO - Started process (PID=1717) to work on /home/airflow/.local/lib/python3.12/site-packages/airflow/example_dags/example_branch_python_dop_operator_3.py
[2025-04-02T11:16:44.596+0000] {processor.py:914} INFO - Processing file /home/airflow/.local/lib/python3.12/site-packages/airflow/example_dags/example_branch_python_dop_operator_3.py for tasks to queue
[2025-04-02T11:16:44.599+0000] {logging_mixin.py:190} INFO - [2025-04-02T11:16:44.599+0000] {dagbag.py:588} INFO - Filling up the DagBag from /home/airflow/.local/lib/python3.12/site-packages/airflow/example_dags/example_branch_python_dop_operator_3.py
[2025-04-02T11:16:44.612+0000] {processor.py:925} INFO - DAG(s) 'example_branch_dop_operator_v3' retrieved from /home/airflow/.local/lib/python3.12/site-packages/airflow/example_dags/example_branch_python_dop_operator_3.py
[2025-04-02T11:16:44.637+0000] {logging_mixin.py:190} INFO - [2025-04-02T11:16:44.637+0000] {dag.py:3239} INFO - Sync 1 DAGs
[2025-04-02T11:16:44.661+0000] {logging_mixin.py:190} INFO - [2025-04-02T11:16:44.661+0000] {dag.py:4180} INFO - Setting next_dagrun for example_branch_dop_operator_v3 to 2025-04-02 11:15:00+00:00, run_after=2025-04-02 11:16:00+00:00
[2025-04-02T11:16:44.682+0000] {processor.py:208} INFO - Processing /home/airflow/.local/lib/python3.12/site-packages/airflow/example_dags/example_branch_python_dop_operator_3.py took 0.094 seconds
[2025-04-02T11:17:15.544+0000] {processor.py:186} INFO - Started process (PID=1782) to work on /home/airflow/.local/lib/python3.12/site-packages/airflow/example_dags/example_branch_python_dop_operator_3.py
[2025-04-02T11:17:15.546+0000] {processor.py:914} INFO - Processing file /home/airflow/.local/lib/python3.12/site-packages/airflow/example_dags/example_branch_python_dop_operator_3.py for tasks to queue
[2025-04-02T11:17:15.550+0000] {logging_mixin.py:190} INFO - [2025-04-02T11:17:15.549+0000] {dagbag.py:588} INFO - Filling up the DagBag from /home/airflow/.local/lib/python3.12/site-packages/airflow/example_dags/example_branch_python_dop_operator_3.py
[2025-04-02T11:17:15.560+0000] {processor.py:925} INFO - DAG(s) 'example_branch_dop_operator_v3' retrieved from /home/airflow/.local/lib/python3.12/site-packages/airflow/example_dags/example_branch_python_dop_operator_3.py
[2025-04-02T11:17:15.585+0000] {logging_mixin.py:190} INFO - [2025-04-02T11:17:15.585+0000] {dag.py:3239} INFO - Sync 1 DAGs
[2025-04-02T11:17:15.613+0000] {logging_mixin.py:190} INFO - [2025-04-02T11:17:15.612+0000] {dag.py:4180} INFO - Setting next_dagrun for example_branch_dop_operator_v3 to 2025-04-02 11:16:00+00:00, run_after=2025-04-02 11:17:00+00:00
[2025-04-02T11:17:15.634+0000] {processor.py:208} INFO - Processing /home/airflow/.local/lib/python3.12/site-packages/airflow/example_dags/example_branch_python_dop_operator_3.py took 0.098 seconds
[2025-04-02T11:17:47.444+0000] {processor.py:186} INFO - Started process (PID=1847) to work on /home/airflow/.local/lib/python3.12/site-packages/airflow/example_dags/example_branch_python_dop_operator_3.py
[2025-04-02T11:17:47.446+0000] {processor.py:914} INFO - Processing file /home/airflow/.local/lib/python3.12/site-packages/airflow/example_dags/example_branch_python_dop_operator_3.py for tasks to queue
[2025-04-02T11:17:47.449+0000] {logging_mixin.py:190} INFO - [2025-04-02T11:17:47.448+0000] {dagbag.py:588} INFO - Filling up the DagBag from /home/airflow/.local/lib/python3.12/site-packages/airflow/example_dags/example_branch_python_dop_operator_3.py
[2025-04-02T11:17:47.458+0000] {processor.py:925} INFO - DAG(s) 'example_branch_dop_operator_v3' retrieved from /home/airflow/.local/lib/python3.12/site-packages/airflow/example_dags/example_branch_python_dop_operator_3.py
[2025-04-02T11:17:47.476+0000] {logging_mixin.py:190} INFO - [2025-04-02T11:17:47.476+0000] {dag.py:3239} INFO - Sync 1 DAGs
[2025-04-02T11:17:47.495+0000] {logging_mixin.py:190} INFO - [2025-04-02T11:17:47.495+0000] {dag.py:4180} INFO - Setting next_dagrun for example_branch_dop_operator_v3 to 2025-04-02 11:16:00+00:00, run_after=2025-04-02 11:17:00+00:00
[2025-04-02T11:17:47.512+0000] {processor.py:208} INFO - Processing /home/airflow/.local/lib/python3.12/site-packages/airflow/example_dags/example_branch_python_dop_operator_3.py took 0.073 seconds
[2025-04-02T11:18:18.541+0000] {processor.py:186} INFO - Started process (PID=1912) to work on /home/airflow/.local/lib/python3.12/site-packages/airflow/example_dags/example_branch_python_dop_operator_3.py
[2025-04-02T11:18:18.543+0000] {processor.py:914} INFO - Processing file /home/airflow/.local/lib/python3.12/site-packages/airflow/example_dags/example_branch_python_dop_operator_3.py for tasks to queue
[2025-04-02T11:18:18.547+0000] {logging_mixin.py:190} INFO - [2025-04-02T11:18:18.547+0000] {dagbag.py:588} INFO - Filling up the DagBag from /home/airflow/.local/lib/python3.12/site-packages/airflow/example_dags/example_branch_python_dop_operator_3.py
[2025-04-02T11:18:18.558+0000] {processor.py:925} INFO - DAG(s) 'example_branch_dop_operator_v3' retrieved from /home/airflow/.local/lib/python3.12/site-packages/airflow/example_dags/example_branch_python_dop_operator_3.py
[2025-04-02T11:18:18.584+0000] {logging_mixin.py:190} INFO - [2025-04-02T11:18:18.584+0000] {dag.py:3239} INFO - Sync 1 DAGs
[2025-04-02T11:18:18.608+0000] {logging_mixin.py:190} INFO - [2025-04-02T11:18:18.608+0000] {dag.py:4180} INFO - Setting next_dagrun for example_branch_dop_operator_v3 to 2025-04-02 11:17:00+00:00, run_after=2025-04-02 11:18:00+00:00
[2025-04-02T11:18:18.631+0000] {processor.py:208} INFO - Processing /home/airflow/.local/lib/python3.12/site-packages/airflow/example_dags/example_branch_python_dop_operator_3.py took 0.095 seconds
[2025-04-02T11:18:49.353+0000] {processor.py:186} INFO - Started process (PID=1977) to work on /home/airflow/.local/lib/python3.12/site-packages/airflow/example_dags/example_branch_python_dop_operator_3.py
[2025-04-02T11:18:49.355+0000] {processor.py:914} INFO - Processing file /home/airflow/.local/lib/python3.12/site-packages/airflow/example_dags/example_branch_python_dop_operator_3.py for tasks to queue
[2025-04-02T11:18:49.358+0000] {logging_mixin.py:190} INFO - [2025-04-02T11:18:49.358+0000] {dagbag.py:588} INFO - Filling up the DagBag from /home/airflow/.local/lib/python3.12/site-packages/airflow/example_dags/example_branch_python_dop_operator_3.py
[2025-04-02T11:18:49.368+0000] {processor.py:925} INFO - DAG(s) 'example_branch_dop_operator_v3' retrieved from /home/airflow/.local/lib/python3.12/site-packages/airflow/example_dags/example_branch_python_dop_operator_3.py
[2025-04-02T11:18:49.388+0000] {logging_mixin.py:190} INFO - [2025-04-02T11:18:49.388+0000] {dag.py:3239} INFO - Sync 1 DAGs
[2025-04-02T11:18:49.412+0000] {logging_mixin.py:190} INFO - [2025-04-02T11:18:49.412+0000] {dag.py:4180} INFO - Setting next_dagrun for example_branch_dop_operator_v3 to 2025-04-02 11:17:00+00:00, run_after=2025-04-02 11:18:00+00:00
[2025-04-02T11:18:49.433+0000] {processor.py:208} INFO - Processing /home/airflow/.local/lib/python3.12/site-packages/airflow/example_dags/example_branch_python_dop_operator_3.py took 0.084 seconds
[2025-04-02T11:19:20.346+0000] {processor.py:186} INFO - Started process (PID=2043) to work on /home/airflow/.local/lib/python3.12/site-packages/airflow/example_dags/example_branch_python_dop_operator_3.py
[2025-04-02T11:19:20.348+0000] {processor.py:914} INFO - Processing file /home/airflow/.local/lib/python3.12/site-packages/airflow/example_dags/example_branch_python_dop_operator_3.py for tasks to queue
[2025-04-02T11:19:20.351+0000] {logging_mixin.py:190} INFO - [2025-04-02T11:19:20.350+0000] {dagbag.py:588} INFO - Filling up the DagBag from /home/airflow/.local/lib/python3.12/site-packages/airflow/example_dags/example_branch_python_dop_operator_3.py
[2025-04-02T11:19:20.363+0000] {processor.py:925} INFO - DAG(s) 'example_branch_dop_operator_v3' retrieved from /home/airflow/.local/lib/python3.12/site-packages/airflow/example_dags/example_branch_python_dop_operator_3.py
[2025-04-02T11:19:20.389+0000] {logging_mixin.py:190} INFO - [2025-04-02T11:19:20.389+0000] {dag.py:3239} INFO - Sync 1 DAGs
[2025-04-02T11:19:20.423+0000] {logging_mixin.py:190} INFO - [2025-04-02T11:19:20.423+0000] {dag.py:4180} INFO - Setting next_dagrun for example_branch_dop_operator_v3 to 2025-04-02 11:18:00+00:00, run_after=2025-04-02 11:19:00+00:00
[2025-04-02T11:19:20.449+0000] {processor.py:208} INFO - Processing /home/airflow/.local/lib/python3.12/site-packages/airflow/example_dags/example_branch_python_dop_operator_3.py took 0.109 seconds
[2025-04-02T11:19:51.255+0000] {processor.py:186} INFO - Started process (PID=2114) to work on /home/airflow/.local/lib/python3.12/site-packages/airflow/example_dags/example_branch_python_dop_operator_3.py
[2025-04-02T11:19:51.257+0000] {processor.py:914} INFO - Processing file /home/airflow/.local/lib/python3.12/site-packages/airflow/example_dags/example_branch_python_dop_operator_3.py for tasks to queue
[2025-04-02T11:19:51.260+0000] {logging_mixin.py:190} INFO - [2025-04-02T11:19:51.260+0000] {dagbag.py:588} INFO - Filling up the DagBag from /home/airflow/.local/lib/python3.12/site-packages/airflow/example_dags/example_branch_python_dop_operator_3.py
[2025-04-02T11:19:51.271+0000] {processor.py:925} INFO - DAG(s) 'example_branch_dop_operator_v3' retrieved from /home/airflow/.local/lib/python3.12/site-packages/airflow/example_dags/example_branch_python_dop_operator_3.py
[2025-04-02T11:19:51.293+0000] {logging_mixin.py:190} INFO - [2025-04-02T11:19:51.293+0000] {dag.py:3239} INFO - Sync 1 DAGs
[2025-04-02T11:19:51.319+0000] {logging_mixin.py:190} INFO - [2025-04-02T11:19:51.319+0000] {dag.py:4180} INFO - Setting next_dagrun for example_branch_dop_operator_v3 to 2025-04-02 11:18:00+00:00, run_after=2025-04-02 11:19:00+00:00
[2025-04-02T11:19:51.342+0000] {processor.py:208} INFO - Processing /home/airflow/.local/lib/python3.12/site-packages/airflow/example_dags/example_branch_python_dop_operator_3.py took 0.093 seconds
[2025-04-02T11:20:22.564+0000] {processor.py:186} INFO - Started process (PID=2179) to work on /home/airflow/.local/lib/python3.12/site-packages/airflow/example_dags/example_branch_python_dop_operator_3.py
[2025-04-02T11:20:22.566+0000] {processor.py:914} INFO - Processing file /home/airflow/.local/lib/python3.12/site-packages/airflow/example_dags/example_branch_python_dop_operator_3.py for tasks to queue
[2025-04-02T11:20:22.570+0000] {logging_mixin.py:190} INFO - [2025-04-02T11:20:22.569+0000] {dagbag.py:588} INFO - Filling up the DagBag from /home/airflow/.local/lib/python3.12/site-packages/airflow/example_dags/example_branch_python_dop_operator_3.py
[2025-04-02T11:20:22.581+0000] {processor.py:925} INFO - DAG(s) 'example_branch_dop_operator_v3' retrieved from /home/airflow/.local/lib/python3.12/site-packages/airflow/example_dags/example_branch_python_dop_operator_3.py
[2025-04-02T11:20:22.603+0000] {logging_mixin.py:190} INFO - [2025-04-02T11:20:22.603+0000] {dag.py:3239} INFO - Sync 1 DAGs
[2025-04-02T11:20:22.628+0000] {logging_mixin.py:190} INFO - [2025-04-02T11:20:22.628+0000] {dag.py:4180} INFO - Setting next_dagrun for example_branch_dop_operator_v3 to 2025-04-02 11:19:00+00:00, run_after=2025-04-02 11:20:00+00:00
[2025-04-02T11:20:22.643+0000] {processor.py:208} INFO - Processing /home/airflow/.local/lib/python3.12/site-packages/airflow/example_dags/example_branch_python_dop_operator_3.py took 0.084 seconds
[2025-04-02T11:20:53.696+0000] {processor.py:186} INFO - Started process (PID=2245) to work on /home/airflow/.local/lib/python3.12/site-packages/airflow/example_dags/example_branch_python_dop_operator_3.py
[2025-04-02T11:20:53.699+0000] {processor.py:914} INFO - Processing file /home/airflow/.local/lib/python3.12/site-packages/airflow/example_dags/example_branch_python_dop_operator_3.py for tasks to queue
[2025-04-02T11:20:53.701+0000] {logging_mixin.py:190} INFO - [2025-04-02T11:20:53.701+0000] {dagbag.py:588} INFO - Filling up the DagBag from /home/airflow/.local/lib/python3.12/site-packages/airflow/example_dags/example_branch_python_dop_operator_3.py
[2025-04-02T11:20:53.711+0000] {processor.py:925} INFO - DAG(s) 'example_branch_dop_operator_v3' retrieved from /home/airflow/.local/lib/python3.12/site-packages/airflow/example_dags/example_branch_python_dop_operator_3.py
[2025-04-02T11:20:53.732+0000] {logging_mixin.py:190} INFO - [2025-04-02T11:20:53.732+0000] {dag.py:3239} INFO - Sync 1 DAGs
[2025-04-02T11:20:53.756+0000] {logging_mixin.py:190} INFO - [2025-04-02T11:20:53.756+0000] {dag.py:4180} INFO - Setting next_dagrun for example_branch_dop_operator_v3 to 2025-04-02 11:19:00+00:00, run_after=2025-04-02 11:20:00+00:00
[2025-04-02T11:20:53.786+0000] {processor.py:208} INFO - Processing /home/airflow/.local/lib/python3.12/site-packages/airflow/example_dags/example_branch_python_dop_operator_3.py took 0.095 seconds
[2025-04-02T11:21:25.219+0000] {processor.py:186} INFO - Started process (PID=2310) to work on /home/airflow/.local/lib/python3.12/site-packages/airflow/example_dags/example_branch_python_dop_operator_3.py
[2025-04-02T11:21:25.221+0000] {processor.py:914} INFO - Processing file /home/airflow/.local/lib/python3.12/site-packages/airflow/example_dags/example_branch_python_dop_operator_3.py for tasks to queue
[2025-04-02T11:21:25.224+0000] {logging_mixin.py:190} INFO - [2025-04-02T11:21:25.224+0000] {dagbag.py:588} INFO - Filling up the DagBag from /home/airflow/.local/lib/python3.12/site-packages/airflow/example_dags/example_branch_python_dop_operator_3.py
[2025-04-02T11:21:25.240+0000] {processor.py:925} INFO - DAG(s) 'example_branch_dop_operator_v3' retrieved from /home/airflow/.local/lib/python3.12/site-packages/airflow/example_dags/example_branch_python_dop_operator_3.py
[2025-04-02T11:21:25.267+0000] {logging_mixin.py:190} INFO - [2025-04-02T11:21:25.266+0000] {dag.py:3239} INFO - Sync 1 DAGs
[2025-04-02T11:21:25.298+0000] {logging_mixin.py:190} INFO - [2025-04-02T11:21:25.298+0000] {dag.py:4180} INFO - Setting next_dagrun for example_branch_dop_operator_v3 to 2025-04-02 11:20:00+00:00, run_after=2025-04-02 11:21:00+00:00
[2025-04-02T11:21:25.328+0000] {processor.py:208} INFO - Processing /home/airflow/.local/lib/python3.12/site-packages/airflow/example_dags/example_branch_python_dop_operator_3.py took 0.115 seconds
[2025-04-02T11:21:55.923+0000] {processor.py:186} INFO - Started process (PID=2375) to work on /home/airflow/.local/lib/python3.12/site-packages/airflow/example_dags/example_branch_python_dop_operator_3.py
[2025-04-02T11:21:55.925+0000] {processor.py:914} INFO - Processing file /home/airflow/.local/lib/python3.12/site-packages/airflow/example_dags/example_branch_python_dop_operator_3.py for tasks to queue
[2025-04-02T11:21:55.928+0000] {logging_mixin.py:190} INFO - [2025-04-02T11:21:55.927+0000] {dagbag.py:588} INFO - Filling up the DagBag from /home/airflow/.local/lib/python3.12/site-packages/airflow/example_dags/example_branch_python_dop_operator_3.py
[2025-04-02T11:21:55.938+0000] {processor.py:925} INFO - DAG(s) 'example_branch_dop_operator_v3' retrieved from /home/airflow/.local/lib/python3.12/site-packages/airflow/example_dags/example_branch_python_dop_operator_3.py
[2025-04-02T11:21:55.959+0000] {logging_mixin.py:190} INFO - [2025-04-02T11:21:55.959+0000] {dag.py:3239} INFO - Sync 1 DAGs
[2025-04-02T11:21:55.981+0000] {logging_mixin.py:190} INFO - [2025-04-02T11:21:55.980+0000] {dag.py:4180} INFO - Setting next_dagrun for example_branch_dop_operator_v3 to 2025-04-02 11:20:00+00:00, run_after=2025-04-02 11:21:00+00:00
[2025-04-02T11:21:56.003+0000] {processor.py:208} INFO - Processing /home/airflow/.local/lib/python3.12/site-packages/airflow/example_dags/example_branch_python_dop_operator_3.py took 0.085 seconds
[2025-04-02T11:22:26.926+0000] {processor.py:186} INFO - Started process (PID=2441) to work on /home/airflow/.local/lib/python3.12/site-packages/airflow/example_dags/example_branch_python_dop_operator_3.py
[2025-04-02T11:22:26.928+0000] {processor.py:914} INFO - Processing file /home/airflow/.local/lib/python3.12/site-packages/airflow/example_dags/example_branch_python_dop_operator_3.py for tasks to queue
[2025-04-02T11:22:26.932+0000] {logging_mixin.py:190} INFO - [2025-04-02T11:22:26.931+0000] {dagbag.py:588} INFO - Filling up the DagBag from /home/airflow/.local/lib/python3.12/site-packages/airflow/example_dags/example_branch_python_dop_operator_3.py
[2025-04-02T11:22:26.943+0000] {processor.py:925} INFO - DAG(s) 'example_branch_dop_operator_v3' retrieved from /home/airflow/.local/lib/python3.12/site-packages/airflow/example_dags/example_branch_python_dop_operator_3.py
[2025-04-02T11:22:26.969+0000] {logging_mixin.py:190} INFO - [2025-04-02T11:22:26.968+0000] {dag.py:3239} INFO - Sync 1 DAGs
[2025-04-02T11:22:26.996+0000] {logging_mixin.py:190} INFO - [2025-04-02T11:22:26.996+0000] {dag.py:4180} INFO - Setting next_dagrun for example_branch_dop_operator_v3 to 2025-04-02 11:21:00+00:00, run_after=2025-04-02 11:22:00+00:00
[2025-04-02T11:22:27.026+0000] {processor.py:208} INFO - Processing /home/airflow/.local/lib/python3.12/site-packages/airflow/example_dags/example_branch_python_dop_operator_3.py took 0.107 seconds
[2025-04-02T11:22:58.473+0000] {processor.py:186} INFO - Started process (PID=2506) to work on /home/airflow/.local/lib/python3.12/site-packages/airflow/example_dags/example_branch_python_dop_operator_3.py
[2025-04-02T11:22:58.475+0000] {processor.py:914} INFO - Processing file /home/airflow/.local/lib/python3.12/site-packages/airflow/example_dags/example_branch_python_dop_operator_3.py for tasks to queue
[2025-04-02T11:22:58.478+0000] {logging_mixin.py:190} INFO - [2025-04-02T11:22:58.478+0000] {dagbag.py:588} INFO - Filling up the DagBag from /home/airflow/.local/lib/python3.12/site-packages/airflow/example_dags/example_branch_python_dop_operator_3.py
[2025-04-02T11:22:58.489+0000] {processor.py:925} INFO - DAG(s) 'example_branch_dop_operator_v3' retrieved from /home/airflow/.local/lib/python3.12/site-packages/airflow/example_dags/example_branch_python_dop_operator_3.py
[2025-04-02T11:22:58.512+0000] {logging_mixin.py:190} INFO - [2025-04-02T11:22:58.512+0000] {dag.py:3239} INFO - Sync 1 DAGs
[2025-04-02T11:22:58.540+0000] {logging_mixin.py:190} INFO - [2025-04-02T11:22:58.540+0000] {dag.py:4180} INFO - Setting next_dagrun for example_branch_dop_operator_v3 to 2025-04-02 11:21:00+00:00, run_after=2025-04-02 11:22:00+00:00
[2025-04-02T11:22:58.564+0000] {processor.py:208} INFO - Processing /home/airflow/.local/lib/python3.12/site-packages/airflow/example_dags/example_branch_python_dop_operator_3.py took 0.096 seconds
[2025-04-02T11:23:30.563+0000] {processor.py:186} INFO - Started process (PID=2571) to work on /home/airflow/.local/lib/python3.12/site-packages/airflow/example_dags/example_branch_python_dop_operator_3.py
[2025-04-02T11:23:30.566+0000] {processor.py:914} INFO - Processing file /home/airflow/.local/lib/python3.12/site-packages/airflow/example_dags/example_branch_python_dop_operator_3.py for tasks to queue
[2025-04-02T11:23:30.568+0000] {logging_mixin.py:190} INFO - [2025-04-02T11:23:30.568+0000] {dagbag.py:588} INFO - Filling up the DagBag from /home/airflow/.local/lib/python3.12/site-packages/airflow/example_dags/example_branch_python_dop_operator_3.py
[2025-04-02T11:23:30.579+0000] {processor.py:925} INFO - DAG(s) 'example_branch_dop_operator_v3' retrieved from /home/airflow/.local/lib/python3.12/site-packages/airflow/example_dags/example_branch_python_dop_operator_3.py
[2025-04-02T11:23:30.603+0000] {logging_mixin.py:190} INFO - [2025-04-02T11:23:30.602+0000] {dag.py:3239} INFO - Sync 1 DAGs
[2025-04-02T11:23:30.626+0000] {logging_mixin.py:190} INFO - [2025-04-02T11:23:30.626+0000] {dag.py:4180} INFO - Setting next_dagrun for example_branch_dop_operator_v3 to 2025-04-02 11:22:00+00:00, run_after=2025-04-02 11:23:00+00:00
[2025-04-02T11:23:30.657+0000] {processor.py:208} INFO - Processing /home/airflow/.local/lib/python3.12/site-packages/airflow/example_dags/example_branch_python_dop_operator_3.py took 0.099 seconds
