[2025-04-02T06:22:15.655+0000] {processor.py:186} INFO - Started process (PID=7925) to work on /home/airflow/.local/lib/python3.12/site-packages/airflow/example_dags/tutorial_objectstorage.py
[2025-04-02T06:22:15.656+0000] {processor.py:914} INFO - Processing file /home/airflow/.local/lib/python3.12/site-packages/airflow/example_dags/tutorial_objectstorage.py for tasks to queue
[2025-04-02T06:22:15.658+0000] {logging_mixin.py:190} INFO - [2025-04-02T06:22:15.658+0000] {dagbag.py:588} INFO - Filling up the DagBag from /home/airflow/.local/lib/python3.12/site-packages/airflow/example_dags/tutorial_objectstorage.py
[2025-04-02T06:22:15.666+0000] {processor.py:925} INFO - DAG(s) 'tutorial_objectstorage' retrieved from /home/airflow/.local/lib/python3.12/site-packages/airflow/example_dags/tutorial_objectstorage.py
[2025-04-02T06:22:15.684+0000] {logging_mixin.py:190} INFO - [2025-04-02T06:22:15.684+0000] {dag.py:3239} INFO - Sync 1 DAGs
[2025-04-02T06:22:15.850+0000] {logging_mixin.py:190} INFO - [2025-04-02T06:22:15.850+0000] {dag.py:4180} INFO - Setting next_dagrun for tutorial_objectstorage to None, run_after=None
[2025-04-02T06:22:15.866+0000] {processor.py:208} INFO - Processing /home/airflow/.local/lib/python3.12/site-packages/airflow/example_dags/tutorial_objectstorage.py took 0.215 seconds
[2025-04-02T09:06:49.829+0000] {processor.py:186} INFO - Started process (PID=7991) to work on /home/airflow/.local/lib/python3.12/site-packages/airflow/example_dags/tutorial_objectstorage.py
[2025-04-02T09:06:49.832+0000] {processor.py:914} INFO - Processing file /home/airflow/.local/lib/python3.12/site-packages/airflow/example_dags/tutorial_objectstorage.py for tasks to queue
[2025-04-02T09:06:49.835+0000] {logging_mixin.py:190} INFO - [2025-04-02T09:06:49.834+0000] {dagbag.py:588} INFO - Filling up the DagBag from /home/airflow/.local/lib/python3.12/site-packages/airflow/example_dags/tutorial_objectstorage.py
[2025-04-02T09:06:49.852+0000] {processor.py:925} INFO - DAG(s) 'tutorial_objectstorage' retrieved from /home/airflow/.local/lib/python3.12/site-packages/airflow/example_dags/tutorial_objectstorage.py
[2025-04-02T09:06:49.893+0000] {logging_mixin.py:190} INFO - [2025-04-02T09:06:49.892+0000] {dag.py:3239} INFO - Sync 1 DAGs
[2025-04-02T09:06:50.254+0000] {logging_mixin.py:190} INFO - [2025-04-02T09:06:50.254+0000] {dag.py:4180} INFO - Setting next_dagrun for tutorial_objectstorage to None, run_after=None
[2025-04-02T09:06:50.288+0000] {processor.py:208} INFO - Processing /home/airflow/.local/lib/python3.12/site-packages/airflow/example_dags/tutorial_objectstorage.py took 0.471 seconds
[2025-04-02T11:03:41.968+0000] {processor.py:186} INFO - Started process (PID=60) to work on /home/airflow/.local/lib/python3.12/site-packages/airflow/example_dags/tutorial_objectstorage.py
[2025-04-02T11:03:41.970+0000] {processor.py:914} INFO - Processing file /home/airflow/.local/lib/python3.12/site-packages/airflow/example_dags/tutorial_objectstorage.py for tasks to queue
[2025-04-02T11:03:41.977+0000] {logging_mixin.py:190} INFO - [2025-04-02T11:03:41.976+0000] {dagbag.py:588} INFO - Filling up the DagBag from /home/airflow/.local/lib/python3.12/site-packages/airflow/example_dags/tutorial_objectstorage.py
[2025-04-02T11:03:41.991+0000] {processor.py:925} INFO - DAG(s) 'tutorial_objectstorage' retrieved from /home/airflow/.local/lib/python3.12/site-packages/airflow/example_dags/tutorial_objectstorage.py
[2025-04-02T11:03:42.028+0000] {logging_mixin.py:190} INFO - [2025-04-02T11:03:42.028+0000] {dag.py:3239} INFO - Sync 1 DAGs
[2025-04-02T11:03:42.048+0000] {logging_mixin.py:190} INFO - [2025-04-02T11:03:42.048+0000] {dag.py:4180} INFO - Setting next_dagrun for tutorial_objectstorage to None, run_after=None
[2025-04-02T11:03:42.089+0000] {processor.py:208} INFO - Processing /home/airflow/.local/lib/python3.12/site-packages/airflow/example_dags/tutorial_objectstorage.py took 0.129 seconds
[2025-04-02T11:04:12.346+0000] {processor.py:186} INFO - Started process (PID=125) to work on /home/airflow/.local/lib/python3.12/site-packages/airflow/example_dags/tutorial_objectstorage.py
[2025-04-02T11:04:12.349+0000] {processor.py:914} INFO - Processing file /home/airflow/.local/lib/python3.12/site-packages/airflow/example_dags/tutorial_objectstorage.py for tasks to queue
[2025-04-02T11:04:12.355+0000] {logging_mixin.py:190} INFO - [2025-04-02T11:04:12.354+0000] {dagbag.py:588} INFO - Filling up the DagBag from /home/airflow/.local/lib/python3.12/site-packages/airflow/example_dags/tutorial_objectstorage.py
[2025-04-02T11:04:12.368+0000] {processor.py:925} INFO - DAG(s) 'tutorial_objectstorage' retrieved from /home/airflow/.local/lib/python3.12/site-packages/airflow/example_dags/tutorial_objectstorage.py
[2025-04-02T11:04:12.400+0000] {logging_mixin.py:190} INFO - [2025-04-02T11:04:12.399+0000] {dag.py:3239} INFO - Sync 1 DAGs
[2025-04-02T11:04:12.428+0000] {logging_mixin.py:190} INFO - [2025-04-02T11:04:12.428+0000] {dag.py:4180} INFO - Setting next_dagrun for tutorial_objectstorage to None, run_after=None
[2025-04-02T11:04:12.457+0000] {processor.py:208} INFO - Processing /home/airflow/.local/lib/python3.12/site-packages/airflow/example_dags/tutorial_objectstorage.py took 0.119 seconds
[2025-04-02T11:04:43.589+0000] {processor.py:186} INFO - Started process (PID=190) to work on /home/airflow/.local/lib/python3.12/site-packages/airflow/example_dags/tutorial_objectstorage.py
[2025-04-02T11:04:43.592+0000] {processor.py:914} INFO - Processing file /home/airflow/.local/lib/python3.12/site-packages/airflow/example_dags/tutorial_objectstorage.py for tasks to queue
[2025-04-02T11:04:43.595+0000] {logging_mixin.py:190} INFO - [2025-04-02T11:04:43.595+0000] {dagbag.py:588} INFO - Filling up the DagBag from /home/airflow/.local/lib/python3.12/site-packages/airflow/example_dags/tutorial_objectstorage.py
[2025-04-02T11:04:43.607+0000] {processor.py:925} INFO - DAG(s) 'tutorial_objectstorage' retrieved from /home/airflow/.local/lib/python3.12/site-packages/airflow/example_dags/tutorial_objectstorage.py
[2025-04-02T11:04:43.645+0000] {logging_mixin.py:190} INFO - [2025-04-02T11:04:43.645+0000] {dag.py:3239} INFO - Sync 1 DAGs
[2025-04-02T11:04:43.661+0000] {logging_mixin.py:190} INFO - [2025-04-02T11:04:43.660+0000] {dag.py:4180} INFO - Setting next_dagrun for tutorial_objectstorage to None, run_after=None
[2025-04-02T11:04:43.690+0000] {processor.py:208} INFO - Processing /home/airflow/.local/lib/python3.12/site-packages/airflow/example_dags/tutorial_objectstorage.py took 0.109 seconds
[2025-04-02T11:05:15.002+0000] {processor.py:186} INFO - Started process (PID=255) to work on /home/airflow/.local/lib/python3.12/site-packages/airflow/example_dags/tutorial_objectstorage.py
[2025-04-02T11:05:15.003+0000] {processor.py:914} INFO - Processing file /home/airflow/.local/lib/python3.12/site-packages/airflow/example_dags/tutorial_objectstorage.py for tasks to queue
[2025-04-02T11:05:15.006+0000] {logging_mixin.py:190} INFO - [2025-04-02T11:05:15.005+0000] {dagbag.py:588} INFO - Filling up the DagBag from /home/airflow/.local/lib/python3.12/site-packages/airflow/example_dags/tutorial_objectstorage.py
[2025-04-02T11:05:15.015+0000] {processor.py:925} INFO - DAG(s) 'tutorial_objectstorage' retrieved from /home/airflow/.local/lib/python3.12/site-packages/airflow/example_dags/tutorial_objectstorage.py
[2025-04-02T11:05:15.033+0000] {logging_mixin.py:190} INFO - [2025-04-02T11:05:15.033+0000] {dag.py:3239} INFO - Sync 1 DAGs
[2025-04-02T11:05:15.046+0000] {logging_mixin.py:190} INFO - [2025-04-02T11:05:15.046+0000] {dag.py:4180} INFO - Setting next_dagrun for tutorial_objectstorage to None, run_after=None
[2025-04-02T11:05:15.068+0000] {processor.py:208} INFO - Processing /home/airflow/.local/lib/python3.12/site-packages/airflow/example_dags/tutorial_objectstorage.py took 0.071 seconds
[2025-04-02T11:05:45.716+0000] {processor.py:186} INFO - Started process (PID=321) to work on /home/airflow/.local/lib/python3.12/site-packages/airflow/example_dags/tutorial_objectstorage.py
[2025-04-02T11:05:45.718+0000] {processor.py:914} INFO - Processing file /home/airflow/.local/lib/python3.12/site-packages/airflow/example_dags/tutorial_objectstorage.py for tasks to queue
[2025-04-02T11:05:45.723+0000] {logging_mixin.py:190} INFO - [2025-04-02T11:05:45.722+0000] {dagbag.py:588} INFO - Filling up the DagBag from /home/airflow/.local/lib/python3.12/site-packages/airflow/example_dags/tutorial_objectstorage.py
[2025-04-02T11:05:45.732+0000] {processor.py:925} INFO - DAG(s) 'tutorial_objectstorage' retrieved from /home/airflow/.local/lib/python3.12/site-packages/airflow/example_dags/tutorial_objectstorage.py
[2025-04-02T11:05:45.754+0000] {logging_mixin.py:190} INFO - [2025-04-02T11:05:45.754+0000] {dag.py:3239} INFO - Sync 1 DAGs
[2025-04-02T11:05:45.766+0000] {logging_mixin.py:190} INFO - [2025-04-02T11:05:45.766+0000] {dag.py:4180} INFO - Setting next_dagrun for tutorial_objectstorage to None, run_after=None
[2025-04-02T11:05:45.787+0000] {processor.py:208} INFO - Processing /home/airflow/.local/lib/python3.12/site-packages/airflow/example_dags/tutorial_objectstorage.py took 0.076 seconds
[2025-04-02T11:06:16.641+0000] {processor.py:186} INFO - Started process (PID=386) to work on /home/airflow/.local/lib/python3.12/site-packages/airflow/example_dags/tutorial_objectstorage.py
[2025-04-02T11:06:16.645+0000] {processor.py:914} INFO - Processing file /home/airflow/.local/lib/python3.12/site-packages/airflow/example_dags/tutorial_objectstorage.py for tasks to queue
[2025-04-02T11:06:16.652+0000] {logging_mixin.py:190} INFO - [2025-04-02T11:06:16.651+0000] {dagbag.py:588} INFO - Filling up the DagBag from /home/airflow/.local/lib/python3.12/site-packages/airflow/example_dags/tutorial_objectstorage.py
[2025-04-02T11:06:16.664+0000] {processor.py:925} INFO - DAG(s) 'tutorial_objectstorage' retrieved from /home/airflow/.local/lib/python3.12/site-packages/airflow/example_dags/tutorial_objectstorage.py
[2025-04-02T11:06:16.714+0000] {logging_mixin.py:190} INFO - [2025-04-02T11:06:16.714+0000] {dag.py:3239} INFO - Sync 1 DAGs
[2025-04-02T11:06:16.728+0000] {logging_mixin.py:190} INFO - [2025-04-02T11:06:16.728+0000] {dag.py:4180} INFO - Setting next_dagrun for tutorial_objectstorage to None, run_after=None
[2025-04-02T11:06:16.763+0000] {processor.py:208} INFO - Processing /home/airflow/.local/lib/python3.12/site-packages/airflow/example_dags/tutorial_objectstorage.py took 0.127 seconds
[2025-04-02T11:06:47.439+0000] {processor.py:186} INFO - Started process (PID=451) to work on /home/airflow/.local/lib/python3.12/site-packages/airflow/example_dags/tutorial_objectstorage.py
[2025-04-02T11:06:47.441+0000] {processor.py:914} INFO - Processing file /home/airflow/.local/lib/python3.12/site-packages/airflow/example_dags/tutorial_objectstorage.py for tasks to queue
[2025-04-02T11:06:47.445+0000] {logging_mixin.py:190} INFO - [2025-04-02T11:06:47.444+0000] {dagbag.py:588} INFO - Filling up the DagBag from /home/airflow/.local/lib/python3.12/site-packages/airflow/example_dags/tutorial_objectstorage.py
[2025-04-02T11:06:47.454+0000] {processor.py:925} INFO - DAG(s) 'tutorial_objectstorage' retrieved from /home/airflow/.local/lib/python3.12/site-packages/airflow/example_dags/tutorial_objectstorage.py
[2025-04-02T11:06:47.477+0000] {logging_mixin.py:190} INFO - [2025-04-02T11:06:47.476+0000] {dag.py:3239} INFO - Sync 1 DAGs
[2025-04-02T11:06:47.492+0000] {logging_mixin.py:190} INFO - [2025-04-02T11:06:47.491+0000] {dag.py:4180} INFO - Setting next_dagrun for tutorial_objectstorage to None, run_after=None
[2025-04-02T11:06:47.518+0000] {processor.py:208} INFO - Processing /home/airflow/.local/lib/python3.12/site-packages/airflow/example_dags/tutorial_objectstorage.py took 0.086 seconds
[2025-04-02T11:07:17.796+0000] {processor.py:186} INFO - Started process (PID=515) to work on /home/airflow/.local/lib/python3.12/site-packages/airflow/example_dags/tutorial_objectstorage.py
[2025-04-02T11:07:17.799+0000] {processor.py:914} INFO - Processing file /home/airflow/.local/lib/python3.12/site-packages/airflow/example_dags/tutorial_objectstorage.py for tasks to queue
[2025-04-02T11:07:17.803+0000] {logging_mixin.py:190} INFO - [2025-04-02T11:07:17.802+0000] {dagbag.py:588} INFO - Filling up the DagBag from /home/airflow/.local/lib/python3.12/site-packages/airflow/example_dags/tutorial_objectstorage.py
[2025-04-02T11:07:17.816+0000] {processor.py:925} INFO - DAG(s) 'tutorial_objectstorage' retrieved from /home/airflow/.local/lib/python3.12/site-packages/airflow/example_dags/tutorial_objectstorage.py
[2025-04-02T11:07:17.845+0000] {logging_mixin.py:190} INFO - [2025-04-02T11:07:17.845+0000] {dag.py:3239} INFO - Sync 1 DAGs
[2025-04-02T11:07:17.875+0000] {logging_mixin.py:190} INFO - [2025-04-02T11:07:17.875+0000] {dag.py:4180} INFO - Setting next_dagrun for tutorial_objectstorage to None, run_after=None
[2025-04-02T11:07:17.918+0000] {processor.py:208} INFO - Processing /home/airflow/.local/lib/python3.12/site-packages/airflow/example_dags/tutorial_objectstorage.py took 0.128 seconds
[2025-04-02T11:07:48.415+0000] {processor.py:186} INFO - Started process (PID=585) to work on /home/airflow/.local/lib/python3.12/site-packages/airflow/example_dags/tutorial_objectstorage.py
[2025-04-02T11:07:48.416+0000] {processor.py:914} INFO - Processing file /home/airflow/.local/lib/python3.12/site-packages/airflow/example_dags/tutorial_objectstorage.py for tasks to queue
[2025-04-02T11:07:48.419+0000] {logging_mixin.py:190} INFO - [2025-04-02T11:07:48.418+0000] {dagbag.py:588} INFO - Filling up the DagBag from /home/airflow/.local/lib/python3.12/site-packages/airflow/example_dags/tutorial_objectstorage.py
[2025-04-02T11:07:48.428+0000] {processor.py:925} INFO - DAG(s) 'tutorial_objectstorage' retrieved from /home/airflow/.local/lib/python3.12/site-packages/airflow/example_dags/tutorial_objectstorage.py
[2025-04-02T11:07:48.449+0000] {logging_mixin.py:190} INFO - [2025-04-02T11:07:48.449+0000] {dag.py:3239} INFO - Sync 1 DAGs
[2025-04-02T11:07:48.462+0000] {logging_mixin.py:190} INFO - [2025-04-02T11:07:48.462+0000] {dag.py:4180} INFO - Setting next_dagrun for tutorial_objectstorage to None, run_after=None
[2025-04-02T11:07:48.488+0000] {processor.py:208} INFO - Processing /home/airflow/.local/lib/python3.12/site-packages/airflow/example_dags/tutorial_objectstorage.py took 0.079 seconds
[2025-04-02T11:08:19.251+0000] {processor.py:186} INFO - Started process (PID=650) to work on /home/airflow/.local/lib/python3.12/site-packages/airflow/example_dags/tutorial_objectstorage.py
[2025-04-02T11:08:19.253+0000] {processor.py:914} INFO - Processing file /home/airflow/.local/lib/python3.12/site-packages/airflow/example_dags/tutorial_objectstorage.py for tasks to queue
[2025-04-02T11:08:19.256+0000] {logging_mixin.py:190} INFO - [2025-04-02T11:08:19.255+0000] {dagbag.py:588} INFO - Filling up the DagBag from /home/airflow/.local/lib/python3.12/site-packages/airflow/example_dags/tutorial_objectstorage.py
[2025-04-02T11:08:19.265+0000] {processor.py:925} INFO - DAG(s) 'tutorial_objectstorage' retrieved from /home/airflow/.local/lib/python3.12/site-packages/airflow/example_dags/tutorial_objectstorage.py
[2025-04-02T11:08:19.291+0000] {logging_mixin.py:190} INFO - [2025-04-02T11:08:19.290+0000] {dag.py:3239} INFO - Sync 1 DAGs
[2025-04-02T11:08:19.304+0000] {logging_mixin.py:190} INFO - [2025-04-02T11:08:19.303+0000] {dag.py:4180} INFO - Setting next_dagrun for tutorial_objectstorage to None, run_after=None
[2025-04-02T11:08:19.326+0000] {processor.py:208} INFO - Processing /home/airflow/.local/lib/python3.12/site-packages/airflow/example_dags/tutorial_objectstorage.py took 0.079 seconds
[2025-04-02T11:08:50.189+0000] {processor.py:186} INFO - Started process (PID=715) to work on /home/airflow/.local/lib/python3.12/site-packages/airflow/example_dags/tutorial_objectstorage.py
[2025-04-02T11:08:50.192+0000] {processor.py:914} INFO - Processing file /home/airflow/.local/lib/python3.12/site-packages/airflow/example_dags/tutorial_objectstorage.py for tasks to queue
[2025-04-02T11:08:50.196+0000] {logging_mixin.py:190} INFO - [2025-04-02T11:08:50.196+0000] {dagbag.py:588} INFO - Filling up the DagBag from /home/airflow/.local/lib/python3.12/site-packages/airflow/example_dags/tutorial_objectstorage.py
[2025-04-02T11:08:50.208+0000] {processor.py:925} INFO - DAG(s) 'tutorial_objectstorage' retrieved from /home/airflow/.local/lib/python3.12/site-packages/airflow/example_dags/tutorial_objectstorage.py
[2025-04-02T11:08:50.241+0000] {logging_mixin.py:190} INFO - [2025-04-02T11:08:50.241+0000] {dag.py:3239} INFO - Sync 1 DAGs
[2025-04-02T11:08:50.258+0000] {logging_mixin.py:190} INFO - [2025-04-02T11:08:50.258+0000] {dag.py:4180} INFO - Setting next_dagrun for tutorial_objectstorage to None, run_after=None
[2025-04-02T11:08:50.288+0000] {processor.py:208} INFO - Processing /home/airflow/.local/lib/python3.12/site-packages/airflow/example_dags/tutorial_objectstorage.py took 0.105 seconds
[2025-04-02T11:09:21.286+0000] {processor.py:186} INFO - Started process (PID=780) to work on /home/airflow/.local/lib/python3.12/site-packages/airflow/example_dags/tutorial_objectstorage.py
[2025-04-02T11:09:21.288+0000] {processor.py:914} INFO - Processing file /home/airflow/.local/lib/python3.12/site-packages/airflow/example_dags/tutorial_objectstorage.py for tasks to queue
[2025-04-02T11:09:21.293+0000] {logging_mixin.py:190} INFO - [2025-04-02T11:09:21.292+0000] {dagbag.py:588} INFO - Filling up the DagBag from /home/airflow/.local/lib/python3.12/site-packages/airflow/example_dags/tutorial_objectstorage.py
[2025-04-02T11:09:21.305+0000] {processor.py:925} INFO - DAG(s) 'tutorial_objectstorage' retrieved from /home/airflow/.local/lib/python3.12/site-packages/airflow/example_dags/tutorial_objectstorage.py
[2025-04-02T11:09:21.333+0000] {logging_mixin.py:190} INFO - [2025-04-02T11:09:21.332+0000] {dag.py:3239} INFO - Sync 1 DAGs
[2025-04-02T11:09:21.355+0000] {logging_mixin.py:190} INFO - [2025-04-02T11:09:21.354+0000] {dag.py:4180} INFO - Setting next_dagrun for tutorial_objectstorage to None, run_after=None
[2025-04-02T11:09:21.378+0000] {processor.py:208} INFO - Processing /home/airflow/.local/lib/python3.12/site-packages/airflow/example_dags/tutorial_objectstorage.py took 0.101 seconds
[2025-04-02T11:09:51.778+0000] {processor.py:186} INFO - Started process (PID=845) to work on /home/airflow/.local/lib/python3.12/site-packages/airflow/example_dags/tutorial_objectstorage.py
[2025-04-02T11:09:51.781+0000] {processor.py:914} INFO - Processing file /home/airflow/.local/lib/python3.12/site-packages/airflow/example_dags/tutorial_objectstorage.py for tasks to queue
[2025-04-02T11:09:51.787+0000] {logging_mixin.py:190} INFO - [2025-04-02T11:09:51.786+0000] {dagbag.py:588} INFO - Filling up the DagBag from /home/airflow/.local/lib/python3.12/site-packages/airflow/example_dags/tutorial_objectstorage.py
[2025-04-02T11:09:51.801+0000] {processor.py:925} INFO - DAG(s) 'tutorial_objectstorage' retrieved from /home/airflow/.local/lib/python3.12/site-packages/airflow/example_dags/tutorial_objectstorage.py
[2025-04-02T11:09:51.844+0000] {logging_mixin.py:190} INFO - [2025-04-02T11:09:51.844+0000] {dag.py:3239} INFO - Sync 1 DAGs
[2025-04-02T11:09:51.879+0000] {logging_mixin.py:190} INFO - [2025-04-02T11:09:51.878+0000] {dag.py:4180} INFO - Setting next_dagrun for tutorial_objectstorage to None, run_after=None
[2025-04-02T11:09:51.927+0000] {processor.py:208} INFO - Processing /home/airflow/.local/lib/python3.12/site-packages/airflow/example_dags/tutorial_objectstorage.py took 0.163 seconds
[2025-04-02T11:10:22.422+0000] {processor.py:186} INFO - Started process (PID=910) to work on /home/airflow/.local/lib/python3.12/site-packages/airflow/example_dags/tutorial_objectstorage.py
[2025-04-02T11:10:22.424+0000] {processor.py:914} INFO - Processing file /home/airflow/.local/lib/python3.12/site-packages/airflow/example_dags/tutorial_objectstorage.py for tasks to queue
[2025-04-02T11:10:22.427+0000] {logging_mixin.py:190} INFO - [2025-04-02T11:10:22.427+0000] {dagbag.py:588} INFO - Filling up the DagBag from /home/airflow/.local/lib/python3.12/site-packages/airflow/example_dags/tutorial_objectstorage.py
[2025-04-02T11:10:22.439+0000] {processor.py:925} INFO - DAG(s) 'tutorial_objectstorage' retrieved from /home/airflow/.local/lib/python3.12/site-packages/airflow/example_dags/tutorial_objectstorage.py
[2025-04-02T11:10:22.467+0000] {logging_mixin.py:190} INFO - [2025-04-02T11:10:22.466+0000] {dag.py:3239} INFO - Sync 1 DAGs
[2025-04-02T11:10:22.485+0000] {logging_mixin.py:190} INFO - [2025-04-02T11:10:22.485+0000] {dag.py:4180} INFO - Setting next_dagrun for tutorial_objectstorage to None, run_after=None
[2025-04-02T11:10:22.510+0000] {processor.py:208} INFO - Processing /home/airflow/.local/lib/python3.12/site-packages/airflow/example_dags/tutorial_objectstorage.py took 0.095 seconds
[2025-04-02T11:10:53.053+0000] {processor.py:186} INFO - Started process (PID=975) to work on /home/airflow/.local/lib/python3.12/site-packages/airflow/example_dags/tutorial_objectstorage.py
[2025-04-02T11:10:53.055+0000] {processor.py:914} INFO - Processing file /home/airflow/.local/lib/python3.12/site-packages/airflow/example_dags/tutorial_objectstorage.py for tasks to queue
[2025-04-02T11:10:53.059+0000] {logging_mixin.py:190} INFO - [2025-04-02T11:10:53.058+0000] {dagbag.py:588} INFO - Filling up the DagBag from /home/airflow/.local/lib/python3.12/site-packages/airflow/example_dags/tutorial_objectstorage.py
[2025-04-02T11:10:53.071+0000] {processor.py:925} INFO - DAG(s) 'tutorial_objectstorage' retrieved from /home/airflow/.local/lib/python3.12/site-packages/airflow/example_dags/tutorial_objectstorage.py
[2025-04-02T11:10:53.096+0000] {logging_mixin.py:190} INFO - [2025-04-02T11:10:53.096+0000] {dag.py:3239} INFO - Sync 1 DAGs
[2025-04-02T11:10:53.116+0000] {logging_mixin.py:190} INFO - [2025-04-02T11:10:53.116+0000] {dag.py:4180} INFO - Setting next_dagrun for tutorial_objectstorage to None, run_after=None
[2025-04-02T11:10:53.142+0000] {processor.py:208} INFO - Processing /home/airflow/.local/lib/python3.12/site-packages/airflow/example_dags/tutorial_objectstorage.py took 0.095 seconds
[2025-04-02T11:11:23.681+0000] {processor.py:186} INFO - Started process (PID=1040) to work on /home/airflow/.local/lib/python3.12/site-packages/airflow/example_dags/tutorial_objectstorage.py
[2025-04-02T11:11:23.684+0000] {processor.py:914} INFO - Processing file /home/airflow/.local/lib/python3.12/site-packages/airflow/example_dags/tutorial_objectstorage.py for tasks to queue
[2025-04-02T11:11:23.688+0000] {logging_mixin.py:190} INFO - [2025-04-02T11:11:23.688+0000] {dagbag.py:588} INFO - Filling up the DagBag from /home/airflow/.local/lib/python3.12/site-packages/airflow/example_dags/tutorial_objectstorage.py
[2025-04-02T11:11:23.701+0000] {processor.py:925} INFO - DAG(s) 'tutorial_objectstorage' retrieved from /home/airflow/.local/lib/python3.12/site-packages/airflow/example_dags/tutorial_objectstorage.py
[2025-04-02T11:11:23.727+0000] {logging_mixin.py:190} INFO - [2025-04-02T11:11:23.727+0000] {dag.py:3239} INFO - Sync 1 DAGs
[2025-04-02T11:11:23.745+0000] {logging_mixin.py:190} INFO - [2025-04-02T11:11:23.745+0000] {dag.py:4180} INFO - Setting next_dagrun for tutorial_objectstorage to None, run_after=None
[2025-04-02T11:11:23.774+0000] {processor.py:208} INFO - Processing /home/airflow/.local/lib/python3.12/site-packages/airflow/example_dags/tutorial_objectstorage.py took 0.101 seconds
[2025-04-02T11:11:54.371+0000] {processor.py:186} INFO - Started process (PID=1105) to work on /home/airflow/.local/lib/python3.12/site-packages/airflow/example_dags/tutorial_objectstorage.py
[2025-04-02T11:11:54.374+0000] {processor.py:914} INFO - Processing file /home/airflow/.local/lib/python3.12/site-packages/airflow/example_dags/tutorial_objectstorage.py for tasks to queue
[2025-04-02T11:11:54.379+0000] {logging_mixin.py:190} INFO - [2025-04-02T11:11:54.379+0000] {dagbag.py:588} INFO - Filling up the DagBag from /home/airflow/.local/lib/python3.12/site-packages/airflow/example_dags/tutorial_objectstorage.py
[2025-04-02T11:11:54.391+0000] {processor.py:925} INFO - DAG(s) 'tutorial_objectstorage' retrieved from /home/airflow/.local/lib/python3.12/site-packages/airflow/example_dags/tutorial_objectstorage.py
[2025-04-02T11:11:54.418+0000] {logging_mixin.py:190} INFO - [2025-04-02T11:11:54.417+0000] {dag.py:3239} INFO - Sync 1 DAGs
[2025-04-02T11:11:54.439+0000] {logging_mixin.py:190} INFO - [2025-04-02T11:11:54.439+0000] {dag.py:4180} INFO - Setting next_dagrun for tutorial_objectstorage to None, run_after=None
[2025-04-02T11:11:54.470+0000] {processor.py:208} INFO - Processing /home/airflow/.local/lib/python3.12/site-packages/airflow/example_dags/tutorial_objectstorage.py took 0.105 seconds
[2025-04-02T11:12:24.848+0000] {processor.py:186} INFO - Started process (PID=1170) to work on /home/airflow/.local/lib/python3.12/site-packages/airflow/example_dags/tutorial_objectstorage.py
[2025-04-02T11:12:24.851+0000] {processor.py:914} INFO - Processing file /home/airflow/.local/lib/python3.12/site-packages/airflow/example_dags/tutorial_objectstorage.py for tasks to queue
[2025-04-02T11:12:24.855+0000] {logging_mixin.py:190} INFO - [2025-04-02T11:12:24.854+0000] {dagbag.py:588} INFO - Filling up the DagBag from /home/airflow/.local/lib/python3.12/site-packages/airflow/example_dags/tutorial_objectstorage.py
[2025-04-02T11:12:24.868+0000] {processor.py:925} INFO - DAG(s) 'tutorial_objectstorage' retrieved from /home/airflow/.local/lib/python3.12/site-packages/airflow/example_dags/tutorial_objectstorage.py
[2025-04-02T11:12:24.903+0000] {logging_mixin.py:190} INFO - [2025-04-02T11:12:24.902+0000] {dag.py:3239} INFO - Sync 1 DAGs
[2025-04-02T11:12:24.921+0000] {logging_mixin.py:190} INFO - [2025-04-02T11:12:24.921+0000] {dag.py:4180} INFO - Setting next_dagrun for tutorial_objectstorage to None, run_after=None
[2025-04-02T11:12:24.951+0000] {processor.py:208} INFO - Processing /home/airflow/.local/lib/python3.12/site-packages/airflow/example_dags/tutorial_objectstorage.py took 0.110 seconds
[2025-04-02T11:12:55.259+0000] {processor.py:186} INFO - Started process (PID=1236) to work on /home/airflow/.local/lib/python3.12/site-packages/airflow/example_dags/tutorial_objectstorage.py
[2025-04-02T11:12:55.262+0000] {processor.py:914} INFO - Processing file /home/airflow/.local/lib/python3.12/site-packages/airflow/example_dags/tutorial_objectstorage.py for tasks to queue
[2025-04-02T11:12:55.269+0000] {logging_mixin.py:190} INFO - [2025-04-02T11:12:55.268+0000] {dagbag.py:588} INFO - Filling up the DagBag from /home/airflow/.local/lib/python3.12/site-packages/airflow/example_dags/tutorial_objectstorage.py
[2025-04-02T11:12:55.284+0000] {processor.py:925} INFO - DAG(s) 'tutorial_objectstorage' retrieved from /home/airflow/.local/lib/python3.12/site-packages/airflow/example_dags/tutorial_objectstorage.py
[2025-04-02T11:12:55.306+0000] {logging_mixin.py:190} INFO - [2025-04-02T11:12:55.306+0000] {dag.py:3239} INFO - Sync 1 DAGs
[2025-04-02T11:12:55.320+0000] {logging_mixin.py:190} INFO - [2025-04-02T11:12:55.320+0000] {dag.py:4180} INFO - Setting next_dagrun for tutorial_objectstorage to None, run_after=None
[2025-04-02T11:12:55.341+0000] {processor.py:208} INFO - Processing /home/airflow/.local/lib/python3.12/site-packages/airflow/example_dags/tutorial_objectstorage.py took 0.089 seconds
[2025-04-02T11:13:26.228+0000] {processor.py:186} INFO - Started process (PID=1301) to work on /home/airflow/.local/lib/python3.12/site-packages/airflow/example_dags/tutorial_objectstorage.py
[2025-04-02T11:13:26.231+0000] {processor.py:914} INFO - Processing file /home/airflow/.local/lib/python3.12/site-packages/airflow/example_dags/tutorial_objectstorage.py for tasks to queue
[2025-04-02T11:13:26.235+0000] {logging_mixin.py:190} INFO - [2025-04-02T11:13:26.234+0000] {dagbag.py:588} INFO - Filling up the DagBag from /home/airflow/.local/lib/python3.12/site-packages/airflow/example_dags/tutorial_objectstorage.py
[2025-04-02T11:13:26.245+0000] {processor.py:925} INFO - DAG(s) 'tutorial_objectstorage' retrieved from /home/airflow/.local/lib/python3.12/site-packages/airflow/example_dags/tutorial_objectstorage.py
[2025-04-02T11:13:26.275+0000] {logging_mixin.py:190} INFO - [2025-04-02T11:13:26.275+0000] {dag.py:3239} INFO - Sync 1 DAGs
[2025-04-02T11:13:26.289+0000] {logging_mixin.py:190} INFO - [2025-04-02T11:13:26.288+0000] {dag.py:4180} INFO - Setting next_dagrun for tutorial_objectstorage to None, run_after=None
[2025-04-02T11:13:26.313+0000] {processor.py:208} INFO - Processing /home/airflow/.local/lib/python3.12/site-packages/airflow/example_dags/tutorial_objectstorage.py took 0.090 seconds
[2025-04-02T11:13:56.569+0000] {processor.py:186} INFO - Started process (PID=1366) to work on /home/airflow/.local/lib/python3.12/site-packages/airflow/example_dags/tutorial_objectstorage.py
[2025-04-02T11:13:56.571+0000] {processor.py:914} INFO - Processing file /home/airflow/.local/lib/python3.12/site-packages/airflow/example_dags/tutorial_objectstorage.py for tasks to queue
[2025-04-02T11:13:56.575+0000] {logging_mixin.py:190} INFO - [2025-04-02T11:13:56.574+0000] {dagbag.py:588} INFO - Filling up the DagBag from /home/airflow/.local/lib/python3.12/site-packages/airflow/example_dags/tutorial_objectstorage.py
[2025-04-02T11:13:56.585+0000] {processor.py:925} INFO - DAG(s) 'tutorial_objectstorage' retrieved from /home/airflow/.local/lib/python3.12/site-packages/airflow/example_dags/tutorial_objectstorage.py
[2025-04-02T11:13:56.608+0000] {logging_mixin.py:190} INFO - [2025-04-02T11:13:56.608+0000] {dag.py:3239} INFO - Sync 1 DAGs
[2025-04-02T11:13:56.622+0000] {logging_mixin.py:190} INFO - [2025-04-02T11:13:56.622+0000] {dag.py:4180} INFO - Setting next_dagrun for tutorial_objectstorage to None, run_after=None
[2025-04-02T11:13:56.645+0000] {processor.py:208} INFO - Processing /home/airflow/.local/lib/python3.12/site-packages/airflow/example_dags/tutorial_objectstorage.py took 0.081 seconds
[2025-04-02T11:14:26.897+0000] {processor.py:186} INFO - Started process (PID=1431) to work on /home/airflow/.local/lib/python3.12/site-packages/airflow/example_dags/tutorial_objectstorage.py
[2025-04-02T11:14:26.899+0000] {processor.py:914} INFO - Processing file /home/airflow/.local/lib/python3.12/site-packages/airflow/example_dags/tutorial_objectstorage.py for tasks to queue
[2025-04-02T11:14:26.902+0000] {logging_mixin.py:190} INFO - [2025-04-02T11:14:26.901+0000] {dagbag.py:588} INFO - Filling up the DagBag from /home/airflow/.local/lib/python3.12/site-packages/airflow/example_dags/tutorial_objectstorage.py
[2025-04-02T11:14:26.912+0000] {processor.py:925} INFO - DAG(s) 'tutorial_objectstorage' retrieved from /home/airflow/.local/lib/python3.12/site-packages/airflow/example_dags/tutorial_objectstorage.py
[2025-04-02T11:14:26.935+0000] {logging_mixin.py:190} INFO - [2025-04-02T11:14:26.935+0000] {dag.py:3239} INFO - Sync 1 DAGs
[2025-04-02T11:14:26.950+0000] {logging_mixin.py:190} INFO - [2025-04-02T11:14:26.950+0000] {dag.py:4180} INFO - Setting next_dagrun for tutorial_objectstorage to None, run_after=None
[2025-04-02T11:14:26.971+0000] {processor.py:208} INFO - Processing /home/airflow/.local/lib/python3.12/site-packages/airflow/example_dags/tutorial_objectstorage.py took 0.082 seconds
[2025-04-02T11:14:57.303+0000] {processor.py:186} INFO - Started process (PID=1496) to work on /home/airflow/.local/lib/python3.12/site-packages/airflow/example_dags/tutorial_objectstorage.py
[2025-04-02T11:14:57.305+0000] {processor.py:914} INFO - Processing file /home/airflow/.local/lib/python3.12/site-packages/airflow/example_dags/tutorial_objectstorage.py for tasks to queue
[2025-04-02T11:14:57.308+0000] {logging_mixin.py:190} INFO - [2025-04-02T11:14:57.307+0000] {dagbag.py:588} INFO - Filling up the DagBag from /home/airflow/.local/lib/python3.12/site-packages/airflow/example_dags/tutorial_objectstorage.py
[2025-04-02T11:14:57.318+0000] {processor.py:925} INFO - DAG(s) 'tutorial_objectstorage' retrieved from /home/airflow/.local/lib/python3.12/site-packages/airflow/example_dags/tutorial_objectstorage.py
[2025-04-02T11:14:57.342+0000] {logging_mixin.py:190} INFO - [2025-04-02T11:14:57.342+0000] {dag.py:3239} INFO - Sync 1 DAGs
[2025-04-02T11:14:57.356+0000] {logging_mixin.py:190} INFO - [2025-04-02T11:14:57.355+0000] {dag.py:4180} INFO - Setting next_dagrun for tutorial_objectstorage to None, run_after=None
[2025-04-02T11:14:57.381+0000] {processor.py:208} INFO - Processing /home/airflow/.local/lib/python3.12/site-packages/airflow/example_dags/tutorial_objectstorage.py took 0.084 seconds
[2025-04-02T11:15:28.392+0000] {processor.py:186} INFO - Started process (PID=1561) to work on /home/airflow/.local/lib/python3.12/site-packages/airflow/example_dags/tutorial_objectstorage.py
[2025-04-02T11:15:28.394+0000] {processor.py:914} INFO - Processing file /home/airflow/.local/lib/python3.12/site-packages/airflow/example_dags/tutorial_objectstorage.py for tasks to queue
[2025-04-02T11:15:28.398+0000] {logging_mixin.py:190} INFO - [2025-04-02T11:15:28.398+0000] {dagbag.py:588} INFO - Filling up the DagBag from /home/airflow/.local/lib/python3.12/site-packages/airflow/example_dags/tutorial_objectstorage.py
[2025-04-02T11:15:28.410+0000] {processor.py:925} INFO - DAG(s) 'tutorial_objectstorage' retrieved from /home/airflow/.local/lib/python3.12/site-packages/airflow/example_dags/tutorial_objectstorage.py
[2025-04-02T11:15:28.438+0000] {logging_mixin.py:190} INFO - [2025-04-02T11:15:28.437+0000] {dag.py:3239} INFO - Sync 1 DAGs
[2025-04-02T11:15:28.454+0000] {logging_mixin.py:190} INFO - [2025-04-02T11:15:28.454+0000] {dag.py:4180} INFO - Setting next_dagrun for tutorial_objectstorage to None, run_after=None
[2025-04-02T11:15:28.484+0000] {processor.py:208} INFO - Processing /home/airflow/.local/lib/python3.12/site-packages/airflow/example_dags/tutorial_objectstorage.py took 0.100 seconds
[2025-04-02T11:15:59.144+0000] {processor.py:186} INFO - Started process (PID=1626) to work on /home/airflow/.local/lib/python3.12/site-packages/airflow/example_dags/tutorial_objectstorage.py
[2025-04-02T11:15:59.147+0000] {processor.py:914} INFO - Processing file /home/airflow/.local/lib/python3.12/site-packages/airflow/example_dags/tutorial_objectstorage.py for tasks to queue
[2025-04-02T11:15:59.151+0000] {logging_mixin.py:190} INFO - [2025-04-02T11:15:59.150+0000] {dagbag.py:588} INFO - Filling up the DagBag from /home/airflow/.local/lib/python3.12/site-packages/airflow/example_dags/tutorial_objectstorage.py
[2025-04-02T11:15:59.163+0000] {processor.py:925} INFO - DAG(s) 'tutorial_objectstorage' retrieved from /home/airflow/.local/lib/python3.12/site-packages/airflow/example_dags/tutorial_objectstorage.py
[2025-04-02T11:15:59.194+0000] {logging_mixin.py:190} INFO - [2025-04-02T11:15:59.194+0000] {dag.py:3239} INFO - Sync 1 DAGs
[2025-04-02T11:15:59.211+0000] {logging_mixin.py:190} INFO - [2025-04-02T11:15:59.210+0000] {dag.py:4180} INFO - Setting next_dagrun for tutorial_objectstorage to None, run_after=None
[2025-04-02T11:15:59.239+0000] {processor.py:208} INFO - Processing /home/airflow/.local/lib/python3.12/site-packages/airflow/example_dags/tutorial_objectstorage.py took 0.102 seconds
[2025-04-02T11:16:30.266+0000] {processor.py:186} INFO - Started process (PID=1691) to work on /home/airflow/.local/lib/python3.12/site-packages/airflow/example_dags/tutorial_objectstorage.py
[2025-04-02T11:16:30.269+0000] {processor.py:914} INFO - Processing file /home/airflow/.local/lib/python3.12/site-packages/airflow/example_dags/tutorial_objectstorage.py for tasks to queue
[2025-04-02T11:16:30.276+0000] {logging_mixin.py:190} INFO - [2025-04-02T11:16:30.275+0000] {dagbag.py:588} INFO - Filling up the DagBag from /home/airflow/.local/lib/python3.12/site-packages/airflow/example_dags/tutorial_objectstorage.py
[2025-04-02T11:16:30.295+0000] {processor.py:925} INFO - DAG(s) 'tutorial_objectstorage' retrieved from /home/airflow/.local/lib/python3.12/site-packages/airflow/example_dags/tutorial_objectstorage.py
[2025-04-02T11:16:30.329+0000] {logging_mixin.py:190} INFO - [2025-04-02T11:16:30.328+0000] {dag.py:3239} INFO - Sync 1 DAGs
[2025-04-02T11:16:30.355+0000] {logging_mixin.py:190} INFO - [2025-04-02T11:16:30.354+0000] {dag.py:4180} INFO - Setting next_dagrun for tutorial_objectstorage to None, run_after=None
[2025-04-02T11:16:30.396+0000] {processor.py:208} INFO - Processing /home/airflow/.local/lib/python3.12/site-packages/airflow/example_dags/tutorial_objectstorage.py took 0.141 seconds
[2025-04-02T11:17:01.271+0000] {processor.py:186} INFO - Started process (PID=1756) to work on /home/airflow/.local/lib/python3.12/site-packages/airflow/example_dags/tutorial_objectstorage.py
[2025-04-02T11:17:01.275+0000] {processor.py:914} INFO - Processing file /home/airflow/.local/lib/python3.12/site-packages/airflow/example_dags/tutorial_objectstorage.py for tasks to queue
[2025-04-02T11:17:01.280+0000] {logging_mixin.py:190} INFO - [2025-04-02T11:17:01.279+0000] {dagbag.py:588} INFO - Filling up the DagBag from /home/airflow/.local/lib/python3.12/site-packages/airflow/example_dags/tutorial_objectstorage.py
[2025-04-02T11:17:01.291+0000] {processor.py:925} INFO - DAG(s) 'tutorial_objectstorage' retrieved from /home/airflow/.local/lib/python3.12/site-packages/airflow/example_dags/tutorial_objectstorage.py
[2025-04-02T11:17:01.321+0000] {logging_mixin.py:190} INFO - [2025-04-02T11:17:01.321+0000] {dag.py:3239} INFO - Sync 1 DAGs
[2025-04-02T11:17:01.341+0000] {logging_mixin.py:190} INFO - [2025-04-02T11:17:01.341+0000] {dag.py:4180} INFO - Setting next_dagrun for tutorial_objectstorage to None, run_after=None
[2025-04-02T11:17:01.368+0000] {processor.py:208} INFO - Processing /home/airflow/.local/lib/python3.12/site-packages/airflow/example_dags/tutorial_objectstorage.py took 0.105 seconds
[2025-04-02T11:17:31.799+0000] {processor.py:186} INFO - Started process (PID=1821) to work on /home/airflow/.local/lib/python3.12/site-packages/airflow/example_dags/tutorial_objectstorage.py
[2025-04-02T11:17:31.802+0000] {processor.py:914} INFO - Processing file /home/airflow/.local/lib/python3.12/site-packages/airflow/example_dags/tutorial_objectstorage.py for tasks to queue
[2025-04-02T11:17:31.808+0000] {logging_mixin.py:190} INFO - [2025-04-02T11:17:31.807+0000] {dagbag.py:588} INFO - Filling up the DagBag from /home/airflow/.local/lib/python3.12/site-packages/airflow/example_dags/tutorial_objectstorage.py
[2025-04-02T11:17:31.826+0000] {processor.py:925} INFO - DAG(s) 'tutorial_objectstorage' retrieved from /home/airflow/.local/lib/python3.12/site-packages/airflow/example_dags/tutorial_objectstorage.py
[2025-04-02T11:17:31.863+0000] {logging_mixin.py:190} INFO - [2025-04-02T11:17:31.863+0000] {dag.py:3239} INFO - Sync 1 DAGs
[2025-04-02T11:17:31.878+0000] {logging_mixin.py:190} INFO - [2025-04-02T11:17:31.878+0000] {dag.py:4180} INFO - Setting next_dagrun for tutorial_objectstorage to None, run_after=None
[2025-04-02T11:17:31.916+0000] {processor.py:208} INFO - Processing /home/airflow/.local/lib/python3.12/site-packages/airflow/example_dags/tutorial_objectstorage.py took 0.129 seconds
[2025-04-02T11:18:02.004+0000] {processor.py:186} INFO - Started process (PID=1886) to work on /home/airflow/.local/lib/python3.12/site-packages/airflow/example_dags/tutorial_objectstorage.py
[2025-04-02T11:18:02.006+0000] {processor.py:914} INFO - Processing file /home/airflow/.local/lib/python3.12/site-packages/airflow/example_dags/tutorial_objectstorage.py for tasks to queue
[2025-04-02T11:18:02.010+0000] {logging_mixin.py:190} INFO - [2025-04-02T11:18:02.009+0000] {dagbag.py:588} INFO - Filling up the DagBag from /home/airflow/.local/lib/python3.12/site-packages/airflow/example_dags/tutorial_objectstorage.py
[2025-04-02T11:18:02.024+0000] {processor.py:925} INFO - DAG(s) 'tutorial_objectstorage' retrieved from /home/airflow/.local/lib/python3.12/site-packages/airflow/example_dags/tutorial_objectstorage.py
[2025-04-02T11:18:02.062+0000] {logging_mixin.py:190} INFO - [2025-04-02T11:18:02.062+0000] {dag.py:3239} INFO - Sync 1 DAGs
[2025-04-02T11:18:02.076+0000] {logging_mixin.py:190} INFO - [2025-04-02T11:18:02.076+0000] {dag.py:4180} INFO - Setting next_dagrun for tutorial_objectstorage to None, run_after=None
[2025-04-02T11:18:02.121+0000] {processor.py:208} INFO - Processing /home/airflow/.local/lib/python3.12/site-packages/airflow/example_dags/tutorial_objectstorage.py took 0.127 seconds
[2025-04-02T11:18:32.812+0000] {processor.py:186} INFO - Started process (PID=1951) to work on /home/airflow/.local/lib/python3.12/site-packages/airflow/example_dags/tutorial_objectstorage.py
[2025-04-02T11:18:32.815+0000] {processor.py:914} INFO - Processing file /home/airflow/.local/lib/python3.12/site-packages/airflow/example_dags/tutorial_objectstorage.py for tasks to queue
[2025-04-02T11:18:32.823+0000] {logging_mixin.py:190} INFO - [2025-04-02T11:18:32.822+0000] {dagbag.py:588} INFO - Filling up the DagBag from /home/airflow/.local/lib/python3.12/site-packages/airflow/example_dags/tutorial_objectstorage.py
[2025-04-02T11:18:32.842+0000] {processor.py:925} INFO - DAG(s) 'tutorial_objectstorage' retrieved from /home/airflow/.local/lib/python3.12/site-packages/airflow/example_dags/tutorial_objectstorage.py
[2025-04-02T11:18:32.868+0000] {logging_mixin.py:190} INFO - [2025-04-02T11:18:32.868+0000] {dag.py:3239} INFO - Sync 1 DAGs
[2025-04-02T11:18:32.882+0000] {logging_mixin.py:190} INFO - [2025-04-02T11:18:32.881+0000] {dag.py:4180} INFO - Setting next_dagrun for tutorial_objectstorage to None, run_after=None
[2025-04-02T11:18:32.907+0000] {processor.py:208} INFO - Processing /home/airflow/.local/lib/python3.12/site-packages/airflow/example_dags/tutorial_objectstorage.py took 0.105 seconds
[2025-04-02T11:19:03.704+0000] {processor.py:186} INFO - Started process (PID=2016) to work on /home/airflow/.local/lib/python3.12/site-packages/airflow/example_dags/tutorial_objectstorage.py
[2025-04-02T11:19:03.706+0000] {processor.py:914} INFO - Processing file /home/airflow/.local/lib/python3.12/site-packages/airflow/example_dags/tutorial_objectstorage.py for tasks to queue
[2025-04-02T11:19:03.712+0000] {logging_mixin.py:190} INFO - [2025-04-02T11:19:03.711+0000] {dagbag.py:588} INFO - Filling up the DagBag from /home/airflow/.local/lib/python3.12/site-packages/airflow/example_dags/tutorial_objectstorage.py
[2025-04-02T11:19:03.724+0000] {processor.py:925} INFO - DAG(s) 'tutorial_objectstorage' retrieved from /home/airflow/.local/lib/python3.12/site-packages/airflow/example_dags/tutorial_objectstorage.py
[2025-04-02T11:19:03.763+0000] {logging_mixin.py:190} INFO - [2025-04-02T11:19:03.762+0000] {dag.py:3239} INFO - Sync 1 DAGs
[2025-04-02T11:19:03.793+0000] {logging_mixin.py:190} INFO - [2025-04-02T11:19:03.792+0000] {dag.py:4180} INFO - Setting next_dagrun for tutorial_objectstorage to None, run_after=None
[2025-04-02T11:19:03.832+0000] {processor.py:208} INFO - Processing /home/airflow/.local/lib/python3.12/site-packages/airflow/example_dags/tutorial_objectstorage.py took 0.140 seconds
[2025-04-02T11:19:34.539+0000] {processor.py:186} INFO - Started process (PID=2081) to work on /home/airflow/.local/lib/python3.12/site-packages/airflow/example_dags/tutorial_objectstorage.py
[2025-04-02T11:19:34.542+0000] {processor.py:914} INFO - Processing file /home/airflow/.local/lib/python3.12/site-packages/airflow/example_dags/tutorial_objectstorage.py for tasks to queue
[2025-04-02T11:19:34.548+0000] {logging_mixin.py:190} INFO - [2025-04-02T11:19:34.547+0000] {dagbag.py:588} INFO - Filling up the DagBag from /home/airflow/.local/lib/python3.12/site-packages/airflow/example_dags/tutorial_objectstorage.py
[2025-04-02T11:19:34.566+0000] {processor.py:925} INFO - DAG(s) 'tutorial_objectstorage' retrieved from /home/airflow/.local/lib/python3.12/site-packages/airflow/example_dags/tutorial_objectstorage.py
[2025-04-02T11:19:34.601+0000] {logging_mixin.py:190} INFO - [2025-04-02T11:19:34.601+0000] {dag.py:3239} INFO - Sync 1 DAGs
[2025-04-02T11:19:34.620+0000] {logging_mixin.py:190} INFO - [2025-04-02T11:19:34.619+0000] {dag.py:4180} INFO - Setting next_dagrun for tutorial_objectstorage to None, run_after=None
[2025-04-02T11:19:34.671+0000] {processor.py:208} INFO - Processing /home/airflow/.local/lib/python3.12/site-packages/airflow/example_dags/tutorial_objectstorage.py took 0.143 seconds
[2025-04-02T11:20:05.614+0000] {processor.py:186} INFO - Started process (PID=2146) to work on /home/airflow/.local/lib/python3.12/site-packages/airflow/example_dags/tutorial_objectstorage.py
[2025-04-02T11:20:05.618+0000] {processor.py:914} INFO - Processing file /home/airflow/.local/lib/python3.12/site-packages/airflow/example_dags/tutorial_objectstorage.py for tasks to queue
[2025-04-02T11:20:05.626+0000] {logging_mixin.py:190} INFO - [2025-04-02T11:20:05.625+0000] {dagbag.py:588} INFO - Filling up the DagBag from /home/airflow/.local/lib/python3.12/site-packages/airflow/example_dags/tutorial_objectstorage.py
[2025-04-02T11:20:05.645+0000] {processor.py:925} INFO - DAG(s) 'tutorial_objectstorage' retrieved from /home/airflow/.local/lib/python3.12/site-packages/airflow/example_dags/tutorial_objectstorage.py
[2025-04-02T11:20:05.683+0000] {logging_mixin.py:190} INFO - [2025-04-02T11:20:05.683+0000] {dag.py:3239} INFO - Sync 1 DAGs
[2025-04-02T11:20:05.703+0000] {logging_mixin.py:190} INFO - [2025-04-02T11:20:05.703+0000] {dag.py:4180} INFO - Setting next_dagrun for tutorial_objectstorage to None, run_after=None
[2025-04-02T11:20:05.748+0000] {processor.py:208} INFO - Processing /home/airflow/.local/lib/python3.12/site-packages/airflow/example_dags/tutorial_objectstorage.py took 0.148 seconds
[2025-04-02T11:20:35.843+0000] {processor.py:186} INFO - Started process (PID=2211) to work on /home/airflow/.local/lib/python3.12/site-packages/airflow/example_dags/tutorial_objectstorage.py
[2025-04-02T11:20:35.847+0000] {processor.py:914} INFO - Processing file /home/airflow/.local/lib/python3.12/site-packages/airflow/example_dags/tutorial_objectstorage.py for tasks to queue
[2025-04-02T11:20:35.853+0000] {logging_mixin.py:190} INFO - [2025-04-02T11:20:35.853+0000] {dagbag.py:588} INFO - Filling up the DagBag from /home/airflow/.local/lib/python3.12/site-packages/airflow/example_dags/tutorial_objectstorage.py
[2025-04-02T11:20:35.873+0000] {processor.py:925} INFO - DAG(s) 'tutorial_objectstorage' retrieved from /home/airflow/.local/lib/python3.12/site-packages/airflow/example_dags/tutorial_objectstorage.py
[2025-04-02T11:20:35.906+0000] {logging_mixin.py:190} INFO - [2025-04-02T11:20:35.906+0000] {dag.py:3239} INFO - Sync 1 DAGs
[2025-04-02T11:20:35.924+0000] {logging_mixin.py:190} INFO - [2025-04-02T11:20:35.924+0000] {dag.py:4180} INFO - Setting next_dagrun for tutorial_objectstorage to None, run_after=None
[2025-04-02T11:20:35.966+0000] {processor.py:208} INFO - Processing /home/airflow/.local/lib/python3.12/site-packages/airflow/example_dags/tutorial_objectstorage.py took 0.137 seconds
[2025-04-02T11:21:06.176+0000] {processor.py:186} INFO - Started process (PID=2277) to work on /home/airflow/.local/lib/python3.12/site-packages/airflow/example_dags/tutorial_objectstorage.py
[2025-04-02T11:21:06.180+0000] {processor.py:914} INFO - Processing file /home/airflow/.local/lib/python3.12/site-packages/airflow/example_dags/tutorial_objectstorage.py for tasks to queue
[2025-04-02T11:21:06.186+0000] {logging_mixin.py:190} INFO - [2025-04-02T11:21:06.186+0000] {dagbag.py:588} INFO - Filling up the DagBag from /home/airflow/.local/lib/python3.12/site-packages/airflow/example_dags/tutorial_objectstorage.py
[2025-04-02T11:21:06.204+0000] {processor.py:925} INFO - DAG(s) 'tutorial_objectstorage' retrieved from /home/airflow/.local/lib/python3.12/site-packages/airflow/example_dags/tutorial_objectstorage.py
[2025-04-02T11:21:06.241+0000] {logging_mixin.py:190} INFO - [2025-04-02T11:21:06.240+0000] {dag.py:3239} INFO - Sync 1 DAGs
[2025-04-02T11:21:06.263+0000] {logging_mixin.py:190} INFO - [2025-04-02T11:21:06.263+0000] {dag.py:4180} INFO - Setting next_dagrun for tutorial_objectstorage to None, run_after=None
[2025-04-02T11:21:06.296+0000] {processor.py:208} INFO - Processing /home/airflow/.local/lib/python3.12/site-packages/airflow/example_dags/tutorial_objectstorage.py took 0.131 seconds
[2025-04-02T11:21:36.573+0000] {processor.py:186} INFO - Started process (PID=2342) to work on /home/airflow/.local/lib/python3.12/site-packages/airflow/example_dags/tutorial_objectstorage.py
[2025-04-02T11:21:36.575+0000] {processor.py:914} INFO - Processing file /home/airflow/.local/lib/python3.12/site-packages/airflow/example_dags/tutorial_objectstorage.py for tasks to queue
[2025-04-02T11:21:36.582+0000] {logging_mixin.py:190} INFO - [2025-04-02T11:21:36.580+0000] {dagbag.py:588} INFO - Filling up the DagBag from /home/airflow/.local/lib/python3.12/site-packages/airflow/example_dags/tutorial_objectstorage.py
[2025-04-02T11:21:36.599+0000] {processor.py:925} INFO - DAG(s) 'tutorial_objectstorage' retrieved from /home/airflow/.local/lib/python3.12/site-packages/airflow/example_dags/tutorial_objectstorage.py
[2025-04-02T11:21:36.628+0000] {logging_mixin.py:190} INFO - [2025-04-02T11:21:36.628+0000] {dag.py:3239} INFO - Sync 1 DAGs
[2025-04-02T11:21:36.652+0000] {logging_mixin.py:190} INFO - [2025-04-02T11:21:36.652+0000] {dag.py:4180} INFO - Setting next_dagrun for tutorial_objectstorage to None, run_after=None
[2025-04-02T11:21:36.688+0000] {processor.py:208} INFO - Processing /home/airflow/.local/lib/python3.12/site-packages/airflow/example_dags/tutorial_objectstorage.py took 0.122 seconds
[2025-04-02T11:22:07.271+0000] {processor.py:186} INFO - Started process (PID=2408) to work on /home/airflow/.local/lib/python3.12/site-packages/airflow/example_dags/tutorial_objectstorage.py
[2025-04-02T11:22:07.273+0000] {processor.py:914} INFO - Processing file /home/airflow/.local/lib/python3.12/site-packages/airflow/example_dags/tutorial_objectstorage.py for tasks to queue
[2025-04-02T11:22:07.277+0000] {logging_mixin.py:190} INFO - [2025-04-02T11:22:07.276+0000] {dagbag.py:588} INFO - Filling up the DagBag from /home/airflow/.local/lib/python3.12/site-packages/airflow/example_dags/tutorial_objectstorage.py
[2025-04-02T11:22:07.287+0000] {processor.py:925} INFO - DAG(s) 'tutorial_objectstorage' retrieved from /home/airflow/.local/lib/python3.12/site-packages/airflow/example_dags/tutorial_objectstorage.py
[2025-04-02T11:22:07.312+0000] {logging_mixin.py:190} INFO - [2025-04-02T11:22:07.312+0000] {dag.py:3239} INFO - Sync 1 DAGs
[2025-04-02T11:22:07.326+0000] {logging_mixin.py:190} INFO - [2025-04-02T11:22:07.326+0000] {dag.py:4180} INFO - Setting next_dagrun for tutorial_objectstorage to None, run_after=None
[2025-04-02T11:22:07.350+0000] {processor.py:208} INFO - Processing /home/airflow/.local/lib/python3.12/site-packages/airflow/example_dags/tutorial_objectstorage.py took 0.084 seconds
[2025-04-02T11:22:37.694+0000] {processor.py:186} INFO - Started process (PID=2474) to work on /home/airflow/.local/lib/python3.12/site-packages/airflow/example_dags/tutorial_objectstorage.py
[2025-04-02T11:22:37.696+0000] {processor.py:914} INFO - Processing file /home/airflow/.local/lib/python3.12/site-packages/airflow/example_dags/tutorial_objectstorage.py for tasks to queue
[2025-04-02T11:22:37.701+0000] {logging_mixin.py:190} INFO - [2025-04-02T11:22:37.700+0000] {dagbag.py:588} INFO - Filling up the DagBag from /home/airflow/.local/lib/python3.12/site-packages/airflow/example_dags/tutorial_objectstorage.py
[2025-04-02T11:22:37.714+0000] {processor.py:925} INFO - DAG(s) 'tutorial_objectstorage' retrieved from /home/airflow/.local/lib/python3.12/site-packages/airflow/example_dags/tutorial_objectstorage.py
[2025-04-02T11:22:37.751+0000] {logging_mixin.py:190} INFO - [2025-04-02T11:22:37.751+0000] {dag.py:3239} INFO - Sync 1 DAGs
[2025-04-02T11:22:37.767+0000] {logging_mixin.py:190} INFO - [2025-04-02T11:22:37.767+0000] {dag.py:4180} INFO - Setting next_dagrun for tutorial_objectstorage to None, run_after=None
[2025-04-02T11:22:37.807+0000] {processor.py:208} INFO - Processing /home/airflow/.local/lib/python3.12/site-packages/airflow/example_dags/tutorial_objectstorage.py took 0.119 seconds
[2025-04-02T11:23:08.201+0000] {processor.py:186} INFO - Started process (PID=2539) to work on /home/airflow/.local/lib/python3.12/site-packages/airflow/example_dags/tutorial_objectstorage.py
[2025-04-02T11:23:08.205+0000] {processor.py:914} INFO - Processing file /home/airflow/.local/lib/python3.12/site-packages/airflow/example_dags/tutorial_objectstorage.py for tasks to queue
[2025-04-02T11:23:08.211+0000] {logging_mixin.py:190} INFO - [2025-04-02T11:23:08.210+0000] {dagbag.py:588} INFO - Filling up the DagBag from /home/airflow/.local/lib/python3.12/site-packages/airflow/example_dags/tutorial_objectstorage.py
[2025-04-02T11:23:08.222+0000] {processor.py:925} INFO - DAG(s) 'tutorial_objectstorage' retrieved from /home/airflow/.local/lib/python3.12/site-packages/airflow/example_dags/tutorial_objectstorage.py
[2025-04-02T11:23:08.256+0000] {logging_mixin.py:190} INFO - [2025-04-02T11:23:08.255+0000] {dag.py:3239} INFO - Sync 1 DAGs
[2025-04-02T11:23:08.276+0000] {logging_mixin.py:190} INFO - [2025-04-02T11:23:08.276+0000] {dag.py:4180} INFO - Setting next_dagrun for tutorial_objectstorage to None, run_after=None
[2025-04-02T11:23:08.304+0000] {processor.py:208} INFO - Processing /home/airflow/.local/lib/python3.12/site-packages/airflow/example_dags/tutorial_objectstorage.py took 0.110 seconds
[2025-04-02T11:23:39.215+0000] {processor.py:186} INFO - Started process (PID=2604) to work on /home/airflow/.local/lib/python3.12/site-packages/airflow/example_dags/tutorial_objectstorage.py
[2025-04-02T11:23:39.218+0000] {processor.py:914} INFO - Processing file /home/airflow/.local/lib/python3.12/site-packages/airflow/example_dags/tutorial_objectstorage.py for tasks to queue
[2025-04-02T11:23:39.222+0000] {logging_mixin.py:190} INFO - [2025-04-02T11:23:39.221+0000] {dagbag.py:588} INFO - Filling up the DagBag from /home/airflow/.local/lib/python3.12/site-packages/airflow/example_dags/tutorial_objectstorage.py
[2025-04-02T11:23:39.237+0000] {processor.py:925} INFO - DAG(s) 'tutorial_objectstorage' retrieved from /home/airflow/.local/lib/python3.12/site-packages/airflow/example_dags/tutorial_objectstorage.py
[2025-04-02T11:23:39.268+0000] {logging_mixin.py:190} INFO - [2025-04-02T11:23:39.268+0000] {dag.py:3239} INFO - Sync 1 DAGs
[2025-04-02T11:23:39.285+0000] {logging_mixin.py:190} INFO - [2025-04-02T11:23:39.285+0000] {dag.py:4180} INFO - Setting next_dagrun for tutorial_objectstorage to None, run_after=None
[2025-04-02T11:23:39.312+0000] {processor.py:208} INFO - Processing /home/airflow/.local/lib/python3.12/site-packages/airflow/example_dags/tutorial_objectstorage.py took 0.104 seconds
