[2025-04-02T06:22:12.150+0000] {processor.py:186} INFO - Started process (PID=7905) to work on /home/airflow/.local/lib/python3.12/site-packages/airflow/example_dags/tutorial.py
[2025-04-02T06:22:12.153+0000] {processor.py:914} INFO - Processing file /home/airflow/.local/lib/python3.12/site-packages/airflow/example_dags/tutorial.py for tasks to queue
[2025-04-02T06:22:12.156+0000] {logging_mixin.py:190} INFO - [2025-04-02T06:22:12.155+0000] {dagbag.py:588} INFO - Filling up the DagBag from /home/airflow/.local/lib/python3.12/site-packages/airflow/example_dags/tutorial.py
[2025-04-02T06:22:12.165+0000] {processor.py:925} INFO - DAG(s) 'tutorial' retrieved from /home/airflow/.local/lib/python3.12/site-packages/airflow/example_dags/tutorial.py
[2025-04-02T06:22:12.208+0000] {logging_mixin.py:190} INFO - [2025-04-02T06:22:12.208+0000] {dag.py:3239} INFO - Sync 1 DAGs
[2025-04-02T06:22:12.246+0000] {logging_mixin.py:190} INFO - [2025-04-02T06:22:12.245+0000] {dag.py:4180} INFO - Setting next_dagrun for tutorial to 2025-04-01 00:00:00+00:00, run_after=2025-04-02 00:00:00+00:00
[2025-04-02T06:22:12.540+0000] {processor.py:208} INFO - Processing /home/airflow/.local/lib/python3.12/site-packages/airflow/example_dags/tutorial.py took 0.396 seconds
[2025-04-02T09:06:42.728+0000] {processor.py:186} INFO - Started process (PID=7971) to work on /home/airflow/.local/lib/python3.12/site-packages/airflow/example_dags/tutorial.py
[2025-04-02T09:06:42.731+0000] {processor.py:914} INFO - Processing file /home/airflow/.local/lib/python3.12/site-packages/airflow/example_dags/tutorial.py for tasks to queue
[2025-04-02T09:06:42.735+0000] {logging_mixin.py:190} INFO - [2025-04-02T09:06:42.734+0000] {dagbag.py:588} INFO - Filling up the DagBag from /home/airflow/.local/lib/python3.12/site-packages/airflow/example_dags/tutorial.py
[2025-04-02T09:06:42.748+0000] {processor.py:925} INFO - DAG(s) 'tutorial' retrieved from /home/airflow/.local/lib/python3.12/site-packages/airflow/example_dags/tutorial.py
[2025-04-02T09:06:42.792+0000] {logging_mixin.py:190} INFO - [2025-04-02T09:06:42.792+0000] {dag.py:3239} INFO - Sync 1 DAGs
[2025-04-02T09:06:42.836+0000] {logging_mixin.py:190} INFO - [2025-04-02T09:06:42.836+0000] {dag.py:4180} INFO - Setting next_dagrun for tutorial to 2025-04-01 00:00:00+00:00, run_after=2025-04-02 00:00:00+00:00
[2025-04-02T09:06:43.157+0000] {processor.py:208} INFO - Processing /home/airflow/.local/lib/python3.12/site-packages/airflow/example_dags/tutorial.py took 0.440 seconds
[2025-04-02T11:03:38.322+0000] {processor.py:186} INFO - Started process (PID=40) to work on /home/airflow/.local/lib/python3.12/site-packages/airflow/example_dags/tutorial.py
[2025-04-02T11:03:38.324+0000] {processor.py:914} INFO - Processing file /home/airflow/.local/lib/python3.12/site-packages/airflow/example_dags/tutorial.py for tasks to queue
[2025-04-02T11:03:38.330+0000] {logging_mixin.py:190} INFO - [2025-04-02T11:03:38.330+0000] {dagbag.py:588} INFO - Filling up the DagBag from /home/airflow/.local/lib/python3.12/site-packages/airflow/example_dags/tutorial.py
[2025-04-02T11:03:38.357+0000] {processor.py:925} INFO - DAG(s) 'tutorial' retrieved from /home/airflow/.local/lib/python3.12/site-packages/airflow/example_dags/tutorial.py
[2025-04-02T11:03:38.454+0000] {logging_mixin.py:190} INFO - [2025-04-02T11:03:38.454+0000] {dag.py:3239} INFO - Sync 1 DAGs
[2025-04-02T11:03:38.516+0000] {logging_mixin.py:190} INFO - [2025-04-02T11:03:38.515+0000] {dag.py:4180} INFO - Setting next_dagrun for tutorial to 2025-04-01 00:00:00+00:00, run_after=2025-04-02 00:00:00+00:00
[2025-04-02T11:03:38.551+0000] {processor.py:208} INFO - Processing /home/airflow/.local/lib/python3.12/site-packages/airflow/example_dags/tutorial.py took 0.242 seconds
[2025-04-02T11:04:09.328+0000] {processor.py:186} INFO - Started process (PID=105) to work on /home/airflow/.local/lib/python3.12/site-packages/airflow/example_dags/tutorial.py
[2025-04-02T11:04:09.330+0000] {processor.py:914} INFO - Processing file /home/airflow/.local/lib/python3.12/site-packages/airflow/example_dags/tutorial.py for tasks to queue
[2025-04-02T11:04:09.338+0000] {logging_mixin.py:190} INFO - [2025-04-02T11:04:09.336+0000] {dagbag.py:588} INFO - Filling up the DagBag from /home/airflow/.local/lib/python3.12/site-packages/airflow/example_dags/tutorial.py
[2025-04-02T11:04:09.352+0000] {processor.py:925} INFO - DAG(s) 'tutorial' retrieved from /home/airflow/.local/lib/python3.12/site-packages/airflow/example_dags/tutorial.py
[2025-04-02T11:04:09.385+0000] {logging_mixin.py:190} INFO - [2025-04-02T11:04:09.385+0000] {dag.py:3239} INFO - Sync 1 DAGs
[2025-04-02T11:04:09.415+0000] {logging_mixin.py:190} INFO - [2025-04-02T11:04:09.415+0000] {dag.py:4180} INFO - Setting next_dagrun for tutorial to 2025-04-01 00:00:00+00:00, run_after=2025-04-02 00:00:00+00:00
[2025-04-02T11:04:09.452+0000] {processor.py:208} INFO - Processing /home/airflow/.local/lib/python3.12/site-packages/airflow/example_dags/tutorial.py took 0.131 seconds
[2025-04-02T11:04:39.637+0000] {processor.py:186} INFO - Started process (PID=170) to work on /home/airflow/.local/lib/python3.12/site-packages/airflow/example_dags/tutorial.py
[2025-04-02T11:04:39.639+0000] {processor.py:914} INFO - Processing file /home/airflow/.local/lib/python3.12/site-packages/airflow/example_dags/tutorial.py for tasks to queue
[2025-04-02T11:04:39.642+0000] {logging_mixin.py:190} INFO - [2025-04-02T11:04:39.642+0000] {dagbag.py:588} INFO - Filling up the DagBag from /home/airflow/.local/lib/python3.12/site-packages/airflow/example_dags/tutorial.py
[2025-04-02T11:04:39.651+0000] {processor.py:925} INFO - DAG(s) 'tutorial' retrieved from /home/airflow/.local/lib/python3.12/site-packages/airflow/example_dags/tutorial.py
[2025-04-02T11:04:39.678+0000] {logging_mixin.py:190} INFO - [2025-04-02T11:04:39.678+0000] {dag.py:3239} INFO - Sync 1 DAGs
[2025-04-02T11:04:39.703+0000] {logging_mixin.py:190} INFO - [2025-04-02T11:04:39.702+0000] {dag.py:4180} INFO - Setting next_dagrun for tutorial to 2025-04-01 00:00:00+00:00, run_after=2025-04-02 00:00:00+00:00
[2025-04-02T11:04:39.734+0000] {processor.py:208} INFO - Processing /home/airflow/.local/lib/python3.12/site-packages/airflow/example_dags/tutorial.py took 0.102 seconds
[2025-04-02T11:05:10.555+0000] {processor.py:186} INFO - Started process (PID=235) to work on /home/airflow/.local/lib/python3.12/site-packages/airflow/example_dags/tutorial.py
[2025-04-02T11:05:10.557+0000] {processor.py:914} INFO - Processing file /home/airflow/.local/lib/python3.12/site-packages/airflow/example_dags/tutorial.py for tasks to queue
[2025-04-02T11:05:10.561+0000] {logging_mixin.py:190} INFO - [2025-04-02T11:05:10.561+0000] {dagbag.py:588} INFO - Filling up the DagBag from /home/airflow/.local/lib/python3.12/site-packages/airflow/example_dags/tutorial.py
[2025-04-02T11:05:10.571+0000] {processor.py:925} INFO - DAG(s) 'tutorial' retrieved from /home/airflow/.local/lib/python3.12/site-packages/airflow/example_dags/tutorial.py
[2025-04-02T11:05:10.597+0000] {logging_mixin.py:190} INFO - [2025-04-02T11:05:10.596+0000] {dag.py:3239} INFO - Sync 1 DAGs
[2025-04-02T11:05:10.621+0000] {logging_mixin.py:190} INFO - [2025-04-02T11:05:10.621+0000] {dag.py:4180} INFO - Setting next_dagrun for tutorial to 2025-04-01 00:00:00+00:00, run_after=2025-04-02 00:00:00+00:00
[2025-04-02T11:05:10.647+0000] {processor.py:208} INFO - Processing /home/airflow/.local/lib/python3.12/site-packages/airflow/example_dags/tutorial.py took 0.098 seconds
[2025-04-02T11:05:41.525+0000] {processor.py:186} INFO - Started process (PID=301) to work on /home/airflow/.local/lib/python3.12/site-packages/airflow/example_dags/tutorial.py
[2025-04-02T11:05:41.527+0000] {processor.py:914} INFO - Processing file /home/airflow/.local/lib/python3.12/site-packages/airflow/example_dags/tutorial.py for tasks to queue
[2025-04-02T11:05:41.533+0000] {logging_mixin.py:190} INFO - [2025-04-02T11:05:41.533+0000] {dagbag.py:588} INFO - Filling up the DagBag from /home/airflow/.local/lib/python3.12/site-packages/airflow/example_dags/tutorial.py
[2025-04-02T11:05:41.543+0000] {processor.py:925} INFO - DAG(s) 'tutorial' retrieved from /home/airflow/.local/lib/python3.12/site-packages/airflow/example_dags/tutorial.py
[2025-04-02T11:05:41.574+0000] {logging_mixin.py:190} INFO - [2025-04-02T11:05:41.574+0000] {dag.py:3239} INFO - Sync 1 DAGs
[2025-04-02T11:05:41.605+0000] {logging_mixin.py:190} INFO - [2025-04-02T11:05:41.604+0000] {dag.py:4180} INFO - Setting next_dagrun for tutorial to 2025-04-01 00:00:00+00:00, run_after=2025-04-02 00:00:00+00:00
[2025-04-02T11:05:41.631+0000] {processor.py:208} INFO - Processing /home/airflow/.local/lib/python3.12/site-packages/airflow/example_dags/tutorial.py took 0.112 seconds
[2025-04-02T11:06:12.084+0000] {processor.py:186} INFO - Started process (PID=366) to work on /home/airflow/.local/lib/python3.12/site-packages/airflow/example_dags/tutorial.py
[2025-04-02T11:06:12.087+0000] {processor.py:914} INFO - Processing file /home/airflow/.local/lib/python3.12/site-packages/airflow/example_dags/tutorial.py for tasks to queue
[2025-04-02T11:06:12.094+0000] {logging_mixin.py:190} INFO - [2025-04-02T11:06:12.093+0000] {dagbag.py:588} INFO - Filling up the DagBag from /home/airflow/.local/lib/python3.12/site-packages/airflow/example_dags/tutorial.py
[2025-04-02T11:06:12.113+0000] {processor.py:925} INFO - DAG(s) 'tutorial' retrieved from /home/airflow/.local/lib/python3.12/site-packages/airflow/example_dags/tutorial.py
[2025-04-02T11:06:12.146+0000] {logging_mixin.py:190} INFO - [2025-04-02T11:06:12.146+0000] {dag.py:3239} INFO - Sync 1 DAGs
[2025-04-02T11:06:12.175+0000] {logging_mixin.py:190} INFO - [2025-04-02T11:06:12.175+0000] {dag.py:4180} INFO - Setting next_dagrun for tutorial to 2025-04-01 00:00:00+00:00, run_after=2025-04-02 00:00:00+00:00
[2025-04-02T11:06:12.206+0000] {processor.py:208} INFO - Processing /home/airflow/.local/lib/python3.12/site-packages/airflow/example_dags/tutorial.py took 0.127 seconds
[2025-04-02T11:06:42.369+0000] {processor.py:186} INFO - Started process (PID=431) to work on /home/airflow/.local/lib/python3.12/site-packages/airflow/example_dags/tutorial.py
[2025-04-02T11:06:42.371+0000] {processor.py:914} INFO - Processing file /home/airflow/.local/lib/python3.12/site-packages/airflow/example_dags/tutorial.py for tasks to queue
[2025-04-02T11:06:42.375+0000] {logging_mixin.py:190} INFO - [2025-04-02T11:06:42.375+0000] {dagbag.py:588} INFO - Filling up the DagBag from /home/airflow/.local/lib/python3.12/site-packages/airflow/example_dags/tutorial.py
[2025-04-02T11:06:42.384+0000] {processor.py:925} INFO - DAG(s) 'tutorial' retrieved from /home/airflow/.local/lib/python3.12/site-packages/airflow/example_dags/tutorial.py
[2025-04-02T11:06:42.409+0000] {logging_mixin.py:190} INFO - [2025-04-02T11:06:42.409+0000] {dag.py:3239} INFO - Sync 1 DAGs
[2025-04-02T11:06:42.437+0000] {logging_mixin.py:190} INFO - [2025-04-02T11:06:42.437+0000] {dag.py:4180} INFO - Setting next_dagrun for tutorial to 2025-04-01 00:00:00+00:00, run_after=2025-04-02 00:00:00+00:00
[2025-04-02T11:06:42.465+0000] {processor.py:208} INFO - Processing /home/airflow/.local/lib/python3.12/site-packages/airflow/example_dags/tutorial.py took 0.102 seconds
[2025-04-02T11:07:13.267+0000] {processor.py:186} INFO - Started process (PID=496) to work on /home/airflow/.local/lib/python3.12/site-packages/airflow/example_dags/tutorial.py
[2025-04-02T11:07:13.269+0000] {processor.py:914} INFO - Processing file /home/airflow/.local/lib/python3.12/site-packages/airflow/example_dags/tutorial.py for tasks to queue
[2025-04-02T11:07:13.272+0000] {logging_mixin.py:190} INFO - [2025-04-02T11:07:13.272+0000] {dagbag.py:588} INFO - Filling up the DagBag from /home/airflow/.local/lib/python3.12/site-packages/airflow/example_dags/tutorial.py
[2025-04-02T11:07:13.280+0000] {processor.py:925} INFO - DAG(s) 'tutorial' retrieved from /home/airflow/.local/lib/python3.12/site-packages/airflow/example_dags/tutorial.py
[2025-04-02T11:07:13.302+0000] {logging_mixin.py:190} INFO - [2025-04-02T11:07:13.301+0000] {dag.py:3239} INFO - Sync 1 DAGs
[2025-04-02T11:07:13.322+0000] {logging_mixin.py:190} INFO - [2025-04-02T11:07:13.321+0000] {dag.py:4180} INFO - Setting next_dagrun for tutorial to 2025-04-01 00:00:00+00:00, run_after=2025-04-02 00:00:00+00:00
[2025-04-02T11:07:13.342+0000] {processor.py:208} INFO - Processing /home/airflow/.local/lib/python3.12/site-packages/airflow/example_dags/tutorial.py took 0.080 seconds
[2025-04-02T11:07:43.935+0000] {processor.py:186} INFO - Started process (PID=561) to work on /home/airflow/.local/lib/python3.12/site-packages/airflow/example_dags/tutorial.py
[2025-04-02T11:07:43.936+0000] {processor.py:914} INFO - Processing file /home/airflow/.local/lib/python3.12/site-packages/airflow/example_dags/tutorial.py for tasks to queue
[2025-04-02T11:07:43.941+0000] {logging_mixin.py:190} INFO - [2025-04-02T11:07:43.940+0000] {dagbag.py:588} INFO - Filling up the DagBag from /home/airflow/.local/lib/python3.12/site-packages/airflow/example_dags/tutorial.py
[2025-04-02T11:07:43.953+0000] {processor.py:925} INFO - DAG(s) 'tutorial' retrieved from /home/airflow/.local/lib/python3.12/site-packages/airflow/example_dags/tutorial.py
[2025-04-02T11:07:43.978+0000] {logging_mixin.py:190} INFO - [2025-04-02T11:07:43.978+0000] {dag.py:3239} INFO - Sync 1 DAGs
[2025-04-02T11:07:44.004+0000] {logging_mixin.py:190} INFO - [2025-04-02T11:07:44.004+0000] {dag.py:4180} INFO - Setting next_dagrun for tutorial to 2025-04-01 00:00:00+00:00, run_after=2025-04-02 00:00:00+00:00
[2025-04-02T11:07:44.027+0000] {processor.py:208} INFO - Processing /home/airflow/.local/lib/python3.12/site-packages/airflow/example_dags/tutorial.py took 0.098 seconds
[2025-04-02T11:08:15.019+0000] {processor.py:186} INFO - Started process (PID=626) to work on /home/airflow/.local/lib/python3.12/site-packages/airflow/example_dags/tutorial.py
[2025-04-02T11:08:15.021+0000] {processor.py:914} INFO - Processing file /home/airflow/.local/lib/python3.12/site-packages/airflow/example_dags/tutorial.py for tasks to queue
[2025-04-02T11:08:15.024+0000] {logging_mixin.py:190} INFO - [2025-04-02T11:08:15.023+0000] {dagbag.py:588} INFO - Filling up the DagBag from /home/airflow/.local/lib/python3.12/site-packages/airflow/example_dags/tutorial.py
[2025-04-02T11:08:15.031+0000] {processor.py:925} INFO - DAG(s) 'tutorial' retrieved from /home/airflow/.local/lib/python3.12/site-packages/airflow/example_dags/tutorial.py
[2025-04-02T11:08:15.054+0000] {logging_mixin.py:190} INFO - [2025-04-02T11:08:15.053+0000] {dag.py:3239} INFO - Sync 1 DAGs
[2025-04-02T11:08:15.073+0000] {logging_mixin.py:190} INFO - [2025-04-02T11:08:15.073+0000] {dag.py:4180} INFO - Setting next_dagrun for tutorial to 2025-04-01 00:00:00+00:00, run_after=2025-04-02 00:00:00+00:00
[2025-04-02T11:08:15.093+0000] {processor.py:208} INFO - Processing /home/airflow/.local/lib/python3.12/site-packages/airflow/example_dags/tutorial.py took 0.079 seconds
[2025-04-02T11:08:45.665+0000] {processor.py:186} INFO - Started process (PID=691) to work on /home/airflow/.local/lib/python3.12/site-packages/airflow/example_dags/tutorial.py
[2025-04-02T11:08:45.667+0000] {processor.py:914} INFO - Processing file /home/airflow/.local/lib/python3.12/site-packages/airflow/example_dags/tutorial.py for tasks to queue
[2025-04-02T11:08:45.671+0000] {logging_mixin.py:190} INFO - [2025-04-02T11:08:45.671+0000] {dagbag.py:588} INFO - Filling up the DagBag from /home/airflow/.local/lib/python3.12/site-packages/airflow/example_dags/tutorial.py
[2025-04-02T11:08:45.686+0000] {processor.py:925} INFO - DAG(s) 'tutorial' retrieved from /home/airflow/.local/lib/python3.12/site-packages/airflow/example_dags/tutorial.py
[2025-04-02T11:08:45.715+0000] {logging_mixin.py:190} INFO - [2025-04-02T11:08:45.715+0000] {dag.py:3239} INFO - Sync 1 DAGs
[2025-04-02T11:08:45.747+0000] {logging_mixin.py:190} INFO - [2025-04-02T11:08:45.746+0000] {dag.py:4180} INFO - Setting next_dagrun for tutorial to 2025-04-01 00:00:00+00:00, run_after=2025-04-02 00:00:00+00:00
[2025-04-02T11:08:45.782+0000] {processor.py:208} INFO - Processing /home/airflow/.local/lib/python3.12/site-packages/airflow/example_dags/tutorial.py took 0.127 seconds
[2025-04-02T11:09:16.695+0000] {processor.py:186} INFO - Started process (PID=756) to work on /home/airflow/.local/lib/python3.12/site-packages/airflow/example_dags/tutorial.py
[2025-04-02T11:09:16.698+0000] {processor.py:914} INFO - Processing file /home/airflow/.local/lib/python3.12/site-packages/airflow/example_dags/tutorial.py for tasks to queue
[2025-04-02T11:09:16.702+0000] {logging_mixin.py:190} INFO - [2025-04-02T11:09:16.701+0000] {dagbag.py:588} INFO - Filling up the DagBag from /home/airflow/.local/lib/python3.12/site-packages/airflow/example_dags/tutorial.py
[2025-04-02T11:09:16.713+0000] {processor.py:925} INFO - DAG(s) 'tutorial' retrieved from /home/airflow/.local/lib/python3.12/site-packages/airflow/example_dags/tutorial.py
[2025-04-02T11:09:16.748+0000] {logging_mixin.py:190} INFO - [2025-04-02T11:09:16.748+0000] {dag.py:3239} INFO - Sync 1 DAGs
[2025-04-02T11:09:16.789+0000] {logging_mixin.py:190} INFO - [2025-04-02T11:09:16.788+0000] {dag.py:4180} INFO - Setting next_dagrun for tutorial to 2025-04-01 00:00:00+00:00, run_after=2025-04-02 00:00:00+00:00
[2025-04-02T11:09:16.827+0000] {processor.py:208} INFO - Processing /home/airflow/.local/lib/python3.12/site-packages/airflow/example_dags/tutorial.py took 0.139 seconds
[2025-04-02T11:09:47.033+0000] {processor.py:186} INFO - Started process (PID=821) to work on /home/airflow/.local/lib/python3.12/site-packages/airflow/example_dags/tutorial.py
[2025-04-02T11:09:47.036+0000] {processor.py:914} INFO - Processing file /home/airflow/.local/lib/python3.12/site-packages/airflow/example_dags/tutorial.py for tasks to queue
[2025-04-02T11:09:47.041+0000] {logging_mixin.py:190} INFO - [2025-04-02T11:09:47.041+0000] {dagbag.py:588} INFO - Filling up the DagBag from /home/airflow/.local/lib/python3.12/site-packages/airflow/example_dags/tutorial.py
[2025-04-02T11:09:47.052+0000] {processor.py:925} INFO - DAG(s) 'tutorial' retrieved from /home/airflow/.local/lib/python3.12/site-packages/airflow/example_dags/tutorial.py
[2025-04-02T11:09:47.091+0000] {logging_mixin.py:190} INFO - [2025-04-02T11:09:47.091+0000] {dag.py:3239} INFO - Sync 1 DAGs
[2025-04-02T11:09:47.123+0000] {logging_mixin.py:190} INFO - [2025-04-02T11:09:47.123+0000] {dag.py:4180} INFO - Setting next_dagrun for tutorial to 2025-04-01 00:00:00+00:00, run_after=2025-04-02 00:00:00+00:00
[2025-04-02T11:09:47.151+0000] {processor.py:208} INFO - Processing /home/airflow/.local/lib/python3.12/site-packages/airflow/example_dags/tutorial.py took 0.125 seconds
[2025-04-02T11:10:18.138+0000] {processor.py:186} INFO - Started process (PID=886) to work on /home/airflow/.local/lib/python3.12/site-packages/airflow/example_dags/tutorial.py
[2025-04-02T11:10:18.141+0000] {processor.py:914} INFO - Processing file /home/airflow/.local/lib/python3.12/site-packages/airflow/example_dags/tutorial.py for tasks to queue
[2025-04-02T11:10:18.145+0000] {logging_mixin.py:190} INFO - [2025-04-02T11:10:18.144+0000] {dagbag.py:588} INFO - Filling up the DagBag from /home/airflow/.local/lib/python3.12/site-packages/airflow/example_dags/tutorial.py
[2025-04-02T11:10:18.157+0000] {processor.py:925} INFO - DAG(s) 'tutorial' retrieved from /home/airflow/.local/lib/python3.12/site-packages/airflow/example_dags/tutorial.py
[2025-04-02T11:10:18.197+0000] {logging_mixin.py:190} INFO - [2025-04-02T11:10:18.196+0000] {dag.py:3239} INFO - Sync 1 DAGs
[2025-04-02T11:10:18.217+0000] {logging_mixin.py:190} INFO - [2025-04-02T11:10:18.216+0000] {dag.py:4180} INFO - Setting next_dagrun for tutorial to 2025-04-01 00:00:00+00:00, run_after=2025-04-02 00:00:00+00:00
[2025-04-02T11:10:18.235+0000] {processor.py:208} INFO - Processing /home/airflow/.local/lib/python3.12/site-packages/airflow/example_dags/tutorial.py took 0.109 seconds
[2025-04-02T11:10:48.523+0000] {processor.py:186} INFO - Started process (PID=951) to work on /home/airflow/.local/lib/python3.12/site-packages/airflow/example_dags/tutorial.py
[2025-04-02T11:10:48.525+0000] {processor.py:914} INFO - Processing file /home/airflow/.local/lib/python3.12/site-packages/airflow/example_dags/tutorial.py for tasks to queue
[2025-04-02T11:10:48.529+0000] {logging_mixin.py:190} INFO - [2025-04-02T11:10:48.528+0000] {dagbag.py:588} INFO - Filling up the DagBag from /home/airflow/.local/lib/python3.12/site-packages/airflow/example_dags/tutorial.py
[2025-04-02T11:10:48.539+0000] {processor.py:925} INFO - DAG(s) 'tutorial' retrieved from /home/airflow/.local/lib/python3.12/site-packages/airflow/example_dags/tutorial.py
[2025-04-02T11:10:48.568+0000] {logging_mixin.py:190} INFO - [2025-04-02T11:10:48.568+0000] {dag.py:3239} INFO - Sync 1 DAGs
[2025-04-02T11:10:48.593+0000] {logging_mixin.py:190} INFO - [2025-04-02T11:10:48.593+0000] {dag.py:4180} INFO - Setting next_dagrun for tutorial to 2025-04-01 00:00:00+00:00, run_after=2025-04-02 00:00:00+00:00
[2025-04-02T11:10:48.628+0000] {processor.py:208} INFO - Processing /home/airflow/.local/lib/python3.12/site-packages/airflow/example_dags/tutorial.py took 0.110 seconds
[2025-04-02T11:11:19.147+0000] {processor.py:186} INFO - Started process (PID=1022) to work on /home/airflow/.local/lib/python3.12/site-packages/airflow/example_dags/tutorial.py
[2025-04-02T11:11:19.149+0000] {processor.py:914} INFO - Processing file /home/airflow/.local/lib/python3.12/site-packages/airflow/example_dags/tutorial.py for tasks to queue
[2025-04-02T11:11:19.152+0000] {logging_mixin.py:190} INFO - [2025-04-02T11:11:19.152+0000] {dagbag.py:588} INFO - Filling up the DagBag from /home/airflow/.local/lib/python3.12/site-packages/airflow/example_dags/tutorial.py
[2025-04-02T11:11:19.161+0000] {processor.py:925} INFO - DAG(s) 'tutorial' retrieved from /home/airflow/.local/lib/python3.12/site-packages/airflow/example_dags/tutorial.py
[2025-04-02T11:11:19.189+0000] {logging_mixin.py:190} INFO - [2025-04-02T11:11:19.189+0000] {dag.py:3239} INFO - Sync 1 DAGs
[2025-04-02T11:11:19.215+0000] {logging_mixin.py:190} INFO - [2025-04-02T11:11:19.215+0000] {dag.py:4180} INFO - Setting next_dagrun for tutorial to 2025-04-01 00:00:00+00:00, run_after=2025-04-02 00:00:00+00:00
[2025-04-02T11:11:19.244+0000] {processor.py:208} INFO - Processing /home/airflow/.local/lib/python3.12/site-packages/airflow/example_dags/tutorial.py took 0.102 seconds
[2025-04-02T11:11:49.907+0000] {processor.py:186} INFO - Started process (PID=1087) to work on /home/airflow/.local/lib/python3.12/site-packages/airflow/example_dags/tutorial.py
[2025-04-02T11:11:49.909+0000] {processor.py:914} INFO - Processing file /home/airflow/.local/lib/python3.12/site-packages/airflow/example_dags/tutorial.py for tasks to queue
[2025-04-02T11:11:49.912+0000] {logging_mixin.py:190} INFO - [2025-04-02T11:11:49.911+0000] {dagbag.py:588} INFO - Filling up the DagBag from /home/airflow/.local/lib/python3.12/site-packages/airflow/example_dags/tutorial.py
[2025-04-02T11:11:49.920+0000] {processor.py:925} INFO - DAG(s) 'tutorial' retrieved from /home/airflow/.local/lib/python3.12/site-packages/airflow/example_dags/tutorial.py
[2025-04-02T11:11:49.960+0000] {logging_mixin.py:190} INFO - [2025-04-02T11:11:49.960+0000] {dag.py:3239} INFO - Sync 1 DAGs
[2025-04-02T11:11:49.983+0000] {logging_mixin.py:190} INFO - [2025-04-02T11:11:49.983+0000] {dag.py:4180} INFO - Setting next_dagrun for tutorial to 2025-04-01 00:00:00+00:00, run_after=2025-04-02 00:00:00+00:00
[2025-04-02T11:11:50.004+0000] {processor.py:208} INFO - Processing /home/airflow/.local/lib/python3.12/site-packages/airflow/example_dags/tutorial.py took 0.103 seconds
[2025-04-02T11:12:20.435+0000] {processor.py:186} INFO - Started process (PID=1152) to work on /home/airflow/.local/lib/python3.12/site-packages/airflow/example_dags/tutorial.py
[2025-04-02T11:12:20.437+0000] {processor.py:914} INFO - Processing file /home/airflow/.local/lib/python3.12/site-packages/airflow/example_dags/tutorial.py for tasks to queue
[2025-04-02T11:12:20.441+0000] {logging_mixin.py:190} INFO - [2025-04-02T11:12:20.441+0000] {dagbag.py:588} INFO - Filling up the DagBag from /home/airflow/.local/lib/python3.12/site-packages/airflow/example_dags/tutorial.py
[2025-04-02T11:12:20.452+0000] {processor.py:925} INFO - DAG(s) 'tutorial' retrieved from /home/airflow/.local/lib/python3.12/site-packages/airflow/example_dags/tutorial.py
[2025-04-02T11:12:20.491+0000] {logging_mixin.py:190} INFO - [2025-04-02T11:12:20.491+0000] {dag.py:3239} INFO - Sync 1 DAGs
[2025-04-02T11:12:20.524+0000] {logging_mixin.py:190} INFO - [2025-04-02T11:12:20.524+0000] {dag.py:4180} INFO - Setting next_dagrun for tutorial to 2025-04-01 00:00:00+00:00, run_after=2025-04-02 00:00:00+00:00
[2025-04-02T11:12:20.558+0000] {processor.py:208} INFO - Processing /home/airflow/.local/lib/python3.12/site-packages/airflow/example_dags/tutorial.py took 0.137 seconds
[2025-04-02T11:12:50.898+0000] {processor.py:186} INFO - Started process (PID=1218) to work on /home/airflow/.local/lib/python3.12/site-packages/airflow/example_dags/tutorial.py
[2025-04-02T11:12:50.901+0000] {processor.py:914} INFO - Processing file /home/airflow/.local/lib/python3.12/site-packages/airflow/example_dags/tutorial.py for tasks to queue
[2025-04-02T11:12:50.904+0000] {logging_mixin.py:190} INFO - [2025-04-02T11:12:50.904+0000] {dagbag.py:588} INFO - Filling up the DagBag from /home/airflow/.local/lib/python3.12/site-packages/airflow/example_dags/tutorial.py
[2025-04-02T11:12:50.919+0000] {processor.py:925} INFO - DAG(s) 'tutorial' retrieved from /home/airflow/.local/lib/python3.12/site-packages/airflow/example_dags/tutorial.py
[2025-04-02T11:12:50.940+0000] {logging_mixin.py:190} INFO - [2025-04-02T11:12:50.940+0000] {dag.py:3239} INFO - Sync 1 DAGs
[2025-04-02T11:12:50.960+0000] {logging_mixin.py:190} INFO - [2025-04-02T11:12:50.959+0000] {dag.py:4180} INFO - Setting next_dagrun for tutorial to 2025-04-01 00:00:00+00:00, run_after=2025-04-02 00:00:00+00:00
[2025-04-02T11:12:50.980+0000] {processor.py:208} INFO - Processing /home/airflow/.local/lib/python3.12/site-packages/airflow/example_dags/tutorial.py took 0.087 seconds
[2025-04-02T11:13:21.829+0000] {processor.py:186} INFO - Started process (PID=1283) to work on /home/airflow/.local/lib/python3.12/site-packages/airflow/example_dags/tutorial.py
[2025-04-02T11:13:21.831+0000] {processor.py:914} INFO - Processing file /home/airflow/.local/lib/python3.12/site-packages/airflow/example_dags/tutorial.py for tasks to queue
[2025-04-02T11:13:21.834+0000] {logging_mixin.py:190} INFO - [2025-04-02T11:13:21.834+0000] {dagbag.py:588} INFO - Filling up the DagBag from /home/airflow/.local/lib/python3.12/site-packages/airflow/example_dags/tutorial.py
[2025-04-02T11:13:21.844+0000] {processor.py:925} INFO - DAG(s) 'tutorial' retrieved from /home/airflow/.local/lib/python3.12/site-packages/airflow/example_dags/tutorial.py
[2025-04-02T11:13:21.870+0000] {logging_mixin.py:190} INFO - [2025-04-02T11:13:21.869+0000] {dag.py:3239} INFO - Sync 1 DAGs
[2025-04-02T11:13:21.892+0000] {logging_mixin.py:190} INFO - [2025-04-02T11:13:21.892+0000] {dag.py:4180} INFO - Setting next_dagrun for tutorial to 2025-04-01 00:00:00+00:00, run_after=2025-04-02 00:00:00+00:00
[2025-04-02T11:13:21.921+0000] {processor.py:208} INFO - Processing /home/airflow/.local/lib/python3.12/site-packages/airflow/example_dags/tutorial.py took 0.101 seconds
[2025-04-02T11:13:52.176+0000] {processor.py:186} INFO - Started process (PID=1348) to work on /home/airflow/.local/lib/python3.12/site-packages/airflow/example_dags/tutorial.py
[2025-04-02T11:13:52.178+0000] {processor.py:914} INFO - Processing file /home/airflow/.local/lib/python3.12/site-packages/airflow/example_dags/tutorial.py for tasks to queue
[2025-04-02T11:13:52.183+0000] {logging_mixin.py:190} INFO - [2025-04-02T11:13:52.182+0000] {dagbag.py:588} INFO - Filling up the DagBag from /home/airflow/.local/lib/python3.12/site-packages/airflow/example_dags/tutorial.py
[2025-04-02T11:13:52.201+0000] {processor.py:925} INFO - DAG(s) 'tutorial' retrieved from /home/airflow/.local/lib/python3.12/site-packages/airflow/example_dags/tutorial.py
[2025-04-02T11:13:52.225+0000] {logging_mixin.py:190} INFO - [2025-04-02T11:13:52.225+0000] {dag.py:3239} INFO - Sync 1 DAGs
[2025-04-02T11:13:52.250+0000] {logging_mixin.py:190} INFO - [2025-04-02T11:13:52.250+0000] {dag.py:4180} INFO - Setting next_dagrun for tutorial to 2025-04-01 00:00:00+00:00, run_after=2025-04-02 00:00:00+00:00
[2025-04-02T11:13:52.277+0000] {processor.py:208} INFO - Processing /home/airflow/.local/lib/python3.12/site-packages/airflow/example_dags/tutorial.py took 0.107 seconds
[2025-04-02T11:14:23.335+0000] {processor.py:186} INFO - Started process (PID=1413) to work on /home/airflow/.local/lib/python3.12/site-packages/airflow/example_dags/tutorial.py
[2025-04-02T11:14:23.338+0000] {processor.py:914} INFO - Processing file /home/airflow/.local/lib/python3.12/site-packages/airflow/example_dags/tutorial.py for tasks to queue
[2025-04-02T11:14:23.341+0000] {logging_mixin.py:190} INFO - [2025-04-02T11:14:23.341+0000] {dagbag.py:588} INFO - Filling up the DagBag from /home/airflow/.local/lib/python3.12/site-packages/airflow/example_dags/tutorial.py
[2025-04-02T11:14:23.352+0000] {processor.py:925} INFO - DAG(s) 'tutorial' retrieved from /home/airflow/.local/lib/python3.12/site-packages/airflow/example_dags/tutorial.py
[2025-04-02T11:14:23.380+0000] {logging_mixin.py:190} INFO - [2025-04-02T11:14:23.380+0000] {dag.py:3239} INFO - Sync 1 DAGs
[2025-04-02T11:14:23.406+0000] {logging_mixin.py:190} INFO - [2025-04-02T11:14:23.406+0000] {dag.py:4180} INFO - Setting next_dagrun for tutorial to 2025-04-01 00:00:00+00:00, run_after=2025-04-02 00:00:00+00:00
[2025-04-02T11:14:23.432+0000] {processor.py:208} INFO - Processing /home/airflow/.local/lib/python3.12/site-packages/airflow/example_dags/tutorial.py took 0.104 seconds
[2025-04-02T11:14:53.863+0000] {processor.py:186} INFO - Started process (PID=1478) to work on /home/airflow/.local/lib/python3.12/site-packages/airflow/example_dags/tutorial.py
[2025-04-02T11:14:53.866+0000] {processor.py:914} INFO - Processing file /home/airflow/.local/lib/python3.12/site-packages/airflow/example_dags/tutorial.py for tasks to queue
[2025-04-02T11:14:53.873+0000] {logging_mixin.py:190} INFO - [2025-04-02T11:14:53.872+0000] {dagbag.py:588} INFO - Filling up the DagBag from /home/airflow/.local/lib/python3.12/site-packages/airflow/example_dags/tutorial.py
[2025-04-02T11:14:53.884+0000] {processor.py:925} INFO - DAG(s) 'tutorial' retrieved from /home/airflow/.local/lib/python3.12/site-packages/airflow/example_dags/tutorial.py
[2025-04-02T11:14:53.913+0000] {logging_mixin.py:190} INFO - [2025-04-02T11:14:53.913+0000] {dag.py:3239} INFO - Sync 1 DAGs
[2025-04-02T11:14:53.937+0000] {logging_mixin.py:190} INFO - [2025-04-02T11:14:53.937+0000] {dag.py:4180} INFO - Setting next_dagrun for tutorial to 2025-04-01 00:00:00+00:00, run_after=2025-04-02 00:00:00+00:00
[2025-04-02T11:14:53.962+0000] {processor.py:208} INFO - Processing /home/airflow/.local/lib/python3.12/site-packages/airflow/example_dags/tutorial.py took 0.106 seconds
[2025-04-02T11:15:25.081+0000] {processor.py:186} INFO - Started process (PID=1543) to work on /home/airflow/.local/lib/python3.12/site-packages/airflow/example_dags/tutorial.py
[2025-04-02T11:15:25.082+0000] {processor.py:914} INFO - Processing file /home/airflow/.local/lib/python3.12/site-packages/airflow/example_dags/tutorial.py for tasks to queue
[2025-04-02T11:15:25.086+0000] {logging_mixin.py:190} INFO - [2025-04-02T11:15:25.085+0000] {dagbag.py:588} INFO - Filling up the DagBag from /home/airflow/.local/lib/python3.12/site-packages/airflow/example_dags/tutorial.py
[2025-04-02T11:15:25.094+0000] {processor.py:925} INFO - DAG(s) 'tutorial' retrieved from /home/airflow/.local/lib/python3.12/site-packages/airflow/example_dags/tutorial.py
[2025-04-02T11:15:25.115+0000] {logging_mixin.py:190} INFO - [2025-04-02T11:15:25.115+0000] {dag.py:3239} INFO - Sync 1 DAGs
[2025-04-02T11:15:25.135+0000] {logging_mixin.py:190} INFO - [2025-04-02T11:15:25.135+0000] {dag.py:4180} INFO - Setting next_dagrun for tutorial to 2025-04-01 00:00:00+00:00, run_after=2025-04-02 00:00:00+00:00
[2025-04-02T11:15:25.158+0000] {processor.py:208} INFO - Processing /home/airflow/.local/lib/python3.12/site-packages/airflow/example_dags/tutorial.py took 0.082 seconds
[2025-04-02T11:15:55.686+0000] {processor.py:186} INFO - Started process (PID=1608) to work on /home/airflow/.local/lib/python3.12/site-packages/airflow/example_dags/tutorial.py
[2025-04-02T11:15:55.690+0000] {processor.py:914} INFO - Processing file /home/airflow/.local/lib/python3.12/site-packages/airflow/example_dags/tutorial.py for tasks to queue
[2025-04-02T11:15:55.693+0000] {logging_mixin.py:190} INFO - [2025-04-02T11:15:55.692+0000] {dagbag.py:588} INFO - Filling up the DagBag from /home/airflow/.local/lib/python3.12/site-packages/airflow/example_dags/tutorial.py
[2025-04-02T11:15:55.701+0000] {processor.py:925} INFO - DAG(s) 'tutorial' retrieved from /home/airflow/.local/lib/python3.12/site-packages/airflow/example_dags/tutorial.py
[2025-04-02T11:15:55.734+0000] {logging_mixin.py:190} INFO - [2025-04-02T11:15:55.733+0000] {dag.py:3239} INFO - Sync 1 DAGs
[2025-04-02T11:15:55.766+0000] {logging_mixin.py:190} INFO - [2025-04-02T11:15:55.766+0000] {dag.py:4180} INFO - Setting next_dagrun for tutorial to 2025-04-01 00:00:00+00:00, run_after=2025-04-02 00:00:00+00:00
[2025-04-02T11:15:55.800+0000] {processor.py:208} INFO - Processing /home/airflow/.local/lib/python3.12/site-packages/airflow/example_dags/tutorial.py took 0.119 seconds
[2025-04-02T11:16:25.946+0000] {processor.py:186} INFO - Started process (PID=1673) to work on /home/airflow/.local/lib/python3.12/site-packages/airflow/example_dags/tutorial.py
[2025-04-02T11:16:25.948+0000] {processor.py:914} INFO - Processing file /home/airflow/.local/lib/python3.12/site-packages/airflow/example_dags/tutorial.py for tasks to queue
[2025-04-02T11:16:25.954+0000] {logging_mixin.py:190} INFO - [2025-04-02T11:16:25.954+0000] {dagbag.py:588} INFO - Filling up the DagBag from /home/airflow/.local/lib/python3.12/site-packages/airflow/example_dags/tutorial.py
[2025-04-02T11:16:25.970+0000] {processor.py:925} INFO - DAG(s) 'tutorial' retrieved from /home/airflow/.local/lib/python3.12/site-packages/airflow/example_dags/tutorial.py
[2025-04-02T11:16:26.007+0000] {logging_mixin.py:190} INFO - [2025-04-02T11:16:26.006+0000] {dag.py:3239} INFO - Sync 1 DAGs
[2025-04-02T11:16:26.033+0000] {logging_mixin.py:190} INFO - [2025-04-02T11:16:26.033+0000] {dag.py:4180} INFO - Setting next_dagrun for tutorial to 2025-04-01 00:00:00+00:00, run_after=2025-04-02 00:00:00+00:00
[2025-04-02T11:16:26.057+0000] {processor.py:208} INFO - Processing /home/airflow/.local/lib/python3.12/site-packages/airflow/example_dags/tutorial.py took 0.117 seconds
[2025-04-02T11:16:56.781+0000] {processor.py:186} INFO - Started process (PID=1738) to work on /home/airflow/.local/lib/python3.12/site-packages/airflow/example_dags/tutorial.py
[2025-04-02T11:16:56.784+0000] {processor.py:914} INFO - Processing file /home/airflow/.local/lib/python3.12/site-packages/airflow/example_dags/tutorial.py for tasks to queue
[2025-04-02T11:16:56.790+0000] {logging_mixin.py:190} INFO - [2025-04-02T11:16:56.789+0000] {dagbag.py:588} INFO - Filling up the DagBag from /home/airflow/.local/lib/python3.12/site-packages/airflow/example_dags/tutorial.py
[2025-04-02T11:16:56.803+0000] {processor.py:925} INFO - DAG(s) 'tutorial' retrieved from /home/airflow/.local/lib/python3.12/site-packages/airflow/example_dags/tutorial.py
[2025-04-02T11:16:56.836+0000] {logging_mixin.py:190} INFO - [2025-04-02T11:16:56.835+0000] {dag.py:3239} INFO - Sync 1 DAGs
[2025-04-02T11:16:56.870+0000] {logging_mixin.py:190} INFO - [2025-04-02T11:16:56.870+0000] {dag.py:4180} INFO - Setting next_dagrun for tutorial to 2025-04-01 00:00:00+00:00, run_after=2025-04-02 00:00:00+00:00
[2025-04-02T11:16:56.899+0000] {processor.py:208} INFO - Processing /home/airflow/.local/lib/python3.12/site-packages/airflow/example_dags/tutorial.py took 0.128 seconds
[2025-04-02T11:17:27.604+0000] {processor.py:186} INFO - Started process (PID=1803) to work on /home/airflow/.local/lib/python3.12/site-packages/airflow/example_dags/tutorial.py
[2025-04-02T11:17:27.607+0000] {processor.py:914} INFO - Processing file /home/airflow/.local/lib/python3.12/site-packages/airflow/example_dags/tutorial.py for tasks to queue
[2025-04-02T11:17:27.611+0000] {logging_mixin.py:190} INFO - [2025-04-02T11:17:27.611+0000] {dagbag.py:588} INFO - Filling up the DagBag from /home/airflow/.local/lib/python3.12/site-packages/airflow/example_dags/tutorial.py
[2025-04-02T11:17:27.621+0000] {processor.py:925} INFO - DAG(s) 'tutorial' retrieved from /home/airflow/.local/lib/python3.12/site-packages/airflow/example_dags/tutorial.py
[2025-04-02T11:17:27.645+0000] {logging_mixin.py:190} INFO - [2025-04-02T11:17:27.645+0000] {dag.py:3239} INFO - Sync 1 DAGs
[2025-04-02T11:17:27.674+0000] {logging_mixin.py:190} INFO - [2025-04-02T11:17:27.674+0000] {dag.py:4180} INFO - Setting next_dagrun for tutorial to 2025-04-01 00:00:00+00:00, run_after=2025-04-02 00:00:00+00:00
[2025-04-02T11:17:27.696+0000] {processor.py:208} INFO - Processing /home/airflow/.local/lib/python3.12/site-packages/airflow/example_dags/tutorial.py took 0.097 seconds
[2025-04-02T11:17:58.519+0000] {processor.py:186} INFO - Started process (PID=1868) to work on /home/airflow/.local/lib/python3.12/site-packages/airflow/example_dags/tutorial.py
[2025-04-02T11:17:58.520+0000] {processor.py:914} INFO - Processing file /home/airflow/.local/lib/python3.12/site-packages/airflow/example_dags/tutorial.py for tasks to queue
[2025-04-02T11:17:58.523+0000] {logging_mixin.py:190} INFO - [2025-04-02T11:17:58.523+0000] {dagbag.py:588} INFO - Filling up the DagBag from /home/airflow/.local/lib/python3.12/site-packages/airflow/example_dags/tutorial.py
[2025-04-02T11:17:58.532+0000] {processor.py:925} INFO - DAG(s) 'tutorial' retrieved from /home/airflow/.local/lib/python3.12/site-packages/airflow/example_dags/tutorial.py
[2025-04-02T11:17:58.553+0000] {logging_mixin.py:190} INFO - [2025-04-02T11:17:58.553+0000] {dag.py:3239} INFO - Sync 1 DAGs
[2025-04-02T11:17:58.576+0000] {logging_mixin.py:190} INFO - [2025-04-02T11:17:58.576+0000] {dag.py:4180} INFO - Setting next_dagrun for tutorial to 2025-04-01 00:00:00+00:00, run_after=2025-04-02 00:00:00+00:00
[2025-04-02T11:17:58.596+0000] {processor.py:208} INFO - Processing /home/airflow/.local/lib/python3.12/site-packages/airflow/example_dags/tutorial.py took 0.083 seconds
[2025-04-02T11:18:29.693+0000] {processor.py:186} INFO - Started process (PID=1933) to work on /home/airflow/.local/lib/python3.12/site-packages/airflow/example_dags/tutorial.py
[2025-04-02T11:18:29.695+0000] {processor.py:914} INFO - Processing file /home/airflow/.local/lib/python3.12/site-packages/airflow/example_dags/tutorial.py for tasks to queue
[2025-04-02T11:18:29.699+0000] {logging_mixin.py:190} INFO - [2025-04-02T11:18:29.699+0000] {dagbag.py:588} INFO - Filling up the DagBag from /home/airflow/.local/lib/python3.12/site-packages/airflow/example_dags/tutorial.py
[2025-04-02T11:18:29.709+0000] {processor.py:925} INFO - DAG(s) 'tutorial' retrieved from /home/airflow/.local/lib/python3.12/site-packages/airflow/example_dags/tutorial.py
[2025-04-02T11:18:29.741+0000] {logging_mixin.py:190} INFO - [2025-04-02T11:18:29.741+0000] {dag.py:3239} INFO - Sync 1 DAGs
[2025-04-02T11:18:29.774+0000] {logging_mixin.py:190} INFO - [2025-04-02T11:18:29.773+0000] {dag.py:4180} INFO - Setting next_dagrun for tutorial to 2025-04-01 00:00:00+00:00, run_after=2025-04-02 00:00:00+00:00
[2025-04-02T11:18:29.811+0000] {processor.py:208} INFO - Processing /home/airflow/.local/lib/python3.12/site-packages/airflow/example_dags/tutorial.py took 0.124 seconds
[2025-04-02T11:19:00.468+0000] {processor.py:186} INFO - Started process (PID=1998) to work on /home/airflow/.local/lib/python3.12/site-packages/airflow/example_dags/tutorial.py
[2025-04-02T11:19:00.470+0000] {processor.py:914} INFO - Processing file /home/airflow/.local/lib/python3.12/site-packages/airflow/example_dags/tutorial.py for tasks to queue
[2025-04-02T11:19:00.475+0000] {logging_mixin.py:190} INFO - [2025-04-02T11:19:00.474+0000] {dagbag.py:588} INFO - Filling up the DagBag from /home/airflow/.local/lib/python3.12/site-packages/airflow/example_dags/tutorial.py
[2025-04-02T11:19:00.485+0000] {processor.py:925} INFO - DAG(s) 'tutorial' retrieved from /home/airflow/.local/lib/python3.12/site-packages/airflow/example_dags/tutorial.py
[2025-04-02T11:19:00.515+0000] {logging_mixin.py:190} INFO - [2025-04-02T11:19:00.515+0000] {dag.py:3239} INFO - Sync 1 DAGs
[2025-04-02T11:19:00.542+0000] {logging_mixin.py:190} INFO - [2025-04-02T11:19:00.542+0000] {dag.py:4180} INFO - Setting next_dagrun for tutorial to 2025-04-01 00:00:00+00:00, run_after=2025-04-02 00:00:00+00:00
[2025-04-02T11:19:00.567+0000] {processor.py:208} INFO - Processing /home/airflow/.local/lib/python3.12/site-packages/airflow/example_dags/tutorial.py took 0.106 seconds
[2025-04-02T11:19:31.477+0000] {processor.py:186} INFO - Started process (PID=2063) to work on /home/airflow/.local/lib/python3.12/site-packages/airflow/example_dags/tutorial.py
[2025-04-02T11:19:31.478+0000] {processor.py:914} INFO - Processing file /home/airflow/.local/lib/python3.12/site-packages/airflow/example_dags/tutorial.py for tasks to queue
[2025-04-02T11:19:31.482+0000] {logging_mixin.py:190} INFO - [2025-04-02T11:19:31.481+0000] {dagbag.py:588} INFO - Filling up the DagBag from /home/airflow/.local/lib/python3.12/site-packages/airflow/example_dags/tutorial.py
[2025-04-02T11:19:31.492+0000] {processor.py:925} INFO - DAG(s) 'tutorial' retrieved from /home/airflow/.local/lib/python3.12/site-packages/airflow/example_dags/tutorial.py
[2025-04-02T11:19:31.515+0000] {logging_mixin.py:190} INFO - [2025-04-02T11:19:31.514+0000] {dag.py:3239} INFO - Sync 1 DAGs
[2025-04-02T11:19:31.541+0000] {logging_mixin.py:190} INFO - [2025-04-02T11:19:31.541+0000] {dag.py:4180} INFO - Setting next_dagrun for tutorial to 2025-04-01 00:00:00+00:00, run_after=2025-04-02 00:00:00+00:00
[2025-04-02T11:19:31.565+0000] {processor.py:208} INFO - Processing /home/airflow/.local/lib/python3.12/site-packages/airflow/example_dags/tutorial.py took 0.095 seconds
[2025-04-02T11:20:02.303+0000] {processor.py:186} INFO - Started process (PID=2128) to work on /home/airflow/.local/lib/python3.12/site-packages/airflow/example_dags/tutorial.py
[2025-04-02T11:20:02.305+0000] {processor.py:914} INFO - Processing file /home/airflow/.local/lib/python3.12/site-packages/airflow/example_dags/tutorial.py for tasks to queue
[2025-04-02T11:20:02.307+0000] {logging_mixin.py:190} INFO - [2025-04-02T11:20:02.307+0000] {dagbag.py:588} INFO - Filling up the DagBag from /home/airflow/.local/lib/python3.12/site-packages/airflow/example_dags/tutorial.py
[2025-04-02T11:20:02.315+0000] {processor.py:925} INFO - DAG(s) 'tutorial' retrieved from /home/airflow/.local/lib/python3.12/site-packages/airflow/example_dags/tutorial.py
[2025-04-02T11:20:02.337+0000] {logging_mixin.py:190} INFO - [2025-04-02T11:20:02.336+0000] {dag.py:3239} INFO - Sync 1 DAGs
[2025-04-02T11:20:02.358+0000] {logging_mixin.py:190} INFO - [2025-04-02T11:20:02.358+0000] {dag.py:4180} INFO - Setting next_dagrun for tutorial to 2025-04-01 00:00:00+00:00, run_after=2025-04-02 00:00:00+00:00
[2025-04-02T11:20:02.375+0000] {processor.py:208} INFO - Processing /home/airflow/.local/lib/python3.12/site-packages/airflow/example_dags/tutorial.py took 0.078 seconds
[2025-04-02T11:20:32.652+0000] {processor.py:186} INFO - Started process (PID=2193) to work on /home/airflow/.local/lib/python3.12/site-packages/airflow/example_dags/tutorial.py
[2025-04-02T11:20:32.654+0000] {processor.py:914} INFO - Processing file /home/airflow/.local/lib/python3.12/site-packages/airflow/example_dags/tutorial.py for tasks to queue
[2025-04-02T11:20:32.657+0000] {logging_mixin.py:190} INFO - [2025-04-02T11:20:32.657+0000] {dagbag.py:588} INFO - Filling up the DagBag from /home/airflow/.local/lib/python3.12/site-packages/airflow/example_dags/tutorial.py
[2025-04-02T11:20:32.667+0000] {processor.py:925} INFO - DAG(s) 'tutorial' retrieved from /home/airflow/.local/lib/python3.12/site-packages/airflow/example_dags/tutorial.py
[2025-04-02T11:20:32.691+0000] {logging_mixin.py:190} INFO - [2025-04-02T11:20:32.690+0000] {dag.py:3239} INFO - Sync 1 DAGs
[2025-04-02T11:20:32.716+0000] {logging_mixin.py:190} INFO - [2025-04-02T11:20:32.716+0000] {dag.py:4180} INFO - Setting next_dagrun for tutorial to 2025-04-01 00:00:00+00:00, run_after=2025-04-02 00:00:00+00:00
[2025-04-02T11:20:32.741+0000] {processor.py:208} INFO - Processing /home/airflow/.local/lib/python3.12/site-packages/airflow/example_dags/tutorial.py took 0.096 seconds
[2025-04-02T11:21:03.806+0000] {processor.py:186} INFO - Started process (PID=2259) to work on /home/airflow/.local/lib/python3.12/site-packages/airflow/example_dags/tutorial.py
[2025-04-02T11:21:03.808+0000] {processor.py:914} INFO - Processing file /home/airflow/.local/lib/python3.12/site-packages/airflow/example_dags/tutorial.py for tasks to queue
[2025-04-02T11:21:03.811+0000] {logging_mixin.py:190} INFO - [2025-04-02T11:21:03.810+0000] {dagbag.py:588} INFO - Filling up the DagBag from /home/airflow/.local/lib/python3.12/site-packages/airflow/example_dags/tutorial.py
[2025-04-02T11:21:03.820+0000] {processor.py:925} INFO - DAG(s) 'tutorial' retrieved from /home/airflow/.local/lib/python3.12/site-packages/airflow/example_dags/tutorial.py
[2025-04-02T11:21:03.854+0000] {logging_mixin.py:190} INFO - [2025-04-02T11:21:03.853+0000] {dag.py:3239} INFO - Sync 1 DAGs
[2025-04-02T11:21:03.880+0000] {logging_mixin.py:190} INFO - [2025-04-02T11:21:03.880+0000] {dag.py:4180} INFO - Setting next_dagrun for tutorial to 2025-04-01 00:00:00+00:00, run_after=2025-04-02 00:00:00+00:00
[2025-04-02T11:21:03.904+0000] {processor.py:208} INFO - Processing /home/airflow/.local/lib/python3.12/site-packages/airflow/example_dags/tutorial.py took 0.105 seconds
[2025-04-02T11:21:34.420+0000] {processor.py:186} INFO - Started process (PID=2324) to work on /home/airflow/.local/lib/python3.12/site-packages/airflow/example_dags/tutorial.py
[2025-04-02T11:21:34.421+0000] {processor.py:914} INFO - Processing file /home/airflow/.local/lib/python3.12/site-packages/airflow/example_dags/tutorial.py for tasks to queue
[2025-04-02T11:21:34.424+0000] {logging_mixin.py:190} INFO - [2025-04-02T11:21:34.424+0000] {dagbag.py:588} INFO - Filling up the DagBag from /home/airflow/.local/lib/python3.12/site-packages/airflow/example_dags/tutorial.py
[2025-04-02T11:21:34.432+0000] {processor.py:925} INFO - DAG(s) 'tutorial' retrieved from /home/airflow/.local/lib/python3.12/site-packages/airflow/example_dags/tutorial.py
[2025-04-02T11:21:34.460+0000] {logging_mixin.py:190} INFO - [2025-04-02T11:21:34.459+0000] {dag.py:3239} INFO - Sync 1 DAGs
[2025-04-02T11:21:34.480+0000] {logging_mixin.py:190} INFO - [2025-04-02T11:21:34.480+0000] {dag.py:4180} INFO - Setting next_dagrun for tutorial to 2025-04-01 00:00:00+00:00, run_after=2025-04-02 00:00:00+00:00
[2025-04-02T11:21:34.502+0000] {processor.py:208} INFO - Processing /home/airflow/.local/lib/python3.12/site-packages/airflow/example_dags/tutorial.py took 0.087 seconds
[2025-04-02T11:22:04.902+0000] {processor.py:186} INFO - Started process (PID=2389) to work on /home/airflow/.local/lib/python3.12/site-packages/airflow/example_dags/tutorial.py
[2025-04-02T11:22:04.904+0000] {processor.py:914} INFO - Processing file /home/airflow/.local/lib/python3.12/site-packages/airflow/example_dags/tutorial.py for tasks to queue
[2025-04-02T11:22:04.907+0000] {logging_mixin.py:190} INFO - [2025-04-02T11:22:04.906+0000] {dagbag.py:588} INFO - Filling up the DagBag from /home/airflow/.local/lib/python3.12/site-packages/airflow/example_dags/tutorial.py
[2025-04-02T11:22:04.914+0000] {processor.py:925} INFO - DAG(s) 'tutorial' retrieved from /home/airflow/.local/lib/python3.12/site-packages/airflow/example_dags/tutorial.py
[2025-04-02T11:22:04.933+0000] {logging_mixin.py:190} INFO - [2025-04-02T11:22:04.933+0000] {dag.py:3239} INFO - Sync 1 DAGs
[2025-04-02T11:22:04.954+0000] {logging_mixin.py:190} INFO - [2025-04-02T11:22:04.953+0000] {dag.py:4180} INFO - Setting next_dagrun for tutorial to 2025-04-01 00:00:00+00:00, run_after=2025-04-02 00:00:00+00:00
[2025-04-02T11:22:04.972+0000] {processor.py:208} INFO - Processing /home/airflow/.local/lib/python3.12/site-packages/airflow/example_dags/tutorial.py took 0.075 seconds
[2025-04-02T11:22:35.269+0000] {processor.py:186} INFO - Started process (PID=2455) to work on /home/airflow/.local/lib/python3.12/site-packages/airflow/example_dags/tutorial.py
[2025-04-02T11:22:35.271+0000] {processor.py:914} INFO - Processing file /home/airflow/.local/lib/python3.12/site-packages/airflow/example_dags/tutorial.py for tasks to queue
[2025-04-02T11:22:35.275+0000] {logging_mixin.py:190} INFO - [2025-04-02T11:22:35.274+0000] {dagbag.py:588} INFO - Filling up the DagBag from /home/airflow/.local/lib/python3.12/site-packages/airflow/example_dags/tutorial.py
[2025-04-02T11:22:35.285+0000] {processor.py:925} INFO - DAG(s) 'tutorial' retrieved from /home/airflow/.local/lib/python3.12/site-packages/airflow/example_dags/tutorial.py
[2025-04-02T11:22:35.310+0000] {logging_mixin.py:190} INFO - [2025-04-02T11:22:35.310+0000] {dag.py:3239} INFO - Sync 1 DAGs
[2025-04-02T11:22:35.335+0000] {logging_mixin.py:190} INFO - [2025-04-02T11:22:35.335+0000] {dag.py:4180} INFO - Setting next_dagrun for tutorial to 2025-04-01 00:00:00+00:00, run_after=2025-04-02 00:00:00+00:00
[2025-04-02T11:22:35.360+0000] {processor.py:208} INFO - Processing /home/airflow/.local/lib/python3.12/site-packages/airflow/example_dags/tutorial.py took 0.098 seconds
[2025-04-02T11:23:05.468+0000] {processor.py:186} INFO - Started process (PID=2520) to work on /home/airflow/.local/lib/python3.12/site-packages/airflow/example_dags/tutorial.py
[2025-04-02T11:23:05.469+0000] {processor.py:914} INFO - Processing file /home/airflow/.local/lib/python3.12/site-packages/airflow/example_dags/tutorial.py for tasks to queue
[2025-04-02T11:23:05.471+0000] {logging_mixin.py:190} INFO - [2025-04-02T11:23:05.471+0000] {dagbag.py:588} INFO - Filling up the DagBag from /home/airflow/.local/lib/python3.12/site-packages/airflow/example_dags/tutorial.py
[2025-04-02T11:23:05.479+0000] {processor.py:925} INFO - DAG(s) 'tutorial' retrieved from /home/airflow/.local/lib/python3.12/site-packages/airflow/example_dags/tutorial.py
[2025-04-02T11:23:05.498+0000] {logging_mixin.py:190} INFO - [2025-04-02T11:23:05.497+0000] {dag.py:3239} INFO - Sync 1 DAGs
[2025-04-02T11:23:05.517+0000] {logging_mixin.py:190} INFO - [2025-04-02T11:23:05.517+0000] {dag.py:4180} INFO - Setting next_dagrun for tutorial to 2025-04-01 00:00:00+00:00, run_after=2025-04-02 00:00:00+00:00
[2025-04-02T11:23:05.539+0000] {processor.py:208} INFO - Processing /home/airflow/.local/lib/python3.12/site-packages/airflow/example_dags/tutorial.py took 0.077 seconds
[2025-04-02T11:23:36.673+0000] {processor.py:186} INFO - Started process (PID=2585) to work on /home/airflow/.local/lib/python3.12/site-packages/airflow/example_dags/tutorial.py
[2025-04-02T11:23:36.676+0000] {processor.py:914} INFO - Processing file /home/airflow/.local/lib/python3.12/site-packages/airflow/example_dags/tutorial.py for tasks to queue
[2025-04-02T11:23:36.682+0000] {logging_mixin.py:190} INFO - [2025-04-02T11:23:36.681+0000] {dagbag.py:588} INFO - Filling up the DagBag from /home/airflow/.local/lib/python3.12/site-packages/airflow/example_dags/tutorial.py
[2025-04-02T11:23:36.693+0000] {processor.py:925} INFO - DAG(s) 'tutorial' retrieved from /home/airflow/.local/lib/python3.12/site-packages/airflow/example_dags/tutorial.py
[2025-04-02T11:23:36.728+0000] {logging_mixin.py:190} INFO - [2025-04-02T11:23:36.727+0000] {dag.py:3239} INFO - Sync 1 DAGs
[2025-04-02T11:23:36.756+0000] {logging_mixin.py:190} INFO - [2025-04-02T11:23:36.756+0000] {dag.py:4180} INFO - Setting next_dagrun for tutorial to 2025-04-01 00:00:00+00:00, run_after=2025-04-02 00:00:00+00:00
[2025-04-02T11:23:36.788+0000] {processor.py:208} INFO - Processing /home/airflow/.local/lib/python3.12/site-packages/airflow/example_dags/tutorial.py took 0.121 seconds
