[2025-04-02T09:06:40.520+0000] {processor.py:186} INFO - Started process (PID=7958) to work on /home/airflow/.local/lib/python3.12/site-packages/airflow/example_dags/tutorial_taskflow_templates.py
[2025-04-02T09:06:40.544+0000] {processor.py:914} INFO - Processing file /home/airflow/.local/lib/python3.12/site-packages/airflow/example_dags/tutorial_taskflow_templates.py for tasks to queue
[2025-04-02T09:06:40.562+0000] {logging_mixin.py:190} INFO - [2025-04-02T09:06:40.561+0000] {dagbag.py:588} INFO - Filling up the DagBag from /home/airflow/.local/lib/python3.12/site-packages/airflow/example_dags/tutorial_taskflow_templates.py
[2025-04-02T09:06:40.601+0000] {processor.py:925} INFO - DAG(s) 'tutorial_taskflow_templates' retrieved from /home/airflow/.local/lib/python3.12/site-packages/airflow/example_dags/tutorial_taskflow_templates.py
[2025-04-02T09:06:40.682+0000] {logging_mixin.py:190} INFO - [2025-04-02T09:06:40.681+0000] {dag.py:3239} INFO - Sync 1 DAGs
[2025-04-02T09:06:40.771+0000] {logging_mixin.py:190} INFO - [2025-04-02T09:06:40.770+0000] {dag.py:4180} INFO - Setting next_dagrun for tutorial_taskflow_templates to 2025-04-01 00:00:00+00:00, run_after=2025-04-02 00:00:00+00:00
[2025-04-02T09:06:40.837+0000] {processor.py:208} INFO - Processing /home/airflow/.local/lib/python3.12/site-packages/airflow/example_dags/tutorial_taskflow_templates.py took 0.341 seconds
[2025-04-02T11:03:45.879+0000] {processor.py:186} INFO - Started process (PID=86) to work on /home/airflow/.local/lib/python3.12/site-packages/airflow/example_dags/tutorial_taskflow_templates.py
[2025-04-02T11:03:45.881+0000] {processor.py:914} INFO - Processing file /home/airflow/.local/lib/python3.12/site-packages/airflow/example_dags/tutorial_taskflow_templates.py for tasks to queue
[2025-04-02T11:03:45.885+0000] {logging_mixin.py:190} INFO - [2025-04-02T11:03:45.884+0000] {dagbag.py:588} INFO - Filling up the DagBag from /home/airflow/.local/lib/python3.12/site-packages/airflow/example_dags/tutorial_taskflow_templates.py
[2025-04-02T11:03:45.898+0000] {processor.py:925} INFO - DAG(s) 'tutorial_taskflow_templates' retrieved from /home/airflow/.local/lib/python3.12/site-packages/airflow/example_dags/tutorial_taskflow_templates.py
[2025-04-02T11:03:45.920+0000] {logging_mixin.py:190} INFO - [2025-04-02T11:03:45.920+0000] {dag.py:3239} INFO - Sync 1 DAGs
[2025-04-02T11:03:45.944+0000] {logging_mixin.py:190} INFO - [2025-04-02T11:03:45.944+0000] {dag.py:4180} INFO - Setting next_dagrun for tutorial_taskflow_templates to 2025-04-01 00:00:00+00:00, run_after=2025-04-02 00:00:00+00:00
[2025-04-02T11:03:45.967+0000] {processor.py:208} INFO - Processing /home/airflow/.local/lib/python3.12/site-packages/airflow/example_dags/tutorial_taskflow_templates.py took 0.094 seconds
[2025-04-02T11:04:16.606+0000] {processor.py:186} INFO - Started process (PID=151) to work on /home/airflow/.local/lib/python3.12/site-packages/airflow/example_dags/tutorial_taskflow_templates.py
[2025-04-02T11:04:16.608+0000] {processor.py:914} INFO - Processing file /home/airflow/.local/lib/python3.12/site-packages/airflow/example_dags/tutorial_taskflow_templates.py for tasks to queue
[2025-04-02T11:04:16.611+0000] {logging_mixin.py:190} INFO - [2025-04-02T11:04:16.611+0000] {dagbag.py:588} INFO - Filling up the DagBag from /home/airflow/.local/lib/python3.12/site-packages/airflow/example_dags/tutorial_taskflow_templates.py
[2025-04-02T11:04:16.625+0000] {processor.py:925} INFO - DAG(s) 'tutorial_taskflow_templates' retrieved from /home/airflow/.local/lib/python3.12/site-packages/airflow/example_dags/tutorial_taskflow_templates.py
[2025-04-02T11:04:16.657+0000] {logging_mixin.py:190} INFO - [2025-04-02T11:04:16.656+0000] {dag.py:3239} INFO - Sync 1 DAGs
[2025-04-02T11:04:16.682+0000] {logging_mixin.py:190} INFO - [2025-04-02T11:04:16.682+0000] {dag.py:4180} INFO - Setting next_dagrun for tutorial_taskflow_templates to 2025-04-01 00:00:00+00:00, run_after=2025-04-02 00:00:00+00:00
[2025-04-02T11:04:16.710+0000] {processor.py:208} INFO - Processing /home/airflow/.local/lib/python3.12/site-packages/airflow/example_dags/tutorial_taskflow_templates.py took 0.109 seconds
[2025-04-02T11:04:47.531+0000] {processor.py:186} INFO - Started process (PID=222) to work on /home/airflow/.local/lib/python3.12/site-packages/airflow/example_dags/tutorial_taskflow_templates.py
[2025-04-02T11:04:47.532+0000] {processor.py:914} INFO - Processing file /home/airflow/.local/lib/python3.12/site-packages/airflow/example_dags/tutorial_taskflow_templates.py for tasks to queue
[2025-04-02T11:04:47.535+0000] {logging_mixin.py:190} INFO - [2025-04-02T11:04:47.535+0000] {dagbag.py:588} INFO - Filling up the DagBag from /home/airflow/.local/lib/python3.12/site-packages/airflow/example_dags/tutorial_taskflow_templates.py
[2025-04-02T11:04:47.547+0000] {processor.py:925} INFO - DAG(s) 'tutorial_taskflow_templates' retrieved from /home/airflow/.local/lib/python3.12/site-packages/airflow/example_dags/tutorial_taskflow_templates.py
[2025-04-02T11:04:47.570+0000] {logging_mixin.py:190} INFO - [2025-04-02T11:04:47.570+0000] {dag.py:3239} INFO - Sync 1 DAGs
[2025-04-02T11:04:47.591+0000] {logging_mixin.py:190} INFO - [2025-04-02T11:04:47.591+0000] {dag.py:4180} INFO - Setting next_dagrun for tutorial_taskflow_templates to 2025-04-01 00:00:00+00:00, run_after=2025-04-02 00:00:00+00:00
[2025-04-02T11:04:47.614+0000] {processor.py:208} INFO - Processing /home/airflow/.local/lib/python3.12/site-packages/airflow/example_dags/tutorial_taskflow_templates.py took 0.089 seconds
[2025-04-02T11:05:19.324+0000] {processor.py:186} INFO - Started process (PID=288) to work on /home/airflow/.local/lib/python3.12/site-packages/airflow/example_dags/tutorial_taskflow_templates.py
[2025-04-02T11:05:19.326+0000] {processor.py:914} INFO - Processing file /home/airflow/.local/lib/python3.12/site-packages/airflow/example_dags/tutorial_taskflow_templates.py for tasks to queue
[2025-04-02T11:05:19.330+0000] {logging_mixin.py:190} INFO - [2025-04-02T11:05:19.330+0000] {dagbag.py:588} INFO - Filling up the DagBag from /home/airflow/.local/lib/python3.12/site-packages/airflow/example_dags/tutorial_taskflow_templates.py
[2025-04-02T11:05:19.351+0000] {processor.py:925} INFO - DAG(s) 'tutorial_taskflow_templates' retrieved from /home/airflow/.local/lib/python3.12/site-packages/airflow/example_dags/tutorial_taskflow_templates.py
[2025-04-02T11:05:19.378+0000] {logging_mixin.py:190} INFO - [2025-04-02T11:05:19.377+0000] {dag.py:3239} INFO - Sync 1 DAGs
[2025-04-02T11:05:19.414+0000] {logging_mixin.py:190} INFO - [2025-04-02T11:05:19.414+0000] {dag.py:4180} INFO - Setting next_dagrun for tutorial_taskflow_templates to 2025-04-01 00:00:00+00:00, run_after=2025-04-02 00:00:00+00:00
[2025-04-02T11:05:19.439+0000] {processor.py:208} INFO - Processing /home/airflow/.local/lib/python3.12/site-packages/airflow/example_dags/tutorial_taskflow_templates.py took 0.125 seconds
[2025-04-02T11:05:49.909+0000] {processor.py:186} INFO - Started process (PID=353) to work on /home/airflow/.local/lib/python3.12/site-packages/airflow/example_dags/tutorial_taskflow_templates.py
[2025-04-02T11:05:49.911+0000] {processor.py:914} INFO - Processing file /home/airflow/.local/lib/python3.12/site-packages/airflow/example_dags/tutorial_taskflow_templates.py for tasks to queue
[2025-04-02T11:05:49.914+0000] {logging_mixin.py:190} INFO - [2025-04-02T11:05:49.913+0000] {dagbag.py:588} INFO - Filling up the DagBag from /home/airflow/.local/lib/python3.12/site-packages/airflow/example_dags/tutorial_taskflow_templates.py
[2025-04-02T11:05:49.935+0000] {processor.py:925} INFO - DAG(s) 'tutorial_taskflow_templates' retrieved from /home/airflow/.local/lib/python3.12/site-packages/airflow/example_dags/tutorial_taskflow_templates.py
[2025-04-02T11:05:49.965+0000] {logging_mixin.py:190} INFO - [2025-04-02T11:05:49.964+0000] {dag.py:3239} INFO - Sync 1 DAGs
[2025-04-02T11:05:49.998+0000] {logging_mixin.py:190} INFO - [2025-04-02T11:05:49.998+0000] {dag.py:4180} INFO - Setting next_dagrun for tutorial_taskflow_templates to 2025-04-01 00:00:00+00:00, run_after=2025-04-02 00:00:00+00:00
[2025-04-02T11:05:50.026+0000] {processor.py:208} INFO - Processing /home/airflow/.local/lib/python3.12/site-packages/airflow/example_dags/tutorial_taskflow_templates.py took 0.126 seconds
[2025-04-02T11:06:21.217+0000] {processor.py:186} INFO - Started process (PID=418) to work on /home/airflow/.local/lib/python3.12/site-packages/airflow/example_dags/tutorial_taskflow_templates.py
[2025-04-02T11:06:21.219+0000] {processor.py:914} INFO - Processing file /home/airflow/.local/lib/python3.12/site-packages/airflow/example_dags/tutorial_taskflow_templates.py for tasks to queue
[2025-04-02T11:06:21.224+0000] {logging_mixin.py:190} INFO - [2025-04-02T11:06:21.223+0000] {dagbag.py:588} INFO - Filling up the DagBag from /home/airflow/.local/lib/python3.12/site-packages/airflow/example_dags/tutorial_taskflow_templates.py
[2025-04-02T11:06:21.240+0000] {processor.py:925} INFO - DAG(s) 'tutorial_taskflow_templates' retrieved from /home/airflow/.local/lib/python3.12/site-packages/airflow/example_dags/tutorial_taskflow_templates.py
[2025-04-02T11:06:21.264+0000] {logging_mixin.py:190} INFO - [2025-04-02T11:06:21.264+0000] {dag.py:3239} INFO - Sync 1 DAGs
[2025-04-02T11:06:21.288+0000] {logging_mixin.py:190} INFO - [2025-04-02T11:06:21.288+0000] {dag.py:4180} INFO - Setting next_dagrun for tutorial_taskflow_templates to 2025-04-01 00:00:00+00:00, run_after=2025-04-02 00:00:00+00:00
[2025-04-02T11:06:21.311+0000] {processor.py:208} INFO - Processing /home/airflow/.local/lib/python3.12/site-packages/airflow/example_dags/tutorial_taskflow_templates.py took 0.098 seconds
[2025-04-02T11:06:52.078+0000] {processor.py:186} INFO - Started process (PID=483) to work on /home/airflow/.local/lib/python3.12/site-packages/airflow/example_dags/tutorial_taskflow_templates.py
[2025-04-02T11:06:52.080+0000] {processor.py:914} INFO - Processing file /home/airflow/.local/lib/python3.12/site-packages/airflow/example_dags/tutorial_taskflow_templates.py for tasks to queue
[2025-04-02T11:06:52.085+0000] {logging_mixin.py:190} INFO - [2025-04-02T11:06:52.085+0000] {dagbag.py:588} INFO - Filling up the DagBag from /home/airflow/.local/lib/python3.12/site-packages/airflow/example_dags/tutorial_taskflow_templates.py
[2025-04-02T11:06:52.102+0000] {processor.py:925} INFO - DAG(s) 'tutorial_taskflow_templates' retrieved from /home/airflow/.local/lib/python3.12/site-packages/airflow/example_dags/tutorial_taskflow_templates.py
[2025-04-02T11:06:52.135+0000] {logging_mixin.py:190} INFO - [2025-04-02T11:06:52.135+0000] {dag.py:3239} INFO - Sync 1 DAGs
[2025-04-02T11:06:52.165+0000] {logging_mixin.py:190} INFO - [2025-04-02T11:06:52.165+0000] {dag.py:4180} INFO - Setting next_dagrun for tutorial_taskflow_templates to 2025-04-01 00:00:00+00:00, run_after=2025-04-02 00:00:00+00:00
[2025-04-02T11:06:52.202+0000] {processor.py:208} INFO - Processing /home/airflow/.local/lib/python3.12/site-packages/airflow/example_dags/tutorial_taskflow_templates.py took 0.130 seconds
[2025-04-02T11:07:22.839+0000] {processor.py:186} INFO - Started process (PID=548) to work on /home/airflow/.local/lib/python3.12/site-packages/airflow/example_dags/tutorial_taskflow_templates.py
[2025-04-02T11:07:22.841+0000] {processor.py:914} INFO - Processing file /home/airflow/.local/lib/python3.12/site-packages/airflow/example_dags/tutorial_taskflow_templates.py for tasks to queue
[2025-04-02T11:07:22.846+0000] {logging_mixin.py:190} INFO - [2025-04-02T11:07:22.845+0000] {dagbag.py:588} INFO - Filling up the DagBag from /home/airflow/.local/lib/python3.12/site-packages/airflow/example_dags/tutorial_taskflow_templates.py
[2025-04-02T11:07:22.860+0000] {processor.py:925} INFO - DAG(s) 'tutorial_taskflow_templates' retrieved from /home/airflow/.local/lib/python3.12/site-packages/airflow/example_dags/tutorial_taskflow_templates.py
[2025-04-02T11:07:22.883+0000] {logging_mixin.py:190} INFO - [2025-04-02T11:07:22.882+0000] {dag.py:3239} INFO - Sync 1 DAGs
[2025-04-02T11:07:22.905+0000] {logging_mixin.py:190} INFO - [2025-04-02T11:07:22.905+0000] {dag.py:4180} INFO - Setting next_dagrun for tutorial_taskflow_templates to 2025-04-01 00:00:00+00:00, run_after=2025-04-02 00:00:00+00:00
[2025-04-02T11:07:22.924+0000] {processor.py:208} INFO - Processing /home/airflow/.local/lib/python3.12/site-packages/airflow/example_dags/tutorial_taskflow_templates.py took 0.090 seconds
[2025-04-02T11:07:53.845+0000] {processor.py:186} INFO - Started process (PID=613) to work on /home/airflow/.local/lib/python3.12/site-packages/airflow/example_dags/tutorial_taskflow_templates.py
[2025-04-02T11:07:53.847+0000] {processor.py:914} INFO - Processing file /home/airflow/.local/lib/python3.12/site-packages/airflow/example_dags/tutorial_taskflow_templates.py for tasks to queue
[2025-04-02T11:07:53.850+0000] {logging_mixin.py:190} INFO - [2025-04-02T11:07:53.850+0000] {dagbag.py:588} INFO - Filling up the DagBag from /home/airflow/.local/lib/python3.12/site-packages/airflow/example_dags/tutorial_taskflow_templates.py
[2025-04-02T11:07:53.862+0000] {processor.py:925} INFO - DAG(s) 'tutorial_taskflow_templates' retrieved from /home/airflow/.local/lib/python3.12/site-packages/airflow/example_dags/tutorial_taskflow_templates.py
[2025-04-02T11:07:53.889+0000] {logging_mixin.py:190} INFO - [2025-04-02T11:07:53.889+0000] {dag.py:3239} INFO - Sync 1 DAGs
[2025-04-02T11:07:53.914+0000] {logging_mixin.py:190} INFO - [2025-04-02T11:07:53.914+0000] {dag.py:4180} INFO - Setting next_dagrun for tutorial_taskflow_templates to 2025-04-01 00:00:00+00:00, run_after=2025-04-02 00:00:00+00:00
[2025-04-02T11:07:53.934+0000] {processor.py:208} INFO - Processing /home/airflow/.local/lib/python3.12/site-packages/airflow/example_dags/tutorial_taskflow_templates.py took 0.095 seconds
[2025-04-02T11:08:25.291+0000] {processor.py:186} INFO - Started process (PID=678) to work on /home/airflow/.local/lib/python3.12/site-packages/airflow/example_dags/tutorial_taskflow_templates.py
[2025-04-02T11:08:25.294+0000] {processor.py:914} INFO - Processing file /home/airflow/.local/lib/python3.12/site-packages/airflow/example_dags/tutorial_taskflow_templates.py for tasks to queue
[2025-04-02T11:08:25.299+0000] {logging_mixin.py:190} INFO - [2025-04-02T11:08:25.299+0000] {dagbag.py:588} INFO - Filling up the DagBag from /home/airflow/.local/lib/python3.12/site-packages/airflow/example_dags/tutorial_taskflow_templates.py
[2025-04-02T11:08:25.314+0000] {processor.py:925} INFO - DAG(s) 'tutorial_taskflow_templates' retrieved from /home/airflow/.local/lib/python3.12/site-packages/airflow/example_dags/tutorial_taskflow_templates.py
[2025-04-02T11:08:25.340+0000] {logging_mixin.py:190} INFO - [2025-04-02T11:08:25.340+0000] {dag.py:3239} INFO - Sync 1 DAGs
[2025-04-02T11:08:25.364+0000] {logging_mixin.py:190} INFO - [2025-04-02T11:08:25.363+0000] {dag.py:4180} INFO - Setting next_dagrun for tutorial_taskflow_templates to 2025-04-01 00:00:00+00:00, run_after=2025-04-02 00:00:00+00:00
[2025-04-02T11:08:25.385+0000] {processor.py:208} INFO - Processing /home/airflow/.local/lib/python3.12/site-packages/airflow/example_dags/tutorial_taskflow_templates.py took 0.100 seconds
[2025-04-02T11:08:56.622+0000] {processor.py:186} INFO - Started process (PID=743) to work on /home/airflow/.local/lib/python3.12/site-packages/airflow/example_dags/tutorial_taskflow_templates.py
[2025-04-02T11:08:56.624+0000] {processor.py:914} INFO - Processing file /home/airflow/.local/lib/python3.12/site-packages/airflow/example_dags/tutorial_taskflow_templates.py for tasks to queue
[2025-04-02T11:08:56.627+0000] {logging_mixin.py:190} INFO - [2025-04-02T11:08:56.626+0000] {dagbag.py:588} INFO - Filling up the DagBag from /home/airflow/.local/lib/python3.12/site-packages/airflow/example_dags/tutorial_taskflow_templates.py
[2025-04-02T11:08:56.641+0000] {processor.py:925} INFO - DAG(s) 'tutorial_taskflow_templates' retrieved from /home/airflow/.local/lib/python3.12/site-packages/airflow/example_dags/tutorial_taskflow_templates.py
[2025-04-02T11:08:56.665+0000] {logging_mixin.py:190} INFO - [2025-04-02T11:08:56.665+0000] {dag.py:3239} INFO - Sync 1 DAGs
[2025-04-02T11:08:56.688+0000] {logging_mixin.py:190} INFO - [2025-04-02T11:08:56.688+0000] {dag.py:4180} INFO - Setting next_dagrun for tutorial_taskflow_templates to 2025-04-01 00:00:00+00:00, run_after=2025-04-02 00:00:00+00:00
[2025-04-02T11:08:56.711+0000] {processor.py:208} INFO - Processing /home/airflow/.local/lib/python3.12/site-packages/airflow/example_dags/tutorial_taskflow_templates.py took 0.095 seconds
[2025-04-02T11:09:27.917+0000] {processor.py:186} INFO - Started process (PID=808) to work on /home/airflow/.local/lib/python3.12/site-packages/airflow/example_dags/tutorial_taskflow_templates.py
[2025-04-02T11:09:27.919+0000] {processor.py:914} INFO - Processing file /home/airflow/.local/lib/python3.12/site-packages/airflow/example_dags/tutorial_taskflow_templates.py for tasks to queue
[2025-04-02T11:09:27.923+0000] {logging_mixin.py:190} INFO - [2025-04-02T11:09:27.922+0000] {dagbag.py:588} INFO - Filling up the DagBag from /home/airflow/.local/lib/python3.12/site-packages/airflow/example_dags/tutorial_taskflow_templates.py
[2025-04-02T11:09:27.937+0000] {processor.py:925} INFO - DAG(s) 'tutorial_taskflow_templates' retrieved from /home/airflow/.local/lib/python3.12/site-packages/airflow/example_dags/tutorial_taskflow_templates.py
[2025-04-02T11:09:27.965+0000] {logging_mixin.py:190} INFO - [2025-04-02T11:09:27.965+0000] {dag.py:3239} INFO - Sync 1 DAGs
[2025-04-02T11:09:27.992+0000] {logging_mixin.py:190} INFO - [2025-04-02T11:09:27.992+0000] {dag.py:4180} INFO - Setting next_dagrun for tutorial_taskflow_templates to 2025-04-01 00:00:00+00:00, run_after=2025-04-02 00:00:00+00:00
[2025-04-02T11:09:28.013+0000] {processor.py:208} INFO - Processing /home/airflow/.local/lib/python3.12/site-packages/airflow/example_dags/tutorial_taskflow_templates.py took 0.102 seconds
[2025-04-02T11:09:59.063+0000] {processor.py:186} INFO - Started process (PID=873) to work on /home/airflow/.local/lib/python3.12/site-packages/airflow/example_dags/tutorial_taskflow_templates.py
[2025-04-02T11:09:59.066+0000] {processor.py:914} INFO - Processing file /home/airflow/.local/lib/python3.12/site-packages/airflow/example_dags/tutorial_taskflow_templates.py for tasks to queue
[2025-04-02T11:09:59.073+0000] {logging_mixin.py:190} INFO - [2025-04-02T11:09:59.073+0000] {dagbag.py:588} INFO - Filling up the DagBag from /home/airflow/.local/lib/python3.12/site-packages/airflow/example_dags/tutorial_taskflow_templates.py
[2025-04-02T11:09:59.087+0000] {processor.py:925} INFO - DAG(s) 'tutorial_taskflow_templates' retrieved from /home/airflow/.local/lib/python3.12/site-packages/airflow/example_dags/tutorial_taskflow_templates.py
[2025-04-02T11:09:59.116+0000] {logging_mixin.py:190} INFO - [2025-04-02T11:09:59.116+0000] {dag.py:3239} INFO - Sync 1 DAGs
[2025-04-02T11:09:59.146+0000] {logging_mixin.py:190} INFO - [2025-04-02T11:09:59.145+0000] {dag.py:4180} INFO - Setting next_dagrun for tutorial_taskflow_templates to 2025-04-01 00:00:00+00:00, run_after=2025-04-02 00:00:00+00:00
[2025-04-02T11:09:59.190+0000] {processor.py:208} INFO - Processing /home/airflow/.local/lib/python3.12/site-packages/airflow/example_dags/tutorial_taskflow_templates.py took 0.132 seconds
[2025-04-02T11:10:29.509+0000] {processor.py:186} INFO - Started process (PID=938) to work on /home/airflow/.local/lib/python3.12/site-packages/airflow/example_dags/tutorial_taskflow_templates.py
[2025-04-02T11:10:29.510+0000] {processor.py:914} INFO - Processing file /home/airflow/.local/lib/python3.12/site-packages/airflow/example_dags/tutorial_taskflow_templates.py for tasks to queue
[2025-04-02T11:10:29.513+0000] {logging_mixin.py:190} INFO - [2025-04-02T11:10:29.513+0000] {dagbag.py:588} INFO - Filling up the DagBag from /home/airflow/.local/lib/python3.12/site-packages/airflow/example_dags/tutorial_taskflow_templates.py
[2025-04-02T11:10:29.529+0000] {processor.py:925} INFO - DAG(s) 'tutorial_taskflow_templates' retrieved from /home/airflow/.local/lib/python3.12/site-packages/airflow/example_dags/tutorial_taskflow_templates.py
[2025-04-02T11:10:29.549+0000] {logging_mixin.py:190} INFO - [2025-04-02T11:10:29.549+0000] {dag.py:3239} INFO - Sync 1 DAGs
[2025-04-02T11:10:29.577+0000] {logging_mixin.py:190} INFO - [2025-04-02T11:10:29.577+0000] {dag.py:4180} INFO - Setting next_dagrun for tutorial_taskflow_templates to 2025-04-01 00:00:00+00:00, run_after=2025-04-02 00:00:00+00:00
[2025-04-02T11:10:29.599+0000] {processor.py:208} INFO - Processing /home/airflow/.local/lib/python3.12/site-packages/airflow/example_dags/tutorial_taskflow_templates.py took 0.097 seconds
[2025-04-02T11:11:01.110+0000] {processor.py:186} INFO - Started process (PID=1003) to work on /home/airflow/.local/lib/python3.12/site-packages/airflow/example_dags/tutorial_taskflow_templates.py
[2025-04-02T11:11:01.111+0000] {processor.py:914} INFO - Processing file /home/airflow/.local/lib/python3.12/site-packages/airflow/example_dags/tutorial_taskflow_templates.py for tasks to queue
[2025-04-02T11:11:01.114+0000] {logging_mixin.py:190} INFO - [2025-04-02T11:11:01.114+0000] {dagbag.py:588} INFO - Filling up the DagBag from /home/airflow/.local/lib/python3.12/site-packages/airflow/example_dags/tutorial_taskflow_templates.py
[2025-04-02T11:11:01.129+0000] {processor.py:925} INFO - DAG(s) 'tutorial_taskflow_templates' retrieved from /home/airflow/.local/lib/python3.12/site-packages/airflow/example_dags/tutorial_taskflow_templates.py
[2025-04-02T11:11:01.148+0000] {logging_mixin.py:190} INFO - [2025-04-02T11:11:01.148+0000] {dag.py:3239} INFO - Sync 1 DAGs
[2025-04-02T11:11:01.170+0000] {logging_mixin.py:190} INFO - [2025-04-02T11:11:01.170+0000] {dag.py:4180} INFO - Setting next_dagrun for tutorial_taskflow_templates to 2025-04-01 00:00:00+00:00, run_after=2025-04-02 00:00:00+00:00
[2025-04-02T11:11:01.188+0000] {processor.py:208} INFO - Processing /home/airflow/.local/lib/python3.12/site-packages/airflow/example_dags/tutorial_taskflow_templates.py took 0.084 seconds
[2025-04-02T11:11:32.872+0000] {processor.py:186} INFO - Started process (PID=1068) to work on /home/airflow/.local/lib/python3.12/site-packages/airflow/example_dags/tutorial_taskflow_templates.py
[2025-04-02T11:11:32.874+0000] {processor.py:914} INFO - Processing file /home/airflow/.local/lib/python3.12/site-packages/airflow/example_dags/tutorial_taskflow_templates.py for tasks to queue
[2025-04-02T11:11:32.879+0000] {logging_mixin.py:190} INFO - [2025-04-02T11:11:32.878+0000] {dagbag.py:588} INFO - Filling up the DagBag from /home/airflow/.local/lib/python3.12/site-packages/airflow/example_dags/tutorial_taskflow_templates.py
[2025-04-02T11:11:32.901+0000] {processor.py:925} INFO - DAG(s) 'tutorial_taskflow_templates' retrieved from /home/airflow/.local/lib/python3.12/site-packages/airflow/example_dags/tutorial_taskflow_templates.py
[2025-04-02T11:11:32.925+0000] {logging_mixin.py:190} INFO - [2025-04-02T11:11:32.925+0000] {dag.py:3239} INFO - Sync 1 DAGs
[2025-04-02T11:11:32.954+0000] {logging_mixin.py:190} INFO - [2025-04-02T11:11:32.954+0000] {dag.py:4180} INFO - Setting next_dagrun for tutorial_taskflow_templates to 2025-04-01 00:00:00+00:00, run_after=2025-04-02 00:00:00+00:00
[2025-04-02T11:11:32.974+0000] {processor.py:208} INFO - Processing /home/airflow/.local/lib/python3.12/site-packages/airflow/example_dags/tutorial_taskflow_templates.py took 0.111 seconds
[2025-04-02T11:12:04.326+0000] {processor.py:186} INFO - Started process (PID=1133) to work on /home/airflow/.local/lib/python3.12/site-packages/airflow/example_dags/tutorial_taskflow_templates.py
[2025-04-02T11:12:04.328+0000] {processor.py:914} INFO - Processing file /home/airflow/.local/lib/python3.12/site-packages/airflow/example_dags/tutorial_taskflow_templates.py for tasks to queue
[2025-04-02T11:12:04.332+0000] {logging_mixin.py:190} INFO - [2025-04-02T11:12:04.331+0000] {dagbag.py:588} INFO - Filling up the DagBag from /home/airflow/.local/lib/python3.12/site-packages/airflow/example_dags/tutorial_taskflow_templates.py
[2025-04-02T11:12:04.346+0000] {processor.py:925} INFO - DAG(s) 'tutorial_taskflow_templates' retrieved from /home/airflow/.local/lib/python3.12/site-packages/airflow/example_dags/tutorial_taskflow_templates.py
[2025-04-02T11:12:04.381+0000] {logging_mixin.py:190} INFO - [2025-04-02T11:12:04.381+0000] {dag.py:3239} INFO - Sync 1 DAGs
[2025-04-02T11:12:04.408+0000] {logging_mixin.py:190} INFO - [2025-04-02T11:12:04.408+0000] {dag.py:4180} INFO - Setting next_dagrun for tutorial_taskflow_templates to 2025-04-01 00:00:00+00:00, run_after=2025-04-02 00:00:00+00:00
[2025-04-02T11:12:04.452+0000] {processor.py:208} INFO - Processing /home/airflow/.local/lib/python3.12/site-packages/airflow/example_dags/tutorial_taskflow_templates.py took 0.133 seconds
[2025-04-02T11:12:35.790+0000] {processor.py:186} INFO - Started process (PID=1198) to work on /home/airflow/.local/lib/python3.12/site-packages/airflow/example_dags/tutorial_taskflow_templates.py
[2025-04-02T11:12:35.792+0000] {processor.py:914} INFO - Processing file /home/airflow/.local/lib/python3.12/site-packages/airflow/example_dags/tutorial_taskflow_templates.py for tasks to queue
[2025-04-02T11:12:35.797+0000] {logging_mixin.py:190} INFO - [2025-04-02T11:12:35.797+0000] {dagbag.py:588} INFO - Filling up the DagBag from /home/airflow/.local/lib/python3.12/site-packages/airflow/example_dags/tutorial_taskflow_templates.py
[2025-04-02T11:12:35.816+0000] {processor.py:925} INFO - DAG(s) 'tutorial_taskflow_templates' retrieved from /home/airflow/.local/lib/python3.12/site-packages/airflow/example_dags/tutorial_taskflow_templates.py
[2025-04-02T11:12:35.857+0000] {logging_mixin.py:190} INFO - [2025-04-02T11:12:35.856+0000] {dag.py:3239} INFO - Sync 1 DAGs
[2025-04-02T11:12:35.906+0000] {logging_mixin.py:190} INFO - [2025-04-02T11:12:35.906+0000] {dag.py:4180} INFO - Setting next_dagrun for tutorial_taskflow_templates to 2025-04-01 00:00:00+00:00, run_after=2025-04-02 00:00:00+00:00
[2025-04-02T11:12:35.943+0000] {processor.py:208} INFO - Processing /home/airflow/.local/lib/python3.12/site-packages/airflow/example_dags/tutorial_taskflow_templates.py took 0.157 seconds
[2025-04-02T11:13:06.861+0000] {processor.py:186} INFO - Started process (PID=1264) to work on /home/airflow/.local/lib/python3.12/site-packages/airflow/example_dags/tutorial_taskflow_templates.py
[2025-04-02T11:13:06.863+0000] {processor.py:914} INFO - Processing file /home/airflow/.local/lib/python3.12/site-packages/airflow/example_dags/tutorial_taskflow_templates.py for tasks to queue
[2025-04-02T11:13:06.865+0000] {logging_mixin.py:190} INFO - [2025-04-02T11:13:06.865+0000] {dagbag.py:588} INFO - Filling up the DagBag from /home/airflow/.local/lib/python3.12/site-packages/airflow/example_dags/tutorial_taskflow_templates.py
[2025-04-02T11:13:06.877+0000] {processor.py:925} INFO - DAG(s) 'tutorial_taskflow_templates' retrieved from /home/airflow/.local/lib/python3.12/site-packages/airflow/example_dags/tutorial_taskflow_templates.py
[2025-04-02T11:13:06.899+0000] {logging_mixin.py:190} INFO - [2025-04-02T11:13:06.898+0000] {dag.py:3239} INFO - Sync 1 DAGs
[2025-04-02T11:13:06.920+0000] {logging_mixin.py:190} INFO - [2025-04-02T11:13:06.920+0000] {dag.py:4180} INFO - Setting next_dagrun for tutorial_taskflow_templates to 2025-04-01 00:00:00+00:00, run_after=2025-04-02 00:00:00+00:00
[2025-04-02T11:13:06.947+0000] {processor.py:208} INFO - Processing /home/airflow/.local/lib/python3.12/site-packages/airflow/example_dags/tutorial_taskflow_templates.py took 0.091 seconds
[2025-04-02T11:13:38.158+0000] {processor.py:186} INFO - Started process (PID=1329) to work on /home/airflow/.local/lib/python3.12/site-packages/airflow/example_dags/tutorial_taskflow_templates.py
[2025-04-02T11:13:38.160+0000] {processor.py:914} INFO - Processing file /home/airflow/.local/lib/python3.12/site-packages/airflow/example_dags/tutorial_taskflow_templates.py for tasks to queue
[2025-04-02T11:13:38.163+0000] {logging_mixin.py:190} INFO - [2025-04-02T11:13:38.163+0000] {dagbag.py:588} INFO - Filling up the DagBag from /home/airflow/.local/lib/python3.12/site-packages/airflow/example_dags/tutorial_taskflow_templates.py
[2025-04-02T11:13:38.176+0000] {processor.py:925} INFO - DAG(s) 'tutorial_taskflow_templates' retrieved from /home/airflow/.local/lib/python3.12/site-packages/airflow/example_dags/tutorial_taskflow_templates.py
[2025-04-02T11:13:38.197+0000] {logging_mixin.py:190} INFO - [2025-04-02T11:13:38.197+0000] {dag.py:3239} INFO - Sync 1 DAGs
[2025-04-02T11:13:38.220+0000] {logging_mixin.py:190} INFO - [2025-04-02T11:13:38.220+0000] {dag.py:4180} INFO - Setting next_dagrun for tutorial_taskflow_templates to 2025-04-01 00:00:00+00:00, run_after=2025-04-02 00:00:00+00:00
[2025-04-02T11:13:38.243+0000] {processor.py:208} INFO - Processing /home/airflow/.local/lib/python3.12/site-packages/airflow/example_dags/tutorial_taskflow_templates.py took 0.091 seconds
[2025-04-02T11:14:09.342+0000] {processor.py:186} INFO - Started process (PID=1394) to work on /home/airflow/.local/lib/python3.12/site-packages/airflow/example_dags/tutorial_taskflow_templates.py
[2025-04-02T11:14:09.344+0000] {processor.py:914} INFO - Processing file /home/airflow/.local/lib/python3.12/site-packages/airflow/example_dags/tutorial_taskflow_templates.py for tasks to queue
[2025-04-02T11:14:09.346+0000] {logging_mixin.py:190} INFO - [2025-04-02T11:14:09.346+0000] {dagbag.py:588} INFO - Filling up the DagBag from /home/airflow/.local/lib/python3.12/site-packages/airflow/example_dags/tutorial_taskflow_templates.py
[2025-04-02T11:14:09.360+0000] {processor.py:925} INFO - DAG(s) 'tutorial_taskflow_templates' retrieved from /home/airflow/.local/lib/python3.12/site-packages/airflow/example_dags/tutorial_taskflow_templates.py
[2025-04-02T11:14:09.382+0000] {logging_mixin.py:190} INFO - [2025-04-02T11:14:09.382+0000] {dag.py:3239} INFO - Sync 1 DAGs
[2025-04-02T11:14:09.404+0000] {logging_mixin.py:190} INFO - [2025-04-02T11:14:09.404+0000] {dag.py:4180} INFO - Setting next_dagrun for tutorial_taskflow_templates to 2025-04-01 00:00:00+00:00, run_after=2025-04-02 00:00:00+00:00
[2025-04-02T11:14:09.422+0000] {processor.py:208} INFO - Processing /home/airflow/.local/lib/python3.12/site-packages/airflow/example_dags/tutorial_taskflow_templates.py took 0.086 seconds
[2025-04-02T11:14:40.854+0000] {processor.py:186} INFO - Started process (PID=1459) to work on /home/airflow/.local/lib/python3.12/site-packages/airflow/example_dags/tutorial_taskflow_templates.py
[2025-04-02T11:14:40.856+0000] {processor.py:914} INFO - Processing file /home/airflow/.local/lib/python3.12/site-packages/airflow/example_dags/tutorial_taskflow_templates.py for tasks to queue
[2025-04-02T11:14:40.860+0000] {logging_mixin.py:190} INFO - [2025-04-02T11:14:40.859+0000] {dagbag.py:588} INFO - Filling up the DagBag from /home/airflow/.local/lib/python3.12/site-packages/airflow/example_dags/tutorial_taskflow_templates.py
[2025-04-02T11:14:40.876+0000] {processor.py:925} INFO - DAG(s) 'tutorial_taskflow_templates' retrieved from /home/airflow/.local/lib/python3.12/site-packages/airflow/example_dags/tutorial_taskflow_templates.py
[2025-04-02T11:14:40.902+0000] {logging_mixin.py:190} INFO - [2025-04-02T11:14:40.902+0000] {dag.py:3239} INFO - Sync 1 DAGs
[2025-04-02T11:14:40.930+0000] {logging_mixin.py:190} INFO - [2025-04-02T11:14:40.930+0000] {dag.py:4180} INFO - Setting next_dagrun for tutorial_taskflow_templates to 2025-04-01 00:00:00+00:00, run_after=2025-04-02 00:00:00+00:00
[2025-04-02T11:14:40.973+0000] {processor.py:208} INFO - Processing /home/airflow/.local/lib/python3.12/site-packages/airflow/example_dags/tutorial_taskflow_templates.py took 0.126 seconds
[2025-04-02T11:15:11.987+0000] {processor.py:186} INFO - Started process (PID=1524) to work on /home/airflow/.local/lib/python3.12/site-packages/airflow/example_dags/tutorial_taskflow_templates.py
[2025-04-02T11:15:11.989+0000] {processor.py:914} INFO - Processing file /home/airflow/.local/lib/python3.12/site-packages/airflow/example_dags/tutorial_taskflow_templates.py for tasks to queue
[2025-04-02T11:15:11.992+0000] {logging_mixin.py:190} INFO - [2025-04-02T11:15:11.991+0000] {dagbag.py:588} INFO - Filling up the DagBag from /home/airflow/.local/lib/python3.12/site-packages/airflow/example_dags/tutorial_taskflow_templates.py
[2025-04-02T11:15:12.004+0000] {processor.py:925} INFO - DAG(s) 'tutorial_taskflow_templates' retrieved from /home/airflow/.local/lib/python3.12/site-packages/airflow/example_dags/tutorial_taskflow_templates.py
[2025-04-02T11:15:12.026+0000] {logging_mixin.py:190} INFO - [2025-04-02T11:15:12.026+0000] {dag.py:3239} INFO - Sync 1 DAGs
[2025-04-02T11:15:12.054+0000] {logging_mixin.py:190} INFO - [2025-04-02T11:15:12.054+0000] {dag.py:4180} INFO - Setting next_dagrun for tutorial_taskflow_templates to 2025-04-01 00:00:00+00:00, run_after=2025-04-02 00:00:00+00:00
[2025-04-02T11:15:12.076+0000] {processor.py:208} INFO - Processing /home/airflow/.local/lib/python3.12/site-packages/airflow/example_dags/tutorial_taskflow_templates.py took 0.094 seconds
[2025-04-02T11:15:43.560+0000] {processor.py:186} INFO - Started process (PID=1589) to work on /home/airflow/.local/lib/python3.12/site-packages/airflow/example_dags/tutorial_taskflow_templates.py
[2025-04-02T11:15:43.562+0000] {processor.py:914} INFO - Processing file /home/airflow/.local/lib/python3.12/site-packages/airflow/example_dags/tutorial_taskflow_templates.py for tasks to queue
[2025-04-02T11:15:43.566+0000] {logging_mixin.py:190} INFO - [2025-04-02T11:15:43.565+0000] {dagbag.py:588} INFO - Filling up the DagBag from /home/airflow/.local/lib/python3.12/site-packages/airflow/example_dags/tutorial_taskflow_templates.py
[2025-04-02T11:15:43.580+0000] {processor.py:925} INFO - DAG(s) 'tutorial_taskflow_templates' retrieved from /home/airflow/.local/lib/python3.12/site-packages/airflow/example_dags/tutorial_taskflow_templates.py
[2025-04-02T11:15:43.623+0000] {logging_mixin.py:190} INFO - [2025-04-02T11:15:43.623+0000] {dag.py:3239} INFO - Sync 1 DAGs
[2025-04-02T11:15:43.658+0000] {logging_mixin.py:190} INFO - [2025-04-02T11:15:43.657+0000] {dag.py:4180} INFO - Setting next_dagrun for tutorial_taskflow_templates to 2025-04-01 00:00:00+00:00, run_after=2025-04-02 00:00:00+00:00
[2025-04-02T11:15:43.688+0000] {processor.py:208} INFO - Processing /home/airflow/.local/lib/python3.12/site-packages/airflow/example_dags/tutorial_taskflow_templates.py took 0.141 seconds
[2025-04-02T11:16:13.863+0000] {processor.py:186} INFO - Started process (PID=1654) to work on /home/airflow/.local/lib/python3.12/site-packages/airflow/example_dags/tutorial_taskflow_templates.py
[2025-04-02T11:16:13.864+0000] {processor.py:914} INFO - Processing file /home/airflow/.local/lib/python3.12/site-packages/airflow/example_dags/tutorial_taskflow_templates.py for tasks to queue
[2025-04-02T11:16:13.867+0000] {logging_mixin.py:190} INFO - [2025-04-02T11:16:13.867+0000] {dagbag.py:588} INFO - Filling up the DagBag from /home/airflow/.local/lib/python3.12/site-packages/airflow/example_dags/tutorial_taskflow_templates.py
[2025-04-02T11:16:13.878+0000] {processor.py:925} INFO - DAG(s) 'tutorial_taskflow_templates' retrieved from /home/airflow/.local/lib/python3.12/site-packages/airflow/example_dags/tutorial_taskflow_templates.py
[2025-04-02T11:16:13.897+0000] {logging_mixin.py:190} INFO - [2025-04-02T11:16:13.897+0000] {dag.py:3239} INFO - Sync 1 DAGs
[2025-04-02T11:16:13.917+0000] {logging_mixin.py:190} INFO - [2025-04-02T11:16:13.917+0000] {dag.py:4180} INFO - Setting next_dagrun for tutorial_taskflow_templates to 2025-04-01 00:00:00+00:00, run_after=2025-04-02 00:00:00+00:00
[2025-04-02T11:16:13.936+0000] {processor.py:208} INFO - Processing /home/airflow/.local/lib/python3.12/site-packages/airflow/example_dags/tutorial_taskflow_templates.py took 0.078 seconds
[2025-04-02T11:16:44.731+0000] {processor.py:186} INFO - Started process (PID=1719) to work on /home/airflow/.local/lib/python3.12/site-packages/airflow/example_dags/tutorial_taskflow_templates.py
[2025-04-02T11:16:44.733+0000] {processor.py:914} INFO - Processing file /home/airflow/.local/lib/python3.12/site-packages/airflow/example_dags/tutorial_taskflow_templates.py for tasks to queue
[2025-04-02T11:16:44.736+0000] {logging_mixin.py:190} INFO - [2025-04-02T11:16:44.735+0000] {dagbag.py:588} INFO - Filling up the DagBag from /home/airflow/.local/lib/python3.12/site-packages/airflow/example_dags/tutorial_taskflow_templates.py
[2025-04-02T11:16:44.748+0000] {processor.py:925} INFO - DAG(s) 'tutorial_taskflow_templates' retrieved from /home/airflow/.local/lib/python3.12/site-packages/airflow/example_dags/tutorial_taskflow_templates.py
[2025-04-02T11:16:44.769+0000] {logging_mixin.py:190} INFO - [2025-04-02T11:16:44.769+0000] {dag.py:3239} INFO - Sync 1 DAGs
[2025-04-02T11:16:44.790+0000] {logging_mixin.py:190} INFO - [2025-04-02T11:16:44.790+0000] {dag.py:4180} INFO - Setting next_dagrun for tutorial_taskflow_templates to 2025-04-01 00:00:00+00:00, run_after=2025-04-02 00:00:00+00:00
[2025-04-02T11:16:44.811+0000] {processor.py:208} INFO - Processing /home/airflow/.local/lib/python3.12/site-packages/airflow/example_dags/tutorial_taskflow_templates.py took 0.090 seconds
[2025-04-02T11:17:15.682+0000] {processor.py:186} INFO - Started process (PID=1784) to work on /home/airflow/.local/lib/python3.12/site-packages/airflow/example_dags/tutorial_taskflow_templates.py
[2025-04-02T11:17:15.684+0000] {processor.py:914} INFO - Processing file /home/airflow/.local/lib/python3.12/site-packages/airflow/example_dags/tutorial_taskflow_templates.py for tasks to queue
[2025-04-02T11:17:15.687+0000] {logging_mixin.py:190} INFO - [2025-04-02T11:17:15.687+0000] {dagbag.py:588} INFO - Filling up the DagBag from /home/airflow/.local/lib/python3.12/site-packages/airflow/example_dags/tutorial_taskflow_templates.py
[2025-04-02T11:17:15.700+0000] {processor.py:925} INFO - DAG(s) 'tutorial_taskflow_templates' retrieved from /home/airflow/.local/lib/python3.12/site-packages/airflow/example_dags/tutorial_taskflow_templates.py
[2025-04-02T11:17:15.726+0000] {logging_mixin.py:190} INFO - [2025-04-02T11:17:15.726+0000] {dag.py:3239} INFO - Sync 1 DAGs
[2025-04-02T11:17:15.750+0000] {logging_mixin.py:190} INFO - [2025-04-02T11:17:15.750+0000] {dag.py:4180} INFO - Setting next_dagrun for tutorial_taskflow_templates to 2025-04-01 00:00:00+00:00, run_after=2025-04-02 00:00:00+00:00
[2025-04-02T11:17:15.770+0000] {processor.py:208} INFO - Processing /home/airflow/.local/lib/python3.12/site-packages/airflow/example_dags/tutorial_taskflow_templates.py took 0.094 seconds
[2025-04-02T11:17:47.552+0000] {processor.py:186} INFO - Started process (PID=1849) to work on /home/airflow/.local/lib/python3.12/site-packages/airflow/example_dags/tutorial_taskflow_templates.py
[2025-04-02T11:17:47.553+0000] {processor.py:914} INFO - Processing file /home/airflow/.local/lib/python3.12/site-packages/airflow/example_dags/tutorial_taskflow_templates.py for tasks to queue
[2025-04-02T11:17:47.557+0000] {logging_mixin.py:190} INFO - [2025-04-02T11:17:47.556+0000] {dagbag.py:588} INFO - Filling up the DagBag from /home/airflow/.local/lib/python3.12/site-packages/airflow/example_dags/tutorial_taskflow_templates.py
[2025-04-02T11:17:47.567+0000] {processor.py:925} INFO - DAG(s) 'tutorial_taskflow_templates' retrieved from /home/airflow/.local/lib/python3.12/site-packages/airflow/example_dags/tutorial_taskflow_templates.py
[2025-04-02T11:17:47.588+0000] {logging_mixin.py:190} INFO - [2025-04-02T11:17:47.588+0000] {dag.py:3239} INFO - Sync 1 DAGs
[2025-04-02T11:17:47.610+0000] {logging_mixin.py:190} INFO - [2025-04-02T11:17:47.609+0000] {dag.py:4180} INFO - Setting next_dagrun for tutorial_taskflow_templates to 2025-04-01 00:00:00+00:00, run_after=2025-04-02 00:00:00+00:00
[2025-04-02T11:17:47.630+0000] {processor.py:208} INFO - Processing /home/airflow/.local/lib/python3.12/site-packages/airflow/example_dags/tutorial_taskflow_templates.py took 0.083 seconds
[2025-04-02T11:18:18.762+0000] {processor.py:186} INFO - Started process (PID=1914) to work on /home/airflow/.local/lib/python3.12/site-packages/airflow/example_dags/tutorial_taskflow_templates.py
[2025-04-02T11:18:18.764+0000] {processor.py:914} INFO - Processing file /home/airflow/.local/lib/python3.12/site-packages/airflow/example_dags/tutorial_taskflow_templates.py for tasks to queue
[2025-04-02T11:18:18.766+0000] {logging_mixin.py:190} INFO - [2025-04-02T11:18:18.766+0000] {dagbag.py:588} INFO - Filling up the DagBag from /home/airflow/.local/lib/python3.12/site-packages/airflow/example_dags/tutorial_taskflow_templates.py
[2025-04-02T11:18:18.778+0000] {processor.py:925} INFO - DAG(s) 'tutorial_taskflow_templates' retrieved from /home/airflow/.local/lib/python3.12/site-packages/airflow/example_dags/tutorial_taskflow_templates.py
[2025-04-02T11:18:18.800+0000] {logging_mixin.py:190} INFO - [2025-04-02T11:18:18.800+0000] {dag.py:3239} INFO - Sync 1 DAGs
[2025-04-02T11:18:18.820+0000] {logging_mixin.py:190} INFO - [2025-04-02T11:18:18.820+0000] {dag.py:4180} INFO - Setting next_dagrun for tutorial_taskflow_templates to 2025-04-01 00:00:00+00:00, run_after=2025-04-02 00:00:00+00:00
[2025-04-02T11:18:18.843+0000] {processor.py:208} INFO - Processing /home/airflow/.local/lib/python3.12/site-packages/airflow/example_dags/tutorial_taskflow_templates.py took 0.086 seconds
[2025-04-02T11:18:49.473+0000] {processor.py:186} INFO - Started process (PID=1979) to work on /home/airflow/.local/lib/python3.12/site-packages/airflow/example_dags/tutorial_taskflow_templates.py
[2025-04-02T11:18:49.474+0000] {processor.py:914} INFO - Processing file /home/airflow/.local/lib/python3.12/site-packages/airflow/example_dags/tutorial_taskflow_templates.py for tasks to queue
[2025-04-02T11:18:49.477+0000] {logging_mixin.py:190} INFO - [2025-04-02T11:18:49.477+0000] {dagbag.py:588} INFO - Filling up the DagBag from /home/airflow/.local/lib/python3.12/site-packages/airflow/example_dags/tutorial_taskflow_templates.py
[2025-04-02T11:18:49.488+0000] {processor.py:925} INFO - DAG(s) 'tutorial_taskflow_templates' retrieved from /home/airflow/.local/lib/python3.12/site-packages/airflow/example_dags/tutorial_taskflow_templates.py
[2025-04-02T11:18:49.510+0000] {logging_mixin.py:190} INFO - [2025-04-02T11:18:49.510+0000] {dag.py:3239} INFO - Sync 1 DAGs
[2025-04-02T11:18:49.532+0000] {logging_mixin.py:190} INFO - [2025-04-02T11:18:49.532+0000] {dag.py:4180} INFO - Setting next_dagrun for tutorial_taskflow_templates to 2025-04-01 00:00:00+00:00, run_after=2025-04-02 00:00:00+00:00
[2025-04-02T11:18:49.552+0000] {processor.py:208} INFO - Processing /home/airflow/.local/lib/python3.12/site-packages/airflow/example_dags/tutorial_taskflow_templates.py took 0.085 seconds
[2025-04-02T11:19:20.495+0000] {processor.py:186} INFO - Started process (PID=2045) to work on /home/airflow/.local/lib/python3.12/site-packages/airflow/example_dags/tutorial_taskflow_templates.py
[2025-04-02T11:19:20.498+0000] {processor.py:914} INFO - Processing file /home/airflow/.local/lib/python3.12/site-packages/airflow/example_dags/tutorial_taskflow_templates.py for tasks to queue
[2025-04-02T11:19:20.503+0000] {logging_mixin.py:190} INFO - [2025-04-02T11:19:20.503+0000] {dagbag.py:588} INFO - Filling up the DagBag from /home/airflow/.local/lib/python3.12/site-packages/airflow/example_dags/tutorial_taskflow_templates.py
[2025-04-02T11:19:20.528+0000] {processor.py:925} INFO - DAG(s) 'tutorial_taskflow_templates' retrieved from /home/airflow/.local/lib/python3.12/site-packages/airflow/example_dags/tutorial_taskflow_templates.py
[2025-04-02T11:19:20.552+0000] {logging_mixin.py:190} INFO - [2025-04-02T11:19:20.552+0000] {dag.py:3239} INFO - Sync 1 DAGs
[2025-04-02T11:19:20.579+0000] {logging_mixin.py:190} INFO - [2025-04-02T11:19:20.578+0000] {dag.py:4180} INFO - Setting next_dagrun for tutorial_taskflow_templates to 2025-04-01 00:00:00+00:00, run_after=2025-04-02 00:00:00+00:00
[2025-04-02T11:19:20.598+0000] {processor.py:208} INFO - Processing /home/airflow/.local/lib/python3.12/site-packages/airflow/example_dags/tutorial_taskflow_templates.py took 0.111 seconds
[2025-04-02T11:19:51.380+0000] {processor.py:186} INFO - Started process (PID=2116) to work on /home/airflow/.local/lib/python3.12/site-packages/airflow/example_dags/tutorial_taskflow_templates.py
[2025-04-02T11:19:51.382+0000] {processor.py:914} INFO - Processing file /home/airflow/.local/lib/python3.12/site-packages/airflow/example_dags/tutorial_taskflow_templates.py for tasks to queue
[2025-04-02T11:19:51.384+0000] {logging_mixin.py:190} INFO - [2025-04-02T11:19:51.384+0000] {dagbag.py:588} INFO - Filling up the DagBag from /home/airflow/.local/lib/python3.12/site-packages/airflow/example_dags/tutorial_taskflow_templates.py
[2025-04-02T11:19:51.398+0000] {processor.py:925} INFO - DAG(s) 'tutorial_taskflow_templates' retrieved from /home/airflow/.local/lib/python3.12/site-packages/airflow/example_dags/tutorial_taskflow_templates.py
[2025-04-02T11:19:51.425+0000] {logging_mixin.py:190} INFO - [2025-04-02T11:19:51.425+0000] {dag.py:3239} INFO - Sync 1 DAGs
[2025-04-02T11:19:51.449+0000] {logging_mixin.py:190} INFO - [2025-04-02T11:19:51.449+0000] {dag.py:4180} INFO - Setting next_dagrun for tutorial_taskflow_templates to 2025-04-01 00:00:00+00:00, run_after=2025-04-02 00:00:00+00:00
[2025-04-02T11:19:51.472+0000] {processor.py:208} INFO - Processing /home/airflow/.local/lib/python3.12/site-packages/airflow/example_dags/tutorial_taskflow_templates.py took 0.097 seconds
[2025-04-02T11:20:22.678+0000] {processor.py:186} INFO - Started process (PID=2181) to work on /home/airflow/.local/lib/python3.12/site-packages/airflow/example_dags/tutorial_taskflow_templates.py
[2025-04-02T11:20:22.680+0000] {processor.py:914} INFO - Processing file /home/airflow/.local/lib/python3.12/site-packages/airflow/example_dags/tutorial_taskflow_templates.py for tasks to queue
[2025-04-02T11:20:22.683+0000] {logging_mixin.py:190} INFO - [2025-04-02T11:20:22.682+0000] {dagbag.py:588} INFO - Filling up the DagBag from /home/airflow/.local/lib/python3.12/site-packages/airflow/example_dags/tutorial_taskflow_templates.py
[2025-04-02T11:20:22.699+0000] {processor.py:925} INFO - DAG(s) 'tutorial_taskflow_templates' retrieved from /home/airflow/.local/lib/python3.12/site-packages/airflow/example_dags/tutorial_taskflow_templates.py
[2025-04-02T11:20:22.718+0000] {logging_mixin.py:190} INFO - [2025-04-02T11:20:22.718+0000] {dag.py:3239} INFO - Sync 1 DAGs
[2025-04-02T11:20:22.739+0000] {logging_mixin.py:190} INFO - [2025-04-02T11:20:22.738+0000] {dag.py:4180} INFO - Setting next_dagrun for tutorial_taskflow_templates to 2025-04-01 00:00:00+00:00, run_after=2025-04-02 00:00:00+00:00
[2025-04-02T11:20:22.757+0000] {processor.py:208} INFO - Processing /home/airflow/.local/lib/python3.12/site-packages/airflow/example_dags/tutorial_taskflow_templates.py took 0.084 seconds
[2025-04-02T11:20:53.831+0000] {processor.py:186} INFO - Started process (PID=2247) to work on /home/airflow/.local/lib/python3.12/site-packages/airflow/example_dags/tutorial_taskflow_templates.py
[2025-04-02T11:20:53.832+0000] {processor.py:914} INFO - Processing file /home/airflow/.local/lib/python3.12/site-packages/airflow/example_dags/tutorial_taskflow_templates.py for tasks to queue
[2025-04-02T11:20:53.835+0000] {logging_mixin.py:190} INFO - [2025-04-02T11:20:53.835+0000] {dagbag.py:588} INFO - Filling up the DagBag from /home/airflow/.local/lib/python3.12/site-packages/airflow/example_dags/tutorial_taskflow_templates.py
[2025-04-02T11:20:53.846+0000] {processor.py:925} INFO - DAG(s) 'tutorial_taskflow_templates' retrieved from /home/airflow/.local/lib/python3.12/site-packages/airflow/example_dags/tutorial_taskflow_templates.py
[2025-04-02T11:20:53.877+0000] {logging_mixin.py:190} INFO - [2025-04-02T11:20:53.877+0000] {dag.py:3239} INFO - Sync 1 DAGs
[2025-04-02T11:20:53.902+0000] {logging_mixin.py:190} INFO - [2025-04-02T11:20:53.902+0000] {dag.py:4180} INFO - Setting next_dagrun for tutorial_taskflow_templates to 2025-04-01 00:00:00+00:00, run_after=2025-04-02 00:00:00+00:00
[2025-04-02T11:20:53.921+0000] {processor.py:208} INFO - Processing /home/airflow/.local/lib/python3.12/site-packages/airflow/example_dags/tutorial_taskflow_templates.py took 0.095 seconds
[2025-04-02T11:21:25.381+0000] {processor.py:186} INFO - Started process (PID=2312) to work on /home/airflow/.local/lib/python3.12/site-packages/airflow/example_dags/tutorial_taskflow_templates.py
[2025-04-02T11:21:25.383+0000] {processor.py:914} INFO - Processing file /home/airflow/.local/lib/python3.12/site-packages/airflow/example_dags/tutorial_taskflow_templates.py for tasks to queue
[2025-04-02T11:21:25.386+0000] {logging_mixin.py:190} INFO - [2025-04-02T11:21:25.386+0000] {dagbag.py:588} INFO - Filling up the DagBag from /home/airflow/.local/lib/python3.12/site-packages/airflow/example_dags/tutorial_taskflow_templates.py
[2025-04-02T11:21:25.405+0000] {processor.py:925} INFO - DAG(s) 'tutorial_taskflow_templates' retrieved from /home/airflow/.local/lib/python3.12/site-packages/airflow/example_dags/tutorial_taskflow_templates.py
[2025-04-02T11:21:25.429+0000] {logging_mixin.py:190} INFO - [2025-04-02T11:21:25.428+0000] {dag.py:3239} INFO - Sync 1 DAGs
[2025-04-02T11:21:25.462+0000] {logging_mixin.py:190} INFO - [2025-04-02T11:21:25.461+0000] {dag.py:4180} INFO - Setting next_dagrun for tutorial_taskflow_templates to 2025-04-01 00:00:00+00:00, run_after=2025-04-02 00:00:00+00:00
[2025-04-02T11:21:25.492+0000] {processor.py:208} INFO - Processing /home/airflow/.local/lib/python3.12/site-packages/airflow/example_dags/tutorial_taskflow_templates.py took 0.119 seconds
[2025-04-02T11:21:56.042+0000] {processor.py:186} INFO - Started process (PID=2377) to work on /home/airflow/.local/lib/python3.12/site-packages/airflow/example_dags/tutorial_taskflow_templates.py
[2025-04-02T11:21:56.044+0000] {processor.py:914} INFO - Processing file /home/airflow/.local/lib/python3.12/site-packages/airflow/example_dags/tutorial_taskflow_templates.py for tasks to queue
[2025-04-02T11:21:56.047+0000] {logging_mixin.py:190} INFO - [2025-04-02T11:21:56.046+0000] {dagbag.py:588} INFO - Filling up the DagBag from /home/airflow/.local/lib/python3.12/site-packages/airflow/example_dags/tutorial_taskflow_templates.py
[2025-04-02T11:21:56.059+0000] {processor.py:925} INFO - DAG(s) 'tutorial_taskflow_templates' retrieved from /home/airflow/.local/lib/python3.12/site-packages/airflow/example_dags/tutorial_taskflow_templates.py
[2025-04-02T11:21:56.081+0000] {logging_mixin.py:190} INFO - [2025-04-02T11:21:56.081+0000] {dag.py:3239} INFO - Sync 1 DAGs
[2025-04-02T11:21:56.104+0000] {logging_mixin.py:190} INFO - [2025-04-02T11:21:56.103+0000] {dag.py:4180} INFO - Setting next_dagrun for tutorial_taskflow_templates to 2025-04-01 00:00:00+00:00, run_after=2025-04-02 00:00:00+00:00
[2025-04-02T11:21:56.124+0000] {processor.py:208} INFO - Processing /home/airflow/.local/lib/python3.12/site-packages/airflow/example_dags/tutorial_taskflow_templates.py took 0.088 seconds
[2025-04-02T11:22:27.234+0000] {processor.py:186} INFO - Started process (PID=2443) to work on /home/airflow/.local/lib/python3.12/site-packages/airflow/example_dags/tutorial_taskflow_templates.py
[2025-04-02T11:22:27.236+0000] {processor.py:914} INFO - Processing file /home/airflow/.local/lib/python3.12/site-packages/airflow/example_dags/tutorial_taskflow_templates.py for tasks to queue
[2025-04-02T11:22:27.239+0000] {logging_mixin.py:190} INFO - [2025-04-02T11:22:27.239+0000] {dagbag.py:588} INFO - Filling up the DagBag from /home/airflow/.local/lib/python3.12/site-packages/airflow/example_dags/tutorial_taskflow_templates.py
[2025-04-02T11:22:27.253+0000] {processor.py:925} INFO - DAG(s) 'tutorial_taskflow_templates' retrieved from /home/airflow/.local/lib/python3.12/site-packages/airflow/example_dags/tutorial_taskflow_templates.py
[2025-04-02T11:22:27.283+0000] {logging_mixin.py:190} INFO - [2025-04-02T11:22:27.283+0000] {dag.py:3239} INFO - Sync 1 DAGs
[2025-04-02T11:22:27.307+0000] {logging_mixin.py:190} INFO - [2025-04-02T11:22:27.307+0000] {dag.py:4180} INFO - Setting next_dagrun for tutorial_taskflow_templates to 2025-04-01 00:00:00+00:00, run_after=2025-04-02 00:00:00+00:00
[2025-04-02T11:22:27.332+0000] {processor.py:208} INFO - Processing /home/airflow/.local/lib/python3.12/site-packages/airflow/example_dags/tutorial_taskflow_templates.py took 0.103 seconds
[2025-04-02T11:22:58.606+0000] {processor.py:186} INFO - Started process (PID=2508) to work on /home/airflow/.local/lib/python3.12/site-packages/airflow/example_dags/tutorial_taskflow_templates.py
[2025-04-02T11:22:58.608+0000] {processor.py:914} INFO - Processing file /home/airflow/.local/lib/python3.12/site-packages/airflow/example_dags/tutorial_taskflow_templates.py for tasks to queue
[2025-04-02T11:22:58.611+0000] {logging_mixin.py:190} INFO - [2025-04-02T11:22:58.610+0000] {dagbag.py:588} INFO - Filling up the DagBag from /home/airflow/.local/lib/python3.12/site-packages/airflow/example_dags/tutorial_taskflow_templates.py
[2025-04-02T11:22:58.626+0000] {processor.py:925} INFO - DAG(s) 'tutorial_taskflow_templates' retrieved from /home/airflow/.local/lib/python3.12/site-packages/airflow/example_dags/tutorial_taskflow_templates.py
[2025-04-02T11:22:58.650+0000] {logging_mixin.py:190} INFO - [2025-04-02T11:22:58.650+0000] {dag.py:3239} INFO - Sync 1 DAGs
[2025-04-02T11:22:58.671+0000] {logging_mixin.py:190} INFO - [2025-04-02T11:22:58.671+0000] {dag.py:4180} INFO - Setting next_dagrun for tutorial_taskflow_templates to 2025-04-01 00:00:00+00:00, run_after=2025-04-02 00:00:00+00:00
[2025-04-02T11:22:58.692+0000] {processor.py:208} INFO - Processing /home/airflow/.local/lib/python3.12/site-packages/airflow/example_dags/tutorial_taskflow_templates.py took 0.091 seconds
[2025-04-02T11:23:30.712+0000] {processor.py:186} INFO - Started process (PID=2573) to work on /home/airflow/.local/lib/python3.12/site-packages/airflow/example_dags/tutorial_taskflow_templates.py
[2025-04-02T11:23:30.715+0000] {processor.py:914} INFO - Processing file /home/airflow/.local/lib/python3.12/site-packages/airflow/example_dags/tutorial_taskflow_templates.py for tasks to queue
[2025-04-02T11:23:30.719+0000] {logging_mixin.py:190} INFO - [2025-04-02T11:23:30.719+0000] {dagbag.py:588} INFO - Filling up the DagBag from /home/airflow/.local/lib/python3.12/site-packages/airflow/example_dags/tutorial_taskflow_templates.py
[2025-04-02T11:23:30.733+0000] {processor.py:925} INFO - DAG(s) 'tutorial_taskflow_templates' retrieved from /home/airflow/.local/lib/python3.12/site-packages/airflow/example_dags/tutorial_taskflow_templates.py
[2025-04-02T11:23:30.766+0000] {logging_mixin.py:190} INFO - [2025-04-02T11:23:30.766+0000] {dag.py:3239} INFO - Sync 1 DAGs
[2025-04-02T11:23:30.791+0000] {logging_mixin.py:190} INFO - [2025-04-02T11:23:30.791+0000] {dag.py:4180} INFO - Setting next_dagrun for tutorial_taskflow_templates to 2025-04-01 00:00:00+00:00, run_after=2025-04-02 00:00:00+00:00
[2025-04-02T11:23:30.817+0000] {processor.py:208} INFO - Processing /home/airflow/.local/lib/python3.12/site-packages/airflow/example_dags/tutorial_taskflow_templates.py took 0.110 seconds
