[2025-03-27T11:21:02.522+0000] {local_task_job_runner.py:123} INFO - ::group::Pre task execution logs
[2025-03-27T11:21:02.548+0000] {taskinstance.py:2614} INFO - Dependencies all met for dep_context=non-requeueable deps ti=<TaskInstance: dataset_consumes_1_never_scheduled.consuming_3 manual__2025-03-27T11:20:56.820605+00:00 [queued]>
[2025-03-27T11:21:02.560+0000] {taskinstance.py:2614} INFO - Dependencies all met for dep_context=requeueable deps ti=<TaskInstance: dataset_consumes_1_never_scheduled.consuming_3 manual__2025-03-27T11:20:56.820605+00:00 [queued]>
[2025-03-27T11:21:02.562+0000] {taskinstance.py:2867} INFO - Starting attempt 1 of 1
[2025-03-27T11:21:02.580+0000] {taskinstance.py:2890} INFO - Executing <Task(BashOperator): consuming_3> on 2025-03-27 11:20:56.820605+00:00
[2025-03-27T11:21:02.591+0000] {warnings.py:112} WARNING - /home/***/.local/lib/python3.12/site-packages/***/task/task_runner/standard_task_runner.py:70: DeprecationWarning: This process (pid=269) is multi-threaded, use of fork() may lead to deadlocks in the child.
  pid = os.fork()

[2025-03-27T11:21:02.594+0000] {standard_task_runner.py:72} INFO - Started process 271 to run task
[2025-03-27T11:21:02.597+0000] {standard_task_runner.py:104} INFO - Running: ['***', 'tasks', 'run', 'dataset_consumes_1_never_scheduled', 'consuming_3', 'manual__2025-03-27T11:20:56.820605+00:00', '--job-id', '3', '--raw', '--subdir', '/home/***/.local/lib/python3.12/site-packages/***/example_dags/example_datasets.py', '--cfg-path', '/tmp/tmpw8dopxof']
[2025-03-27T11:21:02.600+0000] {standard_task_runner.py:105} INFO - Job 3: Subtask consuming_3
[2025-03-27T11:21:02.686+0000] {task_command.py:467} INFO - Running <TaskInstance: dataset_consumes_1_never_scheduled.consuming_3 manual__2025-03-27T11:20:56.820605+00:00 [running]> on host b186a2aa132c
[2025-03-27T11:21:03.316+0000] {taskinstance.py:3134} INFO - Exporting env vars: AIRFLOW_CTX_DAG_OWNER='***' AIRFLOW_CTX_DAG_ID='dataset_consumes_1_never_scheduled' AIRFLOW_CTX_TASK_ID='consuming_3' AIRFLOW_CTX_EXECUTION_DATE='2025-03-27T11:20:56.820605+00:00' AIRFLOW_CTX_TRY_NUMBER='1' AIRFLOW_CTX_DAG_RUN_ID='manual__2025-03-27T11:20:56.820605+00:00'
[2025-03-27T11:21:03.319+0000] {logging_mixin.py:190} INFO - Task instance is in running state
[2025-03-27T11:21:03.321+0000] {logging_mixin.py:190} INFO -  Previous state of the Task instance: queued
[2025-03-27T11:21:03.322+0000] {logging_mixin.py:190} INFO - Current task name:consuming_3 state:running start_date:2025-03-27 11:21:02.550093+00:00
[2025-03-27T11:21:03.324+0000] {logging_mixin.py:190} INFO - Dag name:dataset_consumes_1_never_scheduled and current dag run status:running
[2025-03-27T11:21:03.325+0000] {taskinstance.py:732} INFO - ::endgroup::
[2025-03-27T11:21:03.328+0000] {subprocess.py:78} INFO - Tmp dir root location: /tmp
[2025-03-27T11:21:03.331+0000] {subprocess.py:88} INFO - Running command: ['/usr/bin/bash', '-c', 'sleep 5']
[2025-03-27T11:21:03.360+0000] {subprocess.py:99} INFO - Output:
[2025-03-27T11:21:08.376+0000] {subprocess.py:110} INFO - Command exited with return code 0
[2025-03-27T11:21:08.439+0000] {taskinstance.py:341} INFO - ::group::Post task execution logs
[2025-03-27T11:21:08.440+0000] {taskinstance.py:353} INFO - Marking task as SUCCESS. dag_id=dataset_consumes_1_never_scheduled, task_id=consuming_3, run_id=manual__2025-03-27T11:20:56.820605+00:00, execution_date=20250327T112056, start_date=20250327T112102, end_date=20250327T112108
[2025-03-27T11:21:08.497+0000] {logging_mixin.py:190} INFO - Task instance in success state
[2025-03-27T11:21:08.498+0000] {logging_mixin.py:190} INFO -  Previous state of the Task instance: running
[2025-03-27T11:21:08.500+0000] {logging_mixin.py:190} INFO - Dag name:dataset_consumes_1_never_scheduled queued_at:2025-03-27 11:20:56.836313+00:00
[2025-03-27T11:21:08.501+0000] {logging_mixin.py:190} INFO - Task hostname:b186a2aa132c operator:BashOperator
[2025-03-27T11:21:08.572+0000] {local_task_job_runner.py:266} INFO - Task exited with return code 0
[2025-03-27T11:21:08.783+0000] {taskinstance.py:3901} INFO - 0 downstream tasks scheduled from follow-on schedule check
[2025-03-27T11:21:08.787+0000] {local_task_job_runner.py:245} INFO - ::endgroup::
