[2025-04-01T18:14:20.548+0000] {processor.py:186} INFO - Started process (PID=1963) to work on /opt/airflow/dags/airflow_env/Scripts/pip3.exe
[2025-04-01T18:14:20.550+0000] {processor.py:914} INFO - Processing file /opt/airflow/dags/airflow_env/Scripts/pip3.exe for tasks to queue
[2025-04-01T18:14:20.553+0000] {logging_mixin.py:190} INFO - [2025-04-01T18:14:20.553+0000] {dagbag.py:588} INFO - Filling up the DagBag from /opt/airflow/dags/airflow_env/Scripts/pip3.exe
[2025-04-01T18:14:20.560+0000] {logging_mixin.py:190} INFO - [2025-04-01T18:14:20.560+0000] {dagbag.py:435} INFO - File /opt/airflow/dags/airflow_env/Scripts/pip3.exe:__main__.py assumed to contain no DAGs. Skipping.
[2025-04-01T18:14:20.562+0000] {processor.py:927} WARNING - No viable dags retrieved from /opt/airflow/dags/airflow_env/Scripts/pip3.exe
[2025-04-01T18:14:20.579+0000] {processor.py:208} INFO - Processing /opt/airflow/dags/airflow_env/Scripts/pip3.exe took 0.038 seconds
[2025-04-01T18:19:20.010+0000] {processor.py:186} INFO - Started process (PID=2615) to work on /opt/airflow/dags/airflow_env/Scripts/pip3.exe
[2025-04-01T18:19:20.012+0000] {processor.py:914} INFO - Processing file /opt/airflow/dags/airflow_env/Scripts/pip3.exe for tasks to queue
[2025-04-01T18:19:20.014+0000] {logging_mixin.py:190} INFO - [2025-04-01T18:19:20.014+0000] {dagbag.py:588} INFO - Filling up the DagBag from /opt/airflow/dags/airflow_env/Scripts/pip3.exe
[2025-04-01T18:19:20.021+0000] {logging_mixin.py:190} INFO - [2025-04-01T18:19:20.021+0000] {dagbag.py:435} INFO - File /opt/airflow/dags/airflow_env/Scripts/pip3.exe:__main__.py assumed to contain no DAGs. Skipping.
[2025-04-01T18:19:20.022+0000] {processor.py:927} WARNING - No viable dags retrieved from /opt/airflow/dags/airflow_env/Scripts/pip3.exe
[2025-04-01T18:19:20.044+0000] {processor.py:208} INFO - Processing /opt/airflow/dags/airflow_env/Scripts/pip3.exe took 0.040 seconds
[2025-04-01T18:19:51.039+0000] {processor.py:186} INFO - Started process (PID=2683) to work on /opt/airflow/dags/airflow_env/Scripts/pip3.exe
[2025-04-01T18:19:51.042+0000] {processor.py:914} INFO - Processing file /opt/airflow/dags/airflow_env/Scripts/pip3.exe for tasks to queue
[2025-04-01T18:19:51.046+0000] {logging_mixin.py:190} INFO - [2025-04-01T18:19:51.045+0000] {dagbag.py:588} INFO - Filling up the DagBag from /opt/airflow/dags/airflow_env/Scripts/pip3.exe
[2025-04-01T18:19:51.058+0000] {logging_mixin.py:190} INFO - [2025-04-01T18:19:51.057+0000] {dagbag.py:435} INFO - File /opt/airflow/dags/airflow_env/Scripts/pip3.exe:__main__.py assumed to contain no DAGs. Skipping.
[2025-04-01T18:19:51.060+0000] {processor.py:927} WARNING - No viable dags retrieved from /opt/airflow/dags/airflow_env/Scripts/pip3.exe
[2025-04-01T18:19:51.090+0000] {processor.py:208} INFO - Processing /opt/airflow/dags/airflow_env/Scripts/pip3.exe took 0.061 seconds
[2025-04-01T18:20:21.570+0000] {processor.py:186} INFO - Started process (PID=2751) to work on /opt/airflow/dags/airflow_env/Scripts/pip3.exe
[2025-04-01T18:20:21.573+0000] {processor.py:914} INFO - Processing file /opt/airflow/dags/airflow_env/Scripts/pip3.exe for tasks to queue
[2025-04-01T18:20:21.576+0000] {logging_mixin.py:190} INFO - [2025-04-01T18:20:21.575+0000] {dagbag.py:588} INFO - Filling up the DagBag from /opt/airflow/dags/airflow_env/Scripts/pip3.exe
[2025-04-01T18:20:21.588+0000] {logging_mixin.py:190} INFO - [2025-04-01T18:20:21.587+0000] {dagbag.py:435} INFO - File /opt/airflow/dags/airflow_env/Scripts/pip3.exe:__main__.py assumed to contain no DAGs. Skipping.
[2025-04-01T18:20:21.590+0000] {processor.py:927} WARNING - No viable dags retrieved from /opt/airflow/dags/airflow_env/Scripts/pip3.exe
[2025-04-01T18:20:21.617+0000] {processor.py:208} INFO - Processing /opt/airflow/dags/airflow_env/Scripts/pip3.exe took 0.053 seconds
[2025-04-01T18:20:52.099+0000] {processor.py:186} INFO - Started process (PID=2818) to work on /opt/airflow/dags/airflow_env/Scripts/pip3.exe
[2025-04-01T18:20:52.102+0000] {processor.py:914} INFO - Processing file /opt/airflow/dags/airflow_env/Scripts/pip3.exe for tasks to queue
[2025-04-01T18:20:52.108+0000] {logging_mixin.py:190} INFO - [2025-04-01T18:20:52.107+0000] {dagbag.py:588} INFO - Filling up the DagBag from /opt/airflow/dags/airflow_env/Scripts/pip3.exe
[2025-04-01T18:20:52.122+0000] {logging_mixin.py:190} INFO - [2025-04-01T18:20:52.121+0000] {dagbag.py:435} INFO - File /opt/airflow/dags/airflow_env/Scripts/pip3.exe:__main__.py assumed to contain no DAGs. Skipping.
[2025-04-01T18:20:52.124+0000] {processor.py:927} WARNING - No viable dags retrieved from /opt/airflow/dags/airflow_env/Scripts/pip3.exe
[2025-04-01T18:20:52.160+0000] {processor.py:208} INFO - Processing /opt/airflow/dags/airflow_env/Scripts/pip3.exe took 0.074 seconds
[2025-04-01T18:21:22.406+0000] {processor.py:186} INFO - Started process (PID=2886) to work on /opt/airflow/dags/airflow_env/Scripts/pip3.exe
[2025-04-01T18:21:22.409+0000] {processor.py:914} INFO - Processing file /opt/airflow/dags/airflow_env/Scripts/pip3.exe for tasks to queue
[2025-04-01T18:21:22.412+0000] {logging_mixin.py:190} INFO - [2025-04-01T18:21:22.411+0000] {dagbag.py:588} INFO - Filling up the DagBag from /opt/airflow/dags/airflow_env/Scripts/pip3.exe
[2025-04-01T18:21:22.422+0000] {logging_mixin.py:190} INFO - [2025-04-01T18:21:22.422+0000] {dagbag.py:435} INFO - File /opt/airflow/dags/airflow_env/Scripts/pip3.exe:__main__.py assumed to contain no DAGs. Skipping.
[2025-04-01T18:21:22.424+0000] {processor.py:927} WARNING - No viable dags retrieved from /opt/airflow/dags/airflow_env/Scripts/pip3.exe
[2025-04-01T18:21:22.451+0000] {processor.py:208} INFO - Processing /opt/airflow/dags/airflow_env/Scripts/pip3.exe took 0.056 seconds
[2025-04-01T18:21:52.672+0000] {processor.py:186} INFO - Started process (PID=2955) to work on /opt/airflow/dags/airflow_env/Scripts/pip3.exe
[2025-04-01T18:21:52.675+0000] {processor.py:914} INFO - Processing file /opt/airflow/dags/airflow_env/Scripts/pip3.exe for tasks to queue
[2025-04-01T18:21:52.679+0000] {logging_mixin.py:190} INFO - [2025-04-01T18:21:52.678+0000] {dagbag.py:588} INFO - Filling up the DagBag from /opt/airflow/dags/airflow_env/Scripts/pip3.exe
[2025-04-01T18:21:52.689+0000] {logging_mixin.py:190} INFO - [2025-04-01T18:21:52.689+0000] {dagbag.py:435} INFO - File /opt/airflow/dags/airflow_env/Scripts/pip3.exe:__main__.py assumed to contain no DAGs. Skipping.
[2025-04-01T18:21:52.692+0000] {processor.py:927} WARNING - No viable dags retrieved from /opt/airflow/dags/airflow_env/Scripts/pip3.exe
[2025-04-01T18:21:52.722+0000] {processor.py:208} INFO - Processing /opt/airflow/dags/airflow_env/Scripts/pip3.exe took 0.062 seconds
[2025-04-01T18:22:23.029+0000] {processor.py:186} INFO - Started process (PID=3023) to work on /opt/airflow/dags/airflow_env/Scripts/pip3.exe
[2025-04-01T18:22:23.032+0000] {processor.py:914} INFO - Processing file /opt/airflow/dags/airflow_env/Scripts/pip3.exe for tasks to queue
[2025-04-01T18:22:23.036+0000] {logging_mixin.py:190} INFO - [2025-04-01T18:22:23.035+0000] {dagbag.py:588} INFO - Filling up the DagBag from /opt/airflow/dags/airflow_env/Scripts/pip3.exe
[2025-04-01T18:22:23.047+0000] {logging_mixin.py:190} INFO - [2025-04-01T18:22:23.047+0000] {dagbag.py:435} INFO - File /opt/airflow/dags/airflow_env/Scripts/pip3.exe:__main__.py assumed to contain no DAGs. Skipping.
[2025-04-01T18:22:23.049+0000] {processor.py:927} WARNING - No viable dags retrieved from /opt/airflow/dags/airflow_env/Scripts/pip3.exe
[2025-04-01T18:22:23.076+0000] {processor.py:208} INFO - Processing /opt/airflow/dags/airflow_env/Scripts/pip3.exe took 0.058 seconds
[2025-04-01T18:22:53.378+0000] {processor.py:186} INFO - Started process (PID=3091) to work on /opt/airflow/dags/airflow_env/Scripts/pip3.exe
[2025-04-01T18:22:53.381+0000] {processor.py:914} INFO - Processing file /opt/airflow/dags/airflow_env/Scripts/pip3.exe for tasks to queue
[2025-04-01T18:22:53.385+0000] {logging_mixin.py:190} INFO - [2025-04-01T18:22:53.384+0000] {dagbag.py:588} INFO - Filling up the DagBag from /opt/airflow/dags/airflow_env/Scripts/pip3.exe
[2025-04-01T18:22:53.394+0000] {logging_mixin.py:190} INFO - [2025-04-01T18:22:53.393+0000] {dagbag.py:435} INFO - File /opt/airflow/dags/airflow_env/Scripts/pip3.exe:__main__.py assumed to contain no DAGs. Skipping.
[2025-04-01T18:22:53.397+0000] {processor.py:927} WARNING - No viable dags retrieved from /opt/airflow/dags/airflow_env/Scripts/pip3.exe
[2025-04-01T18:22:53.422+0000] {processor.py:208} INFO - Processing /opt/airflow/dags/airflow_env/Scripts/pip3.exe took 0.056 seconds
[2025-04-01T18:23:23.915+0000] {processor.py:186} INFO - Started process (PID=3159) to work on /opt/airflow/dags/airflow_env/Scripts/pip3.exe
[2025-04-01T18:23:23.919+0000] {processor.py:914} INFO - Processing file /opt/airflow/dags/airflow_env/Scripts/pip3.exe for tasks to queue
[2025-04-01T18:23:23.922+0000] {logging_mixin.py:190} INFO - [2025-04-01T18:23:23.922+0000] {dagbag.py:588} INFO - Filling up the DagBag from /opt/airflow/dags/airflow_env/Scripts/pip3.exe
[2025-04-01T18:23:23.934+0000] {logging_mixin.py:190} INFO - [2025-04-01T18:23:23.934+0000] {dagbag.py:435} INFO - File /opt/airflow/dags/airflow_env/Scripts/pip3.exe:__main__.py assumed to contain no DAGs. Skipping.
[2025-04-01T18:23:23.938+0000] {processor.py:927} WARNING - No viable dags retrieved from /opt/airflow/dags/airflow_env/Scripts/pip3.exe
[2025-04-01T18:23:23.980+0000] {processor.py:208} INFO - Processing /opt/airflow/dags/airflow_env/Scripts/pip3.exe took 0.084 seconds
[2025-04-01T18:23:54.207+0000] {processor.py:186} INFO - Started process (PID=3227) to work on /opt/airflow/dags/airflow_env/Scripts/pip3.exe
[2025-04-01T18:23:54.210+0000] {processor.py:914} INFO - Processing file /opt/airflow/dags/airflow_env/Scripts/pip3.exe for tasks to queue
[2025-04-01T18:23:54.213+0000] {logging_mixin.py:190} INFO - [2025-04-01T18:23:54.212+0000] {dagbag.py:588} INFO - Filling up the DagBag from /opt/airflow/dags/airflow_env/Scripts/pip3.exe
[2025-04-01T18:23:54.223+0000] {logging_mixin.py:190} INFO - [2025-04-01T18:23:54.222+0000] {dagbag.py:435} INFO - File /opt/airflow/dags/airflow_env/Scripts/pip3.exe:__main__.py assumed to contain no DAGs. Skipping.
[2025-04-01T18:23:54.228+0000] {processor.py:927} WARNING - No viable dags retrieved from /opt/airflow/dags/airflow_env/Scripts/pip3.exe
[2025-04-01T18:23:54.255+0000] {processor.py:208} INFO - Processing /opt/airflow/dags/airflow_env/Scripts/pip3.exe took 0.062 seconds
