[2025-04-01T18:14:20.548+0000] {processor.py:186} INFO - Started process (PID=1962) to work on /opt/airflow/dags/airflow_env/Scripts/pip3.12.exe
[2025-04-01T18:14:20.550+0000] {processor.py:914} INFO - Processing file /opt/airflow/dags/airflow_env/Scripts/pip3.12.exe for tasks to queue
[2025-04-01T18:14:20.553+0000] {logging_mixin.py:190} INFO - [2025-04-01T18:14:20.553+0000] {dagbag.py:588} INFO - Filling up the DagBag from /opt/airflow/dags/airflow_env/Scripts/pip3.12.exe
[2025-04-01T18:14:20.560+0000] {logging_mixin.py:190} INFO - [2025-04-01T18:14:20.560+0000] {dagbag.py:435} INFO - File /opt/airflow/dags/airflow_env/Scripts/pip3.12.exe:__main__.py assumed to contain no DAGs. Skipping.
[2025-04-01T18:14:20.562+0000] {processor.py:927} WARNING - No viable dags retrieved from /opt/airflow/dags/airflow_env/Scripts/pip3.12.exe
[2025-04-01T18:14:20.579+0000] {processor.py:208} INFO - Processing /opt/airflow/dags/airflow_env/Scripts/pip3.12.exe took 0.038 seconds
[2025-04-01T18:19:19.998+0000] {processor.py:186} INFO - Started process (PID=2614) to work on /opt/airflow/dags/airflow_env/Scripts/pip3.12.exe
[2025-04-01T18:19:20.000+0000] {processor.py:914} INFO - Processing file /opt/airflow/dags/airflow_env/Scripts/pip3.12.exe for tasks to queue
[2025-04-01T18:19:20.002+0000] {logging_mixin.py:190} INFO - [2025-04-01T18:19:20.002+0000] {dagbag.py:588} INFO - Filling up the DagBag from /opt/airflow/dags/airflow_env/Scripts/pip3.12.exe
[2025-04-01T18:19:20.010+0000] {logging_mixin.py:190} INFO - [2025-04-01T18:19:20.009+0000] {dagbag.py:435} INFO - File /opt/airflow/dags/airflow_env/Scripts/pip3.12.exe:__main__.py assumed to contain no DAGs. Skipping.
[2025-04-01T18:19:20.011+0000] {processor.py:927} WARNING - No viable dags retrieved from /opt/airflow/dags/airflow_env/Scripts/pip3.12.exe
[2025-04-01T18:19:20.030+0000] {processor.py:208} INFO - Processing /opt/airflow/dags/airflow_env/Scripts/pip3.12.exe took 0.038 seconds
[2025-04-01T18:19:51.015+0000] {processor.py:186} INFO - Started process (PID=2682) to work on /opt/airflow/dags/airflow_env/Scripts/pip3.12.exe
[2025-04-01T18:19:51.018+0000] {processor.py:914} INFO - Processing file /opt/airflow/dags/airflow_env/Scripts/pip3.12.exe for tasks to queue
[2025-04-01T18:19:51.022+0000] {logging_mixin.py:190} INFO - [2025-04-01T18:19:51.021+0000] {dagbag.py:588} INFO - Filling up the DagBag from /opt/airflow/dags/airflow_env/Scripts/pip3.12.exe
[2025-04-01T18:19:51.034+0000] {logging_mixin.py:190} INFO - [2025-04-01T18:19:51.033+0000] {dagbag.py:435} INFO - File /opt/airflow/dags/airflow_env/Scripts/pip3.12.exe:__main__.py assumed to contain no DAGs. Skipping.
[2025-04-01T18:19:51.036+0000] {processor.py:927} WARNING - No viable dags retrieved from /opt/airflow/dags/airflow_env/Scripts/pip3.12.exe
[2025-04-01T18:19:51.069+0000] {processor.py:208} INFO - Processing /opt/airflow/dags/airflow_env/Scripts/pip3.12.exe took 0.064 seconds
[2025-04-01T18:20:21.554+0000] {processor.py:186} INFO - Started process (PID=2750) to work on /opt/airflow/dags/airflow_env/Scripts/pip3.12.exe
[2025-04-01T18:20:21.556+0000] {processor.py:914} INFO - Processing file /opt/airflow/dags/airflow_env/Scripts/pip3.12.exe for tasks to queue
[2025-04-01T18:20:21.559+0000] {logging_mixin.py:190} INFO - [2025-04-01T18:20:21.559+0000] {dagbag.py:588} INFO - Filling up the DagBag from /opt/airflow/dags/airflow_env/Scripts/pip3.12.exe
[2025-04-01T18:20:21.571+0000] {logging_mixin.py:190} INFO - [2025-04-01T18:20:21.570+0000] {dagbag.py:435} INFO - File /opt/airflow/dags/airflow_env/Scripts/pip3.12.exe:__main__.py assumed to contain no DAGs. Skipping.
[2025-04-01T18:20:21.573+0000] {processor.py:927} WARNING - No viable dags retrieved from /opt/airflow/dags/airflow_env/Scripts/pip3.12.exe
[2025-04-01T18:20:21.602+0000] {processor.py:208} INFO - Processing /opt/airflow/dags/airflow_env/Scripts/pip3.12.exe took 0.055 seconds
[2025-04-01T18:20:52.076+0000] {processor.py:186} INFO - Started process (PID=2817) to work on /opt/airflow/dags/airflow_env/Scripts/pip3.12.exe
[2025-04-01T18:20:52.080+0000] {processor.py:914} INFO - Processing file /opt/airflow/dags/airflow_env/Scripts/pip3.12.exe for tasks to queue
[2025-04-01T18:20:52.086+0000] {logging_mixin.py:190} INFO - [2025-04-01T18:20:52.085+0000] {dagbag.py:588} INFO - Filling up the DagBag from /opt/airflow/dags/airflow_env/Scripts/pip3.12.exe
[2025-04-01T18:20:52.100+0000] {logging_mixin.py:190} INFO - [2025-04-01T18:20:52.100+0000] {dagbag.py:435} INFO - File /opt/airflow/dags/airflow_env/Scripts/pip3.12.exe:__main__.py assumed to contain no DAGs. Skipping.
[2025-04-01T18:20:52.102+0000] {processor.py:927} WARNING - No viable dags retrieved from /opt/airflow/dags/airflow_env/Scripts/pip3.12.exe
[2025-04-01T18:20:52.141+0000] {processor.py:208} INFO - Processing /opt/airflow/dags/airflow_env/Scripts/pip3.12.exe took 0.078 seconds
[2025-04-01T18:21:22.386+0000] {processor.py:186} INFO - Started process (PID=2885) to work on /opt/airflow/dags/airflow_env/Scripts/pip3.12.exe
[2025-04-01T18:21:22.389+0000] {processor.py:914} INFO - Processing file /opt/airflow/dags/airflow_env/Scripts/pip3.12.exe for tasks to queue
[2025-04-01T18:21:22.392+0000] {logging_mixin.py:190} INFO - [2025-04-01T18:21:22.391+0000] {dagbag.py:588} INFO - Filling up the DagBag from /opt/airflow/dags/airflow_env/Scripts/pip3.12.exe
[2025-04-01T18:21:22.403+0000] {logging_mixin.py:190} INFO - [2025-04-01T18:21:22.402+0000] {dagbag.py:435} INFO - File /opt/airflow/dags/airflow_env/Scripts/pip3.12.exe:__main__.py assumed to contain no DAGs. Skipping.
[2025-04-01T18:21:22.406+0000] {processor.py:927} WARNING - No viable dags retrieved from /opt/airflow/dags/airflow_env/Scripts/pip3.12.exe
[2025-04-01T18:21:22.434+0000] {processor.py:208} INFO - Processing /opt/airflow/dags/airflow_env/Scripts/pip3.12.exe took 0.057 seconds
[2025-04-01T18:21:52.665+0000] {processor.py:186} INFO - Started process (PID=2954) to work on /opt/airflow/dags/airflow_env/Scripts/pip3.12.exe
[2025-04-01T18:21:52.668+0000] {processor.py:914} INFO - Processing file /opt/airflow/dags/airflow_env/Scripts/pip3.12.exe for tasks to queue
[2025-04-01T18:21:52.672+0000] {logging_mixin.py:190} INFO - [2025-04-01T18:21:52.671+0000] {dagbag.py:588} INFO - Filling up the DagBag from /opt/airflow/dags/airflow_env/Scripts/pip3.12.exe
[2025-04-01T18:21:52.682+0000] {logging_mixin.py:190} INFO - [2025-04-01T18:21:52.682+0000] {dagbag.py:435} INFO - File /opt/airflow/dags/airflow_env/Scripts/pip3.12.exe:__main__.py assumed to contain no DAGs. Skipping.
[2025-04-01T18:21:52.684+0000] {processor.py:927} WARNING - No viable dags retrieved from /opt/airflow/dags/airflow_env/Scripts/pip3.12.exe
[2025-04-01T18:21:52.715+0000] {processor.py:208} INFO - Processing /opt/airflow/dags/airflow_env/Scripts/pip3.12.exe took 0.062 seconds
[2025-04-01T18:22:23.005+0000] {processor.py:186} INFO - Started process (PID=3022) to work on /opt/airflow/dags/airflow_env/Scripts/pip3.12.exe
[2025-04-01T18:22:23.007+0000] {processor.py:914} INFO - Processing file /opt/airflow/dags/airflow_env/Scripts/pip3.12.exe for tasks to queue
[2025-04-01T18:22:23.010+0000] {logging_mixin.py:190} INFO - [2025-04-01T18:22:23.009+0000] {dagbag.py:588} INFO - Filling up the DagBag from /opt/airflow/dags/airflow_env/Scripts/pip3.12.exe
[2025-04-01T18:22:23.020+0000] {logging_mixin.py:190} INFO - [2025-04-01T18:22:23.020+0000] {dagbag.py:435} INFO - File /opt/airflow/dags/airflow_env/Scripts/pip3.12.exe:__main__.py assumed to contain no DAGs. Skipping.
[2025-04-01T18:22:23.022+0000] {processor.py:927} WARNING - No viable dags retrieved from /opt/airflow/dags/airflow_env/Scripts/pip3.12.exe
[2025-04-01T18:22:23.050+0000] {processor.py:208} INFO - Processing /opt/airflow/dags/airflow_env/Scripts/pip3.12.exe took 0.051 seconds
[2025-04-01T18:22:53.359+0000] {processor.py:186} INFO - Started process (PID=3090) to work on /opt/airflow/dags/airflow_env/Scripts/pip3.12.exe
[2025-04-01T18:22:53.362+0000] {processor.py:914} INFO - Processing file /opt/airflow/dags/airflow_env/Scripts/pip3.12.exe for tasks to queue
[2025-04-01T18:22:53.367+0000] {logging_mixin.py:190} INFO - [2025-04-01T18:22:53.366+0000] {dagbag.py:588} INFO - Filling up the DagBag from /opt/airflow/dags/airflow_env/Scripts/pip3.12.exe
[2025-04-01T18:22:53.377+0000] {logging_mixin.py:190} INFO - [2025-04-01T18:22:53.376+0000] {dagbag.py:435} INFO - File /opt/airflow/dags/airflow_env/Scripts/pip3.12.exe:__main__.py assumed to contain no DAGs. Skipping.
[2025-04-01T18:22:53.379+0000] {processor.py:927} WARNING - No viable dags retrieved from /opt/airflow/dags/airflow_env/Scripts/pip3.12.exe
[2025-04-01T18:22:53.410+0000] {processor.py:208} INFO - Processing /opt/airflow/dags/airflow_env/Scripts/pip3.12.exe took 0.065 seconds
[2025-04-01T18:23:23.894+0000] {processor.py:186} INFO - Started process (PID=3158) to work on /opt/airflow/dags/airflow_env/Scripts/pip3.12.exe
[2025-04-01T18:23:23.896+0000] {processor.py:914} INFO - Processing file /opt/airflow/dags/airflow_env/Scripts/pip3.12.exe for tasks to queue
[2025-04-01T18:23:23.900+0000] {logging_mixin.py:190} INFO - [2025-04-01T18:23:23.899+0000] {dagbag.py:588} INFO - Filling up the DagBag from /opt/airflow/dags/airflow_env/Scripts/pip3.12.exe
[2025-04-01T18:23:23.911+0000] {logging_mixin.py:190} INFO - [2025-04-01T18:23:23.910+0000] {dagbag.py:435} INFO - File /opt/airflow/dags/airflow_env/Scripts/pip3.12.exe:__main__.py assumed to contain no DAGs. Skipping.
[2025-04-01T18:23:23.912+0000] {processor.py:927} WARNING - No viable dags retrieved from /opt/airflow/dags/airflow_env/Scripts/pip3.12.exe
[2025-04-01T18:23:23.952+0000] {processor.py:208} INFO - Processing /opt/airflow/dags/airflow_env/Scripts/pip3.12.exe took 0.079 seconds
[2025-04-01T18:23:54.064+0000] {processor.py:186} INFO - Started process (PID=3226) to work on /opt/airflow/dags/airflow_env/Scripts/pip3.12.exe
[2025-04-01T18:23:54.067+0000] {processor.py:914} INFO - Processing file /opt/airflow/dags/airflow_env/Scripts/pip3.12.exe for tasks to queue
[2025-04-01T18:23:54.070+0000] {logging_mixin.py:190} INFO - [2025-04-01T18:23:54.069+0000] {dagbag.py:588} INFO - Filling up the DagBag from /opt/airflow/dags/airflow_env/Scripts/pip3.12.exe
[2025-04-01T18:23:54.079+0000] {logging_mixin.py:190} INFO - [2025-04-01T18:23:54.079+0000] {dagbag.py:435} INFO - File /opt/airflow/dags/airflow_env/Scripts/pip3.12.exe:__main__.py assumed to contain no DAGs. Skipping.
[2025-04-01T18:23:54.082+0000] {processor.py:927} WARNING - No viable dags retrieved from /opt/airflow/dags/airflow_env/Scripts/pip3.12.exe
[2025-04-01T18:23:54.120+0000] {processor.py:208} INFO - Processing /opt/airflow/dags/airflow_env/Scripts/pip3.12.exe took 0.065 seconds
